
Gurobi 11.0.3 (mac64[x86]) logging started Fri Mar 28 18:54:44 2025

Set parameter LogFile to value "Results/SanityCheck/first_try.log"
Set parameter TimeLimit to value 12600
Gurobi Optimizer version 11.0.3 build v11.0.3rc0 (mac64[x86] - Darwin 23.4.0 23E214)

CPU model: Intel(R) Core(TM) i7-1060NG7 CPU @ 1.20GHz
Thread count: 4 physical cores, 8 logical processors, using up to 8 threads

Optimize a model with 1522944 rows, 1789536 columns and 6286704 nonzeros
Model fingerprint: 0x48e49c44
Coefficient statistics:
  Matrix range     [1e+00, 4e+00]
  Objective range  [6e-05, 5e+00]
  Bounds range     [0e+00, 0e+00]
  RHS range        [4e+00, 1e+03]
Presolve removed 1313605 rows and 1403397 columns (presolve time = 5s) ...
Presolve removed 1313605 rows and 1403397 columns
Presolve time: 5.17s
Presolved: 209339 rows, 386139 columns, 1249934 nonzeros

Concurrent LP optimizer: dual simplex and barrier
Showing barrier log only...

Ordering time: 0.12s

Barrier statistics:
 AA' NZ     : 4.759e+04
 Factor NZ  : 4.821e+05 (roughly 15 MB of memory)
 Factor Ops : 8.535e+07 (less than 1 second per iteration)
 Threads    : 3

                  Objective                Residual
Iter       Primal          Dual         Primal    Dual     Compl     Time
   0   1.05150746e+05  5.50544870e+06  4.56e+03 5.14e+00  6.94e+03     6s
   1  -8.26258471e+05  3.35102507e+06  1.28e+03 2.34e+00  1.57e+03     6s
   2  -7.71789597e+05  1.12333113e+06  2.90e+02 1.94e-01  3.40e+02     6s
   3  -1.57928908e+05  1.95638558e+05  4.10e+01 1.23e-02  4.85e+01     6s
   4  -3.26420260e+04  5.05691717e+04  6.47e+00 6.38e-04  9.25e+00     6s
   5  -3.76052442e+03  7.17609465e+03  4.91e-01 1.07e-13  9.55e-01     6s
   6  -6.55771793e+02  2.06949461e+03  7.03e-02 9.59e-14  2.14e-01     6s
   7  -1.58271175e+02  1.00199146e+03  2.99e-02 5.73e-14  9.08e-02     6s
   8   5.69678453e+01  6.61262717e+02  1.57e-02 5.80e-14  4.74e-02     6s
   9   2.07842121e+02  5.25828426e+02  6.51e-03 8.66e-14  2.43e-02     6s
  10   2.66668002e+02  4.37332217e+02  3.36e-03 7.89e-14  1.30e-02     6s
  11   3.25697973e+02  3.79264280e+02  6.43e-04 5.82e-14  3.92e-03     6s
  12   3.43576160e+02  3.60533329e+02  1.11e-04 9.08e-14  1.21e-03     6s
  13   3.47608113e+02  3.56047346e+02  4.02e-05 1.03e-13  5.95e-04     6s
  14   3.50074983e+02  3.52919271e+02  7.89e-06 9.02e-14  1.98e-04     6s
  15   3.50761201e+02  3.51133360e+02  2.14e-07 1.18e-13  2.55e-05     6s
  16   3.50813910e+02  3.50847163e+02  9.57e-09 4.18e-13  2.28e-06     6s
  17   3.50825810e+02  3.50827171e+02  4.26e-10 4.16e-13  9.37e-08     6s

Barrier performed 17 iterations in 5.97 seconds (3.88 work units)
Barrier solve interrupted - model solved by another algorithm


Solved with dual simplex
Extra simplex iterations after uncrush: 62
Iteration    Objective       Primal Inf.    Dual Inf.      Time
   12245    3.5082657e+02   0.000000e+00   0.000000e+00      6s

Use crossover to convert LP symmetric solution to basic solution...
Crossover log...

       0 DPushes remaining with DInf 0.0000000e+00                 7s

       0 PPushes remaining with PInf 0.0000000e+00                 7s

  Push phase complete: Pinf 0.0000000e+00, Dinf 4.6567195e-12      7s

Iteration    Objective       Primal Inf.    Dual Inf.      Time
   58461    3.5082657e+02   0.000000e+00   6.505687e+04     10s
   68944    3.5099959e+02   0.000000e+00   4.490300e+04     17s
   74749    3.5107384e+02   0.000000e+00   4.928973e+04     26s
   82316    3.5111426e+02   0.000000e+00   3.237942e+04     31s
   89768    3.5113168e+02   0.000000e+00   1.883244e+04     36s
   97212    3.5114069e+02   0.000000e+00   2.730340e+03     41s
  101718    3.5114310e+02   0.000000e+00   4.374865e+03     45s
  108654    3.5114509e+02   0.000000e+00   3.213243e+04     51s
  114069    3.5114581e+02   0.000000e+00   1.810487e+02     56s
  118353    3.5114599e+02   0.000000e+00   1.749261e+01     60s
Extra simplex iterations after uncrush: 102219
  119617    3.5082657e+02   0.000000e+00   0.000000e+00     65s

Solved in 119617 iterations and 64.54 seconds (40.47 work units)
Optimal objective  3.508265712e+02

Gurobi 11.0.3 (mac64[x86]) logging started Fri Mar 28 19:11:21 2025

Set parameter LogFile to value "Results/SanityCheck/first_try.log"
Set parameter TimeLimit to value 12600
Gurobi Optimizer version 11.0.3 build v11.0.3rc0 (mac64[x86] - Darwin 23.4.0 23E214)

CPU model: Intel(R) Core(TM) i7-1060NG7 CPU @ 1.20GHz
Thread count: 4 physical cores, 8 logical processors, using up to 8 threads

Optimize a model with 1522944 rows, 1789536 columns and 6286704 nonzeros
Model fingerprint: 0x27181d2c
Coefficient statistics:
  Matrix range     [1e+00, 4e+00]
  Objective range  [6e-05, 5e+00]
  Bounds range     [0e+00, 0e+00]
  RHS range        [5e+00, 1e+03]
Presolve removed 1312881 rows and 1401765 columns (presolve time = 5s) ...
Presolve removed 1312881 rows and 1401765 columns
Presolve time: 5.19s
Presolved: 210063 rows, 387771 columns, 1253734 nonzeros

Concurrent LP optimizer: dual simplex and barrier
Showing barrier log only...

Ordering time: 0.27s

Barrier statistics:
 AA' NZ     : 1.036e+05
 Factor NZ  : 1.222e+06 (roughly 30 MB of memory)
 Factor Ops : 3.729e+08 (less than 1 second per iteration)
 Threads    : 3

                  Objective                Residual
Iter       Primal          Dual         Primal    Dual     Compl     Time
   0   3.11065176e+04  6.31766924e+06  3.51e+03 2.51e+00  4.36e+03     6s
   1  -1.02701776e+06  4.19112585e+06  7.88e+02 1.40e+00  8.38e+02     6s
   2  -7.31104361e+05  1.26919216e+06  2.20e+02 8.01e-02  1.90e+02     6s
   3  -1.21814282e+05  2.12768925e+05  2.49e+01 3.28e-03  2.35e+01     6s
   4  -3.86313909e+04  1.12657037e+05  7.27e+00 1.32e-03  8.64e+00     6s
   5  -4.14374745e+03  1.47584343e+04  2.66e-01 1.08e-04  7.77e-01     6s
   6  -1.93983747e+02  1.40350453e+03  1.04e-02 5.51e-14  6.06e-02     6s
   7   2.26419089e+02  7.28201863e+02  2.41e-03 4.46e-14  1.88e-02     6s
   8   3.54845460e+02  5.79141745e+02  4.94e-04 5.40e-14  8.18e-03     6s
   9   3.82956761e+02  4.96559432e+02  2.28e-04 7.86e-14  4.15e-03     6s
  10   4.05947512e+02  4.59064639e+02  7.19e-05 7.53e-14  1.93e-03     6s
  11   4.16550627e+02  4.44054430e+02  2.77e-05 9.04e-14  9.96e-04     6s
  12   4.23029019e+02  4.34990444e+02  7.08e-06 1.14e-13  4.31e-04     6s
  13   4.26056875e+02  4.26898757e+02  1.37e-07 1.37e-13  3.01e-05     6s

Barrier performed 13 iterations in 6.46 seconds (4.16 work units)
Barrier solve interrupted - model solved by another algorithm


Solved with dual simplex
Extra simplex iterations after uncrush: 492
Iteration    Objective       Primal Inf.    Dual Inf.      Time
   22295    4.2625000e+02   0.000000e+00   0.000000e+00      7s

Use crossover to convert LP symmetric solution to basic solution...
Crossover log...

       0 DPushes remaining with DInf 0.0000000e+00                 7s

       2 PPushes remaining with PInf 0.0000000e+00                 7s
       0 PPushes remaining with PInf 0.0000000e+00                 7s

  Push phase complete: Pinf 0.0000000e+00, Dinf 6.1236571e-12      7s

Iteration    Objective       Primal Inf.    Dual Inf.      Time
   69864    4.2625000e+02   0.000000e+00   1.916372e+05     11s
   86617    4.2644537e+02   0.000000e+00   8.527620e+05     15s
   89373    4.2648862e+02   0.000000e+00   5.075655e+05     21s
   89979    4.2649821e+02   0.000000e+00   6.110463e+05     26s
   91191    4.2651552e+02   0.000000e+00   5.752108e+05     30s
   92909    4.2653380e+02   0.000000e+00   1.298725e+06     36s
   94242    4.2654889e+02   0.000000e+00   3.468727e+05     41s
   95454    4.2656007e+02   0.000000e+00   5.116343e+05     52s
   96689    4.2657173e+02   0.000000e+00   5.312629e+05     57s
   97901    4.2658186e+02   0.000000e+00   5.056441e+05     62s
   99113    4.2659044e+02   0.000000e+00   9.939673e+05     67s
  100359    4.2659853e+02   0.000000e+00   5.601862e+05     72s
  101682    4.2660748e+02   0.000000e+00   9.911710e+05     77s
  103517    4.2662013e+02   0.000000e+00   7.849071e+05     82s
  104729    4.2662744e+02   0.000000e+00   5.617706e+05     87s
  106526    4.2663746e+02   0.000000e+00   7.579127e+05     93s
  107308    4.2664238e+02   0.000000e+00   4.844528e+05     95s
  108564    4.2664981e+02   0.000000e+00   3.773628e+05    101s
  109776    4.2665579e+02   0.000000e+00   5.456113e+05    106s
  110988    4.2666109e+02   0.000000e+00   3.858853e+05    111s
  112200    4.2666533e+02   0.000000e+00   6.527066e+05    115s
  113412    4.2666913e+02   0.000000e+00   6.163673e+05    123s
  114018    4.2667139e+02   0.000000e+00   7.651211e+05    125s
  115230    4.2667666e+02   0.000000e+00   5.407796e+05    132s
  115836    4.2667852e+02   0.000000e+00   5.803029e+05    135s
  117048    4.2668255e+02   0.000000e+00   7.149514e+05    141s
  118260    4.2668681e+02   0.000000e+00   2.428492e+05    148s
  118866    4.2668860e+02   0.000000e+00   3.160495e+05    151s
  120078    4.2669169e+02   0.000000e+00   6.353086e+05    157s
  121290    4.2669528e+02   0.000000e+00   1.020071e+06    164s
  121896    4.2669717e+02   0.000000e+00   7.776128e+05    167s
  123108    4.2669998e+02   0.000000e+00   7.226200e+05    173s
  123714    4.2670134e+02   0.000000e+00   5.092734e+05    176s
  124926    4.2670383e+02   0.000000e+00   1.578318e+06    182s
  125532    4.2670516e+02   0.000000e+00   1.750413e+05    186s
  126744    4.2670781e+02   0.000000e+00   3.867860e+05    192s
  127350    4.2670876e+02   0.000000e+00   2.696057e+06    195s
  128562    4.2671097e+02   0.000000e+00   1.516972e+05    201s
  129774    4.2671321e+02   0.000000e+00   5.206483e+05    207s
  130986    4.2671528e+02   0.000000e+00   3.412911e+05    213s
  131592    4.2671651e+02   0.000000e+00   8.467130e+05    217s
  132198    4.2671772e+02   0.000000e+00   2.410061e+05    220s
  133410    4.2672047e+02   0.000000e+00   5.739064e+05    227s
  134622    4.2672282e+02   0.000000e+00   2.944744e+05    233s
  135228    4.2672402e+02   0.000000e+00   5.752238e+05    237s
  135834    4.2672494e+02   0.000000e+00   2.346164e+05    241s
  136440    4.2672614e+02   0.000000e+00   2.287075e+05    246s
  137046    4.2672724e+02   0.000000e+00   2.810793e+05    251s
  137652    4.2672807e+02   0.000000e+00   3.012024e+05    255s
  138864    4.2673041e+02   0.000000e+00   3.272187e+05    264s
  139470    4.2673163e+02   0.000000e+00   8.915306e+05    269s
  140076    4.2673301e+02   0.000000e+00   1.254657e+05    274s
  140682    4.2673425e+02   0.000000e+00   1.476896e+05    279s
  141288    4.2673525e+02   0.000000e+00   8.898531e+05    283s
  141894    4.2673604e+02   0.000000e+00   7.597847e+05    288s
  142500    4.2673673e+02   0.000000e+00   2.461468e+05    292s
  143106    4.2673756e+02   0.000000e+00   2.165637e+05    297s
  143712    4.2673837e+02   0.000000e+00   1.895584e+05    302s
  144318    4.2673897e+02   0.000000e+00   4.113739e+05    312s
  144924    4.2673952e+02   0.000000e+00   1.266932e+05    317s
  145530    4.2674000e+02   0.000000e+00   2.602812e+05    323s
  146136    4.2674029e+02   0.000000e+00   4.746620e+05    328s
  146742    4.2674081e+02   0.000000e+00   3.942566e+05    333s
  147348    4.2674134e+02   0.000000e+00   1.698056e+05    337s
  147954    4.2674199e+02   0.000000e+00   1.666517e+05    342s
  148560    4.2674259e+02   0.000000e+00   2.057969e+05    346s
  149166    4.2674322e+02   0.000000e+00   1.843732e+05    351s
  150378    4.2674402e+02   0.000000e+00   1.391533e+05    359s
  150984    4.2674440e+02   0.000000e+00   1.305709e+05    363s
  151590    4.2674495e+02   0.000000e+00   1.042921e+05    368s
  152196    4.2674543e+02   0.000000e+00   2.211794e+05    373s
  152802    4.2674628e+02   0.000000e+00   2.001048e+05    377s
  153408    4.2674692e+02   0.000000e+00   7.725732e+05    382s
  154014    4.2674767e+02   0.000000e+00   4.327701e+06    394s
  154620    4.2674832e+02   0.000000e+00   1.534442e+05    399s
  155226    4.2674875e+02   0.000000e+00   6.110744e+04    405s
  155832    4.2674921e+02   0.000000e+00   1.251310e+05    410s
  157044    4.2675051e+02   0.000000e+00   2.451221e+05    419s
  157650    4.2675114e+02   0.000000e+00   7.028101e+05    424s
  158256    4.2675159e+02   0.000000e+00   3.253530e+05    428s
  158862    4.2675214e+02   0.000000e+00   2.898542e+05    433s
  159468    4.2675306e+02   0.000000e+00   4.343018e+05    437s
  160074    4.2675358e+02   0.000000e+00   5.151391e+06    441s
  160680    4.2675404e+02   0.000000e+00   6.222386e+04    446s
  161286    4.2675447e+02   0.000000e+00   1.844601e+05    451s
  161892    4.2675494e+02   0.000000e+00   2.283400e+05    455s
  163104    4.2675592e+02   0.000000e+00   1.198501e+05    465s
  163710    4.2675636e+02   0.000000e+00   2.175664e+05    470s
  164316    4.2675681e+02   0.000000e+00   1.019959e+05    475s
  164922    4.2675734e+02   0.000000e+00   1.468778e+05    480s
  165528    4.2675765e+02   0.000000e+00   3.214391e+05    485s
  166134    4.2675817e+02   0.000000e+00   9.631548e+04    490s
  166740    4.2675859e+02   0.000000e+00   9.664082e+04    495s
  167346    4.2675908e+02   0.000000e+00   1.003925e+05    501s
  167952    4.2675957e+02   0.000000e+00   5.191204e+04    505s
  169164    4.2676054e+02   0.000000e+00   1.604825e+05    522s
  169770    4.2676093e+02   0.000000e+00   1.470736e+05    529s
  170376    4.2676138e+02   0.000000e+00   6.988480e+04    538s
  170982    4.2676175e+02   0.000000e+00   7.261663e+04    543s
  171588    4.2676215e+02   0.000000e+00   6.893522e+04    548s
  172194    4.2676257e+02   0.000000e+00   3.548265e+04    552s
  172800    4.2676293e+02   0.000000e+00   1.076699e+05    557s
  173406    4.2676334e+02   0.000000e+00   1.064789e+05    561s
  174012    4.2676371e+02   0.000000e+00   8.203889e+04    566s
  174618    4.2676417e+02   0.000000e+00   8.166807e+04    571s
  175224    4.2676477e+02   0.000000e+00   2.655637e+05    576s
  175830    4.2676506e+02   0.000000e+00   8.075192e+04    583s
  176436    4.2676542e+02   0.000000e+00   1.620806e+05    589s
  177042    4.2676580e+02   0.000000e+00   9.127450e+04    593s
  177648    4.2676615e+02   0.000000e+00   7.799633e+04    598s
  178254    4.2676646e+02   0.000000e+00   1.098181e+05    603s
  178860    4.2676675e+02   0.000000e+00   9.048961e+04    608s
  179466    4.2676701e+02   0.000000e+00   7.268025e+05    613s
  180072    4.2676751e+02   0.000000e+00   1.851283e+05    618s
  180678    4.2676785e+02   0.000000e+00   1.472144e+05    623s
  181284    4.2676820e+02   0.000000e+00   6.485434e+04    629s
  181890    4.2676853e+02   0.000000e+00   7.627967e+04    635s
  183102    4.2676913e+02   0.000000e+00   1.232627e+05    646s
  183708    4.2676939e+02   0.000000e+00   5.990961e+04    653s
  184314    4.2676980e+02   0.000000e+00   3.956912e+05    659s
  184920    4.2677020e+02   0.000000e+00   1.319038e+05    665s
  185526    4.2677056e+02   0.000000e+00   3.947369e+04    671s
  186132    4.2677097e+02   0.000000e+00   5.350202e+04    677s
  186738    4.2677132e+02   0.000000e+00   1.075974e+05    685s
  187344    4.2677150e+02   0.000000e+00   9.742607e+04    691s
  187950    4.2677176e+02   0.000000e+00   3.219749e+04    697s
  188556    4.2677206e+02   0.000000e+00   9.393266e+04    701s
  189162    4.2677242e+02   0.000000e+00   3.512049e+05    706s
  189768    4.2677269e+02   0.000000e+00   6.650060e+04    711s
  190374    4.2677294e+02   0.000000e+00   5.042161e+04    716s
  190980    4.2677321e+02   0.000000e+00   1.657835e+05    721s
  191586    4.2677345e+02   0.000000e+00   8.987142e+04    726s
  192192    4.2677367e+02   0.000000e+00   3.952856e+04    731s
  192798    4.2677390e+02   0.000000e+00   3.967413e+04    736s
  193404    4.2677416e+02   0.000000e+00   3.073035e+04    741s
  194010    4.2677437e+02   0.000000e+00   2.598952e+04    746s
  194616    4.2677467e+02   0.000000e+00   3.230790e+04    751s
  195222    4.2677488e+02   0.000000e+00   3.781935e+04    756s
  195828    4.2677505e+02   0.000000e+00   1.551362e+05    761s
  196434    4.2677526e+02   0.000000e+00   4.272133e+04    765s
  197040    4.2677550e+02   0.000000e+00   5.264608e+04    771s
  197646    4.2677572e+02   0.000000e+00   9.265458e+04    776s
  198252    4.2677596e+02   0.000000e+00   7.050632e+04    781s
  198858    4.2677622e+02   0.000000e+00   7.774261e+04    786s
  199464    4.2677646e+02   0.000000e+00   8.519036e+04    791s
  200070    4.2677664e+02   0.000000e+00   6.954212e+04    796s
  200676    4.2677688e+02   0.000000e+00   4.917932e+04    801s
  201282    4.2677718e+02   0.000000e+00   7.725579e+04    806s
  201888    4.2677744e+02   0.000000e+00   4.655751e+04    811s
  202494    4.2677760e+02   0.000000e+00   3.260326e+04    817s
  203100    4.2677778e+02   0.000000e+00   1.351019e+05    822s
  203706    4.2677802e+02   0.000000e+00   2.677796e+05    827s
  204312    4.2677825e+02   0.000000e+00   4.782216e+04    835s
  204918    4.2677846e+02   0.000000e+00   3.556895e+04    841s
  205524    4.2677865e+02   0.000000e+00   5.353517e+04    846s
  206130    4.2677882e+02   0.000000e+00   2.294827e+04    852s
  206736    4.2677899e+02   0.000000e+00   8.159543e+04    858s
  207342    4.2677917e+02   0.000000e+00   2.423142e+05    869s
  207948    4.2677932e+02   0.000000e+00   2.970990e+04    875s
  208554    4.2677945e+02   0.000000e+00   6.221822e+04    880s
  209160    4.2677958e+02   0.000000e+00   3.914035e+04    886s
  209766    4.2677979e+02   0.000000e+00   2.571421e+04    891s
  210372    4.2678002e+02   0.000000e+00   2.700252e+04    897s
  210978    4.2678028e+02   0.000000e+00   4.519142e+04    902s
  211584    4.2678049e+02   0.000000e+00   5.309332e+04    907s
  212190    4.2678066e+02   0.000000e+00   2.270125e+04    913s
  212796    4.2678081e+02   0.000000e+00   3.456620e+04    918s
  213402    4.2678096e+02   0.000000e+00   1.412044e+04    924s
  214008    4.2678116e+02   0.000000e+00   1.535319e+04    929s
  214614    4.2678129e+02   0.000000e+00   2.484436e+04    934s
  215220    4.2678142e+02   0.000000e+00   1.143749e+05    939s
  215826    4.2678157e+02   0.000000e+00   1.534902e+04    944s
  216432    4.2678176e+02   0.000000e+00   2.334705e+05    949s
  217038    4.2678194e+02   0.000000e+00   8.713623e+04    953s
  217644    4.2678209e+02   0.000000e+00   2.100939e+04    958s
  218250    4.2678233e+02   0.000000e+00   2.247850e+04    963s
  218856    4.2678250e+02   0.000000e+00   5.349671e+04    967s
  219462    4.2678269e+02   0.000000e+00   5.027998e+04    972s
  220068    4.2678285e+02   0.000000e+00   1.990477e+04    977s
  220674    4.2678298e+02   0.000000e+00   1.016370e+05    981s
  221280    4.2678312e+02   0.000000e+00   1.747025e+04    987s
  221886    4.2678326e+02   0.000000e+00   1.592865e+04    992s
  222492    4.2678345e+02   0.000000e+00   5.690935e+04    997s
  223098    4.2678362e+02   0.000000e+00   1.490684e+04   1001s
  223704    4.2678375e+02   0.000000e+00   6.347760e+04   1006s
  224310    4.2678388e+02   0.000000e+00   4.998763e+04   1010s
  224916    4.2678397e+02   0.000000e+00   5.204760e+04   1015s
  225522    4.2678410e+02   0.000000e+00   8.542256e+03   1023s
  226128    4.2678420e+02   0.000000e+00   1.657367e+04   1031s
  226734    4.2678433e+02   0.000000e+00   2.391053e+04   1037s
  227340    4.2678445e+02   0.000000e+00   1.045271e+04   1045s
  227946    4.2678457e+02   0.000000e+00   3.299164e+04   1053s
  228552    4.2678468e+02   0.000000e+00   8.454045e+04   1059s
  229158    4.2678483e+02   0.000000e+00   3.178766e+04   1064s
  229764    4.2678492e+02   0.000000e+00   1.471131e+06   1070s
Extra simplex iterations after uncrush: 193221

Stopped in 230017 iterations and 1072.17 seconds (556.67 work units)
Solve interrupted
