
Gurobi 11.0.3 (mac64[x86]) logging started Mon Mar 31 09:32:58 2025

Set parameter LogFile to value "Results/SanityCheck/first_try_v4_aasta.log"
Set parameter TimeLimit to value 12600
Gurobi Optimizer version 11.0.3 build v11.0.3rc0 (mac64[x86] - Darwin 23.4.0 23E214)

CPU model: Intel(R) Core(TM) i7-1060NG7 CPU @ 1.20GHz
Thread count: 4 physical cores, 8 logical processors, using up to 8 threads

Optimize a model with 1522944 rows, 1789536 columns and 6286704 nonzeros
Model fingerprint: 0xe26bb393
Coefficient statistics:
  Matrix range     [1e+00, 4e+00]
  Objective range  [6e-05, 5e+00]
  Bounds range     [0e+00, 0e+00]
  RHS range        [4e+00, 1e+03]
Presolve removed 1312849 rows and 1401701 columns
Presolve time: 4.88s
Presolved: 210095 rows, 387835 columns, 1253862 nonzeros

Concurrent LP optimizer: dual simplex and barrier
Showing barrier log only...

Ordering time: 0.27s

Barrier statistics:
 AA' NZ     : 1.043e+05
 Factor NZ  : 1.170e+06 (roughly 30 MB of memory)
 Factor Ops : 3.455e+08 (less than 1 second per iteration)
 Threads    : 3

                  Objective                Residual
Iter       Primal          Dual         Primal    Dual     Compl     Time
   0  -1.06831049e+04  6.31969082e+06  3.51e+03 2.52e+00  4.37e+03     6s
   1  -1.06602692e+06  4.18523968e+06  7.89e+02 1.41e+00  8.39e+02     6s
   2  -7.40998966e+05  1.14085171e+06  2.08e+02 1.07e-01  1.82e+02     6s
   3  -1.38229626e+05  2.00354236e+05  2.45e+01 4.76e-03  2.37e+01     6s
   4  -4.44975242e+04  1.07164552e+05  7.35e+00 2.13e-03  8.80e+00     6s
   5  -6.56395861e+03  1.49335245e+04  4.85e-01 1.93e-04  9.75e-01     6s
   6  -1.62504742e+02  1.95543667e+03  7.52e-03 5.28e-14  7.83e-02     6s
   7   2.59982902e+02  8.40208900e+02  5.61e-04 7.21e-14  2.08e-02     6s
   8   3.24043576e+02  4.86505204e+02  1.73e-04 7.75e-14  5.84e-03     6s
   9   3.44252602e+02  4.37231389e+02  8.21e-05 9.99e-14  3.35e-03     6s
  10   3.51855434e+02  4.01732635e+02  5.34e-05 1.20e-13  1.81e-03     6s
  11   3.57250974e+02  3.86882977e+02  3.50e-05 1.65e-13  1.08e-03     6s
  12   3.63685251e+02  3.77699057e+02  1.58e-05 1.71e-13  5.13e-04     6s
  13   3.67010051e+02  3.74173355e+02  7.49e-06 1.69e-13  2.63e-04     6s
  14   3.69133690e+02  3.71623231e+02  2.64e-06 3.00e-13  9.18e-05     6s
  15   3.70195090e+02  3.70665251e+02  4.65e-07 2.14e-13  1.74e-05     6s
  16   3.70372294e+02  3.70613980e+02  1.52e-07 2.86e-13  8.80e-06     6s

Barrier performed 16 iterations in 6.34 seconds (4.27 work units)
Barrier solve interrupted - model solved by another algorithm


Solved with dual simplex
Extra simplex iterations after uncrush: 233
Iteration    Objective       Primal Inf.    Dual Inf.      Time
   24200    3.7046850e+02   0.000000e+00   0.000000e+00      6s

Use crossover to convert LP symmetric solution to basic solution...
Crossover log...

    9134 DPushes remaining with DInf 0.0000000e+00                 7s
       0 DPushes remaining with DInf 0.0000000e+00                 7s

       4 PPushes remaining with PInf 0.0000000e+00                 7s
       0 PPushes remaining with PInf 0.0000000e+00                 7s

  Push phase complete: Pinf 0.0000000e+00, Dinf 5.2255977e-12      7s

Iteration    Objective       Primal Inf.    Dual Inf.      Time
   69333    3.7046850e+02   0.000000e+00   2.156421e+05     10s
   85964    3.7083601e+02   0.000000e+00   9.062919e+05     16s
   89411    3.7087798e+02   0.000000e+00   1.358765e+06     20s
   93578    3.7091110e+02   0.000000e+00   1.106044e+06     26s
   96479    3.7092836e+02   0.000000e+00   5.618042e+05     32s
   97917    3.7093720e+02   0.000000e+00   2.882929e+05     36s
   99801    3.7094505e+02   0.000000e+00   4.712655e+05     40s
  101013    3.7095204e+02   0.000000e+00   3.432384e+05     45s
  103800    3.7096246e+02   0.000000e+00   3.113813e+05     52s
  105144    3.7096744e+02   0.000000e+00   2.944128e+05     56s
  107411    3.7097411e+02   0.000000e+00   3.165882e+05     61s
  108665    3.7097788e+02   0.000000e+00   2.917115e+05     66s
  110560    3.7098266e+02   0.000000e+00   4.461301e+05     71s
  112868    3.7098898e+02   0.000000e+00   1.183097e+06     77s
  114358    3.7099233e+02   0.000000e+00   8.957537e+05     82s
  115570    3.7099534e+02   0.000000e+00   3.137758e+05     87s
  116782    3.7099780e+02   0.000000e+00   8.178617e+05     91s
  119385    3.7100219e+02   0.000000e+00   1.431630e+06     96s
  121344    3.7100696e+02   0.000000e+00   8.008186e+05    102s
  122834    3.7101002e+02   0.000000e+00   1.971626e+05    106s
  125631    3.7101466e+02   0.000000e+00   3.311878e+05    112s
  126864    3.7101610e+02   0.000000e+00   1.572274e+05    115s
  129475    3.7102035e+02   0.000000e+00   8.210403e+04    121s
  131772    3.7102355e+02   0.000000e+00   7.037674e+04    125s
  134303    3.7102659e+02   0.000000e+00   6.033984e+04    131s
  136762    3.7102919e+02   0.000000e+00   2.175455e+05    135s
  138679    3.7103072e+02   0.000000e+00   8.340252e+04    140s
  140570    3.7103237e+02   0.000000e+00   7.592932e+04    146s
  142475    3.7103364e+02   0.000000e+00   3.501882e+04    151s
  144542    3.7103478e+02   0.000000e+00   2.543909e+04    156s
  146596    3.7103589e+02   0.000000e+00   3.176628e+04    161s
  147808    3.7103642e+02   0.000000e+00   3.058952e+04    165s
  149901    3.7103757e+02   0.000000e+00   2.012646e+04    171s
  151250    3.7103839e+02   0.000000e+00   2.570224e+04    175s
  153068    3.7103922e+02   0.000000e+00   3.622204e+05    182s
  154337    3.7103987e+02   0.000000e+00   2.516689e+04    186s
  156483    3.7104088e+02   0.000000e+00   2.042507e+04    192s
  157938    3.7104149e+02   0.000000e+00   4.859401e+04    196s
  159903    3.7104221e+02   0.000000e+00   1.422123e+04    201s
  161847    3.7104281e+02   0.000000e+00   2.041632e+04    207s
  163059    3.7104319e+02   0.000000e+00   4.260210e+04    211s
  164350    3.7104368e+02   0.000000e+00   2.193982e+04    215s
  166206    3.7104425e+02   0.000000e+00   2.017380e+04    220s
  168422    3.7104495e+02   0.000000e+00   1.014011e+04    225s
  171033    3.7104561e+02   0.000000e+00   8.411437e+03    231s
  173441    3.7104624e+02   0.000000e+00   2.192924e+04    236s
  175958    3.7104687e+02   0.000000e+00   6.889467e+03    241s
  177357    3.7104717e+02   0.000000e+00   2.188110e+04    245s
  179398    3.7104758e+02   0.000000e+00   7.801704e+03    251s
  180786    3.7104784e+02   0.000000e+00   2.644667e+04    255s
  182894    3.7104823e+02   0.000000e+00   2.986013e+04    261s
  185383    3.7104865e+02   0.000000e+00   3.706996e+04    266s
  187090    3.7104891e+02   0.000000e+00   9.153346e+03    270s
  188712    3.7104913e+02   0.000000e+00   1.391727e+04    278s
  189564    3.7104928e+02   0.000000e+00   3.022497e+03    281s
  192355    3.7104961e+02   0.000000e+00   4.209187e+03    286s
  194918    3.7104984e+02   0.000000e+00   2.742419e+03    291s
  197972    3.7105008e+02   0.000000e+00   6.230452e+04    296s
  200722    3.7105029e+02   0.000000e+00   1.614614e+03    301s
  203006    3.7105045e+02   0.000000e+00   1.724489e+03    305s
  204902    3.7105056e+02   0.000000e+00   5.179678e+03    310s
  206792    3.7105065e+02   0.000000e+00   3.984693e+02    315s
  208883    3.7105073e+02   0.000000e+00   4.834444e+02    320s
  210833    3.7105080e+02   0.000000e+00   4.292602e+02    326s
  212174    3.7105083e+02   0.000000e+00   8.640886e+01    331s
  213858    3.7105087e+02   0.000000e+00   6.357887e+01    337s
  215322    3.7105088e+02   0.000000e+00   2.201417e+00    342s
  215498    3.7046850e+02   0.000000e+00   0.000000e+00    347s
Extra simplex iterations after uncrush: 186496

Solved in 215498 iterations and 347.44 seconds (241.51 work units)
Optimal objective  3.704685000e+02
