
Gurobi 11.0.3 (mac64[x86]) logging started Mon Mar 31 10:20:47 2025

Set parameter LogFile to value "Results/SanityCheck/first_try_v5_with_hydrogen.log"

Gurobi 11.0.3 (mac64[x86]) logging started Mon Mar 31 10:22:46 2025

Set parameter LogFile to value "Results/SanityCheck/first_try_v5_with_hydrogen.log"

Gurobi 11.0.3 (mac64[x86]) logging started Mon Mar 31 10:24:10 2025

Set parameter LogFile to value "Results/SanityCheck/first_try_v5_with_hydrogen.log"

Gurobi 11.0.3 (mac64[x86]) logging started Mon Mar 31 10:25:22 2025

Set parameter LogFile to value "Results/SanityCheck/first_try_v5_with_hydrogen.log"

Gurobi 11.0.3 (mac64[x86]) logging started Mon Mar 31 10:44:48 2025

Set parameter LogFile to value "Results/SanityCheck/first_try_v5_with_hydrogen.log"

Gurobi 11.0.3 (mac64[x86]) logging started Mon Mar 31 10:46:24 2025

Set parameter LogFile to value "Results/SanityCheck/first_try_v5_with_hydrogen.log"

Gurobi 11.0.3 (mac64[x86]) logging started Mon Mar 31 10:49:01 2025

Set parameter LogFile to value "Results/SanityCheck/first_try_v5_with_hydrogen.log"

Gurobi 11.0.3 (mac64[x86]) logging started Mon Mar 31 10:52:04 2025

Set parameter LogFile to value "Results/SanityCheck/first_try_v5_with_hydrogen.log"
Set parameter TimeLimit to value 12600
Gurobi Optimizer version 11.0.3 build v11.0.3rc0 (mac64[x86] - Darwin 23.4.0 23E214)

CPU model: Intel(R) Core(TM) i7-1060NG7 CPU @ 1.20GHz
Thread count: 4 physical cores, 8 logical processors, using up to 8 threads

Optimize a model with 2874496 rows, 3273824 columns and 11860592 nonzeros
Model fingerprint: 0x75cd23a1
Coefficient statistics:
  Matrix range     [1e+00, 4e+00]
  Objective range  [3e-05, 5e+00]
  Bounds range     [0e+00, 0e+00]
  RHS range        [4e+00, 1e+03]
Presolve removed 1979984 rows and 1754880 columns (presolve time = 6s) ...
Presolve removed 2281954 rows and 2186370 columns (presolve time = 10s) ...
Presolve removed 2488656 rows and 2567038 columns
Presolve time: 13.97s
Presolved: 385840 rows, 706786 columns, 2357258 nonzeros

Concurrent LP optimizer: dual simplex and barrier
Showing barrier log only...

Ordering time: 0.43s

Barrier statistics:
 AA' NZ     : 1.478e+05
 Factor NZ  : 2.114e+06 (roughly 50 MB of memory)
 Factor Ops : 1.290e+09 (less than 1 second per iteration)
 Threads    : 3

                  Objective                Residual
Iter       Primal          Dual         Primal    Dual     Compl     Time
   0   8.07718993e+04  2.22158135e+07  5.92e+03 2.52e+01  2.47e+04    15s
   1  -1.42988685e+06  1.51108875e+07  1.39e+03 8.61e+00  5.19e+03    15s
   2  -1.42958004e+06  4.32689683e+06  3.94e+02 6.50e-01  1.12e+03    15s
   3  -5.14176545e+05  1.06568177e+06  4.70e+01 4.20e-02  1.69e+02    16s
   4  -1.12160935e+05  2.97551140e+05  8.92e+00 7.25e-03  3.65e+01    16s
   5  -1.45277390e+04  3.03260116e+04  6.59e-01 2.76e-04  3.35e+00    16s
   6  -1.40435965e+03  3.03149561e+03  4.55e-02 7.03e-13  2.88e-01    16s
   7   1.18485921e+02  9.91856885e+02  3.93e-03 2.81e-13  5.11e-02    16s
   8   3.02086119e+02  5.26919911e+02  6.80e-04 2.82e-13  1.28e-02    16s
   9   3.42419139e+02  4.58431694e+02  1.65e-04 3.17e-13  6.44e-03    17s
  10   3.51336212e+02  4.12266074e+02  8.38e-05 3.44e-13  3.39e-03    17s
  11   3.56617798e+02  3.94603171e+02  4.65e-05 3.02e-13  2.11e-03    17s
  12   3.61074739e+02  3.82473550e+02  2.30e-05 3.21e-13  1.19e-03    17s
  13   3.63439592e+02  3.76154287e+02  1.43e-05 3.14e-13  7.10e-04    17s
  14   3.65535525e+02  3.72782754e+02  8.39e-06 4.74e-13  4.06e-04    17s
  15   3.68052881e+02  3.70943955e+02  1.53e-06 4.19e-13  1.59e-04    17s
  16   3.68643788e+02  3.69841862e+02  5.49e-07 7.09e-13  6.60e-05    18s

Barrier performed 16 iterations in 17.60 seconds (8.43 work units)
Barrier solve interrupted - model solved by another algorithm


Solved with dual simplex
Extra simplex iterations after uncrush: 335
Iteration    Objective       Primal Inf.    Dual Inf.      Time
   34494    3.6908425e+02   0.000000e+00   0.000000e+00     18s

Use crossover to convert LP symmetric solution to basic solution...
Crossover log...

   39201 DPushes remaining with DInf 0.0000000e+00                19s
      26 DPushes remaining with DInf 0.0000000e+00                20s
       0 DPushes remaining with DInf 0.0000000e+00                20s

      26 PPushes remaining with PInf 0.0000000e+00                20s
       0 PPushes remaining with PInf 0.0000000e+00                20s

  Push phase complete: Pinf 0.0000000e+00, Dinf 1.5690671e-11     20s

Iteration    Objective       Primal Inf.    Dual Inf.      Time
   97981    3.6908425e+02   0.000000e+00   4.318857e+05     26s
  136004    3.6919639e+02   0.000000e+00   4.910270e+05     31s
  145615    3.6924765e+02   0.000000e+00   7.811229e+05     36s
  150035    3.6928512e+02   0.000000e+00   3.250600e+06     40s
  151988    3.6930399e+02   0.000000e+00   1.787362e+06     48s
  153065    3.6931243e+02   0.000000e+00   1.701438e+06     51s
  155238    3.6932997e+02   0.000000e+00   1.100977e+06     59s
  156592    3.6933954e+02   0.000000e+00   1.963114e+06     62s
  157399    3.6934577e+02   0.000000e+00   1.464318e+06     65s
  159013    3.6935697e+02   0.000000e+00   1.156576e+06     74s
  159820    3.6936169e+02   0.000000e+00   1.558888e+06     89s
  160627    3.6936691e+02   0.000000e+00   2.912193e+06     96s
  161434    3.6937234e+02   0.000000e+00   2.324748e+06    102s
  162241    3.6937618e+02   0.000000e+00   1.276194e+06    107s
  163048    3.6938038e+02   0.000000e+00   1.246878e+06    114s
  163983    3.6938584e+02   0.000000e+00   1.100200e+06    119s
  164790    3.6938921e+02   0.000000e+00   4.430252e+06    125s
  165796    3.6939651e+02   0.000000e+00   1.663696e+06    130s
  166603    3.6939992e+02   0.000000e+00   2.053965e+06    139s
  167410    3.6940357e+02   0.000000e+00   2.015544e+06    146s
  168217    3.6940813e+02   0.000000e+00   2.445706e+06    152s
  169024    3.6941165e+02   0.000000e+00   6.919681e+05    157s
  169831    3.6941417e+02   0.000000e+00   8.089882e+05    165s
  170638    3.6941835e+02   0.000000e+00   1.707424e+06    169s
  171445    3.6942103e+02   0.000000e+00   1.616474e+06    172s
  172252    3.6942389e+02   0.000000e+00   1.043459e+06    176s
  173059    3.6942755e+02   0.000000e+00   1.823793e+06    181s
  173866    3.6943137e+02   0.000000e+00   8.990527e+05    185s
  174673    3.6943363e+02   0.000000e+00   8.585661e+05    190s
  176287    3.6943952e+02   0.000000e+00   2.375227e+06    201s
  177902    3.6944556e+02   0.000000e+00   9.536944e+05    211s
  178709    3.6944856e+02   0.000000e+00   8.468996e+05    216s
  179516    3.6945119e+02   0.000000e+00   2.055366e+06    222s
  180323    3.6945398e+02   0.000000e+00   8.158756e+05    226s
  181130    3.6945613e+02   0.000000e+00   7.762873e+05    234s
  181937    3.6945861e+02   0.000000e+00   1.673218e+06    241s
  182744    3.6946123e+02   0.000000e+00   6.355119e+05    246s
  183551    3.6946300e+02   0.000000e+00   2.004014e+06    255s
  184358    3.6946587e+02   0.000000e+00   7.100306e+05    260s
  185165    3.6946816e+02   0.000000e+00   1.101806e+06    266s
  185972    3.6947044e+02   0.000000e+00   4.580379e+05    273s
  186779    3.6947244e+02   0.000000e+00   9.653167e+05    279s
  187586    3.6947446e+02   0.000000e+00   8.967592e+05    282s
  188393    3.6947697e+02   0.000000e+00   1.355535e+06    288s
  189200    3.6947982e+02   0.000000e+00   1.420929e+06    294s
  190007    3.6948186e+02   0.000000e+00   2.305261e+06    301s
  190814    3.6948422e+02   0.000000e+00   1.058064e+06    307s
  191621    3.6948661e+02   0.000000e+00   1.174846e+06    312s
  192428    3.6948857e+02   0.000000e+00   1.595492e+06    318s
  193235    3.6949027e+02   0.000000e+00   5.659520e+05    325s
  194042    3.6949181e+02   0.000000e+00   5.501655e+05    332s
  194849    3.6949330e+02   0.000000e+00   6.199679e+05    338s
  195656    3.6949523e+02   0.000000e+00   7.902172e+05    343s
  196463    3.6949683e+02   0.000000e+00   4.559241e+05    348s
  197270    3.6949847e+02   0.000000e+00   6.477121e+05    356s
  198077    3.6950023e+02   0.000000e+00   4.722529e+05    362s
  198884    3.6950179e+02   0.000000e+00   8.160628e+05    368s
  199691    3.6950358e+02   0.000000e+00   9.376046e+05    376s
  200498    3.6950544e+02   0.000000e+00   5.075461e+05    384s
  201305    3.6950672e+02   0.000000e+00   3.320124e+05    396s
  202112    3.6950841e+02   0.000000e+00   2.734780e+06    406s
  202919    3.6950977e+02   0.000000e+00   1.242246e+06    412s
  203726    3.6951119e+02   0.000000e+00   1.073506e+06    417s
  204533    3.6951265e+02   0.000000e+00   4.915846e+05    424s
  205340    3.6951429e+02   0.000000e+00   6.138575e+05    434s
  206147    3.6951581e+02   0.000000e+00   7.817146e+05    441s
  206954    3.6951696e+02   0.000000e+00   1.290678e+06    448s
  207761    3.6951837e+02   0.000000e+00   1.661679e+06    454s
  208568    3.6951986e+02   0.000000e+00   5.569227e+05    460s
  209375    3.6952099e+02   0.000000e+00   4.288486e+05    468s
  210182    3.6952239e+02   0.000000e+00   1.084981e+06    480s
  210989    3.6952363e+02   0.000000e+00   9.027141e+05    495s
  211796    3.6952503e+02   0.000000e+00   2.006586e+06    504s
  212603    3.6952624e+02   0.000000e+00   2.685195e+06    509s
  213410    3.6952759e+02   0.000000e+00   1.016165e+06    514s
  214217    3.6952871e+02   0.000000e+00   4.737811e+05    521s
  215024    3.6952988e+02   0.000000e+00   3.226274e+05    527s
  215831    3.6953075e+02   0.000000e+00   2.751137e+05    538s
  216638    3.6953199e+02   0.000000e+00   5.083399e+05    546s
  217445    3.6953305e+02   0.000000e+00   5.535544e+05    551s
  218252    3.6953454e+02   0.000000e+00   4.502056e+05    564s
  219059    3.6953592e+02   0.000000e+00   5.537422e+05    571s
  219866    3.6953694e+02   0.000000e+00   3.755903e+05    584s
  220673    3.6953842e+02   0.000000e+00   3.275833e+05    593s
  221480    3.6953927e+02   0.000000e+00   8.382666e+05    617s
  222287    3.6954061e+02   0.000000e+00   4.905608e+05    629s
  223094    3.6954147e+02   0.000000e+00   3.961328e+05    642s
  223901    3.6954247e+02   0.000000e+00   9.681077e+05    651s
  224708    3.6954351e+02   0.000000e+00   4.509751e+05    660s
  225515    3.6954478e+02   0.000000e+00   4.927447e+05    672s
  226322    3.6954576e+02   0.000000e+00   3.825059e+05    679s
  227129    3.6954655e+02   0.000000e+00   4.729215e+05    692s
  227936    3.6954775e+02   0.000000e+00   6.031835e+05    698s
  228743    3.6954857e+02   0.000000e+00   5.112291e+05    706s
  229550    3.6954953e+02   0.000000e+00   2.106946e+05    713s
  230357    3.6955028e+02   0.000000e+00   2.759718e+05    722s
  231164    3.6955139e+02   0.000000e+00   5.729570e+05    729s
  231971    3.6955217e+02   0.000000e+00   2.998946e+05    738s
  232778    3.6955331e+02   0.000000e+00   3.433783e+05    744s
  233585    3.6955407e+02   0.000000e+00   2.379678e+05    755s
  234392    3.6955510e+02   0.000000e+00   2.380231e+05    762s
  235199    3.6955590e+02   0.000000e+00   1.587764e+05    771s
  236006    3.6955676e+02   0.000000e+00   2.813665e+05    777s
  236813    3.6955753e+02   0.000000e+00   5.541053e+05    787s
  237625    3.6955851e+02   0.000000e+00   7.344520e+05    792s
  238432    3.6955932e+02   0.000000e+00   7.887061e+05    807s
  239239    3.6956028e+02   0.000000e+00   6.346017e+05    814s
  240046    3.6956116e+02   0.000000e+00   7.048089e+05    819s
  240853    3.6956206e+02   0.000000e+00   4.993298e+05    829s
  241660    3.6956300e+02   0.000000e+00   6.560460e+05    835s
  242467    3.6956362e+02   0.000000e+00   5.413302e+05    845s
  243274    3.6956450e+02   0.000000e+00   9.759036e+05    852s
  244081    3.6956540e+02   0.000000e+00   2.043286e+05    860s
  244888    3.6956622e+02   0.000000e+00   7.376125e+05    867s
  245695    3.6956703e+02   0.000000e+00   1.180032e+05    872s
  246502    3.6956769e+02   0.000000e+00   2.215126e+05    882s
  247309    3.6956842e+02   0.000000e+00   6.378624e+05    889s
  248116    3.6956933e+02   0.000000e+00   5.085809e+05    896s
  248923    3.6957011e+02   0.000000e+00   2.860125e+05    902s
  249730    3.6957087e+02   0.000000e+00   2.000960e+05    909s
  250537    3.6957143e+02   0.000000e+00   5.562381e+05    916s
  251344    3.6957206e+02   0.000000e+00   2.893791e+05    922s
  252151    3.6957278e+02   0.000000e+00   3.753601e+05    929s
  252958    3.6957350e+02   0.000000e+00   3.841489e+05    936s
  253765    3.6957406e+02   0.000000e+00   2.335893e+05    945s
  254572    3.6957471e+02   0.000000e+00   8.929813e+05    951s
  255379    3.6957534e+02   0.000000e+00   3.053116e+05    960s
  256186    3.6957603e+02   0.000000e+00   2.260330e+05    968s
  256993    3.6957669e+02   0.000000e+00   2.297609e+05    976s
  257800    3.6957733e+02   0.000000e+00   2.372949e+06    984s
  258607    3.6957809e+02   0.000000e+00   6.563087e+05    993s
  259414    3.6957874e+02   0.000000e+00   3.831836e+05   1001s
  260221    3.6957931e+02   0.000000e+00   2.628587e+05   1007s
  261028    3.6957986e+02   0.000000e+00   5.012104e+05   1021s
  261835    3.6958048e+02   0.000000e+00   3.033990e+05   1028s
  262642    3.6958103e+02   0.000000e+00   1.773368e+05   1038s
  263449    3.6958160e+02   0.000000e+00   6.968108e+05   1046s
  264256    3.6958210e+02   0.000000e+00   2.397499e+05   1057s
  265063    3.6958261e+02   0.000000e+00   2.419226e+05   1066s
  265870    3.6958302e+02   0.000000e+00   4.418125e+05   1072s
  266677    3.6958343e+02   0.000000e+00   9.389517e+05   1080s
  267484    3.6958386e+02   0.000000e+00   2.725012e+05   1087s
  268291    3.6958428e+02   0.000000e+00   1.773607e+05   1094s
  269098    3.6958472e+02   0.000000e+00   2.264612e+05   1107s
  269905    3.6958522e+02   0.000000e+00   2.718668e+05   1122s
  270712    3.6958563e+02   0.000000e+00   1.700672e+05   1130s
Extra simplex iterations after uncrush: 205920

Stopped in 270712 iterations and 1130.42 seconds (495.28 work units)
Solve interrupted

Gurobi 11.0.3 (mac64[x86]) logging started Mon Mar 31 11:39:35 2025

Set parameter LogFile to value "Results/SanityCheck/first_try_v5_with_hydrogen.log"

Gurobi 11.0.3 (mac64[x86]) logging started Mon Mar 31 11:42:40 2025

Set parameter LogFile to value "Results/SanityCheck/first_try_v5_with_hydrogen.log"
Set parameter TimeLimit to value 12600
Gurobi Optimizer version 11.0.3 build v11.0.3rc0 (mac64[x86] - Darwin 23.4.0 23E214)

CPU model: Intel(R) Core(TM) i7-1060NG7 CPU @ 1.20GHz
Thread count: 4 physical cores, 8 logical processors, using up to 8 threads

Optimize a model with 2758528 rows, 3273824 columns and 11744624 nonzeros
Model fingerprint: 0x9ffeb65c
Coefficient statistics:
  Matrix range     [1e+00, 4e+00]
  Objective range  [3e-05, 5e+00]
  Bounds range     [0e+00, 0e+00]
  RHS range        [4e+00, 1e+03]
Presolve removed 1865840 rows and 1870000 columns (presolve time = 5s) ...
Presolve removed 2353247 rows and 2530487 columns (presolve time = 10s) ...
Presolve removed 2372671 rows and 2567031 columns
Presolve time: 11.05s
Presolved: 385857 rows, 706793 columns, 2357122 nonzeros

Concurrent LP optimizer: dual simplex and barrier
Showing barrier log only...

Ordering time: 0.44s

Barrier statistics:
 AA' NZ     : 1.561e+05
 Factor NZ  : 2.390e+06 (roughly 50 MB of memory)
 Factor Ops : 1.498e+09 (less than 1 second per iteration)
 Threads    : 3

                  Objective                Residual
Iter       Primal          Dual         Primal    Dual     Compl     Time
   0   8.50173187e+04  1.28299343e+07  5.91e+03 7.68e+00  1.37e+04    12s
   1  -1.30222952e+06  8.71101180e+06  1.42e+03 4.58e+00  2.93e+03    12s
   2  -1.26851966e+06  2.62609271e+06  4.23e+02 3.74e-01  7.00e+02    13s
   3  -3.88328246e+05  6.14181174e+05  5.40e+01 2.71e-02  1.05e+02    13s
   4  -7.54552194e+04  1.80914687e+05  9.21e+00 4.94e-03  2.17e+01    13s
   5  -1.14428556e+04  1.97685629e+04  9.71e-01 1.22e-12  2.40e+00    13s
   6  -1.29969175e+03  2.59721776e+03  8.84e-02 5.40e-13  2.55e-01    13s
   7   2.01820686e+02  6.79485686e+02  4.78e-03 1.51e-13  2.74e-02    13s
   8   3.21753663e+02  4.33582861e+02  9.11e-04 1.56e-13  6.30e-03    13s
   9   3.56292698e+02  3.96445673e+02  1.08e-04 1.52e-13  2.14e-03    14s
  10   3.63438888e+02  3.82152142e+02  2.40e-05 1.68e-13  9.82e-04    14s
  11   3.66573007e+02  3.72730530e+02  6.62e-06 2.61e-13  3.23e-04    14s
  12   3.68227773e+02  3.70724845e+02  1.41e-06 2.20e-13  1.30e-04    14s
  13   3.68614523e+02  3.69827518e+02  6.73e-07 2.76e-13  6.33e-05    14s
  14   3.68927430e+02  3.69620040e+02  1.86e-07 3.60e-13  3.60e-05    14s

Barrier performed 14 iterations in 14.15 seconds (8.45 work units)
Barrier solve interrupted - model solved by another algorithm


Solved with dual simplex
Extra simplex iterations after uncrush: 1130
Iteration    Objective       Primal Inf.    Dual Inf.      Time
   37071    3.6908425e+02   0.000000e+00   0.000000e+00     14s

Use crossover to convert LP symmetric solution to basic solution...
Crossover log...

   38582 DPushes remaining with DInf 0.0000000e+00                15s
       0 DPushes remaining with DInf 0.0000000e+00                16s

      27 PPushes remaining with PInf 0.0000000e+00                16s
       0 PPushes remaining with PInf 0.0000000e+00                16s

  Push phase complete: Pinf 0.0000000e+00, Dinf 1.6938340e-11     16s

Iteration    Objective       Primal Inf.    Dual Inf.      Time
   99593    3.6908425e+02   0.000000e+00   2.823577e+05     21s
  133192    3.6921575e+02   0.000000e+00   8.309019e+05     27s
  137409    3.6926306e+02   0.000000e+00   9.250922e+05     32s
  139484    3.6928841e+02   0.000000e+00   9.034308e+05     38s
  140689    3.6929886e+02   0.000000e+00   2.691722e+06     41s
  143592    3.6932159e+02   0.000000e+00   1.428172e+06     47s
  146811    3.6933868e+02   0.000000e+00   1.168432e+06     52s
  147603    3.6934443e+02   0.000000e+00   2.713636e+06     56s
  150623    3.6936082e+02   0.000000e+00   1.041821e+06     64s
  151415    3.6936622e+02   0.000000e+00   9.700480e+05     76s
  152207    3.6937011e+02   0.000000e+00   5.937054e+05     86s
  152999    3.6937430e+02   0.000000e+00   7.594758e+05     93s
  153791    3.6937898e+02   0.000000e+00   9.186202e+05     99s
  154583    3.6938284e+02   0.000000e+00   5.706708e+05    103s
  155375    3.6938709e+02   0.000000e+00   7.480513e+05    107s
  156187    3.6939069e+02   0.000000e+00   6.017896e+05    111s
  156979    3.6939395e+02   0.000000e+00   4.567297e+05    120s
  157771    3.6939761e+02   0.000000e+00   7.646145e+05    126s
  158563    3.6940128e+02   0.000000e+00   3.043628e+06    130s
  160097    3.6940639e+02   0.000000e+00   2.663288e+06    135s
  161951    3.6941400e+02   0.000000e+00   7.183089e+05    144s
  162743    3.6941674e+02   0.000000e+00   5.494096e+05    149s
  163535    3.6941966e+02   0.000000e+00   8.651781e+05    152s
  164363    3.6942285e+02   0.000000e+00   7.727970e+05    156s
  165155    3.6942590e+02   0.000000e+00   6.322828e+05    161s
  165947    3.6942892e+02   0.000000e+00   9.272099e+05    167s
  166739    3.6943240e+02   0.000000e+00   1.028142e+06    171s
  167531    3.6943571e+02   0.000000e+00   6.368499e+05    176s
  168323    3.6943858e+02   0.000000e+00   6.211386e+05    180s
  169907    3.6944366e+02   0.000000e+00   4.435573e+05    190s
  170751    3.6944660e+02   0.000000e+00   2.849466e+05    193s
  171543    3.6944900e+02   0.000000e+00   3.764718e+05    198s
  173021    3.6945242e+02   0.000000e+00   3.451102e+05    202s
  174715    3.6945732e+02   0.000000e+00   6.246738e+05    208s
  175507    3.6945925e+02   0.000000e+00   6.280443e+05    213s
  176299    3.6946193e+02   0.000000e+00   3.657612e+05    217s
  177091    3.6946374e+02   0.000000e+00   4.221166e+05    226s
  178705    3.6946798e+02   0.000000e+00   3.344797e+05    233s
  179497    3.6946953e+02   0.000000e+00   3.463106e+05    241s
  180503    3.6947176e+02   0.000000e+00   4.999655e+05    246s
  181295    3.6947317e+02   0.000000e+00   9.201170e+05    253s
  182314    3.6947495e+02   0.000000e+00   7.978914e+05    257s
  183106    3.6947628e+02   0.000000e+00   7.235353e+05    263s
  183898    3.6947729e+02   0.000000e+00   2.743139e+05    267s
  184690    3.6947835e+02   0.000000e+00   2.963043e+05    274s
  185482    3.6947947e+02   0.000000e+00   1.983934e+05    278s
  186274    3.6948038e+02   0.000000e+00   3.388966e+05    284s
  187066    3.6948157e+02   0.000000e+00   2.913535e+05    290s
  187858    3.6948270e+02   0.000000e+00   1.172753e+06    296s
  188650    3.6948376e+02   0.000000e+00   1.158195e+06    301s
  189442    3.6948508e+02   0.000000e+00   9.279805e+05    305s
  191026    3.6948750e+02   0.000000e+00   5.262204e+05    315s
  191818    3.6948852e+02   0.000000e+00   6.952371e+05    320s
  193402    3.6949082e+02   0.000000e+00   6.062451e+05    329s
  194194    3.6949179e+02   0.000000e+00   4.033755e+05    334s
  194986    3.6949294e+02   0.000000e+00   3.118115e+05    343s
  195895    3.6949447e+02   0.000000e+00   3.454120e+05    348s
  196687    3.6949548e+02   0.000000e+00   2.618363e+05    357s
  197479    3.6949656e+02   0.000000e+00   6.401907e+05    361s
  198271    3.6949754e+02   0.000000e+00   5.779112e+05    367s
  199063    3.6949853e+02   0.000000e+00   7.221275e+05    371s
  199855    3.6949941e+02   0.000000e+00   2.216698e+05    378s
  200647    3.6950035e+02   0.000000e+00   2.496317e+05    384s
  201439    3.6950118e+02   0.000000e+00   1.431766e+05    391s
  203023    3.6950319e+02   0.000000e+00   3.491176e+05    399s
  203904    3.6950397e+02   0.000000e+00   1.999129e+05    403s
  204696    3.6950473e+02   0.000000e+00   2.083148e+05    412s
  205798    3.6950594e+02   0.000000e+00   1.726153e+05    417s
  206590    3.6950667e+02   0.000000e+00   1.388776e+05    424s
  207382    3.6950763e+02   0.000000e+00   5.791901e+05    430s
  208174    3.6950841e+02   0.000000e+00   2.759290e+05    434s
  208966    3.6950899e+02   0.000000e+00   4.081533e+05    441s
  209819    3.6950987e+02   0.000000e+00   3.311845e+05    446s
  210611    3.6951061e+02   0.000000e+00   1.895111e+05    451s
  211403    3.6951139e+02   0.000000e+00   3.129758e+05    457s
  212195    3.6951201e+02   0.000000e+00   4.719203e+05    461s
  213779    3.6951362e+02   0.000000e+00   5.675345e+05    470s
  214571    3.6951452e+02   0.000000e+00   7.511695e+05    475s
  215363    3.6951510e+02   0.000000e+00   1.233200e+06    481s
  216155    3.6951584e+02   0.000000e+00   5.434739e+05    485s
  217739    3.6951721e+02   0.000000e+00   4.118314e+05    496s
  221061    3.6954436e+02   0.000000e+00   1.474289e+05    502s
  221853    3.6954518e+02   0.000000e+00   4.287890e+05    509s
  222645    3.6954643e+02   0.000000e+00   3.599276e+06    513s
  223595    3.6954845e+02   0.000000e+00   5.765946e+06    518s
  224387    3.6955899e+02   0.000000e+00   3.610017e+05    523s
  225179    3.6956021e+02   0.000000e+00   2.902443e+05    528s
  225971    3.6956121e+02   0.000000e+00   1.459602e+05    536s
  226763    3.6956230e+02   0.000000e+00   8.553824e+05    541s
  227555    3.6956356e+02   0.000000e+00   3.186095e+05    547s
  228347    3.6956418e+02   0.000000e+00   3.222455e+05    553s
  230167    3.6956590e+02   0.000000e+00   1.534891e+05    559s
  230959    3.6956635e+02   0.000000e+00   8.034115e+04    568s
  231751    3.6956702e+02   0.000000e+00   8.290737e+04    574s
  232543    3.6956755e+02   0.000000e+00   1.382908e+05    581s
  233335    3.6956814e+02   0.000000e+00   6.655850e+05    585s
  234127    3.6956862e+02   0.000000e+00   2.100017e+05    592s
  234919    3.6956918e+02   0.000000e+00   5.760104e+05    597s
  235711    3.6956964e+02   0.000000e+00   2.356258e+05    605s
  237399    3.6957060e+02   0.000000e+00   2.030456e+05    616s
  238191    3.6957099e+02   0.000000e+00   2.201512e+05    621s
  238983    3.6957144e+02   0.000000e+00   3.899243e+05    628s
  240784    3.6957231e+02   0.000000e+00   3.210330e+05    634s
  241576    3.6957270e+02   0.000000e+00   1.462540e+05    644s
  242368    3.6957313e+02   0.000000e+00   1.831079e+05    651s
  243160    3.6957359e+02   0.000000e+00   5.719165e+05    656s
  243952    3.6957407e+02   0.000000e+00   2.637460e+05    662s
  244829    3.6957449e+02   0.000000e+00   1.071191e+06    666s
  245621    3.6957485e+02   0.000000e+00   1.743010e+05    673s
  247656    3.6957544e+02   0.000000e+00   3.683835e+05    678s
  248448    3.6957579e+02   0.000000e+00   3.249375e+05    688s
  249240    3.6957620e+02   0.000000e+00   1.092082e+05    696s
  250032    3.6957653e+02   0.000000e+00   1.747946e+06    702s
  250824    3.6957680e+02   0.000000e+00   1.965828e+05    710s
  251616    3.6957712e+02   0.000000e+00   2.874406e+06    718s
  252652    3.6957760e+02   0.000000e+00   1.325469e+05    724s
  253444    3.6957791e+02   0.000000e+00   1.768361e+05    730s
  254345    3.6957824e+02   0.000000e+00   1.528678e+05    735s
  255137    3.6957853e+02   0.000000e+00   9.886737e+04    741s
  256212    3.6957891e+02   0.000000e+00   1.049468e+05    746s
  257004    3.6957921e+02   0.000000e+00   2.740187e+05    756s
  257796    3.6957961e+02   0.000000e+00   1.432692e+05    764s
  258588    3.6957986e+02   0.000000e+00   1.902198e+05    770s
  259380    3.6958009e+02   0.000000e+00   1.737588e+05    775s
  260172    3.6958033e+02   0.000000e+00   2.192910e+05    781s
  260964    3.6958062e+02   0.000000e+00   2.396590e+05    786s
  261756    3.6958080e+02   0.000000e+00   3.062652e+05    791s
  262548    3.6958097e+02   0.000000e+00   1.259473e+05    796s
  263340    3.6958119e+02   0.000000e+00   4.025983e+05    802s
  264541    3.6958150e+02   0.000000e+00   1.290452e+05    807s
  265333    3.6958170e+02   0.000000e+00   1.439451e+05    813s
  266216    3.6958195e+02   0.000000e+00   1.770728e+06    818s
  268876    3.6958225e+02   0.000000e+00   2.435708e+05    825s
  269668    3.6958254e+02   0.000000e+00   1.013668e+05    833s
  270460    3.6958280e+02   0.000000e+00   7.489811e+04    839s
  271252    3.6958306e+02   0.000000e+00   1.531442e+05    844s
  272044    3.6958327e+02   0.000000e+00   1.314983e+05    850s
  272836    3.6958350e+02   0.000000e+00   8.220972e+04    855s
  273628    3.6958371e+02   0.000000e+00   1.318245e+05    862s
  274420    3.6958396e+02   0.000000e+00   1.420377e+05    869s
  275212    3.6958419e+02   0.000000e+00   6.667310e+04    879s
  276004    3.6958443e+02   0.000000e+00   1.028912e+05    886s
  276796    3.6958465e+02   0.000000e+00   6.762888e+04    892s
  277588    3.6958483e+02   0.000000e+00   4.147744e+04    898s
  278380    3.6958504e+02   0.000000e+00   4.510136e+04    905s
  279172    3.6958522e+02   0.000000e+00   3.132581e+04    910s
  280756    3.6958558e+02   0.000000e+00   8.756721e+04    920s
  281548    3.6958572e+02   0.000000e+00   4.977338e+04    925s
  282340    3.6958589e+02   0.000000e+00   1.512432e+05    931s
  283924    3.6958617e+02   0.000000e+00   8.102745e+04    939s
  284716    3.6958632e+02   0.000000e+00   1.281663e+05    943s
  285508    3.6958646e+02   0.000000e+00   5.827788e+04    947s
  286300    3.6958664e+02   0.000000e+00   3.543366e+04    952s
  287092    3.6958680e+02   0.000000e+00   1.589189e+05    957s
  288363    3.6958696e+02   0.000000e+00   1.062460e+05    963s
  289155    3.6958710e+02   0.000000e+00   5.208470e+05    968s
  290039    3.6958726e+02   0.000000e+00   6.197704e+04    973s
  290831    3.6958741e+02   0.000000e+00   2.181475e+05    977s
  291623    3.6958757e+02   0.000000e+00   3.598259e+05    983s
  292596    3.6958772e+02   0.000000e+00   6.919652e+04    987s
  293388    3.6958785e+02   0.000000e+00   1.183013e+05    992s
  294180    3.6958800e+02   0.000000e+00   3.806724e+04    999s
  294972    3.6958813e+02   0.000000e+00   2.302551e+04   1004s
  295764    3.6958826e+02   0.000000e+00   8.308935e+04   1009s
  296556    3.6958840e+02   0.000000e+00   2.915124e+05   1013s
  297693    3.6958860e+02   0.000000e+00   3.747243e+04   1019s
  298485    3.6958876e+02   0.000000e+00   2.100760e+04   1024s
  299288    3.6958891e+02   0.000000e+00   6.531758e+04   1028s
  300080    3.6958901e+02   0.000000e+00   2.845813e+04   1032s
  300881    3.6958914e+02   0.000000e+00   1.042575e+05   1037s
  302038    3.6958926e+02   0.000000e+00   4.723812e+04   1043s
  302830    3.6958939e+02   0.000000e+00   2.851982e+04   1049s
  303622    3.6958954e+02   0.000000e+00   1.968404e+04   1055s
  304414    3.6958972e+02   0.000000e+00   1.624968e+04   1061s
  305206    3.6958985e+02   0.000000e+00   1.943987e+04   1069s
  305998    3.6958995e+02   0.000000e+00   2.392931e+04   1076s
  306790    3.6959001e+02   0.000000e+00   2.019124e+04   1082s
  307582    3.6959010e+02   0.000000e+00   1.888478e+04   1089s
  308374    3.6959023e+02   0.000000e+00   1.575215e+04   1095s
  309166    3.6959031e+02   0.000000e+00   2.840363e+04   1103s
  309958    3.6959041e+02   0.000000e+00   5.860426e+04   1109s
  310750    3.6959048e+02   0.000000e+00   1.955135e+04   1117s
  311542    3.6959054e+02   0.000000e+00   1.646645e+04   1122s
  312334    3.6959061e+02   0.000000e+00   1.632779e+04   1130s
  313126    3.6959068e+02   0.000000e+00   5.187574e+04   1137s
  313918    3.6959077e+02   0.000000e+00   4.484974e+04   1145s
  314710    3.6959086e+02   0.000000e+00   1.976633e+04   1152s
  315502    3.6959095e+02   0.000000e+00   3.261535e+04   1161s
  316294    3.6959103e+02   0.000000e+00   3.469156e+04   1169s
  317086    3.6959113e+02   0.000000e+00   3.282404e+04   1176s
  317878    3.6959121e+02   0.000000e+00   1.276873e+04   1183s
  318670    3.6959128e+02   0.000000e+00   2.170839e+04   1191s
  319462    3.6959140e+02   0.000000e+00   2.681449e+04   1198s
  320254    3.6959148e+02   0.000000e+00   8.350404e+04   1207s
  321046    3.6959158e+02   0.000000e+00   3.156313e+04   1217s
  321838    3.6959167e+02   0.000000e+00   3.923428e+04   1228s
  322630    3.6959176e+02   0.000000e+00   8.840226e+04   1239s
  323422    3.6959183e+02   0.000000e+00   1.671695e+04   1250s
  324214    3.6959190e+02   0.000000e+00   6.870342e+04   1259s
  325006    3.6959198e+02   0.000000e+00   2.507894e+04   1268s
  325798    3.6959205e+02   0.000000e+00   1.910314e+04   1280s
  326590    3.6959215e+02   0.000000e+00   5.152142e+04   1288s
  327382    3.6959227e+02   0.000000e+00   1.191858e+04   1296s
  328174    3.6959235e+02   0.000000e+00   9.344500e+04   1302s
  328966    3.6959241e+02   0.000000e+00   1.104984e+05   1310s
  329758    3.6959249e+02   0.000000e+00   3.257790e+04   1319s
  330550    3.6959256e+02   0.000000e+00   3.231528e+04   1329s
  331342    3.6959262e+02   0.000000e+00   3.024233e+04   1337s
  332134    3.6959270e+02   0.000000e+00   4.046116e+04   1345s
  332926    3.6959276e+02   0.000000e+00   8.415299e+04   1353s
  333718    3.6959284e+02   0.000000e+00   1.434545e+04   1361s
  334510    3.6959290e+02   0.000000e+00   1.014024e+05   1368s
  335302    3.6959297e+02   0.000000e+00   1.499011e+04   1374s
  336094    3.6959307e+02   0.000000e+00   2.850915e+04   1381s
  336886    3.6959315e+02   0.000000e+00   9.763472e+04   1386s
  337678    3.6959324e+02   0.000000e+00   3.604668e+04   1392s
  338470    3.6959328e+02   0.000000e+00   1.261370e+05   1400s
  339262    3.6959336e+02   0.000000e+00   1.792616e+04   1409s
  340054    3.6959342e+02   0.000000e+00   1.968454e+04   1417s
  340846    3.6959348e+02   0.000000e+00   1.522722e+04   1426s
  341638    3.6959354e+02   0.000000e+00   1.095548e+04   1434s
  342430    3.6959359e+02   0.000000e+00   1.706483e+04   1441s
  343222    3.6959364e+02   0.000000e+00   1.074187e+04   1449s
  344014    3.6959368e+02   0.000000e+00   7.967437e+03   1456s
  344806    3.6959372e+02   0.000000e+00   7.874380e+03   1464s
  345598    3.6959376e+02   0.000000e+00   1.109087e+04   1472s
  346390    3.6959381e+02   0.000000e+00   2.051514e+04   1481s
  347182    3.6959386e+02   0.000000e+00   4.410971e+04   1488s
  347974    3.6959392e+02   0.000000e+00   1.442671e+04   1495s
  348766    3.6959399e+02   0.000000e+00   1.861768e+04   1503s
  349558    3.6959403e+02   0.000000e+00   1.579950e+04   1512s
  350350    3.6959409e+02   0.000000e+00   2.366754e+04   1520s
  351142    3.6959414e+02   0.000000e+00   1.047416e+04   1529s
  351934    3.6959419e+02   0.000000e+00   3.230239e+05   1537s
  352726    3.6959427e+02   0.000000e+00   1.201445e+04   1546s
  353518    3.6959433e+02   0.000000e+00   7.208244e+04   1555s
  354310    3.6959437e+02   0.000000e+00   3.297234e+04   1564s
  355102    3.6959442e+02   0.000000e+00   3.141241e+04   1572s
  355894    3.6959447e+02   0.000000e+00   3.288909e+04   1581s
  356686    3.6959453e+02   0.000000e+00   1.764823e+04   1588s
  357478    3.6959459e+02   0.000000e+00   9.027090e+03   1596s
  358270    3.6959464e+02   0.000000e+00   3.582368e+04   1605s
  359062    3.6959468e+02   0.000000e+00   1.174427e+05   1614s
  359854    3.6959474e+02   0.000000e+00   5.140909e+04   1622s
  360646    3.6959482e+02   0.000000e+00   9.485414e+03   1630s
  361438    3.6959486e+02   0.000000e+00   2.430514e+04   1638s
  362230    3.6959492e+02   0.000000e+00   9.286479e+03   1645s
  363022    3.6959496e+02   0.000000e+00   6.720435e+04   1653s
  363814    3.6959501e+02   0.000000e+00   9.659717e+03   1662s
  364606    3.6959505e+02   0.000000e+00   1.075537e+04   1671s
  365398    3.6959510e+02   0.000000e+00   1.917549e+04   1680s
  366190    3.6959515e+02   0.000000e+00   4.777365e+05   1689s
  366982    3.6959519e+02   0.000000e+00   6.487676e+03   1697s
  367774    3.6959523e+02   0.000000e+00   2.371520e+04   1705s
  368566    3.6959527e+02   0.000000e+00   7.986615e+03   1714s
  369358    3.6959530e+02   0.000000e+00   8.858544e+03   1723s
  370150    3.6959534e+02   0.000000e+00   6.931676e+04   1734s
  370942    3.6959538e+02   0.000000e+00   9.821818e+03   1743s
  371734    3.6959541e+02   0.000000e+00   1.327330e+04   1754s
  372526    3.6959545e+02   0.000000e+00   8.541659e+03   1763s
  373318    3.6959550e+02   0.000000e+00   3.273088e+05   1771s
  374110    3.6959553e+02   0.000000e+00   6.631481e+03   1780s
  374902    3.6959557e+02   0.000000e+00   8.631177e+03   1789s
  375694    3.6959561e+02   0.000000e+00   1.148111e+04   1797s
  376486    3.6959564e+02   0.000000e+00   4.629123e+03   1805s
  377278    3.6959568e+02   0.000000e+00   4.039016e+03   1813s
  378070    3.6959573e+02   0.000000e+00   7.135091e+03   1822s
  378862    3.6959577e+02   0.000000e+00   4.782502e+03   1830s
  379654    3.6959581e+02   0.000000e+00   5.145505e+03   1838s
  380446    3.6959586e+02   0.000000e+00   5.039626e+03   1846s
  381238    3.6959589e+02   0.000000e+00   3.974143e+03   1853s
  382030    3.6959592e+02   0.000000e+00   7.119461e+03   1862s
  382822    3.6959596e+02   0.000000e+00   3.091812e+03   1869s
  383614    3.6959599e+02   0.000000e+00   3.353015e+04   1878s
  384406    3.6959603e+02   0.000000e+00   9.976522e+03   1887s
  385198    3.6959606e+02   0.000000e+00   9.398793e+03   1897s
  385990    3.6959609e+02   0.000000e+00   6.549733e+03   1909s
  386782    3.6959611e+02   0.000000e+00   8.010044e+03   1918s
  387574    3.6959613e+02   0.000000e+00   1.403950e+04   1926s
  388366    3.6959615e+02   0.000000e+00   4.864391e+03   1932s
  389158    3.6959617e+02   0.000000e+00   3.310039e+03   1938s
  389950    3.6959620e+02   0.000000e+00   2.002759e+03   1943s
  390742    3.6959622e+02   0.000000e+00   3.540434e+03   1947s
  391534    3.6959624e+02   0.000000e+00   1.743225e+03   1953s
  392326    3.6959625e+02   0.000000e+00   1.868709e+03   1957s
  393162    3.6959627e+02   0.000000e+00   2.054034e+03   1960s
  394748    3.6959631e+02   0.000000e+00   2.211013e+03   1970s
  395540    3.6959632e+02   0.000000e+00   1.161422e+03   1975s
  396332    3.6959634e+02   0.000000e+00   7.733293e+02   1980s
  397124    3.6959635e+02   0.000000e+00   1.046264e+03   1985s
  398708    3.6959638e+02   0.000000e+00   1.412353e+03   1994s
  399500    3.6959639e+02   0.000000e+00   3.818828e+03   1998s
  400292    3.6959640e+02   0.000000e+00   1.375687e+03   2004s
  401084    3.6959641e+02   0.000000e+00   3.166819e+03   2009s
  401876    3.6959642e+02   0.000000e+00   7.175672e+02   2014s
  402668    3.6959643e+02   0.000000e+00   1.382238e+03   2020s
  403460    3.6959644e+02   0.000000e+00   5.868202e+02   2026s
  404252    3.6959645e+02   0.000000e+00   1.294270e+03   2030s
  405044    3.6959646e+02   0.000000e+00   1.700541e+03   2039s
  405836    3.6959647e+02   0.000000e+00   4.613836e+02   2045s
  406628    3.6959648e+02   0.000000e+00   5.294996e+02   2051s
  407420    3.6959649e+02   0.000000e+00   6.685576e+02   2056s
  408212    3.6959650e+02   0.000000e+00   5.689992e+02   2061s
  409004    3.6959650e+02   0.000000e+00   4.478882e+02   2066s
  409796    3.6959651e+02   0.000000e+00   2.559591e+02   2072s
  410588    3.6959651e+02   0.000000e+00   6.242875e+02   2075s
  411380    3.6959652e+02   0.000000e+00   1.908876e+03   2080s
  412964    3.6959652e+02   0.000000e+00   3.222632e+02   2090s
  414548    3.6959653e+02   0.000000e+00   2.509275e+02   2099s
  415340    3.6959654e+02   0.000000e+00   7.102208e+02   2103s
  416132    3.6959654e+02   0.000000e+00   8.805250e+01   2107s
  416924    3.6959654e+02   0.000000e+00   3.639953e+02   2111s
  418533    3.6959655e+02   0.000000e+00   1.263735e+02   2117s
  419426    3.6959655e+02   0.000000e+00   1.858817e+02   2120s
  421210    3.6959655e+02   0.000000e+00   1.629782e+01   2126s
  423052    3.6959655e+02   0.000000e+00   2.006276e-01   2133s
  423786    3.6908425e+02   0.000000e+00   0.000000e+00   2137s
Extra simplex iterations after uncrush: 356439

Solved in 423786 iterations and 2137.32 seconds (1153.41 work units)
Optimal objective  3.690842500e+02
