
Gurobi 11.0.3 (mac64[x86]) logging started Tue Apr  1 11:41:51 2025

Set parameter LogFile to value "Results/SanityCheck/with_storage_full.log"
Set parameter TimeLimit to value 27000
Gurobi Optimizer version 11.0.3 build v11.0.3rc0 (mac64[x86] - Darwin 23.4.0 23E214)

CPU model: Intel(R) Core(TM) i7-1060NG7 CPU @ 1.20GHz
Thread count: 4 physical cores, 8 logical processors, using up to 8 threads

Optimize a model with 2906592 rows, 3553248 columns and 13099120 nonzeros
Model fingerprint: 0x112477a6
Coefficient statistics:
  Matrix range     [1e+00, 4e+00]
  Objective range  [4e-06, 5e+00]
  Bounds range     [0e+00, 0e+00]
  RHS range        [1e-02, 1e+03]
Presolve removed 1864336 rows and 1745408 columns (presolve time = 5s) ...
Presolve removed 1864336 rows and 2005872 columns
Presolve time: 8.48s

Solved in 0 iterations and 8.48 seconds (2.70 work units)
Infeasible or unbounded model

Gurobi 11.0.3 (mac64[x86]) logging started Tue Apr  1 12:12:21 2025

Set parameter LogFile to value "Results/SanityCheck/with_storage_full.log"
Set parameter TimeLimit to value 27000
Gurobi Optimizer version 11.0.3 build v11.0.3rc0 (mac64[x86] - Darwin 23.4.0 23E214)

CPU model: Intel(R) Core(TM) i7-1060NG7 CPU @ 1.20GHz
Thread count: 4 physical cores, 8 logical processors, using up to 8 threads

Optimize a model with 2906592 rows, 3553248 columns and 13099120 nonzeros
Model fingerprint: 0x797ce895
Coefficient statistics:
  Matrix range     [1e+00, 4e+00]
  Objective range  [4e-06, 5e+00]
  Bounds range     [0e+00, 0e+00]
  RHS range        [1e-02, 1e+03]
Presolve removed 1864336 rows and 2005872 columns
Presolve time: 5.64s

Solved in 0 iterations and 5.64 seconds (2.70 work units)
Infeasible or unbounded model

Gurobi 11.0.3 (mac64[x86]) logging started Tue Apr  1 12:17:03 2025

Set parameter LogFile to value "Results/SanityCheck/with_storage_full.log"
Set parameter TimeLimit to value 27000
Gurobi Optimizer version 11.0.3 build v11.0.3rc0 (mac64[x86] - Darwin 23.4.0 23E214)

CPU model: Intel(R) Core(TM) i7-1060NG7 CPU @ 1.20GHz
Thread count: 4 physical cores, 8 logical processors, using up to 8 threads

Optimize a model with 2906592 rows, 3553248 columns and 13099120 nonzeros
Model fingerprint: 0x8686a793
Coefficient statistics:
  Matrix range     [1e+00, 4e+00]
  Objective range  [4e-06, 5e+00]
  Bounds range     [0e+00, 0e+00]
  RHS range        [1e-02, 1e+03]
Presolve removed 1871024 rows and 2008304 columns (presolve time = 5s) ...
Presolve removed 2215080 rows and 2353045 columns (presolve time = 10s) ...
Presolve removed 2395364 rows and 2590717 columns
Presolve time: 12.61s
Presolved: 511228 rows, 962623 columns, 3429942 nonzeros

Concurrent LP optimizer: dual simplex and barrier
Showing barrier log only...

Elapsed ordering time = 8s
Elapsed ordering time = 10s
Elapsed ordering time = 16s
Elapsed ordering time = 20s
Elapsed ordering time = 23s
Elapsed ordering time = 25s
Elapsed ordering time = 30s
Ordering time: 30.17s

Barrier performed 0 iterations in 45.19 seconds (12.84 work units)
Barrier solve interrupted - model solved by another algorithm


Solved with dual simplex
Extra simplex iterations after uncrush: 6
Iteration    Objective       Primal Inf.    Dual Inf.      Time
  194388    3.1540063e+03   0.000000e+00   0.000000e+00     46s

Use crossover to convert LP symmetric solution to basic solution...
Crossover log...

   15610 DPushes remaining with DInf 0.0000000e+00                47s
       0 DPushes remaining with DInf 0.0000000e+00                48s

    1186 PPushes remaining with PInf 0.0000000e+00                48s
       0 PPushes remaining with PInf 0.0000000e+00                48s

  Push phase complete: Pinf 0.0000000e+00, Dinf 1.5661263e-11     48s

Iteration    Objective       Primal Inf.    Dual Inf.      Time
  209456    3.1540063e+03   0.000000e+00   2.058658e+05     51s
  276352    3.1540063e+03   0.000000e+00   2.075505e+05     57s
  308332    3.1543767e+03   0.000000e+00   1.717308e+05     68s
Extra simplex iterations after uncrush: 105060

Stopped in 314516 iterations and 69.45 seconds (31.69 work units)
Solve interrupted

Gurobi 11.0.3 (mac64[x86]) logging started Tue Apr  1 12:22:24 2025

Set parameter LogFile to value "Results/SanityCheck/with_storage_full.log"
Set parameter TimeLimit to value 27000
Gurobi Optimizer version 11.0.3 build v11.0.3rc0 (mac64[x86] - Darwin 23.4.0 23E214)

CPU model: Intel(R) Core(TM) i7-1060NG7 CPU @ 1.20GHz
Thread count: 4 physical cores, 8 logical processors, using up to 8 threads

Optimize a model with 2906592 rows, 3553248 columns and 13099120 nonzeros
Model fingerprint: 0xe267ceab
Coefficient statistics:
  Matrix range     [1e+00, 4e+00]
  Objective range  [3e-05, 5e+00]
  Bounds range     [0e+00, 0e+00]
  RHS range        [1e-02, 1e+03]
Presolve removed 1871024 rows and 2008304 columns (presolve time = 6s) ...
Presolve removed 2214778 rows and 2352743 columns (presolve time = 10s) ...
Presolve removed 2380133 rows and 2582141 columns
Presolve time: 12.73s
Presolved: 526459 rows, 971107 columns, 3498129 nonzeros

Concurrent LP optimizer: dual simplex and barrier
Showing barrier log only...

Elapsed ordering time = 9s
Elapsed ordering time = 10s
Elapsed ordering time = 15s
Elapsed ordering time = 18s
Elapsed ordering time = 20s
Elapsed ordering time = 25s
Elapsed ordering time = 25s
Elapsed ordering time = 30s
Elapsed ordering time = 32s
Elapsed ordering time = 35s
Ordering time: 38.68s

Barrier statistics:
 AA' NZ     : 2.384e+06
 Factor NZ  : 1.543e+08 (roughly 1.4 GB of memory)
 Factor Ops : 5.485e+11 (roughly 10 seconds per iteration)
 Threads    : 3

                  Objective                Residual
Iter       Primal          Dual         Primal    Dual     Compl     Time
   0  -3.65119469e+05  1.90847044e+08  3.58e+03 2.00e+00  9.37e+03    69s

Barrier performed 0 iterations in 74.77 seconds (46.85 work units)
Optimization interrupted



Stopped in 0 iterations and 74.91 seconds (94.81 work units)
Solve interrupted

Gurobi 11.0.3 (mac64[x86]) logging started Tue Apr  1 12:29:11 2025

Set parameter LogFile to value "Results/SanityCheck/with_storage_full.log"
Set parameter TimeLimit to value 27000
Gurobi Optimizer version 11.0.3 build v11.0.3rc0 (mac64[x86] - Darwin 23.4.0 23E214)

CPU model: Intel(R) Core(TM) i7-1060NG7 CPU @ 1.20GHz
Thread count: 4 physical cores, 8 logical processors, using up to 8 threads

Optimize a model with 2906592 rows, 3553248 columns and 13099120 nonzeros
Model fingerprint: 0x48ac4ff9
Coefficient statistics:
  Matrix range     [1e+00, 4e+00]
  Objective range  [3e-05, 5e+00]
  Bounds range     [0e+00, 0e+00]
  RHS range        [1e-02, 1e+03]
Presolve removed 1864336 rows and 2005872 columns (presolve time = 5s) ...
Presolve removed 1864336 rows and 2005872 columns
Presolve time: 5.79s

Solved in 0 iterations and 5.83 seconds (2.70 work units)
Infeasible or unbounded model

Gurobi 11.0.3 (mac64[x86]) logging started Tue Apr  1 13:35:06 2025

Set parameter LogFile to value "Results/SanityCheck/with_storage_full.log"
Set parameter TimeLimit to value 27000
Gurobi Optimizer version 11.0.3 build v11.0.3rc0 (mac64[x86] - Darwin 23.4.0 23E214)

CPU model: Intel(R) Core(TM) i7-1060NG7 CPU @ 1.20GHz
Thread count: 4 physical cores, 8 logical processors, using up to 8 threads

Optimize a model with 2889600 rows, 3553248 columns and 12827248 nonzeros
Model fingerprint: 0xcd4b6319
Coefficient statistics:
  Matrix range     [1e+00, 4e+00]
  Objective range  [3e-05, 5e+00]
  Bounds range     [0e+00, 0e+00]
  RHS range        [1e-02, 1e+03]
Presolve removed 1864336 rows and 1743360 columns
Presolve time: 3.78s

Solved in 0 iterations and 3.78 seconds (1.63 work units)
Infeasible or unbounded model

Gurobi 11.0.3 (mac64[x86]) logging started Tue Apr  1 13:38:28 2025

Set parameter LogFile to value "Results/SanityCheck/with_storage_full.log"
Set parameter TimeLimit to value 27000
Gurobi Optimizer version 11.0.3 build v11.0.3rc0 (mac64[x86] - Darwin 23.4.0 23E214)

CPU model: Intel(R) Core(TM) i7-1060NG7 CPU @ 1.20GHz
Thread count: 4 physical cores, 8 logical processors, using up to 8 threads

Optimize a model with 2785760 rows, 3553248 columns and 12132464 nonzeros
Model fingerprint: 0x0c391aec
Coefficient statistics:
  Matrix range     [1e+00, 4e+00]
  Objective range  [3e-05, 5e+00]
  Bounds range     [0e+00, 0e+00]
  RHS range        [1e-02, 1e+03]
Presolve removed 0 rows and 138464 columns
Presolve time: 2.03s

Solved in 0 iterations and 2.03 seconds (0.40 work units)
Infeasible or unbounded model

Gurobi 11.0.3 (mac64[x86]) logging started Tue Apr  1 13:43:05 2025

Set parameter LogFile to value "Results/SanityCheck/with_storage_full.log"

Gurobi 11.0.3 (mac64[x86]) logging started Tue Apr  1 13:47:43 2025

Set parameter LogFile to value "Results/SanityCheck/with_storage_full.log"
Set parameter TimeLimit to value 27000
Gurobi Optimizer version 11.0.3 build v11.0.3rc0 (mac64[x86] - Darwin 23.4.0 23E214)

CPU model: Intel(R) Core(TM) i7-1060NG7 CPU @ 1.20GHz
Thread count: 4 physical cores, 8 logical processors, using up to 8 threads

Optimize a model with 2768768 rows, 3553248 columns and 11860592 nonzeros
Model fingerprint: 0xb8a45910
Coefficient statistics:
  Matrix range     [1e+00, 4e+00]
  Objective range  [3e-05, 5e+00]
  Bounds range     [0e+00, 0e+00]
  RHS range        [1e-02, 1e+03]
Presolve removed 0 rows and 274400 columns
Presolve time: 2.29s

Solved in 0 iterations and 2.29 seconds (0.39 work units)
Infeasible or unbounded model

Gurobi 11.0.3 (mac64[x86]) logging started Tue Apr  1 13:59:26 2025

Set parameter LogFile to value "Results/SanityCheck/with_storage_full.log"
Set parameter TimeLimit to value 27000
Gurobi Optimizer version 11.0.3 build v11.0.3rc0 (mac64[x86] - Darwin 23.4.0 23E214)

CPU model: Intel(R) Core(TM) i7-1060NG7 CPU @ 1.20GHz
Thread count: 4 physical cores, 8 logical processors, using up to 8 threads

Optimize a model with 2768768 rows, 3273824 columns and 11860592 nonzeros
Model fingerprint: 0xd1917ecb
Coefficient statistics:
  Matrix range     [1e+00, 4e+00]
  Objective range  [3e-05, 5e+00]
  Bounds range     [0e+00, 0e+00]
  RHS range        [1e-02, 1e+03]
Presolve removed 1864336 rows and 1856240 columns (presolve time = 6s) ...
Presolve removed 1864336 rows and 1856240 columns
Presolve time: 6.56s

Solved in 0 iterations and 6.56 seconds (2.31 work units)
Infeasible or unbounded model

Gurobi 11.0.3 (mac64[x86]) logging started Tue Apr  1 14:06:35 2025

Set parameter LogFile to value "Results/SanityCheck/with_storage_full.log"
Set parameter TimeLimit to value 27000
Gurobi Optimizer version 11.0.3 build v11.0.3rc0 (mac64[x86] - Darwin 23.4.0 23E214)

CPU model: Intel(R) Core(TM) i7-1060NG7 CPU @ 1.20GHz
Thread count: 4 physical cores, 8 logical processors, using up to 8 threads

Optimize a model with 2768768 rows, 3273824 columns and 11860592 nonzeros
Model fingerprint: 0x242c1b9d
Coefficient statistics:
  Matrix range     [1e+00, 4e+00]
  Objective range  [3e-05, 5e+00]
  Bounds range     [0e+00, 0e+00]
  RHS range        [1e-02, 1e+03]
Presolve removed 1864336 rows and 1856240 columns
Presolve time: 5.12s

Solved in 0 iterations and 5.12 seconds (2.31 work units)
Infeasible or unbounded model

Gurobi 11.0.3 (mac64[x86]) logging started Tue Apr  1 14:30:25 2025

Set parameter LogFile to value "Results/SanityCheck/with_storage_full.log"

Gurobi 11.0.3 (mac64[x86]) logging started Tue Apr  1 14:32:51 2025

Set parameter LogFile to value "Results/SanityCheck/with_storage_full.log"
Set parameter TimeLimit to value 27000
Gurobi Optimizer version 11.0.3 build v11.0.3rc0 (mac64[x86] - Darwin 23.4.0 23E214)

CPU model: Intel(R) Core(TM) i7-1060NG7 CPU @ 1.20GHz
Thread count: 4 physical cores, 8 logical processors, using up to 8 threads

Optimize a model with 2768768 rows, 3273824 columns and 11860592 nonzeros
Model fingerprint: 0x3ae2f70f
Coefficient statistics:
  Matrix range     [1e+00, 4e+00]
  Objective range  [3e-05, 5e+00]
  Bounds range     [0e+00, 0e+00]
  RHS range        [1e-02, 1e+03]
Presolve removed 1864336 rows and 1737456 columns
Presolve time: 5.19s

Solved in 0 iterations and 5.19 seconds (2.35 work units)
Infeasible or unbounded model

Gurobi 11.0.3 (mac64[x86]) logging started Tue Apr  1 14:40:42 2025

Set parameter LogFile to value "Results/SanityCheck/with_storage_full.log"
Set parameter TimeLimit to value 27000
Gurobi Optimizer version 11.0.3 build v11.0.3rc0 (mac64[x86] - Darwin 23.4.0 23E214)

CPU model: Intel(R) Core(TM) i7-1060NG7 CPU @ 1.20GHz
Thread count: 4 physical cores, 8 logical processors, using up to 8 threads

Optimize a model with 1470080 rows, 1789536 columns and 6286704 nonzeros
Model fingerprint: 0xc8883c5f
Coefficient statistics:
  Matrix range     [1e+00, 4e+00]
  Objective range  [3e-05, 5e+00]
  Bounds range     [0e+00, 0e+00]
  RHS range        [1e-02, 1e+03]
Presolve removed 994192 rows and 985392 columns
Presolve time: 2.56s

Solved in 0 iterations and 2.56 seconds (1.22 work units)
Infeasible or unbounded model

Gurobi 11.0.3 (mac64[x86]) logging started Tue Apr  1 14:51:21 2025

Set parameter LogFile to value "Results/SanityCheck/with_storage_full.log"
Set parameter TimeLimit to value 27000
Gurobi Optimizer version 11.0.3 build v11.0.3rc0 (mac64[x86] - Darwin 23.4.0 23E214)

CPU model: Intel(R) Core(TM) i7-1060NG7 CPU @ 1.20GHz
Thread count: 4 physical cores, 8 logical processors, using up to 8 threads

Optimize a model with 1470080 rows, 1789536 columns and 6286704 nonzeros
Model fingerprint: 0x6612a9d4
Coefficient statistics:
  Matrix range     [1e+00, 4e+00]
  Objective range  [6e-05, 5e+00]
  Bounds range     [0e+00, 0e+00]
  RHS range        [1e-02, 1e+03]
Presolve removed 994192 rows and 985504 columns
Presolve time: 2.55s

Solved in 0 iterations and 2.55 seconds (1.22 work units)
Infeasible or unbounded model

Gurobi 11.0.3 (mac64[x86]) logging started Tue Apr  1 14:58:05 2025

Set parameter LogFile to value "Results/SanityCheck/with_storage_full.log"
Set parameter TimeLimit to value 27000
Gurobi Optimizer version 11.0.3 build v11.0.3rc0 (mac64[x86] - Darwin 23.4.0 23E214)

CPU model: Intel(R) Core(TM) i7-1060NG7 CPU @ 1.20GHz
Thread count: 4 physical cores, 8 logical processors, using up to 8 threads

Optimize a model with 2768768 rows, 3273824 columns and 11860592 nonzeros
Model fingerprint: 0x6863f38d
Coefficient statistics:
  Matrix range     [1e+00, 4e+00]
  Objective range  [3e-05, 5e+00]
  Bounds range     [0e+00, 0e+00]
  RHS range        [1e-01, 1e+03]
Presolve removed 1876560 rows and 1870000 columns (presolve time = 5s) ...
Presolve removed 2336617 rows and 2490448 columns (presolve time = 10s) ...
Presolve removed 2371839 rows and 2559984 columns
Presolve time: 11.32s
Presolved: 396929 rows, 713840 columns, 2424272 nonzeros

Concurrent LP optimizer: dual simplex and barrier
Showing barrier log only...

Ordering time: 3.74s

Barrier statistics:
 AA' NZ     : 4.557e+05
 Factor NZ  : 1.165e+07 (roughly 150 MB of memory)
 Factor Ops : 1.941e+10 (less than 1 second per iteration)
 Threads    : 3

                  Objective                Residual
Iter       Primal          Dual         Primal    Dual     Compl     Time
   0   7.47770609e+05  1.88710415e+07  3.58e+03 6.65e-01  1.14e+04    17s
   1  -3.63944189e+06  1.47541172e+07  8.55e+02 1.50e+00  2.19e+03    17s
   2  -2.71411861e+06  4.78228673e+06  1.10e+02 8.27e-02  2.93e+02    18s
   3  -4.77292457e+05  9.00805919e+05  7.49e+00 3.52e-03  3.06e+01    18s

Barrier performed 3 iterations in 18.40 seconds (10.93 work units)
Barrier solve interrupted - model solved by another algorithm


Solved with dual simplex
Extra simplex iterations after uncrush: 1563
Iteration    Objective       Primal Inf.    Dual Inf.      Time
   72285    8.3390690e+02   0.000000e+00   0.000000e+00     19s

Use crossover to convert LP symmetric solution to basic solution...
Crossover log...

   38589 DPushes remaining with DInf 0.0000000e+00                20s
       0 DPushes remaining with DInf 0.0000000e+00                21s

     271 PPushes remaining with PInf 0.0000000e+00                21s
       0 PPushes remaining with PInf 0.0000000e+00                21s

  Push phase complete: Pinf 0.0000000e+00, Dinf 1.2650769e-11     21s

Iteration    Objective       Primal Inf.    Dual Inf.      Time
  133826    8.3390690e+02   0.000000e+00   2.716494e+05     32s
  152192    8.3390690e+02   0.000000e+00   3.464444e+05     40s
  166667    8.3404935e+02   0.000000e+00   8.634221e+05     46s
  170650    8.3408425e+02   0.000000e+00   1.969546e+06     53s
  171890    8.3410245e+02   0.000000e+00   2.231685e+06     56s
  173097    8.3411445e+02   0.000000e+00   7.796491e+05     60s
  173890    8.3412245e+02   0.000000e+00   8.599525e+05     69s
  174981    8.3413049e+02   0.000000e+00   6.429124e+05     73s
  175774    8.3413602e+02   0.000000e+00   9.823122e+05     78s
  176752    8.3414224e+02   0.000000e+00   9.216563e+05     82s
  178338    8.3415291e+02   0.000000e+00   1.629173e+06     89s
  179198    8.3415783e+02   0.000000e+00   7.088851e+05     92s
  179991    8.3416322e+02   0.000000e+00   5.684546e+05     96s
  182226    8.3417497e+02   0.000000e+00   7.232109e+05    103s
  183019    8.3418019e+02   0.000000e+00   4.956612e+05    106s
  185322    8.3419075e+02   0.000000e+00   6.066981e+05    112s
  187303    8.3419924e+02   0.000000e+00   7.926280e+05    120s
  188096    8.3420263e+02   0.000000e+00   1.046450e+06    124s
  188932    8.3420582e+02   0.000000e+00   5.081139e+05    128s
  189815    8.3420906e+02   0.000000e+00   5.294930e+05    134s
  190608    8.3421202e+02   0.000000e+00   5.074418e+05    139s
  192043    8.3421587e+02   0.000000e+00   2.907444e+05    142s
  192836    8.3421818e+02   0.000000e+00   2.906844e+05    145s
  194422    8.3422256e+02   0.000000e+00   3.254789e+05    154s
  195477    8.3422503e+02   0.000000e+00   1.570695e+05    157s
  196270    8.3422729e+02   0.000000e+00   3.882143e+05    161s
  197856    8.3423095e+02   0.000000e+00   3.084863e+05    169s
  198649    8.3423222e+02   0.000000e+00   2.276626e+05    173s
  199442    8.3423369e+02   0.000000e+00   3.475809e+05    176s
  200235    8.3423507e+02   0.000000e+00   2.001041e+05    180s
  201028    8.3423610e+02   0.000000e+00   2.491775e+05    189s
  201821    8.3423702e+02   0.000000e+00   1.502336e+05    193s
  202614    8.3423799e+02   0.000000e+00   1.585581e+05    198s
  203445    8.3423918e+02   0.000000e+00   1.620625e+05    201s
  205031    8.3424145e+02   0.000000e+00   1.862578e+05    207s
  205824    8.3424245e+02   0.000000e+00   2.055167e+05    212s
  206617    8.3424351e+02   0.000000e+00   2.687720e+05    216s
  208203    8.3424532e+02   0.000000e+00   2.891183e+05    227s
  209396    8.3424761e+02   0.000000e+00   3.152554e+05    232s
  210189    8.3424849e+02   0.000000e+00   3.720026e+05    238s
  211278    8.3425000e+02   0.000000e+00   2.247792e+05    242s
  212071    8.3425098e+02   0.000000e+00   1.782200e+05    247s
  212864    8.3425209e+02   0.000000e+00   1.265792e+06    251s
  214450    8.3425362e+02   0.000000e+00   1.434611e+05    261s
  215243    8.3425450e+02   0.000000e+00   2.285838e+05    266s
  216036    8.3425505e+02   0.000000e+00   3.890764e+05    271s
  217622    8.3425643e+02   0.000000e+00   6.590328e+05    279s
  218415    8.3425710e+02   0.000000e+00   2.284537e+05    284s
  219208    8.3425767e+02   0.000000e+00   1.868326e+05    287s
  220001    8.3425824e+02   0.000000e+00   2.045116e+05    293s
  220794    8.3425893e+02   0.000000e+00   3.865169e+05    297s
  221587    8.3425958e+02   0.000000e+00   3.206674e+05    305s
Extra simplex iterations after uncrush: 121153

Stopped in 222649 iterations and 308.79 seconds (160.53 work units)
Solve interrupted

Gurobi 11.0.3 (mac64[x86]) logging started Tue Apr  1 15:11:08 2025

Set parameter LogFile to value "Results/SanityCheck/with_storage_full.log"
Set parameter TimeLimit to value 27000
Gurobi Optimizer version 11.0.3 build v11.0.3rc0 (mac64[x86] - Darwin 23.4.0 23E214)

CPU model: Intel(R) Core(TM) i7-1060NG7 CPU @ 1.20GHz
Thread count: 4 physical cores, 8 logical processors, using up to 8 threads

Optimize a model with 2768768 rows, 3273824 columns and 11860592 nonzeros
Model fingerprint: 0x78f50c5f
Coefficient statistics:
  Matrix range     [1e+00, 4e+00]
  Objective range  [3e-05, 5e+00]
  Bounds range     [0e+00, 0e+00]
  RHS range        [1e-01, 1e+03]
Presolve removed 1986560 rows and 1980000 columns (presolve time = 5s) ...
Presolve removed 2353501 rows and 2531984 columns (presolve time = 10s) ...
Presolve removed 2372765 rows and 2561648 columns
Presolve time: 10.89s
Presolved: 396003 rows, 712176 columns, 2420696 nonzeros

Concurrent LP optimizer: dual simplex and barrier
Showing barrier log only...

Ordering time: 0.99s
Ordering time: 2.07s

Barrier statistics:
 Dense cols : 271
 AA' NZ     : 3.270e+05
 Factor NZ  : 6.073e+06 (roughly 100 MB of memory)
 Factor Ops : 2.778e+09 (less than 1 second per iteration)
 Threads    : 3

                  Objective                Residual
Iter       Primal          Dual         Primal    Dual     Compl     Time
   0   8.39418916e+05  1.69876499e+07  3.50e+03 6.68e-01  1.05e+04    14s
   1  -2.61438342e+06  1.40288727e+07  1.19e+03 1.77e+00  2.57e+03    15s
   2  -2.58862756e+06  7.02797764e+06  2.28e+02 1.06e-01  4.69e+02    15s
   3  -8.14502231e+05  1.41647927e+06  3.71e+01 6.53e-03  7.88e+01    15s
   4  -1.95680954e+05  2.73371652e+05  8.07e+00 8.01e-05  1.54e+01    16s
   5  -1.12501772e+05  1.76423970e+05  4.55e+00 3.49e-05  8.78e+00    16s
   6  -1.79856310e+04  3.45019462e+04  4.36e-01 1.23e-11  1.15e+00    17s

Gurobi 11.0.3 (mac64[x86]) logging started Tue Apr  1 15:17:32 2025

Set parameter LogFile to value "Results/SanityCheck/with_storage_full.log"
Set parameter TimeLimit to value 27000
Gurobi Optimizer version 11.0.3 build v11.0.3rc0 (mac64[x86] - Darwin 23.4.0 23E214)

CPU model: Intel(R) Core(TM) i7-1060NG7 CPU @ 1.20GHz
Thread count: 4 physical cores, 8 logical processors, using up to 8 threads

Optimize a model with 2768768 rows, 3273824 columns and 11860592 nonzeros
Model fingerprint: 0xb5618c9e
Coefficient statistics:
  Matrix range     [1e+00, 4e+00]
  Objective range  [3e-05, 5e+00]
  Bounds range     [0e+00, 0e+00]
  RHS range        [1e-02, 1e+03]
Presolve removed 1864336 rows and 1856240 columns
Presolve time: 4.86s

Solved in 0 iterations and 4.86 seconds (2.31 work units)
Infeasible or unbounded model

Gurobi 11.0.3 (mac64[x86]) logging started Tue Apr  1 15:20:48 2025

Set parameter LogFile to value "Results/SanityCheck/with_storage_full.log"
Set parameter TimeLimit to value 27000
Gurobi Optimizer version 11.0.3 build v11.0.3rc0 (mac64[x86] - Darwin 23.4.0 23E214)

CPU model: Intel(R) Core(TM) i7-1060NG7 CPU @ 1.20GHz
Thread count: 4 physical cores, 8 logical processors, using up to 8 threads

Optimize a model with 2768768 rows, 3273824 columns and 11860592 nonzeros
Model fingerprint: 0xc1830c4a
Coefficient statistics:
  Matrix range     [1e+00, 4e+00]
  Objective range  [3e-05, 5e+00]
  Bounds range     [0e+00, 0e+00]
  RHS range        [1e-02, 1e+03]
Presolve removed 1864336 rows and 1856240 columns
Presolve time: 4.71s

Solved in 0 iterations and 4.71 seconds (2.31 work units)
Infeasible or unbounded model

Gurobi 11.0.3 (mac64[x86]) logging started Tue Apr  1 15:27:39 2025

Set parameter LogFile to value "Results/SanityCheck/with_storage_full.log"
Set parameter TimeLimit to value 27000
Gurobi Optimizer version 11.0.3 build v11.0.3rc0 (mac64[x86] - Darwin 23.4.0 23E214)

CPU model: Intel(R) Core(TM) i7-1060NG7 CPU @ 1.20GHz
Thread count: 4 physical cores, 8 logical processors, using up to 8 threads

Optimize a model with 2768768 rows, 3273824 columns and 11860592 nonzeros
Model fingerprint: 0x49b1fad6
Coefficient statistics:
  Matrix range     [2e-01, 1e+00]
  Objective range  [3e-05, 5e+00]
  Bounds range     [0e+00, 0e+00]
  RHS range        [1e-02, 1e+03]
Presolve removed 1864336 rows and 1856240 columns
Presolve time: 4.66s

Solved in 0 iterations and 4.66 seconds (2.31 work units)
Infeasible or unbounded model

Gurobi 11.0.3 (mac64[x86]) logging started Tue Apr  1 15:33:23 2025

Set parameter LogFile to value "Results/SanityCheck/with_storage_full.log"
Set parameter TimeLimit to value 27000
Gurobi Optimizer version 11.0.3 build v11.0.3rc0 (mac64[x86] - Darwin 23.4.0 23E214)

CPU model: Intel(R) Core(TM) i7-1060NG7 CPU @ 1.20GHz
Thread count: 4 physical cores, 8 logical processors, using up to 8 threads

Optimize a model with 1470080 rows, 1789536 columns and 6286704 nonzeros
Model fingerprint: 0xcd6278df
Coefficient statistics:
  Matrix range     [2e-01, 1e+00]
  Objective range  [6e-05, 5e+00]
  Bounds range     [0e+00, 0e+00]
  RHS range        [1e-02, 1e+03]
Presolve removed 994192 rows and 1044896 columns
Presolve time: 2.25s

Solved in 0 iterations and 2.25 seconds (1.20 work units)
Infeasible or unbounded model

Gurobi 11.0.3 (mac64[x86]) logging started Tue Apr  1 15:37:56 2025

Set parameter LogFile to value "Results/SanityCheck/with_storage_full.log"
Set parameter TimeLimit to value 27000
Gurobi Optimizer version 11.0.3 build v11.0.3rc0 (mac64[x86] - Darwin 23.4.0 23E214)

CPU model: Intel(R) Core(TM) i7-1060NG7 CPU @ 1.20GHz
Thread count: 4 physical cores, 8 logical processors, using up to 8 threads

Optimize a model with 1459832 rows, 1789536 columns and 6122736 nonzeros
Model fingerprint: 0x7126ce5c
Coefficient statistics:
  Matrix range     [1e+00, 1e+00]
  Objective range  [6e-05, 5e+00]
  Bounds range     [0e+00, 0e+00]
  RHS range        [1e-02, 1e+03]
Presolve removed 991752 rows and 1044896 columns
Presolve time: 2.44s

Solved in 0 iterations and 2.44 seconds (1.17 work units)
Infeasible or unbounded model

Gurobi 11.0.3 (mac64[x86]) logging started Tue Apr  1 21:34:00 2025

Set parameter LogFile to value "Results/SanityCheck/with_storage_full.log"
Set parameter TimeLimit to value 27000
Gurobi Optimizer version 11.0.3 build v11.0.3rc0 (mac64[x86] - Darwin 23.4.0 23E214)

CPU model: Intel(R) Core(TM) i7-1060NG7 CPU @ 1.20GHz
Thread count: 4 physical cores, 8 logical processors, using up to 8 threads

Optimize a model with 772800 rows, 894768 columns and 3061368 nonzeros
Model fingerprint: 0x116301eb
Coefficient statistics:
  Matrix range     [1e+00, 1e+00]
  Objective range  [6e-05, 5e+00]
  Bounds range     [0e+00, 0e+00]
  RHS range        [1e-02, 1e+03]
Presolve removed 536024 rows and 491432 columns
Presolve time: 1.11s

Solved in 0 iterations and 1.11 seconds (0.57 work units)
Infeasible or unbounded model

Gurobi 11.0.3 (mac64[x86]) logging started Tue Apr  1 21:54:31 2025

Set parameter LogFile to value "Results/SanityCheck/with_storage_full.log"
Set parameter TimeLimit to value 27000
Gurobi Optimizer version 11.0.3 build v11.0.3rc0 (mac64[x86] - Darwin 23.4.0 23E214)

CPU model: Intel(R) Core(TM) i7-1060NG7 CPU @ 1.20GHz
Thread count: 4 physical cores, 8 logical processors, using up to 8 threads

Optimize a model with 1477632 rows, 1789536 columns and 6347120 nonzeros
Model fingerprint: 0xa4ec9abe
Coefficient statistics:
  Matrix range     [2e-01, 1e+00]
  Objective range  [6e-05, 5e+00]
  Bounds range     [0e+00, 0e+00]
  RHS range        [1e-02, 1e+03]
Presolve removed 1001744 rows and 1044896 columns
Presolve time: 2.71s

Solved in 0 iterations and 2.71 seconds (1.21 work units)
Infeasible or unbounded model

Gurobi 11.0.3 (mac64[x86]) logging started Tue Apr  1 22:04:20 2025

Set parameter LogFile to value "Results/SanityCheck/with_storage_full.log"

Gurobi 11.0.3 (mac64[x86]) logging started Tue Apr  1 22:05:58 2025

Set parameter LogFile to value "Results/SanityCheck/with_storage_full.log"
Set parameter TimeLimit to value 27000
Gurobi Optimizer version 11.0.3 build v11.0.3rc0 (mac64[x86] - Darwin 23.4.0 23E214)

CPU model: Intel(R) Core(TM) i7-1060NG7 CPU @ 1.20GHz
Thread count: 4 physical cores, 8 logical processors, using up to 8 threads

Optimize a model with 1494976 rows, 1789536 columns and 6311600 nonzeros
Model fingerprint: 0xb64f69dd
Coefficient statistics:
  Matrix range     [2e-01, 1e+00]
  Objective range  [6e-05, 5e+00]
  Bounds range     [0e+00, 0e+00]
  RHS range        [1e-02, 1e+03]
Presolve removed 1019088 rows and 1044896 columns
Presolve time: 2.38s

Solved in 0 iterations and 2.38 seconds (1.19 work units)
Infeasible or unbounded model

Gurobi 11.0.3 (mac64[x86]) logging started Tue Apr  1 22:15:44 2025

Set parameter LogFile to value "Results/SanityCheck/with_storage_full.log"
Set parameter TimeLimit to value 27000
Gurobi Optimizer version 11.0.3 build v11.0.3rc0 (mac64[x86] - Darwin 23.4.0 23E214)

CPU model: Intel(R) Core(TM) i7-1060NG7 CPU @ 1.20GHz
Thread count: 4 physical cores, 8 logical processors, using up to 8 threads

Optimize a model with 1494976 rows, 1789536 columns and 6311600 nonzeros
Model fingerprint: 0xb64f69dd
Coefficient statistics:
  Matrix range     [2e-01, 1e+00]
  Objective range  [6e-05, 5e+00]
  Bounds range     [0e+00, 0e+00]
  RHS range        [1e-02, 1e+03]
Presolve removed 1019088 rows and 1044896 columns
Presolve time: 2.48s

Solved in 0 iterations and 2.48 seconds (1.19 work units)
Infeasible or unbounded model

Gurobi 11.0.3 (mac64[x86]) logging started Tue Apr  1 22:24:35 2025

Set parameter LogFile to value "Results/SanityCheck/with_storage_full.log"
Set parameter TimeLimit to value 27000
Gurobi Optimizer version 11.0.3 build v11.0.3rc0 (mac64[x86] - Darwin 23.4.0 23E214)

CPU model: Intel(R) Core(TM) i7-1060NG7 CPU @ 1.20GHz
Thread count: 4 physical cores, 8 logical processors, using up to 8 threads

Optimize a model with 1487424 rows, 1789536 columns and 6251184 nonzeros
Model fingerprint: 0x2452fc09
Coefficient statistics:
  Matrix range     [2e-01, 1e+00]
  Objective range  [6e-05, 5e+00]
  Bounds range     [0e+00, 0e+00]
  RHS range        [1e-02, 1e+03]
Presolve removed 1201586 rows and 1277728 columns
Presolve time: 4.51s

Solved in 0 iterations and 4.51 seconds (2.35 work units)
Infeasible or unbounded model

Gurobi 11.0.3 (mac64[x86]) logging started Tue Apr  1 22:26:50 2025

Set parameter LogFile to value "Results/SanityCheck/with_storage_full.log"
Set parameter TimeLimit to value 27000
Gurobi Optimizer version 11.0.3 build v11.0.3rc0 (mac64[x86] - Darwin 23.4.0 23E214)

CPU model: Intel(R) Core(TM) i7-1060NG7 CPU @ 1.20GHz
Thread count: 4 physical cores, 8 logical processors, using up to 8 threads

Optimize a model with 1484728 rows, 1789536 columns and 6147632 nonzeros
Model fingerprint: 0xdf25092f
Coefficient statistics:
  Matrix range     [1e+00, 1e+00]
  Objective range  [6e-05, 5e+00]
  Bounds range     [0e+00, 0e+00]
  RHS range        [1e-02, 1e+03]
Presolve removed 1016648 rows and 1044896 columns
Presolve time: 2.32s

Solved in 0 iterations and 2.32 seconds (1.17 work units)
Infeasible or unbounded model

Gurobi 11.0.3 (mac64[x86]) logging started Tue Apr  1 22:29:25 2025

Set parameter LogFile to value "Results/SanityCheck/with_storage_full.log"
Set parameter TimeLimit to value 27000
Gurobi Optimizer version 11.0.3 build v11.0.3rc0 (mac64[x86] - Darwin 23.4.0 23E214)

CPU model: Intel(R) Core(TM) i7-1060NG7 CPU @ 1.20GHz
Thread count: 4 physical cores, 8 logical processors, using up to 8 threads

Optimize a model with 1494976 rows, 1789536 columns and 6311600 nonzeros
Model fingerprint: 0x109bbd96
Coefficient statistics:
  Matrix range     [2e-01, 1e+00]
  Objective range  [6e-05, 5e+00]
  Bounds range     [0e+00, 0e+00]
  RHS range        [1e-02, 1e+03]
Presolve removed 1269714 rows and 1373444 columns (presolve time = 5s) ...
Presolve removed 1269735 rows and 1373444 columns
Presolve time: 5.27s
Presolved: 225241 rows, 416113 columns, 1360360 nonzeros

Concurrent LP optimizer: dual simplex and barrier
Showing barrier log only...

Ordering time: 2.11s

Barrier statistics:
 AA' NZ     : 3.754e+05
 Factor NZ  : 1.021e+07 (roughly 150 MB of memory)
 Factor Ops : 1.257e+10 (less than 1 second per iteration)
 Threads    : 3

                  Objective                Residual
Iter       Primal          Dual         Primal    Dual     Compl     Time
   0  -1.91317372e+06  1.60917670e+07  1.08e+04 1.57e+00  7.11e+03     9s
   1  -6.96462807e+06  1.28434000e+07  1.46e+03 9.14e-01  9.98e+02     9s
   2  -3.78308181e+06  4.17924645e+06  2.46e+02 5.48e-02  1.72e+02     9s
   3  -8.96829385e+05  9.70548375e+05  3.53e+01 3.34e-03  3.07e+01    10s
   4  -1.02966615e+05  2.16765932e+05  2.40e+00 6.47e-05  4.19e+00    11s
   5  -6.60468021e+02  6.35302117e+04  2.63e+00 1.21e-13  7.45e-01    11s
   6   1.35903799e+04  3.02800769e+04  4.16e-01 5.68e-14  1.86e-01    12s
   7   1.63347116e+04  2.47370711e+04  1.89e-01 4.76e-14  9.40e-02    12s
   8   1.84431869e+04  2.03818555e+04  4.10e-02 5.72e-14  2.18e-02    13s
   9   1.91613812e+04  1.96894123e+04  1.04e-02 5.94e-14  5.96e-03    14s
  10   1.93930716e+04  1.95350143e+04  2.59e-03 8.45e-14  1.60e-03    14s
  11   1.94316787e+04  1.94959487e+04  1.49e-03 1.07e-13  7.33e-04    15s
  12   1.94657651e+04  1.94928559e+04  5.77e-04 8.78e-14  3.08e-04    16s
  13   1.94862075e+04  1.94891358e+04  4.07e-05 1.02e-13  3.30e-05    16s
  14   1.94882076e+04  1.94884745e+04  8.80e-07 1.04e-13  2.96e-06    17s
  15   1.94882795e+04  1.94883741e+04  2.31e-07 1.24e-13  1.05e-06    17s
  16   1.94883079e+04  1.94883237e+04  3.18e-08 2.11e-13  1.74e-07    18s
  17   1.94883140e+04  1.94883145e+04  1.39e-09 2.55e-13  6.20e-09    18s
  18   1.94883144e+04  1.94883144e+04  5.01e-09 2.85e-13  3.14e-10    19s

Barrier solved model in 18 iterations and 19.03 seconds (14.57 work units)
Optimal objective 1.94883144e+04

Crossover log...

   27837 DPushes remaining with DInf 1.7929997e-02                19s
       0 DPushes remaining with DInf 1.0875000e-02                19s

   14698 PPushes remaining with PInf 1.4404665e-04                19s
       0 PPushes remaining with PInf 0.0000000e+00                20s

  Push phase complete: Pinf 0.0000000e+00, Dinf 6.1200219e+00     20s

Iteration    Objective       Primal Inf.    Dual Inf.      Time
   41761    1.9488314e+04   0.000000e+00   6.120022e+00     20s

Solved with barrier
   42495    1.9488314e+04   0.000000e+00   4.227105e+03     20s
Extra simplex iterations after uncrush: 2672
   45020    1.9488314e+04   0.000000e+00   0.000000e+00     21s

Use crossover to convert LP symmetric solution to basic solution...
Crossover log...

   11520 DPushes remaining with DInf 0.0000000e+00                21s
       0 DPushes remaining with DInf 0.0000000e+00                22s

    1040 PPushes remaining with PInf 0.0000000e+00                22s
       0 PPushes remaining with PInf 0.0000000e+00                22s

  Push phase complete: Pinf 0.0000000e+00, Dinf 1.8656632e-11     22s

Iteration    Objective       Primal Inf.    Dual Inf.      Time
   76870    1.9488413e+04   0.000000e+00   1.421389e+05     26s
Extra simplex iterations after uncrush: 19302

Stopped in 76870 iterations and 26.13 seconds (18.87 work units)
Solve interrupted

Gurobi 11.0.3 (mac64[x86]) logging started Tue Apr  1 22:35:25 2025

Set parameter LogFile to value "Results/SanityCheck/with_storage_full.log"
Set parameter TimeLimit to value 27000
Gurobi Optimizer version 11.0.3 build v11.0.3rc0 (mac64[x86] - Darwin 23.4.0 23E214)

CPU model: Intel(R) Core(TM) i7-1060NG7 CPU @ 1.20GHz
Thread count: 4 physical cores, 8 logical processors, using up to 8 threads

Optimize a model with 1494976 rows, 1789536 columns and 6311600 nonzeros
Model fingerprint: 0xeeb4fc38
Coefficient statistics:
  Matrix range     [2e-01, 1e+00]
  Objective range  [6e-05, 5e+00]
  Bounds range     [0e+00, 0e+00]
  RHS range        [1e-02, 1e+03]
Presolve removed 1254151 rows and 1342504 columns (presolve time = 5s) ...
Presolve removed 1268429 rows and 1371116 columns
Presolve time: 5.85s
Presolved: 226547 rows, 418441 columns, 1366891 nonzeros

Concurrent LP optimizer: dual simplex and barrier
Showing barrier log only...

Ordering time: 2.51s

Barrier statistics:
 AA' NZ     : 3.903e+05
 Factor NZ  : 9.885e+06 (roughly 150 MB of memory)
 Factor Ops : 1.119e+10 (less than 1 second per iteration)
 Threads    : 3

                  Objective                Residual
Iter       Primal          Dual         Primal    Dual     Compl     Time
   0  -3.36963940e+06  7.16937228e+07  1.83e+04 1.06e+01  3.20e+04    10s
   1  -1.02898286e+07  5.83079001e+07  2.59e+03 4.79e+00  4.52e+03    10s
   2  -8.15930563e+06  1.91751742e+07  5.25e+02 2.26e-01  7.15e+02    11s
   3  -2.68742869e+06  3.65321647e+06  8.84e+01 9.57e-03  1.25e+02    11s
   4  -3.91122613e+05  9.03628589e+05  8.65e+00 2.13e-04  1.85e+01    12s
   5  -1.14894867e+05  4.54433866e+05  2.49e+00 3.47e-05  7.16e+00    12s
   6   3.38444174e+02  7.85117349e+04  2.12e-01 8.53e-13  8.92e-01    13s
   7   1.73528255e+04  2.75453730e+04  1.02e-02 1.88e-13  1.11e-01    14s
   8   2.05381838e+04  2.32410532e+04  1.33e-03 1.69e-13  2.91e-02    15s
   9   2.11852723e+04  2.21255515e+04  3.07e-04 2.24e-13  1.01e-02    15s
  10   2.13687817e+04  2.17227325e+04  1.17e-04 3.44e-13  3.81e-03    16s
  11   2.14734376e+04  2.15877919e+04  3.74e-05 4.08e-13  1.23e-03    17s
  12   2.15247140e+04  2.15655056e+04  8.62e-06 3.47e-13  4.39e-04    17s
  13   2.15361563e+04  2.15539081e+04  3.29e-06 4.12e-13  1.91e-04    18s
  14   2.15401721e+04  2.15505721e+04  1.56e-06 5.49e-13  1.12e-04    19s
  15   2.15425880e+04  2.15464100e+04  5.99e-07 8.56e-13  4.11e-05    20s
  16   2.15433681e+04  2.15455950e+04  3.37e-07 8.71e-13  2.40e-05    21s
  17   2.15439399e+04  2.15450755e+04  1.52e-07 9.32e-13  1.22e-05    22s
  18   2.15442214e+04  2.15446804e+04  6.41e-08 9.04e-13  4.95e-06    24s
  19   2.15443444e+04  2.15445514e+04  2.96e-08 7.72e-13  2.23e-06    25s
  20   2.15444430e+04  2.15445045e+04  5.20e-09 1.30e-12  6.62e-07    27s
  21   2.15444623e+04  2.15444794e+04  7.79e-10 1.35e-12  1.83e-07    28s
  22   2.15444660e+04  2.15444714e+04  5.13e-10 2.02e-12  5.81e-08    30s
  23   2.15444670e+04  2.15444677e+04  3.59e-08 4.31e-12  7.96e-09    32s
  24   2.15444672e+04  2.15444673e+04  1.11e-07 4.06e-12  1.30e-09    34s

Barrier solved model in 24 iterations and 33.80 seconds (16.51 work units)
Optimal objective 2.15444672e+04

Crossover log...

   26589 DPushes remaining with DInf 5.7699737e-04                34s

Solved with dual simplex
Iteration    Objective       Primal Inf.    Dual Inf.      Time
  119360    2.1544467e+04   0.000000e+00   2.861531e+04     35s
Extra simplex iterations after uncrush: 58
  119418    2.1544467e+04   0.000000e+00   0.000000e+00     35s

Use crossover to convert LP symmetric solution to basic solution...
Crossover log...

    8645 DPushes remaining with DInf 0.0000000e+00                36s
       0 DPushes remaining with DInf 0.0000000e+00                37s

     677 PPushes remaining with PInf 0.0000000e+00                37s
       0 PPushes remaining with PInf 0.0000000e+00                37s

  Push phase complete: Pinf 0.0000000e+00, Dinf 9.4304009e-12     37s

Iteration    Objective       Primal Inf.    Dual Inf.      Time
  138986    2.1544467e+04   0.000000e+00   2.055691e+05     41s
  148654    2.1544698e+04   0.000000e+00   1.193180e+05     45s
  152377    2.1544760e+04   0.000000e+00   1.842370e+05     52s
  153106    2.1544772e+04   0.000000e+00   1.639474e+05     57s
  154926    2.1544799e+04   0.000000e+00   2.155537e+05     60s
Extra simplex iterations after uncrush: 32578

Stopped in 158619 iterations and 69.13 seconds (19.98 work units)
Solve interrupted

Gurobi 11.0.3 (mac64[x86]) logging started Tue Apr  1 22:38:28 2025

Set parameter LogFile to value "Results/SanityCheck/with_storage_full.log"
Set parameter TimeLimit to value 27000
Gurobi Optimizer version 11.0.3 build v11.0.3rc0 (mac64[x86] - Darwin 23.4.0 23E214)

CPU model: Intel(R) Core(TM) i7-1060NG7 CPU @ 1.20GHz
Thread count: 4 physical cores, 8 logical processors, using up to 8 threads

Optimize a model with 1564832 rows, 1948128 columns and 6945968 nonzeros
Model fingerprint: 0xbff35c46
Coefficient statistics:
  Matrix range     [2e-01, 1e+00]
  Objective range  [6e-05, 5e+00]
  Bounds range     [0e+00, 0e+00]
  RHS range        [1e-02, 1e+03]
Presolve removed 1285676 rows and 1409443 columns (presolve time = 5s) ...
Presolve removed 1286033 rows and 1409495 columns
Presolve time: 5.85s
Presolved: 278799 rows, 538670 columns, 1820772 nonzeros

Concurrent LP optimizer: dual simplex and barrier
Showing barrier log only...

Ordering time: 2.37s

Barrier statistics:
 AA' NZ     : 7.363e+05
 Factor NZ  : 2.525e+07 (roughly 300 MB of memory)
 Factor Ops : 2.717e+10 (roughly 1 second per iteration)
 Threads    : 3

                  Objective                Residual
Iter       Primal          Dual         Primal    Dual     Compl     Time
   0  -2.97258450e+05  3.71302666e+07  8.27e+03 2.53e+01  1.21e+04    10s
   1  -1.20360158e+07  2.76134479e+07  1.37e+03 2.95e+00  1.94e+03    11s
   2  -7.60618633e+06  7.83507428e+06  2.65e+02 2.01e-01  3.00e+02    12s
   3  -1.64901113e+06  2.38836858e+06  3.36e+01 2.13e-02  5.22e+01    13s
   4  -2.94052149e+05  5.55656479e+05  4.80e+00 2.33e-03  9.27e+00    14s
   5  -1.82594685e+04  1.02369733e+05  2.62e-01 1.66e-04  1.07e+00    15s
   6   1.27347202e+04  3.29581216e+04  9.11e-03 1.87e-05  1.65e-01    16s
   7   1.88360204e+04  2.37370019e+04  1.44e-03 3.43e-06  3.94e-02    18s
   8   2.07328919e+04  2.21104170e+04  2.92e-04 8.71e-07  1.10e-02    19s
   9   2.14065211e+04  2.15900684e+04  1.31e-05 1.22e-07  1.46e-03    21s
  10   2.14531225e+04  2.15507491e+04  5.07e-06 7.66e-08  7.77e-04    22s
  11   2.14821881e+04  2.14986084e+04  4.58e-07 1.03e-08  1.31e-04    23s
  12   2.14876244e+04  2.14909238e+04  9.94e-08 1.32e-09  2.64e-05    25s
  13   2.14885682e+04  2.14902073e+04  4.87e-08 6.27e-10  1.31e-05    26s
  14   2.14889676e+04  2.14899301e+04  2.85e-08 3.54e-10  7.70e-06    27s
  15   2.14892212e+04  2.14897564e+04  1.60e-08 1.81e-10  4.28e-06    29s
  16   2.14892323e+04  2.14897524e+04  1.55e-08 1.77e-10  4.16e-06    30s
  17   2.14892532e+04  2.14897491e+04  1.45e-08 1.74e-10  3.97e-06    32s
  18   2.14893175e+04  2.14896813e+04  1.15e-08 1.11e-10  2.91e-06    34s
  19   2.14894307e+04  2.14896429e+04  6.18e-09 7.52e-11  1.70e-06    39s
  20   2.14894642e+04  2.14896088e+04  4.62e-09 4.21e-11  1.16e-06    41s
  21   2.14894989e+04  2.14896006e+04  3.03e-09 3.40e-11  8.14e-07    43s
  22   2.14895048e+04  2.14895936e+04  2.76e-09 2.73e-11  7.12e-07    44s
  23   2.14895226e+04  2.14895759e+04  1.95e-09 1.01e-11  4.28e-07    45s
  24   2.14895301e+04  2.14895744e+04  1.61e-09 8.59e-12  3.55e-07    47s
  25   2.14895317e+04  2.14895741e+04  1.53e-09 8.37e-12  3.41e-07    48s
  26   2.14895519e+04  2.14895661e+04  2.24e-09 3.25e-12  1.14e-07    50s
  27   2.14895553e+04  2.14895659e+04  1.95e-06 2.38e-12  8.46e-08    51s
  28   2.14895558e+04  2.14895658e+04  1.85e-06 2.75e-12  8.06e-08    53s
  29   2.14895595e+04  2.14895657e+04  1.15e-06 2.72e-12  5.01e-08    54s
  30   2.14895609e+04  2.14895656e+04  8.73e-07 3.28e-12  3.84e-08    56s
  31   2.14895635e+04  2.14895652e+04  3.98e-07 2.05e-12  1.38e-08    57s
  32   2.14895648e+04  2.14895652e+04  9.84e-08 2.75e-12  3.40e-09    59s
  33   2.14895652e+04  2.14895652e+04  7.21e-07 2.58e-12  4.49e-10    61s

Barrier solved model in 33 iterations and 60.76 seconds (43.18 work units)
Optimal objective 2.14895652e+04

Crossover log...

   28138 DPushes remaining with DInf 3.2290299e-01                61s
       0 DPushes remaining with DInf 4.4250000e-02                62s

   38353 PPushes remaining with PInf 1.9319950e-04                62s
       0 PPushes remaining with PInf 0.0000000e+00                62s

  Push phase complete: Pinf 0.0000000e+00, Dinf 3.5543750e-01     62s

Iteration    Objective       Primal Inf.    Dual Inf.      Time
   64693    2.1489565e+04   0.000000e+00   3.554375e-01     63s

Solved with barrier
Extra simplex iterations after uncrush: 4
   65276    2.1489565e+04   0.000000e+00   0.000000e+00     63s

Use crossover to convert LP symmetric solution to basic solution...
Crossover log...

    4833 DPushes remaining with DInf 0.0000000e+00                64s
       0 DPushes remaining with DInf 0.0000000e+00                64s

    2200 PPushes remaining with PInf 0.0000000e+00                64s
       0 PPushes remaining with PInf 0.0000000e+00                64s

  Push phase complete: Pinf 0.0000000e+00, Dinf 1.4574568e-11     64s

Iteration    Objective       Primal Inf.    Dual Inf.      Time
   80246    2.1489735e+04   0.000000e+00   1.209132e+06     71s
   82361    2.1489763e+04   0.000000e+00   3.460294e+05     76s
   84923    2.1489792e+04   0.000000e+00   1.020429e+06     83s
   86342    2.1489803e+04   0.000000e+00   1.149361e+06     87s
   88898    2.1489813e+04   0.000000e+00   1.508610e+06     92s
   90872    2.1489818e+04   0.000000e+00   7.396925e+05     97s
   93115    2.1489820e+04   0.000000e+00   1.889211e+06    102s
   95540    2.1489821e+04   0.000000e+00   2.189425e+06    108s
   96680    2.1489822e+04   0.000000e+00   2.177542e+06    111s
   98093    2.1489823e+04   0.000000e+00   1.904803e+06    115s
   99539    2.1489825e+04   0.000000e+00   1.059452e+06    121s
Extra simplex iterations after uncrush: 27557

Stopped in 99614 iterations and 122.72 seconds (74.35 work units)
Solve interrupted
