
Gurobi 10.0.1 (linux64) logging started Thu Apr  3 11:17:59 2025

Set parameter LogFile to value "Results/FullCheck/with_one_hydrogen_with_storage.log"
Set parameter TimeLimit to value 84600
Gurobi Optimizer version 10.0.1 build v10.0.1rc0 (linux64)

CPU model: AMD EPYC 9654 96-Core Processor, instruction set [SSE2|AVX|AVX2|AVX512]
Thread count: 192 physical cores, 192 logical processors, using up to 32 threads

Academic license 656792 - for non-commercial use only - registered to b.___@student.vu.nl
Optimize a model with 1564832 rows, 1948128 columns and 6945968 nonzeros
Model fingerprint: 0xe38693a7
Coefficient statistics:
  Matrix range     [2e-01, 1e+00]
  Objective range  [6e-05, 5e+00]
  Bounds range     [0e+00, 0e+00]
  RHS range        [1e-02, 1e+03]
Presolve removed 1281599 rows and 1407447 columns
Presolve time: 3.83s
Presolved: 283233 rows, 540681 columns, 1845421 nonzeros

Concurrent LP optimizer: primal simplex, dual simplex, and barrier
Showing barrier log only...

Ordering time: 1.96s

Barrier statistics:
 AA' NZ     : 8.922e+05
 Factor NZ  : 4.258e+07 (roughly 400 MB of memory)
 Factor Ops : 8.481e+10 (less than 1 second per iteration)
 Threads    : 30

                  Objective                Residual
Iter       Primal          Dual         Primal    Dual     Compl     Time
   0  -4.35951667e+05  4.02009082e+07  6.34e+03 5.06e+01  2.36e+04     7s
   1  -9.12021318e+06  3.11166690e+07  2.44e+03 1.23e+01  7.29e+03     7s
   2  -9.36017460e+06  1.62379586e+07  5.08e+02 6.24e-01  1.13e+03     7s
   3  -2.76581086e+06  5.08146009e+06  9.01e+01 6.60e-02  2.25e+02     8s
   4  -4.33567434e+05  1.33943616e+06  1.15e+01 9.04e-03  3.91e+01     8s
   5  -9.41140141e+04  3.93083870e+05  1.69e+00 1.85e-03  9.24e+00     8s
   6  -1.26556675e+04  1.15661578e+05  2.58e-01 3.82e-04  2.18e+00     8s
   7   4.79147374e+03  7.07805536e+04  8.87e-02 2.02e-04  1.07e+00     8s
   8   1.26510369e+04  4.59781993e+04  3.42e-02 1.02e-04  5.29e-01     9s
   9   1.67213840e+04  3.34347650e+04  1.40e-02 5.13e-05  2.61e-01     9s
  10   1.90100380e+04  3.01848773e+04  5.97e-03 3.75e-05  1.72e-01     9s
  11   2.04369510e+04  2.66836994e+04  2.00e-03 2.23e-05  9.53e-02     9s
  12   2.09894586e+04  2.46880869e+04  9.69e-04 1.32e-05  5.63e-02     9s
  13   2.14053289e+04  2.29168275e+04  3.72e-04 5.13e-06  2.30e-02    10s
  14   2.15890018e+04  2.22060962e+04  1.78e-04 1.81e-06  9.40e-03    10s
  15   2.16642268e+04  2.19621607e+04  1.11e-04 7.23e-07  4.55e-03    10s
  16   2.17291685e+04  2.18596295e+04  5.72e-05 2.55e-07  2.00e-03    10s
  17   2.17747191e+04  2.18322756e+04  2.02e-05 1.29e-07  8.79e-04    10s
  18   2.17948232e+04  2.18102412e+04  5.24e-06 3.03e-08  2.36e-04    11s
  19   2.18009421e+04  2.18057121e+04  1.31e-06 1.04e-08  7.28e-05    11s
  20   2.18020500e+04  2.18048441e+04  6.38e-07 6.81e-09  4.25e-05    11s
  21   2.18026555e+04  2.18040918e+04  2.85e-07 3.62e-09  2.19e-05    11s
  22   2.18029911e+04  2.18036084e+04  1.14e-07 1.53e-09  9.39e-06    12s
  23   2.18031576e+04  2.18033351e+04  3.64e-08 3.52e-10  2.70e-06    12s
  24   2.18031912e+04  2.18032840e+04  2.26e-08 1.40e-10  1.42e-06    12s
  25   2.18032048e+04  2.18032697e+04  1.71e-08 8.13e-11  9.93e-07    12s
  26   2.18032328e+04  2.18032547e+04  5.91e-09 2.04e-11  3.36e-07    12s
  27   2.18032476e+04  2.18032497e+04  5.15e-07 1.68e-12  3.12e-08    13s
  28   2.18032491e+04  2.18032491e+04  4.90e-08 6.43e-13  9.95e-10    13s

Barrier solved model in 28 iterations and 12.92 seconds (14.92 work units)
Optimal objective 2.18032491e+04

Crossover log...

   28367 DPushes remaining with DInf 3.3947341e-01                13s
       0 DPushes remaining with DInf 2.1500000e-02                14s

   44572 PPushes remaining with PInf 2.6664479e-05                14s
       0 PPushes remaining with PInf 0.0000000e+00                14s

  Push phase complete: Pinf 0.0000000e+00, Dinf 2.3914333e+01     14s

Iteration    Objective       Primal Inf.    Dual Inf.      Time
   71266    2.1803249e+04   0.000000e+00   2.391433e+01     14s

Solved with barrier
Extra simplex iterations after uncrush: 2
   73070    2.1803249e+04   0.000000e+00   0.000000e+00     15s

Use crossover to convert LP symmetric solution to basic solution...
Crossover log...

    5075 DPushes remaining with DInf 0.0000000e+00                15s
       0 DPushes remaining with DInf 0.0000000e+00                15s

    2336 PPushes remaining with PInf 0.0000000e+00                15s
       0 PPushes remaining with PInf 0.0000000e+00                16s

  Push phase complete: Pinf 0.0000000e+00, Dinf 1.6530668e-11     16s

Iteration    Objective       Primal Inf.    Dual Inf.      Time
   86496    2.1803370e+04   0.000000e+00   8.429263e+05     20s
   89914    2.1803434e+04   0.000000e+00   2.789294e+06     26s
   92370    2.1803450e+04   0.000000e+00   1.063381e+06     31s
   94343    2.1803454e+04   0.000000e+00   4.906570e+05     35s
   96973    2.1803458e+04   0.000000e+00   4.897277e+05     41s
   99356    2.1803462e+04   0.000000e+00   4.881164e+06     45s
  101928    2.1803465e+04   0.000000e+00   1.705752e+06     52s
  103156    2.1803466e+04   0.000000e+00   4.974878e+05     57s
  104384    2.1803467e+04   0.000000e+00   6.496400e+05     62s
  105612    2.1803469e+04   0.000000e+00   4.539239e+05     67s
  106840    2.1803470e+04   0.000000e+00   1.728842e+06     73s
  107454    2.1803470e+04   0.000000e+00   1.064351e+06     76s
  108682    2.1803471e+04   0.000000e+00   1.021112e+06     83s
  109296    2.1803472e+04   0.000000e+00   7.957243e+05     87s
  109910    2.1803473e+04   0.000000e+00   1.346777e+06     90s
  111138    2.1803475e+04   0.000000e+00   1.156031e+06     98s
  111752    2.1803476e+04   0.000000e+00   1.105171e+06    102s
  112366    2.1803477e+04   0.000000e+00   1.255839e+06    106s
  113594    2.1803479e+04   0.000000e+00   2.195253e+06    113s
  114208    2.1803480e+04   0.000000e+00   6.872639e+05    117s
  114822    2.1803480e+04   0.000000e+00   5.136057e+05    121s
  116050    2.1803481e+04   0.000000e+00   1.026440e+06    128s
  116664    2.1803482e+04   0.000000e+00   1.486360e+06    132s
  117278    2.1803483e+04   0.000000e+00   6.227485e+05    137s
  117892    2.1803483e+04   0.000000e+00   2.148321e+06    141s
  118506    2.1803484e+04   0.000000e+00   4.271532e+05    145s
  119734    2.1803485e+04   0.000000e+00   1.432359e+06    154s
  120348    2.1803486e+04   0.000000e+00   2.058775e+06    160s
  120962    2.1803486e+04   0.000000e+00   7.708577e+05    164s
  121576    2.1803487e+04   0.000000e+00   9.200115e+05    169s
  122190    2.1803487e+04   0.000000e+00   4.423589e+05    173s
  122804    2.1803488e+04   0.000000e+00   7.166656e+05    177s
  123418    2.1803488e+04   0.000000e+00   9.039571e+05    181s
  124032    2.1803489e+04   0.000000e+00   1.688794e+06    186s
  124646    2.1803490e+04   0.000000e+00   6.429479e+05    191s
  125260    2.1803490e+04   0.000000e+00   9.800881e+05    196s
  125874    2.1803491e+04   0.000000e+00   4.422256e+06    201s
  126488    2.1803491e+04   0.000000e+00   1.117499e+06    206s
  127102    2.1803492e+04   0.000000e+00   1.507137e+06    211s
  127716    2.1803492e+04   0.000000e+00   1.713393e+06    215s
  128330    2.1803493e+04   0.000000e+00   2.943609e+06    221s
  128944    2.1803493e+04   0.000000e+00   1.821382e+06    226s
  129558    2.1803494e+04   0.000000e+00   1.016301e+06    232s
  130172    2.1803494e+04   0.000000e+00   2.822857e+06    236s
  130786    2.1803495e+04   0.000000e+00   5.507758e+05    240s
  132014    2.1803496e+04   0.000000e+00   2.690715e+06    249s
  132628    2.1803497e+04   0.000000e+00   1.039642e+06    255s
  133242    2.1803497e+04   0.000000e+00   7.751123e+05    260s
  133856    2.1803498e+04   0.000000e+00   1.369121e+06    265s
  134470    2.1803498e+04   0.000000e+00   1.980706e+06    270s
  135084    2.1803499e+04   0.000000e+00   8.433243e+05    275s
  135698    2.1803499e+04   0.000000e+00   1.134293e+06    280s
  136926    2.1803500e+04   0.000000e+00   4.901755e+05    290s
  137540    2.1803501e+04   0.000000e+00   1.355131e+06    296s
  138154    2.1803502e+04   0.000000e+00   1.906721e+06    301s
  138768    2.1803502e+04   0.000000e+00   1.626280e+06    306s
  139382    2.1803503e+04   0.000000e+00   3.140811e+06    311s
  139996    2.1803503e+04   0.000000e+00   4.038597e+06    316s
  140610    2.1803504e+04   0.000000e+00   8.154584e+05    321s
  141224    2.1803504e+04   0.000000e+00   1.533352e+06    326s
  141838    2.1803505e+04   0.000000e+00   4.858703e+06    331s
  142452    2.1803505e+04   0.000000e+00   1.596314e+06    337s
  143066    2.1803505e+04   0.000000e+00   4.228226e+05    342s
  143680    2.1803506e+04   0.000000e+00   1.454043e+06    347s
  144294    2.1803506e+04   0.000000e+00   4.480114e+05    351s
  144908    2.1803507e+04   0.000000e+00   4.496713e+06    356s
  145522    2.1803507e+04   0.000000e+00   1.134688e+06    361s
  146136    2.1803507e+04   0.000000e+00   1.033918e+06    366s
  146750    2.1803508e+04   0.000000e+00   1.165524e+06    371s
  147364    2.1803508e+04   0.000000e+00   7.448485e+05    377s
  147978    2.1803509e+04   0.000000e+00   2.502103e+06    382s
  148592    2.1803509e+04   0.000000e+00   1.846469e+06    388s
  149206    2.1803509e+04   0.000000e+00   1.259159e+06    393s
  149820    2.1803510e+04   0.000000e+00   5.863442e+05    399s
  150434    2.1803510e+04   0.000000e+00   6.330527e+05    405s
  151048    2.1803510e+04   0.000000e+00   1.508094e+06    410s
  151662    2.1803511e+04   0.000000e+00   1.299773e+06    415s
  152276    2.1803511e+04   0.000000e+00   2.968329e+06    421s
  152890    2.1803512e+04   0.000000e+00   3.279010e+05    427s
  153504    2.1803512e+04   0.000000e+00   1.319872e+06    433s
  154118    2.1803513e+04   0.000000e+00   5.413885e+05    439s
  154732    2.1803513e+04   0.000000e+00   8.473669e+05    446s
  155346    2.1803513e+04   0.000000e+00   4.788496e+05    452s
  155960    2.1803514e+04   0.000000e+00   6.801336e+05    458s
  156574    2.1803514e+04   0.000000e+00   6.793062e+05    463s
  157188    2.1803515e+04   0.000000e+00   3.912318e+05    469s
  157802    2.1803515e+04   0.000000e+00   1.909149e+06    474s
  158416    2.1803515e+04   0.000000e+00   1.294044e+06    479s
  159030    2.1803516e+04   0.000000e+00   1.215863e+06    485s
  159644    2.1803516e+04   0.000000e+00   8.128465e+05    490s
  160258    2.1803517e+04   0.000000e+00   8.875669e+05    496s
  160872    2.1803517e+04   0.000000e+00   1.234471e+06    502s
  161486    2.1803517e+04   0.000000e+00   1.227583e+06    508s
  162100    2.1803518e+04   0.000000e+00   1.597025e+06    514s
  162714    2.1803518e+04   0.000000e+00   9.302375e+05    520s
  163328    2.1803519e+04   0.000000e+00   3.555021e+06    526s
  163942    2.1803519e+04   0.000000e+00   5.502593e+06    532s
  164556    2.1803519e+04   0.000000e+00   5.945227e+05    538s
  165170    2.1803520e+04   0.000000e+00   3.753444e+05    543s
  165784    2.1803520e+04   0.000000e+00   1.455661e+06    549s
  166398    2.1803520e+04   0.000000e+00   8.105495e+05    555s
  167012    2.1803521e+04   0.000000e+00   2.153675e+06    561s
  167626    2.1803521e+04   0.000000e+00   3.341509e+06    567s
  168240    2.1803522e+04   0.000000e+00   6.115085e+05    573s
  168854    2.1803522e+04   0.000000e+00   9.891426e+05    580s
  169468    2.1803523e+04   0.000000e+00   1.261426e+06    587s
  170082    2.1803523e+04   0.000000e+00   1.118206e+06    593s
  170696    2.1803523e+04   0.000000e+00   4.985184e+05    599s
  171310    2.1803524e+04   0.000000e+00   1.059773e+06    605s
  171924    2.1803524e+04   0.000000e+00   1.467185e+06    611s
  172538    2.1803524e+04   0.000000e+00   1.569846e+06    617s
  173152    2.1803524e+04   0.000000e+00   6.829397e+05    624s
  173766    2.1803525e+04   0.000000e+00   6.190894e+05    630s
  174380    2.1803525e+04   0.000000e+00   1.016049e+06    635s
  174994    2.1803525e+04   0.000000e+00   1.094057e+06    641s
  175608    2.1803525e+04   0.000000e+00   9.643743e+06    647s
  176222    2.1803526e+04   0.000000e+00   6.765947e+05    654s
  176836    2.1803526e+04   0.000000e+00   5.204715e+05    659s
  177450    2.1803527e+04   0.000000e+00   1.274628e+06    666s
  178064    2.1803527e+04   0.000000e+00   1.350037e+06    672s
  178678    2.1803527e+04   0.000000e+00   4.566888e+05    678s
  179292    2.1803528e+04   0.000000e+00   5.347578e+05    684s
  179906    2.1803528e+04   0.000000e+00   1.289670e+06    690s
  180520    2.1803528e+04   0.000000e+00   1.156756e+06    696s
  181134    2.1803529e+04   0.000000e+00   4.828258e+05    702s
  181748    2.1803529e+04   0.000000e+00   4.981487e+05    708s
  182362    2.1803529e+04   0.000000e+00   2.035311e+06    714s
  182976    2.1803530e+04   0.000000e+00   4.147262e+05    721s
  183590    2.1803530e+04   0.000000e+00   2.432249e+06    727s
  184204    2.1803530e+04   0.000000e+00   5.985295e+06    734s
  184804    2.1803530e+04   0.000000e+00   8.784989e+05    740s
  185418    2.1803531e+04   0.000000e+00   2.313624e+06    746s
  186032    2.1803531e+04   0.000000e+00   1.134755e+06    753s
  186646    2.1803531e+04   0.000000e+00   4.673509e+05    759s
  187260    2.1803532e+04   0.000000e+00   3.696361e+05    766s
  187874    2.1803532e+04   0.000000e+00   4.120252e+05    772s
  188488    2.1803532e+04   0.000000e+00   2.640447e+06    779s
  189102    2.1803532e+04   0.000000e+00   6.898223e+05    785s
  189716    2.1803533e+04   0.000000e+00   9.884760e+05    791s
  190330    2.1803533e+04   0.000000e+00   6.479410e+05    798s
  190944    2.1803533e+04   0.000000e+00   3.701615e+05    805s
  191558    2.1803533e+04   0.000000e+00   1.437983e+06    811s
  192172    2.1803534e+04   0.000000e+00   2.505220e+05    817s
  192786    2.1803534e+04   0.000000e+00   2.221670e+06    824s
  193400    2.1803534e+04   0.000000e+00   3.473002e+05    831s
  194014    2.1803534e+04   0.000000e+00   6.978749e+05    837s
  194628    2.1803535e+04   0.000000e+00   5.408090e+05    844s
  195242    2.1803535e+04   0.000000e+00   2.885058e+05    851s
  195832    2.1803535e+04   0.000000e+00   7.501638e+06    857s
  196412    2.1803535e+04   0.000000e+00   1.030581e+06    864s
  197026    2.1803536e+04   0.000000e+00   9.734836e+05    871s
  197640    2.1803536e+04   0.000000e+00   3.098896e+05    877s
  198254    2.1803536e+04   0.000000e+00   4.892985e+05    883s
  198868    2.1803537e+04   0.000000e+00   1.889961e+06    890s
  199482    2.1803537e+04   0.000000e+00   4.235717e+05    896s
  200096    2.1803537e+04   0.000000e+00   6.200104e+05    903s
  200710    2.1803537e+04   0.000000e+00   7.229980e+05    909s
  201324    2.1803538e+04   0.000000e+00   3.358669e+06    915s
  201938    2.1803538e+04   0.000000e+00   5.524009e+05    921s
  202552    2.1803538e+04   0.000000e+00   6.310661e+05    927s
  203166    2.1803538e+04   0.000000e+00   3.661561e+06    933s
  203780    2.1803539e+04   0.000000e+00   3.188912e+05    939s
  204394    2.1803539e+04   0.000000e+00   3.226373e+05    945s
  205008    2.1803539e+04   0.000000e+00   3.775965e+05    951s
  205622    2.1803539e+04   0.000000e+00   3.467937e+06    957s
  206236    2.1803540e+04   0.000000e+00   6.252536e+05    964s
  206850    2.1803540e+04   0.000000e+00   3.678241e+05    970s
  207464    2.1803540e+04   0.000000e+00   2.269979e+06    977s
  208078    2.1803541e+04   0.000000e+00   1.463988e+06    983s
  208692    2.1803541e+04   0.000000e+00   7.796576e+05    989s
  209306    2.1803541e+04   0.000000e+00   2.148370e+06    995s
  209920    2.1803542e+04   0.000000e+00   1.107710e+06   1002s
  210534    2.1803542e+04   0.000000e+00   5.607427e+05   1008s
  211148    2.1803542e+04   0.000000e+00   4.324063e+05   1014s
  211762    2.1803542e+04   0.000000e+00   2.631064e+06   1020s
  212376    2.1803542e+04   0.000000e+00   6.387179e+05   1026s
  212990    2.1803543e+04   0.000000e+00   3.310112e+05   1033s
  213604    2.1803543e+04   0.000000e+00   1.972960e+06   1040s
  214218    2.1803543e+04   0.000000e+00   1.136422e+06   1046s
  214818    2.1803543e+04   0.000000e+00   1.460372e+06   1053s
  215432    2.1803544e+04   0.000000e+00   1.100198e+06   1060s
  216046    2.1803544e+04   0.000000e+00   4.522480e+05   1067s
  216656    2.1803544e+04   0.000000e+00   8.006706e+05   1074s
  217270    2.1803544e+04   0.000000e+00   7.483706e+05   1080s
  217884    2.1803545e+04   0.000000e+00   4.383750e+05   1086s
  218498    2.1803545e+04   0.000000e+00   7.644392e+05   1092s
  219112    2.1803545e+04   0.000000e+00   2.459967e+05   1099s
  219726    2.1803545e+04   0.000000e+00   2.629107e+05   1105s
  220340    2.1803546e+04   0.000000e+00   2.550079e+05   1112s
  220954    2.1803546e+04   0.000000e+00   4.710905e+05   1117s
  221568    2.1803546e+04   0.000000e+00   1.278209e+06   1124s
  222168    2.1803546e+04   0.000000e+00   2.412993e+06   1131s
  222782    2.1803546e+04   0.000000e+00   8.609052e+05   1138s
  223396    2.1803547e+04   0.000000e+00   4.911967e+05   1144s
  224010    2.1803547e+04   0.000000e+00   3.875069e+05   1150s
  224624    2.1803547e+04   0.000000e+00   1.183328e+06   1157s
  225238    2.1803547e+04   0.000000e+00   3.081224e+05   1163s
  225852    2.1803548e+04   0.000000e+00   4.703620e+05   1170s
  226466    2.1803548e+04   0.000000e+00   9.141779e+05   1176s
  227080    2.1803548e+04   0.000000e+00   4.852045e+05   1183s
  227694    2.1803548e+04   0.000000e+00   8.963668e+05   1189s
  228284    2.1803548e+04   0.000000e+00   2.836042e+05   1196s
  228874    2.1803549e+04   0.000000e+00   1.926526e+06   1203s
  229484    2.1803549e+04   0.000000e+00   3.269261e+05   1210s
  230098    2.1803549e+04   0.000000e+00   3.306861e+05   1217s
  230712    2.1803549e+04   0.000000e+00   5.906371e+05   1223s
  231326    2.1803549e+04   0.000000e+00   4.327313e+05   1229s
  231940    2.1803550e+04   0.000000e+00   1.039383e+06   1235s
  232520    2.1803550e+04   0.000000e+00   3.606098e+05   1242s
  233090    2.1803550e+04   0.000000e+00   3.325561e+05   1249s
  233660    2.1803550e+04   0.000000e+00   8.803605e+05   1256s
  234274    2.1803550e+04   0.000000e+00   9.035195e+05   1263s
  234884    2.1803551e+04   0.000000e+00   2.024371e+06   1269s
  235484    2.1803551e+04   0.000000e+00   5.194903e+05   1276s
  236064    2.1803551e+04   0.000000e+00   2.120312e+05   1283s
  236678    2.1803551e+04   0.000000e+00   3.427779e+05   1290s
  237292    2.1803552e+04   0.000000e+00   1.215055e+06   1297s
  237906    2.1803552e+04   0.000000e+00   4.599746e+05   1303s
  238520    2.1803552e+04   0.000000e+00   4.789151e+05   1310s
  239134    2.1803552e+04   0.000000e+00   7.616228e+05   1316s
  239748    2.1803552e+04   0.000000e+00   3.776401e+05   1323s
  240362    2.1803552e+04   0.000000e+00   1.478277e+06   1329s
  240922    2.1803553e+04   0.000000e+00   4.208372e+05   1336s
  241492    2.1803553e+04   0.000000e+00   3.752014e+05   1343s
  242106    2.1803553e+04   0.000000e+00   1.326739e+06   1349s
  242720    2.1803553e+04   0.000000e+00   2.115345e+05   1356s
  243334    2.1803554e+04   0.000000e+00   5.611850e+05   1363s
  243948    2.1803554e+04   0.000000e+00   2.661368e+06   1369s
  244562    2.1803554e+04   0.000000e+00   1.200814e+06   1376s
  245176    2.1803554e+04   0.000000e+00   7.402673e+05   1383s
  245790    2.1803554e+04   0.000000e+00   2.168893e+05   1389s
  246404    2.1803554e+04   0.000000e+00   2.952872e+05   1396s
  247018    2.1803555e+04   0.000000e+00   6.185915e+05   1402s
  247632    2.1803555e+04   0.000000e+00   4.242013e+06   1409s
  248242    2.1803555e+04   0.000000e+00   8.109506e+05   1416s
  248812    2.1803555e+04   0.000000e+00   1.264305e+06   1423s
  249382    2.1803556e+04   0.000000e+00   2.616162e+05   1430s
  249992    2.1803556e+04   0.000000e+00   1.431433e+06   1436s
  250572    2.1803556e+04   0.000000e+00   6.450655e+05   1443s
  251186    2.1803556e+04   0.000000e+00   4.801257e+05   1450s
  251756    2.1803556e+04   0.000000e+00   1.278138e+06   1457s
  252366    2.1803557e+04   0.000000e+00   6.174172e+05   1464s
  252956    2.1803557e+04   0.000000e+00   5.190258e+05   1471s
  253546    2.1803557e+04   0.000000e+00   1.789456e+06   1478s
  254126    2.1803557e+04   0.000000e+00   2.970659e+05   1485s
  254740    2.1803557e+04   0.000000e+00   1.361354e+06   1492s
  255354    2.1803558e+04   0.000000e+00   3.172500e+05   1499s
  255954    2.1803558e+04   0.000000e+00   1.472018e+06   1506s
  256568    2.1803558e+04   0.000000e+00   1.037941e+06   1512s
  257182    2.1803558e+04   0.000000e+00   5.392887e+05   1519s
  257796    2.1803558e+04   0.000000e+00   3.747383e+05   1526s
  258410    2.1803558e+04   0.000000e+00   6.737284e+05   1533s
  259024    2.1803559e+04   0.000000e+00   3.579532e+06   1539s
  259638    2.1803559e+04   0.000000e+00   3.170016e+05   1546s
  260252    2.1803559e+04   0.000000e+00   2.294155e+05   1553s
  260866    2.1803559e+04   0.000000e+00   1.414731e+05   1559s
  261480    2.1803559e+04   0.000000e+00   6.392290e+05   1566s
  262094    2.1803559e+04   0.000000e+00   2.755428e+05   1572s
  262708    2.1803560e+04   0.000000e+00   2.783165e+05   1579s
  263322    2.1803560e+04   0.000000e+00   3.912468e+05   1585s
  263912    2.1803560e+04   0.000000e+00   2.497773e+05   1592s
  264522    2.1803560e+04   0.000000e+00   1.769091e+05   1600s
  265112    2.1803560e+04   0.000000e+00   3.017324e+05   1607s
  265672    2.1803560e+04   0.000000e+00   2.184979e+05   1614s
  266252    2.1803561e+04   0.000000e+00   1.796717e+05   1621s
  266822    2.1803561e+04   0.000000e+00   2.058501e+05   1628s
  267436    2.1803561e+04   0.000000e+00   2.356471e+05   1635s
  268050    2.1803561e+04   0.000000e+00   5.846038e+05   1641s
  268640    2.1803561e+04   0.000000e+00   2.394070e+05   1648s
  269220    2.1803561e+04   0.000000e+00   1.675882e+05   1655s
  269790    2.1803562e+04   0.000000e+00   8.554799e+05   1662s
  270390    2.1803562e+04   0.000000e+00   2.670041e+05   1670s
  271004    2.1803562e+04   0.000000e+00   2.801753e+05   1676s
  271618    2.1803562e+04   0.000000e+00   4.656724e+05   1683s
  272232    2.1803562e+04   0.000000e+00   4.938531e+05   1689s
  272846    2.1803562e+04   0.000000e+00   4.872558e+05   1696s
  273460    2.1803563e+04   0.000000e+00   2.796218e+05   1703s
  274074    2.1803563e+04   0.000000e+00   1.467592e+05   1710s
  274688    2.1803563e+04   0.000000e+00   2.066566e+05   1717s
  275278    2.1803563e+04   0.000000e+00   6.430856e+05   1724s
  275888    2.1803563e+04   0.000000e+00   6.088665e+05   1731s
  276498    2.1803563e+04   0.000000e+00   2.139292e+05   1738s
  277112    2.1803563e+04   0.000000e+00   8.325906e+05   1745s
  277726    2.1803564e+04   0.000000e+00   9.434321e+05   1752s
  278316    2.1803564e+04   0.000000e+00   2.841534e+05   1759s
  278906    2.1803564e+04   0.000000e+00   1.119502e+06   1766s
  279520    2.1803564e+04   0.000000e+00   1.336842e+06   1773s
  280100    2.1803564e+04   0.000000e+00   5.487489e+05   1780s
  280714    2.1803564e+04   0.000000e+00   3.378758e+05   1786s
  281328    2.1803565e+04   0.000000e+00   8.839675e+05   1793s
  281942    2.1803565e+04   0.000000e+00   4.283595e+05   1800s
  282502    2.1803565e+04   0.000000e+00   2.609251e+05   1807s
  283072    2.1803565e+04   0.000000e+00   4.507614e+05   1814s
  283662    2.1803565e+04   0.000000e+00   1.003093e+06   1821s
  284252    2.1803565e+04   0.000000e+00   4.178403e+05   1828s
  284852    2.1803566e+04   0.000000e+00   3.280901e+05   1835s
  285466    2.1803566e+04   0.000000e+00   1.000293e+06   1843s
  286056    2.1803566e+04   0.000000e+00   2.630087e+05   1850s
  286626    2.1803566e+04   0.000000e+00   3.108883e+05   1857s
  287206    2.1803566e+04   0.000000e+00   2.644368e+05   1864s
  287796    2.1803566e+04   0.000000e+00   3.872523e+05   1871s
  288396    2.1803566e+04   0.000000e+00   3.029202e+06   1878s
  289010    2.1803567e+04   0.000000e+00   2.711349e+05   1885s
  289600    2.1803567e+04   0.000000e+00   5.861917e+05   1892s
  290214    2.1803567e+04   0.000000e+00   4.052057e+05   1899s
  290828    2.1803567e+04   0.000000e+00   4.167966e+05   1906s
  291442    2.1803567e+04   0.000000e+00   1.914497e+05   1912s
  292056    2.1803567e+04   0.000000e+00   4.819951e+05   1919s
  292606    2.1803567e+04   0.000000e+00   1.640183e+05   1926s
  293220    2.1803568e+04   0.000000e+00   4.754717e+05   1933s
  293800    2.1803568e+04   0.000000e+00   1.805597e+06   1941s
  294360    2.1803568e+04   0.000000e+00   6.548858e+05   1948s
  294974    2.1803568e+04   0.000000e+00   3.202478e+05   1955s
  295584    2.1803568e+04   0.000000e+00   5.365573e+05   1962s
  296164    2.1803568e+04   0.000000e+00   6.850774e+05   1969s
  296724    2.1803569e+04   0.000000e+00   6.708567e+05   1976s
  297324    2.1803569e+04   0.000000e+00   3.894426e+06   1983s
  297874    2.1803569e+04   0.000000e+00   5.266410e+05   1990s
  298434    2.1803569e+04   0.000000e+00   2.151051e+05   1997s
  298974    2.1803569e+04   0.000000e+00   2.956696e+05   2004s
  299574    2.1803569e+04   0.000000e+00   3.194569e+05   2011s
  300144    2.1803569e+04   0.000000e+00   8.666175e+05   2019s
  300684    2.1803570e+04   0.000000e+00   1.599747e+05   2026s
  301254    2.1803570e+04   0.000000e+00   9.109723e+05   2033s
  301784    2.1803570e+04   0.000000e+00   2.072187e+05   2040s
  302354    2.1803570e+04   0.000000e+00   2.827608e+05   2047s
  302914    2.1803570e+04   0.000000e+00   1.276510e+05   2055s
  303464    2.1803570e+04   0.000000e+00   2.621700e+05   2062s
  303974    2.1803570e+04   0.000000e+00   1.787433e+05   2069s
  304514    2.1803570e+04   0.000000e+00   2.747717e+05   2076s
  305064    2.1803571e+04   0.000000e+00   1.598297e+05   2083s
  305644    2.1803571e+04   0.000000e+00   1.577334e+05   2090s
  306204    2.1803571e+04   0.000000e+00   4.367295e+05   2098s
  306794    2.1803571e+04   0.000000e+00   3.794160e+05   2105s
  307364    2.1803571e+04   0.000000e+00   1.306833e+05   2112s
  307914    2.1803571e+04   0.000000e+00   3.955270e+05   2119s
  308504    2.1803571e+04   0.000000e+00   3.754312e+05   2126s
  309074    2.1803571e+04   0.000000e+00   2.060133e+05   2133s
  309654    2.1803572e+04   0.000000e+00   1.478378e+05   2140s
  310184    2.1803572e+04   0.000000e+00   2.674734e+05   2147s
  310744    2.1803572e+04   0.000000e+00   1.905809e+05   2155s
  311344    2.1803572e+04   0.000000e+00   2.722274e+05   2162s
  311934    2.1803572e+04   0.000000e+00   1.547962e+05   2169s
  312548    2.1803572e+04   0.000000e+00   7.313020e+05   2176s
  313158    2.1803572e+04   0.000000e+00   4.295448e+05   2183s
  313758    2.1803572e+04   0.000000e+00   1.737285e+05   2190s
  314358    2.1803572e+04   0.000000e+00   2.144139e+05   2197s
  314898    2.1803573e+04   0.000000e+00   2.108124e+05   2204s
  315488    2.1803573e+04   0.000000e+00   2.078057e+05   2212s
  316088    2.1803573e+04   0.000000e+00   2.199758e+05   2219s
  316702    2.1803573e+04   0.000000e+00   9.771902e+04   2226s
  317316    2.1803573e+04   0.000000e+00   2.438182e+05   2233s
  317930    2.1803573e+04   0.000000e+00   6.565111e+04   2239s
  318540    2.1803573e+04   0.000000e+00   1.428281e+05   2246s
  319080    2.1803573e+04   0.000000e+00   1.535638e+05   2253s
  319660    2.1803573e+04   0.000000e+00   1.822386e+05   2260s
  320210    2.1803573e+04   0.000000e+00   1.706995e+05   2267s
  320824    2.1803574e+04   0.000000e+00   7.763770e+04   2274s
  321414    2.1803574e+04   0.000000e+00   1.784853e+05   2281s
  322028    2.1803574e+04   0.000000e+00   5.755746e+05   2288s
  322598    2.1803574e+04   0.000000e+00   3.755336e+05   2295s
  323212    2.1803574e+04   0.000000e+00   2.334287e+05   2302s
  323822    2.1803574e+04   0.000000e+00   8.274079e+06   2309s
  324412    2.1803574e+04   0.000000e+00   1.272135e+05   2315s
  325022    2.1803574e+04   0.000000e+00   1.079539e+05   2323s
  325602    2.1803574e+04   0.000000e+00   1.164987e+05   2330s
  326152    2.1803574e+04   0.000000e+00   6.182786e+05   2337s
  326732    2.1803574e+04   0.000000e+00   3.387489e+05   2344s
  327322    2.1803575e+04   0.000000e+00   1.023291e+05   2351s
  327882    2.1803575e+04   0.000000e+00   2.013783e+05   2358s
  328442    2.1803575e+04   0.000000e+00   1.747201e+05   2365s
  329002    2.1803575e+04   0.000000e+00   2.672958e+05   2372s
  329602    2.1803575e+04   0.000000e+00   1.352496e+05   2379s
  330212    2.1803575e+04   0.000000e+00   1.926912e+05   2386s
  330792    2.1803575e+04   0.000000e+00   1.592116e+05   2393s
  331406    2.1803575e+04   0.000000e+00   2.326433e+05   2401s
  331946    2.1803575e+04   0.000000e+00   1.157660e+05   2408s
  332506    2.1803575e+04   0.000000e+00   1.339953e+06   2415s
  333076    2.1803575e+04   0.000000e+00   1.432070e+05   2422s
  333606    2.1803576e+04   0.000000e+00   3.784203e+05   2428s
  334156    2.1803576e+04   0.000000e+00   2.681946e+05   2435s
  334716    2.1803576e+04   0.000000e+00   1.067484e+05   2442s
  335246    2.1803576e+04   0.000000e+00   1.769902e+05   2449s
  335796    2.1803576e+04   0.000000e+00   1.634155e+05   2456s
  336356    2.1803576e+04   0.000000e+00   7.051048e+04   2463s
  336886    2.1803576e+04   0.000000e+00   6.586195e+04   2470s
  337386    2.1803576e+04   0.000000e+00   4.003057e+05   2477s
  337916    2.1803576e+04   0.000000e+00   6.529233e+04   2484s
  338496    2.1803576e+04   0.000000e+00   8.991595e+04   2491s
  339086    2.1803576e+04   0.000000e+00   8.699052e+04   2498s
  339636    2.1803576e+04   0.000000e+00   6.795519e+04   2506s
  340176    2.1803576e+04   0.000000e+00   1.761223e+05   2513s
  340756    2.1803576e+04   0.000000e+00   2.744937e+05   2520s
  341276    2.1803577e+04   0.000000e+00   1.018598e+05   2526s
  341796    2.1803577e+04   0.000000e+00   6.158894e+04   2533s
  342316    2.1803577e+04   0.000000e+00   9.391934e+04   2540s
  342836    2.1803577e+04   0.000000e+00   1.307982e+05   2547s
  343346    2.1803577e+04   0.000000e+00   2.672049e+05   2554s
  343846    2.1803577e+04   0.000000e+00   9.762029e+04   2561s
  344396    2.1803577e+04   0.000000e+00   1.008457e+05   2568s
  344946    2.1803577e+04   0.000000e+00   8.638635e+04   2575s
  345496    2.1803577e+04   0.000000e+00   6.507231e+05   2582s
  346066    2.1803577e+04   0.000000e+00   1.846422e+05   2589s
  346596    2.1803577e+04   0.000000e+00   9.211461e+04   2596s
  347116    2.1803577e+04   0.000000e+00   2.515738e+05   2603s
  347686    2.1803577e+04   0.000000e+00   1.424095e+05   2610s
  348266    2.1803577e+04   0.000000e+00   3.460713e+04   2617s
  348796    2.1803577e+04   0.000000e+00   6.650436e+04   2624s
  349356    2.1803577e+04   0.000000e+00   1.219955e+05   2631s
  349956    2.1803578e+04   0.000000e+00   9.749074e+04   2638s
  350536    2.1803578e+04   0.000000e+00   1.113244e+05   2645s
  351116    2.1803578e+04   0.000000e+00   1.745906e+05   2653s
  351686    2.1803578e+04   0.000000e+00   1.687163e+05   2659s
  352236    2.1803578e+04   0.000000e+00   9.258196e+04   2666s
  352826    2.1803578e+04   0.000000e+00   5.777504e+04   2673s
  353426    2.1803578e+04   0.000000e+00   7.503198e+04   2680s
  353996    2.1803578e+04   0.000000e+00   3.660601e+04   2687s
  354566    2.1803578e+04   0.000000e+00   4.017078e+05   2694s
  355180    2.1803578e+04   0.000000e+00   1.562073e+05   2701s
  355780    2.1803578e+04   0.000000e+00   2.852873e+05   2708s
  356350    2.1803578e+04   0.000000e+00   8.988916e+04   2715s
  356930    2.1803578e+04   0.000000e+00   7.415236e+04   2722s
  357520    2.1803578e+04   0.000000e+00   7.696650e+04   2729s
  358134    2.1803578e+04   0.000000e+00   4.475251e+04   2735s
  358714    2.1803578e+04   0.000000e+00   9.357020e+04   2742s
  359284    2.1803578e+04   0.000000e+00   1.656109e+05   2749s
  359834    2.1803578e+04   0.000000e+00   1.760909e+05   2757s
  360404    2.1803578e+04   0.000000e+00   5.654371e+04   2763s
  360984    2.1803578e+04   0.000000e+00   1.461199e+05   2770s
  361544    2.1803578e+04   0.000000e+00   1.421474e+05   2777s
  362074    2.1803579e+04   0.000000e+00   4.090388e+04   2784s
  362604    2.1803579e+04   0.000000e+00   1.055957e+05   2791s
  363164    2.1803579e+04   0.000000e+00   1.237824e+05   2798s
  363724    2.1803579e+04   0.000000e+00   7.541418e+04   2805s
  364304    2.1803579e+04   0.000000e+00   3.923189e+04   2812s
  364914    2.1803579e+04   0.000000e+00   2.566084e+05   2819s
  365464    2.1803579e+04   0.000000e+00   4.522513e+04   2826s
  366044    2.1803579e+04   0.000000e+00   1.379562e+05   2833s
  366584    2.1803579e+04   0.000000e+00   9.619576e+04   2840s
  367154    2.1803579e+04   0.000000e+00   6.204446e+04   2847s
  367764    2.1803579e+04   0.000000e+00   3.719559e+04   2854s
  368314    2.1803579e+04   0.000000e+00   2.926520e+04   2862s
  368854    2.1803579e+04   0.000000e+00   1.224923e+05   2869s
  369394    2.1803579e+04   0.000000e+00   1.578477e+05   2876s
  369914    2.1803579e+04   0.000000e+00   6.984689e+05   2882s
  370434    2.1803579e+04   0.000000e+00   1.249561e+05   2890s
  371044    2.1803579e+04   0.000000e+00   6.148387e+04   2897s
  371634    2.1803579e+04   0.000000e+00   9.284314e+04   2904s
  372224    2.1803579e+04   0.000000e+00   1.382887e+05   2911s
  372814    2.1803579e+04   0.000000e+00   3.369493e+04   2918s
  373424    2.1803579e+04   0.000000e+00   5.074240e+04   2925s
  374014    2.1803579e+04   0.000000e+00   8.236940e+04   2932s
  374554    2.1803579e+04   0.000000e+00   3.517653e+04   2939s
  375074    2.1803579e+04   0.000000e+00   2.218525e+05   2946s
  375624    2.1803579e+04   0.000000e+00   4.542349e+04   2953s
  376184    2.1803580e+04   0.000000e+00   2.220946e+05   2960s
  376704    2.1803580e+04   0.000000e+00   3.038512e+04   2967s
  377234    2.1803580e+04   0.000000e+00   2.612608e+04   2973s
  377794    2.1803580e+04   0.000000e+00   1.746349e+05   2980s
  378334    2.1803580e+04   0.000000e+00   4.977642e+04   2987s
  378884    2.1803580e+04   0.000000e+00   3.714446e+04   2994s
  379424    2.1803580e+04   0.000000e+00   1.798572e+04   3001s
  379994    2.1803580e+04   0.000000e+00   4.436678e+04   3008s
  380504    2.1803580e+04   0.000000e+00   5.078124e+04   3015s
  381044    2.1803580e+04   0.000000e+00   3.356491e+04   3021s
  381614    2.1803580e+04   0.000000e+00   2.503102e+04   3028s
  382194    2.1803580e+04   0.000000e+00   2.730849e+04   3035s
  382794    2.1803580e+04   0.000000e+00   2.721500e+04   3042s
  383344    2.1803580e+04   0.000000e+00   2.444870e+04   3049s
  383934    2.1803580e+04   0.000000e+00   3.160941e+04   3056s
  384444    2.1803580e+04   0.000000e+00   4.695023e+04   3063s
  385004    2.1803580e+04   0.000000e+00   2.209213e+04   3070s
  385554    2.1803580e+04   0.000000e+00   2.100539e+05   3077s
  386104    2.1803580e+04   0.000000e+00   8.033901e+04   3084s
  386634    2.1803580e+04   0.000000e+00   4.245442e+04   3091s
  387204    2.1803580e+04   0.000000e+00   5.618738e+04   3098s
  387744    2.1803580e+04   0.000000e+00   2.813670e+04   3105s
  388344    2.1803580e+04   0.000000e+00   8.523232e+04   3111s
  388904    2.1803580e+04   0.000000e+00   5.414217e+04   3118s
  389454    2.1803580e+04   0.000000e+00   2.852248e+04   3125s
  390014    2.1803580e+04   0.000000e+00   5.429132e+04   3132s
  390594    2.1803580e+04   0.000000e+00   2.680989e+04   3140s
  391134    2.1803580e+04   0.000000e+00   7.122433e+04   3147s
  391704    2.1803580e+04   0.000000e+00   8.119274e+04   3154s
  392254    2.1803580e+04   0.000000e+00   3.196849e+04   3161s
  392844    2.1803580e+04   0.000000e+00   4.831035e+04   3168s
  393374    2.1803580e+04   0.000000e+00   3.316093e+04   3175s
  393924    2.1803580e+04   0.000000e+00   4.037175e+04   3182s
  394504    2.1803580e+04   0.000000e+00   5.396016e+04   3189s
  395084    2.1803580e+04   0.000000e+00   2.188096e+04   3196s
  395604    2.1803580e+04   0.000000e+00   7.759079e+04   3202s
  396154    2.1803581e+04   0.000000e+00   3.749730e+04   3209s
  396684    2.1803581e+04   0.000000e+00   5.832042e+04   3216s
  397194    2.1803581e+04   0.000000e+00   2.109153e+05   3223s
  397714    2.1803581e+04   0.000000e+00   1.240027e+04   3229s
  398244    2.1803581e+04   0.000000e+00   5.069618e+04   3236s
  398774    2.1803581e+04   0.000000e+00   4.815835e+04   3243s
  399314    2.1803581e+04   0.000000e+00   8.155016e+04   3250s
  399844    2.1803581e+04   0.000000e+00   2.004381e+04   3257s
  400434    2.1803581e+04   0.000000e+00   1.430233e+04   3264s
  401014    2.1803581e+04   0.000000e+00   6.139781e+04   3271s
  401564    2.1803581e+04   0.000000e+00   1.150644e+05   3278s
  402124    2.1803581e+04   0.000000e+00   3.510588e+05   3285s
  402704    2.1803581e+04   0.000000e+00   6.455882e+05   3292s
  403214    2.1803581e+04   0.000000e+00   1.324745e+04   3299s
  403734    2.1803581e+04   0.000000e+00   2.926001e+04   3306s
  404264    2.1803581e+04   0.000000e+00   1.246547e+04   3313s
  404784    2.1803581e+04   0.000000e+00   3.598056e+04   3319s
  405304    2.1803581e+04   0.000000e+00   5.635108e+04   3326s
  405854    2.1803581e+04   0.000000e+00   2.053170e+04   3333s
  406364    2.1803581e+04   0.000000e+00   1.941404e+05   3340s
  406894    2.1803581e+04   0.000000e+00   1.828220e+04   3347s
  407464    2.1803581e+04   0.000000e+00   3.105132e+04   3354s
  407994    2.1803581e+04   0.000000e+00   2.933464e+05   3361s
  408514    2.1803581e+04   0.000000e+00   3.684756e+04   3368s
  409054    2.1803581e+04   0.000000e+00   7.272162e+04   3375s
  409594    2.1803581e+04   0.000000e+00   2.353564e+04   3382s
  410084    2.1803581e+04   0.000000e+00   5.471473e+04   3388s
  410604    2.1803581e+04   0.000000e+00   4.147729e+04   3395s
  411084    2.1803581e+04   0.000000e+00   4.350206e+04   3402s
  411594    2.1803581e+04   0.000000e+00   3.407306e+04   3409s
  412084    2.1803581e+04   0.000000e+00   1.601043e+04   3416s
  412604    2.1803581e+04   0.000000e+00   1.790051e+04   3423s
  413134    2.1803581e+04   0.000000e+00   1.382268e+04   3430s
  413684    2.1803581e+04   0.000000e+00   1.959780e+04   3437s
  414204    2.1803581e+04   0.000000e+00   1.248003e+04   3444s
  414744    2.1803581e+04   0.000000e+00   3.106260e+04   3451s
  415304    2.1803581e+04   0.000000e+00   2.380616e+05   3457s
  415834    2.1803581e+04   0.000000e+00   2.025212e+04   3464s
  416374    2.1803581e+04   0.000000e+00   7.515349e+04   3471s
  416914    2.1803581e+04   0.000000e+00   2.225677e+04   3478s
  417484    2.1803581e+04   0.000000e+00   2.976480e+04   3484s
  418074    2.1803581e+04   0.000000e+00   1.810412e+04   3491s
  418634    2.1803581e+04   0.000000e+00   3.206458e+04   3498s
  419184    2.1803581e+04   0.000000e+00   3.827454e+04   3505s
  419754    2.1803581e+04   0.000000e+00   2.252852e+04   3511s
  420284    2.1803581e+04   0.000000e+00   1.735059e+04   3518s
  420804    2.1803581e+04   0.000000e+00   1.372963e+04   3525s
  421324    2.1803581e+04   0.000000e+00   9.245218e+03   3532s
  421884    2.1803581e+04   0.000000e+00   1.063456e+04   3538s
  422464    2.1803581e+04   0.000000e+00   3.673993e+04   3545s
  423014    2.1803581e+04   0.000000e+00   3.726597e+04   3552s
  423524    2.1803581e+04   0.000000e+00   1.744630e+04   3559s
  424054    2.1803581e+04   0.000000e+00   1.338152e+05   3565s
  424564    2.1803581e+04   0.000000e+00   1.215086e+04   3572s
  425104    2.1803581e+04   0.000000e+00   3.218123e+04   3579s
  425644    2.1803581e+04   0.000000e+00   9.418908e+04   3586s
  426214    2.1803582e+04   0.000000e+00   3.602461e+04   3593s
  426814    2.1803582e+04   0.000000e+00   1.550635e+04   3599s
  427394    2.1803582e+04   0.000000e+00   2.297940e+04   3606s
  427974    2.1803582e+04   0.000000e+00   1.088362e+04   3613s
  428514    2.1803582e+04   0.000000e+00   3.453079e+04   3620s
  429084    2.1803582e+04   0.000000e+00   1.665248e+04   3627s
  429694    2.1803582e+04   0.000000e+00   9.680354e+03   3633s
  430194    2.1803582e+04   0.000000e+00   8.890298e+03   3640s
  430744    2.1803582e+04   0.000000e+00   1.595705e+04   3647s
  431254    2.1803582e+04   0.000000e+00   3.939172e+04   3654s
  431764    2.1803582e+04   0.000000e+00   1.336039e+04   3661s
  432314    2.1803582e+04   0.000000e+00   1.140179e+04   3667s
  432894    2.1803582e+04   0.000000e+00   1.466249e+04   3674s
  433434    2.1803582e+04   0.000000e+00   6.657767e+03   3681s
  434024    2.1803582e+04   0.000000e+00   1.440190e+05   3687s
  434594    2.1803582e+04   0.000000e+00   8.575527e+03   3694s
  435164    2.1803582e+04   0.000000e+00   1.527074e+04   3701s
  435734    2.1803582e+04   0.000000e+00   2.109567e+04   3708s
  436294    2.1803582e+04   0.000000e+00   6.426035e+03   3714s
  436834    2.1803582e+04   0.000000e+00   1.775175e+04   3721s
  437344    2.1803582e+04   0.000000e+00   6.702096e+03   3728s
  437854    2.1803582e+04   0.000000e+00   5.847621e+03   3734s
  438424    2.1803582e+04   0.000000e+00   2.360937e+04   3741s
  438974    2.1803582e+04   0.000000e+00   1.357407e+04   3748s
  439514    2.1803582e+04   0.000000e+00   7.319357e+04   3755s
  440114    2.1803582e+04   0.000000e+00   1.095727e+04   3761s
  440674    2.1803582e+04   0.000000e+00   5.347909e+03   3768s
  441184    2.1803582e+04   0.000000e+00   6.202681e+03   3774s
  441724    2.1803582e+04   0.000000e+00   3.275086e+04   3781s
  442294    2.1803582e+04   0.000000e+00   6.939207e+03   3788s
  442834    2.1803582e+04   0.000000e+00   1.737798e+04   3794s
  443374    2.1803582e+04   0.000000e+00   7.147582e+03   3801s
  443894    2.1803582e+04   0.000000e+00   1.540544e+04   3807s
  444504    2.1803582e+04   0.000000e+00   8.927712e+04   3814s
  445064    2.1803582e+04   0.000000e+00   6.222474e+03   3821s
  445624    2.1803582e+04   0.000000e+00   6.023908e+03   3828s
  446204    2.1803582e+04   0.000000e+00   5.909816e+03   3835s
  446724    2.1803582e+04   0.000000e+00   6.072099e+03   3841s
  447244    2.1803582e+04   0.000000e+00   4.208127e+03   3848s
  447784    2.1803582e+04   0.000000e+00   1.132301e+04   3855s
  448304    2.1803582e+04   0.000000e+00   7.044225e+03   3861s
  448814    2.1803582e+04   0.000000e+00   5.504931e+03   3868s
  449354    2.1803582e+04   0.000000e+00   2.237322e+03   3874s
  449894    2.1803582e+04   0.000000e+00   4.818389e+03   3881s
  450414    2.1803582e+04   0.000000e+00   2.169886e+04   3888s
  450974    2.1803582e+04   0.000000e+00   5.836981e+03   3895s
  451564    2.1803582e+04   0.000000e+00   2.622273e+03   3902s
  452174    2.1803582e+04   0.000000e+00   2.055708e+04   3909s
  452754    2.1803582e+04   0.000000e+00   1.413268e+04   3915s
  453344    2.1803582e+04   0.000000e+00   3.691110e+03   3922s
  453954    2.1803582e+04   0.000000e+00   3.738216e+03   3929s
  454534    2.1803582e+04   0.000000e+00   1.030112e+04   3936s
  455074    2.1803582e+04   0.000000e+00   1.163382e+04   3942s
  455654    2.1803582e+04   0.000000e+00   4.197172e+03   3949s
  456268    2.1803582e+04   0.000000e+00   1.100422e+04   3956s
  456858    2.1803582e+04   0.000000e+00   3.646158e+03   3963s
  457428    2.1803582e+04   0.000000e+00   9.512667e+03   3969s
  458018    2.1803582e+04   0.000000e+00   4.929067e+03   3976s
  458632    2.1803582e+04   0.000000e+00   4.972896e+03   3982s
  459232    2.1803582e+04   0.000000e+00   7.179353e+03   3989s
  459792    2.1803582e+04   0.000000e+00   1.482364e+04   3996s
  460332    2.1803582e+04   0.000000e+00   2.074645e+04   4002s
  460862    2.1803582e+04   0.000000e+00   6.215314e+03   4009s
  461432    2.1803582e+04   0.000000e+00   7.808988e+03   4016s
  462002    2.1803582e+04   0.000000e+00   3.995921e+03   4022s
  462552    2.1803582e+04   0.000000e+00   6.097223e+03   4029s
  463072    2.1803582e+04   0.000000e+00   5.472357e+03   4036s
  463612    2.1803582e+04   0.000000e+00   5.953187e+03   4042s
  464142    2.1803582e+04   0.000000e+00   4.643164e+03   4049s
  464712    2.1803582e+04   0.000000e+00   2.531179e+03   4056s
  465272    2.1803582e+04   0.000000e+00   2.133644e+04   4062s
  465842    2.1803582e+04   0.000000e+00   7.707963e+03   4069s
  466442    2.1803582e+04   0.000000e+00   4.402920e+03   4076s
  467022    2.1803582e+04   0.000000e+00   3.769292e+03   4082s
  467602    2.1803582e+04   0.000000e+00   2.410404e+03   4089s
  468142    2.1803582e+04   0.000000e+00   6.656374e+03   4095s
  468722    2.1803582e+04   0.000000e+00   1.675813e+04   4102s
  469202    2.1803582e+04   0.000000e+00   3.412011e+03   4109s
  469712    2.1803582e+04   0.000000e+00   8.357139e+03   4115s
  470242    2.1803582e+04   0.000000e+00   3.504426e+03   4122s
  470792    2.1803582e+04   0.000000e+00   1.709593e+04   4129s
  471342    2.1803582e+04   0.000000e+00   1.101531e+04   4135s
  471922    2.1803582e+04   0.000000e+00   1.681087e+04   4142s
  472432    2.1803582e+04   0.000000e+00   1.092149e+04   4148s
  472972    2.1803582e+04   0.000000e+00   6.786063e+03   4155s
  473492    2.1803582e+04   0.000000e+00   5.400123e+03   4162s
  474052    2.1803582e+04   0.000000e+00   8.580518e+03   4169s
  474602    2.1803582e+04   0.000000e+00   1.930877e+03   4175s
  475132    2.1803582e+04   0.000000e+00   6.473527e+03   4182s
  475692    2.1803582e+04   0.000000e+00   1.609201e+04   4189s
  476222    2.1803582e+04   0.000000e+00   6.083321e+03   4196s
  476752    2.1803582e+04   0.000000e+00   3.477198e+03   4203s
  477366    2.1803582e+04   0.000000e+00   2.392725e+03   4209s
  477926    2.1803582e+04   0.000000e+00   1.243329e+04   4216s
  478456    2.1803582e+04   0.000000e+00   3.506900e+03   4223s
  478986    2.1803582e+04   0.000000e+00   3.573781e+03   4230s
  479566    2.1803582e+04   0.000000e+00   4.068292e+03   4236s
  480106    2.1803582e+04   0.000000e+00   5.659242e+03   4243s
  480626    2.1803582e+04   0.000000e+00   3.753246e+03   4250s
  481186    2.1803582e+04   0.000000e+00   3.662930e+03   4256s
  481736    2.1803582e+04   0.000000e+00   2.481652e+03   4263s
  482266    2.1803582e+04   0.000000e+00   5.299515e+03   4270s
  482846    2.1803582e+04   0.000000e+00   2.653928e+03   4276s
  483426    2.1803582e+04   0.000000e+00   8.293992e+03   4283s
  483996    2.1803582e+04   0.000000e+00   1.164548e+03   4290s
  484536    2.1803582e+04   0.000000e+00   2.363735e+03   4297s
  485106    2.1803582e+04   0.000000e+00   4.635412e+03   4304s
  485706    2.1803582e+04   0.000000e+00   3.149813e+03   4310s
  486306    2.1803582e+04   0.000000e+00   3.981541e+03   4317s
  486866    2.1803582e+04   0.000000e+00   1.016126e+03   4324s
  487436    2.1803582e+04   0.000000e+00   6.586716e+03   4331s
  488026    2.1803582e+04   0.000000e+00   3.409461e+03   4338s
  488586    2.1803582e+04   0.000000e+00   3.876652e+03   4344s
  489166    2.1803582e+04   0.000000e+00   2.268916e+03   4351s
  489746    2.1803582e+04   0.000000e+00   1.049410e+03   4358s
  490306    2.1803582e+04   0.000000e+00   1.549109e+03   4365s
  490906    2.1803582e+04   0.000000e+00   2.167568e+03   4371s
  491476    2.1803582e+04   0.000000e+00   1.118425e+03   4378s
  492026    2.1803582e+04   0.000000e+00   1.682342e+03   4384s
  492536    2.1803582e+04   0.000000e+00   2.969751e+03   4391s
  493046    2.1803582e+04   0.000000e+00   7.471728e+03   4397s
  493616    2.1803582e+04   0.000000e+00   1.008558e+03   4404s
  494196    2.1803582e+04   0.000000e+00   6.363272e+02   4411s
  494756    2.1803582e+04   0.000000e+00   1.070274e+03   4417s
  495356    2.1803582e+04   0.000000e+00   4.799396e+02   4424s
  495936    2.1803582e+04   0.000000e+00   6.578693e+02   4431s
  496526    2.1803582e+04   0.000000e+00   1.883428e+03   4438s
  497140    2.1803582e+04   0.000000e+00   1.163758e+03   4445s
  497670    2.1803582e+04   0.000000e+00   3.035370e+03   4451s
  498200    2.1803582e+04   0.000000e+00   1.117328e+03   4458s
  498790    2.1803582e+04   0.000000e+00   1.703540e+03   4464s
  499390    2.1803582e+04   0.000000e+00   3.990027e+02   4471s
  499950    2.1803582e+04   0.000000e+00   6.618484e+02   4478s
  500530    2.1803582e+04   0.000000e+00   1.015974e+03   4485s
  501140    2.1803582e+04   0.000000e+00   2.321100e+02   4492s
  501740    2.1803582e+04   0.000000e+00   4.803863e+02   4498s
  502354    2.1803582e+04   0.000000e+00   1.258365e+03   4505s
  502968    2.1803582e+04   0.000000e+00   8.361327e+02   4512s
  503548    2.1803582e+04   0.000000e+00   3.811684e+03   4519s
  504158    2.1803582e+04   0.000000e+00   1.597010e+03   4525s
  504748    2.1803582e+04   0.000000e+00   1.848968e+03   4532s
  505358    2.1803582e+04   0.000000e+00   8.807369e+02   4539s
  505928    2.1803582e+04   0.000000e+00   2.186904e+03   4545s
  506488    2.1803582e+04   0.000000e+00   5.097839e+02   4552s
  507028    2.1803582e+04   0.000000e+00   3.757575e+02   4559s
  507578    2.1803582e+04   0.000000e+00   1.745904e+03   4565s
  508178    2.1803582e+04   0.000000e+00   2.318234e+03   4572s
  508768    2.1803582e+04   0.000000e+00   1.262586e+03   4579s
  509328    2.1803582e+04   0.000000e+00   3.569622e+02   4586s
  509888    2.1803582e+04   0.000000e+00   7.232975e+02   4593s
  510438    2.1803582e+04   0.000000e+00   6.531576e+02   4599s
  511028    2.1803582e+04   0.000000e+00   8.351453e+02   4606s
  511642    2.1803582e+04   0.000000e+00   3.931061e+02   4612s
  512212    2.1803582e+04   0.000000e+00   7.356490e+03   4619s
  512826    2.1803582e+04   0.000000e+00   8.281378e+02   4626s
  513366    2.1803582e+04   0.000000e+00   4.977363e+02   4632s
  513926    2.1803582e+04   0.000000e+00   8.556465e+02   4639s
  514506    2.1803582e+04   0.000000e+00   2.318314e+03   4646s
  515086    2.1803582e+04   0.000000e+00   6.831150e+02   4653s
  515666    2.1803582e+04   0.000000e+00   3.190429e+02   4660s
  516216    2.1803582e+04   0.000000e+00   6.570776e+02   4666s
  516806    2.1803582e+04   0.000000e+00   5.152769e+02   4673s
  517406    2.1803582e+04   0.000000e+00   1.985708e+03   4680s
  518016    2.1803582e+04   0.000000e+00   1.601697e+02   4687s
  518616    2.1803582e+04   0.000000e+00   3.794566e+02   4693s
  519216    2.1803582e+04   0.000000e+00   1.770384e+02   4700s
  519830    2.1803582e+04   0.000000e+00   4.406327e+02   4706s
  520444    2.1803582e+04   0.000000e+00   5.567625e+02   4712s
  521058    2.1803582e+04   0.000000e+00   5.837145e+02   4718s
  521672    2.1803582e+04   0.000000e+00   3.414942e+01   4725s
  522252    2.1803582e+04   0.000000e+00   3.456216e+02   4732s
  522862    2.1803582e+04   0.000000e+00   4.637067e+02   4739s
  523476    2.1803582e+04   0.000000e+00   4.699533e+02   4746s
  524036    2.1803582e+04   0.000000e+00   6.985529e+01   4752s
  524576    2.1803582e+04   0.000000e+00   2.878373e+02   4759s
  525136    2.1803582e+04   0.000000e+00   2.484799e+02   4766s
  525716    2.1803582e+04   0.000000e+00   2.151389e+02   4773s
  526316    2.1803582e+04   0.000000e+00   1.353381e+02   4780s
  526896    2.1803582e+04   0.000000e+00   9.884351e+01   4787s
  527510    2.1803582e+04   0.000000e+00   3.232336e+02   4793s
  528110    2.1803582e+04   0.000000e+00   1.007272e+02   4800s
  528720    2.1803582e+04   0.000000e+00   6.737344e+01   4807s
  529310    2.1803582e+04   0.000000e+00   1.190909e+02   4814s
  529924    2.1803582e+04   0.000000e+00   3.104922e+01   4820s
  530538    2.1803582e+04   0.000000e+00   1.154630e+02   4827s
  531152    2.1803582e+04   0.000000e+00   7.145038e+01   4834s
  531762    2.1803582e+04   0.000000e+00   5.710909e+00   4841s
  532376    2.1803582e+04   0.000000e+00   1.609702e+02   4847s
  532990    2.1803582e+04   0.000000e+00   2.458691e+01   4853s
  533604    2.1803582e+04   0.000000e+00   3.627457e+01   4860s
  534214    2.1803582e+04   0.000000e+00   1.263522e+01   4867s
  534828    2.1803582e+04   0.000000e+00   3.289187e+01   4874s
  535442    2.1803582e+04   0.000000e+00   2.047001e+01   4880s
  536056    2.1803582e+04   0.000000e+00   3.110639e+00   4887s
  536670    2.1803582e+04   0.000000e+00   1.979668e+00   4893s
  537284    2.1803582e+04   0.000000e+00   2.859059e+00   4899s
  537898    2.1803582e+04   0.000000e+00   3.308860e+00   4905s
  538512    2.1803582e+04   0.000000e+00   5.680001e+00   4911s
  539122    2.1803582e+04   0.000000e+00   2.291336e+00   4917s
  539736    2.1803582e+04   0.000000e+00   9.107857e-01   4923s
  540346    2.1803582e+04   0.000000e+00   1.332946e+00   4929s
  540926    2.1803582e+04   0.000000e+00   4.938603e-01   4935s
  541526    2.1803582e+04   0.000000e+00   1.547696e+00   4941s
  542126    2.1803582e+04   0.000000e+00   3.001161e+01   4947s
  542586    2.1803582e+04   0.000000e+00   7.231250e-03   4952s
Extra simplex iterations after uncrush: 462305
  542688    2.1803249e+04   0.000000e+00   0.000000e+00   4953s

Solved in 542688 iterations and 4953.47 seconds (5865.18 work units)
Optimal objective  2.180324913e+04
