
Gurobi 10.0.1 (linux64) logging started Fri Apr  4 11:40:53 2025

Set parameter LogFile to value "Results/OneScenarioExperiments/base_case.log"
Set parameter TimeLimit to value 84600
Warning: linear constraint 797496 and linear constraint 797497 have the same name "storage_equal[1,2,1]"
Warning: default constraint names used to write mps file
Gurobi Optimizer version 10.0.1 build v10.0.1rc0 (linux64)

CPU model: AMD EPYC 9654 96-Core Processor, instruction set [SSE2|AVX|AVX2|AVX512]
Thread count: 192 physical cores, 192 logical processors, using up to 32 threads

Academic license 656792 - for non-commercial use only - registered to b.___@student.vu.nl
Optimize a model with 1703600 rows, 1948128 columns and 7223504 nonzeros
Model fingerprint: 0x59919966
Coefficient statistics:
  Matrix range     [2e-01, 1e+00]
  Objective range  [6e-05, 5e+00]
  Bounds range     [0e+00, 0e+00]
  RHS range        [1e-02, 1e+03]
Presolve removed 1462602 rows and 1548265 columns
Presolve time: 4.41s
Presolved: 240998 rows, 399890 columns, 1511400 nonzeros

Concurrent LP optimizer: primal simplex, dual simplex, and barrier
Showing barrier log only...

Ordering time: 1.78s

Barrier statistics:
 AA' NZ     : 1.945e+06
 Factor NZ  : 2.160e+07 (roughly 240 MB of memory)
 Factor Ops : 1.926e+10 (less than 1 second per iteration)
 Threads    : 30

                  Objective                Residual
Iter       Primal          Dual         Primal    Dual     Compl     Time
   0  -3.44919899e+05  2.81367375e+08  7.82e+03 1.00e+02  4.55e+04     7s
   1  -1.17997043e+07  2.17507081e+08  1.98e+03 1.50e+01  1.01e+04     7s
   2  -1.28145264e+07  9.47084876e+07  4.78e+02 9.46e-01  1.88e+03     7s
   3  -6.62526406e+06  2.19969194e+07  7.12e+01 6.99e-02  3.11e+02     7s
   4  -1.67005401e+06  8.15163501e+06  1.34e+01 1.83e-02  7.96e+01     7s
   5  -6.45995115e+05  3.64324529e+06  4.18e+00 7.28e-03  3.06e+01     8s
   6  -2.62419126e+05  1.41485966e+06  1.55e+00 2.39e-03  1.11e+01     8s
   7  -6.15197690e+04  3.22190077e+05  2.99e-01 3.83e-04  2.33e+00     8s
   8   1.74670054e+03  8.25247952e+04  2.92e-02 7.06e-05  4.52e-01     8s
   9   1.04097531e+04  4.85564617e+04  1.30e-02 3.23e-05  2.11e-01     8s
  10   1.47898923e+04  3.58917324e+04  6.53e-03 1.78e-05  1.16e-01     8s
  11   1.78411887e+04  2.86164984e+04  2.88e-03 9.05e-06  5.86e-02     8s
  12   1.93771402e+04  2.59146704e+04  1.37e-03 5.82e-06  3.52e-02     8s
  13   2.00673069e+04  2.39745078e+04  8.08e-04 3.38e-06  2.10e-02     8s
  14   2.07516026e+04  2.24190140e+04  3.04e-04 1.31e-06  8.95e-03     8s
  15   2.10174779e+04  2.18633007e+04  1.58e-04 6.22e-07  4.55e-03     8s
  16   2.11432427e+04  2.16873699e+04  9.70e-05 4.02e-07  2.92e-03     8s
  17   2.11928763e+04  2.16366146e+04  7.48e-05 3.36e-07  2.38e-03     8s
  18   2.12890254e+04  2.14556125e+04  3.20e-05 1.03e-07  8.98e-04     9s
  19   2.13334927e+04  2.14049141e+04  1.41e-05 3.85e-08  3.86e-04     9s
  20   2.13626670e+04  2.13856596e+04  3.39e-06 1.42e-08  1.23e-04     9s
  21   2.13715401e+04  2.13758183e+04  5.26e-07 2.43e-09  2.29e-05     9s
  22   2.13727151e+04  2.13743662e+04  2.08e-07 7.79e-10  8.86e-06     9s
  23   2.13732739e+04  2.13739283e+04  7.59e-08 3.14e-10  3.51e-06     9s
  24   2.13734103e+04  2.13737703e+04  4.57e-08 1.45e-10  1.94e-06     9s
  25   2.13735434e+04  2.13736968e+04  1.67e-08 6.73e-11  8.22e-07     9s
  26   2.13736045e+04  2.13736446e+04  4.25e-09 1.45e-11  2.15e-07     9s
  27   2.13736242e+04  2.13736301e+04  4.32e-07 1.23e-12  3.19e-08     9s
  28   2.13736271e+04  2.13736285e+04  1.32e-07 7.09e-13  7.65e-09     9s
  29   2.13736282e+04  2.13736285e+04  2.10e-07 9.37e-13  1.20e-09    10s
  30   2.13736284e+04  2.13736284e+04  1.76e-08 8.97e-13  1.17e-11    10s

Barrier solved model in 30 iterations and 9.64 seconds (9.92 work units)
Optimal objective 2.13736284e+04

Crossover log...

   36864 DPushes remaining with DInf 1.2634933e-02                10s
       0 DPushes remaining with DInf 1.1687500e-02                10s

     986 PPushes remaining with PInf 1.1940823e-04                10s
       0 PPushes remaining with PInf 0.0000000e+00                10s

  Push phase complete: Pinf 0.0000000e+00, Dinf 1.5362500e-01     10s

Iteration    Objective       Primal Inf.    Dual Inf.      Time
   33121    2.1373628e+04   0.000000e+00   1.536250e-01     10s

Solved with barrier
Extra simplex iterations after uncrush: 3
   33789    2.1373628e+04   0.000000e+00   0.000000e+00     10s

Use crossover to convert LP symmetric solution to basic solution...
Crossover log...

    3435 DPushes remaining with DInf 0.0000000e+00                11s
       0 DPushes remaining with DInf 0.0000000e+00                11s

    4647 PPushes remaining with PInf 0.0000000e+00                11s
       0 PPushes remaining with PInf 0.0000000e+00                11s

  Push phase complete: Pinf 0.0000000e+00, Dinf 3.2630565e-12     11s

Iteration    Objective       Primal Inf.    Dual Inf.      Time
   56574    2.1373933e+04   0.000000e+00   4.199063e+05     16s
   61213    2.1373961e+04   0.000000e+00   2.062968e+06     21s
   66108    2.1373968e+04   0.000000e+00   5.747384e+05     27s
   67567    2.1373971e+04   0.000000e+00   6.567768e+05     30s
   69478    2.1373975e+04   0.000000e+00   2.383825e+06     37s
   70752    2.1373977e+04   0.000000e+00   8.083922e+05     42s
   72026    2.1373979e+04   0.000000e+00   1.431667e+06     48s
   72663    2.1373981e+04   0.000000e+00   8.303816e+04     51s
   73937    2.1373983e+04   0.000000e+00   3.927177e+05     56s
   75211    2.1373984e+04   0.000000e+00   5.718539e+06     61s
   76485    2.1373985e+04   0.000000e+00   3.285061e+04     67s
   77759    2.1373986e+04   0.000000e+00   3.675294e+04     73s
   78396    2.1373987e+04   0.000000e+00   9.606064e+04     76s
   79670    2.1373987e+04   0.000000e+00   2.872859e+05     83s
   80307    2.1373987e+04   0.000000e+00   4.091992e+04     86s
   81581    2.1373988e+04   0.000000e+00   1.841007e+05     92s
   82855    2.1373989e+04   0.000000e+00   1.142391e+05     98s
   83492    2.1373989e+04   0.000000e+00   4.528940e+05    101s
   84766    2.1373989e+04   0.000000e+00   3.520564e+04    107s
   85403    2.1373990e+04   0.000000e+00   1.693486e+04    111s
   86677    2.1373990e+04   0.000000e+00   1.061076e+04    118s
   87314    2.1373990e+04   0.000000e+00   2.563715e+04    123s
   87951    2.1373990e+04   0.000000e+00   1.559895e+04    126s
   88588    2.1373990e+04   0.000000e+00   9.421049e+03    130s
   89862    2.1373991e+04   0.000000e+00   4.135393e+03    136s
   91136    2.1373991e+04   0.000000e+00   6.205812e+03    142s
   91773    2.1373991e+04   0.000000e+00   2.397532e+04    145s
   93047    2.1373991e+04   0.000000e+00   1.146786e+04    153s
   93684    2.1373991e+04   0.000000e+00   9.238142e+03    156s
   94321    2.1373991e+04   0.000000e+00   7.301568e+03    161s
   94958    2.1373991e+04   0.000000e+00   1.277623e+04    166s
   96232    2.1373992e+04   0.000000e+00   3.181314e+03    175s
   96869    2.1373992e+04   0.000000e+00   1.156223e+04    180s
   97506    2.1373992e+04   0.000000e+00   1.196096e+04    184s
   98143    2.1373992e+04   0.000000e+00   6.518469e+04    188s
   98780    2.1373992e+04   0.000000e+00   7.283055e+03    193s
   99417    2.1373992e+04   0.000000e+00   2.174568e+03    199s
  100054    2.1373992e+04   0.000000e+00   1.427801e+04    205s
  100691    2.1373992e+04   0.000000e+00   1.456803e+03    210s
  101328    2.1373992e+04   0.000000e+00   3.850949e+03    215s
  102602    2.1373992e+04   0.000000e+00   6.556942e+03    225s
  103239    2.1373992e+04   0.000000e+00   9.358841e+02    229s
  103876    2.1373992e+04   0.000000e+00   8.418792e+02    232s
  104513    2.1373992e+04   0.000000e+00   1.035471e+03    236s
  105787    2.1373992e+04   0.000000e+00   7.038134e+03    243s
  106424    2.1373992e+04   0.000000e+00   1.963053e+03    248s
  107061    2.1373992e+04   0.000000e+00   1.404867e+03    253s
  107698    2.1373992e+04   0.000000e+00   1.230179e+03    259s
  108335    2.1373992e+04   0.000000e+00   1.529101e+03    264s
  108972    2.1373992e+04   0.000000e+00   6.200846e+02    270s
  109609    2.1373992e+04   0.000000e+00   1.430575e+03    275s
  110246    2.1373992e+04   0.000000e+00   7.198244e+02    281s
  110883    2.1373992e+04   0.000000e+00   3.883706e+02    287s
  111520    2.1373992e+04   0.000000e+00   6.529588e+02    292s
  112157    2.1373992e+04   0.000000e+00   3.350567e+02    297s
  112794    2.1373992e+04   0.000000e+00   2.388715e+03    302s
  113431    2.1373992e+04   0.000000e+00   3.241470e+03    307s
  114068    2.1373992e+04   0.000000e+00   1.851562e+02    312s
  114705    2.1373992e+04   0.000000e+00   1.499029e+02    317s
  115342    2.1373992e+04   0.000000e+00   8.979114e+03    321s
  115979    2.1373992e+04   0.000000e+00   1.863981e+02    326s
  117253    2.1373992e+04   0.000000e+00   8.509257e+01    334s
  117890    2.1373992e+04   0.000000e+00   1.197567e+01    337s
  118527    2.1373992e+04   0.000000e+00   5.125000e-01    341s
Extra simplex iterations after uncrush: 76897
  118754    2.1373628e+04   0.000000e+00   0.000000e+00    343s

Solved in 118754 iterations and 343.36 seconds (461.38 work units)
Optimal objective  2.137362844e+04
