
Gurobi 11.0.3 (mac64[x86]) logging started Mon Apr  7 11:24:51 2025

Set parameter LogFile to value "Results/OneScenarioExperiments/low_storage_costs.log"
Set parameter TimeLimit to value 84600
Gurobi Optimizer version 11.0.3 build v11.0.3rc0 (mac64[x86] - Darwin 23.4.0 23E214)

CPU model: Intel(R) Core(TM) i7-1060NG7 CPU @ 1.20GHz
Thread count: 4 physical cores, 8 logical processors, using up to 8 threads

Optimize a model with 1703600 rows, 1948128 columns and 7223504 nonzeros
Model fingerprint: 0x3de33fc7
Coefficient statistics:
  Matrix range     [2e-01, 1e+00]
  Objective range  [6e-05, 5e+00]
  Bounds range     [0e+00, 0e+00]
  RHS range        [1e-02, 1e+03]
Presolve removed 1289616 rows and 1390000 columns (presolve time = 5s) ...
Presolve removed 1462575 rows and 1548265 columns (presolve time = 10s) ...
Presolve removed 1462602 rows and 1548265 columns
Presolve time: 10.65s
Presolved: 240998 rows, 399890 columns, 1511400 nonzeros

Concurrent LP optimizer: dual simplex and barrier
Showing barrier log only...

Ordering time: 8.93s

Barrier statistics:
 AA' NZ     : 1.945e+06
 Factor NZ  : 2.281e+07 (roughly 250 MB of memory)
 Factor Ops : 2.287e+10 (roughly 1 second per iteration)
 Threads    : 3

                  Objective                Residual
Iter       Primal          Dual         Primal    Dual     Compl     Time
   0  -1.83702884e+05  3.96487696e+07  8.24e+03 2.70e+01  1.28e+04    27s
   1  -4.77344543e+06  3.00535055e+07  1.92e+03 3.79e+00  2.70e+03    28s
   2  -3.87378010e+06  1.24876657e+07  4.62e+02 2.01e-01  5.07e+02    29s
   3  -1.09100877e+06  3.07951638e+06  8.39e+01 1.73e-02  9.44e+01    31s
   4  -2.33668860e+05  1.17056697e+06  1.36e+01 4.42e-03  2.25e+01    32s
   5  -2.87127734e+04  2.87801873e+05  1.32e+00 6.23e-04  3.99e+00    34s
   6   1.16489462e+04  5.58824812e+04  9.80e-02 4.34e-05  4.94e-01    36s
   7   1.86364940e+04  2.69654902e+04  1.94e-02 4.53e-06  9.15e-02    39s
   8   2.15669260e+04  2.36357427e+04  3.02e-03 1.06e-06  2.23e-02    41s
   9   2.20908146e+04  2.27874991e+04  8.56e-04 3.24e-07  7.48e-03    44s
  10   2.22717408e+04  2.24709332e+04  2.10e-04 6.70e-08  2.14e-03    47s
  11   2.23085471e+04  2.24185253e+04  1.21e-04 3.41e-08  1.18e-03    49s
  12   2.23480909e+04  2.23761641e+04  2.46e-05 6.54e-09  3.01e-04    51s
  13   2.23579391e+04  2.23644133e+04  5.82e-06 6.69e-10  6.98e-05    53s
  14   2.23598148e+04  2.23635206e+04  3.27e-06 3.88e-10  4.00e-05    57s
  15   2.23615005e+04  2.23627678e+04  1.08e-06 1.06e-10  1.37e-05    62s
  16   2.23621843e+04  2.23625807e+04  2.80e-07 3.74e-11  4.26e-06    64s
  17   2.23623564e+04  2.23625009e+04  1.00e-07 1.21e-11  1.55e-06    67s
  18   2.23624276e+04  2.23624723e+04  3.15e-08 2.85e-12  4.81e-07    70s
  19   2.23624600e+04  2.23624627e+04  1.99e-09 2.30e-13  2.96e-08    72s
  20   2.23624619e+04  2.23624625e+04  3.32e-07 2.70e-13  6.36e-09    74s
  21   2.23624624e+04  2.23624624e+04  7.46e-08 2.62e-13  7.15e-10    78s

Barrier solved model in 21 iterations and 77.74 seconds (27.32 work units)
Optimal objective 2.23624624e+04

Crossover log...

   28221 DPushes remaining with DInf 9.7434637e-01                78s
       0 DPushes remaining with DInf 5.0462500e-01                80s

   25644 PPushes remaining with PInf 1.8416646e-03                80s
    4821 PPushes remaining with PInf 2.8623915e-02                80s
       0 PPushes remaining with PInf 0.0000000e+00                81s

  Push phase complete: Pinf 0.0000000e+00, Dinf 3.0926438e+00     81s

Iteration    Objective       Primal Inf.    Dual Inf.      Time
   49929    2.2362462e+04   0.000000e+00   3.092644e+00     81s
   51531    2.2362462e+04   0.000000e+00   5.816477e-01     85s

Solved with barrier
Extra simplex iterations after uncrush: 4
   52707    2.2362462e+04   0.000000e+00   0.000000e+00     88s

Use crossover to convert LP symmetric solution to basic solution...
Crossover log...

   11252 DPushes remaining with DInf 0.0000000e+00                90s
       0 DPushes remaining with DInf 0.0000000e+00                90s

    5121 PPushes remaining with PInf 0.0000000e+00                90s
       0 PPushes remaining with PInf 0.0000000e+00                90s

  Push phase complete: Pinf 0.0000000e+00, Dinf 8.2813756e-12     90s

Iteration    Objective       Primal Inf.    Dual Inf.      Time
   78247    2.2362462e+04   0.000000e+00   1.908485e+05     96s
   81942    2.2362601e+04   0.000000e+00   5.477742e+05    100s
   86627    2.2362635e+04   0.000000e+00   4.706850e+04    105s
   89339    2.2362645e+04   0.000000e+00   9.108317e+05    110s
   91861    2.2362652e+04   0.000000e+00   1.086893e+05    118s
   92741    2.2362653e+04   0.000000e+00   1.281666e+05    121s
   95322    2.2362655e+04   0.000000e+00   3.290125e+04    127s
   96596    2.2362656e+04   0.000000e+00   7.743980e+05    133s
   97233    2.2362657e+04   0.000000e+00   2.395339e+05    137s
   97870    2.2362658e+04   0.000000e+00   8.157442e+04    141s
   99144    2.2362660e+04   0.000000e+00   1.259683e+05    149s
   99781    2.2362661e+04   0.000000e+00   1.756767e+05    154s
  100418    2.2362662e+04   0.000000e+00   1.145701e+06    159s
  101055    2.2362662e+04   0.000000e+00   3.740863e+05    163s
  101692    2.2362663e+04   0.000000e+00   1.074023e+05    167s
  102329    2.2362664e+04   0.000000e+00   1.490950e+05    172s
  102966    2.2362664e+04   0.000000e+00   9.901852e+04    177s
  103603    2.2362665e+04   0.000000e+00   4.613911e+04    182s
  104240    2.2362665e+04   0.000000e+00   1.554817e+05    186s
  104877    2.2362666e+04   0.000000e+00   1.142117e+04    191s
  106151    2.2362667e+04   0.000000e+00   1.097867e+05    200s
  106788    2.2362667e+04   0.000000e+00   4.093123e+04    205s
  107425    2.2362667e+04   0.000000e+00   2.846589e+04    211s
  108062    2.2362667e+04   0.000000e+00   1.532785e+04    216s
  108699    2.2362668e+04   0.000000e+00   5.756270e+04    222s
  109336    2.2362668e+04   0.000000e+00   1.482956e+05    226s
  109973    2.2362668e+04   0.000000e+00   2.316996e+04    232s
  110610    2.2362668e+04   0.000000e+00   2.153429e+04    238s
  111247    2.2362669e+04   0.000000e+00   4.661815e+04    244s
  111884    2.2362669e+04   0.000000e+00   1.778754e+04    249s
  112521    2.2362669e+04   0.000000e+00   2.352275e+04    254s
  113158    2.2362669e+04   0.000000e+00   5.673813e+04    259s
  113795    2.2362670e+04   0.000000e+00   1.445655e+04    266s
  114432    2.2362670e+04   0.000000e+00   5.051246e+04    271s
  115069    2.2362670e+04   0.000000e+00   2.106259e+04    277s
  115706    2.2362670e+04   0.000000e+00   3.068131e+04    284s
  116343    2.2362670e+04   0.000000e+00   3.709083e+04    290s
  116980    2.2362670e+04   0.000000e+00   3.211798e+04    295s
  117617    2.2362671e+04   0.000000e+00   1.410218e+04    301s
  118254    2.2362671e+04   0.000000e+00   8.713708e+03    308s
  118891    2.2362671e+04   0.000000e+00   1.767563e+04    314s
  119528    2.2362671e+04   0.000000e+00   3.856852e+04    320s
  120165    2.2362671e+04   0.000000e+00   2.585173e+04    325s
  120802    2.2362671e+04   0.000000e+00   8.966918e+03    331s
  121439    2.2362671e+04   0.000000e+00   2.566928e+04    337s
  122076    2.2362671e+04   0.000000e+00   2.045372e+04    344s
  122713    2.2362671e+04   0.000000e+00   4.469057e+04    350s
  123350    2.2362671e+04   0.000000e+00   1.070675e+04    357s
  123987    2.2362671e+04   0.000000e+00   1.115485e+04    364s
  124624    2.2362672e+04   0.000000e+00   1.486125e+04    370s
  125261    2.2362672e+04   0.000000e+00   3.167122e+04    376s
  125898    2.2362672e+04   0.000000e+00   1.665332e+04    382s
  126535    2.2362672e+04   0.000000e+00   1.979237e+04    389s
  127172    2.2362672e+04   0.000000e+00   4.197760e+04    397s
  127742    2.2362672e+04   0.000000e+00   2.354696e+04    405s
  128379    2.2362672e+04   0.000000e+00   1.350386e+04    411s
  129016    2.2362672e+04   0.000000e+00   1.476258e+04    418s
  129653    2.2362672e+04   0.000000e+00   5.229332e+03    425s
  130290    2.2362672e+04   0.000000e+00   3.875131e+04    431s
  130927    2.2362672e+04   0.000000e+00   5.233240e+03    439s
  131564    2.2362672e+04   0.000000e+00   1.770839e+04    446s
  132201    2.2362672e+04   0.000000e+00   4.832411e+03    454s
  132838    2.2362672e+04   0.000000e+00   1.125215e+04    462s
  133475    2.2362672e+04   0.000000e+00   9.826099e+03    469s
  134112    2.2362672e+04   0.000000e+00   5.409624e+03    477s
  134749    2.2362672e+04   0.000000e+00   1.746389e+04    486s
  135386    2.2362672e+04   0.000000e+00   7.350852e+03    493s
  136023    2.2362672e+04   0.000000e+00   7.485727e+03    500s
  136660    2.2362672e+04   0.000000e+00   1.369343e+04    506s
  137297    2.2362672e+04   0.000000e+00   5.464781e+03    514s
  137934    2.2362672e+04   0.000000e+00   5.090487e+03    522s
  138544    2.2362672e+04   0.000000e+00   4.661229e+03    530s
  139174    2.2362673e+04   0.000000e+00   3.222643e+03    545s
  139784    2.2362673e+04   0.000000e+00   4.993420e+03    554s
  140334    2.2362673e+04   0.000000e+00   4.095352e+03    566s
  140894    2.2362673e+04   0.000000e+00   6.497497e+03    586s
  141434    2.2362673e+04   0.000000e+00   1.557463e+04    598s
  142024    2.2362673e+04   0.000000e+00   2.876163e+03    610s
  142584    2.2362673e+04   0.000000e+00   4.081904e+03    621s
  143174    2.2362673e+04   0.000000e+00   2.414239e+03    633s
  143811    2.2362673e+04   0.000000e+00   2.080680e+03    643s
  144441    2.2362673e+04   0.000000e+00   5.040082e+03    654s
  145041    2.2362673e+04   0.000000e+00   4.876549e+03    664s
  145651    2.2362673e+04   0.000000e+00   1.340170e+03    672s
  146261    2.2362673e+04   0.000000e+00   2.546666e+03    683s
  146811    2.2362673e+04   0.000000e+00   3.335383e+03    692s
  147351    2.2362673e+04   0.000000e+00   1.286173e+04    704s
  147921    2.2362673e+04   0.000000e+00   1.531000e+05    713s
  148558    2.2362673e+04   0.000000e+00   4.677755e+03    722s
  149195    2.2362673e+04   0.000000e+00   1.136923e+04    732s
  149785    2.2362673e+04   0.000000e+00   6.195373e+03    742s
  150345    2.2362673e+04   0.000000e+00   3.713678e+03    753s
  150865    2.2362673e+04   0.000000e+00   5.956131e+03    762s
  151455    2.2362673e+04   0.000000e+00   4.489350e+03    771s
  151975    2.2362673e+04   0.000000e+00   5.234432e+03    781s
  152535    2.2362673e+04   0.000000e+00   1.151722e+03    791s
  153115    2.2362673e+04   0.000000e+00   2.648427e+03    800s
  153715    2.2362673e+04   0.000000e+00   6.692438e+02    809s
  154352    2.2362673e+04   0.000000e+00   2.793817e+03    818s
  154972    2.2362673e+04   0.000000e+00   9.096674e+03    828s
  155542    2.2362673e+04   0.000000e+00   1.498625e+03    837s
  156179    2.2362673e+04   0.000000e+00   5.356339e+03    847s
  156709    2.2362673e+04   0.000000e+00   2.519287e+03    857s
  157279    2.2362673e+04   0.000000e+00   1.383857e+03    867s
  157916    2.2362673e+04   0.000000e+00   9.381703e+02    876s
  158536    2.2362673e+04   0.000000e+00   9.352645e+03    887s
  159156    2.2362673e+04   0.000000e+00   2.651986e+03    899s
  159676    2.2362673e+04   0.000000e+00   4.401582e+03    910s
  160236    2.2362673e+04   0.000000e+00   1.271418e+03    920s
  160806    2.2362673e+04   0.000000e+00   1.687413e+03    939s
  161396    2.2362673e+04   0.000000e+00   6.696447e+03    952s
  162033    2.2362673e+04   0.000000e+00   2.146632e+03    962s
  162670    2.2362673e+04   0.000000e+00   1.595868e+03    972s
  163307    2.2362673e+04   0.000000e+00   1.046506e+03    984s
  163907    2.2362673e+04   0.000000e+00   1.974732e+03    995s
  164497    2.2362673e+04   0.000000e+00   3.351987e+03   1004s
  165127    2.2362673e+04   0.000000e+00   5.045379e+03   1016s
  165764    2.2362673e+04   0.000000e+00   1.871753e+03   1025s
  166401    2.2362673e+04   0.000000e+00   9.532515e+02   1034s
  167038    2.2362673e+04   0.000000e+00   6.641625e+02   1047s
  167675    2.2362673e+04   0.000000e+00   7.847357e+02   1056s
  168312    2.2362673e+04   0.000000e+00   1.126272e+03   1063s
  168942    2.2362673e+04   0.000000e+00   6.913773e+02   1071s
  169579    2.2362673e+04   0.000000e+00   1.007192e+03   1077s
  170216    2.2362673e+04   0.000000e+00   9.813736e+02   1085s
  170853    2.2362673e+04   0.000000e+00   3.187875e+02   1094s
  171490    2.2362673e+04   0.000000e+00   1.967413e+03   1102s
  172120    2.2362673e+04   0.000000e+00   1.624981e+02   1112s
  172757    2.2362673e+04   0.000000e+00   7.524721e+02   1121s
  173394    2.2362673e+04   0.000000e+00   9.140632e+02   1134s
  174031    2.2362673e+04   0.000000e+00   6.501640e+02   1151s
  174668    2.2362673e+04   0.000000e+00   1.180260e+03   1166s
  175305    2.2362673e+04   0.000000e+00   4.789217e+02   1185s
  175942    2.2362673e+04   0.000000e+00   1.198427e+02   1195s
  176579    2.2362673e+04   0.000000e+00   1.801019e+02   1200s
  177216    2.2362673e+04   0.000000e+00   4.856521e+01   1208s
  177853    2.2362673e+04   0.000000e+00   9.800556e+01   1216s
  178490    2.2362673e+04   0.000000e+00   7.925151e+00   1221s
  179127    2.2362673e+04   0.000000e+00   5.608480e+00   1226s
  179764    2.2362673e+04   0.000000e+00   5.029815e+00   1231s
  180401    2.2362673e+04   0.000000e+00   8.633810e+00   1236s
  181038    2.2362673e+04   0.000000e+00   2.290049e+00   1240s
  181675    2.2362673e+04   0.000000e+00   2.237774e+00   1246s
  182949    2.2362673e+04   0.000000e+00   3.196411e+00   1254s
  183586    2.2362673e+04   0.000000e+00   1.130049e+00   1258s
  184223    2.2362673e+04   0.000000e+00   4.046954e-01   1262s
  184860    2.2362673e+04   0.000000e+00   1.754238e+00   1266s
  185497    2.2362673e+04   0.000000e+00   3.388869e-01   1270s
  186771    2.2362673e+04   0.000000e+00   1.407384e-01   1279s
  186926    2.2362462e+04   0.000000e+00   0.000000e+00   1281s
Extra simplex iterations after uncrush: 117917

Solved in 186926 iterations and 1282.07 seconds (564.54 work units)
Optimal objective  2.236246245e+04
