
Gurobi 11.0.3 (mac64[x86]) logging started Mon Apr  7 13:56:09 2025

Set parameter LogFile to value "Results/OneScenarioExperiments/low_storage_costs_v3.log"

Gurobi 11.0.3 (mac64[x86]) logging started Mon Apr  7 15:27:45 2025

Set parameter LogFile to value "Results/OneScenarioExperiments/low_storage_costs_v3.log"

Gurobi 11.0.3 (mac64[x86]) logging started Mon Apr  7 19:19:33 2025

Set parameter LogFile to value "Results/OneScenarioExperiments/low_storage_costs_v3.log"
Set parameter TimeLimit to value 84600
Set parameter Method to value 2
Set parameter Crossover to value 0
Gurobi Optimizer version 11.0.3 build v11.0.3rc0 (mac64[x86] - Darwin 23.4.0 23E214)

CPU model: Intel(R) Core(TM) i7-1060NG7 CPU @ 1.20GHz
Thread count: 4 physical cores, 8 logical processors, using up to 8 threads

Optimize a model with 1564832 rows, 1948128 columns and 6945968 nonzeros
Model fingerprint: 0x11eaade5
Coefficient statistics:
  Matrix range     [2e-01, 1e+00]
  Objective range  [6e-05, 5e+00]
  Bounds range     [0e+00, 0e+00]
  RHS range        [1e-02, 1e+03]
Presolve removed 1264752 rows and 1389088 columns (presolve time = 5s) ...
Presolve removed 1265248 rows and 1389296 columns
Presolve time: 5.73s
Presolved: 299584 rows, 558848 columns, 2055760 nonzeros
Ordering time: 2.74s

Barrier statistics:
 AA' NZ     : 7.841e+05
 Factor NZ  : 2.497e+07 (roughly 300 MB of memory)
 Factor Ops : 2.568e+10 (less than 1 second per iteration)
 Threads    : 4

                  Objective                Residual
Iter       Primal          Dual         Primal    Dual     Compl     Time
   0   3.31080532e+06  4.47134891e+10  6.95e+03 5.42e+03  1.08e+07    11s
   1  -5.96368309e+06  4.03193440e+10  2.03e+03 6.23e+03  3.66e+06    11s
   2  -7.52368910e+06  2.16160264e+10  4.23e+02 2.65e+02  3.86e+05    12s
   3  -7.55108113e+06  3.87731667e+09  8.02e+01 1.43e+01  5.49e+04    13s
   4  -7.67779788e+06  1.01597658e+09  8.38e+00 1.84e+00  9.17e+03    13s
   5  -6.16158722e+06  1.67950722e+08  6.16e-01 1.21e-01  9.96e+02    15s
   6  -1.11451345e+06  1.27412009e+07  2.50e-02 6.34e-03  6.67e+01    16s
   7  -9.16811390e+04  7.20599525e+05  5.29e-04 3.47e-05  3.72e+00    17s
   8   6.38756592e+01  7.91099499e+04  2.83e-05 5.64e-11  3.54e-01    18s
   9   1.70309734e+04  3.05307638e+04  2.94e-06 5.69e-11  5.91e-02    19s
  10   2.15816791e+04  2.44365763e+04  2.58e-07 8.70e-11  1.24e-02    20s
  11   2.19252015e+04  2.40564993e+04  1.56e-07 8.96e-11  9.24e-03    21s
  12   2.21035827e+04  2.35398578e+04  1.07e-07 1.07e-10  6.22e-03    22s
  13   2.22712066e+04  2.31187144e+04  6.27e-08 9.03e-11  3.67e-03    23s
  14   2.23431521e+04  2.28972253e+04  4.50e-08 1.08e-10  2.41e-03    24s
  15   2.23551486e+04  2.28803051e+04  4.21e-08 1.35e-10  2.28e-03    25s
  16   2.23586082e+04  2.28661727e+04  4.13e-08 1.42e-10  2.20e-03    26s
  17   2.23777796e+04  2.28382227e+04  3.67e-08 1.56e-10  2.00e-03    27s
  18   2.23918347e+04  2.27406705e+04  3.33e-08 1.46e-10  1.52e-03    28s
  19   2.24280015e+04  2.27049600e+04  2.48e-08 1.79e-10  1.20e-03    30s
  20   2.24472959e+04  2.26596963e+04  2.04e-08 1.31e-10  9.23e-04    31s
  21   2.24993638e+04  2.25843629e+04  8.60e-09 1.36e-10  3.70e-04    32s
  22   2.25230645e+04  2.25578791e+04  3.68e-09 1.08e-10  1.52e-04    33s
  23   2.25393108e+04  2.25453706e+04  1.01e-09 1.91e-10  2.64e-05    34s
  24   2.25433297e+04  2.25440350e+04  2.18e-09 1.57e-10  3.09e-06    36s
  25   2.25437442e+04  2.25438292e+04  2.56e-09 1.84e-10  3.75e-07    37s
  26   2.25438035e+04  2.25438071e+04  1.38e-09 2.23e-10  1.61e-08    39s
  27   2.25438064e+04  2.25438064e+04  3.45e-08 1.86e-10  1.80e-10    40s

Barrier solved model in 27 iterations and 39.99 seconds (30.54 work units)
Optimal objective 2.25438064e+04

