
Gurobi 10.0.1 (linux64) logging started Mon Mar 10 21:47:36 2025

Set parameter LogFile to value "Results/Conservative_experiment/c1_0.90_c2_0.40.log"
Set parameter TimeLimit to value 36000
Gurobi Optimizer version 10.0.1 build v10.0.1rc0 (linux64)

CPU model: AMD EPYC 9654 96-Core Processor, instruction set [SSE2|AVX|AVX2|AVX512]
Thread count: 192 physical cores, 192 logical processors, using up to 32 threads

Academic license 656792 - for non-commercial use only - registered to b.___@student.vu.nl
Optimize a model with 1498050 rows, 1622512 columns and 5976640 nonzeros
Model fingerprint: 0xb1241deb
Coefficient statistics:
  Matrix range     [4e-01, 1e+00]
  Objective range  [6e-02, 5e+00]
  Bounds range     [0e+00, 0e+00]
  RHS range        [1e-02, 1e+03]
Presolve removed 955510 rows and 878809 columns (presolve time = 5s) ...
Presolve removed 955510 rows and 878809 columns
Presolve time: 5.17s
Presolved: 542540 rows, 743703 columns, 2508755 nonzeros

Concurrent LP optimizer: primal simplex, dual simplex, and barrier
Showing barrier log only...

Ordering time: 1.37s

Barrier statistics:
 AA' NZ     : 1.721e+06
 Factor NZ  : 1.393e+07 (roughly 250 MB of memory)
 Factor Ops : 7.897e+09 (less than 1 second per iteration)
 Threads    : 30

                  Objective                Residual
Iter       Primal          Dual         Primal    Dual     Compl     Time
   0  -1.28048643e+07  1.39895347e+08  1.00e+06 1.21e+02  3.06e+04     8s
   1  -1.21448734e+07  1.19574333e+08  4.52e+05 1.44e+02  1.29e+04     8s
   2  -1.92188318e+07  9.26370267e+07  8.20e+04 8.27e+01  3.48e+03     8s
   3  -6.25126360e+07  6.58837550e+07  3.26e+04 5.16e+01  1.82e+03     9s
   4  -5.00085871e+07  1.42510710e+07  1.04e+04 4.15e+00  4.19e+02     9s
   5  -2.67751474e+07  5.64646259e+06  4.44e+03 1.20e+00  1.67e+02     9s
   6  -1.00096597e+07  2.68212581e+06  1.24e+03 2.91e-01  5.62e+01     9s
   7  -2.10080200e+06  9.61201908e+05  2.06e+02 5.97e-02  1.18e+01     9s
   8  -3.70667100e+05  3.48172143e+05  2.91e+01 6.88e-03  2.55e+00     9s
   9  -6.77071394e+04  1.38379889e+05  5.53e+00 1.07e-03  6.92e-01    10s
  10  -2.17869543e+04  6.04176166e+04  2.38e+00 2.73e-12  2.63e-01    10s
  11  -6.51251023e+03  3.90099679e+04  1.18e+00 2.11e-12  1.42e-01    10s
  12  -3.95985146e+03  2.77821108e+04  1.02e+00 2.59e-12  9.77e-02    10s
  13   3.70095114e+03  2.31232293e+04  5.19e-01 2.36e-12  5.90e-02    10s
  14   6.29802399e+03  2.08605655e+04  3.43e-01 3.35e-12  4.39e-02    10s
  15   8.70024332e+03  1.63280452e+04  1.76e-01 3.26e-12  2.28e-02    10s
  16   9.74052379e+03  1.42274370e+04  1.10e-01 2.69e-12  1.34e-02    11s
  17   1.01428072e+04  1.30753452e+04  8.36e-02 2.72e-12  8.73e-03    11s
  18   1.07206600e+04  1.25468919e+04  4.74e-02 2.90e-12  5.42e-03    11s
  19   1.09981273e+04  1.21779888e+04  3.05e-02 3.28e-12  3.50e-03    11s
  20   1.11590384e+04  1.20789942e+04  2.11e-02 3.09e-12  2.72e-03    11s
  21   1.12067305e+04  1.20092483e+04  1.84e-02 3.01e-12  2.37e-03    11s
  22   1.12937157e+04  1.19758124e+04  1.49e-02 3.47e-12  2.02e-03    11s
  23   1.13140376e+04  1.19403603e+04  1.39e-02 3.47e-12  1.85e-03    12s
  24   1.13834393e+04  1.18665271e+04  1.07e-02 3.80e-12  1.43e-03    12s
  25   1.14641243e+04  1.17839758e+04  6.62e-03 4.56e-12  9.45e-04    12s
  26   1.15048587e+04  1.17401834e+04  4.76e-03 3.44e-12  6.95e-04    12s
  27   1.15240262e+04  1.17359399e+04  4.05e-03 3.52e-12  6.25e-04    12s
  28   1.15435998e+04  1.16992684e+04  3.03e-03 3.48e-12  4.59e-04    13s
  29   1.15567811e+04  1.16896983e+04  2.42e-03 4.21e-12  3.92e-04    13s
  30   1.15744526e+04  1.16675120e+04  1.62e-03 3.71e-12  2.74e-04    13s
  31   1.15855597e+04  1.16523424e+04  1.10e-03 3.29e-12  1.97e-04    13s
  32   1.15889873e+04  1.16468029e+04  9.93e-04 3.22e-12  1.70e-04    13s
  33   1.15940178e+04  1.16455844e+04  8.23e-04 3.42e-12  1.52e-04    14s
  34   1.15985125e+04  1.16408787e+04  7.02e-04 3.22e-12  1.25e-04    14s
  35   1.16017802e+04  1.16381542e+04  6.15e-04 3.61e-12  1.07e-04    14s
  36   1.16098421e+04  1.16353392e+04  4.24e-04 3.65e-12  7.51e-05    14s
  37   1.16107108e+04  1.16352635e+04  4.02e-04 4.25e-12  7.23e-05    15s
  38   1.16118443e+04  1.16343198e+04  3.72e-04 3.72e-08  6.62e-05    15s
  39   1.16130053e+04  1.16317338e+04  3.36e-04 4.28e-12  5.52e-05    15s
  40   1.16130044e+04  1.16300865e+04  3.29e-04 4.15e-12  5.04e-05    15s
  41   1.16156860e+04  1.16285531e+04  2.08e-04 5.06e-12  3.79e-05    16s
  42   1.16169020e+04  1.16278266e+04  1.62e-04 4.66e-12  3.22e-05    16s
  43   1.16173511e+04  1.16268748e+04  1.51e-04 4.59e-12  2.80e-05    16s
  44   1.16177896e+04  1.16260054e+04  1.34e-04 4.54e-12  2.42e-05    17s
  45   1.16184462e+04  1.16252505e+04  1.07e-04 3.58e-12  2.00e-05    17s
  46   1.16186678e+04  1.16248008e+04  9.86e-05 4.25e-12  1.81e-05    17s
  47   1.16191613e+04  1.16246831e+04  7.75e-05 4.75e-12  1.62e-05    17s
  48   1.16193364e+04  1.16242193e+04  6.69e-05 4.24e-12  1.44e-05    17s
  49   1.16198109e+04  1.16232326e+04  4.25e-05 3.81e-12  1.01e-05    18s
  50   1.16203808e+04  1.16221930e+04  1.48e-05 3.74e-12  5.31e-06    18s
  51   1.16206658e+04  1.16208955e+04  7.14e-07 4.03e-12  6.71e-07    18s
  52   1.16206825e+04  1.16207920e+04  2.53e-07 6.18e-12  3.20e-07    18s
  53   1.16206838e+04  1.16207816e+04  2.21e-07 5.72e-12  2.86e-07    19s
  54   1.16206862e+04  1.16207690e+04  1.75e-07 6.27e-12  2.42e-07    19s
  55   1.16206888e+04  1.16207361e+04  1.25e-07 6.22e-12  1.38e-07    19s
  56   1.16206920e+04  1.16207226e+04  6.62e-08 6.31e-12  8.94e-08    19s
  57   1.16206932e+04  1.16207198e+04  4.90e-08 8.56e-12  7.79e-08    19s
  58   1.16206933e+04  1.16207178e+04  4.73e-08 8.66e-12  7.14e-08    19s
  59   1.16206934e+04  1.16207165e+04  4.48e-08 6.70e-12  6.74e-08    19s
  60   1.16206942e+04  1.16207107e+04  3.24e-08 8.65e-12  4.82e-08    20s
  61   1.16206947e+04  1.16207057e+04  2.48e-08 7.03e-12  3.22e-08    20s
  62   1.16206961e+04  1.16206969e+04  1.98e-09 1.15e-11  2.49e-09    20s
  63   1.16206961e+04  1.16206962e+04  2.06e-08 8.63e-12  1.12e-10    20s

Barrier solved model in 63 iterations and 20.41 seconds (15.98 work units)
Optimal objective 1.16206961e+04

Crossover log...

   30188 DPushes remaining with DInf 0.0000000e+00                21s
       0 DPushes remaining with DInf 0.0000000e+00                21s

  105424 PPushes remaining with PInf 2.5661288e-05                21s
       0 PPushes remaining with PInf 0.0000000e+00                22s

  Push phase complete: Pinf 0.0000000e+00, Dinf 1.8939517e-11     22s


Solved with barrier
Extra simplex iterations after uncrush: 1624
Iteration    Objective       Primal Inf.    Dual Inf.      Time
  135278    1.1620696e+04   0.000000e+00   0.000000e+00     22s

Use crossover to convert LP symmetric solution to basic solution...
Crossover log...

   11405 DPushes remaining with DInf 0.0000000e+00                23s
       0 DPushes remaining with DInf 0.0000000e+00                23s

    8151 PPushes remaining with PInf 0.0000000e+00                23s
       0 PPushes remaining with PInf 0.0000000e+00                23s

  Push phase complete: Pinf 0.0000000e+00, Dinf 1.3755386e-12     24s

Iteration    Objective       Primal Inf.    Dual Inf.      Time
  157405    1.1620696e+04   0.000000e+00   6.468750e-03     26s
Extra simplex iterations after uncrush: 2748
  157582    1.1620696e+04   0.000000e+00   0.000000e+00     28s

Solved in 157582 iterations and 27.91 seconds (31.19 work units)
Optimal objective  1.162069615e+04
