
Gurobi 10.0.1 (linux64) logging started Mon Mar 10 21:39:01 2025

Set parameter LogFile to value "Results/Conservative_experiment/c1_0.60_c2_0.40.log"
Set parameter TimeLimit to value 36000
Gurobi Optimizer version 10.0.1 build v10.0.1rc0 (linux64)

CPU model: AMD EPYC 9654 96-Core Processor, instruction set [SSE2|AVX|AVX2|AVX512]
Thread count: 192 physical cores, 192 logical processors, using up to 32 threads

Academic license 656792 - for non-commercial use only - registered to b.___@student.vu.nl
Optimize a model with 1498050 rows, 1622512 columns and 5976640 nonzeros
Model fingerprint: 0xca6b9d30
Coefficient statistics:
  Matrix range     [4e-01, 1e+00]
  Objective range  [6e-02, 5e+00]
  Bounds range     [0e+00, 0e+00]
  RHS range        [1e-02, 1e+03]
Presolve removed 955510 rows and 878809 columns (presolve time = 5s) ...
Presolve removed 955510 rows and 878809 columns
Presolve time: 5.16s
Presolved: 542540 rows, 743703 columns, 2508755 nonzeros

Concurrent LP optimizer: primal simplex, dual simplex, and barrier
Showing barrier log only...

Ordering time: 1.37s

Barrier statistics:
 AA' NZ     : 1.721e+06
 Factor NZ  : 1.393e+07 (roughly 250 MB of memory)
 Factor Ops : 7.897e+09 (less than 1 second per iteration)
 Threads    : 30

                  Objective                Residual
Iter       Primal          Dual         Primal    Dual     Compl     Time
   0  -1.32861627e+07  1.39813446e+08  9.99e+05 1.21e+02  3.06e+04     8s
   1  -1.17361564e+07  1.16496315e+08  4.13e+05 1.07e+02  1.16e+04     8s
   2  -1.79180742e+07  9.21156464e+07  8.70e+04 6.63e+01  3.36e+03     8s
   3  -2.03864332e+08  3.93881404e+07  2.58e+04 1.65e+01  1.48e+03     9s
   4  -9.38982763e+07  1.05856179e+07  7.90e+03 2.43e+00  4.43e+02     9s
   5  -5.11136168e+07  4.15067241e+06  4.00e+03 5.63e-01  2.10e+02     9s
   6  -1.70577456e+07  2.08656588e+06  1.20e+03 1.51e-01  6.88e+01     9s
   7  -3.87721366e+06  7.43288082e+05  2.54e+02 2.06e-02  1.58e+01     9s
   8  -6.05814105e+05  3.12103908e+05  3.64e+01 3.49e-03  3.03e+00     9s
   9  -1.06553086e+05  1.31883539e+05  6.32e+00 3.30e-12  7.62e-01     9s
  10  -2.60082389e+04  5.90066524e+04  1.84e+00 2.38e-12  2.62e-01    10s
  11  -4.42210550e+03  3.81527093e+04  8.17e-01 2.17e-12  1.29e-01    10s
  12  -3.48386087e+03  2.76114406e+04  7.71e-01 2.61e-12  9.39e-02    10s
  13   3.01168622e+03  2.20780876e+04  4.44e-01 3.21e-12  5.71e-02    10s
  14   7.01102577e+03  1.88446260e+04  2.36e-01 2.47e-12  3.52e-02    10s
  15   7.78988659e+03  1.70796717e+04  1.94e-01 2.19e-12  2.76e-02    10s
  16   9.74237289e+03  1.42797908e+04  9.06e-02 2.74e-12  1.34e-02    10s
  17   1.01559150e+04  1.32001411e+04  6.87e-02 2.67e-12  9.00e-03    11s
  18   1.04121463e+04  1.26459997e+04  5.54e-02 2.86e-12  6.61e-03    11s
  19   1.07618452e+04  1.22786311e+04  3.73e-02 3.37e-12  4.49e-03    11s
  20   1.10018102e+04  1.20154541e+04  2.53e-02 3.84e-12  3.00e-03    11s
  21   1.11562217e+04  1.18971723e+04  1.79e-02 3.90e-12  2.19e-03    11s
  22   1.12541493e+04  1.18726037e+04  1.38e-02 3.67e-12  1.83e-03    11s
  23   1.13007648e+04  1.18667385e+04  1.22e-02 4.10e-12  1.67e-03    12s
  24   1.13331149e+04  1.18211792e+04  1.11e-02 4.25e-12  1.44e-03    12s
  25   1.13935124e+04  1.17919069e+04  8.73e-03 3.16e-12  1.18e-03    12s
  26   1.14323869e+04  1.17487606e+04  7.05e-03 3.75e-12  9.34e-04    12s
  27   1.14941852e+04  1.17190094e+04  4.32e-03 3.33e-12  6.63e-04    12s
  28   1.15245685e+04  1.16916185e+04  3.14e-03 4.15e-12  4.92e-04    13s
  29   1.15494564e+04  1.16772934e+04  2.23e-03 3.85e-12  3.77e-04    13s
  30   1.15588569e+04  1.16718483e+04  1.97e-03 8.57e-07  3.33e-04    13s
  31   1.15593398e+04  1.16660962e+04  1.90e-03 8.43e-07  3.14e-04    13s
  32   1.15703921e+04  1.16499638e+04  1.43e-03 4.67e-12  2.34e-04    13s
  33   1.15769166e+04  1.16436505e+04  1.19e-03 3.95e-12  1.97e-04    14s
  34   1.15844133e+04  1.16374450e+04  9.20e-04 3.49e-12  1.56e-04    14s
  35   1.15858662e+04  1.16325825e+04  8.67e-04 3.96e-12  1.38e-04    14s
  36   1.15873409e+04  1.16304952e+04  8.23e-04 3.32e-12  1.27e-04    14s
  37   1.15903827e+04  1.16293517e+04  7.29e-04 4.08e-12  1.15e-04    14s
  38   1.15927656e+04  1.16272816e+04  6.60e-04 4.71e-12  1.02e-04    15s
  39   1.15953768e+04  1.16270389e+04  5.89e-04 5.09e-12  9.33e-05    15s
  40   1.16043474e+04  1.16246060e+04  3.68e-04 3.48e-12  5.97e-05    15s
  41   1.16096665e+04  1.16229951e+04  2.29e-04 3.34e-12  3.93e-05    15s
  42   1.16117557e+04  1.16205074e+04  1.75e-04 3.65e-12  2.58e-05    15s
  43   1.16150175e+04  1.16196288e+04  8.76e-05 2.70e-12  1.36e-05    16s
  44   1.16172093e+04  1.16191120e+04  2.75e-05 3.25e-12  5.60e-06    16s
  45   1.16175560e+04  1.16188896e+04  1.89e-05 2.43e-12  3.92e-06    16s
  46   1.16175789e+04  1.16186203e+04  1.83e-05 2.70e-12  3.07e-06    16s
  47   1.16181755e+04  1.16183937e+04  2.23e-06 3.93e-12  6.40e-07    16s
  48   1.16182487e+04  1.16183346e+04  5.40e-07 2.29e-12  2.51e-07    16s
  49   1.16182654e+04  1.16183267e+04  2.11e-07 3.47e-12  1.79e-07    17s
  50   1.16182659e+04  1.16183174e+04  1.96e-07 4.32e-12  1.50e-07    17s
  51   1.16182688e+04  1.16183058e+04  1.35e-07 3.61e-12  1.08e-07    17s
  52   1.16182695e+04  1.16182967e+04  1.21e-07 6.86e-12  7.96e-08    17s
  53   1.16182747e+04  1.16182925e+04  2.42e-08 8.00e-12  5.19e-08    17s
  54   1.16182760e+04  1.16182894e+04  7.55e-09 8.10e-12  3.91e-08    17s
  55   1.16182760e+04  1.16182878e+04  8.52e-09 6.93e-12  3.43e-08    18s
  56   1.16182764e+04  1.16182767e+04  4.25e-09 5.60e-12  8.99e-10    18s
  57   1.16182764e+04  1.16182766e+04  9.52e-09 5.70e-12  7.12e-10    18s
  58   1.16182764e+04  1.16182765e+04  3.06e-08 5.62e-12  3.40e-10    18s

Barrier solved model in 58 iterations and 18.07 seconds (14.98 work units)
Optimal objective 1.16182764e+04

Crossover log...

   77539 DPushes remaining with DInf 1.2672718e-05                18s
       0 DPushes remaining with DInf 0.0000000e+00                19s

   55435 PPushes remaining with PInf 0.0000000e+00                19s
     177 PPushes remaining with PInf 0.0000000e+00                21s
       0 PPushes remaining with PInf 0.0000000e+00                21s

  Push phase complete: Pinf 0.0000000e+00, Dinf 2.1776081e-11     21s


Solved with barrier
Extra simplex iterations after uncrush: 2995
Iteration    Objective       Primal Inf.    Dual Inf.      Time
  102425    1.1618276e+04   0.000000e+00   0.000000e+00     22s

Use crossover to convert LP symmetric solution to basic solution...
Crossover log...

   42490 DPushes remaining with DInf 0.0000000e+00                23s
       0 DPushes remaining with DInf 0.0000000e+00                24s

    4983 PPushes remaining with PInf 0.0000000e+00                24s
       0 PPushes remaining with PInf 0.0000000e+00                24s

  Push phase complete: Pinf 0.0000000e+00, Dinf 1.2931392e-12     24s

Iteration    Objective       Primal Inf.    Dual Inf.      Time
  149884    1.1618276e+04   0.000000e+00   1.311945e+03     25s
  154818    1.1618278e+04   0.000000e+00   8.813286e+02     30s
  156624    1.1618279e+04   0.000000e+00   1.958938e+02     35s
  159032    1.1618279e+04   0.000000e+00   8.233975e+01     41s
  160838    1.1618279e+04   0.000000e+00   2.366709e+01     46s
  162644    1.1618279e+04   0.000000e+00   2.436378e+01     50s
  165052    1.1618279e+04   0.000000e+00   4.526261e+00     56s
  166858    1.1618279e+04   0.000000e+00   2.044676e+00     61s
  168664    1.1618279e+04   0.000000e+00   4.418396e+00     67s
  169868    1.1618279e+04   0.000000e+00   1.582529e-01     71s
Extra simplex iterations after uncrush: 20722
  170606    1.1618276e+04   0.000000e+00   0.000000e+00     75s

Solved in 170606 iterations and 74.76 seconds (137.13 work units)
Optimal objective  1.161827643e+04
