
Gurobi 10.0.1 (linux64) logging started Mon Mar 10 21:46:33 2025

Set parameter LogFile to value "Results/Conservative_experiment/c1_0.90_c2_0.00.log"
Set parameter TimeLimit to value 36000
Gurobi Optimizer version 10.0.1 build v10.0.1rc0 (linux64)

CPU model: AMD EPYC 9654 96-Core Processor, instruction set [SSE2|AVX|AVX2|AVX512]
Thread count: 192 physical cores, 192 logical processors, using up to 32 threads

Academic license 656792 - for non-commercial use only - registered to b.___@student.vu.nl
Optimize a model with 1498050 rows, 1622512 columns and 5965248 nonzeros
Model fingerprint: 0x3df9b455
Coefficient statistics:
  Matrix range     [9e-01, 1e+00]
  Objective range  [6e-02, 5e+00]
  Bounds range     [0e+00, 0e+00]
  RHS range        [1e-02, 1e+03]
Presolve removed 1137941 rows and 1144695 columns
Presolve time: 3.73s
Presolved: 360109 rows, 477817 columns, 1778097 nonzeros

Concurrent LP optimizer: primal simplex, dual simplex, and barrier
Showing barrier log only...

Ordering time: 0.42s

Barrier statistics:
 AA' NZ     : 3.019e+05
 Factor NZ  : 3.493e+06 (roughly 70 MB of memory)
 Factor Ops : 1.234e+09 (less than 1 second per iteration)
 Threads    : 30

                  Objective                Residual
Iter       Primal          Dual         Primal    Dual     Compl     Time
   0  -1.56194777e+09  1.06715767e+08  1.21e+06 4.38e+01  3.75e+04     5s
   1  -4.27626909e+08  8.37224619e+07  3.19e+05 3.13e+01  8.88e+03     5s
   2  -1.18338814e+08  4.47474155e+07  8.12e+04 1.59e+00  2.18e+03     5s
   3  -3.61318075e+07  9.98402270e+06  2.36e+04 3.75e-02  5.85e+02     5s
   4  -1.19572869e+07  2.75076316e+06  7.49e+03 2.55e-03  1.83e+02     5s
   5  -4.99555302e+06  1.45095407e+06  3.04e+03 2.05e-12  7.76e+01     5s
   6  -1.72788435e+06  7.09656172e+05  1.04e+03 9.09e-12  2.79e+01     5s
   7  -5.23710830e+05  3.92319953e+05  3.09e+02 1.77e-11  9.90e+00     5s
   8  -1.22070165e+05  1.85149260e+05  7.20e+01 7.50e-12  3.11e+00     5s
   9  -3.94238071e+04  7.40656583e+04  2.59e+01 1.93e-12  1.04e+00     5s
  10  -2.63669919e+02  3.60961369e+04  4.91e+00 2.31e-12  3.26e-01     5s
  11   6.06996647e+03  2.12105015e+04  2.12e+00 2.11e-12  1.31e-01     5s
  12   7.92951517e+03  1.81585574e+04  1.35e+00 2.47e-12  8.88e-02     5s
  13   8.19830440e+03  1.55699292e+04  1.25e+00 2.36e-12  6.10e-02     5s
  14   9.66749608e+03  1.37040827e+04  6.70e-01 1.67e-12  3.33e-02     5s
  15   1.03553486e+04  1.27862664e+04  4.10e-01 2.06e-12  2.00e-02     5s
  16   1.08566490e+04  1.20314806e+04  2.24e-01 1.97e-12  9.37e-03     5s
  17   1.09735158e+04  1.18861428e+04  1.83e-01 1.96e-12  7.19e-03     5s
  18   1.11798864e+04  1.17907129e+04  1.12e-01 2.32e-12  4.92e-03     6s
  19   1.12924009e+04  1.17124632e+04  7.08e-02 2.93e-12  3.45e-03     6s
  20   1.14094390e+04  1.16262340e+04  2.99e-02 1.66e-12  1.85e-03     6s
  21   1.14490351e+04  1.15760576e+04  1.73e-02 2.02e-12  1.08e-03     6s
  22   1.14802262e+04  1.15387877e+04  7.17e-03 3.04e-12  5.08e-04     6s
  23   1.14954602e+04  1.15103510e+04  2.38e-03 2.96e-12  1.24e-04     6s
  24   1.15026866e+04  1.15038725e+04  2.67e-04 2.71e-12  9.09e-06     6s
  25   1.15035090e+04  1.15036716e+04  3.10e-05 1.92e-12  1.30e-06     6s
  26   1.15036163e+04  1.15036238e+04  7.76e-07 3.29e-12  6.72e-08     6s
  27   1.15036194e+04  1.15036195e+04  5.24e-09 3.39e-12  1.81e-10     6s

Barrier solved model in 27 iterations and 5.94 seconds (5.41 work units)
Optimal objective 1.15036194e+04

Crossover log...

   15272 DPushes remaining with DInf 0.0000000e+00                 6s
       0 DPushes remaining with DInf 0.0000000e+00                 6s

   19862 PPushes remaining with PInf 0.0000000e+00                 6s
       0 PPushes remaining with PInf 0.0000000e+00                 6s

  Push phase complete: Pinf 0.0000000e+00, Dinf 1.3588242e-11      6s


Solved with barrier
Extra simplex iterations after uncrush: 976
Iteration    Objective       Primal Inf.    Dual Inf.      Time
   36051    1.1503619e+04   0.000000e+00   0.000000e+00      7s

Use crossover to convert LP symmetric solution to basic solution...
Crossover log...

    9956 DPushes remaining with DInf 0.0000000e+00                 7s
       0 DPushes remaining with DInf 0.0000000e+00                 8s

    2579 PPushes remaining with PInf 0.0000000e+00                 8s
       0 PPushes remaining with PInf 0.0000000e+00                 8s

  Push phase complete: Pinf 0.0000000e+00, Dinf 3.3562042e-12      8s

Iteration    Objective       Primal Inf.    Dual Inf.      Time
   51269    1.1503619e+04   0.000000e+00   6.535441e+04     11s
   55546    1.1503781e+04   0.000000e+00   7.108227e+04     15s
   60341    1.1503946e+04   0.000000e+00   3.613255e+05     20s
   64244    1.1504066e+04   0.000000e+00   9.193071e+04     26s
   67254    1.1504133e+04   0.000000e+00   1.373900e+05     31s
   69793    1.1504189e+04   0.000000e+00   1.082610e+05     36s
   72201    1.1504238e+04   0.000000e+00   1.523312e+05     40s
   74609    1.1504289e+04   0.000000e+00   4.332358e+05     45s
   77619    1.1504346e+04   0.000000e+00   4.216860e+05     50s
   80027    1.1504385e+04   0.000000e+00   1.130038e+06     56s
   82435    1.1504415e+04   0.000000e+00   4.720910e+05     60s
   84241    1.1504438e+04   0.000000e+00   1.765897e+05     65s
   86047    1.1504458e+04   0.000000e+00   6.442310e+05     71s
   87853    1.1504477e+04   0.000000e+00   2.898924e+05     76s
   89057    1.1504487e+04   0.000000e+00   1.573105e+05     80s
   90863    1.1504501e+04   0.000000e+00   4.224117e+05     85s
   92669    1.1504516e+04   0.000000e+00   1.268701e+05     91s
   94475    1.1504528e+04   0.000000e+00   3.728043e+05     96s
   96281    1.1504538e+04   0.000000e+00   1.467641e+05    102s
   98087    1.1504546e+04   0.000000e+00   1.208815e+05    107s
   99893    1.1504559e+04   0.000000e+00   1.639828e+05    111s
  101699    1.1504570e+04   0.000000e+00   1.312423e+05    116s
  103505    1.1504579e+04   0.000000e+00   3.660892e+05    121s
  104709    1.1504587e+04   0.000000e+00   4.977406e+05    125s
  106515    1.1504597e+04   0.000000e+00   3.680442e+05    132s
  107719    1.1504605e+04   0.000000e+00   2.444339e+05    137s
  108923    1.1504610e+04   0.000000e+00   2.384931e+05    142s
  110127    1.1504615e+04   0.000000e+00   1.354697e+05    147s
  111331    1.1504620e+04   0.000000e+00   4.818817e+05    152s
  112535    1.1504627e+04   0.000000e+00   2.353064e+05    158s
  113137    1.1504631e+04   0.000000e+00   2.295355e+05    160s
  114341    1.1504638e+04   0.000000e+00   3.958645e+06    166s
  115545    1.1504644e+04   0.000000e+00   6.216751e+05    171s
  116749    1.1504650e+04   0.000000e+00   1.298432e+05    177s
  117953    1.1504657e+04   0.000000e+00   3.765728e+05    182s
  118555    1.1504659e+04   0.000000e+00   4.163482e+05    185s
  119759    1.1504664e+04   0.000000e+00   5.716951e+05    191s
  120963    1.1504670e+04   0.000000e+00   1.068269e+06    197s
  122167    1.1504676e+04   0.000000e+00   2.525090e+05    202s
  122769    1.1504679e+04   0.000000e+00   1.484030e+05    205s
  123973    1.1504683e+04   0.000000e+00   3.789700e+05    212s
  125177    1.1504689e+04   0.000000e+00   4.866983e+05    218s
  125779    1.1504692e+04   0.000000e+00   1.337553e+07    222s
  126983    1.1504697e+04   0.000000e+00   3.536442e+05    228s
  127585    1.1504699e+04   0.000000e+00   2.096598e+06    232s
  128789    1.1504706e+04   0.000000e+00   4.372998e+05    238s
  129391    1.1504709e+04   0.000000e+00   5.083548e+05    241s
  130595    1.1504716e+04   0.000000e+00   1.163498e+05    248s
  131197    1.1504719e+04   0.000000e+00   2.169851e+07    251s
  132401    1.1504727e+04   0.000000e+00   2.362701e+05    257s
  133003    1.1504729e+04   0.000000e+00   1.693420e+05    260s
  134207    1.1504733e+04   0.000000e+00   5.341389e+05    267s
  134809    1.1504735e+04   0.000000e+00   1.364586e+05    271s
  136013    1.1504740e+04   0.000000e+00   2.306231e+05    278s
  136615    1.1504743e+04   0.000000e+00   2.084163e+06    281s
  137819    1.1504748e+04   0.000000e+00   3.013890e+05    287s
  138421    1.1504750e+04   0.000000e+00   3.702671e+05    291s
  139625    1.1504755e+04   0.000000e+00   2.584624e+05    297s
  140227    1.1504758e+04   0.000000e+00   7.917770e+05    300s
  141431    1.1504762e+04   0.000000e+00   1.674199e+05    308s
  142033    1.1504764e+04   0.000000e+00   2.993616e+05    311s
  142635    1.1504767e+04   0.000000e+00   1.487684e+05    315s
  143839    1.1504771e+04   0.000000e+00   6.295457e+05    323s
  144441    1.1504773e+04   0.000000e+00   2.093886e+05    327s
  145043    1.1504776e+04   0.000000e+00   1.929770e+05    331s
  145645    1.1504778e+04   0.000000e+00   3.565899e+05    335s
  146849    1.1504782e+04   0.000000e+00   1.907107e+05    344s
  147451    1.1504784e+04   0.000000e+00   6.078628e+05    347s
  148053    1.1504787e+04   0.000000e+00   3.771578e+05    351s
  149257    1.1504791e+04   0.000000e+00   1.848798e+05    359s
  149859    1.1504792e+04   0.000000e+00   2.200581e+06    364s
  150461    1.1504795e+04   0.000000e+00   2.300412e+05    367s
  151063    1.1504796e+04   0.000000e+00   1.686904e+06    371s
  152267    1.1504800e+04   0.000000e+00   2.270169e+05    379s
  152869    1.1504802e+04   0.000000e+00   6.978201e+05    383s
  153471    1.1504804e+04   0.000000e+00   1.903542e+05    388s
  154071    1.1504805e+04   0.000000e+00   3.023374e+05    392s
  154673    1.1504807e+04   0.000000e+00   1.978989e+05    397s
  155273    1.1504809e+04   0.000000e+00   2.005433e+05    402s
  155875    1.1504811e+04   0.000000e+00   9.953484e+04    406s
  156465    1.1504813e+04   0.000000e+00   4.427422e+06    411s
  157025    1.1504814e+04   0.000000e+00   4.897945e+05    416s
  157605    1.1504815e+04   0.000000e+00   1.847179e+05    420s
  158205    1.1504817e+04   0.000000e+00   3.963282e+05    425s
  159397    1.1504822e+04   0.000000e+00   2.761977e+05    434s
  159999    1.1504824e+04   0.000000e+00   1.491100e+05    438s
  160599    1.1504827e+04   0.000000e+00   8.280095e+06    443s
  161201    1.1504828e+04   0.000000e+00   5.244962e+05    448s
  161801    1.1504830e+04   0.000000e+00   3.177000e+05    452s
  162403    1.1504831e+04   0.000000e+00   2.161796e+05    457s
  163005    1.1504833e+04   0.000000e+00   4.029287e+05    461s
  163607    1.1504835e+04   0.000000e+00   1.980415e+05    465s
  164811    1.1504838e+04   0.000000e+00   2.327932e+05    474s
  165413    1.1504840e+04   0.000000e+00   2.525024e+05    479s
  166015    1.1504842e+04   0.000000e+00   1.869386e+05    483s
  166617    1.1504844e+04   0.000000e+00   3.443655e+05    488s
  167219    1.1504846e+04   0.000000e+00   3.241752e+06    492s
  167821    1.1504848e+04   0.000000e+00   1.571542e+05    496s
  168423    1.1504850e+04   0.000000e+00   1.484614e+05    500s
  169627    1.1504854e+04   0.000000e+00   9.941592e+04    509s
  170207    1.1504855e+04   0.000000e+00   2.196642e+05    514s
  170797    1.1504857e+04   0.000000e+00   5.194297e+05    519s
  171399    1.1504859e+04   0.000000e+00   2.999163e+05    523s
  172001    1.1504860e+04   0.000000e+00   1.351447e+05    527s
  172603    1.1504862e+04   0.000000e+00   3.386660e+05    532s
  173163    1.1504863e+04   0.000000e+00   3.047517e+05    537s
  173765    1.1504865e+04   0.000000e+00   4.318018e+05    541s
  174367    1.1504867e+04   0.000000e+00   1.649803e+05    545s
  175559    1.1504871e+04   0.000000e+00   2.761807e+05    554s
  176139    1.1504872e+04   0.000000e+00   1.626911e+05    559s
  176709    1.1504874e+04   0.000000e+00   2.364838e+05    564s
  177289    1.1504875e+04   0.000000e+00   3.176981e+05    568s
  177809    1.1504876e+04   0.000000e+00   2.807873e+05    573s
  178339    1.1504877e+04   0.000000e+00   2.595245e+05    578s
  178879    1.1504879e+04   0.000000e+00   3.385487e+05    583s
  179399    1.1504880e+04   0.000000e+00   7.283230e+05    587s
  179989    1.1504881e+04   0.000000e+00   4.624823e+05    592s
  180549    1.1504882e+04   0.000000e+00   1.311198e+05    596s
  181119    1.1504883e+04   0.000000e+00   1.915322e+05    601s
  181639    1.1504885e+04   0.000000e+00   1.026209e+05    606s
  182159    1.1504885e+04   0.000000e+00   1.935147e+05    610s
  182649    1.1504886e+04   0.000000e+00   1.956252e+05    615s
  183689    1.1504888e+04   0.000000e+00   1.826029e+05    624s
  184229    1.1504890e+04   0.000000e+00   5.534426e+05    629s
  184789    1.1504892e+04   0.000000e+00   2.407936e+05    634s
  185359    1.1504893e+04   0.000000e+00   5.804558e+05    638s
  185939    1.1504895e+04   0.000000e+00   8.135666e+05    643s
  186449    1.1504896e+04   0.000000e+00   9.938811e+04    648s
  186959    1.1504898e+04   0.000000e+00   6.632893e+05    652s
  187499    1.1504899e+04   0.000000e+00   1.359649e+05    657s
  188101    1.1504901e+04   0.000000e+00   7.487202e+05    662s
  188703    1.1504903e+04   0.000000e+00   1.980678e+05    666s
  189907    1.1504906e+04   0.000000e+00   4.160998e+05    674s
  190509    1.1504907e+04   0.000000e+00   1.757295e+05    679s
  191099    1.1504908e+04   0.000000e+00   2.108341e+05    684s
  191669    1.1504910e+04   0.000000e+00   1.881491e+05    688s
  192229    1.1504911e+04   0.000000e+00   3.699299e+05    693s
  192831    1.1504913e+04   0.000000e+00   1.453819e+05    697s
  193433    1.1504914e+04   0.000000e+00   5.081240e+05    702s
  194035    1.1504915e+04   0.000000e+00   9.335421e+04    706s
  194637    1.1504917e+04   0.000000e+00   2.465772e+05    710s
  195227    1.1504918e+04   0.000000e+00   2.069267e+05    715s
  196377    1.1504920e+04   0.000000e+00   1.703084e+05    725s
  196927    1.1504922e+04   0.000000e+00   2.839392e+05    729s
  197457    1.1504922e+04   0.000000e+00   1.760443e+05    734s
  198017    1.1504924e+04   0.000000e+00   1.376018e+05    739s
  198577    1.1504924e+04   0.000000e+00   1.269185e+06    743s
  199137    1.1504926e+04   0.000000e+00   7.726738e+05    748s
  199667    1.1504927e+04   0.000000e+00   8.924429e+04    753s
  200269    1.1504928e+04   0.000000e+00   1.999693e+05    757s
  200859    1.1504929e+04   0.000000e+00   1.641469e+05    762s
  201409    1.1504931e+04   0.000000e+00   1.858475e+06    767s
  201909    1.1504931e+04   0.000000e+00   1.776037e+05    771s
  202419    1.1504933e+04   0.000000e+00   8.379248e+04    776s
  202939    1.1504933e+04   0.000000e+00   1.074956e+05    781s
  203489    1.1504934e+04   0.000000e+00   1.034368e+05    785s
  204069    1.1504936e+04   0.000000e+00   3.111777e+05    790s
  205139    1.1504938e+04   0.000000e+00   3.564642e+05    799s
  205739    1.1504940e+04   0.000000e+00   7.773999e+05    804s
  206279    1.1504941e+04   0.000000e+00   2.077987e+05    809s
  206829    1.1504942e+04   0.000000e+00   1.478385e+05    813s
  207349    1.1504943e+04   0.000000e+00   3.089229e+05    818s
  207869    1.1504944e+04   0.000000e+00   2.042550e+05    822s
  208409    1.1504945e+04   0.000000e+00   1.003770e+05    827s
  208919    1.1504946e+04   0.000000e+00   5.461417e+05    832s
  209399    1.1504947e+04   0.000000e+00   1.045981e+05    836s
  209879    1.1504948e+04   0.000000e+00   1.388369e+05    841s
  210369    1.1504949e+04   0.000000e+00   2.554844e+05    845s
  211399    1.1504950e+04   0.000000e+00   9.536556e+04    855s
  211979    1.1504951e+04   0.000000e+00   3.569480e+05    860s
  212489    1.1504953e+04   0.000000e+00   9.210818e+04    864s
  213009    1.1504954e+04   0.000000e+00   1.179448e+05    869s
  213549    1.1504955e+04   0.000000e+00   7.704837e+04    873s
  214149    1.1504956e+04   0.000000e+00   4.604916e+05    878s
  214689    1.1504957e+04   0.000000e+00   1.059480e+05    883s
  215189    1.1504957e+04   0.000000e+00   3.647236e+06    887s
  215699    1.1504958e+04   0.000000e+00   2.631041e+05    892s
  216189    1.1504959e+04   0.000000e+00   2.201630e+05    896s
  216759    1.1504960e+04   0.000000e+00   1.774844e+05    901s
  217319    1.1504961e+04   0.000000e+00   2.502465e+05    906s
  217869    1.1504962e+04   0.000000e+00   5.202919e+04    911s
  218389    1.1504963e+04   0.000000e+00   2.031696e+05    915s
  219439    1.1504964e+04   0.000000e+00   1.684285e+05    924s
  219919    1.1504965e+04   0.000000e+00   8.353618e+04    929s
  220429    1.1504966e+04   0.000000e+00   1.224727e+05    934s
  220929    1.1504966e+04   0.000000e+00   6.587797e+04    938s
  221419    1.1504967e+04   0.000000e+00   4.173868e+05    943s
  221929    1.1504968e+04   0.000000e+00   1.156174e+05    947s
  222439    1.1504969e+04   0.000000e+00   2.150516e+05    952s
  222959    1.1504970e+04   0.000000e+00   2.068590e+05    957s
  223469    1.1504971e+04   0.000000e+00   3.462045e+05    961s
  224009    1.1504972e+04   0.000000e+00   2.744396e+05    966s
  224529    1.1504973e+04   0.000000e+00   1.326916e+05    971s
  225059    1.1504973e+04   0.000000e+00   1.709714e+05    975s
  225569    1.1504974e+04   0.000000e+00   1.951994e+05    980s
  226589    1.1504976e+04   0.000000e+00   1.512496e+05    989s
  227069    1.1504977e+04   0.000000e+00   1.188913e+05    994s
  227549    1.1504977e+04   0.000000e+00   1.827267e+05    998s
  228019    1.1504978e+04   0.000000e+00   3.102982e+05   1003s
  228529    1.1504979e+04   0.000000e+00   1.678868e+05   1008s
  229059    1.1504980e+04   0.000000e+00   3.732593e+05   1012s
  229589    1.1504980e+04   0.000000e+00   8.713550e+04   1017s
  230089    1.1504981e+04   0.000000e+00   3.508751e+05   1022s
  230589    1.1504982e+04   0.000000e+00   7.932397e+04   1026s
  231079    1.1504983e+04   0.000000e+00   2.857352e+05   1031s
  231599    1.1504984e+04   0.000000e+00   8.109997e+04   1035s
  232089    1.1504985e+04   0.000000e+00   1.176854e+05   1040s
  233109    1.1504987e+04   0.000000e+00   1.800322e+05   1049s
  233649    1.1504987e+04   0.000000e+00   1.800575e+05   1054s
  234179    1.1504988e+04   0.000000e+00   3.176935e+05   1059s
  234729    1.1504989e+04   0.000000e+00   2.119061e+05   1063s
  235239    1.1504990e+04   0.000000e+00   5.814738e+04   1068s
  235739    1.1504990e+04   0.000000e+00   1.132292e+05   1073s
  236289    1.1504991e+04   0.000000e+00   6.413435e+04   1077s
  236849    1.1504992e+04   0.000000e+00   1.405054e+05   1082s
  237359    1.1504993e+04   0.000000e+00   1.415159e+05   1087s
  237849    1.1504993e+04   0.000000e+00   1.654110e+05   1091s
  238319    1.1504994e+04   0.000000e+00   7.254747e+05   1096s
  238809    1.1504995e+04   0.000000e+00   1.163208e+05   1100s
  239309    1.1504996e+04   0.000000e+00   3.289448e+05   1105s
  240369    1.1504998e+04   0.000000e+00   2.456552e+05   1115s
  240869    1.1504999e+04   0.000000e+00   1.329700e+05   1119s
  241349    1.1505000e+04   0.000000e+00   1.280724e+05   1124s
  241879    1.1505000e+04   0.000000e+00   1.326724e+05   1128s
  242399    1.1505001e+04   0.000000e+00   2.014542e+05   1133s
  242889    1.1505002e+04   0.000000e+00   1.122668e+05   1138s
  243399    1.1505002e+04   0.000000e+00   1.765793e+05   1142s
  243889    1.1505003e+04   0.000000e+00   7.359883e+04   1147s
  244389    1.1505004e+04   0.000000e+00   1.470698e+05   1152s
  244869    1.1505005e+04   0.000000e+00   2.008937e+05   1156s
  245339    1.1505005e+04   0.000000e+00   1.751844e+05   1161s
  245779    1.1505006e+04   0.000000e+00   1.193853e+05   1166s
  246229    1.1505006e+04   0.000000e+00   1.016031e+05   1170s
  247119    1.1505008e+04   0.000000e+00   2.528382e+05   1179s
  247599    1.1505008e+04   0.000000e+00   2.041513e+05   1184s
  248089    1.1505009e+04   0.000000e+00   1.974042e+05   1189s
  248569    1.1505010e+04   0.000000e+00   4.454503e+04   1193s
  249029    1.1505010e+04   0.000000e+00   2.395749e+05   1198s
  249509    1.1505011e+04   0.000000e+00   1.014545e+05   1202s
  249979    1.1505011e+04   0.000000e+00   1.787340e+05   1207s
  250489    1.1505012e+04   0.000000e+00   8.752370e+04   1212s
  250969    1.1505013e+04   0.000000e+00   2.172260e+05   1216s
  251559    1.1505013e+04   0.000000e+00   3.796843e+05   1221s
  252119    1.1505014e+04   0.000000e+00   1.699092e+05   1226s
  252629    1.1505015e+04   0.000000e+00   1.590068e+05   1231s
  253109    1.1505015e+04   0.000000e+00   7.570704e+04   1235s
  254009    1.1505016e+04   0.000000e+00   6.206553e+04   1244s
  254459    1.1505017e+04   0.000000e+00   3.177742e+05   1249s
  254919    1.1505017e+04   0.000000e+00   1.020350e+05   1253s
  255429    1.1505018e+04   0.000000e+00   4.322806e+04   1258s
  255939    1.1505019e+04   0.000000e+00   7.723035e+04   1263s
  256479    1.1505019e+04   0.000000e+00   2.739032e+05   1267s
  256969    1.1505020e+04   0.000000e+00   7.793113e+04   1272s
  257439    1.1505020e+04   0.000000e+00   1.237761e+05   1277s
  257929    1.1505021e+04   0.000000e+00   6.735926e+04   1281s
  258399    1.1505021e+04   0.000000e+00   1.209265e+05   1286s
  258879    1.1505022e+04   0.000000e+00   9.339030e+04   1291s
  259389    1.1505022e+04   0.000000e+00   1.303763e+05   1295s
  260359    1.1505024e+04   0.000000e+00   7.491961e+04   1305s
  260849    1.1505024e+04   0.000000e+00   3.846644e+05   1309s
  261329    1.1505025e+04   0.000000e+00   2.340009e+05   1314s
  261799    1.1505025e+04   0.000000e+00   7.839656e+04   1318s
  262249    1.1505026e+04   0.000000e+00   1.018278e+05   1323s
  262739    1.1505026e+04   0.000000e+00   1.467263e+05   1327s
  263249    1.1505027e+04   0.000000e+00   3.109227e+04   1332s
  263769    1.1505028e+04   0.000000e+00   6.489917e+04   1337s
  264249    1.1505028e+04   0.000000e+00   8.658200e+04   1341s
  264729    1.1505029e+04   0.000000e+00   1.170913e+05   1346s
  265209    1.1505030e+04   0.000000e+00   8.808173e+04   1350s
  265669    1.1505030e+04   0.000000e+00   4.093571e+05   1355s
  266659    1.1505031e+04   0.000000e+00   7.398963e+04   1364s
  267169    1.1505032e+04   0.000000e+00   8.147201e+04   1369s
  267709    1.1505033e+04   0.000000e+00   5.804445e+04   1373s
  268299    1.1505034e+04   0.000000e+00   9.938608e+04   1378s
  268799    1.1505034e+04   0.000000e+00   8.148584e+04   1383s
  269269    1.1505035e+04   0.000000e+00   5.154747e+04   1387s
  269749    1.1505035e+04   0.000000e+00   8.037152e+04   1392s
  270299    1.1505036e+04   0.000000e+00   8.455108e+04   1396s
  270819    1.1505036e+04   0.000000e+00   2.673763e+05   1401s
  271299    1.1505037e+04   0.000000e+00   4.813257e+04   1406s
  271769    1.1505037e+04   0.000000e+00   5.017972e+04   1410s
  272769    1.1505038e+04   0.000000e+00   1.398748e+05   1419s
  273299    1.1505039e+04   0.000000e+00   2.055646e+05   1424s
  273809    1.1505039e+04   0.000000e+00   7.625707e+04   1429s
  274329    1.1505040e+04   0.000000e+00   2.182380e+05   1433s
  274829    1.1505040e+04   0.000000e+00   8.476466e+04   1438s
  275289    1.1505041e+04   0.000000e+00   7.297956e+04   1442s
  275759    1.1505041e+04   0.000000e+00   6.610356e+04   1447s
  276269    1.1505042e+04   0.000000e+00   5.143351e+04   1451s
  276829    1.1505043e+04   0.000000e+00   3.273501e+04   1456s
  277389    1.1505044e+04   0.000000e+00   5.985183e+04   1461s
  277969    1.1505044e+04   0.000000e+00   2.224773e+05   1465s
  278509    1.1505045e+04   0.000000e+00   4.803951e+04   1470s
  279519    1.1505046e+04   0.000000e+00   4.220060e+05   1479s
  279999    1.1505047e+04   0.000000e+00   8.861843e+04   1484s
  280439    1.1505047e+04   0.000000e+00   1.015546e+05   1489s
  280899    1.1505048e+04   0.000000e+00   1.051400e+05   1493s
  281339    1.1505048e+04   0.000000e+00   7.898414e+04   1497s
  281789    1.1505049e+04   0.000000e+00   1.190187e+05   1502s
  282249    1.1505049e+04   0.000000e+00   8.128936e+04   1507s
  282719    1.1505050e+04   0.000000e+00   1.588993e+05   1511s
  283209    1.1505050e+04   0.000000e+00   1.383029e+05   1516s
  283679    1.1505051e+04   0.000000e+00   1.656009e+05   1520s
  284719    1.1505052e+04   0.000000e+00   1.071253e+05   1530s
  285239    1.1505053e+04   0.000000e+00   5.645991e+04   1534s
  285749    1.1505053e+04   0.000000e+00   6.905997e+04   1539s
  286269    1.1505054e+04   0.000000e+00   7.294759e+04   1543s
  286739    1.1505054e+04   0.000000e+00   5.241587e+04   1548s
  287209    1.1505055e+04   0.000000e+00   9.025645e+04   1553s
  287699    1.1505055e+04   0.000000e+00   6.307149e+04   1557s
  288249    1.1505056e+04   0.000000e+00   5.767412e+04   1562s
  288749    1.1505056e+04   0.000000e+00   7.206160e+04   1566s
  289259    1.1505057e+04   0.000000e+00   5.146817e+04   1571s
  289729    1.1505057e+04   0.000000e+00   1.029897e+05   1576s
  290159    1.1505058e+04   0.000000e+00   9.566270e+04   1580s
  291149    1.1505059e+04   0.000000e+00   5.483629e+04   1589s
  291659    1.1505060e+04   0.000000e+00   4.905142e+04   1594s
  292179    1.1505060e+04   0.000000e+00   1.442044e+05   1599s
  292699    1.1505061e+04   0.000000e+00   8.824070e+04   1603s
  293229    1.1505061e+04   0.000000e+00   9.045651e+04   1608s
  293719    1.1505062e+04   0.000000e+00   4.488914e+04   1613s
  294199    1.1505062e+04   0.000000e+00   9.111501e+04   1617s
  294659    1.1505062e+04   0.000000e+00   1.332643e+05   1622s
  295129    1.1505063e+04   0.000000e+00   9.123266e+04   1627s
  295629    1.1505063e+04   0.000000e+00   8.013376e+04   1631s
  296129    1.1505064e+04   0.000000e+00   4.271875e+05   1636s
  296599    1.1505064e+04   0.000000e+00   8.240783e+04   1640s
  297549    1.1505065e+04   0.000000e+00   4.767898e+04   1649s
  298029    1.1505065e+04   0.000000e+00   6.586729e+04   1654s
  298509    1.1505066e+04   0.000000e+00   8.333128e+04   1659s
  298999    1.1505066e+04   0.000000e+00   6.453227e+04   1663s
  299499    1.1505066e+04   0.000000e+00   7.330985e+04   1668s
  299969    1.1505067e+04   0.000000e+00   1.145111e+05   1673s
  300429    1.1505067e+04   0.000000e+00   2.175478e+04   1677s
  300899    1.1505068e+04   0.000000e+00   5.844075e+04   1682s
  301359    1.1505068e+04   0.000000e+00   4.268253e+04   1686s
  301799    1.1505068e+04   0.000000e+00   4.667667e+04   1691s
  302259    1.1505069e+04   0.000000e+00   1.122160e+05   1695s
  303219    1.1505070e+04   0.000000e+00   3.601029e+04   1704s
  303739    1.1505070e+04   0.000000e+00   9.860542e+04   1709s
  304249    1.1505071e+04   0.000000e+00   4.580155e+04   1714s
  304759    1.1505071e+04   0.000000e+00   7.654121e+04   1718s
  305229    1.1505072e+04   0.000000e+00   7.386662e+04   1723s
  305679    1.1505072e+04   0.000000e+00   8.452408e+04   1728s
  306109    1.1505072e+04   0.000000e+00   7.418200e+04   1732s
  306549    1.1505073e+04   0.000000e+00   4.098370e+04   1737s
  307009    1.1505073e+04   0.000000e+00   6.901642e+04   1741s
  307489    1.1505074e+04   0.000000e+00   4.807058e+04   1746s
  307979    1.1505074e+04   0.000000e+00   3.887731e+04   1751s
  308489    1.1505074e+04   0.000000e+00   2.719023e+05   1755s
  309439    1.1505075e+04   0.000000e+00   1.018002e+05   1764s
  309929    1.1505076e+04   0.000000e+00   9.076998e+04   1769s
  310439    1.1505076e+04   0.000000e+00   4.720164e+04   1773s
  310929    1.1505077e+04   0.000000e+00   5.071216e+04   1778s
  311399    1.1505077e+04   0.000000e+00   1.399086e+05   1783s
  311869    1.1505077e+04   0.000000e+00   1.074800e+05   1787s
  312329    1.1505078e+04   0.000000e+00   7.653743e+04   1792s
  312789    1.1505078e+04   0.000000e+00   3.379783e+05   1796s
  313259    1.1505079e+04   0.000000e+00   3.187131e+05   1801s
  313769    1.1505079e+04   0.000000e+00   5.390160e+04   1806s
  314249    1.1505079e+04   0.000000e+00   1.565542e+05   1810s
  314729    1.1505080e+04   0.000000e+00   4.463890e+04   1815s
  315659    1.1505081e+04   0.000000e+00   5.665680e+04   1824s
  316159    1.1505081e+04   0.000000e+00   5.516513e+04   1829s
  316659    1.1505082e+04   0.000000e+00   3.176429e+04   1834s
  317149    1.1505082e+04   0.000000e+00   4.603195e+05   1838s
  317629    1.1505083e+04   0.000000e+00   6.142041e+04   1843s
  318099    1.1505083e+04   0.000000e+00   7.486642e+04   1847s
  318599    1.1505084e+04   0.000000e+00   3.970896e+04   1852s
  319119    1.1505084e+04   0.000000e+00   3.067610e+04   1857s
  319619    1.1505085e+04   0.000000e+00   6.762959e+04   1861s
  320079    1.1505085e+04   0.000000e+00   1.096447e+05   1866s
  320539    1.1505085e+04   0.000000e+00   1.211928e+05   1870s
  321459    1.1505086e+04   0.000000e+00   5.465443e+04   1879s
  321959    1.1505086e+04   0.000000e+00   3.493084e+05   1884s
  322449    1.1505087e+04   0.000000e+00   3.548251e+04   1888s
  322919    1.1505087e+04   0.000000e+00   7.804189e+04   1893s
  323389    1.1505088e+04   0.000000e+00   1.206577e+05   1898s
  323849    1.1505088e+04   0.000000e+00   1.306940e+05   1902s
  324309    1.1505088e+04   0.000000e+00   5.871440e+05   1907s
  324769    1.1505089e+04   0.000000e+00   5.481857e+04   1911s
  325249    1.1505089e+04   0.000000e+00   1.000134e+05   1916s
  325689    1.1505089e+04   0.000000e+00   6.790263e+04   1920s
  326619    1.1505090e+04   0.000000e+00   3.549313e+04   1929s
  327089    1.1505090e+04   0.000000e+00   6.571601e+05   1934s
  327559    1.1505090e+04   0.000000e+00   3.283228e+04   1938s
  328019    1.1505091e+04   0.000000e+00   3.914901e+04   1943s
  328489    1.1505091e+04   0.000000e+00   5.442595e+04   1948s
  328959    1.1505091e+04   0.000000e+00   1.868775e+04   1952s
  329399    1.1505092e+04   0.000000e+00   1.377503e+05   1957s
  329859    1.1505092e+04   0.000000e+00   2.522579e+04   1961s
  330299    1.1505092e+04   0.000000e+00   4.010238e+04   1966s
  330769    1.1505093e+04   0.000000e+00   6.678826e+04   1970s
  331699    1.1505093e+04   0.000000e+00   6.103708e+04   1979s
  332219    1.1505094e+04   0.000000e+00   3.326627e+04   1984s
  332779    1.1505094e+04   0.000000e+00   5.277658e+04   1989s
  333289    1.1505095e+04   0.000000e+00   1.148179e+05   1993s
  333829    1.1505095e+04   0.000000e+00   7.092867e+04   1998s
  334349    1.1505096e+04   0.000000e+00   3.565807e+04   2002s
  334859    1.1505096e+04   0.000000e+00   9.078317e+04   2007s
  335409    1.1505097e+04   0.000000e+00   1.054400e+05   2012s
  335899    1.1505097e+04   0.000000e+00   5.859069e+04   2016s
  336369    1.1505097e+04   0.000000e+00   4.683670e+04   2021s
  336859    1.1505098e+04   0.000000e+00   6.642882e+04   2025s
  337809    1.1505098e+04   0.000000e+00   1.202185e+05   2035s
  338269    1.1505099e+04   0.000000e+00   5.743935e+04   2039s
  338759    1.1505099e+04   0.000000e+00   1.234810e+05   2044s
  339259    1.1505100e+04   0.000000e+00   1.695933e+05   2048s
  339719    1.1505100e+04   0.000000e+00   1.970398e+04   2053s
  340199    1.1505100e+04   0.000000e+00   4.973197e+04   2058s
  340659    1.1505101e+04   0.000000e+00   1.156831e+05   2062s
  341109    1.1505101e+04   0.000000e+00   5.756710e+04   2067s
  341549    1.1505101e+04   0.000000e+00   1.654839e+05   2071s
  342009    1.1505102e+04   0.000000e+00   1.191635e+05   2076s
  342489    1.1505102e+04   0.000000e+00   3.876606e+04   2080s
  343379    1.1505103e+04   0.000000e+00   1.599507e+05   2089s
  343839    1.1505103e+04   0.000000e+00   6.863334e+04   2094s
  344299    1.1505103e+04   0.000000e+00   4.653908e+04   2098s
  344759    1.1505104e+04   0.000000e+00   2.824498e+04   2103s
  345239    1.1505104e+04   0.000000e+00   1.897130e+04   2107s
  345729    1.1505104e+04   0.000000e+00   1.137262e+05   2112s
  346209    1.1505104e+04   0.000000e+00   1.186550e+05   2117s
  346669    1.1505105e+04   0.000000e+00   3.319598e+04   2121s
  347199    1.1505105e+04   0.000000e+00   6.439068e+04   2126s
  347719    1.1505105e+04   0.000000e+00   1.158585e+05   2130s
  348199    1.1505106e+04   0.000000e+00   2.679229e+04   2135s
  349139    1.1505106e+04   0.000000e+00   3.475336e+04   2144s
  349609    1.1505107e+04   0.000000e+00   7.918478e+04   2149s
  350049    1.1505107e+04   0.000000e+00   3.564853e+04   2153s
  350519    1.1505108e+04   0.000000e+00   4.150072e+04   2158s
  350999    1.1505108e+04   0.000000e+00   5.198817e+04   2162s
  351459    1.1505108e+04   0.000000e+00   9.378211e+04   2167s
  351969    1.1505108e+04   0.000000e+00   3.789380e+04   2172s
  352519    1.1505109e+04   0.000000e+00   3.533983e+04   2176s
  353019    1.1505109e+04   0.000000e+00   4.867293e+04   2181s
  353469    1.1505109e+04   0.000000e+00   3.171722e+04   2185s
  353959    1.1505110e+04   0.000000e+00   3.910749e+04   2190s
  354929    1.1505110e+04   0.000000e+00   1.597462e+04   2199s
  355399    1.1505111e+04   0.000000e+00   5.267260e+04   2204s
  355859    1.1505111e+04   0.000000e+00   4.356205e+04   2208s
  356349    1.1505111e+04   0.000000e+00   3.647763e+04   2213s
  356809    1.1505112e+04   0.000000e+00   4.125421e+04   2218s
  357289    1.1505112e+04   0.000000e+00   5.311524e+04   2222s
  357769    1.1505112e+04   0.000000e+00   8.063137e+04   2227s
  358229    1.1505112e+04   0.000000e+00   6.783036e+05   2231s
  358659    1.1505113e+04   0.000000e+00   2.844567e+04   2236s
  359179    1.1505113e+04   0.000000e+00   2.179231e+04   2241s
  359669    1.1505113e+04   0.000000e+00   2.701947e+04   2245s
  360689    1.1505114e+04   0.000000e+00   4.221289e+04   2254s
  361189    1.1505114e+04   0.000000e+00   3.499122e+04   2259s
  361659    1.1505115e+04   0.000000e+00   2.232528e+04   2264s
  362139    1.1505115e+04   0.000000e+00   4.777102e+04   2268s
  362629    1.1505115e+04   0.000000e+00   1.686918e+04   2273s
  363129    1.1505116e+04   0.000000e+00   3.495059e+04   2278s
  363579    1.1505116e+04   0.000000e+00   3.192314e+04   2282s
  364049    1.1505116e+04   0.000000e+00   1.517465e+05   2287s
  364519    1.1505117e+04   0.000000e+00   1.603342e+04   2291s
  364969    1.1505117e+04   0.000000e+00   9.477314e+04   2296s
  365459    1.1505117e+04   0.000000e+00   2.622303e+04   2300s
  366409    1.1505118e+04   0.000000e+00   3.445239e+04   2310s
  366859    1.1505118e+04   0.000000e+00   2.872124e+04   2314s
  367309    1.1505118e+04   0.000000e+00   4.529256e+04   2319s
  367759    1.1505118e+04   0.000000e+00   3.248065e+04   2323s
  368199    1.1505119e+04   0.000000e+00   1.350063e+05   2328s
  368669    1.1505119e+04   0.000000e+00   1.266803e+05   2332s
  369119    1.1505119e+04   0.000000e+00   2.092387e+04   2337s
  369609    1.1505119e+04   0.000000e+00   1.963578e+04   2341s
  370099    1.1505120e+04   0.000000e+00   5.267499e+04   2346s
  370549    1.1505120e+04   0.000000e+00   1.169170e+04   2350s
  371459    1.1505120e+04   0.000000e+00   2.167168e+04   2359s
  371889    1.1505121e+04   0.000000e+00   4.103610e+04   2364s
  372329    1.1505121e+04   0.000000e+00   3.990808e+04   2368s
  372779    1.1505121e+04   0.000000e+00   1.123285e+05   2373s
  373209    1.1505121e+04   0.000000e+00   1.259914e+05   2377s
  373669    1.1505122e+04   0.000000e+00   1.924748e+04   2382s
  374099    1.1505122e+04   0.000000e+00   5.392221e+04   2386s
  374519    1.1505122e+04   0.000000e+00   3.081814e+04   2391s
  374969    1.1505122e+04   0.000000e+00   4.471941e+04   2395s
  375859    1.1505123e+04   0.000000e+00   4.048276e+04   2404s
  376279    1.1505123e+04   0.000000e+00   5.022236e+04   2409s
  376709    1.1505123e+04   0.000000e+00   3.278463e+04   2413s
  377169    1.1505123e+04   0.000000e+00   2.776410e+04   2418s
  377619    1.1505124e+04   0.000000e+00   7.356807e+04   2422s
  378049    1.1505124e+04   0.000000e+00   2.442385e+04   2427s
  378489    1.1505124e+04   0.000000e+00   1.485423e+06   2431s
  378929    1.1505124e+04   0.000000e+00   6.234376e+04   2436s
  379329    1.1505125e+04   0.000000e+00   1.149461e+05   2440s
  380289    1.1505125e+04   0.000000e+00   2.725072e+04   2449s
  380849    1.1505125e+04   0.000000e+00   1.577550e+04   2454s
  381349    1.1505126e+04   0.000000e+00   2.168200e+04   2459s
  381789    1.1505126e+04   0.000000e+00   4.067027e+04   2463s
  382239    1.1505126e+04   0.000000e+00   1.515443e+04   2468s
  382719    1.1505126e+04   0.000000e+00   2.804735e+04   2472s
  383179    1.1505127e+04   0.000000e+00   2.534219e+04   2477s
  383669    1.1505127e+04   0.000000e+00   4.433195e+04   2481s
  384189    1.1505127e+04   0.000000e+00   3.221980e+04   2486s
  384639    1.1505127e+04   0.000000e+00   1.907405e+04   2490s
  385599    1.1505128e+04   0.000000e+00   2.355144e+04   2499s
  386059    1.1505128e+04   0.000000e+00   6.169190e+04   2504s
  386509    1.1505128e+04   0.000000e+00   1.614761e+04   2508s
  386949    1.1505129e+04   0.000000e+00   2.743747e+04   2513s
  387419    1.1505129e+04   0.000000e+00   2.508664e+05   2517s
  387909    1.1505129e+04   0.000000e+00   1.589014e+04   2522s
  388419    1.1505129e+04   0.000000e+00   4.686885e+04   2526s
  388899    1.1505130e+04   0.000000e+00   5.587014e+04   2531s
  389349    1.1505130e+04   0.000000e+00   1.696634e+04   2535s
  390299    1.1505130e+04   0.000000e+00   2.496988e+04   2544s
  390779    1.1505131e+04   0.000000e+00   3.452052e+04   2549s
  391229    1.1505131e+04   0.000000e+00   8.329381e+04   2553s
  391669    1.1505131e+04   0.000000e+00   1.141006e+05   2558s
  392119    1.1505131e+04   0.000000e+00   2.127822e+04   2562s
  392589    1.1505131e+04   0.000000e+00   4.633072e+04   2567s
  393059    1.1505132e+04   0.000000e+00   1.073119e+04   2571s
  393539    1.1505132e+04   0.000000e+00   2.041690e+04   2576s
  394019    1.1505132e+04   0.000000e+00   1.542874e+04   2580s
  394919    1.1505132e+04   0.000000e+00   2.045156e+04   2589s
  395419    1.1505133e+04   0.000000e+00   2.168347e+04   2594s
  395889    1.1505133e+04   0.000000e+00   1.289394e+05   2598s
  396369    1.1505133e+04   0.000000e+00   1.363212e+04   2603s
  396909    1.1505133e+04   0.000000e+00   1.066862e+04   2607s
  397449    1.1505134e+04   0.000000e+00   2.292874e+04   2612s
  397929    1.1505134e+04   0.000000e+00   2.909354e+04   2616s
  398419    1.1505134e+04   0.000000e+00   1.115942e+04   2621s
  398889    1.1505135e+04   0.000000e+00   6.785663e+04   2625s
  399859    1.1505135e+04   0.000000e+00   1.647729e+04   2634s
  400349    1.1505135e+04   0.000000e+00   1.597865e+04   2639s
  400809    1.1505136e+04   0.000000e+00   1.980414e+05   2643s
  401299    1.1505136e+04   0.000000e+00   3.273136e+04   2648s
  401759    1.1505136e+04   0.000000e+00   2.357384e+04   2652s
  402209    1.1505136e+04   0.000000e+00   4.548747e+04   2657s
  402679    1.1505136e+04   0.000000e+00   1.055555e+04   2661s
  403149    1.1505136e+04   0.000000e+00   2.221468e+04   2666s
  403619    1.1505137e+04   0.000000e+00   1.414697e+04   2670s
  404569    1.1505137e+04   0.000000e+00   1.451150e+04   2679s
  405009    1.1505137e+04   0.000000e+00   1.237829e+04   2684s
  405449    1.1505137e+04   0.000000e+00   2.930786e+04   2688s
  405919    1.1505138e+04   0.000000e+00   1.849364e+04   2693s
  406359    1.1505138e+04   0.000000e+00   2.656670e+04   2697s
  406799    1.1505138e+04   0.000000e+00   9.309684e+03   2702s
  407259    1.1505138e+04   0.000000e+00   4.472934e+04   2706s
  407709    1.1505138e+04   0.000000e+00   1.191944e+04   2711s
  408169    1.1505139e+04   0.000000e+00   1.848498e+04   2716s
  409059    1.1505139e+04   0.000000e+00   1.030923e+05   2724s
  409499    1.1505139e+04   0.000000e+00   3.616720e+04   2729s
  409939    1.1505139e+04   0.000000e+00   4.493185e+04   2733s
  410429    1.1505140e+04   0.000000e+00   7.133156e+04   2738s
  410959    1.1505140e+04   0.000000e+00   1.588781e+04   2742s
  411459    1.1505141e+04   0.000000e+00   1.656560e+04   2747s
  411959    1.1505141e+04   0.000000e+00   2.448844e+04   2751s
  412499    1.1505141e+04   0.000000e+00   4.027121e+04   2756s
  412999    1.1505141e+04   0.000000e+00   1.679240e+04   2760s
  413899    1.1505142e+04   0.000000e+00   9.016144e+03   2769s
  414389    1.1505142e+04   0.000000e+00   5.936830e+04   2774s
  414829    1.1505142e+04   0.000000e+00   1.405527e+04   2778s
  415279    1.1505143e+04   0.000000e+00   2.557843e+04   2783s
  415739    1.1505143e+04   0.000000e+00   1.738801e+04   2787s
  416209    1.1505143e+04   0.000000e+00   1.027481e+04   2792s
  416679    1.1505143e+04   0.000000e+00   1.090499e+04   2796s
  417149    1.1505144e+04   0.000000e+00   1.037016e+04   2801s
  417609    1.1505144e+04   0.000000e+00   3.256275e+04   2805s
  418529    1.1505144e+04   0.000000e+00   1.055454e+04   2814s
  418999    1.1505145e+04   0.000000e+00   1.374610e+04   2819s
  419469    1.1505145e+04   0.000000e+00   6.237181e+04   2823s
  419929    1.1505145e+04   0.000000e+00   2.557689e+04   2828s
  420369    1.1505145e+04   0.000000e+00   1.925914e+04   2832s
  420829    1.1505145e+04   0.000000e+00   2.026537e+05   2837s
  421269    1.1505146e+04   0.000000e+00   2.121283e+04   2841s
  421729    1.1505146e+04   0.000000e+00   2.035458e+04   2845s
  422249    1.1505146e+04   0.000000e+00   1.238216e+04   2850s
  423239    1.1505147e+04   0.000000e+00   1.271453e+04   2859s
  423759    1.1505147e+04   0.000000e+00   2.612110e+04   2863s
  424269    1.1505148e+04   0.000000e+00   2.447213e+04   2868s
  424739    1.1505148e+04   0.000000e+00   1.504185e+04   2873s
  425249    1.1505148e+04   0.000000e+00   2.385186e+04   2877s
  425759    1.1505148e+04   0.000000e+00   4.411382e+04   2882s
  426259    1.1505148e+04   0.000000e+00   2.999257e+04   2886s
  426759    1.1505149e+04   0.000000e+00   9.695977e+03   2890s
  427269    1.1505149e+04   0.000000e+00   1.563973e+04   2895s
  428359    1.1505149e+04   0.000000e+00   1.530498e+04   2904s
  428889    1.1505150e+04   0.000000e+00   1.582641e+04   2909s
  429389    1.1505150e+04   0.000000e+00   2.331390e+04   2913s
  429879    1.1505150e+04   0.000000e+00   1.381045e+04   2918s
  430429    1.1505150e+04   0.000000e+00   1.331588e+04   2922s
  430939    1.1505150e+04   0.000000e+00   7.891944e+03   2927s
  431469    1.1505151e+04   0.000000e+00   1.701214e+04   2931s
  431979    1.1505151e+04   0.000000e+00   3.851951e+04   2936s
  432519    1.1505151e+04   0.000000e+00   4.457405e+03   2940s
  433559    1.1505151e+04   0.000000e+00   8.305253e+03   2949s
  434109    1.1505152e+04   0.000000e+00   2.183622e+04   2954s
  434609    1.1505152e+04   0.000000e+00   1.447810e+04   2958s
  435149    1.1505152e+04   0.000000e+00   1.747761e+04   2963s
  435659    1.1505152e+04   0.000000e+00   6.012912e+03   2967s
  436149    1.1505152e+04   0.000000e+00   5.048179e+03   2972s
  436639    1.1505152e+04   0.000000e+00   9.189711e+03   2976s
  437099    1.1505152e+04   0.000000e+00   1.284349e+04   2981s
  437569    1.1505153e+04   0.000000e+00   4.485538e+03   2985s
  438539    1.1505153e+04   0.000000e+00   4.346606e+03   2994s
  439029    1.1505153e+04   0.000000e+00   1.032029e+04   2999s
  439489    1.1505153e+04   0.000000e+00   5.965739e+03   3003s
  439929    1.1505153e+04   0.000000e+00   4.537127e+04   3008s
  440409    1.1505153e+04   0.000000e+00   1.716050e+04   3012s
  440919    1.1505154e+04   0.000000e+00   1.105323e+04   3016s
  441399    1.1505154e+04   0.000000e+00   8.867845e+03   3021s
  441889    1.1505154e+04   0.000000e+00   9.355452e+03   3025s
  442779    1.1505154e+04   0.000000e+00   1.802527e+04   3034s
  443249    1.1505154e+04   0.000000e+00   1.050949e+04   3039s
  443729    1.1505154e+04   0.000000e+00   1.545366e+04   3043s
  444249    1.1505155e+04   0.000000e+00   1.374267e+04   3048s
  444749    1.1505155e+04   0.000000e+00   2.028474e+04   3052s
  445239    1.1505155e+04   0.000000e+00   6.160187e+03   3057s
  445709    1.1505155e+04   0.000000e+00   1.813183e+04   3061s
  446159    1.1505155e+04   0.000000e+00   4.695424e+03   3066s
  447069    1.1505155e+04   0.000000e+00   9.549534e+03   3074s
  447589    1.1505155e+04   0.000000e+00   1.053687e+04   3079s
  448119    1.1505155e+04   0.000000e+00   9.751150e+03   3083s
  448619    1.1505156e+04   0.000000e+00   1.236996e+04   3088s
  449089    1.1505156e+04   0.000000e+00   1.770050e+04   3092s
  449539    1.1505156e+04   0.000000e+00   1.055678e+04   3097s
  449989    1.1505156e+04   0.000000e+00   5.390553e+03   3101s
  450459    1.1505156e+04   0.000000e+00   3.080285e+03   3106s
  451379    1.1505156e+04   0.000000e+00   8.843890e+03   3114s
  451859    1.1505156e+04   0.000000e+00   1.762107e+04   3119s
  452319    1.1505157e+04   0.000000e+00   1.329475e+04   3123s
  452779    1.1505157e+04   0.000000e+00   8.120115e+03   3128s
  453209    1.1505157e+04   0.000000e+00   3.205737e+03   3132s
  453669    1.1505157e+04   0.000000e+00   7.535672e+03   3136s
  454119    1.1505157e+04   0.000000e+00   4.108014e+03   3141s
  454569    1.1505157e+04   0.000000e+00   1.077661e+04   3145s
  455479    1.1505157e+04   0.000000e+00   7.014001e+03   3154s
  455929    1.1505157e+04   0.000000e+00   5.164740e+03   3158s
  456389    1.1505157e+04   0.000000e+00   1.255451e+04   3163s
  456879    1.1505158e+04   0.000000e+00   3.942722e+03   3167s
  457399    1.1505158e+04   0.000000e+00   9.651736e+04   3172s
  457849    1.1505158e+04   0.000000e+00   3.510693e+03   3176s
  458269    1.1505158e+04   0.000000e+00   7.955320e+03   3180s
  459149    1.1505158e+04   0.000000e+00   2.993438e+03   3189s
  459639    1.1505158e+04   0.000000e+00   5.371976e+03   3194s
  460149    1.1505158e+04   0.000000e+00   2.884214e+04   3198s
  460599    1.1505158e+04   0.000000e+00   8.184299e+03   3202s
  461049    1.1505158e+04   0.000000e+00   1.216811e+04   3207s
  461469    1.1505159e+04   0.000000e+00   2.273840e+03   3211s
  461899    1.1505159e+04   0.000000e+00   1.356674e+04   3216s
  462819    1.1505159e+04   0.000000e+00   7.260305e+03   3224s
  463259    1.1505159e+04   0.000000e+00   7.264450e+03   3229s
  463679    1.1505159e+04   0.000000e+00   4.342758e+03   3233s
  464099    1.1505159e+04   0.000000e+00   8.359682e+03   3237s
  464519    1.1505159e+04   0.000000e+00   3.310611e+03   3242s
  464939    1.1505159e+04   0.000000e+00   6.440409e+03   3246s
  465399    1.1505159e+04   0.000000e+00   5.721620e+03   3250s
  466299    1.1505159e+04   0.000000e+00   6.819111e+03   3259s
  466749    1.1505160e+04   0.000000e+00   5.611514e+03   3264s
  467189    1.1505160e+04   0.000000e+00   1.640974e+04   3268s
  467619    1.1505160e+04   0.000000e+00   4.605468e+03   3272s
  468049    1.1505160e+04   0.000000e+00   4.714493e+03   3277s
  468499    1.1505160e+04   0.000000e+00   3.075529e+03   3281s
  468949    1.1505160e+04   0.000000e+00   6.182083e+03   3285s
  469829    1.1505160e+04   0.000000e+00   2.779429e+03   3294s
  470289    1.1505160e+04   0.000000e+00   1.023022e+04   3299s
  470759    1.1505160e+04   0.000000e+00   4.315339e+03   3303s
  471219    1.1505160e+04   0.000000e+00   2.170369e+04   3307s
  471669    1.1505160e+04   0.000000e+00   5.872540e+03   3312s
  472149    1.1505161e+04   0.000000e+00   9.678135e+03   3316s
  472639    1.1505161e+04   0.000000e+00   3.115308e+03   3321s
  473099    1.1505161e+04   0.000000e+00   3.792206e+03   3325s
  474059    1.1505161e+04   0.000000e+00   1.408118e+04   3334s
  474529    1.1505161e+04   0.000000e+00   4.245291e+03   3338s
  474989    1.1505161e+04   0.000000e+00   2.641514e+03   3343s
  475449    1.1505161e+04   0.000000e+00   1.495089e+04   3347s
  475929    1.1505161e+04   0.000000e+00   4.500571e+03   3351s
  476399    1.1505161e+04   0.000000e+00   3.938895e+03   3356s
  476849    1.1505161e+04   0.000000e+00   5.099891e+03   3360s
  477809    1.1505162e+04   0.000000e+00   5.259185e+04   3369s
  478269    1.1505162e+04   0.000000e+00   2.007886e+05   3373s
  478739    1.1505162e+04   0.000000e+00   3.879295e+03   3378s
  479199    1.1505162e+04   0.000000e+00   3.532915e+03   3382s
  479629    1.1505162e+04   0.000000e+00   3.447128e+03   3386s
  480089    1.1505162e+04   0.000000e+00   3.536036e+03   3391s
  480569    1.1505162e+04   0.000000e+00   9.677807e+03   3395s
  481569    1.1505162e+04   0.000000e+00   5.983312e+03   3404s
  482079    1.1505162e+04   0.000000e+00   1.534648e+04   3409s
  482559    1.1505162e+04   0.000000e+00   7.902208e+03   3413s
  482999    1.1505163e+04   0.000000e+00   7.092926e+03   3417s
  483489    1.1505163e+04   0.000000e+00   3.859720e+03   3422s
  483999    1.1505163e+04   0.000000e+00   3.677646e+03   3426s
  484459    1.1505163e+04   0.000000e+00   1.773595e+03   3431s
  485389    1.1505163e+04   0.000000e+00   4.585115e+03   3439s
  485909    1.1505163e+04   0.000000e+00   5.454564e+03   3444s
  486389    1.1505163e+04   0.000000e+00   2.080695e+03   3448s
  486859    1.1505163e+04   0.000000e+00   3.493345e+03   3453s
  487289    1.1505163e+04   0.000000e+00   6.206581e+03   3457s
  487729    1.1505163e+04   0.000000e+00   1.211740e+03   3461s
  488169    1.1505163e+04   0.000000e+00   8.099699e+03   3466s
  488629    1.1505163e+04   0.000000e+00   3.780051e+03   3470s
  489489    1.1505163e+04   0.000000e+00   4.795381e+03   3479s
  489949    1.1505163e+04   0.000000e+00   1.861464e+03   3483s
  490399    1.1505164e+04   0.000000e+00   9.385817e+02   3487s
  490859    1.1505164e+04   0.000000e+00   4.117822e+03   3492s
  491309    1.1505164e+04   0.000000e+00   1.739526e+03   3496s
  491739    1.1505164e+04   0.000000e+00   1.083168e+03   3500s
  492589    1.1505164e+04   0.000000e+00   1.770949e+03   3509s
  492999    1.1505164e+04   0.000000e+00   2.239303e+03   3513s
  493429    1.1505164e+04   0.000000e+00   5.089909e+03   3518s
  493889    1.1505164e+04   0.000000e+00   3.854919e+03   3522s
  494339    1.1505164e+04   0.000000e+00   1.322467e+04   3526s
  494799    1.1505164e+04   0.000000e+00   2.293636e+03   3531s
  495239    1.1505164e+04   0.000000e+00   5.964500e+03   3535s
  496099    1.1505164e+04   0.000000e+00   1.808830e+03   3544s
  496529    1.1505164e+04   0.000000e+00   1.441857e+03   3548s
  496959    1.1505164e+04   0.000000e+00   2.758698e+03   3552s
  497379    1.1505164e+04   0.000000e+00   3.776158e+03   3556s
  497819    1.1505164e+04   0.000000e+00   3.792516e+03   3561s
  498249    1.1505164e+04   0.000000e+00   1.448820e+04   3565s
  499109    1.1505165e+04   0.000000e+00   2.222021e+03   3574s
  499549    1.1505165e+04   0.000000e+00   1.960495e+03   3578s
  499989    1.1505165e+04   0.000000e+00   2.594101e+03   3582s
  500419    1.1505165e+04   0.000000e+00   1.479344e+03   3587s
  500849    1.1505165e+04   0.000000e+00   5.077450e+03   3591s
  501319    1.1505165e+04   0.000000e+00   4.962981e+03   3595s
  502249    1.1505165e+04   0.000000e+00   5.766893e+03   3604s
  502709    1.1505165e+04   0.000000e+00   8.517341e+03   3608s
  503139    1.1505165e+04   0.000000e+00   1.062184e+03   3612s
  503589    1.1505165e+04   0.000000e+00   1.089467e+03   3616s
  504049    1.1505165e+04   0.000000e+00   6.721009e+02   3621s
  504519    1.1505165e+04   0.000000e+00   1.984767e+03   3625s
  505469    1.1505165e+04   0.000000e+00   5.540904e+02   3634s
  505939    1.1505165e+04   0.000000e+00   2.542326e+03   3638s
  506379    1.1505165e+04   0.000000e+00   1.468443e+03   3643s
  506809    1.1505165e+04   0.000000e+00   6.549776e+03   3647s
  507249    1.1505165e+04   0.000000e+00   5.123051e+02   3651s
  507659    1.1505165e+04   0.000000e+00   4.749795e+03   3655s
  508509    1.1505165e+04   0.000000e+00   4.863365e+02   3664s
  508949    1.1505165e+04   0.000000e+00   1.259030e+03   3668s
  509379    1.1505166e+04   0.000000e+00   1.118208e+03   3672s
  509819    1.1505166e+04   0.000000e+00   1.171755e+03   3677s
  510259    1.1505166e+04   0.000000e+00   8.418993e+03   3681s
  510709    1.1505166e+04   0.000000e+00   1.509188e+03   3685s
  511539    1.1505166e+04   0.000000e+00   8.172653e+03   3694s
  511949    1.1505166e+04   0.000000e+00   1.941480e+03   3698s
  512369    1.1505166e+04   0.000000e+00   1.515203e+03   3702s
  512769    1.1505166e+04   0.000000e+00   4.198845e+02   3706s
  513189    1.1505166e+04   0.000000e+00   7.025348e+02   3711s
  513609    1.1505166e+04   0.000000e+00   3.609910e+03   3715s
  514449    1.1505166e+04   0.000000e+00   1.407411e+03   3724s
  514879    1.1505166e+04   0.000000e+00   1.301987e+03   3728s
  515319    1.1505166e+04   0.000000e+00   1.051649e+03   3732s
  515769    1.1505166e+04   0.000000e+00   4.975385e+02   3737s
  516209    1.1505166e+04   0.000000e+00   8.708260e+02   3741s
  516639    1.1505166e+04   0.000000e+00   8.267028e+02   3745s
  517489    1.1505166e+04   0.000000e+00   1.250624e+03   3754s
  517929    1.1505166e+04   0.000000e+00   1.244382e+03   3758s
  518399    1.1505166e+04   0.000000e+00   1.507267e+03   3762s
  518859    1.1505166e+04   0.000000e+00   3.687695e+03   3767s
  519289    1.1505166e+04   0.000000e+00   1.817199e+04   3771s
  519739    1.1505166e+04   0.000000e+00   5.110700e+02   3775s
  520539    1.1505166e+04   0.000000e+00   4.941223e+02   3784s
  520979    1.1505166e+04   0.000000e+00   7.532176e+03   3788s
  521379    1.1505166e+04   0.000000e+00   1.057557e+03   3792s
  521789    1.1505166e+04   0.000000e+00   1.220612e+03   3796s
