
Gurobi 10.0.1 (linux64) logging started Mon Mar 10 21:47:36 2025

Set parameter LogFile to value "Results/Conservative_experiment/c1_0.90_c2_0.90.log"
Set parameter TimeLimit to value 36000
Gurobi Optimizer version 10.0.1 build v10.0.1rc0 (linux64)

CPU model: AMD EPYC 9654 96-Core Processor, instruction set [SSE2|AVX|AVX2|AVX512]
Thread count: 192 physical cores, 192 logical processors, using up to 32 threads

Academic license 656792 - for non-commercial use only - registered to b.___@student.vu.nl
Optimize a model with 1498050 rows, 1622512 columns and 5976640 nonzeros
Model fingerprint: 0xe035aa28
Coefficient statistics:
  Matrix range     [9e-01, 1e+00]
  Objective range  [6e-02, 5e+00]
  Bounds range     [0e+00, 0e+00]
  RHS range        [1e-02, 1e+03]
Presolve removed 955510 rows and 878809 columns (presolve time = 5s) ...
Presolve removed 955510 rows and 878809 columns
Presolve time: 5.20s
Presolved: 542540 rows, 743703 columns, 2508755 nonzeros

Concurrent LP optimizer: primal simplex, dual simplex, and barrier
Showing barrier log only...

Ordering time: 1.39s

Barrier statistics:
 AA' NZ     : 1.721e+06
 Factor NZ  : 1.393e+07 (roughly 250 MB of memory)
 Factor Ops : 7.897e+09 (less than 1 second per iteration)
 Threads    : 30

                  Objective                Residual
Iter       Primal          Dual         Primal    Dual     Compl     Time
   0  -6.67781733e+06  1.27412623e+08  8.26e+05 8.39e+01  1.71e+04     8s
   1  -6.97477882e+06  1.12504754e+08  6.07e+05 1.49e+02  1.21e+04     8s
   2  -1.04397719e+07  9.46998259e+07  1.70e+05 7.49e+01  4.09e+03     8s
   3  -3.95985863e+07  8.37918805e+07  7.24e+04 6.17e+01  2.63e+03     9s
   4  -6.29213208e+07  1.67216172e+07  2.44e+04 6.01e+00  5.68e+02     9s
   5  -1.53086097e+07  3.88504565e+06  3.82e+03 4.64e-01  9.27e+01     9s
   6  -8.96634943e+06  1.67782787e+06  2.07e+03 7.21e-02  4.72e+01     9s
   7  -2.26351826e+06  9.18711695e+05  4.11e+02 5.57e-03  1.24e+01     9s
   8  -6.09162547e+05  4.67231784e+05  9.65e+01 1.46e-03  3.85e+00     9s
   9  -1.70275766e+05  2.56768528e+05  3.04e+01 5.50e-05  1.47e+00     9s
  10  -6.20421876e+04  1.61860481e+05  1.52e+01 1.25e-12  7.53e-01    10s
  11  -2.19863169e+04  1.11000143e+05  1.00e+01 1.06e-12  4.43e-01    10s
  12  -1.37121356e+04  8.53251836e+04  8.08e+00 1.72e-12  3.25e-01    10s
  13  -3.52415826e+03  6.71058471e+04  4.98e+00 1.47e-12  2.25e-01    10s
  14   2.76868554e+03  3.20555186e+04  2.67e+00 1.82e-12  9.09e-02    10s
  15   5.33709511e+03  3.09175842e+04  1.87e+00 1.62e-12  7.84e-02    10s
  16   5.53852371e+03  2.65512287e+04  1.81e+00 1.30e-12  6.45e-02    10s
  17   8.86427859e+03  2.08872251e+04  6.15e-01 1.75e-12  3.59e-02    11s
  18   9.31084540e+03  1.71883355e+04  5.02e-01 1.51e-12  2.36e-02    11s
  19   1.00978628e+04  1.66698278e+04  3.12e-01 1.67e-12  1.95e-02    11s
  20   1.05561334e+04  1.45591687e+04  2.12e-01 1.72e-12  1.19e-02    11s
  21   1.08350841e+04  1.31600847e+04  1.46e-01 1.59e-12  6.93e-03    11s
  22   1.10650379e+04  1.24793676e+04  9.64e-02 1.29e-12  4.22e-03    11s
  23   1.11842881e+04  1.22472137e+04  7.06e-02 1.88e-12  3.17e-03    12s
  24   1.12987936e+04  1.20913190e+04  4.81e-02 1.71e-12  2.36e-03    12s
  25   1.13431159e+04  1.20432533e+04  4.40e-02 1.75e-12  2.08e-03    12s
  26   1.13595189e+04  1.20169534e+04  4.23e-02 9.06e-07  1.96e-03    12s
  27   1.13832550e+04  1.19744065e+04  3.81e-02 3.31e-06  1.76e-03    12s
  28   1.14496254e+04  1.19080125e+04  2.61e-02 1.68e-12  1.36e-03    12s
  29   1.14907492e+04  1.18600113e+04  1.90e-02 2.03e-12  1.10e-03    13s
  30   1.15300858e+04  1.18163882e+04  1.24e-02 2.72e-12  8.47e-04    13s
  31   1.15440535e+04  1.17669215e+04  1.03e-02 1.75e-12  6.60e-04    13s
  32   1.15528139e+04  1.17601959e+04  9.41e-03 1.90e-12  6.14e-04    13s
  33   1.15532446e+04  1.17168764e+04  9.01e-03 1.70e-12  4.86e-04    13s
  34   1.15636082e+04  1.17161627e+04  7.45e-03 2.35e-12  4.52e-04    14s
  35   1.15680782e+04  1.16974025e+04  6.81e-03 2.00e-12  3.84e-04    14s
  36   1.15773236e+04  1.16916898e+04  5.47e-03 2.56e-12  3.39e-04    14s
  37   1.15839491e+04  1.16780522e+04  4.47e-03 2.20e-12  2.79e-04    14s
  38   1.15913088e+04  1.16732990e+04  3.61e-03 2.29e-12  2.43e-04    14s
  39   1.15978860e+04  1.16652795e+04  3.03e-03 2.86e-12  1.99e-04    15s
  40   1.16030372e+04  1.16583205e+04  2.64e-03 1.50e-12  1.64e-04    15s
  41   1.16045811e+04  1.16544652e+04  2.52e-03 1.78e-12  1.48e-04    15s
  42   1.16081924e+04  1.16516187e+04  2.17e-03 2.02e-12  1.29e-04    15s
  43   1.16095994e+04  1.16464561e+04  1.92e-03 1.88e-12  1.09e-04    15s
  44   1.16106577e+04  1.16417535e+04  1.79e-03 1.75e-12  9.24e-05    16s
  45   1.16155023e+04  1.16316135e+04  7.88e-04 1.45e-12  4.78e-05    16s
  46   1.16168071e+04  1.16310753e+04  6.19e-04 2.63e-12  4.22e-05    16s
  47   1.16179717e+04  1.16272108e+04  4.39e-04 1.60e-12  2.74e-05    16s
  48   1.16184621e+04  1.16255071e+04  3.65e-04 1.65e-12  2.09e-05    16s
  49   1.16192091e+04  1.16246042e+04  2.40e-04 1.63e-12  1.60e-05    16s
  50   1.16204332e+04  1.16226945e+04  3.83e-05 1.78e-12  6.63e-06    17s
  51   1.16206339e+04  1.16218773e+04  6.62e-06 1.46e-12  3.63e-06    17s
  52   1.16206710e+04  1.16211132e+04  2.33e-06 2.53e-12  1.29e-06    17s
  53   1.16206819e+04  1.16208013e+04  1.24e-06 1.99e-12  3.50e-07    17s
  54   1.16206869e+04  1.16207388e+04  7.77e-07 2.94e-12  1.53e-07    17s
  55   1.16206915e+04  1.16207216e+04  3.75e-07 2.72e-12  8.83e-08    17s
  56   1.16206948e+04  1.16207037e+04  9.96e-08 4.01e-12  2.63e-08    18s
  57   1.16206960e+04  1.16206964e+04  1.21e-08 3.64e-12  1.34e-09    18s
  58   1.16206961e+04  1.16206962e+04  1.31e-08 4.00e-12  3.37e-11    18s

Barrier solved model in 58 iterations and 17.87 seconds (14.85 work units)
Optimal objective 1.16206961e+04

Crossover log...

   30224 DPushes remaining with DInf 0.0000000e+00                18s
       0 DPushes remaining with DInf 0.0000000e+00                19s

  105409 PPushes remaining with PInf 0.0000000e+00                19s
       0 PPushes remaining with PInf 0.0000000e+00                19s

  Push phase complete: Pinf 0.0000000e+00, Dinf 1.9459101e-11     19s


Solved with barrier
Extra simplex iterations after uncrush: 1446
Iteration    Objective       Primal Inf.    Dual Inf.      Time
  135120    1.1620696e+04   0.000000e+00   0.000000e+00     20s

Use crossover to convert LP symmetric solution to basic solution...
Crossover log...

   11571 DPushes remaining with DInf 0.0000000e+00                20s
       0 DPushes remaining with DInf 0.0000000e+00                20s

    9912 PPushes remaining with PInf 0.0000000e+00                20s
       0 PPushes remaining with PInf 0.0000000e+00                21s

  Push phase complete: Pinf 0.0000000e+00, Dinf 2.2915003e-12     21s

Iteration    Objective       Primal Inf.    Dual Inf.      Time
  161277    1.1620716e+04   0.000000e+00   1.858037e+04     26s
  163083    1.1620723e+04   0.000000e+00   7.898406e+03     30s
  165491    1.1620727e+04   0.000000e+00   2.902027e+04     37s
  166695    1.1620728e+04   0.000000e+00   4.653316e+04     42s
  167899    1.1620730e+04   0.000000e+00   1.133988e+04     46s
  169103    1.1620731e+04   0.000000e+00   3.854320e+03     50s
  170909    1.1620732e+04   0.000000e+00   2.237005e+03     57s
  171511    1.1620732e+04   0.000000e+00   9.908340e+02     60s
  172715    1.1620732e+04   0.000000e+00   4.357516e+03     65s
  173865    1.1620733e+04   0.000000e+00   6.803480e+02     71s
  174955    1.1620733e+04   0.000000e+00   4.851548e+02     76s
  176075    1.1620733e+04   0.000000e+00   5.423549e+02     81s
  177185    1.1620733e+04   0.000000e+00   1.076361e+03     87s
  178245    1.1620733e+04   0.000000e+00   6.819035e+01     92s
  179285    1.1620733e+04   0.000000e+00   7.328157e+01     97s
  180265    1.1620733e+04   0.000000e+00   2.848253e+02    103s
  180755    1.1620733e+04   0.000000e+00   1.045762e+02    105s
  181825    1.1620733e+04   0.000000e+00   1.011875e+02    110s
  182825    1.1620733e+04   0.000000e+00   1.087556e+02    115s
  183765    1.1620733e+04   0.000000e+00   8.756593e+00    120s
  184665    1.1620733e+04   0.000000e+00   2.234900e+01    125s
  185575    1.1620733e+04   0.000000e+00   2.211346e+01    130s
  186785    1.1620733e+04   0.000000e+00   7.040828e-03    137s
  187435    1.1620733e+04   0.000000e+00   1.827456e-02    142s
Extra simplex iterations after uncrush: 31027
  187632    1.1620696e+04   0.000000e+00   0.000000e+00    144s

Solved in 187632 iterations and 143.77 seconds (315.56 work units)
Optimal objective  1.162069615e+04
