
Gurobi 10.0.1 (linux64) logging started Mon Mar 10 21:36:30 2025

Set parameter LogFile to value "Results/Conservative_experiment/c1_0.20_c2_0.00.log"
Set parameter TimeLimit to value 36000
Gurobi Optimizer version 10.0.1 build v10.0.1rc0 (linux64)

CPU model: AMD EPYC 9654 96-Core Processor, instruction set [SSE2|AVX|AVX2|AVX512]
Thread count: 192 physical cores, 192 logical processors, using up to 32 threads

Academic license 656792 - for non-commercial use only - registered to b.___@student.vu.nl
Optimize a model with 1498050 rows, 1622512 columns and 5965248 nonzeros
Model fingerprint: 0x82b6babe
Coefficient statistics:
  Matrix range     [2e-01, 1e+00]
  Objective range  [6e-02, 5e+00]
  Bounds range     [0e+00, 0e+00]
  RHS range        [1e-02, 1e+03]
Presolve removed 1137941 rows and 1144695 columns
Presolve time: 3.74s
Presolved: 360109 rows, 477817 columns, 1778097 nonzeros

Concurrent LP optimizer: primal simplex, dual simplex, and barrier
Showing barrier log only...

Ordering time: 0.41s

Barrier statistics:
 AA' NZ     : 3.019e+05
 Factor NZ  : 3.493e+06 (roughly 70 MB of memory)
 Factor Ops : 1.234e+09 (less than 1 second per iteration)
 Threads    : 30

                  Objective                Residual
Iter       Primal          Dual         Primal    Dual     Compl     Time
   0  -2.28728123e+09  1.82694164e+08  4.44e+05 5.07e+01  4.37e+04     5s
   1  -6.82134569e+08  1.24978574e+08  1.30e+05 6.10e+01  1.12e+04     5s
   2  -1.92040521e+08  4.81967133e+07  3.52e+04 3.09e+00  2.73e+03     5s
   3  -5.76170001e+07  1.25510588e+07  1.03e+04 1.95e-01  7.69e+02     5s
   4  -1.83610411e+07  5.02676509e+06  3.22e+03 3.83e-02  2.49e+02     5s
   5  -9.10248925e+06  2.17351204e+06  1.58e+03 6.84e-03  1.17e+02     5s
   6  -4.82317122e+06  1.66268149e+06  8.25e+02 3.75e-03  6.67e+01     5s
   7  -1.85959434e+06  6.49110756e+05  3.15e+02 2.00e-11  2.48e+01     5s
   8  -3.50816182e+05  2.58639195e+05  5.47e+01 1.46e-11  5.86e+00     5s
   9  -8.17758996e+04  1.45489218e+05  1.33e+01 6.37e-12  2.14e+00     5s
  10  -1.04098182e+04  5.00233546e+04  2.72e+00 2.96e-12  5.41e-01     5s
  11   5.71122431e+03  3.02632178e+04  5.75e-01 3.86e-12  2.26e-01     5s
  12   9.61447158e+03  1.98626528e+04  1.53e-01 3.04e-12  9.60e-02     5s
  13   1.03029943e+04  1.54717012e+04  8.62e-02 4.25e-12  4.78e-02     5s
  14   1.07113125e+04  1.36423612e+04  5.16e-02 3.25e-12  2.69e-02     5s
  15   1.09340825e+04  1.30280727e+04  3.52e-02 2.90e-12  1.93e-02     5s
  16   1.11133857e+04  1.20663287e+04  2.26e-02 4.78e-12  8.51e-03     5s
  17   1.12693870e+04  1.18107496e+04  1.28e-02 3.95e-12  4.84e-03     5s
  18   1.13294051e+04  1.17649041e+04  9.24e-03 5.65e-12  3.93e-03     6s
  19   1.13379195e+04  1.17411909e+04  8.79e-03 6.62e-12  3.63e-03     6s
  20   1.13617221e+04  1.16812325e+04  7.41e-03 6.02e-12  2.86e-03     6s
  21   1.13698345e+04  1.16595288e+04  6.99e-03 8.17e-12  2.58e-03     6s
  22   1.13959121e+04  1.16000139e+04  5.52e-03 4.89e-12  1.80e-03     6s
  23   1.14330367e+04  1.15823275e+04  3.53e-03 6.79e-12  1.33e-03     6s
  24   1.14536050e+04  1.15753593e+04  2.35e-03 6.09e-12  1.11e-03     6s
  25   1.14586931e+04  1.15642736e+04  2.09e-03 6.59e-12  9.61e-04     6s
  26   1.14751129e+04  1.15541020e+04  1.32e-03 8.64e-12  7.29e-04     6s
  27   1.14858515e+04  1.15382904e+04  9.22e-04 5.02e-12  4.83e-04     6s
  28   1.14853528e+04  1.15274073e+04  9.08e-04 4.13e-12  3.80e-04     6s
  29   1.14915630e+04  1.15184999e+04  5.44e-04 3.85e-12  2.45e-04     6s
  30   1.15003689e+04  1.15146104e+04  1.40e-04 5.75e-12  1.36e-04     6s
  31   1.15010713e+04  1.15127515e+04  1.14e-04 6.11e-12  1.11e-04     6s
  32   1.15016212e+04  1.15118696e+04  9.82e-05 6.03e-12  9.77e-05     6s
  33   1.15016682e+04  1.15110026e+04  9.65e-05 9.56e-12  8.87e-05     6s
  34   1.15022663e+04  1.15096406e+04  6.94e-05 5.62e-12  7.03e-05     6s
  35   1.15024773e+04  1.15090081e+04  5.76e-05 7.32e-12  6.25e-05     6s
  36   1.15027361e+04  1.15079758e+04  4.32e-05 9.08e-12  5.02e-05     7s
  37   1.15034423e+04  1.15063255e+04  1.64e-06 4.97e-12  2.85e-05     7s
  38   1.15035505e+04  1.15042494e+04  4.55e-07 1.97e-11  6.92e-06     7s
  39   1.15036110e+04  1.15037304e+04  4.73e-08 1.87e-11  1.18e-06     7s
  40   1.15036149e+04  1.15036667e+04  2.06e-08 5.09e-11  5.14e-07     7s
  41   1.15036170e+04  1.15036383e+04  1.06e-08 4.48e-11  2.11e-07     7s
  42   1.15036189e+04  1.15036222e+04  1.79e-09 6.64e-11  3.31e-08     7s
  43   1.15036194e+04  1.15036196e+04  1.49e-08 5.82e-11  2.32e-09     7s
  44   1.15036194e+04  1.15036195e+04  4.26e-08 5.39e-11  4.58e-10     7s

Barrier solved model in 44 iterations and 6.89 seconds (5.99 work units)
Optimal objective 1.15036194e+04

Crossover log...

   15164 DPushes remaining with DInf 0.0000000e+00                 7s
       0 DPushes remaining with DInf 0.0000000e+00                 7s

   19885 PPushes remaining with PInf 2.0646952e-05                 7s
       0 PPushes remaining with PInf 0.0000000e+00                 7s

  Push phase complete: Pinf 0.0000000e+00, Dinf 8.3466567e-12      7s


Solved with barrier
Extra simplex iterations after uncrush: 1530
Iteration    Objective       Primal Inf.    Dual Inf.      Time
   36538    1.1503619e+04   0.000000e+00   0.000000e+00      8s

Use crossover to convert LP symmetric solution to basic solution...
Crossover log...

    9284 DPushes remaining with DInf 0.0000000e+00                 8s
       0 DPushes remaining with DInf 0.0000000e+00                 9s

    2035 PPushes remaining with PInf 0.0000000e+00                 9s
       0 PPushes remaining with PInf 0.0000000e+00                 9s

  Push phase complete: Pinf 0.0000000e+00, Dinf 4.7667426e-12      9s

Iteration    Objective       Primal Inf.    Dual Inf.      Time
   49155    1.1503619e+04   0.000000e+00   2.764114e+05     10s
   53369    1.1503730e+04   0.000000e+00   5.046133e+04     15s
   57583    1.1503889e+04   0.000000e+00   4.049106e+05     20s
   61195    1.1504002e+04   0.000000e+00   1.476354e+05     26s
   64205    1.1504079e+04   0.000000e+00   2.785061e+05     31s
   67215    1.1504150e+04   0.000000e+00   9.930869e+04     36s
   69623    1.1504208e+04   0.000000e+00   1.662550e+05     41s
   72031    1.1504253e+04   0.000000e+00   9.515386e+04     46s
   74439    1.1504298e+04   0.000000e+00   1.715887e+05     51s
   76847    1.1504340e+04   0.000000e+00   3.490568e+05     56s
   79255    1.1504383e+04   0.000000e+00   1.393920e+05     60s
   81663    1.1504417e+04   0.000000e+00   2.038430e+05     65s
   84071    1.1504450e+04   0.000000e+00   4.665925e+05     70s
   85877    1.1504468e+04   0.000000e+00   4.598340e+05     76s
   87683    1.1504487e+04   0.000000e+00   2.828008e+05     82s
   88887    1.1504500e+04   0.000000e+00   2.089668e+05     85s
   90693    1.1504515e+04   0.000000e+00   1.988447e+06     91s
   92499    1.1504528e+04   0.000000e+00   2.154567e+05     96s
   93703    1.1504537e+04   0.000000e+00   1.589894e+05    100s
   95509    1.1504549e+04   0.000000e+00   2.381252e+05    105s
   97315    1.1504560e+04   0.000000e+00   5.511571e+05    111s
   99121    1.1504569e+04   0.000000e+00   1.057952e+06    116s
  100927    1.1504580e+04   0.000000e+00   5.875619e+05    120s
  102733    1.1504589e+04   0.000000e+00   4.213480e+05    125s
  104539    1.1504601e+04   0.000000e+00   1.398175e+05    132s
  105743    1.1504609e+04   0.000000e+00   2.041979e+05    136s
  106947    1.1504618e+04   0.000000e+00   5.500327e+05    141s
  108151    1.1504625e+04   0.000000e+00   4.622818e+05    145s
  109957    1.1504634e+04   0.000000e+00   3.800445e+05    152s
  110559    1.1504637e+04   0.000000e+00   2.022535e+05    155s
  111763    1.1504642e+04   0.000000e+00   4.021456e+05    161s
  112967    1.1504649e+04   0.000000e+00   8.142013e+05    167s
  114171    1.1504654e+04   0.000000e+00   1.893970e+05    173s
  114773    1.1504659e+04   0.000000e+00   4.183034e+05    176s
  115977    1.1504666e+04   0.000000e+00   2.310858e+05    182s
  117181    1.1504673e+04   0.000000e+00   3.648168e+05    188s
  117783    1.1504677e+04   0.000000e+00   1.557643e+05    191s
  118987    1.1504684e+04   0.000000e+00   3.035486e+05    197s
  120191    1.1504691e+04   0.000000e+00   6.760337e+05    202s
  120793    1.1504695e+04   0.000000e+00   2.377643e+05    205s
  121997    1.1504702e+04   0.000000e+00   3.062650e+05    211s
  123201    1.1504707e+04   0.000000e+00   1.292322e+05    218s
  123803    1.1504710e+04   0.000000e+00   9.566294e+05    222s
  124405    1.1504713e+04   0.000000e+00   3.316476e+05    225s
  125609    1.1504719e+04   0.000000e+00   2.300282e+05    232s
  126211    1.1504721e+04   0.000000e+00   4.498117e+05    235s
  127415    1.1504728e+04   0.000000e+00   4.783570e+05    242s
  128017    1.1504730e+04   0.000000e+00   4.527948e+05    245s
  129221    1.1504735e+04   0.000000e+00   5.149463e+05    252s
  130425    1.1504740e+04   0.000000e+00   2.351169e+05    259s
  131027    1.1504742e+04   0.000000e+00   2.227822e+05    262s
  131629    1.1504745e+04   0.000000e+00   6.202401e+05    266s
  132833    1.1504751e+04   0.000000e+00   2.886775e+05    273s
  133435    1.1504754e+04   0.000000e+00   4.615288e+05    276s
  134639    1.1504758e+04   0.000000e+00   1.833618e+05    283s
  135241    1.1504760e+04   0.000000e+00   1.086700e+05    286s
  136445    1.1504764e+04   0.000000e+00   3.695022e+05    294s
  137047    1.1504765e+04   0.000000e+00   1.662784e+05    298s
  137649    1.1504767e+04   0.000000e+00   2.274928e+05    302s
  138251    1.1504769e+04   0.000000e+00   2.976974e+05    306s
  139455    1.1504773e+04   0.000000e+00   1.524281e+05    314s
  140057    1.1504775e+04   0.000000e+00   1.648519e+05    318s
  140659    1.1504779e+04   0.000000e+00   2.218099e+05    322s
  141261    1.1504781e+04   0.000000e+00   3.310504e+05    326s
  142465    1.1504785e+04   0.000000e+00   4.265844e+05    334s
  143067    1.1504787e+04   0.000000e+00   2.577407e+06    338s
  143667    1.1504788e+04   0.000000e+00   7.762991e+05    342s
  144267    1.1504790e+04   0.000000e+00   2.497255e+05    347s
  144817    1.1504791e+04   0.000000e+00   2.166448e+06    352s
  145367    1.1504792e+04   0.000000e+00   1.896600e+05    356s
  145969    1.1504795e+04   0.000000e+00   3.134855e+05    361s
  147173    1.1504799e+04   0.000000e+00   5.085433e+05    368s
  147775    1.1504802e+04   0.000000e+00   1.625179e+06    372s
  148377    1.1504805e+04   0.000000e+00   2.576689e+05    375s
  149581    1.1504809e+04   0.000000e+00   1.780239e+05    382s
  150183    1.1504811e+04   0.000000e+00   3.290559e+05    386s
  150785    1.1504813e+04   0.000000e+00   6.818559e+05    390s
  151989    1.1504817e+04   0.000000e+00   2.341372e+05    399s
  152591    1.1504818e+04   0.000000e+00   1.202770e+05    403s
  153193    1.1504821e+04   0.000000e+00   2.339041e+05    408s
  153795    1.1504822e+04   0.000000e+00   2.368373e+05    412s
  154397    1.1504824e+04   0.000000e+00   1.735463e+05    416s
  155601    1.1504827e+04   0.000000e+00   1.752993e+05    424s
  156203    1.1504829e+04   0.000000e+00   4.016939e+05    427s
  156805    1.1504831e+04   0.000000e+00   1.911262e+05    431s
  157407    1.1504834e+04   0.000000e+00   1.643425e+05    435s
  158611    1.1504837e+04   0.000000e+00   7.841611e+05    444s
  159201    1.1504839e+04   0.000000e+00   2.015069e+05    449s
  159731    1.1504841e+04   0.000000e+00   2.493582e+05    453s
  160261    1.1504843e+04   0.000000e+00   1.422360e+05    458s
  160781    1.1504845e+04   0.000000e+00   3.245436e+05    462s
  161381    1.1504847e+04   0.000000e+00   2.475864e+05    467s
  161971    1.1504848e+04   0.000000e+00   1.938656e+05    472s
  162531    1.1504850e+04   0.000000e+00   2.205612e+05    477s
  163081    1.1504851e+04   0.000000e+00   1.807022e+05    481s
  163651    1.1504852e+04   0.000000e+00   1.121430e+05    486s
  164251    1.1504854e+04   0.000000e+00   2.011059e+05    491s
  165455    1.1504858e+04   0.000000e+00   5.041384e+05    499s
  166057    1.1504860e+04   0.000000e+00   4.752740e+05    504s
  166659    1.1504862e+04   0.000000e+00   1.027318e+05    508s
  167261    1.1504863e+04   0.000000e+00   6.943888e+04    513s
  167863    1.1504865e+04   0.000000e+00   2.883292e+05    517s
  168465    1.1504867e+04   0.000000e+00   1.154328e+05    521s
  169067    1.1504868e+04   0.000000e+00   3.707782e+05    525s
  170271    1.1504872e+04   0.000000e+00   1.112656e+05    534s
  170873    1.1504874e+04   0.000000e+00   2.295271e+05    539s
  171475    1.1504876e+04   0.000000e+00   3.638388e+05    543s
  172065    1.1504878e+04   0.000000e+00   2.500715e+05    548s
  172667    1.1504879e+04   0.000000e+00   8.269240e+04    552s
  173247    1.1504880e+04   0.000000e+00   9.284811e+04    557s
  173807    1.1504881e+04   0.000000e+00   1.543598e+05    562s
  174409    1.1504882e+04   0.000000e+00   1.513562e+05    566s
  174989    1.1504883e+04   0.000000e+00   1.759903e+05    571s
  175519    1.1504884e+04   0.000000e+00   1.607722e+05    575s
  176569    1.1504887e+04   0.000000e+00   3.491429e+05    585s
  177099    1.1504888e+04   0.000000e+00   5.151019e+05    589s
  177609    1.1504889e+04   0.000000e+00   3.522936e+05    594s
  178099    1.1504890e+04   0.000000e+00   3.857895e+05    598s
  178559    1.1504891e+04   0.000000e+00   1.163054e+05    603s
  179019    1.1504892e+04   0.000000e+00   3.707827e+05    608s
  179579    1.1504894e+04   0.000000e+00   2.060038e+05    612s
  180179    1.1504895e+04   0.000000e+00   3.758588e+05    617s
  180709    1.1504897e+04   0.000000e+00   1.418665e+05    621s
  181279    1.1504898e+04   0.000000e+00   4.914571e+05    626s
  181881    1.1504899e+04   0.000000e+00   1.063200e+05    631s
  182481    1.1504901e+04   0.000000e+00   9.351599e+04    635s
  183653    1.1504904e+04   0.000000e+00   1.830074e+05    644s
  184193    1.1504906e+04   0.000000e+00   1.429173e+05    649s
  184733    1.1504907e+04   0.000000e+00   1.463055e+05    654s
  185323    1.1504908e+04   0.000000e+00   1.744462e+05    658s
  185925    1.1504910e+04   0.000000e+00   1.672592e+05    663s
  186527    1.1504911e+04   0.000000e+00   3.809936e+05    667s
  187127    1.1504912e+04   0.000000e+00   2.853759e+05    672s
  187729    1.1504913e+04   0.000000e+00   1.177363e+05    677s
  188249    1.1504914e+04   0.000000e+00   1.585510e+05    681s
  188779    1.1504915e+04   0.000000e+00   1.454174e+05    686s
  189249    1.1504916e+04   0.000000e+00   6.552408e+05    691s
  189779    1.1504917e+04   0.000000e+00   2.934725e+05    695s
  190379    1.1504919e+04   0.000000e+00   2.748447e+05    700s
  191509    1.1504922e+04   0.000000e+00   9.916994e+04    709s
  192019    1.1504923e+04   0.000000e+00   1.886998e+05    714s
  192529    1.1504924e+04   0.000000e+00   1.851740e+05    719s
  193059    1.1504925e+04   0.000000e+00   2.603097e+05    723s
  193619    1.1504926e+04   0.000000e+00   1.505266e+05    728s
  194169    1.1504927e+04   0.000000e+00   9.741452e+04    733s
  194679    1.1504928e+04   0.000000e+00   1.179223e+05    737s
  195229    1.1504930e+04   0.000000e+00   1.175093e+05    742s
  195829    1.1504931e+04   0.000000e+00   1.616819e+05    747s
  196389    1.1504932e+04   0.000000e+00   1.013184e+05    751s
  196979    1.1504933e+04   0.000000e+00   1.393536e+05    756s
  197539    1.1504934e+04   0.000000e+00   4.716958e+05    761s
  198089    1.1504935e+04   0.000000e+00   4.788593e+05    765s
  198589    1.1504936e+04   0.000000e+00   3.791663e+05    770s
  199509    1.1504938e+04   0.000000e+00   3.957512e+05    779s
  199979    1.1504939e+04   0.000000e+00   3.321182e+05    784s
  200479    1.1504940e+04   0.000000e+00   2.381361e+05    788s
  201049    1.1504941e+04   0.000000e+00   1.170079e+05    793s
  201589    1.1504942e+04   0.000000e+00   2.942561e+05    798s
  202149    1.1504943e+04   0.000000e+00   1.260110e+05    802s
  202679    1.1504944e+04   0.000000e+00   8.468221e+04    807s
  203209    1.1504945e+04   0.000000e+00   5.719438e+05    812s
  203699    1.1504946e+04   0.000000e+00   1.484473e+06    816s
  204189    1.1504947e+04   0.000000e+00   8.807784e+04    821s
  204739    1.1504948e+04   0.000000e+00   1.450815e+05    825s
  205339    1.1504949e+04   0.000000e+00   2.138378e+05    830s
  206459    1.1504951e+04   0.000000e+00   1.140109e+05    840s
  207049    1.1504952e+04   0.000000e+00   1.485817e+05    844s
  207639    1.1504953e+04   0.000000e+00   2.494215e+05    849s
  208159    1.1504954e+04   0.000000e+00   1.294551e+05    854s
  208669    1.1504955e+04   0.000000e+00   1.696726e+05    858s
  209189    1.1504956e+04   0.000000e+00   1.773372e+05    863s
  209749    1.1504957e+04   0.000000e+00   2.878045e+05    868s
  210239    1.1504958e+04   0.000000e+00   1.191732e+05    872s
  210759    1.1504959e+04   0.000000e+00   5.834808e+04    877s
  211269    1.1504960e+04   0.000000e+00   1.222092e+05    881s
  211759    1.1504960e+04   0.000000e+00   4.446652e+04    886s
  212239    1.1504961e+04   0.000000e+00   2.946253e+05    891s
  212759    1.1504962e+04   0.000000e+00   1.575117e+05    895s
  213819    1.1504964e+04   0.000000e+00   2.363008e+05    905s
  214329    1.1504964e+04   0.000000e+00   2.749959e+05    909s
  214849    1.1504966e+04   0.000000e+00   7.814395e+04    914s
  215409    1.1504966e+04   0.000000e+00   1.697860e+05    918s
  216009    1.1504968e+04   0.000000e+00   1.513283e+05    923s
  216569    1.1504969e+04   0.000000e+00   2.832758e+05    928s
  217069    1.1504970e+04   0.000000e+00   2.100170e+05    933s
  217529    1.1504970e+04   0.000000e+00   7.983568e+05    937s
  218029    1.1504971e+04   0.000000e+00   1.344858e+05    942s
  218539    1.1504972e+04   0.000000e+00   2.208678e+05    946s
  219069    1.1504973e+04   0.000000e+00   8.720498e+04    951s
  219659    1.1504974e+04   0.000000e+00   2.971775e+05    956s
  220209    1.1504975e+04   0.000000e+00   1.233145e+05    960s
  220699    1.1504976e+04   0.000000e+00   6.727875e+06    965s
  221659    1.1504977e+04   0.000000e+00   2.684366e+05    974s
  222129    1.1504978e+04   0.000000e+00   8.557061e+04    979s
  222629    1.1504979e+04   0.000000e+00   4.934587e+04    983s
  223159    1.1504980e+04   0.000000e+00   1.210968e+05    988s
  223659    1.1504980e+04   0.000000e+00   9.772245e+04    993s
  224139    1.1504981e+04   0.000000e+00   1.971714e+05    997s
  224629    1.1504981e+04   0.000000e+00   3.995154e+04   1002s
  225189    1.1504983e+04   0.000000e+00   6.441456e+04   1007s
  225739    1.1504984e+04   0.000000e+00   2.038217e+05   1011s
  226229    1.1504984e+04   0.000000e+00   2.354069e+05   1016s
  226729    1.1504985e+04   0.000000e+00   1.153952e+05   1020s
  227209    1.1504986e+04   0.000000e+00   1.955039e+05   1025s
  228189    1.1504987e+04   0.000000e+00   1.756343e+05   1034s
  228739    1.1504988e+04   0.000000e+00   8.152132e+04   1039s
  229269    1.1504989e+04   0.000000e+00   1.419736e+05   1044s
  229779    1.1504990e+04   0.000000e+00   9.528848e+04   1049s
  230259    1.1504990e+04   0.000000e+00   4.156075e+05   1053s
  230749    1.1504991e+04   0.000000e+00   9.824511e+04   1058s
  231269    1.1504992e+04   0.000000e+00   2.192785e+05   1062s
  231759    1.1504993e+04   0.000000e+00   1.340067e+05   1067s
  232249    1.1504994e+04   0.000000e+00   1.066191e+05   1072s
  232759    1.1504994e+04   0.000000e+00   3.317558e+05   1077s
  233249    1.1504995e+04   0.000000e+00   1.556705e+05   1081s
  233729    1.1504996e+04   0.000000e+00   1.017113e+05   1086s
  234219    1.1504997e+04   0.000000e+00   8.528403e+04   1090s
  234699    1.1504997e+04   0.000000e+00   1.985724e+06   1095s
  235699    1.1504999e+04   0.000000e+00   4.573432e+05   1104s
  236179    1.1505000e+04   0.000000e+00   9.123330e+04   1109s
  236679    1.1505000e+04   0.000000e+00   7.953031e+04   1113s
  237159    1.1505001e+04   0.000000e+00   1.351524e+05   1118s
  237659    1.1505001e+04   0.000000e+00   1.472564e+05   1123s
  238189    1.1505002e+04   0.000000e+00   3.477266e+05   1127s
  238669    1.1505003e+04   0.000000e+00   2.347670e+05   1132s
  239149    1.1505003e+04   0.000000e+00   7.484999e+04   1136s
  239619    1.1505004e+04   0.000000e+00   1.948053e+05   1141s
  240119    1.1505005e+04   0.000000e+00   7.097914e+05   1146s
  240629    1.1505006e+04   0.000000e+00   1.824330e+05   1150s
  241709    1.1505007e+04   0.000000e+00   4.016784e+05   1159s
  242209    1.1505007e+04   0.000000e+00   5.230193e+04   1164s
  242699    1.1505008e+04   0.000000e+00   1.720504e+05   1169s
  243229    1.1505009e+04   0.000000e+00   6.585522e+04   1173s
  243729    1.1505010e+04   0.000000e+00   9.084191e+04   1178s
  244249    1.1505010e+04   0.000000e+00   9.909867e+04   1183s
  244789    1.1505011e+04   0.000000e+00   6.125625e+04   1187s
  245309    1.1505012e+04   0.000000e+00   2.248184e+05   1192s
  245789    1.1505012e+04   0.000000e+00   8.219347e+04   1197s
  246289    1.1505013e+04   0.000000e+00   1.179031e+05   1201s
  246829    1.1505014e+04   0.000000e+00   5.668144e+04   1206s
  247359    1.1505014e+04   0.000000e+00   1.387576e+05   1211s
  247879    1.1505015e+04   0.000000e+00   1.182662e+05   1215s
  248909    1.1505016e+04   0.000000e+00   7.765101e+04   1224s
  249409    1.1505017e+04   0.000000e+00   1.053400e+05   1229s
  249899    1.1505017e+04   0.000000e+00   3.635493e+04   1234s
  250369    1.1505018e+04   0.000000e+00   1.233326e+05   1238s
  250839    1.1505018e+04   0.000000e+00   1.091168e+05   1243s
  251319    1.1505019e+04   0.000000e+00   5.996485e+04   1247s
  251819    1.1505019e+04   0.000000e+00   1.164071e+05   1252s
  252309    1.1505020e+04   0.000000e+00   6.249489e+04   1256s
  252799    1.1505020e+04   0.000000e+00   1.378980e+05   1261s
  253289    1.1505021e+04   0.000000e+00   3.537614e+04   1265s
  253809    1.1505021e+04   0.000000e+00   4.971514e+04   1270s
  254789    1.1505023e+04   0.000000e+00   1.657442e+05   1279s
  255259    1.1505023e+04   0.000000e+00   2.001898e+05   1284s
  255739    1.1505024e+04   0.000000e+00   1.492183e+05   1288s
  256239    1.1505025e+04   0.000000e+00   4.262676e+05   1293s
  256719    1.1505025e+04   0.000000e+00   1.779780e+05   1297s
  257179    1.1505026e+04   0.000000e+00   1.073527e+05   1302s
  257669    1.1505027e+04   0.000000e+00   4.091239e+05   1307s
  258169    1.1505027e+04   0.000000e+00   9.096504e+04   1311s
  258649    1.1505028e+04   0.000000e+00   5.828480e+04   1316s
  259079    1.1505028e+04   0.000000e+00   1.163422e+05   1320s
  259989    1.1505029e+04   0.000000e+00   1.095721e+05   1329s
  260469    1.1505029e+04   0.000000e+00   1.504835e+05   1334s
  260969    1.1505030e+04   0.000000e+00   8.666417e+04   1338s
  261439    1.1505031e+04   0.000000e+00   7.971055e+04   1343s
  261939    1.1505031e+04   0.000000e+00   1.752196e+06   1348s
  262409    1.1505031e+04   0.000000e+00   2.309919e+05   1352s
  262899    1.1505032e+04   0.000000e+00   3.412848e+04   1357s
  263419    1.1505032e+04   0.000000e+00   1.516056e+05   1361s
  263919    1.1505033e+04   0.000000e+00   8.590926e+04   1366s
  264439    1.1505034e+04   0.000000e+00   5.219120e+04   1371s
  264939    1.1505034e+04   0.000000e+00   4.908065e+05   1375s
  265959    1.1505035e+04   0.000000e+00   4.346658e+04   1384s
  266509    1.1505036e+04   0.000000e+00   5.324779e+04   1389s
  266989    1.1505036e+04   0.000000e+00   3.306727e+04   1394s
  267509    1.1505037e+04   0.000000e+00   4.411346e+04   1398s
  267999    1.1505037e+04   0.000000e+00   2.679462e+05   1403s
  268519    1.1505038e+04   0.000000e+00   6.889109e+04   1407s
  269109    1.1505038e+04   0.000000e+00   4.034781e+04   1412s
  269649    1.1505039e+04   0.000000e+00   1.019844e+05   1417s
  270129    1.1505040e+04   0.000000e+00   1.845490e+05   1421s
  270619    1.1505040e+04   0.000000e+00   7.502917e+04   1426s
  271069    1.1505040e+04   0.000000e+00   7.727648e+04   1430s
  271539    1.1505041e+04   0.000000e+00   1.028527e+05   1435s
  272449    1.1505042e+04   0.000000e+00   1.480290e+05   1444s
  272929    1.1505042e+04   0.000000e+00   5.395818e+04   1449s
  273449    1.1505043e+04   0.000000e+00   1.549464e+05   1453s
  273929    1.1505043e+04   0.000000e+00   5.611893e+04   1458s
  274429    1.1505044e+04   0.000000e+00   9.399917e+04   1463s
  274889    1.1505044e+04   0.000000e+00   4.133100e+04   1467s
  275369    1.1505045e+04   0.000000e+00   4.600946e+04   1471s
  275859    1.1505045e+04   0.000000e+00   6.281591e+04   1476s
  276409    1.1505046e+04   0.000000e+00   1.171169e+05   1481s
  276929    1.1505047e+04   0.000000e+00   5.130239e+04   1485s
  277919    1.1505047e+04   0.000000e+00   1.134400e+05   1494s
  278379    1.1505048e+04   0.000000e+00   1.098638e+05   1499s
  278889    1.1505048e+04   0.000000e+00   3.518182e+04   1504s
  279409    1.1505049e+04   0.000000e+00   7.424336e+04   1508s
  279879    1.1505049e+04   0.000000e+00   9.328586e+04   1513s
  280359    1.1505050e+04   0.000000e+00   2.139654e+05   1517s
  280829    1.1505050e+04   0.000000e+00   2.363952e+05   1522s
  281309    1.1505050e+04   0.000000e+00   8.361546e+04   1526s
  281859    1.1505051e+04   0.000000e+00   4.202777e+04   1531s
  282359    1.1505052e+04   0.000000e+00   7.215107e+04   1535s
  283399    1.1505052e+04   0.000000e+00   5.219838e+04   1544s
  283959    1.1505053e+04   0.000000e+00   5.285231e+04   1549s
  284529    1.1505054e+04   0.000000e+00   6.162858e+04   1554s
  285059    1.1505054e+04   0.000000e+00   9.875689e+04   1559s
  285549    1.1505055e+04   0.000000e+00   3.690002e+04   1563s
  286029    1.1505055e+04   0.000000e+00   2.385645e+04   1568s
  286499    1.1505055e+04   0.000000e+00   3.406183e+04   1572s
  286989    1.1505056e+04   0.000000e+00   1.232452e+05   1577s
  287449    1.1505056e+04   0.000000e+00   1.869835e+05   1582s
  287909    1.1505056e+04   0.000000e+00   1.945065e+04   1586s
  288359    1.1505057e+04   0.000000e+00   5.892758e+04   1591s
  288859    1.1505057e+04   0.000000e+00   7.667233e+04   1595s
  289779    1.1505058e+04   0.000000e+00   2.232020e+05   1604s
  290299    1.1505058e+04   0.000000e+00   6.355974e+04   1609s
  290789    1.1505059e+04   0.000000e+00   1.513897e+05   1614s
  291269    1.1505059e+04   0.000000e+00   3.232288e+04   1618s
  291809    1.1505060e+04   0.000000e+00   4.896020e+04   1623s
  292299    1.1505060e+04   0.000000e+00   1.432416e+05   1627s
  292759    1.1505061e+04   0.000000e+00   6.265967e+04   1632s
  293209    1.1505061e+04   0.000000e+00   7.550574e+04   1636s
  293649    1.1505061e+04   0.000000e+00   5.345758e+04   1641s
  294109    1.1505062e+04   0.000000e+00   9.042086e+04   1645s
  294569    1.1505062e+04   0.000000e+00   3.842285e+04   1650s
  295469    1.1505063e+04   0.000000e+00   3.887391e+04   1659s
  295929    1.1505063e+04   0.000000e+00   4.208278e+04   1663s
  296429    1.1505063e+04   0.000000e+00   2.736643e+04   1668s
  296899    1.1505064e+04   0.000000e+00   6.052841e+04   1673s
  297419    1.1505064e+04   0.000000e+00   2.799766e+04   1677s
  297939    1.1505065e+04   0.000000e+00   3.514407e+04   1682s
  298469    1.1505065e+04   0.000000e+00   1.836330e+04   1686s
  298969    1.1505065e+04   0.000000e+00   3.035615e+04   1691s
  299469    1.1505066e+04   0.000000e+00   4.035959e+04   1696s
  299939    1.1505066e+04   0.000000e+00   5.605589e+05   1700s
  300899    1.1505067e+04   0.000000e+00   3.198289e+04   1709s
  301389    1.1505067e+04   0.000000e+00   9.096767e+04   1714s
  301849    1.1505068e+04   0.000000e+00   7.149738e+04   1719s
  302349    1.1505068e+04   0.000000e+00   1.470886e+05   1723s
  302799    1.1505069e+04   0.000000e+00   1.136809e+05   1728s
  303289    1.1505069e+04   0.000000e+00   5.133263e+04   1732s
  303809    1.1505069e+04   0.000000e+00   1.074515e+05   1737s
  304309    1.1505070e+04   0.000000e+00   2.043084e+05   1741s
  304799    1.1505070e+04   0.000000e+00   5.714382e+04   1746s
  305309    1.1505071e+04   0.000000e+00   5.181831e+04   1751s
  305809    1.1505071e+04   0.000000e+00   1.428073e+05   1755s
  306819    1.1505072e+04   0.000000e+00   6.711671e+04   1765s
  307319    1.1505072e+04   0.000000e+00   1.681956e+04   1769s
  307839    1.1505072e+04   0.000000e+00   9.097485e+04   1774s
  308329    1.1505073e+04   0.000000e+00   9.038768e+04   1778s
  308789    1.1505073e+04   0.000000e+00   5.287022e+04   1783s
  309239    1.1505073e+04   0.000000e+00   4.337435e+04   1787s
  309659    1.1505074e+04   0.000000e+00   6.922453e+04   1792s
  310119    1.1505074e+04   0.000000e+00   4.602210e+04   1796s
  310599    1.1505075e+04   0.000000e+00   1.927618e+05   1801s
  311089    1.1505075e+04   0.000000e+00   3.950667e+05   1806s
  311599    1.1505075e+04   0.000000e+00   2.249383e+05   1810s
  312619    1.1505076e+04   0.000000e+00   9.654359e+04   1819s
  313139    1.1505076e+04   0.000000e+00   8.571046e+04   1824s
  313639    1.1505077e+04   0.000000e+00   2.831364e+04   1829s
  314149    1.1505077e+04   0.000000e+00   7.212229e+04   1833s
  314659    1.1505077e+04   0.000000e+00   4.274866e+04   1838s
  315129    1.1505078e+04   0.000000e+00   7.409255e+04   1842s
  315589    1.1505078e+04   0.000000e+00   4.586155e+04   1847s
  316019    1.1505078e+04   0.000000e+00   2.820623e+05   1851s
  316469    1.1505079e+04   0.000000e+00   1.100339e+05   1856s
  316899    1.1505079e+04   0.000000e+00   6.200816e+04   1860s
  317349    1.1505079e+04   0.000000e+00   3.160413e+04   1865s
  318229    1.1505080e+04   0.000000e+00   3.326654e+04   1874s
  318699    1.1505080e+04   0.000000e+00   1.143160e+05   1879s
  319149    1.1505081e+04   0.000000e+00   3.783793e+04   1883s
  319619    1.1505081e+04   0.000000e+00   7.955630e+04   1888s
  320069    1.1505081e+04   0.000000e+00   7.092599e+04   1892s
  320499    1.1505082e+04   0.000000e+00   4.222063e+04   1897s
  320949    1.1505082e+04   0.000000e+00   3.694363e+04   1901s
  321419    1.1505082e+04   0.000000e+00   3.416931e+04   1906s
  321889    1.1505083e+04   0.000000e+00   4.348104e+04   1910s
  322819    1.1505083e+04   0.000000e+00   6.777940e+04   1920s
  323329    1.1505083e+04   0.000000e+00   2.567178e+05   1924s
  323829    1.1505084e+04   0.000000e+00   1.399429e+05   1929s
  324279    1.1505084e+04   0.000000e+00   1.947702e+04   1933s
  324759    1.1505084e+04   0.000000e+00   8.695183e+04   1938s
  325229    1.1505085e+04   0.000000e+00   1.384418e+05   1942s
  325659    1.1505085e+04   0.000000e+00   5.686736e+04   1947s
  326119    1.1505085e+04   0.000000e+00   5.839634e+04   1951s
  326559    1.1505085e+04   0.000000e+00   5.304642e+04   1956s
  327009    1.1505086e+04   0.000000e+00   7.142993e+04   1961s
  327449    1.1505086e+04   0.000000e+00   4.690452e+04   1965s
  328379    1.1505087e+04   0.000000e+00   3.213520e+04   1974s
  328859    1.1505087e+04   0.000000e+00   4.266426e+04   1979s
  329349    1.1505087e+04   0.000000e+00   2.365070e+04   1983s
  329829    1.1505088e+04   0.000000e+00   5.559246e+04   1988s
  330339    1.1505088e+04   0.000000e+00   4.053681e+04   1992s
  330819    1.1505089e+04   0.000000e+00   1.293220e+05   1997s
  331279    1.1505089e+04   0.000000e+00   1.916977e+05   2001s
  331749    1.1505089e+04   0.000000e+00   2.045391e+05   2006s
  332209    1.1505089e+04   0.000000e+00   4.357699e+04   2011s
  332669    1.1505090e+04   0.000000e+00   2.724839e+04   2015s
  333569    1.1505090e+04   0.000000e+00   2.684853e+04   2024s
  334049    1.1505091e+04   0.000000e+00   6.939520e+04   2029s
  334509    1.1505091e+04   0.000000e+00   4.629310e+04   2033s
  334989    1.1505091e+04   0.000000e+00   3.005194e+04   2038s
  335509    1.1505091e+04   0.000000e+00   3.877492e+04   2043s
  335979    1.1505092e+04   0.000000e+00   1.217485e+04   2047s
  336449    1.1505092e+04   0.000000e+00   1.837629e+04   2052s
  336949    1.1505092e+04   0.000000e+00   1.512589e+04   2056s
  337399    1.1505093e+04   0.000000e+00   2.266975e+04   2061s
  337889    1.1505093e+04   0.000000e+00   8.375194e+04   2065s
  338789    1.1505093e+04   0.000000e+00   4.162870e+04   2074s
  339239    1.1505094e+04   0.000000e+00   2.895085e+04   2079s
  339739    1.1505094e+04   0.000000e+00   2.949376e+04   2083s
  340229    1.1505094e+04   0.000000e+00   2.235943e+04   2088s
  340699    1.1505095e+04   0.000000e+00   1.396386e+04   2092s
  341119    1.1505095e+04   0.000000e+00   3.261049e+04   2097s
  341549    1.1505095e+04   0.000000e+00   2.917789e+04   2101s
  342019    1.1505095e+04   0.000000e+00   3.052225e+04   2106s
  342479    1.1505096e+04   0.000000e+00   9.697381e+04   2110s
  343409    1.1505096e+04   0.000000e+00   3.298631e+04   2119s
  343879    1.1505097e+04   0.000000e+00   2.897716e+04   2124s
  344349    1.1505097e+04   0.000000e+00   3.564914e+04   2128s
  344799    1.1505097e+04   0.000000e+00   1.487245e+05   2133s
  345259    1.1505097e+04   0.000000e+00   6.082536e+04   2137s
  345689    1.1505097e+04   0.000000e+00   7.281613e+03   2142s
  346179    1.1505098e+04   0.000000e+00   9.269933e+04   2146s
  346649    1.1505098e+04   0.000000e+00   2.431417e+04   2151s
  347149    1.1505098e+04   0.000000e+00   6.224642e+04   2155s
  347639    1.1505098e+04   0.000000e+00   2.010243e+04   2160s
  348559    1.1505099e+04   0.000000e+00   1.652230e+04   2169s
  349039    1.1505099e+04   0.000000e+00   2.485537e+04   2174s
  349539    1.1505099e+04   0.000000e+00   2.732715e+04   2178s
  350079    1.1505100e+04   0.000000e+00   8.574474e+04   2183s
  350559    1.1505100e+04   0.000000e+00   3.016820e+04   2187s
  351029    1.1505100e+04   0.000000e+00   2.252597e+04   2192s
  351499    1.1505100e+04   0.000000e+00   1.683051e+05   2196s
  351969    1.1505101e+04   0.000000e+00   2.427499e+04   2201s
  352489    1.1505101e+04   0.000000e+00   1.357543e+05   2205s
  353409    1.1505101e+04   0.000000e+00   1.067221e+04   2214s
  353859    1.1505101e+04   0.000000e+00   3.088566e+04   2219s
  354299    1.1505102e+04   0.000000e+00   2.127846e+04   2223s
  354759    1.1505102e+04   0.000000e+00   4.877180e+05   2228s
  355209    1.1505102e+04   0.000000e+00   2.761184e+04   2232s
  355669    1.1505102e+04   0.000000e+00   4.858276e+04   2237s
  356129    1.1505103e+04   0.000000e+00   2.384160e+04   2241s
  356549    1.1505103e+04   0.000000e+00   1.464677e+04   2246s
  356999    1.1505103e+04   0.000000e+00   5.469801e+04   2250s
  357889    1.1505104e+04   0.000000e+00   1.444567e+04   2260s
  358359    1.1505104e+04   0.000000e+00   3.282657e+04   2264s
  358829    1.1505104e+04   0.000000e+00   3.450916e+04   2269s
  359309    1.1505104e+04   0.000000e+00   1.648488e+04   2273s
  359819    1.1505105e+04   0.000000e+00   1.099063e+05   2278s
  360289    1.1505105e+04   0.000000e+00   3.212800e+04   2282s
  360729    1.1505105e+04   0.000000e+00   1.747460e+04   2287s
  361149    1.1505105e+04   0.000000e+00   3.059704e+04   2291s
  361619    1.1505106e+04   0.000000e+00   2.254953e+05   2296s
  362079    1.1505106e+04   0.000000e+00   2.681244e+04   2300s
  362909    1.1505106e+04   0.000000e+00   1.484712e+04   2309s
  363319    1.1505107e+04   0.000000e+00   4.471240e+04   2313s
  363719    1.1505107e+04   0.000000e+00   1.683212e+04   2318s
  364129    1.1505107e+04   0.000000e+00   1.007158e+05   2322s
  364589    1.1505107e+04   0.000000e+00   2.398074e+04   2327s
  365039    1.1505107e+04   0.000000e+00   6.708615e+04   2331s
  365489    1.1505108e+04   0.000000e+00   2.251848e+04   2336s
  365939    1.1505108e+04   0.000000e+00   9.590127e+03   2340s
  366899    1.1505108e+04   0.000000e+00   7.205937e+04   2350s
  367379    1.1505109e+04   0.000000e+00   1.034667e+05   2354s
  367819    1.1505109e+04   0.000000e+00   2.871047e+04   2359s
  368279    1.1505109e+04   0.000000e+00   4.403714e+04   2363s
  368729    1.1505109e+04   0.000000e+00   6.314711e+04   2368s
  369229    1.1505109e+04   0.000000e+00   7.636743e+04   2372s
  369669    1.1505110e+04   0.000000e+00   1.409445e+05   2377s
  370149    1.1505110e+04   0.000000e+00   8.902024e+04   2381s
  370619    1.1505110e+04   0.000000e+00   1.748352e+04   2385s
  371509    1.1505111e+04   0.000000e+00   4.652068e+04   2394s
  371979    1.1505111e+04   0.000000e+00   1.884059e+04   2399s
  372439    1.1505111e+04   0.000000e+00   1.921969e+04   2403s
  372899    1.1505111e+04   0.000000e+00   4.116414e+04   2408s
  373309    1.1505111e+04   0.000000e+00   1.099103e+04   2412s
  373739    1.1505112e+04   0.000000e+00   1.888620e+04   2417s
  374149    1.1505112e+04   0.000000e+00   3.826014e+04   2421s
  374599    1.1505112e+04   0.000000e+00   2.558521e+04   2426s
  375059    1.1505112e+04   0.000000e+00   2.568378e+04   2430s
  375949    1.1505113e+04   0.000000e+00   5.033346e+04   2439s
  376379    1.1505113e+04   0.000000e+00   2.273996e+04   2444s
  376829    1.1505113e+04   0.000000e+00   1.319845e+04   2448s
  377279    1.1505114e+04   0.000000e+00   5.621314e+04   2452s
  377779    1.1505114e+04   0.000000e+00   1.083238e+04   2457s
  378259    1.1505114e+04   0.000000e+00   1.575315e+04   2462s
  378739    1.1505114e+04   0.000000e+00   3.110862e+04   2466s
  379189    1.1505114e+04   0.000000e+00   1.254369e+04   2470s
  380119    1.1505115e+04   0.000000e+00   2.539730e+04   2479s
  380619    1.1505115e+04   0.000000e+00   5.006013e+04   2484s
  381059    1.1505115e+04   0.000000e+00   1.809935e+04   2489s
  381499    1.1505116e+04   0.000000e+00   1.636329e+04   2493s
  381949    1.1505116e+04   0.000000e+00   2.493513e+04   2497s
  382419    1.1505116e+04   0.000000e+00   2.462229e+04   2502s
  382879    1.1505116e+04   0.000000e+00   3.106057e+04   2506s
  383299    1.1505117e+04   0.000000e+00   2.048988e+04   2511s
  383749    1.1505117e+04   0.000000e+00   1.540857e+04   2515s
  384649    1.1505117e+04   0.000000e+00   1.142661e+04   2524s
  385119    1.1505117e+04   0.000000e+00   2.325371e+04   2529s
  385569    1.1505118e+04   0.000000e+00   3.618975e+04   2533s
  386029    1.1505118e+04   0.000000e+00   2.188364e+04   2538s
  386499    1.1505118e+04   0.000000e+00   1.204823e+04   2542s
  386959    1.1505118e+04   0.000000e+00   1.222849e+04   2547s
  387459    1.1505118e+04   0.000000e+00   1.822752e+04   2552s
  387919    1.1505119e+04   0.000000e+00   1.422566e+04   2556s
  388389    1.1505119e+04   0.000000e+00   1.516451e+04   2560s
  389309    1.1505119e+04   0.000000e+00   3.402428e+04   2569s
  389799    1.1505119e+04   0.000000e+00   3.275379e+04   2574s
  390249    1.1505120e+04   0.000000e+00   4.208362e+04   2579s
  390669    1.1505120e+04   0.000000e+00   2.830837e+04   2583s
  391109    1.1505120e+04   0.000000e+00   1.268395e+04   2587s
  391589    1.1505120e+04   0.000000e+00   1.495055e+04   2592s
  392059    1.1505120e+04   0.000000e+00   8.431956e+03   2596s
  392509    1.1505120e+04   0.000000e+00   1.410568e+04   2601s
  392979    1.1505121e+04   0.000000e+00   7.259661e+04   2605s
  393919    1.1505121e+04   0.000000e+00   8.015895e+04   2615s
  394349    1.1505121e+04   0.000000e+00   1.203169e+04   2619s
  394809    1.1505121e+04   0.000000e+00   1.323049e+04   2623s
  395269    1.1505122e+04   0.000000e+00   2.092753e+04   2628s
  395709    1.1505122e+04   0.000000e+00   1.564980e+04   2632s
  396169    1.1505122e+04   0.000000e+00   2.320099e+04   2637s
  396639    1.1505122e+04   0.000000e+00   8.550325e+03   2641s
  397139    1.1505122e+04   0.000000e+00   1.251223e+04   2646s
  397619    1.1505123e+04   0.000000e+00   2.060195e+04   2650s
  398549    1.1505123e+04   0.000000e+00   1.600565e+04   2659s
  399029    1.1505123e+04   0.000000e+00   2.083943e+04   2664s
  399459    1.1505123e+04   0.000000e+00   1.096708e+04   2668s
  399889    1.1505123e+04   0.000000e+00   1.827229e+04   2672s
  400339    1.1505124e+04   0.000000e+00   1.792730e+04   2677s
  400799    1.1505124e+04   0.000000e+00   8.915299e+04   2681s
  401309    1.1505124e+04   0.000000e+00   1.930937e+04   2686s
  401819    1.1505124e+04   0.000000e+00   7.210948e+03   2690s
  402829    1.1505125e+04   0.000000e+00   1.492450e+04   2699s
  403279    1.1505125e+04   0.000000e+00   2.850096e+04   2704s
  403739    1.1505125e+04   0.000000e+00   1.386775e+04   2708s
  404229    1.1505125e+04   0.000000e+00   6.188673e+03   2713s
  404679    1.1505125e+04   0.000000e+00   8.224293e+03   2717s
  405139    1.1505125e+04   0.000000e+00   1.187828e+04   2721s
  405589    1.1505126e+04   0.000000e+00   1.330424e+04   2726s
  406029    1.1505126e+04   0.000000e+00   2.557981e+04   2730s
  406919    1.1505126e+04   0.000000e+00   4.753836e+04   2739s
  407369    1.1505126e+04   0.000000e+00   5.390598e+03   2744s
  407849    1.1505126e+04   0.000000e+00   7.390288e+03   2748s
  408339    1.1505127e+04   0.000000e+00   6.917700e+03   2753s
  408819    1.1505127e+04   0.000000e+00   4.924252e+04   2757s
  409319    1.1505127e+04   0.000000e+00   4.172967e+04   2762s
  409789    1.1505127e+04   0.000000e+00   4.441686e+04   2766s
  410269    1.1505127e+04   0.000000e+00   3.045258e+04   2771s
  410719    1.1505127e+04   0.000000e+00   1.480672e+04   2775s
  411599    1.1505128e+04   0.000000e+00   1.877556e+04   2784s
  412069    1.1505128e+04   0.000000e+00   7.718453e+03   2788s
  412489    1.1505128e+04   0.000000e+00   1.847601e+04   2793s
  412939    1.1505128e+04   0.000000e+00   1.713941e+04   2797s
  413369    1.1505128e+04   0.000000e+00   1.047377e+05   2802s
  413799    1.1505128e+04   0.000000e+00   1.708829e+04   2806s
  414259    1.1505128e+04   0.000000e+00   2.963065e+04   2811s
  414729    1.1505129e+04   0.000000e+00   1.781580e+04   2815s
  415629    1.1505129e+04   0.000000e+00   6.140294e+04   2824s
  416069    1.1505129e+04   0.000000e+00   2.005142e+04   2828s
  416499    1.1505129e+04   0.000000e+00   5.871492e+04   2833s
  416929    1.1505129e+04   0.000000e+00   7.950688e+03   2837s
  417389    1.1505129e+04   0.000000e+00   2.551490e+04   2842s
  417849    1.1505130e+04   0.000000e+00   2.057800e+04   2846s
  418309    1.1505130e+04   0.000000e+00   5.379441e+03   2850s
  419229    1.1505130e+04   0.000000e+00   2.028114e+04   2859s
  419709    1.1505130e+04   0.000000e+00   2.201729e+04   2864s
  420159    1.1505130e+04   0.000000e+00   8.657301e+03   2868s
  420629    1.1505130e+04   0.000000e+00   1.570301e+04   2873s
  421069    1.1505131e+04   0.000000e+00   3.690509e+03   2877s
  421509    1.1505131e+04   0.000000e+00   5.859868e+03   2881s
  421949    1.1505131e+04   0.000000e+00   1.254053e+04   2886s
  422399    1.1505131e+04   0.000000e+00   7.617875e+03   2890s
  423289    1.1505131e+04   0.000000e+00   1.146755e+04   2899s
  423719    1.1505131e+04   0.000000e+00   5.671280e+04   2904s
  424129    1.1505132e+04   0.000000e+00   2.449563e+04   2908s
  424549    1.1505132e+04   0.000000e+00   1.846713e+04   2912s
  425019    1.1505132e+04   0.000000e+00   1.150015e+04   2917s
  425499    1.1505132e+04   0.000000e+00   5.871809e+03   2921s
  425959    1.1505132e+04   0.000000e+00   1.441668e+04   2926s
  426389    1.1505132e+04   0.000000e+00   1.300878e+04   2930s
  427279    1.1505133e+04   0.000000e+00   1.614825e+04   2939s
  427739    1.1505133e+04   0.000000e+00   1.650822e+04   2944s
  428169    1.1505133e+04   0.000000e+00   6.979842e+03   2948s
  428619    1.1505133e+04   0.000000e+00   3.756040e+03   2953s
  429049    1.1505133e+04   0.000000e+00   1.443110e+04   2957s
  429499    1.1505133e+04   0.000000e+00   1.545902e+04   2961s
  429949    1.1505134e+04   0.000000e+00   9.099389e+04   2966s
  430399    1.1505134e+04   0.000000e+00   9.779890e+03   2970s
  431239    1.1505134e+04   0.000000e+00   1.123028e+04   2979s
  431669    1.1505134e+04   0.000000e+00   5.054012e+03   2983s
  432119    1.1505134e+04   0.000000e+00   3.544481e+03   2988s
  432579    1.1505134e+04   0.000000e+00   1.541154e+04   2992s
  433019    1.1505134e+04   0.000000e+00   4.560899e+03   2997s
  433449    1.1505134e+04   0.000000e+00   1.115650e+04   3001s
  433889    1.1505134e+04   0.000000e+00   9.538989e+03   3006s
  434749    1.1505135e+04   0.000000e+00   4.680847e+04   3014s
  435169    1.1505135e+04   0.000000e+00   1.165790e+04   3019s
  435639    1.1505135e+04   0.000000e+00   9.957528e+03   3023s
  436089    1.1505135e+04   0.000000e+00   2.819295e+04   3028s
  436499    1.1505135e+04   0.000000e+00   9.028894e+04   3032s
  436959    1.1505135e+04   0.000000e+00   8.516340e+03   3037s
  437429    1.1505135e+04   0.000000e+00   4.827186e+03   3041s
  437889    1.1505135e+04   0.000000e+00   1.517156e+04   3045s
  438779    1.1505136e+04   0.000000e+00   2.325409e+04   3054s
  439219    1.1505136e+04   0.000000e+00   2.592992e+04   3059s
  439629    1.1505136e+04   0.000000e+00   9.392321e+03   3063s
  440099    1.1505136e+04   0.000000e+00   8.558490e+03   3068s
  440539    1.1505136e+04   0.000000e+00   6.302705e+03   3072s
  440979    1.1505136e+04   0.000000e+00   4.180661e+04   3076s
  441419    1.1505136e+04   0.000000e+00   2.209474e+04   3081s
  441879    1.1505136e+04   0.000000e+00   3.854867e+03   3085s
  442849    1.1505137e+04   0.000000e+00   1.176732e+04   3094s
  443319    1.1505137e+04   0.000000e+00   6.113156e+03   3098s
  443769    1.1505137e+04   0.000000e+00   2.863774e+03   3103s
  444259    1.1505137e+04   0.000000e+00   1.870867e+04   3107s
  444729    1.1505137e+04   0.000000e+00   1.779929e+04   3112s
  445199    1.1505137e+04   0.000000e+00   2.097108e+04   3116s
  445679    1.1505137e+04   0.000000e+00   6.496162e+03   3121s
  446119    1.1505137e+04   0.000000e+00   8.817407e+03   3125s
  447009    1.1505138e+04   0.000000e+00   6.737328e+03   3134s
  447469    1.1505138e+04   0.000000e+00   1.952388e+04   3138s
  447909    1.1505138e+04   0.000000e+00   1.566020e+04   3143s
  448339    1.1505138e+04   0.000000e+00   1.043030e+04   3147s
  448819    1.1505138e+04   0.000000e+00   1.065227e+04   3151s
  449289    1.1505138e+04   0.000000e+00   1.524964e+04   3156s
  449729    1.1505138e+04   0.000000e+00   8.427892e+03   3160s
  450639    1.1505138e+04   0.000000e+00   5.290329e+03   3169s
  451099    1.1505139e+04   0.000000e+00   1.668717e+04   3173s
  451569    1.1505139e+04   0.000000e+00   3.256716e+03   3178s
  452039    1.1505139e+04   0.000000e+00   1.474011e+04   3182s
  452489    1.1505139e+04   0.000000e+00   1.195170e+04   3187s
  452949    1.1505139e+04   0.000000e+00   1.314327e+04   3191s
  453399    1.1505139e+04   0.000000e+00   4.504085e+03   3195s
  454319    1.1505139e+04   0.000000e+00   9.354224e+03   3204s
  454749    1.1505139e+04   0.000000e+00   3.879420e+03   3208s
  455199    1.1505139e+04   0.000000e+00   6.953267e+03   3213s
  455619    1.1505139e+04   0.000000e+00   6.410596e+03   3217s
  456059    1.1505139e+04   0.000000e+00   3.316464e+03   3222s
  456489    1.1505140e+04   0.000000e+00   1.662364e+04   3226s
  456929    1.1505140e+04   0.000000e+00   6.077158e+03   3230s
  457809    1.1505140e+04   0.000000e+00   1.889061e+04   3239s
  458229    1.1505140e+04   0.000000e+00   4.063031e+03   3243s
  458659    1.1505140e+04   0.000000e+00   2.570579e+04   3248s
  459079    1.1505140e+04   0.000000e+00   2.723839e+03   3252s
  459489    1.1505140e+04   0.000000e+00   5.583575e+03   3256s
  459919    1.1505140e+04   0.000000e+00   3.720933e+03   3261s
  460379    1.1505140e+04   0.000000e+00   1.050119e+04   3265s
  461259    1.1505140e+04   0.000000e+00   1.059953e+04   3274s
  461699    1.1505140e+04   0.000000e+00   4.536262e+03   3278s
  462119    1.1505141e+04   0.000000e+00   6.862467e+03   3283s
  462539    1.1505141e+04   0.000000e+00   8.427968e+03   3287s
  462959    1.1505141e+04   0.000000e+00   3.147643e+03   3291s
  463369    1.1505141e+04   0.000000e+00   2.350623e+03   3295s
  464239    1.1505141e+04   0.000000e+00   2.813826e+03   3304s
  464679    1.1505141e+04   0.000000e+00   1.817818e+03   3309s
  465159    1.1505141e+04   0.000000e+00   3.291658e+03   3313s
  465609    1.1505141e+04   0.000000e+00   4.369781e+04   3317s
  466039    1.1505141e+04   0.000000e+00   2.442741e+03   3322s
  466479    1.1505141e+04   0.000000e+00   5.672615e+03   3326s
  466919    1.1505141e+04   0.000000e+00   2.266127e+03   3331s
  467829    1.1505142e+04   0.000000e+00   6.877948e+03   3339s
  468279    1.1505142e+04   0.000000e+00   9.223009e+03   3344s
  468709    1.1505142e+04   0.000000e+00   3.764392e+03   3348s
  469159    1.1505142e+04   0.000000e+00   1.751092e+04   3353s
  469599    1.1505142e+04   0.000000e+00   2.504495e+03   3357s
  470019    1.1505142e+04   0.000000e+00   5.790026e+03   3361s
  470479    1.1505142e+04   0.000000e+00   5.552112e+03   3366s
  471409    1.1505142e+04   0.000000e+00   6.333822e+04   3374s
  471849    1.1505142e+04   0.000000e+00   1.462001e+04   3379s
  472279    1.1505142e+04   0.000000e+00   1.820685e+04   3383s
  472699    1.1505142e+04   0.000000e+00   2.365666e+03   3387s
  473129    1.1505142e+04   0.000000e+00   1.373165e+04   3392s
  473559    1.1505142e+04   0.000000e+00   2.718397e+03   3396s
  473999    1.1505143e+04   0.000000e+00   2.433666e+03   3400s
  474879    1.1505143e+04   0.000000e+00   1.375665e+03   3409s
  475309    1.1505143e+04   0.000000e+00   2.888814e+03   3413s
  475719    1.1505143e+04   0.000000e+00   4.731060e+03   3417s
  476149    1.1505143e+04   0.000000e+00   1.027699e+04   3422s
  476609    1.1505143e+04   0.000000e+00   2.558456e+03   3426s
  477059    1.1505143e+04   0.000000e+00   1.149435e+04   3430s
  477529    1.1505143e+04   0.000000e+00   6.092572e+03   3435s
  478459    1.1505143e+04   0.000000e+00   4.603995e+03   3444s
  478899    1.1505143e+04   0.000000e+00   3.040775e+03   3448s
  479329    1.1505143e+04   0.000000e+00   2.826675e+03   3452s
  479749    1.1505143e+04   0.000000e+00   1.095661e+04   3457s
  480179    1.1505143e+04   0.000000e+00   2.152745e+04   3461s
  480599    1.1505143e+04   0.000000e+00   1.213900e+03   3466s
  481469    1.1505144e+04   0.000000e+00   1.964372e+04   3474s
  481889    1.1505144e+04   0.000000e+00   6.461383e+03   3479s
  482289    1.1505144e+04   0.000000e+00   1.203232e+05   3483s
  482709    1.1505144e+04   0.000000e+00   2.159915e+03   3487s
  483109    1.1505144e+04   0.000000e+00   2.490036e+03   3491s
  483499    1.1505144e+04   0.000000e+00   1.057604e+04   3495s
  484359    1.1505144e+04   0.000000e+00   2.934746e+03   3504s
  484769    1.1505144e+04   0.000000e+00   2.605755e+03   3508s
  485189    1.1505144e+04   0.000000e+00   2.783113e+03   3513s
  485609    1.1505144e+04   0.000000e+00   1.700715e+03   3517s
  486019    1.1505144e+04   0.000000e+00   7.058397e+02   3521s
  486459    1.1505144e+04   0.000000e+00   2.274670e+03   3526s
  487299    1.1505144e+04   0.000000e+00   2.302540e+03   3534s
  487709    1.1505144e+04   0.000000e+00   1.751602e+03   3538s
  488169    1.1505144e+04   0.000000e+00   3.901528e+04   3543s
  488599    1.1505144e+04   0.000000e+00   3.128534e+03   3547s
  489039    1.1505144e+04   0.000000e+00   2.527245e+03   3551s
  489469    1.1505145e+04   0.000000e+00   1.281373e+03   3555s
  490299    1.1505145e+04   0.000000e+00   7.061313e+02   3564s
  490749    1.1505145e+04   0.000000e+00   7.129245e+03   3568s
  491169    1.1505145e+04   0.000000e+00   1.156248e+04   3573s
  491589    1.1505145e+04   0.000000e+00   1.371127e+03   3577s
  491999    1.1505145e+04   0.000000e+00   2.092852e+03   3581s
  492399    1.1505145e+04   0.000000e+00   1.658383e+03   3585s
  493209    1.1505145e+04   0.000000e+00   5.226645e+03   3594s
  493599    1.1505145e+04   0.000000e+00   7.997713e+02   3598s
  493989    1.1505145e+04   0.000000e+00   9.472356e+02   3602s
  494369    1.1505145e+04   0.000000e+00   9.322353e+02   3607s
  494769    1.1505145e+04   0.000000e+00   1.175403e+03   3611s
  495159    1.1505145e+04   0.000000e+00   2.553633e+03   3615s
  495939    1.1505145e+04   0.000000e+00   5.490683e+02   3624s
  496349    1.1505145e+04   0.000000e+00   4.548373e+03   3628s
  496779    1.1505145e+04   0.000000e+00   2.473794e+03   3632s
  497199    1.1505145e+04   0.000000e+00   1.584332e+03   3637s
  497639    1.1505145e+04   0.000000e+00   9.274711e+02   3641s
  498079    1.1505145e+04   0.000000e+00   2.278746e+03   3645s
  498939    1.1505145e+04   0.000000e+00   1.013554e+03   3654s
  499369    1.1505145e+04   0.000000e+00   1.467542e+03   3658s
  499809    1.1505145e+04   0.000000e+00   5.451214e+02   3663s
  500269    1.1505146e+04   0.000000e+00   4.474513e+02   3667s
  500719    1.1505146e+04   0.000000e+00   1.951031e+03   3671s
  501139    1.1505146e+04   0.000000e+00   1.683624e+03   3676s
  501979    1.1505146e+04   0.000000e+00   1.094281e+04   3684s
  502419    1.1505146e+04   0.000000e+00   6.881372e+02   3689s
  502839    1.1505146e+04   0.000000e+00   9.418285e+02   3693s
  503239    1.1505146e+04   0.000000e+00   6.647601e+02   3697s
  503669    1.1505146e+04   0.000000e+00   9.009002e+02   3702s
  504089    1.1505146e+04   0.000000e+00   3.696531e+02   3706s
  504499    1.1505146e+04   0.000000e+00   5.405282e+02   3710s
  505289    1.1505146e+04   0.000000e+00   1.866905e+03   3719s
  505689    1.1505146e+04   0.000000e+00   1.336547e+03   3723s
  506109    1.1505146e+04   0.000000e+00   2.157764e+04   3727s
  506519    1.1505146e+04   0.000000e+00   5.574587e+02   3731s
  506939    1.1505146e+04   0.000000e+00   4.636911e+03   3736s
  507819    1.1505146e+04   0.000000e+00   5.742466e+03   3744s
  508239    1.1505146e+04   0.000000e+00   1.763882e+03   3748s
  508669    1.1505146e+04   0.000000e+00   1.997709e+03   3753s
  509109    1.1505146e+04   0.000000e+00   7.066776e+02   3757s
  509559    1.1505146e+04   0.000000e+00   5.385788e+03   3761s
  510019    1.1505146e+04   0.000000e+00   4.286617e+02   3766s
  510459    1.1505146e+04   0.000000e+00   7.369622e+02   3770s
  511289    1.1505146e+04   0.000000e+00   1.817199e+03   3779s
  511699    1.1505146e+04   0.000000e+00   7.406476e+02   3783s
  512119    1.1505146e+04   0.000000e+00   1.960804e+03   3787s
  512539    1.1505146e+04   0.000000e+00   1.773482e+03   3792s
  512949    1.1505146e+04   0.000000e+00   1.420904e+04   3796s
  513359    1.1505146e+04   0.000000e+00   3.768473e+02   3800s
  514199    1.1505147e+04   0.000000e+00   1.910687e+03   3809s
  514589    1.1505147e+04   0.000000e+00   3.388493e+02   3813s
  514989    1.1505147e+04   0.000000e+00   5.319032e+02   3817s
  515409    1.1505147e+04   0.000000e+00   5.737157e+02   3822s
  515819    1.1505147e+04   0.000000e+00   9.626448e+02   3826s
  516629    1.1505147e+04   0.000000e+00   7.687393e+02   3834s
  517049    1.1505147e+04   0.000000e+00   3.810531e+02   3839s
  517459    1.1505147e+04   0.000000e+00   5.849892e+02   3843s
  517869    1.1505147e+04   0.000000e+00   2.972018e+02   3847s
  518269    1.1505147e+04   0.000000e+00   2.348717e+02   3851s
  518679    1.1505147e+04   0.000000e+00   1.968795e+02   3856s
  519519    1.1505147e+04   0.000000e+00   1.484213e+03   3864s
  519929    1.1505147e+04   0.000000e+00   3.542351e+02   3869s
  520349    1.1505147e+04   0.000000e+00   3.663195e+02   3873s
  520769    1.1505147e+04   0.000000e+00   5.141044e+02   3877s
  521179    1.1505147e+04   0.000000e+00   1.710717e+02   3881s
  521609    1.1505147e+04   0.000000e+00   1.852858e+02   3886s
  522419    1.1505147e+04   0.000000e+00   2.978503e+02   3894s
  522809    1.1505147e+04   0.000000e+00   1.493255e+02   3898s
  523229    1.1505147e+04   0.000000e+00   4.055609e+02   3902s
  523639    1.1505147e+04   0.000000e+00   5.308342e+02   3907s
  524079    1.1505147e+04   0.000000e+00   6.618517e+02   3911s
  524499    1.1505147e+04   0.000000e+00   1.545012e+02   3915s
  525389    1.1505147e+04   0.000000e+00   6.523688e+02   3924s
  525849    1.1505147e+04   0.000000e+00   1.183318e+02   3928s
  526259    1.1505147e+04   0.000000e+00   7.894110e+01   3933s
  526709    1.1505147e+04   0.000000e+00   2.074327e+02   3937s
  527109    1.1505147e+04   0.000000e+00   1.457499e+02   3941s
  527509    1.1505147e+04   0.000000e+00   5.562641e+02   3945s
  528299    1.1505147e+04   0.000000e+00   2.554849e+02   3954s
  528679    1.1505147e+04   0.000000e+00   3.787178e+03   3958s
  529069    1.1505147e+04   0.000000e+00   1.217218e+02   3962s
  529449    1.1505147e+04   0.000000e+00   2.087695e+02   3966s
  529829    1.1505147e+04   0.000000e+00   5.550506e+02   3970s
  530609    1.1505147e+04   0.000000e+00   2.432579e+02   3979s
  531019    1.1505147e+04   0.000000e+00   8.925348e+01   3983s
  531439    1.1505147e+04   0.000000e+00   3.325024e+03   3987s
  531889    1.1505147e+04   0.000000e+00   2.980273e+02   3991s
  532309    1.1505147e+04   0.000000e+00   4.405024e+02   3995s
  533099    1.1505147e+04   0.000000e+00   1.774429e+02   4004s
  533499    1.1505147e+04   0.000000e+00   4.659728e+01   4008s
  533909    1.1505147e+04   0.000000e+00   2.454256e+03   4012s
  534339    1.1505147e+04   0.000000e+00   5.385508e+01   4016s
  534749    1.1505147e+04   0.000000e+00   5.130206e+01   4020s
  535549    1.1505147e+04   0.000000e+00   3.800634e+02   4028s
  535959    1.1505147e+04   0.000000e+00   3.248753e+01   4033s
  536429    1.1505147e+04   0.000000e+00   6.930985e+01   4037s
  536849    1.1505147e+04   0.000000e+00   3.810728e+02   4041s
  537749    1.1505147e+04   0.000000e+00   4.705071e+01   4049s
  538149    1.1505147e+04   0.000000e+00   1.956368e+02   4053s
  538579    1.1505147e+04   0.000000e+00   2.289301e+01   4057s
  539019    1.1505147e+04   0.000000e+00   3.344711e+01   4061s
  539479    1.1505147e+04   0.000000e+00   3.151966e+01   4065s
  540339    1.1505147e+04   0.000000e+00   6.339457e+01   4074s
  540719    1.1505147e+04   0.000000e+00   6.165224e+01   4078s
  541089    1.1505147e+04   0.000000e+00   1.094108e+02   4082s
  541499    1.1505147e+04   0.000000e+00   4.849340e+01   4086s
  542249    1.1505147e+04   0.000000e+00   2.636572e+01   4094s
  542599    1.1505147e+04   0.000000e+00   6.801144e+02   4098s
  542979    1.1505147e+04   0.000000e+00   2.987750e+01   4102s
  543339    1.1505147e+04   0.000000e+00   1.426628e+01   4106s
  544069    1.1505147e+04   0.000000e+00   2.835213e+01   4114s
  544459    1.1505147e+04   0.000000e+00   1.288656e+01   4117s
  544859    1.1505147e+04   0.000000e+00   6.158428e+01   4121s
  545249    1.1505147e+04   0.000000e+00   1.352343e+01   4125s
  546029    1.1505147e+04   0.000000e+00   2.711718e+01   4133s
  546409    1.1505147e+04   0.000000e+00   1.081177e+02   4137s
  546789    1.1505147e+04   0.000000e+00   3.772574e+01   4141s
  547189    1.1505147e+04   0.000000e+00   3.188111e+01   4145s
  547999    1.1505147e+04   0.000000e+00   2.759238e+01   4153s
  548469    1.1505147e+04   0.000000e+00   1.207828e+01   4157s
  548979    1.1505147e+04   0.000000e+00   1.879230e+00   4160s
  549969    1.1505147e+04   0.000000e+00   6.800000e-02   4167s
  550479    1.1505147e+04   0.000000e+00   1.889800e-01   4171s
  551269    1.1505147e+04   0.000000e+00   7.171701e-02   4177s
Extra simplex iterations after uncrush: 503560
  551316    1.1503619e+04   0.000000e+00   0.000000e+00   4178s

Solved in 551316 iterations and 4178.25 seconds (6818.57 work units)
Optimal objective  1.150361947e+04
