
Gurobi 10.0.1 (linux64) logging started Mon Mar 10 21:39:27 2025

Set parameter LogFile to value "Results/Conservative_experiment/c1_0.60_c2_0.50.log"
Set parameter TimeLimit to value 36000
Gurobi Optimizer version 10.0.1 build v10.0.1rc0 (linux64)

CPU model: AMD EPYC 9654 96-Core Processor, instruction set [SSE2|AVX|AVX2|AVX512]
Thread count: 192 physical cores, 192 logical processors, using up to 32 threads

Academic license 656792 - for non-commercial use only - registered to b.___@student.vu.nl
Optimize a model with 1498050 rows, 1622512 columns and 5976640 nonzeros
Model fingerprint: 0x59a532eb
Coefficient statistics:
  Matrix range     [5e-01, 1e+00]
  Objective range  [6e-02, 5e+00]
  Bounds range     [0e+00, 0e+00]
  RHS range        [1e-02, 1e+03]
Presolve removed 955510 rows and 878809 columns (presolve time = 5s) ...
Presolve removed 955510 rows and 878809 columns
Presolve time: 5.21s
Presolved: 542540 rows, 743703 columns, 2508755 nonzeros

Concurrent LP optimizer: primal simplex, dual simplex, and barrier
Showing barrier log only...

Ordering time: 1.53s

Barrier statistics:
 AA' NZ     : 1.721e+06
 Factor NZ  : 1.393e+07 (roughly 250 MB of memory)
 Factor Ops : 7.897e+09 (less than 1 second per iteration)
 Threads    : 30

                  Objective                Residual
Iter       Primal          Dual         Primal    Dual     Compl     Time
   0  -1.23317926e+07  1.20774144e+08  9.86e+05 8.52e+01  2.40e+04     8s
   1  -1.08255470e+07  1.01763576e+08  4.37e+05 1.02e+02  9.77e+03     8s
   2  -1.40089381e+07  7.22134986e+07  8.71e+04 4.58e+01  2.55e+03     9s
   3  -3.44734483e+07  7.01406476e+07  3.67e+04 4.56e+01  1.76e+03     9s
   4  -4.42632789e+07  1.15770269e+07  1.30e+04 4.29e+00  3.93e+02     9s
   5  -2.19254701e+07  3.69706062e+06  5.18e+03 8.14e-01  1.43e+02     9s
   6  -1.13144196e+07  1.37316720e+06  2.31e+03 1.12e-01  6.12e+01     9s
   7  -1.87700724e+06  7.07521977e+05  3.55e+02 2.54e-02  1.11e+01    10s
   8  -5.28174984e+05  3.18613818e+05  1.05e+02 5.90e-04  3.42e+00    10s
   9  -1.83937773e+05  2.12611775e+05  4.00e+01 2.05e-12  1.51e+00    10s
  10  -7.11616593e+04  1.29650344e+05  2.14e+01 1.80e-12  7.59e-01    10s
  11  -2.96507093e+04  1.08143871e+05  1.43e+01 1.56e-12  5.10e-01    10s
  12  -2.05375145e+04  9.02563304e+04  1.26e+01 1.56e-12  4.08e-01    10s
  13  -6.54794003e+03  6.23091438e+04  7.55e+00 1.25e-12  2.38e-01    10s
  14   3.64727591e+03  3.58576663e+04  2.76e+00 1.56e-12  1.02e-01    10s
  15   6.96087789e+03  2.97041258e+04  1.51e+00 1.30e-12  7.01e-02    11s
  16   7.45300462e+03  2.55919259e+04  1.36e+00 1.51e-12  5.58e-02    11s
  17   9.04692921e+03  1.84352318e+04  8.79e-01 1.40e-12  2.87e-02    11s
  18   9.63572961e+03  1.75110742e+04  6.61e-01 1.77e-12  2.39e-02    11s
  19   9.98262776e+03  1.58525353e+04  5.34e-01 1.88e-12  1.78e-02    11s
  20   1.08166103e+04  1.36377307e+04  2.16e-01 1.93e-12  8.47e-03    11s
  21   1.10929892e+04  1.28077725e+04  1.23e-01 1.44e-12  5.13e-03    12s
  22   1.11960476e+04  1.23971005e+04  9.07e-02 2.07e-12  3.60e-03    12s
  23   1.13325489e+04  1.20511125e+04  4.87e-02 1.81e-12  2.14e-03    12s
  24   1.13555102e+04  1.19753924e+04  4.27e-02 2.08e-12  1.85e-03    12s
  25   1.13815951e+04  1.19038303e+04  3.68e-02 1.97e-12  1.56e-03    12s
  26   1.14243578e+04  1.18513575e+04  2.92e-02 2.51e-12  1.27e-03    12s
  27   1.14707768e+04  1.18276177e+04  2.41e-02 2.21e-12  1.06e-03    12s
  28   1.14854470e+04  1.18113934e+04  2.19e-02 1.59e-12  9.72e-04    13s
  29   1.15044925e+04  1.17576256e+04  1.79e-02 2.09e-12  7.56e-04    13s
  30   1.15286066e+04  1.17347851e+04  1.38e-02 1.65e-12  6.15e-04    13s
  31   1.15423806e+04  1.17179677e+04  1.10e-02 1.68e-12  5.23e-04    13s
  32   1.15500259e+04  1.17030383e+04  9.84e-03 1.87e-12  4.56e-04    13s
  33   1.15706415e+04  1.16845113e+04  6.21e-03 2.03e-12  3.38e-04    14s
  34   1.15755893e+04  1.16792709e+04  5.77e-03 1.97e-12  3.08e-04    14s
  35   1.15789748e+04  1.16720589e+04  5.14e-03 1.81e-12  2.76e-04    14s
  36   1.15845018e+04  1.16587423e+04  4.34e-03 2.23e-12  2.21e-04    14s
  37   1.15885317e+04  1.16514482e+04  3.53e-03 2.55e-12  1.87e-04    14s
  38   1.15917185e+04  1.16499698e+04  3.19e-03 2.27e-12  1.73e-04    15s
  39   1.15931551e+04  1.16457548e+04  2.69e-03 2.85e-12  1.56e-04    15s
  40   1.15948166e+04  1.16404247e+04  2.42e-03 2.34e-12  1.35e-04    15s
  41   1.15963618e+04  1.16378727e+04  2.19e-03 2.32e-12  1.23e-04    15s
  42   1.15978785e+04  1.16355232e+04  1.98e-03 2.18e-12  1.12e-04    16s
  43   1.15999269e+04  1.16329997e+04  1.65e-03 2.04e-12  9.81e-05    16s
  44   1.16012720e+04  1.16307183e+04  1.49e-03 2.32e-12  8.73e-05    16s
  45   1.16022519e+04  1.16289794e+04  1.39e-03 2.56e-12  7.93e-05    16s
  46   1.16051438e+04  1.16270403e+04  1.15e-03 2.03e-12  6.50e-05    16s
  47   1.16090580e+04  1.16255670e+04  8.22e-04 2.11e-12  4.90e-05    17s
  48   1.16143904e+04  1.16237813e+04  3.62e-04 1.88e-12  2.77e-05    17s
  49   1.16162378e+04  1.16209846e+04  1.74e-04 1.61e-12  1.40e-05    17s
  50   1.16173426e+04  1.16193611e+04  8.04e-05 1.29e-12  5.97e-06    17s
  51   1.16181013e+04  1.16184607e+04  1.42e-05 2.06e-12  1.06e-06    18s
  52   1.16182253e+04  1.16184064e+04  3.59e-06 1.71e-12  5.31e-07    18s
  53   1.16182360e+04  1.16183477e+04  2.85e-06 1.88e-12  3.29e-07    18s
  54   1.16182673e+04  1.16183036e+04  5.26e-07 2.07e-12  1.06e-07    18s
  55   1.16182745e+04  1.16182864e+04  5.44e-08 3.29e-12  3.47e-08    18s
  56   1.16182764e+04  1.16182764e+04  2.60e-10 3.05e-12  2.56e-11    18s

Barrier solved model in 56 iterations and 18.13 seconds (14.83 work units)
Optimal objective 1.16182764e+04

Crossover log...

   77675 DPushes remaining with DInf 0.0000000e+00                18s
       0 DPushes remaining with DInf 0.0000000e+00                19s

   51998 PPushes remaining with PInf 0.0000000e+00                19s
       0 PPushes remaining with PInf 0.0000000e+00                19s

  Push phase complete: Pinf 0.0000000e+00, Dinf 1.9797455e-11     19s


Solved with barrier
Iteration    Objective       Primal Inf.    Dual Inf.      Time
   97824    1.1618323e+04   0.000000e+00   7.377780e+01     20s
Extra simplex iterations after uncrush: 3414
   99408    1.1618276e+04   0.000000e+00   0.000000e+00     21s

Use crossover to convert LP symmetric solution to basic solution...
Crossover log...

   42334 DPushes remaining with DInf 0.0000000e+00                22s
       0 DPushes remaining with DInf 0.0000000e+00                23s

    4591 PPushes remaining with PInf 0.0000000e+00                23s
       0 PPushes remaining with PInf 0.0000000e+00                23s

  Push phase complete: Pinf 0.0000000e+00, Dinf 7.0416752e-13     23s

Iteration    Objective       Primal Inf.    Dual Inf.      Time
  149442    1.1618277e+04   0.000000e+00   2.528230e+01     26s
  151248    1.1618277e+04   0.000000e+00   4.085134e-01     31s
  152300    1.1618277e+04   0.000000e+00   7.406250e-02     35s
Extra simplex iterations after uncrush: 6018
  152335    1.1618276e+04   0.000000e+00   0.000000e+00     36s

Solved in 152335 iterations and 35.91 seconds (54.23 work units)
Optimal objective  1.161827643e+04
