
Gurobi 10.0.1 (linux64) logging started Mon Mar 10 21:47:03 2025

Set parameter LogFile to value "Results/Conservative_experiment/c1_0.90_c2_0.20.log"
Set parameter TimeLimit to value 36000
Gurobi Optimizer version 10.0.1 build v10.0.1rc0 (linux64)

CPU model: AMD EPYC 9654 96-Core Processor, instruction set [SSE2|AVX|AVX2|AVX512]
Thread count: 192 physical cores, 192 logical processors, using up to 32 threads

Academic license 656792 - for non-commercial use only - registered to b.___@student.vu.nl
Optimize a model with 1498050 rows, 1622512 columns and 5976640 nonzeros
Model fingerprint: 0x70f2531c
Coefficient statistics:
  Matrix range     [2e-01, 1e+00]
  Objective range  [6e-02, 5e+00]
  Bounds range     [0e+00, 0e+00]
  RHS range        [1e-02, 1e+03]
Presolve removed 955510 rows and 878809 columns (presolve time = 5s) ...
Presolve removed 955510 rows and 878809 columns
Presolve time: 5.18s
Presolved: 542540 rows, 743703 columns, 2508755 nonzeros

Concurrent LP optimizer: primal simplex, dual simplex, and barrier
Showing barrier log only...

Ordering time: 1.38s

Barrier statistics:
 AA' NZ     : 1.721e+06
 Factor NZ  : 1.393e+07 (roughly 250 MB of memory)
 Factor Ops : 7.897e+09 (less than 1 second per iteration)
 Threads    : 30

                  Objective                Residual
Iter       Primal          Dual         Primal    Dual     Compl     Time
   0  -1.23966561e+07  1.39501655e+08  9.29e+05 1.21e+02  2.81e+04     8s
   1  -1.10725763e+07  1.23607742e+08  4.23e+05 2.25e+02  1.34e+04     8s
   2  -1.16370502e+07  8.04832253e+07  1.31e+05 5.39e+01  4.11e+03     8s
   3  -2.63284308e+07  7.02027661e+07  3.71e+04 4.52e+01  1.81e+03     9s
   4  -4.77886050e+07  1.45188390e+07  1.29e+04 4.19e+00  4.75e+02     9s
   5  -2.23064336e+07  5.21288723e+06  4.68e+03 7.53e-01  1.67e+02     9s
   6  -1.09673336e+07  3.52038518e+06  1.97e+03 2.73e-01  7.91e+01     9s
   7  -4.17804936e+06  1.99802182e+06  6.32e+02 1.24e-01  2.96e+01     9s
   8  -8.21721742e+05  1.37295400e+06  8.74e+01 7.37e-02  8.85e+00     9s
   9  -1.00102230e+05  3.32884614e+05  8.22e+00 5.44e-03  1.56e+00     9s
  10  -3.68455239e+04  1.72026634e+05  4.03e+00 1.45e-03  7.27e-01     9s
  11  -2.27911504e+04  1.21342653e+05  2.90e+00 4.03e-04  4.91e-01    10s
  12  -1.13653912e+04  6.26417464e+04  1.86e+00 3.18e-12  2.43e-01    10s
  13  -2.70869281e+03  4.18956154e+04  1.08e+00 2.77e-12  1.42e-01    10s
  14  -2.21223405e+03  4.09202495e+04  1.04e+00 2.95e-12  1.37e-01    10s
  15   5.55483737e+03  2.36500258e+04  3.52e-01 3.63e-12  5.55e-02    10s
  16   5.96640048e+03  2.17975619e+04  3.26e-01 3.30e-12  4.84e-02    10s
  17   8.32948390e+03  1.74814201e+04  1.78e-01 3.21e-12  2.76e-02    10s
  18   9.20878468e+03  1.52756791e+04  1.25e-01 2.54e-12  1.82e-02    11s
  19   9.86965322e+03  1.36983549e+04  8.75e-02 2.83e-12  1.14e-02    11s
  20   1.08596492e+04  1.26016325e+04  3.25e-02 3.59e-12  5.16e-03    11s
  21   1.10856312e+04  1.21997035e+04  2.08e-02 4.94e-12  3.29e-03    11s
  22   1.12471127e+04  1.20494012e+04  1.31e-02 6.88e-12  2.37e-03    11s
  23   1.12971031e+04  1.19155908e+04  1.06e-02 5.48e-12  1.83e-03    11s
  24   1.13153331e+04  1.18739255e+04  9.88e-03 5.22e-12  1.65e-03    11s
  25   1.13863393e+04  1.18416224e+04  7.68e-03 4.93e-12  1.34e-03    12s
  26   1.14232323e+04  1.17838458e+04  6.58e-03 5.55e-12  1.06e-03    12s
  27   1.14874490e+04  1.17376085e+04  4.30e-03 5.08e-12  7.38e-04    12s
  28   1.15390733e+04  1.17012679e+04  2.08e-03 7.03e-12  4.77e-04    12s
  29   1.15486167e+04  1.16833496e+04  1.73e-03 4.29e-12  3.96e-04    12s
  30   1.15632158e+04  1.16757369e+04  1.25e-03 5.20e-12  3.31e-04    13s
  31   1.15733530e+04  1.16553605e+04  9.59e-04 4.81e-12  2.41e-04    13s
  32   1.15839287e+04  1.16491689e+04  7.25e-04 8.16e-12  1.92e-04    13s
  33   1.15851355e+04  1.16368012e+04  6.83e-04 4.09e-12  1.52e-04    13s
  34   1.15854653e+04  1.16356262e+04  6.73e-04 8.09e-12  1.48e-04    13s
  35   1.15930650e+04  1.16331539e+04  3.96e-04 6.47e-12  1.18e-04    14s
  36   1.15955806e+04  1.16219286e+04  3.03e-04 5.33e-12  7.74e-05    14s
  37   1.15984808e+04  1.16199723e+04  2.17e-04 6.14e-12  6.31e-05    14s
  38   1.16010696e+04  1.16167493e+04  1.55e-04 7.39e-12  4.60e-05    14s
  39   1.16013673e+04  1.16152043e+04  1.39e-04 4.56e-12  4.06e-05    15s
  40   1.16030365e+04  1.16139876e+04  8.41e-05 5.58e-12  3.21e-05    15s
  41   1.16034624e+04  1.16129393e+04  7.41e-05 4.23e-12  2.78e-05    15s
  42   1.16037062e+04  1.16124602e+04  6.65e-05 7.58e-12  2.57e-05    15s
  43   1.16044720e+04  1.16106767e+04  5.33e-05 7.28e-12  1.82e-05    15s
  44   1.16061866e+04  1.16099260e+04  2.56e-05 8.00e-12  1.10e-05    16s
  45   1.16076201e+04  1.16096119e+04  4.40e-06 4.26e-12  5.83e-06    16s
  46   1.16079547e+04  1.16090347e+04  1.31e-06 5.55e-12  3.16e-06    16s
  47   1.16080571e+04  1.16088916e+04  6.56e-07 8.63e-12  2.44e-06    16s
  48   1.16080778e+04  1.16087429e+04  5.22e-07 8.50e-12  1.94e-06    16s
  49   1.16081518e+04  1.16085249e+04  5.67e-08 1.12e-11  1.09e-06    16s
  50   1.16081618e+04  1.16082954e+04  3.71e-08 3.61e-11  3.91e-07    17s
  51   1.16081874e+04  1.16082438e+04  2.40e-09 4.64e-11  1.65e-07    17s
  52   1.16081897e+04  1.16081954e+04  7.09e-10 1.41e-10  1.68e-08    17s
  53   1.16081910e+04  1.16081910e+04  1.15e-09 8.73e-11  1.67e-10    17s

Barrier solved model in 53 iterations and 17.03 seconds (14.24 work units)
Optimal objective 1.16081910e+04

Crossover log...

   88492 DPushes remaining with DInf 0.0000000e+00                17s
       0 DPushes remaining with DInf 0.0000000e+00                18s

    2665 PPushes remaining with PInf 0.0000000e+00                18s
       0 PPushes remaining with PInf 0.0000000e+00                18s

  Push phase complete: Pinf 0.0000000e+00, Dinf 2.9760023e-11     18s


Solved with barrier
Extra simplex iterations after uncrush: 2466
Iteration    Objective       Primal Inf.    Dual Inf.      Time
   47271    1.1608191e+04   0.000000e+00   0.000000e+00     20s

Use crossover to convert LP symmetric solution to basic solution...
Crossover log...

    5879 DPushes remaining with DInf 0.0000000e+00                21s
       0 DPushes remaining with DInf 0.0000000e+00                21s

    2922 PPushes remaining with PInf 0.0000000e+00                21s
       0 PPushes remaining with PInf 0.0000000e+00                21s

  Push phase complete: Pinf 0.0000000e+00, Dinf 1.2562981e-12     21s

Iteration    Objective       Primal Inf.    Dual Inf.      Time
   60028    1.1608244e+04   0.000000e+00   5.719894e+04     25s
   62436    1.1608259e+04   0.000000e+00   5.940713e+04     30s
   64844    1.1608268e+04   0.000000e+00   2.052525e+04     36s
   66650    1.1608274e+04   0.000000e+00   9.870235e+03     40s
   68456    1.1608279e+04   0.000000e+00   1.246713e+04     45s
   70262    1.1608283e+04   0.000000e+00   1.072967e+04     50s
   72068    1.1608287e+04   0.000000e+00   7.087708e+04     55s
   73874    1.1608291e+04   0.000000e+00   2.928984e+04     61s
   75680    1.1608294e+04   0.000000e+00   9.779206e+03     66s
   77486    1.1608296e+04   0.000000e+00   2.557785e+04     72s
   78690    1.1608297e+04   0.000000e+00   7.318611e+03     76s
   80496    1.1608299e+04   0.000000e+00   1.503000e+04     81s
   82302    1.1608300e+04   0.000000e+00   1.994873e+04     87s
   83506    1.1608301e+04   0.000000e+00   2.488856e+03     91s
   85312    1.1608302e+04   0.000000e+00   5.114058e+04     96s
   87118    1.1608303e+04   0.000000e+00   4.638445e+03    101s
   88924    1.1608304e+04   0.000000e+00   9.967976e+02    107s
   90730    1.1608305e+04   0.000000e+00   7.577340e+03    112s
   91934    1.1608306e+04   0.000000e+00   2.431692e+04    116s
   93740    1.1608306e+04   0.000000e+00   3.431387e+03    120s
   95546    1.1608307e+04   0.000000e+00   3.004098e+03    126s
   96750    1.1608307e+04   0.000000e+00   5.669650e+03    130s
   98556    1.1608307e+04   0.000000e+00   3.657149e+03    137s
   99760    1.1608307e+04   0.000000e+00   1.345133e+03    142s
  100964    1.1608308e+04   0.000000e+00   1.520144e+03    145s
  102770    1.1608308e+04   0.000000e+00   8.419875e+02    151s
  103974    1.1608308e+04   0.000000e+00   6.181686e+02    155s
  105178    1.1608308e+04   0.000000e+00   5.002059e+02    160s
  106984    1.1608308e+04   0.000000e+00   2.177387e+02    167s
  108188    1.1608308e+04   0.000000e+00   3.770627e+02    171s
  109392    1.1608309e+04   0.000000e+00   2.314842e+03    175s
  110596    1.1608309e+04   0.000000e+00   4.967789e+02    180s
  111800    1.1608309e+04   0.000000e+00   1.286502e+02    185s
  113004    1.1608309e+04   0.000000e+00   3.042398e+02    190s
  114810    1.1608309e+04   0.000000e+00   9.687685e+01    196s
  116014    1.1608309e+04   0.000000e+00   2.018941e+02    201s
  117218    1.1608309e+04   0.000000e+00   7.494411e+01    206s
  118422    1.1608309e+04   0.000000e+00   1.162899e+02    211s
  119626    1.1608309e+04   0.000000e+00   5.046074e+01    215s
  120830    1.1608309e+04   0.000000e+00   5.201009e+01    220s
  122636    1.1608309e+04   0.000000e+00   7.476855e+01    227s
  123840    1.1608309e+04   0.000000e+00   5.050949e+01    231s
  125044    1.1608309e+04   0.000000e+00   2.851967e+00    236s
  126248    1.1608309e+04   0.000000e+00   5.000337e-01    241s
  127452    1.1608309e+04   0.000000e+00   6.895214e-02    246s
  128452    1.1608309e+04   0.000000e+00   2.474107e-02    252s
Extra simplex iterations after uncrush: 72657
  128732    1.1608191e+04   0.000000e+00   0.000000e+00    254s

Solved in 128732 iterations and 254.38 seconds (446.69 work units)
Optimal objective  1.160819100e+04
