
Gurobi 10.0.1 (linux64) logging started Mon Mar 10 21:40:58 2025

Set parameter LogFile to value "Results/Conservative_experiment/c1_0.70_c2_0.20.log"
Set parameter TimeLimit to value 36000
Gurobi Optimizer version 10.0.1 build v10.0.1rc0 (linux64)

CPU model: AMD EPYC 9654 96-Core Processor, instruction set [SSE2|AVX|AVX2|AVX512]
Thread count: 192 physical cores, 192 logical processors, using up to 32 threads

Academic license 656792 - for non-commercial use only - registered to b.___@student.vu.nl
Optimize a model with 1498050 rows, 1622512 columns and 5976640 nonzeros
Model fingerprint: 0x9de0435a
Coefficient statistics:
  Matrix range     [2e-01, 1e+00]
  Objective range  [6e-02, 5e+00]
  Bounds range     [0e+00, 0e+00]
  RHS range        [1e-02, 1e+03]
Presolve removed 955510 rows and 878809 columns (presolve time = 5s) ...
Presolve removed 955510 rows and 878809 columns
Presolve time: 5.17s
Presolved: 542540 rows, 743703 columns, 2508755 nonzeros

Concurrent LP optimizer: primal simplex, dual simplex, and barrier
Showing barrier log only...

Ordering time: 1.38s

Barrier statistics:
 AA' NZ     : 1.721e+06
 Factor NZ  : 1.393e+07 (roughly 250 MB of memory)
 Factor Ops : 7.897e+09 (less than 1 second per iteration)
 Threads    : 30

                  Objective                Residual
Iter       Primal          Dual         Primal    Dual     Compl     Time
   0  -1.23967144e+07  1.39502864e+08  9.28e+05 1.21e+02  2.81e+04     8s
   1  -1.13234680e+07  1.19265660e+08  5.25e+05 1.61e+02  1.48e+04     8s
   2  -1.22600426e+07  8.08690510e+07  1.10e+05 3.77e+01  3.35e+03     8s
   3  -2.77394577e+07  6.67066656e+07  2.59e+04 3.05e+01  1.32e+03     8s
   4  -3.21240978e+07  1.54472165e+07  1.39e+04 5.32e+00  4.75e+02     9s
   5  -1.75720365e+07  5.66617164e+06  5.38e+03 1.12e+00  1.78e+02     9s
   6  -8.94915598e+06  3.67100218e+06  2.19e+03 5.05e-01  8.15e+01     9s
   7  -3.08269117e+06  1.28133212e+06  5.25e+02 4.63e-02  2.18e+01     9s
   8  -5.67503773e+05  3.92365835e+05  8.15e+01 6.12e-04  4.05e+00     9s
   9  -8.52465021e+04  1.78691815e+05  1.35e+01 6.37e-12  9.79e-01     9s
  10  -3.39052426e+04  1.09160923e+05  7.60e+00 2.78e-12  5.12e-01     9s
  11  -1.48960526e+04  7.18845293e+04  4.95e+00 2.28e-12  2.99e-01    10s
  12  -2.58254824e+03  4.72125455e+04  2.67e+00 2.33e-12  1.62e-01    10s
  13   3.31309002e+03  3.21695745e+04  1.49e+00 3.24e-12  9.07e-02    10s
  14   3.42096086e+03  3.28659753e+04  1.47e+00 3.00e-12  9.27e-02    10s
  15   8.28924152e+03  2.62098708e+04  4.85e-01 2.44e-12  5.40e-02    10s
  16   9.93395441e+03  1.81902763e+04  2.01e-01 2.53e-12  2.45e-02    10s
  17   1.01203030e+04  1.67028893e+04  1.75e-01 2.53e-12  1.96e-02    10s
  18   1.06029148e+04  1.42217493e+04  1.11e-01 3.11e-12  1.07e-02    11s
  19   1.08136510e+04  1.31145836e+04  8.35e-02 3.09e-12  6.84e-03    11s
  20   1.09962527e+04  1.26653321e+04  6.05e-02 3.71e-12  4.96e-03    11s
  21   1.10395362e+04  1.22745009e+04  5.52e-02 2.97e-12  3.68e-03    11s
  22   1.12383604e+04  1.20069983e+04  3.11e-02 3.35e-12  2.29e-03    11s
  23   1.13539627e+04  1.18696975e+04  1.84e-02 3.74e-12  1.53e-03    11s
  24   1.13884957e+04  1.17780393e+04  1.52e-02 3.54e-12  1.16e-03    12s
  25   1.14060147e+04  1.17492408e+04  1.34e-02 3.99e-12  1.02e-03    12s
  26   1.14324085e+04  1.17613033e+04  1.28e-02 4.53e-12  9.77e-04    12s
  27   1.14613834e+04  1.17426056e+04  1.07e-02 4.92e-12  8.36e-04    12s
  28   1.14858466e+04  1.17101323e+04  9.32e-03 4.79e-12  6.67e-04    12s
  29   1.14941648e+04  1.16952627e+04  8.68e-03 3.86e-12  5.99e-04    12s
  30   1.15170759e+04  1.16750063e+04  6.99e-03 4.23e-12  4.71e-04    13s
  31   1.15321812e+04  1.16681613e+04  5.66e-03 3.69e-12  4.05e-04    13s
  32   1.15404791e+04  1.16567048e+04  4.89e-03 4.07e-12  3.46e-04    13s
  33   1.15438603e+04  1.16548155e+04  4.60e-03 4.35e-12  3.30e-04    13s
  34   1.15504930e+04  1.16507191e+04  4.09e-03 4.24e-12  2.98e-04    13s
  35   1.15584487e+04  1.16465557e+04  3.52e-03 4.66e-12  2.62e-04    14s
  36   1.15647923e+04  1.16408455e+04  3.03e-03 4.00e-12  2.26e-04    14s
  37   1.15754263e+04  1.16340594e+04  2.31e-03 3.87e-12  1.74e-04    14s
  38   1.15826963e+04  1.16300891e+04  1.92e-03 4.17e-12  1.41e-04    14s
  39   1.15832160e+04  1.16250029e+04  1.84e-03 3.96e-12  1.25e-04    14s
  40   1.15869102e+04  1.16205862e+04  1.56e-03 3.29e-12  1.01e-04    15s
  41   1.15887980e+04  1.16193271e+04  1.41e-03 3.48e-12  9.11e-05    15s
  42   1.15919899e+04  1.16157322e+04  1.16e-03 4.25e-12  7.10e-05    15s
  43   1.15958074e+04  1.16145116e+04  8.70e-04 3.99e-12  5.58e-05    15s
  44   1.15975211e+04  1.16125372e+04  7.65e-04 3.01e-12  4.50e-05    15s
  45   1.15977429e+04  1.16119447e+04  7.47e-04 3.91e-12  4.26e-05    16s
  46   1.15982751e+04  1.16113617e+04  7.00e-04 4.01e-12  3.92e-05    16s
  47   1.16003343e+04  1.16105901e+04  5.13e-04 4.82e-12  3.07e-05    16s
  48   1.16007982e+04  1.16101877e+04  4.72e-04 4.61e-12  2.81e-05    16s
  49   1.16021167e+04  1.16090880e+04  3.55e-04 5.28e-12  2.09e-05    16s
  50   1.16041366e+04  1.16087125e+04  2.27e-04 4.45e-12  1.37e-05    17s
  51   1.16050101e+04  1.16084963e+04  1.71e-04 4.50e-12  1.04e-05    17s
  52   1.16052182e+04  1.16085000e+04  1.59e-04 4.87e-12  9.81e-06    17s
  53   1.16062345e+04  1.16082894e+04  9.73e-05 4.05e-12  6.14e-06    17s
  54   1.16076235e+04  1.16082129e+04  1.41e-05 3.94e-12  1.74e-06    17s
  55   1.16077289e+04  1.16081178e+04  8.99e-06 3.43e-12  1.15e-06    18s
  56   1.16077667e+04  1.16080507e+04  7.16e-06 3.38e-12  8.39e-07    18s
  57   1.16078499e+04  1.16080360e+04  3.39e-06 5.38e-12  5.48e-07    18s
  58   1.16078795e+04  1.16080124e+04  2.09e-06 5.39e-12  3.91e-07    18s
  59   1.16079204e+04  1.16079603e+04  3.92e-07 3.99e-12  1.17e-07    18s
  60   1.16079310e+04  1.16079354e+04  1.31e-08 5.13e-12  1.30e-08    18s
  61   1.16079323e+04  1.16079324e+04  1.49e-09 7.17e-12  2.57e-10    19s

Barrier solved model in 61 iterations and 18.52 seconds (15.55 work units)
Optimal objective 1.16079323e+04

Crossover log...

   88542 DPushes remaining with DInf 0.0000000e+00                19s
       0 DPushes remaining with DInf 0.0000000e+00                20s

    2657 PPushes remaining with PInf 0.0000000e+00                20s
       0 PPushes remaining with PInf 0.0000000e+00                20s

  Push phase complete: Pinf 0.0000000e+00, Dinf 2.7516183e-11     20s


Solved with barrier
Iteration    Objective       Primal Inf.    Dual Inf.      Time
   45160    1.1607932e+04   0.000000e+00   2.440603e+03     20s
Extra simplex iterations after uncrush: 2325
   47270    1.1607932e+04   0.000000e+00   0.000000e+00     21s

Use crossover to convert LP symmetric solution to basic solution...
Crossover log...

    6052 DPushes remaining with DInf 0.0000000e+00                22s
       0 DPushes remaining with DInf 0.0000000e+00                22s

    4736 PPushes remaining with PInf 0.0000000e+00                22s
       0 PPushes remaining with PInf 0.0000000e+00                23s

  Push phase complete: Pinf 0.0000000e+00, Dinf 1.0778820e-12     23s

Iteration    Objective       Primal Inf.    Dual Inf.      Time
   61134    1.1607932e+04   0.000000e+00   8.874896e+03     25s
   64144    1.1607986e+04   0.000000e+00   1.143883e+04     30s
   67154    1.1608000e+04   0.000000e+00   7.498685e+03     36s
   69562    1.1608010e+04   0.000000e+00   7.107054e+04     41s
   71970    1.1608017e+04   0.000000e+00   8.331973e+04     46s
   73776    1.1608022e+04   0.000000e+00   8.012605e+04     50s
   76184    1.1608026e+04   0.000000e+00   9.744260e+03     57s
   77388    1.1608029e+04   0.000000e+00   1.942169e+04     60s
   79796    1.1608033e+04   0.000000e+00   6.688469e+03     66s
   81602    1.1608036e+04   0.000000e+00   7.876229e+03     71s
   83408    1.1608039e+04   0.000000e+00   5.093832e+03     76s
   85214    1.1608041e+04   0.000000e+00   2.011925e+04     81s
   87020    1.1608044e+04   0.000000e+00   2.043096e+04     86s
   88826    1.1608046e+04   0.000000e+00   1.129520e+04     91s
   90632    1.1608048e+04   0.000000e+00   7.961678e+03     97s
   91836    1.1608049e+04   0.000000e+00   8.937191e+03    100s
   93642    1.1608051e+04   0.000000e+00   4.842443e+03    105s
   95448    1.1608052e+04   0.000000e+00   1.597056e+04    111s
   97254    1.1608054e+04   0.000000e+00   5.983740e+03    116s
   98458    1.1608055e+04   0.000000e+00   2.345462e+03    120s
  100264    1.1608056e+04   0.000000e+00   1.598206e+04    125s
  102070    1.1608057e+04   0.000000e+00   6.805561e+03    132s
  103274    1.1608058e+04   0.000000e+00   1.915496e+03    136s
  105080    1.1608059e+04   0.000000e+00   4.903574e+03    141s
  106284    1.1608060e+04   0.000000e+00   7.033168e+03    145s
  108692    1.1608062e+04   0.000000e+00   9.038966e+03    151s
  109896    1.1608062e+04   0.000000e+00   4.709459e+03    155s
  111702    1.1608063e+04   0.000000e+00   9.986558e+02    161s
  113508    1.1608064e+04   0.000000e+00   1.028894e+04    166s
  115314    1.1608064e+04   0.000000e+00   3.964054e+03    171s
  117120    1.1608064e+04   0.000000e+00   3.231119e+03    177s
  118324    1.1608065e+04   0.000000e+00   1.047199e+05    180s
  120130    1.1608065e+04   0.000000e+00   7.700990e+03    186s
  121936    1.1608066e+04   0.000000e+00   1.332623e+03    192s
  123140    1.1608066e+04   0.000000e+00   9.865932e+02    196s
  124344    1.1608066e+04   0.000000e+00   2.854302e+03    200s
  126150    1.1608067e+04   0.000000e+00   2.141926e+03    206s
  127956    1.1608067e+04   0.000000e+00   4.109894e+02    212s
  129160    1.1608067e+04   0.000000e+00   1.942739e+03    216s
  130966    1.1608067e+04   0.000000e+00   1.991214e+03    222s
  132170    1.1608067e+04   0.000000e+00   7.319746e+02    226s
  133976    1.1608067e+04   0.000000e+00   4.054054e+02    232s
  135180    1.1608067e+04   0.000000e+00   3.382472e+02    236s
  136986    1.1608068e+04   0.000000e+00   1.943992e+02    242s
  138190    1.1608068e+04   0.000000e+00   3.588487e+01    246s
  139996    1.1608068e+04   0.000000e+00   1.232720e+01    252s
  141200    1.1608068e+04   0.000000e+00   1.639561e+01    256s
  142404    1.1608068e+04   0.000000e+00   1.788817e+01    260s
  144210    1.1608068e+04   0.000000e+00   8.249602e+00    266s
  146016    1.1608068e+04   0.000000e+00   1.659964e+00    271s
  147822    1.1608068e+04   0.000000e+00   4.477269e-01    277s
  149026    1.1608068e+04   0.000000e+00   3.647045e-02    282s
Extra simplex iterations after uncrush: 91504
  149564    1.1607932e+04   0.000000e+00   0.000000e+00    285s

Solved in 149564 iterations and 285.25 seconds (499.62 work units)
Optimal objective  1.160793235e+04
