
Gurobi 10.0.1 (linux64) logging started Mon Mar 10 21:44:31 2025

Set parameter LogFile to value "Results/Conservative_experiment/c1_0.80_c2_0.10.log"
Set parameter TimeLimit to value 36000
Gurobi Optimizer version 10.0.1 build v10.0.1rc0 (linux64)

CPU model: AMD EPYC 9654 96-Core Processor, instruction set [SSE2|AVX|AVX2|AVX512]
Thread count: 192 physical cores, 192 logical processors, using up to 32 threads

Academic license 656792 - for non-commercial use only - registered to b.___@student.vu.nl
Optimize a model with 1498050 rows, 1622512 columns and 5976640 nonzeros
Model fingerprint: 0xfef4288f
Coefficient statistics:
  Matrix range     [1e-01, 1e+00]
  Objective range  [6e-02, 5e+00]
  Bounds range     [0e+00, 0e+00]
  RHS range        [1e-02, 1e+03]
Presolve removed 955510 rows and 878809 columns (presolve time = 5s) ...
Presolve removed 955510 rows and 878809 columns
Presolve time: 5.40s
Presolved: 542540 rows, 743703 columns, 2508755 nonzeros

Concurrent LP optimizer: primal simplex, dual simplex, and barrier
Showing barrier log only...

Ordering time: 1.57s

Barrier statistics:
 AA' NZ     : 1.721e+06
 Factor NZ  : 1.393e+07 (roughly 250 MB of memory)
 Factor Ops : 7.897e+09 (less than 1 second per iteration)
 Threads    : 30

                  Objective                Residual
Iter       Primal          Dual         Primal    Dual     Compl     Time
   0  -2.09218441e+07  1.63932217e+08  1.72e+06 1.21e+02  3.70e+04     9s
   1  -1.57731081e+07  1.37930373e+08  7.92e+05 1.38e+02  1.53e+04     9s
   2  -1.51415464e+07  8.63652524e+07  1.30e+05 3.16e+01  2.89e+03     9s
   3  -3.61609103e+07  7.14731903e+07  3.46e+04 2.68e+01  1.29e+03     9s
   4  -3.36811823e+07  1.41357475e+07  1.81e+04 3.75e+00  4.27e+02     9s
   5  -2.14728512e+07  5.81980944e+06  1.01e+04 1.14e+00  2.18e+02     9s
   6  -1.77927036e+07  4.13142387e+06  7.81e+03 5.28e-01  1.64e+02    10s
   7  -4.36958497e+06  1.53091881e+06  1.51e+03 6.74e-02  3.49e+01    10s
   8  -5.25813129e+05  4.75894828e+05  1.16e+02 1.82e-11  4.20e+00    10s
   9  -7.28550865e+04  1.91538202e+05  1.99e+01 6.59e-12  9.79e-01    10s
  10  -3.02437747e+04  1.13952566e+05  1.27e+01 2.27e-12  5.32e-01    10s
  11  -1.83799098e+04  7.21863151e+04  8.45e+00 4.06e-12  3.17e-01    10s
  12  -2.55451758e+03  5.03154573e+04  4.18e+00 2.75e-12  1.73e-01    11s
  13   3.63440067e+03  3.39453636e+04  2.24e+00 2.73e-12  9.56e-02    11s
  14   5.82869226e+03  2.71233058e+04  1.60e+00 3.60e-12  6.62e-02    11s
  15   8.88212510e+03  2.20574055e+04  5.97e-01 2.50e-12  3.96e-02    11s
  16   9.67434204e+03  1.90835268e+04  3.92e-01 3.31e-12  2.81e-02    11s
  17   9.72437937e+03  1.85294477e+04  3.80e-01 4.59e-12  2.63e-02    11s
  18   1.00475072e+04  1.64867802e+04  3.03e-01 2.95e-12  1.92e-02    11s
  19   1.05453799e+04  1.46746067e+04  1.91e-01 3.53e-12  1.23e-02    12s
  20   1.08204704e+04  1.34603872e+04  1.33e-01 3.67e-12  7.84e-03    12s
  21   1.10977047e+04  1.23548647e+04  7.71e-02 2.42e-12  3.74e-03    12s
  22   1.12799152e+04  1.20988717e+04  4.07e-02 2.66e-12  2.43e-03    12s
  23   1.13411590e+04  1.19366687e+04  2.93e-02 3.35e-12  1.76e-03    12s
  24   1.13566028e+04  1.18857227e+04  2.67e-02 4.05e-12  1.57e-03    12s
  25   1.13816773e+04  1.17995081e+04  2.25e-02 2.97e-12  1.24e-03    12s
  26   1.14178951e+04  1.17694754e+04  1.65e-02 3.80e-12  1.04e-03    13s
  27   1.14371333e+04  1.17031691e+04  1.33e-02 3.27e-12  7.88e-04    13s
  28   1.14532262e+04  1.16892588e+04  1.12e-02 3.62e-12  6.99e-04    13s
  29   1.14750090e+04  1.16712050e+04  9.04e-03 4.63e-12  5.81e-04    13s
  30   1.15205624e+04  1.16487706e+04  5.67e-03 3.69e-12  3.79e-04    13s
  31   1.15337830e+04  1.16327238e+04  4.47e-03 2.80e-12  2.93e-04    14s
  32   1.15516766e+04  1.16043080e+04  2.83e-03 3.82e-12  1.56e-04    14s
  33   1.15703345e+04  1.15947701e+04  1.12e-03 2.97e-12  7.24e-05    14s
  34   1.15778061e+04  1.15905347e+04  4.76e-04 2.61e-12  3.76e-05    14s
  35   1.15803888e+04  1.15889206e+04  2.77e-04 3.65e-12  2.52e-05    14s
  36   1.15819108e+04  1.15870707e+04  1.69e-04 2.96e-12  1.52e-05    15s
  37   1.15825300e+04  1.15859301e+04  1.04e-04 3.59e-12  1.00e-05    15s
  38   1.15827601e+04  1.15858272e+04  8.41e-05 4.80e-12  9.03e-06    15s
  39   1.15828441e+04  1.15857727e+04  7.66e-05 4.92e-12  8.62e-06    15s
  40   1.15830721e+04  1.15856941e+04  6.67e-05 6.76e-12  7.72e-06    15s
  41   1.15836310e+04  1.15852564e+04  3.71e-05 5.70e-12  4.78e-06    15s
  42   1.15841670e+04  1.15844805e+04  1.02e-05 3.12e-12  9.26e-07    16s
  43   1.15841806e+04  1.15844577e+04  9.24e-06 7.24e-12  8.19e-07    16s
  44   1.15841854e+04  1.15844448e+04  8.20e-06 5.41e-12  7.66e-07    16s
  45   1.15842174e+04  1.15844269e+04  4.45e-06 8.60e-12  6.16e-07    16s
  46   1.15842781e+04  1.15844196e+04  2.42e-06 7.05e-12  4.15e-07    16s
  47   1.15842874e+04  1.15843722e+04  2.16e-06 3.80e-12  2.50e-07    17s
  48   1.15843443e+04  1.15843652e+04  4.34e-07 3.71e-12  6.14e-08    17s
  49   1.15843447e+04  1.15843652e+04  4.14e-07 8.35e-12  6.05e-08    17s
  50   1.15843448e+04  1.15843652e+04  4.25e-07 5.26e-12  6.03e-08    17s
  51   1.15843460e+04  1.15843654e+04  4.08e-07 7.60e-12  5.76e-08    18s
  52   1.15843470e+04  1.15843653e+04  3.86e-07 6.92e-12  5.42e-08    18s
  53   1.15843475e+04  1.15843652e+04  3.77e-07 9.50e-12  5.27e-08    18s
  54   1.15843475e+04  1.15843652e+04  3.45e-07 1.51e-11  5.25e-08    18s
  55   1.15843482e+04  1.15843652e+04  3.66e-07 1.15e-11  5.04e-08    19s
  56   1.15843499e+04  1.15843651e+04  3.22e-07 7.50e-12  4.50e-08    19s
  57   1.15843500e+04  1.15843650e+04  3.14e-07 1.06e-11  4.47e-08    19s
  58   1.15843518e+04  1.15843649e+04  2.51e-07 1.14e-11  3.90e-08    19s
  59   1.15843543e+04  1.15843646e+04  2.06e-07 1.28e-11  3.06e-08    20s
  60   1.15843549e+04  1.15843645e+04  3.39e-07 1.32e-11  2.89e-08    20s
  61   1.15843552e+04  1.15843645e+04  3.25e-07 9.75e-12  2.77e-08    20s
  62   1.15843552e+04  1.15843645e+04  3.24e-07 9.40e-12  2.76e-08    21s
  63   1.15843553e+04  1.15843645e+04  3.21e-07 1.02e-11  2.75e-08    21s
  64   1.15843554e+04  1.15843645e+04  3.19e-07 1.40e-11  2.73e-08    21s
  65   1.15843554e+04  1.15843645e+04  3.18e-07 1.17e-11  2.72e-08    21s
  66   1.15843555e+04  1.15843645e+04  5.27e-07 1.11e-11  2.68e-08    22s
  67   1.15843587e+04  1.15843641e+04  5.30e-07 7.78e-12  1.63e-08    22s
  68   1.15843589e+04  1.15843641e+04  5.01e-07 8.25e-12  1.56e-08    22s
  69   1.15843592e+04  1.15843641e+04  4.71e-07 1.20e-11  1.45e-08    22s
  70   1.15843600e+04  1.15843640e+04  4.11e-07 8.77e-12  1.19e-08    22s
  71   1.15843602e+04  1.15843640e+04  3.87e-07 8.44e-12  1.11e-08    23s
  72   1.15843602e+04  1.15843640e+04  3.86e-07 1.19e-11  1.11e-08    23s
  73   1.15843602e+04  1.15843640e+04  6.18e-07 9.67e-12  1.10e-08    23s
  74   1.15843603e+04  1.15843640e+04  6.13e-07 1.06e-11  1.10e-08    24s
  75   1.15843603e+04  1.15843640e+04  6.00e-07 1.14e-11  1.09e-08    24s
  76   1.15843602e+04  1.15843640e+04  5.88e-07 1.27e-11  1.09e-08    24s
  77   1.15843603e+04  1.15843639e+04  5.77e-07 1.22e-11  1.06e-08    24s
  78   1.15843603e+04  1.15843639e+04  5.68e-07 1.33e-11  1.05e-08    25s
  79   1.15843608e+04  1.15843639e+04  4.68e-07 1.34e-11  8.96e-09    25s
  80   1.15843608e+04  1.15843639e+04  4.73e-07 1.41e-11  8.93e-09    25s
  81   1.15843608e+04  1.15843639e+04  4.58e-07 1.54e-11  8.87e-09    25s
  82   1.15843608e+04  1.15843639e+04  4.50e-07 1.53e-11  8.84e-09    26s
  83   1.15843609e+04  1.15843639e+04  4.50e-07 1.69e-11  8.84e-09    26s
  84   1.15843609e+04  1.15843639e+04  4.44e-07 1.63e-11  8.82e-09    26s
  85   1.15843609e+04  1.15843639e+04  4.40e-07 1.73e-11  8.80e-09    27s
  86   1.15843609e+04  1.15843639e+04  4.36e-07 1.68e-11  8.79e-09    27s
  87   1.15843609e+04  1.15843639e+04  4.31e-07 1.88e-11  8.79e-09    27s
  88   1.15843611e+04  1.15843639e+04  4.36e-07 1.60e-11  8.16e-09    28s
  89   1.15843611e+04  1.15843639e+04  4.35e-07 1.63e-11  8.12e-09    28s

Barrier performed 89 iterations in 28.06 seconds (22.09 work units)
Sub-optimal termination - objective 1.15843443e+04

Crossover log...

   89215 DPushes remaining with DInf 0.0000000e+00                29s
       0 DPushes remaining with DInf 0.0000000e+00                30s

   60343 PPushes remaining with PInf 2.0015922e-02                30s
    4388 PPushes remaining with PInf 3.8310672e-02                30s
       0 PPushes remaining with PInf 0.0000000e+00                31s

  Push phase complete: Pinf 0.0000000e+00, Dinf 1.9441200e+02     31s

Iteration    Objective       Primal Inf.    Dual Inf.      Time
  105224    1.1584364e+04   0.000000e+00   1.944120e+02     31s

Solved with barrier
  110404    1.1584405e+04   0.000000e+00   4.747814e+00     35s
Extra simplex iterations after uncrush: 4755
  111657    1.1584364e+04   0.000000e+00   0.000000e+00     37s

Use crossover to convert LP symmetric solution to basic solution...
Crossover log...

    6177 DPushes remaining with DInf 0.0000000e+00                37s
       0 DPushes remaining with DInf 0.0000000e+00                37s

    5258 PPushes remaining with PInf 0.0000000e+00                37s
       0 PPushes remaining with PInf 0.0000000e+00                38s

  Push phase complete: Pinf 0.0000000e+00, Dinf 1.2351437e-12     38s

Iteration    Objective       Primal Inf.    Dual Inf.      Time
  125411    1.1584364e+04   0.000000e+00   6.995653e+03     40s
  128421    1.1584419e+04   0.000000e+00   3.536547e+04     46s
  130829    1.1584428e+04   0.000000e+00   6.475707e+03     51s
  132033    1.1584431e+04   0.000000e+00   1.588079e+04     55s
  133839    1.1584436e+04   0.000000e+00   3.890644e+04     61s
  135043    1.1584438e+04   0.000000e+00   8.210635e+03     66s
  136247    1.1584440e+04   0.000000e+00   2.515420e+04     71s
  137451    1.1584441e+04   0.000000e+00   4.993289e+03     76s
  138655    1.1584443e+04   0.000000e+00   7.056785e+03     81s
  139859    1.1584444e+04   0.000000e+00   9.650818e+03     86s
  141063    1.1584446e+04   0.000000e+00   1.251434e+04     90s
  142869    1.1584448e+04   0.000000e+00   7.545692e+03     97s
  144073    1.1584449e+04   0.000000e+00   1.495749e+04    101s
  145277    1.1584450e+04   0.000000e+00   4.190399e+03    106s
  146481    1.1584450e+04   0.000000e+00   9.002660e+03    111s
  147685    1.1584451e+04   0.000000e+00   2.407496e+04    117s
  148889    1.1584452e+04   0.000000e+00   8.372837e+03    121s
  150093    1.1584453e+04   0.000000e+00   3.578467e+03    126s
  151297    1.1584453e+04   0.000000e+00   2.826283e+04    131s
  152501    1.1584454e+04   0.000000e+00   2.186153e+03    137s
  153705    1.1584455e+04   0.000000e+00   1.964524e+03    142s
  154909    1.1584455e+04   0.000000e+00   1.746818e+03    147s
  156113    1.1584456e+04   0.000000e+00   1.077314e+04    153s
  156715    1.1584456e+04   0.000000e+00   4.909685e+03    155s
  157919    1.1584457e+04   0.000000e+00   1.246121e+03    160s
  159123    1.1584457e+04   0.000000e+00   4.843252e+03    165s
  160327    1.1584457e+04   0.000000e+00   5.482051e+03    171s
  161531    1.1584458e+04   0.000000e+00   5.139008e+02    175s
  162735    1.1584458e+04   0.000000e+00   3.978848e+03    181s
  163939    1.1584458e+04   0.000000e+00   2.626252e+03    186s
  165143    1.1584458e+04   0.000000e+00   8.828457e+02    191s
  166347    1.1584459e+04   0.000000e+00   2.231644e+03    196s
  167551    1.1584459e+04   0.000000e+00   4.241859e+02    201s
  168755    1.1584459e+04   0.000000e+00   8.678963e+02    207s
  169959    1.1584459e+04   0.000000e+00   1.447997e+02    212s
  170561    1.1584459e+04   0.000000e+00   6.392631e+02    215s
  171765    1.1584459e+04   0.000000e+00   8.848831e+02    221s
  172969    1.1584459e+04   0.000000e+00   1.356731e+02    227s
  174173    1.1584459e+04   0.000000e+00   3.650498e+02    233s
  174775    1.1584459e+04   0.000000e+00   2.232906e+02    236s
  175979    1.1584459e+04   0.000000e+00   2.250865e+02    241s
  177183    1.1584459e+04   0.000000e+00   7.131258e+01    247s
  177785    1.1584460e+04   0.000000e+00   1.243112e+02    250s
  178989    1.1584460e+04   0.000000e+00   5.964513e+01    256s
  180193    1.1584460e+04   0.000000e+00   3.880936e+01    263s
  180795    1.1584460e+04   0.000000e+00   6.542988e+01    266s
  181999    1.1584460e+04   0.000000e+00   2.634927e+02    272s
  182601    1.1584460e+04   0.000000e+00   1.481992e+01    276s
  183805    1.1584460e+04   0.000000e+00   3.954948e+01    283s
  184407    1.1584460e+04   0.000000e+00   8.247431e+00    286s
  185611    1.1584460e+04   0.000000e+00   1.484537e+00    292s
  186213    1.1584460e+04   0.000000e+00   5.228350e-01    295s
  187385    1.1584460e+04   0.000000e+00   9.317625e-02    302s
  188322    1.1584364e+04   0.000000e+00   0.000000e+00    307s
Extra simplex iterations after uncrush: 65232

Solved in 188322 iterations and 307.54 seconds (509.29 work units)
Optimal objective  1.158436357e+04
