
Gurobi 10.0.1 (linux64) logging started Mon Mar 10 21:36:58 2025

Set parameter LogFile to value "Results/Conservative_experiment/c1_0.40_c2_0.40.log"
Set parameter TimeLimit to value 36000
Gurobi Optimizer version 10.0.1 build v10.0.1rc0 (linux64)

CPU model: AMD EPYC 9654 96-Core Processor, instruction set [SSE2|AVX|AVX2|AVX512]
Thread count: 192 physical cores, 192 logical processors, using up to 32 threads

Academic license 656792 - for non-commercial use only - registered to b.___@student.vu.nl
Optimize a model with 1498050 rows, 1622512 columns and 5976640 nonzeros
Model fingerprint: 0x1406cb6f
Coefficient statistics:
  Matrix range     [4e-01, 1e+00]
  Objective range  [6e-02, 5e+00]
  Bounds range     [0e+00, 0e+00]
  RHS range        [1e-02, 1e+03]
Presolve removed 955510 rows and 878809 columns (presolve time = 5s) ...
Presolve removed 955510 rows and 878809 columns
Presolve time: 5.21s
Presolved: 542540 rows, 743703 columns, 2508755 nonzeros

Concurrent LP optimizer: primal simplex, dual simplex, and barrier
Showing barrier log only...

Ordering time: 1.37s

Barrier statistics:
 AA' NZ     : 1.721e+06
 Factor NZ  : 1.393e+07 (roughly 250 MB of memory)
 Factor Ops : 7.897e+09 (less than 1 second per iteration)
 Threads    : 30

                  Objective                Residual
Iter       Primal          Dual         Primal    Dual     Compl     Time
   0  -1.19880943e+07  1.39575806e+08  8.99e+05 1.21e+02  2.81e+04     8s
   1  -1.02568672e+07  1.12616460e+08  4.04e+05 8.86e+01  1.12e+04     8s
   2  -1.33547683e+07  7.86724104e+07  8.47e+04 3.88e+01  2.85e+03     8s
   3  -3.77478737e+07  7.42650897e+07  2.93e+04 3.92e+01  1.65e+03     8s
   4  -4.22317636e+07  1.65757305e+07  1.57e+04 6.96e+00  5.56e+02     9s
   5  -2.22336010e+07  5.96681940e+06  5.58e+03 1.69e+00  1.97e+02     9s
   6  -1.31616861e+07  3.89077262e+06  2.83e+03 9.62e-01  1.06e+02     9s
   7  -5.35130532e+06  1.39697289e+06  8.96e+02 1.85e-01  3.43e+01     9s
   8  -6.95738055e+05  4.50938557e+05  6.72e+01 6.17e-03  4.37e+00     9s
   9  -9.15999672e+04  1.85456954e+05  1.11e+01 6.03e-04  9.73e-01     9s
  10  -3.28793775e+04  1.08750551e+05  5.68e+00 5.00e-12  4.81e-01    10s
  11  -1.46270784e+04  7.43010111e+04  3.77e+00 3.25e-12  2.94e-01    10s
  12   3.08420101e+02  4.56747003e+04  1.64e+00 2.29e-12  1.42e-01    10s
  13   4.85743551e+03  3.27944824e+04  9.08e-01 1.82e-12  8.55e-02    10s
  14   5.02410308e+03  2.89121944e+04  8.84e-01 2.00e-12  7.31e-02    10s
  15   9.03794814e+03  2.30840045e+04  3.19e-01 2.77e-12  4.20e-02    10s
  16   9.86601191e+03  1.79132223e+04  1.95e-01 2.87e-12  2.39e-02    10s
  17   1.02859252e+04  1.59370812e+04  1.39e-01 3.10e-12  1.68e-02    11s
  18   1.05156239e+04  1.45638708e+04  1.11e-01 3.64e-12  1.20e-02    11s
  19   1.07507242e+04  1.38904184e+04  8.24e-02 3.15e-12  9.30e-03    11s
  20   1.08672871e+04  1.28435916e+04  6.88e-02 3.95e-12  5.87e-03    11s
  21   1.11055137e+04  1.23659362e+04  4.33e-02 3.87e-12  3.74e-03    11s
  22   1.11731075e+04  1.21147862e+04  3.57e-02 2.73e-12  2.80e-03    11s
  23   1.13300133e+04  1.19475613e+04  1.90e-02 2.86e-12  1.83e-03    11s
  24   1.13803192e+04  1.18280773e+04  1.36e-02 2.83e-12  1.33e-03    12s
  25   1.14152143e+04  1.17682835e+04  1.06e-02 2.80e-12  1.05e-03    12s
  26   1.14409188e+04  1.17502702e+04  9.08e-03 3.27e-12  9.16e-04    12s
  27   1.14521057e+04  1.17468706e+04  8.51e-03 5.74e-12  8.72e-04    12s
  28   1.14902347e+04  1.17293566e+04  6.57e-03 4.81e-12  7.07e-04    12s
  29   1.15111160e+04  1.17055250e+04  5.45e-03 4.77e-12  5.75e-04    13s
  30   1.15126331e+04  1.16913573e+04  5.33e-03 3.73e-12  5.29e-04    13s
  31   1.15230464e+04  1.16716471e+04  4.78e-03 4.36e-12  4.40e-04    13s
  32   1.15320831e+04  1.16614205e+04  4.08e-03 3.85e-12  3.83e-04    13s
  33   1.15548644e+04  1.16544351e+04  2.73e-03 3.77e-12  2.94e-04    13s
  34   1.15609442e+04  1.16452769e+04  2.17e-03 3.88e-12  2.49e-04    13s
  35   1.15638270e+04  1.16438765e+04  2.04e-03 3.82e-12  2.36e-04    14s
  36   1.15685614e+04  1.16357322e+04  1.81e-03 4.29e-12  1.99e-04    14s
  37   1.15742144e+04  1.16311965e+04  1.48e-03 4.49e-12  1.68e-04    14s
  38   1.15760499e+04  1.16232521e+04  1.37e-03 3.69e-12  1.40e-04    14s
  39   1.15843944e+04  1.16204788e+04  7.56e-04 5.01e-12  1.06e-04    14s
  40   1.15904508e+04  1.16119093e+04  4.98e-04 2.78e-12  6.33e-05    15s
  41   1.15953106e+04  1.16077181e+04  3.17e-04 2.56e-12  3.67e-05    15s
  42   1.15962538e+04  1.16060605e+04  2.83e-04 2.91e-12  2.90e-05    15s
  43   1.15985834e+04  1.16048697e+04  1.89e-04 3.27e-12  1.86e-05    15s
  44   1.15992673e+04  1.16044609e+04  1.55e-04 3.51e-12  1.54e-05    15s
  45   1.15995290e+04  1.16043241e+04  1.42e-04 3.36e-12  1.42e-05    16s
  46   1.15998509e+04  1.16041670e+04  1.26e-04 3.51e-12  1.28e-05    16s
  47   1.15998801e+04  1.16040308e+04  1.24e-04 3.79e-12  1.23e-05    16s
  48   1.15999368e+04  1.16039073e+04  1.20e-04 3.83e-12  1.18e-05    16s
  49   1.16001857e+04  1.16036664e+04  1.06e-04 4.36e-12  1.03e-05    16s
  50   1.16005858e+04  1.16036352e+04  9.35e-05 6.10e-12  9.04e-06    17s
  51   1.16012267e+04  1.16034606e+04  6.77e-05 3.54e-12  6.62e-06    17s
  52   1.16027126e+04  1.16031412e+04  1.02e-05 4.13e-12  1.27e-06    17s
  53   1.16029838e+04  1.16030279e+04  2.11e-07 4.11e-12  1.29e-07    17s
  54   1.16029966e+04  1.16029986e+04  3.91e-10 3.62e-12  5.90e-09    17s
  55   1.16029967e+04  1.16029971e+04  1.34e-08 6.98e-12  1.11e-09    18s
  56   1.16029968e+04  1.16029968e+04  1.29e-08 7.32e-12  1.15e-10    18s

Barrier solved model in 56 iterations and 17.69 seconds (14.81 work units)
Optimal objective 1.16029968e+04

Crossover log...

   79072 DPushes remaining with DInf 0.0000000e+00                18s
       0 DPushes remaining with DInf 0.0000000e+00                19s

   51893 PPushes remaining with PInf 1.1614421e-05                19s
       0 PPushes remaining with PInf 0.0000000e+00                20s

  Push phase complete: Pinf 0.0000000e+00, Dinf 2.4764052e-11     20s


Solved with barrier
Iteration    Objective       Primal Inf.    Dual Inf.      Time
   98642    1.1603028e+04   0.000000e+00   8.677717e+02     20s
Extra simplex iterations after uncrush: 4184
  101719    1.1602997e+04   0.000000e+00   0.000000e+00     23s

Use crossover to convert LP symmetric solution to basic solution...
Crossover log...

   42420 DPushes remaining with DInf 0.0000000e+00                23s
       0 DPushes remaining with DInf 0.0000000e+00                24s

    4404 PPushes remaining with PInf 0.0000000e+00                24s
       0 PPushes remaining with PInf 0.0000000e+00                25s

  Push phase complete: Pinf 0.0000000e+00, Dinf 8.3299210e-13     25s

Iteration    Objective       Primal Inf.    Dual Inf.      Time
  148534    1.1602997e+04   0.000000e+00   1.333766e+03     25s
  153385    1.1603003e+04   0.000000e+00   7.944779e+03     31s
  155191    1.1603004e+04   0.000000e+00   7.773455e+03     36s
  156997    1.1603005e+04   0.000000e+00   6.393995e+03     41s
  158201    1.1603005e+04   0.000000e+00   1.430685e+03     46s
  159405    1.1603006e+04   0.000000e+00   5.158015e+02     50s
  161211    1.1603006e+04   0.000000e+00   3.347626e+02     57s
  162415    1.1603006e+04   0.000000e+00   3.627394e+03     61s
  164221    1.1603006e+04   0.000000e+00   3.092925e+02     67s
  165425    1.1603006e+04   0.000000e+00   2.086528e+02     71s
  166629    1.1603007e+04   0.000000e+00   2.391133e+02     76s
  168435    1.1603007e+04   0.000000e+00   7.028442e+02     82s
  169639    1.1603007e+04   0.000000e+00   8.918404e+01     86s
  170843    1.1603007e+04   0.000000e+00   1.775406e+02     91s
  172047    1.1603007e+04   0.000000e+00   3.980625e+01     95s
  173853    1.1603007e+04   0.000000e+00   2.556250e+01    101s
  175057    1.1603007e+04   0.000000e+00   2.382827e+01    105s
  176863    1.1603007e+04   0.000000e+00   1.895561e+02    112s
  178067    1.1603007e+04   0.000000e+00   1.215119e+01    117s
  179271    1.1603007e+04   0.000000e+00   1.383386e+00    122s
  180331    1.1603007e+04   0.000000e+00   5.807551e-01    126s
Extra simplex iterations after uncrush: 32398
  180932    1.1602997e+04   0.000000e+00   0.000000e+00    130s

Solved in 180932 iterations and 129.86 seconds (255.66 work units)
Optimal objective  1.160299684e+04
