
Gurobi 10.0.1 (linux64) logging started Mon Mar 10 21:37:00 2025

Set parameter LogFile to value "Results/Conservative_experiment/c1_0.50_c2_0.20.log"
Set parameter TimeLimit to value 36000
Gurobi Optimizer version 10.0.1 build v10.0.1rc0 (linux64)

CPU model: AMD EPYC 9654 96-Core Processor, instruction set [SSE2|AVX|AVX2|AVX512]
Thread count: 192 physical cores, 192 logical processors, using up to 32 threads

Academic license 656792 - for non-commercial use only - registered to b.___@student.vu.nl
Optimize a model with 1498050 rows, 1622512 columns and 5976640 nonzeros
Model fingerprint: 0x787af84b
Coefficient statistics:
  Matrix range     [2e-01, 1e+00]
  Objective range  [6e-02, 5e+00]
  Bounds range     [0e+00, 0e+00]
  RHS range        [1e-02, 1e+03]
Presolve removed 955510 rows and 878809 columns (presolve time = 5s) ...
Presolve removed 955510 rows and 878809 columns
Presolve time: 5.21s
Presolved: 542540 rows, 743703 columns, 2508755 nonzeros

Concurrent LP optimizer: primal simplex, dual simplex, and barrier
Showing barrier log only...

Ordering time: 1.38s

Barrier statistics:
 AA' NZ     : 1.721e+06
 Factor NZ  : 1.393e+07 (roughly 250 MB of memory)
 Factor Ops : 7.897e+09 (less than 1 second per iteration)
 Threads    : 30

                  Objective                Residual
Iter       Primal          Dual         Primal    Dual     Compl     Time
   0  -1.38254993e+07  1.70892559e+08  1.71e+06 1.21e+02  3.44e+04     8s
   1  -1.20493219e+07  1.36824012e+08  9.03e+05 1.66e+02  1.72e+04     8s
   2  -1.28872190e+07  8.66395343e+07  1.69e+05 4.12e+01  3.62e+03     9s
   3  -2.92931990e+07  7.00164364e+07  3.81e+04 3.45e+01  1.42e+03     9s
   4  -4.73225042e+07  1.41238322e+07  1.56e+04 2.36e+00  4.18e+02     9s
   5  -2.66722684e+07  5.02144902e+06  7.46e+03 3.10e-01  1.78e+02     9s
   6  -1.10311918e+07  2.06809815e+06  2.62e+03 5.62e-02  6.38e+01     9s
   7  -2.36856090e+06  7.99707343e+05  4.84e+02 6.41e-02  1.36e+01     9s
   8  -4.70299665e+05  3.41315343e+05  9.06e+01 2.97e-03  3.15e+00     9s
   9  -1.24962552e+05  2.38118325e+05  2.90e+01 1.36e-03  1.33e+00    10s
  10  -5.56966623e+04  1.04669293e+05  1.49e+01 4.09e-12  5.69e-01    10s
  11  -1.99056870e+04  6.37648236e+04  8.64e+00 3.65e-12  2.86e-01    10s
  12  -6.20912157e+03  4.09019116e+04  4.95e+00 3.34e-12  1.54e-01    10s
  13   1.71773901e+03  3.40299727e+04  2.66e+00 3.56e-12  1.02e-01    10s
  14   2.11794888e+03  2.66685043e+04  2.55e+00 3.20e-12  7.72e-02    10s
  15   7.19045335e+03  2.08019727e+04  1.07e+00 3.92e-12  4.15e-02    10s
  16   9.39257988e+03  1.70050805e+04  4.88e-01 2.76e-12  2.28e-02    11s
  17   9.47194456e+03  1.63843413e+04  4.70e-01 2.85e-12  2.07e-02    11s
  18   1.02887311e+04  1.40803332e+04  2.72e-01 2.72e-12  1.13e-02    11s
  19   1.05620587e+04  1.29559449e+04  2.08e-01 2.39e-12  7.18e-03    11s
  20   1.08346333e+04  1.25029876e+04  1.47e-01 2.56e-12  5.00e-03    11s
  21   1.08840046e+04  1.22975475e+04  1.36e-01 4.00e-12  4.24e-03    11s
  22   1.11014673e+04  1.21925347e+04  8.82e-02 3.72e-12  3.26e-03    12s
  23   1.12768877e+04  1.19574423e+04  4.88e-02 3.88e-12  2.03e-03    12s
  24   1.13140663e+04  1.18173408e+04  4.16e-02 2.85e-12  1.50e-03    12s
  25   1.13504889e+04  1.17449193e+04  3.54e-02 3.59e-12  1.18e-03    12s
  26   1.14099541e+04  1.17265425e+04  2.49e-02 3.48e-12  9.44e-04    12s
  27   1.14461182e+04  1.17187487e+04  2.04e-02 3.27e-12  8.12e-04    13s
  28   1.14827038e+04  1.17048481e+04  1.60e-02 3.50e-12  6.61e-04    13s
  29   1.15056537e+04  1.16836558e+04  1.37e-02 3.42e-12  5.31e-04    13s
  30   1.15156215e+04  1.16657929e+04  1.21e-02 3.20e-12  4.48e-04    13s
  31   1.15444415e+04  1.16595235e+04  7.57e-03 3.20e-12  3.42e-04    13s
  32   1.15612418e+04  1.16457404e+04  4.79e-03 3.19e-12  2.50e-04    14s
  33   1.15635499e+04  1.16399056e+04  4.44e-03 3.40e-12  2.26e-04    14s
  34   1.15684511e+04  1.16368608e+04  3.93e-03 4.55e-12  2.03e-04    14s
  35   1.15746006e+04  1.16306930e+04  3.24e-03 3.26e-12  1.66e-04    14s
  36   1.15830591e+04  1.16248931e+04  2.23e-03 3.77e-12  1.24e-04    14s
  37   1.15886946e+04  1.16229442e+04  1.91e-03 4.36e-12  1.01e-04    15s
  38   1.15907803e+04  1.16206151e+04  1.76e-03 2.74e-12  8.85e-05    15s
  39   1.15945812e+04  1.16183955e+04  1.32e-03 3.87e-12  7.05e-05    15s
  40   1.15966852e+04  1.16162220e+04  1.07e-03 4.11e-12  5.79e-05    15s
  41   1.15975289e+04  1.16154435e+04  9.73e-04 4.33e-12  5.31e-05    15s
  42   1.15982553e+04  1.16146509e+04  8.58e-04 4.15e-12  4.85e-05    16s
  43   1.15995437e+04  1.16130174e+04  7.33e-04 4.29e-12  3.99e-05    16s
  44   1.16009455e+04  1.16121976e+04  6.18e-04 2.88e-12  3.33e-05    16s
  45   1.16012567e+04  1.16119125e+04  5.90e-04 3.21e-12  3.16e-05    16s
  46   1.16014053e+04  1.16117969e+04  5.73e-04 3.65e-12  3.08e-05    16s
  47   1.16016707e+04  1.16111408e+04  4.70e-04 3.82e-12  2.80e-05    17s
  48   1.16028449e+04  1.16106944e+04  3.68e-04 3.74e-12  2.32e-05    17s
  49   1.16031478e+04  1.16100128e+04  3.15e-04 4.26e-12  2.03e-05    17s
  50   1.16036574e+04  1.16101795e+04  2.76e-04 4.43e-12  1.93e-05    17s
  51   1.16037933e+04  1.16092832e+04  2.41e-04 4.25e-12  1.62e-05    18s
  52   1.16042219e+04  1.16089840e+04  2.05e-04 4.15e-12  1.41e-05    18s
  53   1.16047328e+04  1.16089072e+04  1.75e-04 4.69e-12  1.23e-05    18s
  54   1.16048122e+04  1.16087258e+04  1.70e-04 4.85e-12  1.16e-05    18s
  55   1.16050007e+04  1.16087046e+04  1.58e-04 4.81e-12  1.09e-05    18s
  56   1.16055730e+04  1.16086159e+04  1.25e-04 4.45e-12  8.98e-06    19s
  57   1.16057286e+04  1.16082117e+04  1.15e-04 4.40e-12  7.34e-06    19s
  58   1.16062226e+04  1.16080780e+04  8.25e-05 3.66e-12  5.48e-06    19s
  59   1.16074108e+04  1.16079366e+04  1.03e-05 4.89e-12  1.54e-06    19s
  60   1.16075456e+04  1.16077548e+04  2.21e-06 3.84e-12  6.12e-07    20s
  61   1.16075720e+04  1.16077297e+04  1.19e-06 5.31e-12  4.61e-07    20s
  62   1.16075888e+04  1.16076939e+04  8.04e-07 6.49e-12  3.07e-07    20s
  63   1.16075953e+04  1.16076865e+04  7.30e-07 7.04e-12  2.67e-07    20s
  64   1.16076044e+04  1.16076815e+04  6.33e-07 5.36e-12  2.25e-07    20s
  65   1.16076113e+04  1.16076807e+04  5.59e-07 6.39e-12  2.03e-07    20s
  66   1.16076321e+04  1.16076772e+04  3.45e-07 7.35e-12  1.32e-07    20s
  67   1.16076554e+04  1.16076685e+04  1.03e-07 5.89e-12  3.84e-08    21s
  68   1.16076654e+04  1.16076668e+04  7.76e-09 5.61e-12  3.92e-09    21s
  69   1.16076656e+04  1.16076666e+04  1.39e-08 5.93e-12  2.87e-09    21s
  70   1.16076662e+04  1.16076663e+04  1.29e-08 7.93e-12  4.65e-10    21s
  71   1.16076662e+04  1.16076663e+04  5.03e-08 6.82e-12  3.57e-10    21s
  72   1.16076663e+04  1.16076663e+04  9.11e-09 7.93e-12  3.05e-11    21s

Barrier solved model in 72 iterations and 21.41 seconds (17.44 work units)
Optimal objective 1.16076663e+04

Crossover log...

  122167 DPushes remaining with DInf 0.0000000e+00                22s
       0 DPushes remaining with DInf 0.0000000e+00                23s

     730 PPushes remaining with PInf 0.0000000e+00                23s
       0 PPushes remaining with PInf 0.0000000e+00                23s

  Push phase complete: Pinf 0.0000000e+00, Dinf 2.5816563e-11     23s


Solved with barrier
Extra simplex iterations after uncrush: 1682
Iteration    Objective       Primal Inf.    Dual Inf.      Time
   61509    1.1607666e+04   0.000000e+00   0.000000e+00     24s

Use crossover to convert LP symmetric solution to basic solution...
Crossover log...

   38989 DPushes remaining with DInf 0.0000000e+00                25s
   33790 DPushes remaining with DInf 0.0000000e+00                25s
       0 DPushes remaining with DInf 0.0000000e+00                27s

    2681 PPushes remaining with PInf 0.0000000e+00                27s
       0 PPushes remaining with PInf 0.0000000e+00                27s

  Push phase complete: Pinf 0.0000000e+00, Dinf 1.0126468e-12     27s

Iteration    Objective       Primal Inf.    Dual Inf.      Time
  106539    1.1607666e+04   0.000000e+00   1.151197e+04     30s
  110892    1.1607708e+04   0.000000e+00   7.046988e+03     36s
  113300    1.1607716e+04   0.000000e+00   6.215647e+04     41s
  115708    1.1607722e+04   0.000000e+00   9.414438e+03     46s
  118116    1.1607727e+04   0.000000e+00   2.578447e+04     51s
  120524    1.1607731e+04   0.000000e+00   1.059452e+04     56s
  122330    1.1607734e+04   0.000000e+00   8.024602e+03     60s
  124738    1.1607738e+04   0.000000e+00   6.376540e+03     66s
  126544    1.1607740e+04   0.000000e+00   8.198050e+03     70s
  128952    1.1607742e+04   0.000000e+00   5.044989e+03     76s
  130758    1.1607743e+04   0.000000e+00   4.145054e+03     81s
  132564    1.1607745e+04   0.000000e+00   3.164345e+03     85s
  134972    1.1607747e+04   0.000000e+00   3.646331e+03     91s
  136778    1.1607748e+04   0.000000e+00   1.179021e+04     96s
  138584    1.1607749e+04   0.000000e+00   4.169547e+04    101s
  140390    1.1607750e+04   0.000000e+00   5.369563e+03    106s
  142196    1.1607750e+04   0.000000e+00   2.372836e+03    111s
  144002    1.1607751e+04   0.000000e+00   4.833570e+03    116s
  145808    1.1607752e+04   0.000000e+00   1.426430e+03    122s
  147012    1.1607752e+04   0.000000e+00   1.039397e+03    126s
  148818    1.1607753e+04   0.000000e+00   1.145330e+03    131s
  150624    1.1607753e+04   0.000000e+00   7.480640e+02    135s
  152430    1.1607754e+04   0.000000e+00   1.068475e+03    140s
  154236    1.1607754e+04   0.000000e+00   1.220887e+04    145s
  156042    1.1607755e+04   0.000000e+00   2.873755e+03    151s
  157848    1.1607755e+04   0.000000e+00   1.185397e+03    156s
  159654    1.1607755e+04   0.000000e+00   5.645388e+02    162s
  160858    1.1607755e+04   0.000000e+00   7.644275e+02    165s
  162664    1.1607756e+04   0.000000e+00   2.529181e+02    170s
  164470    1.1607756e+04   0.000000e+00   4.624323e+02    177s
  166276    1.1607756e+04   0.000000e+00   1.588291e+02    182s
  167480    1.1607756e+04   0.000000e+00   2.916055e+02    186s
  169286    1.1607756e+04   0.000000e+00   1.222861e+02    191s
  171694    1.1607756e+04   0.000000e+00   1.463429e+02    197s
  172898    1.1607756e+04   0.000000e+00   6.593948e+01    201s
  174704    1.1607756e+04   0.000000e+00   8.727232e+01    206s
  176510    1.1607756e+04   0.000000e+00   7.346232e+01    212s
  178316    1.1607756e+04   0.000000e+00   1.790873e+01    216s
  179520    1.1607756e+04   0.000000e+00   5.001651e+01    220s
  181326    1.1607756e+04   0.000000e+00   6.072788e+00    226s
  183132    1.1607756e+04   0.000000e+00   1.224840e-01    232s
  184336    1.1607756e+04   0.000000e+00   2.944153e-02    236s
  185296    1.1607756e+04   0.000000e+00   8.863688e-05    241s
Extra simplex iterations after uncrush: 82238
  185404    1.1607666e+04   0.000000e+00   0.000000e+00    242s

Solved in 185404 iterations and 242.47 seconds (424.07 work units)
Optimal objective  1.160766631e+04
