
Gurobi 10.0.1 (linux64) logging started Mon Mar 10 21:37:00 2025

Set parameter LogFile to value "Results/Conservative_experiment/c1_0.40_c2_0.30.log"
Set parameter TimeLimit to value 36000
Gurobi Optimizer version 10.0.1 build v10.0.1rc0 (linux64)

CPU model: AMD EPYC 9654 96-Core Processor, instruction set [SSE2|AVX|AVX2|AVX512]
Thread count: 192 physical cores, 192 logical processors, using up to 32 threads

Academic license 656792 - for non-commercial use only - registered to b.___@student.vu.nl
Optimize a model with 1498050 rows, 1622512 columns and 5976640 nonzeros
Model fingerprint: 0x3b5358eb
Coefficient statistics:
  Matrix range     [3e-01, 1e+00]
  Objective range  [6e-02, 5e+00]
  Bounds range     [0e+00, 0e+00]
  RHS range        [1e-02, 1e+03]
Presolve removed 955510 rows and 878809 columns (presolve time = 5s) ...
Presolve removed 955510 rows and 878809 columns
Presolve time: 5.22s
Presolved: 542540 rows, 743703 columns, 2508755 nonzeros

Concurrent LP optimizer: primal simplex, dual simplex, and barrier
Showing barrier log only...

Ordering time: 1.39s

Barrier statistics:
 AA' NZ     : 1.721e+06
 Factor NZ  : 1.393e+07 (roughly 250 MB of memory)
 Factor Ops : 7.897e+09 (less than 1 second per iteration)
 Threads    : 30

                  Objective                Residual
Iter       Primal          Dual         Primal    Dual     Compl     Time
   0  -1.20986490e+07  1.39580141e+08  9.12e+05 1.21e+02  2.81e+04     8s
   1  -1.09529168e+07  1.12074718e+08  3.84e+05 8.61e+01  1.05e+04     8s
   2  -1.35280009e+07  6.80377153e+07  8.44e+04 2.80e+01  2.57e+03     8s
   3  -2.82554012e+07  5.96737622e+07  2.24e+04 2.45e+01  1.14e+03     9s
   4  -3.06488072e+07  1.25765433e+07  1.20e+04 3.99e+00  4.05e+02     9s
   5  -1.51607240e+07  4.33032084e+06  4.17e+03 8.94e-01  1.38e+02     9s
   6  -5.69911138e+06  2.11523096e+06  1.12e+03 2.51e-01  4.34e+01     9s
   7  -1.23556047e+06  7.38641085e+05  1.95e+02 2.02e-02  8.96e+00     9s
   8  -2.57982322e+05  3.54280344e+05  4.09e+01 5.31e-03  2.47e+00     9s
   9  -6.33582947e+04  1.50834804e+05  1.19e+01 2.76e-04  7.99e-01    10s
  10  -2.45193444e+04  8.59650335e+04  6.43e+00 1.92e-12  3.92e-01    10s
  11  -7.89568227e+03  5.42203296e+04  2.97e+00 4.78e-12  2.04e-01    10s
  12   7.07594055e+02  3.53088302e+04  1.65e+00 1.91e-12  1.09e-01    10s
  13   6.21013157e+03  3.16083691e+04  7.65e-01 2.91e-12  7.76e-02    10s
  14   6.41617579e+03  2.23224988e+04  7.36e-01 1.99e-12  4.86e-02    10s
  15   9.51105146e+03  1.64313217e+04  2.54e-01 1.63e-12  2.07e-02    11s
  16   9.93838439e+03  1.44545204e+04  1.99e-01 3.12e-12  1.35e-02    11s
  17   1.03437582e+04  1.35098831e+04  1.46e-01 2.55e-12  9.47e-03    11s
  18   1.06972563e+04  1.29798470e+04  9.99e-02 3.49e-12  6.81e-03    11s
  19   1.07444697e+04  1.28352870e+04  9.37e-02 3.37e-12  6.24e-03    11s
  20   1.09500268e+04  1.23705661e+04  6.80e-02 2.68e-12  4.24e-03    11s
  21   1.10092133e+04  1.21831955e+04  6.10e-02 3.58e-12  3.51e-03    12s
  22   1.12441945e+04  1.19333318e+04  3.13e-02 2.36e-12  2.05e-03    12s
  23   1.13031048e+04  1.18169892e+04  2.45e-02 3.30e-12  1.53e-03    12s
  24   1.13100818e+04  1.17990546e+04  2.38e-02 3.00e-12  1.46e-03    12s
  25   1.13787384e+04  1.17394887e+04  1.71e-02 3.69e-12  1.08e-03    12s
  26   1.14325119e+04  1.17316289e+04  1.36e-02 2.38e-12  8.91e-04    12s
  27   1.14573764e+04  1.17116517e+04  1.18e-02 2.79e-12  7.58e-04    13s
  28   1.14907678e+04  1.16837905e+04  9.32e-03 2.94e-12  5.76e-04    13s
  29   1.15129553e+04  1.16638089e+04  7.30e-03 3.23e-12  4.50e-04    13s
  30   1.15445485e+04  1.16489040e+04  4.01e-03 3.95e-12  3.10e-04    13s
  31   1.15604802e+04  1.16420255e+04  2.83e-03 3.33e-12  2.42e-04    13s
  32   1.15698966e+04  1.16310893e+04  2.19e-03 2.96e-12  1.82e-04    14s
  33   1.15810087e+04  1.16222511e+04  1.31e-03 2.88e-12  1.22e-04    14s
  34   1.15893937e+04  1.16150148e+04  8.21e-04 3.49e-12  7.59e-05    14s
  35   1.15960997e+04  1.16074478e+04  4.53e-04 3.54e-12  3.38e-05    14s
  36   1.15969794e+04  1.16055854e+04  3.99e-04 3.06e-12  2.57e-05    15s
  37   1.15981415e+04  1.16051641e+04  3.12e-04 4.36e-12  2.09e-05    15s
  38   1.15989605e+04  1.16045581e+04  2.38e-04 3.73e-12  1.67e-05    15s
  39   1.15991391e+04  1.16042312e+04  2.26e-04 3.85e-12  1.52e-05    15s
  40   1.15998341e+04  1.16040061e+04  1.75e-04 4.06e-12  1.24e-05    15s
  41   1.16007620e+04  1.16037034e+04  1.20e-04 3.09e-12  8.76e-06    15s
  42   1.16021246e+04  1.16032830e+04  4.56e-05 2.84e-12  3.45e-06    16s
  43   1.16028366e+04  1.16030817e+04  8.00e-06 3.00e-12  7.27e-07    16s
  44   1.16029792e+04  1.16030188e+04  6.51e-07 2.69e-12  1.17e-07    16s
  45   1.16029957e+04  1.16029981e+04  3.54e-08 3.77e-12  7.10e-09    16s
  46   1.16029968e+04  1.16029968e+04  1.12e-09 4.08e-12  5.74e-11    16s

Barrier solved model in 46 iterations and 16.27 seconds (13.17 work units)
Optimal objective 1.16029968e+04

Crossover log...

   79073 DPushes remaining with DInf 0.0000000e+00                16s
       0 DPushes remaining with DInf 0.0000000e+00                18s

   51890 PPushes remaining with PInf 0.0000000e+00                18s
       0 PPushes remaining with PInf 0.0000000e+00                18s

  Push phase complete: Pinf 0.0000000e+00, Dinf 2.3903490e-11     18s


Solved with barrier
Iteration    Objective       Primal Inf.    Dual Inf.      Time
  100553    1.1603024e+04   0.000000e+00   1.346280e+02     20s
Extra simplex iterations after uncrush: 3768
  101465    1.1602997e+04   0.000000e+00   0.000000e+00     21s

Use crossover to convert LP symmetric solution to basic solution...
Crossover log...

   42409 DPushes remaining with DInf 0.0000000e+00                22s
       0 DPushes remaining with DInf 0.0000000e+00                23s

    3984 PPushes remaining with PInf 0.0000000e+00                23s
       0 PPushes remaining with PInf 0.0000000e+00                23s

  Push phase complete: Pinf 0.0000000e+00, Dinf 8.8202557e-13     23s

Iteration    Objective       Primal Inf.    Dual Inf.      Time
  151093    1.1602997e+04   0.000000e+00   6.516805e+02     25s
  153501    1.1603001e+04   0.000000e+00   5.368534e+03     31s
  155307    1.1603002e+04   0.000000e+00   2.253683e+03     36s
  157113    1.1603003e+04   0.000000e+00   3.466724e+02     41s
  158919    1.1603003e+04   0.000000e+00   2.320177e+02     46s
  160725    1.1603003e+04   0.000000e+00   1.020818e+02     52s
  161929    1.1603003e+04   0.000000e+00   1.690162e+02     55s
  163735    1.1603003e+04   0.000000e+00   2.599982e+02     60s
  165541    1.1603004e+04   0.000000e+00   4.749899e+02     65s
  167347    1.1603004e+04   0.000000e+00   8.406262e+01     71s
  169153    1.1603004e+04   0.000000e+00   6.081490e+00     77s
  170357    1.1603004e+04   0.000000e+00   1.157312e+01     80s
  172163    1.1603004e+04   0.000000e+00   2.784844e+01     86s
  173367    1.1603004e+04   0.000000e+00   9.918187e+00     91s
  175173    1.1603004e+04   0.000000e+00   2.848742e+00     97s
  176377    1.1603004e+04   0.000000e+00   3.249525e+00    102s
  177417    1.1603004e+04   0.000000e+00   1.838900e+00    106s
Extra simplex iterations after uncrush: 30018
  177853    1.1602997e+04   0.000000e+00   0.000000e+00    110s

Solved in 177853 iterations and 109.54 seconds (221.33 work units)
Optimal objective  1.160299684e+04
