
Gurobi 10.0.1 (linux64) logging started Mon Mar 10 21:36:34 2025

Set parameter LogFile to value "Results/Conservative_experiment/c1_0.10_c2_0.00.log"
Set parameter TimeLimit to value 36000
Gurobi Optimizer version 10.0.1 build v10.0.1rc0 (linux64)

CPU model: AMD EPYC 9654 96-Core Processor, instruction set [SSE2|AVX|AVX2|AVX512]
Thread count: 192 physical cores, 192 logical processors, using up to 32 threads

Academic license 656792 - for non-commercial use only - registered to b.___@student.vu.nl
Optimize a model with 1498050 rows, 1622512 columns and 5965248 nonzeros
Model fingerprint: 0xfe12cce4
Coefficient statistics:
  Matrix range     [1e-01, 1e+00]
  Objective range  [6e-02, 5e+00]
  Bounds range     [0e+00, 0e+00]
  RHS range        [1e-02, 1e+03]
Presolve removed 1137941 rows and 1144695 columns
Presolve time: 4.47s
Presolved: 360109 rows, 477817 columns, 1778097 nonzeros

Concurrent LP optimizer: primal simplex, dual simplex, and barrier
Showing barrier log only...

Ordering time: 0.98s

Barrier statistics:
 AA' NZ     : 3.019e+05
 Factor NZ  : 3.493e+06 (roughly 70 MB of memory)
 Factor Ops : 1.234e+09 (less than 1 second per iteration)
 Threads    : 30

                  Objective                Residual
Iter       Primal          Dual         Primal    Dual     Compl     Time
   0  -3.63756682e+09  1.78172279e+08  7.08e+05 8.32e+01  5.52e+04     6s
   1  -1.27989715e+09  1.30057375e+08  2.46e+05 9.28e+01  1.58e+04     6s
   2  -3.50254578e+08  6.78842863e+07  6.59e+04 3.22e+00  4.05e+03     6s
   3  -7.84817268e+07  1.68575445e+07  1.44e+04 1.07e-01  8.88e+02     6s
   4  -2.33510451e+07  5.11859729e+06  4.24e+03 9.43e-03  2.59e+02     6s
   5  -1.38408765e+07  2.93303420e+06  2.49e+03 6.47e-04  1.50e+02     6s
   6  -5.73093902e+06  1.36010700e+06  1.01e+03 8.73e-11  6.19e+01     6s
   7  -1.91214264e+06  5.00384115e+05  3.31e+02 4.37e-11  2.03e+01     7s
   8  -2.80908368e+05  2.02473938e+05  4.85e+01 8.28e-11  4.12e+00     7s
   9  -7.10345142e+04  1.12207705e+05  1.30e+01 4.41e-11  1.58e+00     7s
  10  -1.79550454e+04  3.97222938e+04  4.26e+00 7.45e-12  4.58e-01     7s
  11  -1.06498043e+03  2.59757237e+04  1.77e+00 4.13e-12  2.12e-01     7s
  12   6.25802080e+03  1.78658117e+04  7.01e-01 5.00e-12  8.90e-02     7s
  13   7.62246400e+03  1.50022094e+04  5.10e-01 4.86e-12  5.26e-02     7s
  14   9.11139887e+03  1.34652841e+04  3.08e-01 5.02e-12  3.01e-02     7s
  15   9.94417203e+03  1.27308399e+04  1.96e-01 4.81e-12  1.91e-02     7s
  16   1.07364107e+04  1.21954823e+04  9.29e-02 5.19e-12  1.04e-02     7s
  17   1.09406898e+04  1.18608880e+04  6.66e-02 5.52e-12  6.15e-03     7s
  18   1.11883467e+04  1.16797887e+04  3.60e-02 5.51e-12  3.26e-03     7s
  19   1.12628974e+04  1.16262892e+04  2.67e-02 4.48e-12  2.40e-03     7s
  20   1.13363291e+04  1.16105124e+04  1.79e-02 7.05e-12  1.91e-03     7s
  21   1.13449777e+04  1.15945049e+04  1.70e-02 5.35e-12  1.71e-03     7s
  22   1.13696130e+04  1.15740944e+04  1.40e-02 5.28e-12  1.40e-03     7s
  23   1.14432306e+04  1.15379780e+04  5.26e-03 6.09e-12  7.03e-04     7s
  24   1.14492242e+04  1.15300587e+04  4.66e-03 4.70e-12  5.92e-04     7s
  25   1.14525065e+04  1.15280802e+04  4.33e-03 5.80e-12  5.55e-04     7s
  26   1.14572953e+04  1.15257598e+04  3.86e-03 6.48e-12  5.06e-04     7s
  27   1.14673538e+04  1.15225364e+04  2.87e-03 5.90e-12  4.19e-04     8s
  28   1.14706780e+04  1.15205404e+04  2.55e-03 5.50e-12  3.80e-04     8s
  29   1.14717268e+04  1.15171829e+04  2.45e-03 6.59e-12  3.41e-04     8s
  30   1.14776981e+04  1.15161940e+04  1.88e-03 8.04e-12  2.97e-04     8s
  31   1.14794456e+04  1.15118970e+04  1.73e-03 5.78e-12  2.44e-04     8s
  32   1.14826718e+04  1.15115797e+04  1.48e-03 6.11e-12  2.20e-04     8s
  33   1.14948634e+04  1.15085416e+04  6.43e-04 5.54e-12  1.07e-04     8s
  34   1.14974886e+04  1.15062669e+04  4.54e-04 7.15e-12  6.68e-05     8s
  35   1.14995422e+04  1.15046787e+04  3.02e-04 6.82e-12  3.75e-05     8s
  36   1.15004765e+04  1.15039876e+04  1.88e-04 4.93e-12  2.65e-05     8s
  37   1.15014384e+04  1.15037923e+04  9.77e-05 6.36e-12  1.90e-05     8s
  38   1.15019482e+04  1.15034160e+04  5.35e-05 7.06e-12  1.22e-05     8s
  39   1.15023109e+04  1.15033491e+04  3.13e-05 9.71e-12  8.91e-06     8s
  40   1.15028976e+04  1.15032269e+04  8.31e-06 6.65e-12  2.90e-06     8s
  41   1.15030869e+04  1.15031146e+04  5.35e-07 5.89e-12  2.51e-07     8s
  42   1.15031034e+04  1.15031073e+04  2.65e-08 5.34e-12  3.71e-08     8s
  43   1.15031042e+04  1.15031050e+04  1.28e-08 9.22e-12  7.24e-09     8s
  44   1.15031049e+04  1.15031049e+04  2.65e-09 5.75e-12  1.40e-10     9s

Barrier solved model in 44 iterations and 8.50 seconds (5.96 work units)
Optimal objective 1.15031049e+04

Crossover log...

   31303 DPushes remaining with DInf 0.0000000e+00                 9s
       0 DPushes remaining with DInf 0.0000000e+00                 9s

     530 PPushes remaining with PInf 2.8882415e-05                 9s
       0 PPushes remaining with PInf 0.0000000e+00                 9s

  Push phase complete: Pinf 0.0000000e+00, Dinf 8.1920527e-01      9s

Iteration    Objective       Primal Inf.    Dual Inf.      Time
   22991    1.1503105e+04   0.000000e+00   8.192053e-01      9s

Solved with barrier
Extra simplex iterations after uncrush: 1434
   24451    1.1503105e+04   0.000000e+00   0.000000e+00     10s

Use crossover to convert LP symmetric solution to basic solution...
Crossover log...

   10192 DPushes remaining with DInf 0.0000000e+00                10s
       0 DPushes remaining with DInf 0.0000000e+00                11s

     842 PPushes remaining with PInf 0.0000000e+00                11s
       0 PPushes remaining with PInf 0.0000000e+00                11s

  Push phase complete: Pinf 0.0000000e+00, Dinf 9.4220934e-01     11s

Iteration    Objective       Primal Inf.    Dual Inf.      Time
   35419    1.1503105e+04   0.000000e+00   9.422093e-01     11s
   40044    1.1503105e+04   0.000000e+00   2.333509e+05     16s
   43054    1.1503226e+04   0.000000e+00   8.066794e+04     20s
   46064    1.1503343e+04   0.000000e+00   1.414546e+05     26s
   48472    1.1503432e+04   0.000000e+00   1.777085e+05     30s
   50880    1.1503505e+04   0.000000e+00   1.327398e+05     35s
   53890    1.1503599e+04   0.000000e+00   1.407556e+05     42s
   55094    1.1503626e+04   0.000000e+00   1.878387e+05     46s
   56900    1.1503665e+04   0.000000e+00   2.915961e+05     52s
   58706    1.1503711e+04   0.000000e+00   3.253961e+05     56s
   60512    1.1503759e+04   0.000000e+00   3.466441e+05     61s
   62318    1.1503793e+04   0.000000e+00   8.228325e+05     65s
   64726    1.1503833e+04   0.000000e+00   2.277249e+05     71s
   66532    1.1503864e+04   0.000000e+00   7.663661e+05     76s
   68338    1.1503890e+04   0.000000e+00   1.949139e+05     81s
   69542    1.1503905e+04   0.000000e+00   3.078179e+05     86s
   70746    1.1503918e+04   0.000000e+00   4.918188e+05     90s
   71950    1.1503930e+04   0.000000e+00   1.045638e+05     95s
   73756    1.1503946e+04   0.000000e+00   3.827632e+05    102s
   74960    1.1503957e+04   0.000000e+00   5.645553e+05    107s
   76164    1.1503969e+04   0.000000e+00   2.754527e+05    111s
   77368    1.1503983e+04   0.000000e+00   3.836819e+05    115s
   79174    1.1503997e+04   0.000000e+00   2.746759e+05    122s
   80378    1.1504006e+04   0.000000e+00   3.588828e+05    126s
   81582    1.1504014e+04   0.000000e+00   2.162377e+05    130s
   83388    1.1504023e+04   0.000000e+00   2.875687e+05    136s
   84592    1.1504028e+04   0.000000e+00   3.832075e+05    140s
   86398    1.1504037e+04   0.000000e+00   4.825945e+05    147s
   87602    1.1504045e+04   0.000000e+00   2.758954e+05    152s
   88806    1.1504055e+04   0.000000e+00   1.462826e+05    157s
   90010    1.1504063e+04   0.000000e+00   6.462628e+05    162s
   91214    1.1504071e+04   0.000000e+00   8.772623e+05    167s
   91816    1.1504075e+04   0.000000e+00   3.678006e+05    170s
   93020    1.1504082e+04   0.000000e+00   1.071836e+06    176s
   94224    1.1504091e+04   0.000000e+00   7.350136e+05    181s
   95428    1.1504098e+04   0.000000e+00   2.151868e+06    187s
   96632    1.1504104e+04   0.000000e+00   2.473332e+05    193s
   97234    1.1504109e+04   0.000000e+00   4.178221e+05    196s
   98438    1.1504116e+04   0.000000e+00   3.334859e+05    202s
   99040    1.1504119e+04   0.000000e+00   5.697089e+05    205s
  100244    1.1504125e+04   0.000000e+00   5.242881e+05    212s
  100846    1.1504129e+04   0.000000e+00   2.884263e+05    215s
  102050    1.1504135e+04   0.000000e+00   4.735560e+05    223s
  102652    1.1504138e+04   0.000000e+00   4.550398e+05    227s
  103254    1.1504140e+04   0.000000e+00   5.596808e+05    230s
  104458    1.1504145e+04   0.000000e+00   7.508593e+05    239s
  105060    1.1504148e+04   0.000000e+00   2.416948e+05    242s
  105662    1.1504151e+04   0.000000e+00   7.425062e+05    246s
  106264    1.1504153e+04   0.000000e+00   5.367677e+05    250s
  107468    1.1504160e+04   0.000000e+00   9.435460e+05    258s
  108070    1.1504163e+04   0.000000e+00   6.020928e+05    263s
  108672    1.1504167e+04   0.000000e+00   2.280042e+05    266s
  109274    1.1504169e+04   0.000000e+00   7.834600e+05    271s
  109876    1.1504171e+04   0.000000e+00   2.419457e+05    275s
  111080    1.1504178e+04   0.000000e+00   6.499686e+05    284s
  111682    1.1504181e+04   0.000000e+00   2.334590e+05    288s
  112284    1.1504184e+04   0.000000e+00   2.646325e+05    292s
  112886    1.1504188e+04   0.000000e+00   1.844095e+05    297s
  113488    1.1504191e+04   0.000000e+00   9.734349e+05    301s
  114090    1.1504193e+04   0.000000e+00   4.765930e+05    306s
  115294    1.1504199e+04   0.000000e+00   4.606900e+05    314s
  115896    1.1504202e+04   0.000000e+00   3.103148e+05    319s
  116498    1.1504206e+04   0.000000e+00   2.177479e+05    324s
  117100    1.1504209e+04   0.000000e+00   1.633067e+05    328s
  117702    1.1504212e+04   0.000000e+00   1.702360e+05    333s
  118304    1.1504214e+04   0.000000e+00   2.856371e+05    337s
  118906    1.1504216e+04   0.000000e+00   3.586986e+05    342s
  119508    1.1504219e+04   0.000000e+00   3.626668e+05    347s
  120110    1.1504222e+04   0.000000e+00   2.777218e+05    351s
  120712    1.1504225e+04   0.000000e+00   2.812197e+05    356s
  121314    1.1504228e+04   0.000000e+00   3.530706e+05    361s
  121916    1.1504229e+04   0.000000e+00   3.899121e+05    365s
  122518    1.1504232e+04   0.000000e+00   4.766696e+05    370s
  123120    1.1504235e+04   0.000000e+00   2.532482e+06    375s
  124324    1.1504240e+04   0.000000e+00   6.297042e+06    384s
  124926    1.1504242e+04   0.000000e+00   1.079904e+06    389s
  125528    1.1504244e+04   0.000000e+00   2.476178e+05    393s
  126130    1.1504245e+04   0.000000e+00   4.402269e+05    398s
  126732    1.1504247e+04   0.000000e+00   1.124396e+05    404s
  127334    1.1504249e+04   0.000000e+00   2.857098e+05    409s
  127936    1.1504252e+04   0.000000e+00   3.258343e+05    415s
  128526    1.1504255e+04   0.000000e+00   5.984777e+05    420s
  129128    1.1504258e+04   0.000000e+00   4.812996e+05    426s
  129730    1.1504260e+04   0.000000e+00   1.490006e+06    431s
  130332    1.1504261e+04   0.000000e+00   7.015361e+05    436s
  130902    1.1504264e+04   0.000000e+00   3.359104e+05    441s
  131472    1.1504266e+04   0.000000e+00   2.592489e+05    447s
  132074    1.1504268e+04   0.000000e+00   3.978284e+05    452s
  132674    1.1504270e+04   0.000000e+00   2.163236e+05    458s
  133276    1.1504271e+04   0.000000e+00   1.703341e+05    463s
  133836    1.1504273e+04   0.000000e+00   3.514944e+05    468s
  134438    1.1504276e+04   0.000000e+00   2.353112e+05    474s
  135038    1.1504277e+04   0.000000e+00   5.066574e+05    479s
  135638    1.1504280e+04   0.000000e+00   3.911350e+05    485s
  136198    1.1504281e+04   0.000000e+00   1.127928e+06    490s
  136758    1.1504284e+04   0.000000e+00   2.793826e+05    496s
  137308    1.1504286e+04   0.000000e+00   2.584676e+05    501s
  137878    1.1504288e+04   0.000000e+00   4.957965e+05    507s
  138468    1.1504291e+04   0.000000e+00   3.936488e+05    512s
  139070    1.1504293e+04   0.000000e+00   9.156441e+05    518s
  139672    1.1504294e+04   0.000000e+00   5.115397e+05    523s
  140232    1.1504296e+04   0.000000e+00   1.921567e+05    528s
  140834    1.1504298e+04   0.000000e+00   3.443502e+05    533s
  141436    1.1504300e+04   0.000000e+00   4.354837e+05    539s
  142038    1.1504302e+04   0.000000e+00   2.037058e+05    544s
  142618    1.1504304e+04   0.000000e+00   3.495886e+05    550s
  143158    1.1504306e+04   0.000000e+00   1.603992e+05    555s
  143708    1.1504307e+04   0.000000e+00   1.408463e+05    561s
  144248    1.1504309e+04   0.000000e+00   3.062676e+05    566s
  144768    1.1504310e+04   0.000000e+00   3.759197e+05    572s
  145308    1.1504311e+04   0.000000e+00   3.686149e+05    578s
  145808    1.1504313e+04   0.000000e+00   1.639240e+05    583s
  146328    1.1504314e+04   0.000000e+00   2.490616e+05    588s
  146888    1.1504316e+04   0.000000e+00   1.014949e+06    594s
  147490    1.1504318e+04   0.000000e+00   5.608066e+05    599s
  148030    1.1504319e+04   0.000000e+00   5.165674e+05    605s
  148620    1.1504320e+04   0.000000e+00   2.436038e+05    610s
  149220    1.1504321e+04   0.000000e+00   1.720650e+05    616s
  149760    1.1504323e+04   0.000000e+00   3.109496e+05    622s
  150270    1.1504324e+04   0.000000e+00   3.643783e+05    627s
  150780    1.1504326e+04   0.000000e+00   2.795323e+05    633s
  151270    1.1504327e+04   0.000000e+00   3.974490e+05    638s
  151800    1.1504329e+04   0.000000e+00   3.228081e+05    644s
  152402    1.1504331e+04   0.000000e+00   7.435794e+05    649s
  152982    1.1504332e+04   0.000000e+00   3.178689e+05    655s
  153584    1.1504334e+04   0.000000e+00   2.352847e+05    660s
  154184    1.1504336e+04   0.000000e+00   3.811753e+05    666s
  154784    1.1504338e+04   0.000000e+00   5.126890e+05    672s
  155384    1.1504340e+04   0.000000e+00   9.363905e+05    677s
  155934    1.1504342e+04   0.000000e+00   3.072627e+05    683s
  156414    1.1504343e+04   0.000000e+00   1.716932e+05    688s
  156934    1.1504344e+04   0.000000e+00   3.904482e+05    694s
  157514    1.1504346e+04   0.000000e+00   3.203862e+05    699s
  158084    1.1504347e+04   0.000000e+00   5.758772e+05    705s
  158684    1.1504349e+04   0.000000e+00   5.424801e+05    711s
  159234    1.1504351e+04   0.000000e+00   1.104328e+06    716s
  159814    1.1504353e+04   0.000000e+00   2.913449e+05    722s
  160416    1.1504356e+04   0.000000e+00   2.457177e+05    727s
  160976    1.1504357e+04   0.000000e+00   3.172428e+05    733s
  161546    1.1504358e+04   0.000000e+00   4.288507e+05    738s
  162066    1.1504359e+04   0.000000e+00   7.121948e+05    744s
  162566    1.1504360e+04   0.000000e+00   3.969968e+05    749s
  163096    1.1504362e+04   0.000000e+00   2.736593e+05    755s
  163566    1.1504363e+04   0.000000e+00   3.275507e+05    760s
  164046    1.1504364e+04   0.000000e+00   1.651300e+05    766s
  164546    1.1504365e+04   0.000000e+00   2.820389e+05    771s
  165036    1.1504366e+04   0.000000e+00   4.282672e+05    777s
  165566    1.1504368e+04   0.000000e+00   8.159922e+05    782s
  166056    1.1504369e+04   0.000000e+00   3.343257e+05    788s
  166596    1.1504370e+04   0.000000e+00   3.159588e+05    794s
  167126    1.1504371e+04   0.000000e+00   3.786087e+05    799s
  167586    1.1504372e+04   0.000000e+00   1.053683e+05    805s
  168136    1.1504373e+04   0.000000e+00   4.000520e+06    810s
  168656    1.1504374e+04   0.000000e+00   4.533836e+05    815s
  169166    1.1504375e+04   0.000000e+00   3.006825e+05    821s
  169686    1.1504376e+04   0.000000e+00   1.338176e+05    827s
  170176    1.1504377e+04   0.000000e+00   1.041767e+06    832s
  170756    1.1504379e+04   0.000000e+00   2.483812e+05    838s
  171296    1.1504380e+04   0.000000e+00   4.153964e+05    843s
  171836    1.1504382e+04   0.000000e+00   1.303366e+05    849s
  172366    1.1504383e+04   0.000000e+00   2.325228e+05    855s
  172916    1.1504384e+04   0.000000e+00   8.994597e+05    860s
  173416    1.1504385e+04   0.000000e+00   8.695213e+05    866s
  173926    1.1504386e+04   0.000000e+00   1.756643e+05    871s
  174416    1.1504387e+04   0.000000e+00   1.023468e+06    877s
  174876    1.1504388e+04   0.000000e+00   2.565988e+05    882s
  175316    1.1504389e+04   0.000000e+00   4.685821e+05    888s
  175756    1.1504391e+04   0.000000e+00   1.020213e+05    893s
  176216    1.1504391e+04   0.000000e+00   5.993354e+05    899s
  176746    1.1504392e+04   0.000000e+00   3.116048e+05    904s
  177226    1.1504393e+04   0.000000e+00   3.769756e+05    910s
  177756    1.1504395e+04   0.000000e+00   3.725128e+05    916s
  178256    1.1504396e+04   0.000000e+00   3.337383e+05    921s
  178726    1.1504398e+04   0.000000e+00   2.480289e+05    926s
  179246    1.1504399e+04   0.000000e+00   8.919491e+05    932s
  179746    1.1504400e+04   0.000000e+00   1.727417e+05    938s
  180266    1.1504401e+04   0.000000e+00   2.447636e+05    943s
  180786    1.1504403e+04   0.000000e+00   1.845192e+05    949s
  181316    1.1504404e+04   0.000000e+00   4.685886e+05    954s
  181796    1.1504405e+04   0.000000e+00   4.357552e+05    960s
  182306    1.1504406e+04   0.000000e+00   4.842523e+05    966s
  182796    1.1504407e+04   0.000000e+00   3.176751e+05    971s
  183236    1.1504408e+04   0.000000e+00   5.229415e+05    977s
  183746    1.1504409e+04   0.000000e+00   2.495959e+05    982s
  184216    1.1504410e+04   0.000000e+00   8.300712e+05    988s
  184666    1.1504411e+04   0.000000e+00   4.159807e+05    993s
  185106    1.1504411e+04   0.000000e+00   1.528723e+05    999s
  185556    1.1504412e+04   0.000000e+00   3.705615e+05   1004s
  185976    1.1504413e+04   0.000000e+00   3.666578e+05   1009s
  186426    1.1504414e+04   0.000000e+00   7.331718e+05   1015s
  186866    1.1504415e+04   0.000000e+00   4.637947e+05   1020s
  187346    1.1504416e+04   0.000000e+00   7.998294e+04   1026s
  187756    1.1504417e+04   0.000000e+00   1.995004e+05   1032s
  188246    1.1504418e+04   0.000000e+00   4.698910e+05   1037s
  188696    1.1504419e+04   0.000000e+00   1.293311e+05   1042s
  189166    1.1504420e+04   0.000000e+00   1.629809e+05   1048s
  189636    1.1504421e+04   0.000000e+00   9.676003e+05   1054s
  190076    1.1504422e+04   0.000000e+00   8.717221e+05   1059s
  190536    1.1504423e+04   0.000000e+00   1.376510e+05   1065s
  190996    1.1504424e+04   0.000000e+00   6.056296e+05   1070s
  191426    1.1504424e+04   0.000000e+00   3.509140e+05   1076s
  191866    1.1504425e+04   0.000000e+00   3.879420e+05   1081s
  192336    1.1504426e+04   0.000000e+00   4.927905e+05   1087s
  192786    1.1504427e+04   0.000000e+00   3.500106e+05   1092s
  193276    1.1504428e+04   0.000000e+00   1.352401e+06   1098s
  193786    1.1504429e+04   0.000000e+00   4.540397e+05   1104s
  194276    1.1504430e+04   0.000000e+00   3.530158e+05   1109s
  194816    1.1504431e+04   0.000000e+00   5.155433e+05   1115s
  195346    1.1504433e+04   0.000000e+00   2.622988e+05   1120s
  195856    1.1504434e+04   0.000000e+00   2.149158e+05   1126s
  196316    1.1504435e+04   0.000000e+00   2.730100e+05   1132s
  196746    1.1504435e+04   0.000000e+00   3.710161e+05   1137s
  197276    1.1504436e+04   0.000000e+00   2.965764e+05   1143s
  197746    1.1504438e+04   0.000000e+00   1.297836e+05   1148s
  198236    1.1504439e+04   0.000000e+00   8.364673e+05   1154s
  198766    1.1504440e+04   0.000000e+00   4.686337e+05   1160s
  199246    1.1504441e+04   0.000000e+00   8.706824e+04   1165s
  199706    1.1504442e+04   0.000000e+00   1.282927e+05   1170s
  200136    1.1504442e+04   0.000000e+00   1.547918e+05   1176s
  200616    1.1504443e+04   0.000000e+00   2.043415e+05   1182s
  201126    1.1504444e+04   0.000000e+00   2.784231e+05   1187s
  201646    1.1504445e+04   0.000000e+00   2.271834e+05   1193s
  202176    1.1504447e+04   0.000000e+00   2.064804e+05   1198s
  202676    1.1504447e+04   0.000000e+00   1.388781e+05   1204s
  203156    1.1504448e+04   0.000000e+00   1.116884e+06   1209s
  203656    1.1504450e+04   0.000000e+00   1.073611e+05   1215s
  204156    1.1504450e+04   0.000000e+00   2.277146e+05   1221s
  204636    1.1504451e+04   0.000000e+00   3.235313e+05   1226s
  205126    1.1504452e+04   0.000000e+00   2.639391e+05   1232s
  205656    1.1504453e+04   0.000000e+00   2.173290e+05   1237s
  206126    1.1504454e+04   0.000000e+00   9.397708e+04   1243s
  206606    1.1504454e+04   0.000000e+00   1.533005e+05   1249s
  207066    1.1504455e+04   0.000000e+00   1.202299e+05   1254s
  207626    1.1504457e+04   0.000000e+00   9.620853e+05   1260s
  208156    1.1504458e+04   0.000000e+00   1.503286e+05   1265s
  208666    1.1504459e+04   0.000000e+00   3.444730e+05   1271s
  209116    1.1504460e+04   0.000000e+00   1.072155e+05   1277s
  209556    1.1504461e+04   0.000000e+00   6.076271e+05   1282s
  210066    1.1504462e+04   0.000000e+00   2.989257e+05   1288s
  210536    1.1504463e+04   0.000000e+00   2.047525e+05   1294s
  210996    1.1504463e+04   0.000000e+00   1.218615e+05   1299s
  211436    1.1504464e+04   0.000000e+00   2.646109e+05   1305s
  211896    1.1504465e+04   0.000000e+00   2.052312e+05   1311s
  212386    1.1504466e+04   0.000000e+00   2.587204e+05   1316s
  212836    1.1504467e+04   0.000000e+00   2.867101e+05   1322s
  213256    1.1504467e+04   0.000000e+00   5.385715e+05   1327s
  213736    1.1504468e+04   0.000000e+00   4.553360e+05   1333s
  214206    1.1504469e+04   0.000000e+00   6.526449e+05   1339s
  214666    1.1504470e+04   0.000000e+00   6.610195e+05   1344s
  215086    1.1504470e+04   0.000000e+00   1.336106e+05   1350s
  215516    1.1504471e+04   0.000000e+00   1.186463e+05   1355s
  215946    1.1504472e+04   0.000000e+00   3.164532e+05   1361s
  216406    1.1504472e+04   0.000000e+00   2.728626e+05   1366s
  216846    1.1504473e+04   0.000000e+00   5.256382e+05   1372s
  217296    1.1504474e+04   0.000000e+00   9.193264e+05   1378s
  217736    1.1504475e+04   0.000000e+00   1.773674e+05   1383s
  218186    1.1504476e+04   0.000000e+00   2.092089e+06   1389s
  218656    1.1504477e+04   0.000000e+00   4.946927e+05   1394s
  219106    1.1504477e+04   0.000000e+00   2.586889e+05   1400s
  219566    1.1504478e+04   0.000000e+00   2.722722e+05   1405s
  220036    1.1504479e+04   0.000000e+00   3.023060e+05   1411s
  220446    1.1504479e+04   0.000000e+00   5.907274e+05   1417s
  220906    1.1504480e+04   0.000000e+00   2.356025e+05   1422s
  221386    1.1504481e+04   0.000000e+00   1.388239e+05   1428s
  221896    1.1504482e+04   0.000000e+00   1.401978e+05   1434s
  222336    1.1504483e+04   0.000000e+00   1.430994e+05   1440s
  222746    1.1504484e+04   0.000000e+00   2.591830e+05   1445s
  223196    1.1504484e+04   0.000000e+00   1.641161e+05   1450s
  223666    1.1504485e+04   0.000000e+00   1.875653e+05   1456s
  224126    1.1504486e+04   0.000000e+00   1.409821e+05   1461s
  224566    1.1504486e+04   0.000000e+00   4.348121e+05   1467s
  225016    1.1504487e+04   0.000000e+00   3.897351e+05   1473s
  225526    1.1504488e+04   0.000000e+00   3.125366e+05   1478s
  225996    1.1504489e+04   0.000000e+00   5.569458e+05   1484s
  226466    1.1504490e+04   0.000000e+00   4.779194e+05   1490s
  226866    1.1504490e+04   0.000000e+00   1.616349e+05   1496s
  227306    1.1504491e+04   0.000000e+00   3.585534e+05   1501s
  227736    1.1504492e+04   0.000000e+00   1.086563e+05   1507s
  228196    1.1504492e+04   0.000000e+00   1.362513e+05   1512s
  228676    1.1504493e+04   0.000000e+00   2.950080e+05   1518s
  229206    1.1504494e+04   0.000000e+00   4.230703e+05   1524s
  229696    1.1504494e+04   0.000000e+00   7.989586e+04   1530s
  230176    1.1504495e+04   0.000000e+00   2.976728e+05   1535s
  230636    1.1504496e+04   0.000000e+00   2.921501e+05   1541s
  231086    1.1504497e+04   0.000000e+00   2.111898e+05   1546s
  231526    1.1504497e+04   0.000000e+00   2.814154e+05   1552s
  231966    1.1504498e+04   0.000000e+00   1.269867e+05   1558s
  232406    1.1504498e+04   0.000000e+00   4.121704e+05   1563s
  232856    1.1504499e+04   0.000000e+00   1.499396e+05   1569s
  233286    1.1504500e+04   0.000000e+00   2.781882e+05   1574s
  233726    1.1504500e+04   0.000000e+00   8.193024e+05   1580s
  234186    1.1504501e+04   0.000000e+00   2.272125e+05   1586s
  234646    1.1504502e+04   0.000000e+00   3.475370e+05   1591s
  235086    1.1504502e+04   0.000000e+00   1.524112e+05   1597s
  235516    1.1504503e+04   0.000000e+00   2.185182e+05   1603s
  235956    1.1504504e+04   0.000000e+00   3.497629e+05   1609s
  236396    1.1504505e+04   0.000000e+00   1.175546e+05   1614s
  236866    1.1504505e+04   0.000000e+00   1.474273e+05   1619s
  237316    1.1504506e+04   0.000000e+00   1.368323e+05   1625s
  237746    1.1504506e+04   0.000000e+00   1.410594e+05   1630s
  238196    1.1504507e+04   0.000000e+00   8.398268e+04   1636s
  238646    1.1504508e+04   0.000000e+00   4.770890e+05   1642s
  239096    1.1504508e+04   0.000000e+00   1.679623e+05   1647s
  239546    1.1504509e+04   0.000000e+00   2.236703e+05   1653s
  239996    1.1504509e+04   0.000000e+00   1.026270e+05   1658s
  240456    1.1504510e+04   0.000000e+00   2.375278e+05   1664s
  240876    1.1504510e+04   0.000000e+00   2.255666e+05   1669s
  241296    1.1504511e+04   0.000000e+00   3.504856e+05   1674s
  241746    1.1504512e+04   0.000000e+00   5.130318e+05   1680s
  242216    1.1504513e+04   0.000000e+00   6.705705e+05   1686s
  242676    1.1504514e+04   0.000000e+00   1.521694e+05   1691s
  243116    1.1504514e+04   0.000000e+00   2.326651e+05   1697s
  243536    1.1504515e+04   0.000000e+00   2.801857e+05   1702s
  243976    1.1504515e+04   0.000000e+00   2.674148e+05   1708s
  244396    1.1504516e+04   0.000000e+00   1.242272e+05   1713s
  244816    1.1504516e+04   0.000000e+00   1.820581e+05   1719s
  245226    1.1504517e+04   0.000000e+00   8.470734e+04   1724s
  245636    1.1504517e+04   0.000000e+00   2.015845e+05   1730s
  246036    1.1504518e+04   0.000000e+00   1.272725e+05   1735s
  246456    1.1504518e+04   0.000000e+00   1.529036e+05   1741s
  246856    1.1504519e+04   0.000000e+00   1.753589e+05   1747s
  247286    1.1504519e+04   0.000000e+00   8.897451e+04   1752s
  247726    1.1504520e+04   0.000000e+00   1.201755e+05   1758s
  248136    1.1504521e+04   0.000000e+00   1.323674e+05   1763s
  248596    1.1504521e+04   0.000000e+00   9.055911e+04   1768s
  249026    1.1504522e+04   0.000000e+00   1.244573e+05   1774s
  249436    1.1504522e+04   0.000000e+00   8.651419e+04   1779s
  249866    1.1504523e+04   0.000000e+00   6.831625e+04   1785s
  250306    1.1504523e+04   0.000000e+00   7.939683e+04   1790s
  250756    1.1504524e+04   0.000000e+00   1.411397e+05   1796s
  251236    1.1504524e+04   0.000000e+00   1.489350e+05   1802s
  251656    1.1504525e+04   0.000000e+00   1.680471e+05   1807s
  252076    1.1504525e+04   0.000000e+00   2.606644e+05   1813s
  252476    1.1504526e+04   0.000000e+00   5.574239e+05   1818s
  252946    1.1504527e+04   0.000000e+00   1.688043e+05   1824s
  253406    1.1504527e+04   0.000000e+00   1.582447e+05   1829s
  253826    1.1504528e+04   0.000000e+00   1.684163e+05   1835s
  254296    1.1504528e+04   0.000000e+00   1.584295e+05   1840s
  254746    1.1504529e+04   0.000000e+00   1.332998e+05   1846s
  255186    1.1504529e+04   0.000000e+00   2.363265e+05   1851s
  255676    1.1504530e+04   0.000000e+00   5.180002e+05   1857s
  256216    1.1504531e+04   0.000000e+00   1.692991e+05   1862s
  256726    1.1504531e+04   0.000000e+00   1.058318e+05   1868s
  257206    1.1504532e+04   0.000000e+00   3.963816e+05   1873s
  257666    1.1504533e+04   0.000000e+00   3.614760e+05   1879s
  258136    1.1504534e+04   0.000000e+00   6.276214e+04   1885s
  258606    1.1504534e+04   0.000000e+00   5.758726e+05   1890s
  259036    1.1504535e+04   0.000000e+00   1.409557e+05   1896s
  259496    1.1504535e+04   0.000000e+00   5.393579e+04   1901s
  259966    1.1504536e+04   0.000000e+00   8.682023e+04   1907s
  260436    1.1504536e+04   0.000000e+00   1.305312e+05   1913s
  260966    1.1504537e+04   0.000000e+00   8.511397e+04   1918s
  261446    1.1504538e+04   0.000000e+00   1.787287e+05   1924s
  261886    1.1504538e+04   0.000000e+00   2.410192e+05   1930s
  262316    1.1504539e+04   0.000000e+00   1.086240e+05   1935s
  262756    1.1504539e+04   0.000000e+00   6.547684e+04   1941s
  263206    1.1504540e+04   0.000000e+00   1.164622e+05   1946s
  263646    1.1504541e+04   0.000000e+00   2.182710e+05   1952s
  264146    1.1504541e+04   0.000000e+00   1.544137e+05   1958s
  264616    1.1504542e+04   0.000000e+00   1.314436e+05   1963s
  265076    1.1504542e+04   0.000000e+00   7.009851e+04   1969s
  265546    1.1504543e+04   0.000000e+00   2.138815e+05   1974s
  266016    1.1504544e+04   0.000000e+00   1.141204e+05   1980s
  266466    1.1504544e+04   0.000000e+00   6.251487e+04   1986s
  266876    1.1504545e+04   0.000000e+00   3.017362e+05   1991s
  267306    1.1504546e+04   0.000000e+00   1.540699e+05   1997s
  267786    1.1504546e+04   0.000000e+00   3.047186e+05   2002s
  268226    1.1504547e+04   0.000000e+00   3.394370e+05   2008s
  268686    1.1504547e+04   0.000000e+00   1.472313e+05   2013s
  269176    1.1504549e+04   0.000000e+00   4.816855e+05   2019s
  269656    1.1504549e+04   0.000000e+00   3.933425e+06   2025s
  270076    1.1504550e+04   0.000000e+00   1.856775e+05   2030s
  270506    1.1504550e+04   0.000000e+00   1.093527e+05   2036s
  270936    1.1504551e+04   0.000000e+00   1.334116e+05   2041s
  271376    1.1504551e+04   0.000000e+00   6.058219e+04   2047s
  271876    1.1504552e+04   0.000000e+00   1.452551e+05   2053s
  272366    1.1504553e+04   0.000000e+00   2.054118e+05   2058s
  272816    1.1504553e+04   0.000000e+00   6.170175e+04   2064s
  273266    1.1504554e+04   0.000000e+00   1.384941e+05   2069s
  273706    1.1504554e+04   0.000000e+00   8.954875e+04   2075s
  274196    1.1504555e+04   0.000000e+00   1.588553e+05   2080s
  274666    1.1504555e+04   0.000000e+00   1.047733e+05   2086s
  275136    1.1504556e+04   0.000000e+00   9.906904e+04   2091s
  275636    1.1504557e+04   0.000000e+00   7.252177e+04   2097s
  276126    1.1504557e+04   0.000000e+00   3.006490e+05   2103s
  276646    1.1504558e+04   0.000000e+00   1.861922e+05   2109s
  277096    1.1504558e+04   0.000000e+00   1.808663e+05   2114s
  277546    1.1504559e+04   0.000000e+00   2.515309e+05   2120s
  278016    1.1504559e+04   0.000000e+00   3.055628e+05   2125s
  278446    1.1504560e+04   0.000000e+00   1.558986e+05   2131s
  278856    1.1504560e+04   0.000000e+00   5.918330e+04   2137s
  279286    1.1504561e+04   0.000000e+00   1.831706e+05   2142s
  279706    1.1504561e+04   0.000000e+00   5.031820e+04   2148s
  280156    1.1504562e+04   0.000000e+00   6.916707e+04   2153s
  280616    1.1504562e+04   0.000000e+00   1.225602e+05   2159s
  281096    1.1504563e+04   0.000000e+00   9.601092e+04   2165s
  281536    1.1504563e+04   0.000000e+00   9.393489e+04   2170s
  281946    1.1504564e+04   0.000000e+00   1.356448e+05   2176s
  282356    1.1504564e+04   0.000000e+00   9.988876e+04   2181s
  282806    1.1504564e+04   0.000000e+00   1.698863e+05   2187s
  283266    1.1504565e+04   0.000000e+00   1.211316e+05   2193s
  283686    1.1504565e+04   0.000000e+00   1.969656e+05   2199s
  284106    1.1504566e+04   0.000000e+00   5.775599e+04   2204s
  284556    1.1504566e+04   0.000000e+00   2.540869e+05   2210s
  285026    1.1504567e+04   0.000000e+00   7.908152e+05   2215s
  285466    1.1504567e+04   0.000000e+00   1.539435e+05   2221s
  285906    1.1504568e+04   0.000000e+00   1.672768e+05   2226s
  286356    1.1504568e+04   0.000000e+00   1.231220e+05   2232s
  286836    1.1504569e+04   0.000000e+00   1.920924e+05   2238s
  287316    1.1504569e+04   0.000000e+00   6.331741e+04   2243s
  287816    1.1504570e+04   0.000000e+00   3.520601e+05   2249s
  288306    1.1504570e+04   0.000000e+00   6.527655e+04   2255s
  288786    1.1504571e+04   0.000000e+00   1.403336e+05   2260s
  289256    1.1504571e+04   0.000000e+00   4.927943e+04   2266s
  289696    1.1504572e+04   0.000000e+00   6.445975e+04   2271s
  290146    1.1504572e+04   0.000000e+00   1.035070e+05   2277s
  290606    1.1504573e+04   0.000000e+00   3.684773e+05   2283s
  291076    1.1504573e+04   0.000000e+00   7.615516e+04   2288s
  291566    1.1504574e+04   0.000000e+00   7.113598e+04   2294s
  292016    1.1504574e+04   0.000000e+00   5.477969e+05   2299s
  292496    1.1504575e+04   0.000000e+00   1.467652e+05   2305s
  292946    1.1504575e+04   0.000000e+00   1.135074e+05   2311s
  293366    1.1504576e+04   0.000000e+00   1.009936e+05   2316s
  293796    1.1504576e+04   0.000000e+00   4.123526e+04   2322s
  294246    1.1504577e+04   0.000000e+00   1.607168e+05   2327s
  294676    1.1504577e+04   0.000000e+00   1.079270e+05   2333s
  295096    1.1504577e+04   0.000000e+00   2.491256e+05   2338s
  295566    1.1504578e+04   0.000000e+00   4.073236e+05   2344s
  296056    1.1504578e+04   0.000000e+00   5.797500e+04   2349s
  296526    1.1504579e+04   0.000000e+00   6.460364e+04   2355s
  297026    1.1504579e+04   0.000000e+00   7.646973e+04   2361s
  297456    1.1504580e+04   0.000000e+00   1.145247e+05   2366s
  297876    1.1504580e+04   0.000000e+00   4.126647e+04   2372s
  298286    1.1504580e+04   0.000000e+00   9.455329e+04   2377s
  298716    1.1504581e+04   0.000000e+00   1.825793e+05   2383s
  299156    1.1504581e+04   0.000000e+00   3.739531e+06   2388s
  299586    1.1504581e+04   0.000000e+00   1.020522e+05   2394s
  300006    1.1504582e+04   0.000000e+00   7.394553e+04   2400s
  300426    1.1504582e+04   0.000000e+00   1.821582e+05   2405s
  300846    1.1504582e+04   0.000000e+00   1.339771e+05   2411s
  301266    1.1504583e+04   0.000000e+00   2.378007e+05   2416s
  301676    1.1504583e+04   0.000000e+00   1.457670e+05   2422s
  302166    1.1504584e+04   0.000000e+00   6.012787e+04   2427s
  302626    1.1504584e+04   0.000000e+00   7.763811e+04   2433s
  303056    1.1504585e+04   0.000000e+00   1.842774e+05   2438s
  303466    1.1504585e+04   0.000000e+00   1.216145e+06   2444s
  303876    1.1504585e+04   0.000000e+00   2.261930e+05   2450s
  304296    1.1504586e+04   0.000000e+00   1.352529e+05   2455s
  304726    1.1504586e+04   0.000000e+00   5.298012e+04   2461s
  305146    1.1504587e+04   0.000000e+00   7.169477e+04   2466s
  305576    1.1504587e+04   0.000000e+00   6.624425e+04   2472s
  305966    1.1504587e+04   0.000000e+00   7.685674e+04   2477s
  306396    1.1504588e+04   0.000000e+00   9.090850e+04   2483s
  306796    1.1504588e+04   0.000000e+00   6.723025e+04   2488s
  307236    1.1504588e+04   0.000000e+00   1.995531e+05   2494s
  307676    1.1504589e+04   0.000000e+00   6.930293e+04   2500s
  308116    1.1504589e+04   0.000000e+00   1.274017e+05   2505s
  308516    1.1504589e+04   0.000000e+00   1.444692e+05   2511s
  308916    1.1504590e+04   0.000000e+00   1.298830e+06   2516s
  309356    1.1504590e+04   0.000000e+00   6.634547e+04   2522s
  309766    1.1504590e+04   0.000000e+00   7.481694e+06   2527s
  310236    1.1504591e+04   0.000000e+00   7.542521e+04   2533s
  310676    1.1504591e+04   0.000000e+00   1.064905e+05   2538s
  311126    1.1504592e+04   0.000000e+00   2.048232e+05   2544s
  311566    1.1504592e+04   0.000000e+00   1.106425e+05   2550s
  312046    1.1504592e+04   0.000000e+00   2.072252e+05   2555s
  312496    1.1504593e+04   0.000000e+00   2.521704e+05   2561s
  312936    1.1504593e+04   0.000000e+00   6.936084e+04   2566s
  313396    1.1504593e+04   0.000000e+00   3.140660e+05   2572s
  313816    1.1504594e+04   0.000000e+00   1.483155e+05   2577s
  314196    1.1504594e+04   0.000000e+00   1.153114e+05   2583s
  314586    1.1504594e+04   0.000000e+00   6.840550e+04   2588s
  315036    1.1504595e+04   0.000000e+00   9.451664e+04   2594s
  315456    1.1504595e+04   0.000000e+00   1.020140e+05   2599s
  315876    1.1504596e+04   0.000000e+00   9.863192e+04   2605s
  316296    1.1504596e+04   0.000000e+00   1.978318e+05   2611s
  316716    1.1504597e+04   0.000000e+00   7.842244e+04   2616s
  317166    1.1504597e+04   0.000000e+00   5.753740e+05   2622s
  317576    1.1504597e+04   0.000000e+00   7.105882e+04   2627s
  317996    1.1504598e+04   0.000000e+00   1.113639e+05   2633s
  318426    1.1504598e+04   0.000000e+00   4.577161e+05   2639s
  318836    1.1504598e+04   0.000000e+00   5.088673e+04   2644s
  319296    1.1504599e+04   0.000000e+00   1.151493e+05   2650s
  319746    1.1504599e+04   0.000000e+00   1.509079e+05   2655s
  320176    1.1504600e+04   0.000000e+00   6.855603e+04   2661s
  320616    1.1504600e+04   0.000000e+00   1.004531e+05   2667s
  321066    1.1504600e+04   0.000000e+00   1.538176e+05   2672s
  321496    1.1504601e+04   0.000000e+00   1.165031e+05   2678s
  321916    1.1504601e+04   0.000000e+00   5.311060e+04   2683s
  322346    1.1504601e+04   0.000000e+00   8.957739e+04   2689s
  322766    1.1504602e+04   0.000000e+00   7.983609e+04   2695s
  323206    1.1504602e+04   0.000000e+00   1.108612e+05   2700s
  323676    1.1504602e+04   0.000000e+00   9.224257e+04   2706s
  324186    1.1504603e+04   0.000000e+00   7.573193e+04   2711s
  324676    1.1504603e+04   0.000000e+00   7.551925e+04   2717s
  325136    1.1504603e+04   0.000000e+00   1.690971e+05   2723s
  325616    1.1504604e+04   0.000000e+00   4.832662e+04   2728s
  326076    1.1504604e+04   0.000000e+00   9.889027e+04   2734s
  326476    1.1504604e+04   0.000000e+00   1.750507e+05   2739s
  326886    1.1504605e+04   0.000000e+00   1.918706e+05   2745s
  327336    1.1504605e+04   0.000000e+00   9.815831e+04   2751s
  327776    1.1504605e+04   0.000000e+00   2.345535e+05   2756s
  328226    1.1504606e+04   0.000000e+00   5.735362e+04   2761s
  328676    1.1504606e+04   0.000000e+00   7.697622e+04   2767s
  329086    1.1504606e+04   0.000000e+00   8.689362e+04   2773s
  329506    1.1504607e+04   0.000000e+00   9.679771e+04   2778s
  329946    1.1504607e+04   0.000000e+00   6.430733e+04   2784s
  330376    1.1504607e+04   0.000000e+00   3.670651e+04   2789s
  330816    1.1504607e+04   0.000000e+00   4.217150e+04   2795s
  331266    1.1504608e+04   0.000000e+00   3.989609e+04   2800s
  331706    1.1504608e+04   0.000000e+00   1.086472e+05   2806s
  332166    1.1504608e+04   0.000000e+00   3.739167e+04   2811s
  332616    1.1504609e+04   0.000000e+00   5.394282e+04   2817s
  333056    1.1504609e+04   0.000000e+00   6.891274e+04   2823s
  333466    1.1504609e+04   0.000000e+00   7.830412e+04   2828s
  333886    1.1504610e+04   0.000000e+00   1.011988e+05   2834s
  334336    1.1504610e+04   0.000000e+00   6.121424e+04   2839s
  334786    1.1504610e+04   0.000000e+00   5.234253e+04   2845s
  335216    1.1504611e+04   0.000000e+00   4.998435e+04   2850s
  335626    1.1504611e+04   0.000000e+00   7.788279e+04   2856s
  336026    1.1504611e+04   0.000000e+00   6.791624e+04   2862s
  336436    1.1504612e+04   0.000000e+00   2.217167e+05   2867s
  336866    1.1504612e+04   0.000000e+00   3.325106e+05   2873s
  337316    1.1504613e+04   0.000000e+00   4.048836e+04   2878s
  337736    1.1504613e+04   0.000000e+00   3.774236e+04   2883s
  338186    1.1504613e+04   0.000000e+00   5.892192e+04   2889s
  338576    1.1504614e+04   0.000000e+00   1.671539e+05   2895s
  338986    1.1504614e+04   0.000000e+00   9.473190e+04   2900s
  339416    1.1504614e+04   0.000000e+00   2.137057e+05   2906s
  339836    1.1504615e+04   0.000000e+00   7.439712e+04   2911s
  340266    1.1504615e+04   0.000000e+00   7.211306e+04   2917s
  340686    1.1504615e+04   0.000000e+00   5.828286e+04   2922s
  341136    1.1504616e+04   0.000000e+00   4.075994e+04   2928s
  341586    1.1504616e+04   0.000000e+00   1.296220e+05   2933s
  342066    1.1504616e+04   0.000000e+00   9.239631e+04   2939s
  342516    1.1504617e+04   0.000000e+00   5.555861e+04   2945s
  342926    1.1504617e+04   0.000000e+00   6.124717e+04   2950s
  343326    1.1504617e+04   0.000000e+00   6.777815e+04   2955s
  343756    1.1504618e+04   0.000000e+00   4.042563e+04   2961s
  344176    1.1504618e+04   0.000000e+00   6.800252e+04   2966s
  344616    1.1504618e+04   0.000000e+00   5.385283e+04   2972s
  345086    1.1504619e+04   0.000000e+00   5.152601e+04   2978s
  345576    1.1504619e+04   0.000000e+00   6.462579e+04   2983s
  346026    1.1504619e+04   0.000000e+00   9.742966e+04   2989s
  346476    1.1504620e+04   0.000000e+00   5.836773e+05   2994s
  346926    1.1504620e+04   0.000000e+00   4.703980e+04   3000s
  347346    1.1504620e+04   0.000000e+00   5.912058e+04   3006s
  347776    1.1504620e+04   0.000000e+00   6.676167e+04   3011s
  348196    1.1504621e+04   0.000000e+00   3.841496e+04   3017s
  348646    1.1504621e+04   0.000000e+00   1.057080e+05   3022s
  349076    1.1504621e+04   0.000000e+00   4.848043e+04   3028s
  349516    1.1504621e+04   0.000000e+00   6.837720e+04   3033s
  349946    1.1504622e+04   0.000000e+00   3.746616e+04   3039s
  350376    1.1504622e+04   0.000000e+00   3.638483e+04   3044s
  350796    1.1504622e+04   0.000000e+00   4.678495e+04   3050s
  351246    1.1504623e+04   0.000000e+00   4.577131e+04   3056s
  351656    1.1504623e+04   0.000000e+00   2.645603e+05   3061s
  352086    1.1504623e+04   0.000000e+00   6.593319e+04   3067s
  352506    1.1504624e+04   0.000000e+00   8.521979e+04   3072s
  352956    1.1504624e+04   0.000000e+00   7.876671e+04   3078s
  353386    1.1504624e+04   0.000000e+00   4.805905e+04   3083s
  353816    1.1504625e+04   0.000000e+00   1.147060e+05   3089s
  354246    1.1504625e+04   0.000000e+00   1.088458e+05   3095s
  354646    1.1504625e+04   0.000000e+00   3.148675e+04   3100s
  355046    1.1504625e+04   0.000000e+00   4.790200e+04   3105s
  355496    1.1504626e+04   0.000000e+00   7.196819e+04   3111s
  355926    1.1504626e+04   0.000000e+00   1.620392e+05   3117s
  356376    1.1504626e+04   0.000000e+00   4.351242e+04   3122s
  356826    1.1504626e+04   0.000000e+00   6.813176e+04   3128s
  357266    1.1504627e+04   0.000000e+00   5.882285e+04   3133s
  357696    1.1504627e+04   0.000000e+00   6.574626e+04   3139s
  358146    1.1504627e+04   0.000000e+00   2.453538e+05   3145s
  358566    1.1504628e+04   0.000000e+00   8.187560e+04   3150s
  358986    1.1504628e+04   0.000000e+00   9.947148e+04   3156s
  359386    1.1504628e+04   0.000000e+00   8.980732e+04   3161s
  359776    1.1504628e+04   0.000000e+00   2.644754e+04   3167s
  360196    1.1504629e+04   0.000000e+00   2.967501e+04   3172s
  360636    1.1504629e+04   0.000000e+00   3.739506e+04   3178s
  361056    1.1504629e+04   0.000000e+00   4.182426e+04   3183s
  361496    1.1504629e+04   0.000000e+00   3.163569e+05   3189s
  361946    1.1504630e+04   0.000000e+00   8.890352e+04   3195s
  362386    1.1504630e+04   0.000000e+00   3.161660e+04   3200s
  362836    1.1504630e+04   0.000000e+00   2.970974e+04   3205s
  363276    1.1504630e+04   0.000000e+00   3.527307e+04   3211s
  363666    1.1504631e+04   0.000000e+00   5.896540e+04   3216s
  364076    1.1504631e+04   0.000000e+00   6.347499e+04   3222s
  364506    1.1504631e+04   0.000000e+00   6.617333e+04   3227s
  364956    1.1504632e+04   0.000000e+00   1.031179e+05   3233s
  365406    1.1504632e+04   0.000000e+00   8.061241e+04   3238s
  365856    1.1504633e+04   0.000000e+00   1.022627e+05   3244s
  366306    1.1504633e+04   0.000000e+00   1.062493e+05   3250s
  366756    1.1504633e+04   0.000000e+00   1.130131e+05   3255s
  367146    1.1504633e+04   0.000000e+00   5.550252e+04   3260s
  367546    1.1504634e+04   0.000000e+00   3.790654e+04   3266s
  367976    1.1504634e+04   0.000000e+00   7.480610e+04   3271s
  368396    1.1504634e+04   0.000000e+00   7.149450e+04   3277s
  368816    1.1504635e+04   0.000000e+00   4.460307e+04   3282s
  369216    1.1504635e+04   0.000000e+00   5.950749e+04   3288s
  369626    1.1504635e+04   0.000000e+00   1.107257e+05   3293s
  370066    1.1504635e+04   0.000000e+00   9.568011e+04   3299s
  370516    1.1504636e+04   0.000000e+00   3.839617e+04   3304s
  370986    1.1504636e+04   0.000000e+00   6.540986e+04   3310s
  371426    1.1504636e+04   0.000000e+00   8.420456e+04   3315s
  371846    1.1504636e+04   0.000000e+00   9.032437e+04   3321s
  372276    1.1504637e+04   0.000000e+00   7.431916e+04   3326s
  372686    1.1504637e+04   0.000000e+00   3.149727e+04   3332s
  373086    1.1504637e+04   0.000000e+00   3.929598e+04   3337s
  373506    1.1504637e+04   0.000000e+00   7.508294e+04   3343s
  373946    1.1504638e+04   0.000000e+00   4.018848e+04   3348s
  374396    1.1504638e+04   0.000000e+00   7.765932e+04   3354s
  374826    1.1504638e+04   0.000000e+00   7.938644e+04   3359s
  375276    1.1504638e+04   0.000000e+00   5.549092e+04   3365s
  375716    1.1504639e+04   0.000000e+00   8.337888e+04   3371s
  376136    1.1504639e+04   0.000000e+00   5.714010e+04   3376s
  376526    1.1504639e+04   0.000000e+00   5.728223e+04   3382s
  376816    1.1504639e+04   0.000000e+00   1.626426e+05   3391s
  377106    1.1504640e+04   0.000000e+00   1.644025e+05   3400s
  377406    1.1504640e+04   0.000000e+00   5.303312e+04   3409s
  377696    1.1504640e+04   0.000000e+00   6.197094e+04   3418s
  377996    1.1504640e+04   0.000000e+00   7.334439e+04   3427s
  378286    1.1504640e+04   0.000000e+00   1.040986e+05   3436s
  378586    1.1504640e+04   0.000000e+00   4.973988e+04   3445s
  378886    1.1504641e+04   0.000000e+00   5.924765e+04   3454s
  379186    1.1504641e+04   0.000000e+00   1.046290e+05   3464s
  379576    1.1504641e+04   0.000000e+00   8.042364e+04   3474s
  379966    1.1504641e+04   0.000000e+00   2.662166e+04   3485s
  380366    1.1504641e+04   0.000000e+00   5.113109e+04   3497s
  380696    1.1504642e+04   0.000000e+00   6.568714e+04   3506s
  380996    1.1504642e+04   0.000000e+00   3.267695e+04   3516s
  381296    1.1504642e+04   0.000000e+00   2.271677e+05   3525s
  381596    1.1504642e+04   0.000000e+00   1.390856e+05   3534s
  381926    1.1504642e+04   0.000000e+00   4.449435e+05   3543s
  382286    1.1504643e+04   0.000000e+00   3.818829e+05   3554s
  382606    1.1504643e+04   0.000000e+00   1.584202e+05   3563s
  382896    1.1504643e+04   0.000000e+00   1.575469e+06   3573s
  383206    1.1504643e+04   0.000000e+00   4.606754e+05   3582s
  383496    1.1504643e+04   0.000000e+00   5.409234e+05   3591s
  383796    1.1504644e+04   0.000000e+00   5.320470e+05   3600s
  384106    1.1504644e+04   0.000000e+00   4.045426e+05   3610s
  384406    1.1504644e+04   0.000000e+00   2.524762e+06   3619s
  384706    1.1504644e+04   0.000000e+00   7.498092e+04   3629s
  385016    1.1504645e+04   0.000000e+00   8.305344e+04   3638s
  385316    1.1504645e+04   0.000000e+00   6.657691e+05   3647s
  385616    1.1504645e+04   0.000000e+00   3.518645e+05   3656s
  385936    1.1504645e+04   0.000000e+00   4.904176e+04   3666s
  386236    1.1504645e+04   0.000000e+00   4.712633e+04   3675s
  386556    1.1504645e+04   0.000000e+00   1.314047e+05   3685s
  386856    1.1504646e+04   0.000000e+00   1.060923e+05   3694s
  387156    1.1504646e+04   0.000000e+00   8.051200e+04   3703s
  387456    1.1504646e+04   0.000000e+00   1.495153e+05   3713s
  387746    1.1504646e+04   0.000000e+00   3.816106e+05   3722s
  388046    1.1504646e+04   0.000000e+00   1.065805e+05   3731s
  388366    1.1504647e+04   0.000000e+00   1.221681e+05   3741s
  388686    1.1504647e+04   0.000000e+00   8.596482e+04   3750s
  388986    1.1504647e+04   0.000000e+00   1.906088e+05   3759s
  389286    1.1504647e+04   0.000000e+00   7.284179e+04   3769s
  389586    1.1504647e+04   0.000000e+00   1.004264e+05   3778s
  389886    1.1504648e+04   0.000000e+00   8.260014e+04   3787s
  390196    1.1504648e+04   0.000000e+00   6.405464e+05   3797s
  390526    1.1504648e+04   0.000000e+00   8.801973e+04   3806s
  390826    1.1504648e+04   0.000000e+00   5.326217e+05   3816s
  391146    1.1504649e+04   0.000000e+00   8.662350e+04   3825s
  391526    1.1504649e+04   0.000000e+00   7.482252e+04   3835s
  391836    1.1504649e+04   0.000000e+00   5.688500e+04   3845s
  392156    1.1504649e+04   0.000000e+00   5.195863e+04   3855s
  392466    1.1504649e+04   0.000000e+00   6.069212e+04   3864s
  392776    1.1504649e+04   0.000000e+00   8.505001e+04   3873s
  393096    1.1504649e+04   0.000000e+00   1.068902e+05   3883s
  393406    1.1504650e+04   0.000000e+00   6.175728e+04   3892s
  393716    1.1504650e+04   0.000000e+00   2.183750e+05   3901s
  394046    1.1504650e+04   0.000000e+00   9.822717e+04   3911s
  394376    1.1504650e+04   0.000000e+00   5.776304e+04   3920s
  394676    1.1504650e+04   0.000000e+00   7.517782e+04   3929s
  394976    1.1504650e+04   0.000000e+00   1.584043e+05   3939s
  395276    1.1504651e+04   0.000000e+00   4.369793e+05   3948s
  395576    1.1504651e+04   0.000000e+00   6.320238e+04   3957s
  395876    1.1504651e+04   0.000000e+00   5.683561e+05   3966s
  396176    1.1504651e+04   0.000000e+00   4.724746e+05   3976s
  396466    1.1504651e+04   0.000000e+00   1.700332e+05   3985s
  396776    1.1504651e+04   0.000000e+00   1.334386e+05   3994s
  397096    1.1504652e+04   0.000000e+00   1.070105e+05   4004s
  397396    1.1504652e+04   0.000000e+00   1.353601e+05   4013s
  397706    1.1504652e+04   0.000000e+00   1.174737e+05   4022s
  398006    1.1504652e+04   0.000000e+00   4.237646e+04   4032s
  398316    1.1504652e+04   0.000000e+00   4.398857e+04   4042s
  398616    1.1504652e+04   0.000000e+00   1.344606e+05   4051s
  398916    1.1504652e+04   0.000000e+00   4.553762e+04   4061s
  399206    1.1504653e+04   0.000000e+00   5.952917e+04   4070s
  399506    1.1504653e+04   0.000000e+00   1.579791e+05   4079s
  399806    1.1504653e+04   0.000000e+00   8.213383e+04   4088s
  400116    1.1504653e+04   0.000000e+00   1.119924e+05   4098s
  400416    1.1504653e+04   0.000000e+00   6.937553e+04   4107s
  400726    1.1504653e+04   0.000000e+00   3.654390e+04   4116s
  401026    1.1504654e+04   0.000000e+00   6.682317e+04   4126s
  401326    1.1504654e+04   0.000000e+00   2.212480e+05   4135s
  401636    1.1504654e+04   0.000000e+00   3.420805e+04   4145s
  401936    1.1504654e+04   0.000000e+00   4.845669e+05   4154s
  402246    1.1504654e+04   0.000000e+00   1.549210e+05   4164s
  402556    1.1504654e+04   0.000000e+00   1.265951e+05   4173s
  402856    1.1504654e+04   0.000000e+00   3.903193e+04   4183s
  403166    1.1504654e+04   0.000000e+00   1.109219e+05   4193s
  403466    1.1504655e+04   0.000000e+00   1.370973e+05   4202s
  403786    1.1504655e+04   0.000000e+00   6.822023e+04   4211s
  404086    1.1504655e+04   0.000000e+00   8.243898e+04   4221s
  404416    1.1504655e+04   0.000000e+00   2.849082e+04   4230s
  404716    1.1504655e+04   0.000000e+00   1.015994e+06   4240s
  405016    1.1504655e+04   0.000000e+00   2.850486e+05   4249s
  405316    1.1504656e+04   0.000000e+00   4.704957e+04   4259s
  405616    1.1504656e+04   0.000000e+00   8.129624e+04   4268s
  405926    1.1504656e+04   0.000000e+00   4.645748e+04   4278s
  406236    1.1504656e+04   0.000000e+00   6.019452e+04   4287s
  406536    1.1504656e+04   0.000000e+00   1.892927e+05   4297s
  406886    1.1504656e+04   0.000000e+00   3.693994e+05   4307s
  407196    1.1504657e+04   0.000000e+00   4.983933e+04   4316s
  407486    1.1504657e+04   0.000000e+00   1.100503e+05   4325s
  407776    1.1504657e+04   0.000000e+00   5.430834e+04   4335s
  408076    1.1504657e+04   0.000000e+00   5.906748e+04   4344s
  408376    1.1504657e+04   0.000000e+00   1.646788e+05   4353s
  408676    1.1504657e+04   0.000000e+00   3.184705e+04   4362s
  408986    1.1504657e+04   0.000000e+00   1.014657e+05   4372s
  409286    1.1504657e+04   0.000000e+00   2.280263e+05   4381s
  409586    1.1504658e+04   0.000000e+00   2.489702e+04   4390s
  409896    1.1504658e+04   0.000000e+00   2.086170e+04   4399s
  410196    1.1504658e+04   0.000000e+00   1.165247e+05   4409s
  410506    1.1504658e+04   0.000000e+00   5.014384e+04   4418s
  410816    1.1504658e+04   0.000000e+00   3.321704e+04   4428s
  411116    1.1504658e+04   0.000000e+00   1.561791e+04   4437s
  411406    1.1504658e+04   0.000000e+00   4.874581e+04   4446s
  411716    1.1504658e+04   0.000000e+00   4.648765e+04   4455s
  412026    1.1504659e+04   0.000000e+00   1.089813e+05   4464s
  412356    1.1504659e+04   0.000000e+00   8.784097e+04   4474s
  412666    1.1504659e+04   0.000000e+00   4.644486e+04   4484s
  412966    1.1504659e+04   0.000000e+00   7.928339e+04   4493s
  413276    1.1504659e+04   0.000000e+00   4.361759e+05   4503s
  413576    1.1504659e+04   0.000000e+00   5.843463e+04   4512s
  413886    1.1504659e+04   0.000000e+00   4.550601e+04   4522s
  414206    1.1504660e+04   0.000000e+00   3.405811e+04   4531s
  414516    1.1504660e+04   0.000000e+00   5.777945e+04   4540s
  414856    1.1504660e+04   0.000000e+00   3.313671e+04   4550s
  415206    1.1504660e+04   0.000000e+00   9.373954e+04   4561s
  415516    1.1504660e+04   0.000000e+00   9.535665e+04   4570s
  415826    1.1504660e+04   0.000000e+00   3.989288e+04   4580s
  416136    1.1504660e+04   0.000000e+00   3.222017e+05   4589s
  416446    1.1504661e+04   0.000000e+00   2.023823e+05   4599s
  416746    1.1504661e+04   0.000000e+00   1.432933e+05   4608s
  417036    1.1504661e+04   0.000000e+00   6.019688e+04   4617s
  417346    1.1504661e+04   0.000000e+00   1.014099e+05   4626s
  417686    1.1504661e+04   0.000000e+00   1.287609e+05   4636s
  418006    1.1504661e+04   0.000000e+00   1.658005e+05   4646s
  418296    1.1504661e+04   0.000000e+00   8.048284e+04   4655s
  418606    1.1504662e+04   0.000000e+00   4.542283e+05   4665s
  418906    1.1504662e+04   0.000000e+00   8.462051e+04   4674s
  419216    1.1504662e+04   0.000000e+00   3.505785e+05   4683s
  419516    1.1504662e+04   0.000000e+00   1.806365e+05   4693s
  419806    1.1504662e+04   0.000000e+00   1.902015e+05   4702s
  420106    1.1504663e+04   0.000000e+00   1.795547e+05   4711s
  420406    1.1504663e+04   0.000000e+00   1.566832e+05   4721s
  420706    1.1504663e+04   0.000000e+00   7.248126e+04   4731s
  420996    1.1504663e+04   0.000000e+00   4.133470e+04   4740s
  421286    1.1504663e+04   0.000000e+00   7.761533e+04   4749s
  421576    1.1504663e+04   0.000000e+00   8.432825e+05   4758s
  421876    1.1504663e+04   0.000000e+00   1.901245e+05   4768s
  422186    1.1504663e+04   0.000000e+00   8.484327e+04   4777s
  422486    1.1504663e+04   0.000000e+00   3.075867e+04   4787s
  422786    1.1504663e+04   0.000000e+00   2.638993e+04   4796s
  423086    1.1504664e+04   0.000000e+00   2.233742e+04   4806s
  423386    1.1504664e+04   0.000000e+00   1.432257e+06   4815s
  423706    1.1504664e+04   0.000000e+00   3.894830e+04   4824s
  424016    1.1504664e+04   0.000000e+00   2.018285e+04   4834s
  424316    1.1504664e+04   0.000000e+00   1.121682e+05   4843s
  424626    1.1504664e+04   0.000000e+00   3.644183e+05   4852s
  424926    1.1504664e+04   0.000000e+00   8.508480e+04   4862s
  425246    1.1504665e+04   0.000000e+00   7.503078e+04   4871s
  425556    1.1504665e+04   0.000000e+00   2.394901e+05   4881s
  425856    1.1504665e+04   0.000000e+00   4.547909e+05   4890s
  426166    1.1504665e+04   0.000000e+00   2.977171e+04   4899s
  426466    1.1504665e+04   0.000000e+00   1.591226e+05   4909s
  426766    1.1504665e+04   0.000000e+00   9.290215e+04   4918s
  427066    1.1504665e+04   0.000000e+00   6.779224e+04   4927s
  427366    1.1504665e+04   0.000000e+00   5.095229e+05   4937s
  427696    1.1504666e+04   0.000000e+00   2.489398e+04   4946s
  428116    1.1504666e+04   0.000000e+00   1.467027e+05   4958s
  428526    1.1504666e+04   0.000000e+00   5.144995e+04   4970s
  428906    1.1504666e+04   0.000000e+00   9.169455e+04   4981s
  429216    1.1504666e+04   0.000000e+00   4.114459e+04   4990s
  429526    1.1504666e+04   0.000000e+00   3.200850e+05   4999s
  429836    1.1504667e+04   0.000000e+00   1.835024e+04   5009s
  430146    1.1504667e+04   0.000000e+00   1.871159e+05   5018s
  430466    1.1504667e+04   0.000000e+00   5.151752e+04   5028s
  430796    1.1504667e+04   0.000000e+00   7.964141e+04   5037s
  431096    1.1504667e+04   0.000000e+00   4.732510e+04   5047s
  431406    1.1504667e+04   0.000000e+00   8.092615e+04   5056s
  431716    1.1504667e+04   0.000000e+00   5.387710e+04   5065s
  432026    1.1504667e+04   0.000000e+00   3.256378e+05   5075s
  432326    1.1504667e+04   0.000000e+00   6.111976e+04   5084s
  432696    1.1504668e+04   0.000000e+00   4.479013e+04   5093s
  433056    1.1504668e+04   0.000000e+00   4.691747e+04   5103s
  433356    1.1504668e+04   0.000000e+00   7.439588e+04   5113s
  433646    1.1504668e+04   0.000000e+00   2.857340e+04   5122s
  433946    1.1504668e+04   0.000000e+00   4.826751e+04   5131s
  434266    1.1504668e+04   0.000000e+00   5.779981e+04   5140s
  434566    1.1504669e+04   0.000000e+00   5.473717e+04   5150s
  434866    1.1504669e+04   0.000000e+00   1.246495e+04   5159s
  435176    1.1504669e+04   0.000000e+00   3.359699e+04   5169s
  435476    1.1504669e+04   0.000000e+00   8.045441e+04   5178s
  435786    1.1504669e+04   0.000000e+00   2.235436e+04   5187s
  436096    1.1504669e+04   0.000000e+00   7.469684e+04   5197s
  436406    1.1504669e+04   0.000000e+00   1.469372e+05   5207s
  436706    1.1504669e+04   0.000000e+00   4.552975e+04   5216s
  437026    1.1504669e+04   0.000000e+00   4.486575e+04   5225s
  437376    1.1504670e+04   0.000000e+00   6.462866e+04   5235s
  437696    1.1504670e+04   0.000000e+00   2.682975e+04   5245s
  438016    1.1504670e+04   0.000000e+00   9.163617e+04   5254s
  438326    1.1504670e+04   0.000000e+00   1.183910e+05   5264s
  438636    1.1504670e+04   0.000000e+00   5.412450e+04   5273s
  438936    1.1504670e+04   0.000000e+00   4.043253e+05   5283s
  439246    1.1504670e+04   0.000000e+00   3.570676e+04   5292s
  439566    1.1504670e+04   0.000000e+00   2.563616e+04   5302s
  439866    1.1504670e+04   0.000000e+00   2.884363e+04   5311s
  440176    1.1504670e+04   0.000000e+00   6.005268e+04   5321s
  440486    1.1504670e+04   0.000000e+00   6.449883e+04   5331s
  440786    1.1504671e+04   0.000000e+00   6.319987e+04   5340s
  441086    1.1504671e+04   0.000000e+00   3.061291e+04   5350s
  441406    1.1504671e+04   0.000000e+00   2.085633e+04   5359s
  441716    1.1504671e+04   0.000000e+00   6.793118e+04   5369s
  442016    1.1504671e+04   0.000000e+00   3.410114e+04   5378s
  442316    1.1504671e+04   0.000000e+00   1.059629e+05   5388s
  442626    1.1504671e+04   0.000000e+00   4.584413e+04   5397s
  442936    1.1504671e+04   0.000000e+00   9.187726e+04   5407s
  443236    1.1504671e+04   0.000000e+00   3.973485e+04   5416s
  443536    1.1504671e+04   0.000000e+00   1.438682e+05   5426s
  443836    1.1504671e+04   0.000000e+00   2.275572e+05   5435s
  444136    1.1504672e+04   0.000000e+00   4.937164e+04   5444s
  444426    1.1504672e+04   0.000000e+00   9.701301e+04   5454s
  444736    1.1504672e+04   0.000000e+00   1.765277e+05   5463s
  445036    1.1504672e+04   0.000000e+00   2.936367e+04   5472s
  445336    1.1504672e+04   0.000000e+00   4.057147e+04   5482s
  445636    1.1504672e+04   0.000000e+00   1.655659e+04   5491s
  445936    1.1504672e+04   0.000000e+00   3.690734e+04   5500s
  446246    1.1504672e+04   0.000000e+00   2.226018e+04   5510s
  446546    1.1504672e+04   0.000000e+00   2.059484e+04   5519s
  446836    1.1504672e+04   0.000000e+00   3.454447e+04   5528s
  447186    1.1504673e+04   0.000000e+00   2.116504e+04   5538s
  447496    1.1504673e+04   0.000000e+00   7.937610e+04   5547s
  447806    1.1504673e+04   0.000000e+00   3.677827e+04   5557s
  448116    1.1504673e+04   0.000000e+00   1.524309e+04   5566s
  448426    1.1504673e+04   0.000000e+00   2.425107e+04   5576s
  448726    1.1504673e+04   0.000000e+00   2.669957e+04   5586s
  449026    1.1504673e+04   0.000000e+00   2.087275e+04   5595s
  449326    1.1504673e+04   0.000000e+00   1.904959e+04   5604s
  449636    1.1504673e+04   0.000000e+00   2.593259e+04   5614s
  449946    1.1504673e+04   0.000000e+00   1.599103e+04   5623s
  450256    1.1504673e+04   0.000000e+00   8.584231e+04   5633s
  450586    1.1504673e+04   0.000000e+00   6.819928e+04   5642s
  450886    1.1504673e+04   0.000000e+00   2.061533e+04   5652s
  451216    1.1504674e+04   0.000000e+00   1.982722e+04   5661s
  451536    1.1504674e+04   0.000000e+00   3.810721e+04   5670s
  451846    1.1504674e+04   0.000000e+00   3.146426e+04   5680s
  452166    1.1504674e+04   0.000000e+00   2.141530e+04   5689s
  452476    1.1504674e+04   0.000000e+00   3.362241e+04   5699s
  452796    1.1504674e+04   0.000000e+00   2.471610e+04   5709s
  453086    1.1504674e+04   0.000000e+00   7.337705e+04   5718s
  453396    1.1504674e+04   0.000000e+00   3.514239e+04   5727s
  453706    1.1504674e+04   0.000000e+00   4.013817e+04   5737s
  454016    1.1504674e+04   0.000000e+00   5.513084e+04   5746s
  454316    1.1504675e+04   0.000000e+00   1.780265e+05   5755s
  454616    1.1504675e+04   0.000000e+00   6.048492e+04   5765s
  454936    1.1504675e+04   0.000000e+00   3.093611e+04   5774s
  455236    1.1504675e+04   0.000000e+00   2.636669e+04   5784s
  455556    1.1504675e+04   0.000000e+00   4.510505e+04   5793s
  455856    1.1504675e+04   0.000000e+00   1.826812e+04   5803s
  456206    1.1504675e+04   0.000000e+00   1.580867e+05   5813s
  456526    1.1504675e+04   0.000000e+00   2.835975e+04   5823s
  456856    1.1504675e+04   0.000000e+00   9.448702e+04   5832s
  457216    1.1504676e+04   0.000000e+00   3.683886e+04   5842s
  457536    1.1504676e+04   0.000000e+00   3.781741e+04   5851s
  457826    1.1504676e+04   0.000000e+00   1.475241e+05   5860s
  458136    1.1504676e+04   0.000000e+00   1.553034e+05   5870s
  458446    1.1504676e+04   0.000000e+00   4.899271e+05   5879s
  458766    1.1504676e+04   0.000000e+00   4.611584e+04   5889s
  459066    1.1504676e+04   0.000000e+00   1.421430e+04   5898s
  459376    1.1504677e+04   0.000000e+00   3.804823e+04   5907s
  459696    1.1504677e+04   0.000000e+00   2.090514e+05   5917s
  460016    1.1504677e+04   0.000000e+00   4.573573e+04   5927s
  460376    1.1504677e+04   0.000000e+00   2.039806e+04   5937s
  460696    1.1504677e+04   0.000000e+00   1.620833e+04   5947s
  460996    1.1504677e+04   0.000000e+00   3.812467e+04   5956s
  461356    1.1504677e+04   0.000000e+00   1.295897e+04   5966s
  461706    1.1504677e+04   0.000000e+00   3.417811e+04   5976s
  462066    1.1504677e+04   0.000000e+00   3.683549e+05   5987s
  462426    1.1504677e+04   0.000000e+00   2.308632e+04   5997s
  462726    1.1504677e+04   0.000000e+00   2.618292e+04   6006s
  463046    1.1504678e+04   0.000000e+00   3.609284e+04   6016s
  463356    1.1504678e+04   0.000000e+00   1.098066e+04   6025s
  463656    1.1504678e+04   0.000000e+00   1.895291e+04   6035s
  463976    1.1504678e+04   0.000000e+00   3.688102e+04   6044s
  464276    1.1504678e+04   0.000000e+00   6.740572e+04   6053s
  464596    1.1504678e+04   0.000000e+00   2.782639e+04   6063s
  464906    1.1504678e+04   0.000000e+00   2.128775e+04   6072s
  465236    1.1504678e+04   0.000000e+00   4.607626e+04   6082s
  465556    1.1504678e+04   0.000000e+00   4.032229e+04   6091s
  465896    1.1504678e+04   0.000000e+00   1.399799e+04   6102s
  466256    1.1504679e+04   0.000000e+00   7.211306e+04   6112s
  466626    1.1504679e+04   0.000000e+00   2.100300e+04   6123s
  466916    1.1504679e+04   0.000000e+00   2.629187e+04   6132s
  467236    1.1504679e+04   0.000000e+00   4.528971e+04   6141s
  467636    1.1504679e+04   0.000000e+00   3.577687e+04   6153s
  468086    1.1504679e+04   0.000000e+00   8.275293e+04   6164s
  468436    1.1504679e+04   0.000000e+00   2.311137e+04   6174s
  468746    1.1504679e+04   0.000000e+00   5.968752e+04   6183s
  469056    1.1504679e+04   0.000000e+00   2.098346e+05   6193s
  469376    1.1504680e+04   0.000000e+00   1.115174e+04   6202s
  469676    1.1504680e+04   0.000000e+00   5.124158e+04   6212s
  469986    1.1504680e+04   0.000000e+00   4.921197e+04   6221s
  470286    1.1504680e+04   0.000000e+00   1.634186e+04   6230s
  470616    1.1504680e+04   0.000000e+00   1.444193e+05   6240s
  470936    1.1504680e+04   0.000000e+00   4.427517e+05   6250s
  471236    1.1504680e+04   0.000000e+00   6.220065e+04   6259s
  471536    1.1504680e+04   0.000000e+00   1.028287e+05   6268s
  471836    1.1504680e+04   0.000000e+00   3.931902e+04   6277s
  472166    1.1504680e+04   0.000000e+00   2.704276e+04   6287s
  472466    1.1504680e+04   0.000000e+00   3.458945e+04   6296s
  472766    1.1504680e+04   0.000000e+00   3.112402e+04   6306s
  473076    1.1504681e+04   0.000000e+00   1.182027e+04   6315s
  473366    1.1504681e+04   0.000000e+00   8.477250e+04   6325s
  473666    1.1504681e+04   0.000000e+00   7.372940e+04   6334s
  473976    1.1504681e+04   0.000000e+00   5.540204e+04   6343s
  474276    1.1504681e+04   0.000000e+00   4.403991e+04   6353s
  474586    1.1504681e+04   0.000000e+00   3.438450e+04   6362s
  474896    1.1504681e+04   0.000000e+00   3.921383e+04   6372s
  475206    1.1504681e+04   0.000000e+00   6.050636e+04   6381s
  475516    1.1504681e+04   0.000000e+00   2.538448e+05   6391s
  475826    1.1504681e+04   0.000000e+00   2.520961e+04   6400s
  476126    1.1504681e+04   0.000000e+00   6.141269e+04   6410s
  476436    1.1504681e+04   0.000000e+00   2.785226e+04   6419s
  476746    1.1504681e+04   0.000000e+00   2.488375e+04   6429s
  477046    1.1504681e+04   0.000000e+00   1.636079e+05   6438s
  477346    1.1504682e+04   0.000000e+00   3.693736e+04   6448s
  477666    1.1504682e+04   0.000000e+00   1.970317e+04   6457s
  477966    1.1504682e+04   0.000000e+00   1.944421e+04   6467s
  478266    1.1504682e+04   0.000000e+00   1.829795e+04   6476s
  478566    1.1504682e+04   0.000000e+00   1.810100e+04   6486s
  478876    1.1504682e+04   0.000000e+00   2.442771e+04   6495s
  479186    1.1504682e+04   0.000000e+00   7.577416e+03   6505s
  479496    1.1504682e+04   0.000000e+00   1.131993e+04   6514s
  479846    1.1504682e+04   0.000000e+00   2.695038e+04   6524s
  480146    1.1504682e+04   0.000000e+00   2.638260e+04   6533s
  480446    1.1504682e+04   0.000000e+00   1.135476e+04   6542s
  480746    1.1504682e+04   0.000000e+00   2.279035e+04   6551s
  481056    1.1504682e+04   0.000000e+00   1.228239e+04   6561s
  481366    1.1504682e+04   0.000000e+00   5.752730e+04   6570s
  481676    1.1504683e+04   0.000000e+00   3.419979e+04   6579s
  482006    1.1504683e+04   0.000000e+00   2.624966e+04   6589s
  482306    1.1504683e+04   0.000000e+00   3.979434e+04   6598s
  482636    1.1504683e+04   0.000000e+00   1.457600e+04   6608s
  482936    1.1504683e+04   0.000000e+00   1.131597e+04   6617s
  483246    1.1504683e+04   0.000000e+00   1.938343e+04   6627s
  483546    1.1504683e+04   0.000000e+00   3.529994e+04   6636s
  483846    1.1504683e+04   0.000000e+00   3.212691e+04   6645s
  484146    1.1504683e+04   0.000000e+00   1.595958e+04   6655s
  484446    1.1504683e+04   0.000000e+00   9.881242e+03   6664s
  484756    1.1504683e+04   0.000000e+00   2.559502e+04   6673s
  485076    1.1504683e+04   0.000000e+00   5.427623e+04   6683s
  485396    1.1504683e+04   0.000000e+00   2.307662e+04   6692s
  485706    1.1504684e+04   0.000000e+00   4.612741e+04   6701s
  486016    1.1504684e+04   0.000000e+00   9.006542e+04   6711s
  486356    1.1504684e+04   0.000000e+00   1.830934e+04   6720s
  486666    1.1504684e+04   0.000000e+00   1.888720e+04   6729s
  486986    1.1504684e+04   0.000000e+00   9.732083e+03   6738s
  487296    1.1504684e+04   0.000000e+00   4.508376e+04   6748s
  487606    1.1504684e+04   0.000000e+00   1.710152e+04   6757s
  487916    1.1504684e+04   0.000000e+00   5.760865e+04   6766s
  488226    1.1504684e+04   0.000000e+00   8.583152e+03   6775s
  488546    1.1504684e+04   0.000000e+00   1.258251e+04   6785s
  488876    1.1504684e+04   0.000000e+00   1.010811e+04   6794s
  489246    1.1504684e+04   0.000000e+00   1.643387e+04   6805s
  489596    1.1504684e+04   0.000000e+00   8.178072e+04   6815s
  489936    1.1504684e+04   0.000000e+00   4.129303e+04   6825s
  490306    1.1504685e+04   0.000000e+00   5.322321e+04   6835s
  490646    1.1504685e+04   0.000000e+00   1.145002e+05   6844s
  490966    1.1504685e+04   0.000000e+00   1.859140e+04   6854s
  491276    1.1504685e+04   0.000000e+00   1.940873e+04   6863s
  491596    1.1504685e+04   0.000000e+00   4.543873e+04   6872s
  491906    1.1504685e+04   0.000000e+00   4.781127e+04   6882s
  492226    1.1504685e+04   0.000000e+00   8.136314e+03   6891s
  492546    1.1504685e+04   0.000000e+00   2.975951e+04   6900s
  492876    1.1504685e+04   0.000000e+00   8.098025e+03   6910s
  493186    1.1504685e+04   0.000000e+00   4.869526e+04   6919s
  493486    1.1504685e+04   0.000000e+00   2.822858e+04   6928s
  493796    1.1504685e+04   0.000000e+00   1.799092e+04   6938s
  494106    1.1504685e+04   0.000000e+00   1.213960e+04   6947s
  494436    1.1504685e+04   0.000000e+00   2.524894e+04   6956s
  494756    1.1504686e+04   0.000000e+00   1.670330e+04   6966s
  495076    1.1504686e+04   0.000000e+00   1.942129e+04   6975s
  495406    1.1504686e+04   0.000000e+00   1.959311e+04   6985s
  495786    1.1504686e+04   0.000000e+00   1.275232e+04   6996s
  496136    1.1504686e+04   0.000000e+00   2.169749e+04   7005s
  496446    1.1504686e+04   0.000000e+00   5.494428e+04   7015s
  496766    1.1504686e+04   0.000000e+00   1.255734e+04   7024s
  497076    1.1504686e+04   0.000000e+00   5.402287e+04   7033s
  497386    1.1504686e+04   0.000000e+00   2.802910e+04   7042s
  497706    1.1504686e+04   0.000000e+00   2.058311e+04   7052s
  498026    1.1504686e+04   0.000000e+00   2.349772e+04   7061s
  498336    1.1504686e+04   0.000000e+00   7.375761e+04   7071s
  498646    1.1504686e+04   0.000000e+00   2.662454e+04   7080s
  498956    1.1504686e+04   0.000000e+00   1.123415e+04   7090s
  499266    1.1504686e+04   0.000000e+00   4.876949e+04   7099s
  499576    1.1504686e+04   0.000000e+00   3.448794e+04   7108s
  499906    1.1504686e+04   0.000000e+00   8.200155e+03   7117s
  500236    1.1504687e+04   0.000000e+00   3.385783e+04   7127s
  500546    1.1504687e+04   0.000000e+00   3.503971e+04   7136s
  500886    1.1504687e+04   0.000000e+00   1.739777e+04   7146s
  501196    1.1504687e+04   0.000000e+00   4.139714e+04   7155s
  501516    1.1504687e+04   0.000000e+00   5.276053e+04   7165s
  501836    1.1504687e+04   0.000000e+00   1.183625e+05   7174s
  502176    1.1504687e+04   0.000000e+00   6.377854e+03   7184s
  502486    1.1504687e+04   0.000000e+00   1.124918e+04   7194s
  502806    1.1504687e+04   0.000000e+00   2.598013e+04   7203s
  503156    1.1504687e+04   0.000000e+00   9.311626e+04   7213s
  503466    1.1504687e+04   0.000000e+00   2.350516e+04   7222s
  503786    1.1504687e+04   0.000000e+00   3.457483e+04   7232s
  504096    1.1504687e+04   0.000000e+00   3.960969e+03   7241s
  504416    1.1504687e+04   0.000000e+00   9.964783e+03   7251s
  504736    1.1504687e+04   0.000000e+00   9.839284e+03   7260s
  505056    1.1504687e+04   0.000000e+00   2.411970e+04   7269s
  505386    1.1504687e+04   0.000000e+00   2.592317e+04   7279s
  505696    1.1504687e+04   0.000000e+00   1.236979e+05   7288s
  506006    1.1504687e+04   0.000000e+00   6.089480e+04   7297s
  506316    1.1504687e+04   0.000000e+00   1.348358e+04   7307s
  506646    1.1504688e+04   0.000000e+00   2.216360e+04   7316s
  506966    1.1504688e+04   0.000000e+00   1.922141e+04   7325s
  507276    1.1504688e+04   0.000000e+00   1.100694e+04   7335s
  507596    1.1504688e+04   0.000000e+00   1.893128e+04   7344s
  507906    1.1504688e+04   0.000000e+00   5.058018e+04   7353s
  508216    1.1504688e+04   0.000000e+00   8.452428e+03   7362s
  508526    1.1504688e+04   0.000000e+00   1.311691e+05   7372s
  508846    1.1504688e+04   0.000000e+00   9.653005e+03   7381s
  509156    1.1504688e+04   0.000000e+00   4.737583e+03   7390s
  509476    1.1504688e+04   0.000000e+00   1.662061e+04   7399s
  509796    1.1504688e+04   0.000000e+00   6.371118e+03   7409s
  510246    1.1504688e+04   0.000000e+00   4.585460e+03   7420s
  510676    1.1504688e+04   0.000000e+00   1.339592e+04   7432s
  511086    1.1504688e+04   0.000000e+00   2.173039e+04   7443s
  511406    1.1504688e+04   0.000000e+00   3.690913e+04   7452s
  511726    1.1504688e+04   0.000000e+00   2.696585e+04   7461s
  512036    1.1504688e+04   0.000000e+00   2.080220e+04   7471s
  512346    1.1504688e+04   0.000000e+00   7.480619e+04   7480s
  512676    1.1504689e+04   0.000000e+00   3.878403e+04   7489s
  512996    1.1504689e+04   0.000000e+00   4.294698e+04   7499s
  513306    1.1504689e+04   0.000000e+00   2.795421e+04   7508s
  513626    1.1504689e+04   0.000000e+00   1.306586e+04   7517s
  513946    1.1504689e+04   0.000000e+00   1.537473e+04   7527s
  514276    1.1504689e+04   0.000000e+00   1.022167e+04   7536s
  514676    1.1504689e+04   0.000000e+00   1.591266e+04   7547s
  515016    1.1504689e+04   0.000000e+00   5.208267e+03   7557s
  515316    1.1504689e+04   0.000000e+00   8.749821e+04   7566s
  515646    1.1504689e+04   0.000000e+00   9.561094e+03   7575s
  515966    1.1504689e+04   0.000000e+00   8.717532e+03   7585s
  516296    1.1504689e+04   0.000000e+00   1.189694e+04   7594s
  516616    1.1504689e+04   0.000000e+00   3.743022e+03   7603s
  516936    1.1504689e+04   0.000000e+00   1.688014e+04   7613s
  517286    1.1504689e+04   0.000000e+00   2.059840e+04   7623s
  517606    1.1504689e+04   0.000000e+00   4.332012e+03   7632s
  517926    1.1504689e+04   0.000000e+00   6.400147e+03   7641s
  518256    1.1504689e+04   0.000000e+00   2.074407e+04   7651s
  518576    1.1504689e+04   0.000000e+00   1.415958e+05   7660s
  518916    1.1504689e+04   0.000000e+00   1.682505e+04   7670s
  519256    1.1504690e+04   0.000000e+00   8.907405e+03   7679s
  519616    1.1504690e+04   0.000000e+00   1.610160e+05   7689s
  519926    1.1504690e+04   0.000000e+00   2.789563e+04   7699s
  520256    1.1504690e+04   0.000000e+00   4.300609e+03   7708s
  520586    1.1504690e+04   0.000000e+00   2.138337e+04   7718s
  520916    1.1504690e+04   0.000000e+00   9.621653e+03   7727s
  521246    1.1504690e+04   0.000000e+00   3.087489e+04   7737s
  521566    1.1504690e+04   0.000000e+00   9.908484e+03   7746s
  521886    1.1504690e+04   0.000000e+00   3.090641e+04   7756s
  522216    1.1504690e+04   0.000000e+00   1.838446e+04   7765s
  522546    1.1504690e+04   0.000000e+00   1.087178e+04   7775s
  522866    1.1504690e+04   0.000000e+00   2.766159e+04   7784s
  523186    1.1504690e+04   0.000000e+00   2.466664e+04   7794s
  523546    1.1504690e+04   0.000000e+00   1.767043e+04   7803s
  523866    1.1504690e+04   0.000000e+00   6.781620e+03   7813s
  524196    1.1504690e+04   0.000000e+00   1.065599e+05   7822s
  524566    1.1504690e+04   0.000000e+00   1.087158e+04   7832s
  524896    1.1504690e+04   0.000000e+00   9.478557e+03   7841s
  525216    1.1504690e+04   0.000000e+00   5.851588e+03   7850s
  525536    1.1504690e+04   0.000000e+00   2.414736e+04   7860s
  525866    1.1504691e+04   0.000000e+00   1.135859e+04   7869s
  526186    1.1504691e+04   0.000000e+00   3.028009e+04   7878s
  526516    1.1504691e+04   0.000000e+00   3.636782e+03   7888s
  526866    1.1504691e+04   0.000000e+00   1.397617e+04   7897s
  527186    1.1504691e+04   0.000000e+00   1.441910e+04   7907s
  527516    1.1504691e+04   0.000000e+00   7.848206e+03   7916s
  527846    1.1504691e+04   0.000000e+00   2.767511e+03   7926s
  528166    1.1504691e+04   0.000000e+00   3.081745e+04   7935s
  528496    1.1504691e+04   0.000000e+00   4.664058e+03   7944s
  528816    1.1504691e+04   0.000000e+00   3.371724e+05   7953s
  529156    1.1504691e+04   0.000000e+00   1.353888e+04   7963s
  529476    1.1504691e+04   0.000000e+00   3.583340e+03   7972s
  529886    1.1504691e+04   0.000000e+00   3.628685e+03   7983s
  530206    1.1504691e+04   0.000000e+00   1.050760e+04   7992s
  530536    1.1504691e+04   0.000000e+00   1.869839e+04   8001s
  530866    1.1504691e+04   0.000000e+00   3.416709e+03   8010s
  531206    1.1504691e+04   0.000000e+00   9.875890e+03   8020s
  531526    1.1504691e+04   0.000000e+00   8.640375e+03   8029s
  531946    1.1504691e+04   0.000000e+00   4.105177e+03   8040s
  532296    1.1504691e+04   0.000000e+00   4.650362e+03   8050s
  532636    1.1504691e+04   0.000000e+00   2.911410e+04   8059s
  532976    1.1504691e+04   0.000000e+00   4.687496e+03   8069s
  533326    1.1504691e+04   0.000000e+00   6.161209e+03   8078s
  533646    1.1504692e+04   0.000000e+00   1.831991e+04   8088s
  533966    1.1504692e+04   0.000000e+00   5.932235e+03   8097s
  534296    1.1504692e+04   0.000000e+00   5.520498e+03   8106s
  534626    1.1504692e+04   0.000000e+00   1.360014e+04   8116s
  534956    1.1504692e+04   0.000000e+00   4.029571e+03   8125s
  535296    1.1504692e+04   0.000000e+00   5.097473e+04   8134s
  535626    1.1504692e+04   0.000000e+00   4.626712e+03   8144s
  535936    1.1504692e+04   0.000000e+00   4.672600e+03   8153s
  536276    1.1504692e+04   0.000000e+00   1.127858e+04   8162s
  536596    1.1504692e+04   0.000000e+00   9.674984e+02   8171s
  536926    1.1504692e+04   0.000000e+00   2.793897e+03   8181s
  537256    1.1504692e+04   0.000000e+00   1.746275e+04   8190s
  537596    1.1504692e+04   0.000000e+00   5.225716e+03   8200s
  537956    1.1504692e+04   0.000000e+00   3.169837e+04   8209s
  538286    1.1504692e+04   0.000000e+00   4.675650e+04   8218s
  538616    1.1504692e+04   0.000000e+00   6.606919e+03   8228s
  538926    1.1504692e+04   0.000000e+00   2.899303e+04   8237s
  539246    1.1504692e+04   0.000000e+00   4.353773e+04   8246s
  539606    1.1504692e+04   0.000000e+00   3.638843e+04   8256s
  539976    1.1504692e+04   0.000000e+00   1.627243e+04   8265s
  540486    1.1504692e+04   0.000000e+00   1.730065e+04   8277s
  540886    1.1504692e+04   0.000000e+00   1.327767e+04   8287s
  541226    1.1504692e+04   0.000000e+00   3.593033e+03   8296s
  541566    1.1504692e+04   0.000000e+00   2.466055e+04   8305s
  542076    1.1504692e+04   0.000000e+00   2.937348e+03   8315s
  542396    1.1504692e+04   0.000000e+00   9.956212e+03   8324s
  542736    1.1504693e+04   0.000000e+00   3.454612e+03   8333s
  543116    1.1504693e+04   0.000000e+00   5.985754e+03   8342s
  543456    1.1504693e+04   0.000000e+00   1.287075e+05   8352s
  543786    1.1504693e+04   0.000000e+00   5.789369e+03   8361s
  544106    1.1504693e+04   0.000000e+00   8.438240e+03   8371s
  544496    1.1504693e+04   0.000000e+00   3.499448e+03   8381s
  544936    1.1504693e+04   0.000000e+00   3.075165e+03   8392s
  545256    1.1504693e+04   0.000000e+00   7.034411e+04   8401s
  545596    1.1504693e+04   0.000000e+00   1.099804e+04   8410s
  545906    1.1504693e+04   0.000000e+00   2.157604e+04   8419s
  546316    1.1504693e+04   0.000000e+00   1.517792e+03   8430s
  546746    1.1504693e+04   0.000000e+00   3.061672e+03   8440s
  547076    1.1504693e+04   0.000000e+00   9.868392e+03   8449s
  547426    1.1504693e+04   0.000000e+00   6.258069e+03   8458s
  547756    1.1504693e+04   0.000000e+00   3.231054e+03   8467s
  548126    1.1504693e+04   0.000000e+00   1.447842e+04   8477s
  548466    1.1504693e+04   0.000000e+00   1.092049e+04   8486s
  548806    1.1504693e+04   0.000000e+00   2.120970e+03   8496s
  549156    1.1504693e+04   0.000000e+00   3.112945e+03   8505s
  549506    1.1504693e+04   0.000000e+00   8.405107e+03   8514s
  549856    1.1504693e+04   0.000000e+00   9.368550e+03   8524s
  550196    1.1504693e+04   0.000000e+00   1.961308e+03   8533s
  550586    1.1504693e+04   0.000000e+00   2.675924e+03   8543s
  550926    1.1504693e+04   0.000000e+00   8.950874e+03   8552s
  551286    1.1504693e+04   0.000000e+00   5.869753e+04   8562s
  551676    1.1504693e+04   0.000000e+00   1.854936e+03   8571s
  552026    1.1504693e+04   0.000000e+00   3.696008e+03   8580s
  552426    1.1504693e+04   0.000000e+00   1.713352e+04   8590s
  552756    1.1504693e+04   0.000000e+00   6.339749e+03   8599s
  553086    1.1504693e+04   0.000000e+00   1.392434e+04   8608s
  553426    1.1504694e+04   0.000000e+00   2.231674e+04   8617s
  553796    1.1504694e+04   0.000000e+00   1.642397e+03   8627s
  554136    1.1504694e+04   0.000000e+00   1.232957e+04   8636s
  554476    1.1504694e+04   0.000000e+00   1.158272e+04   8645s
  554826    1.1504694e+04   0.000000e+00   1.459173e+03   8654s
  555156    1.1504694e+04   0.000000e+00   1.291519e+04   8663s
  555496    1.1504694e+04   0.000000e+00   2.775388e+03   8673s
  555836    1.1504694e+04   0.000000e+00   3.373399e+03   8682s
  556256    1.1504694e+04   0.000000e+00   3.499038e+03   8693s
  556626    1.1504694e+04   0.000000e+00   1.472579e+03   8702s
  556966    1.1504694e+04   0.000000e+00   1.870643e+03   8712s
  557306    1.1504694e+04   0.000000e+00   2.252348e+03   8721s
  557646    1.1504694e+04   0.000000e+00   7.331203e+03   8730s
  557976    1.1504694e+04   0.000000e+00   3.244437e+03   8740s
  558316    1.1504694e+04   0.000000e+00   5.070925e+03   8749s
  558666    1.1504694e+04   0.000000e+00   6.508995e+03   8758s
  559016    1.1504694e+04   0.000000e+00   1.176644e+03   8768s
  559356    1.1504694e+04   0.000000e+00   2.464202e+03   8777s
  559726    1.1504694e+04   0.000000e+00   5.026781e+03   8786s
  560086    1.1504694e+04   0.000000e+00   5.635658e+04   8795s
  560436    1.1504694e+04   0.000000e+00   1.870219e+04   8805s
  560806    1.1504694e+04   0.000000e+00   4.407931e+03   8814s
  561166    1.1504694e+04   0.000000e+00   9.644396e+02   8824s
  561516    1.1504694e+04   0.000000e+00   5.236185e+03   8833s
  561896    1.1504694e+04   0.000000e+00   1.026922e+03   8843s
  562306    1.1504694e+04   0.000000e+00   4.436016e+03   8852s
  562686    1.1504694e+04   0.000000e+00   1.003112e+03   8861s
  563156    1.1504694e+04   0.000000e+00   3.475956e+03   8871s
  563496    1.1504694e+04   0.000000e+00   6.523591e+02   8880s
  563936    1.1504694e+04   0.000000e+00   1.129149e+03   8890s
  564276    1.1504694e+04   0.000000e+00   1.016860e+03   8899s
  564636    1.1504694e+04   0.000000e+00   1.191117e+03   8908s
  565066    1.1504694e+04   0.000000e+00   1.028064e+03   8918s
  565406    1.1504694e+04   0.000000e+00   2.057679e+03   8927s
  565756    1.1504694e+04   0.000000e+00   1.153032e+03   8936s
  566136    1.1504694e+04   0.000000e+00   5.797415e+02   8946s
  566536    1.1504694e+04   0.000000e+00   6.113298e+02   8956s
  566896    1.1504694e+04   0.000000e+00   5.803489e+03   8965s
  567246    1.1504694e+04   0.000000e+00   5.506491e+02   8974s
  567596    1.1504694e+04   0.000000e+00   1.638235e+04   8983s
  567966    1.1504694e+04   0.000000e+00   1.291250e+03   8992s
  568456    1.1504694e+04   0.000000e+00   1.320191e+03   9003s
  568846    1.1504694e+04   0.000000e+00   7.814368e+02   9013s
  569206    1.1504694e+04   0.000000e+00   4.175855e+02   9022s
  569606    1.1504694e+04   0.000000e+00   3.020987e+03   9031s
  570036    1.1504695e+04   0.000000e+00   1.102652e+03   9041s
  570526    1.1504695e+04   0.000000e+00   7.071703e+02   9051s
  570956    1.1504695e+04   0.000000e+00   5.711016e+02   9060s
  571366    1.1504695e+04   0.000000e+00   3.121682e+02   9070s
  571776    1.1504695e+04   0.000000e+00   9.663401e+02   9079s
  572146    1.1504695e+04   0.000000e+00   3.892301e+02   9088s
  572526    1.1504695e+04   0.000000e+00   1.005392e+03   9097s
  572936    1.1504695e+04   0.000000e+00   2.972003e+02   9107s
  573436    1.1504695e+04   0.000000e+00   3.874616e+02   9116s
  573806    1.1504695e+04   0.000000e+00   2.847502e+02   9125s
  574206    1.1504695e+04   0.000000e+00   2.372383e+03   9134s
  574606    1.1504695e+04   0.000000e+00   1.665095e+03   9144s
  575006    1.1504695e+04   0.000000e+00   6.846239e+02   9153s
  575386    1.1504695e+04   0.000000e+00   9.215619e+01   9162s
  575816    1.1504695e+04   0.000000e+00   4.886302e+02   9171s
  576226    1.1504695e+04   0.000000e+00   1.216758e+02   9180s
  576636    1.1504695e+04   0.000000e+00   3.982284e+02   9190s
  577066    1.1504695e+04   0.000000e+00   5.462725e+02   9199s
  577526    1.1504695e+04   0.000000e+00   2.532607e+02   9209s
  578128    1.1504695e+04   0.000000e+00   5.451107e+02   9219s
  578548    1.1504695e+04   0.000000e+00   4.816763e+01   9228s
  579018    1.1504695e+04   0.000000e+00   1.757274e+01   9238s
  579558    1.1504695e+04   0.000000e+00   1.449867e+01   9247s
  580048    1.1504695e+04   0.000000e+00   6.641410e+00   9256s
  580548    1.1504695e+04   0.000000e+00   1.717777e+00   9265s
  581150    1.1504695e+04   0.000000e+00   7.233421e-01   9273s
  581664    1.1503105e+04   0.000000e+00   0.000000e+00   9277s
Extra simplex iterations after uncrush: 544071

Solved in 581664 iterations and 9277.57 seconds (9592.89 work units)
Optimal objective  1.150310491e+04
