
Gurobi 10.0.1 (linux64) logging started Mon Mar 10 21:39:01 2025

Set parameter LogFile to value "Results/Conservative_experiment/c1_0.60_c2_0.20.log"
Set parameter TimeLimit to value 36000
Gurobi Optimizer version 10.0.1 build v10.0.1rc0 (linux64)

CPU model: AMD EPYC 9654 96-Core Processor, instruction set [SSE2|AVX|AVX2|AVX512]
Thread count: 192 physical cores, 192 logical processors, using up to 32 threads

Academic license 656792 - for non-commercial use only - registered to b.___@student.vu.nl
Optimize a model with 1498050 rows, 1622512 columns and 5976640 nonzeros
Model fingerprint: 0xcf8bd9c8
Coefficient statistics:
  Matrix range     [2e-01, 1e+00]
  Objective range  [6e-02, 5e+00]
  Bounds range     [0e+00, 0e+00]
  RHS range        [1e-02, 1e+03]
Presolve removed 955510 rows and 878809 columns (presolve time = 5s) ...
Presolve removed 955510 rows and 878809 columns
Presolve time: 5.15s
Presolved: 542540 rows, 743703 columns, 2508755 nonzeros

Concurrent LP optimizer: primal simplex, dual simplex, and barrier
Showing barrier log only...

Ordering time: 1.35s

Barrier statistics:
 AA' NZ     : 1.721e+06
 Factor NZ  : 1.393e+07 (roughly 250 MB of memory)
 Factor Ops : 7.897e+09 (less than 1 second per iteration)
 Threads    : 30

                  Objective                Residual
Iter       Primal          Dual         Primal    Dual     Compl     Time
   0  -1.29004264e+07  1.70889422e+08  9.34e+05 1.21e+02  3.44e+04     8s
   1  -1.15960378e+07  1.38034639e+08  5.03e+05 1.77e+02  1.77e+04     8s
   2  -1.29297910e+07  8.90822656e+07  9.46e+04 4.83e+01  3.78e+03     8s
   3  -6.61505948e+07  8.26150080e+07  2.69e+04 4.65e+01  2.01e+03     8s
   4  -6.47288134e+07  1.55833840e+07  1.45e+04 5.14e+00  6.05e+02     9s
   5  -2.56761409e+07  5.91126583e+06  4.68e+03 1.34e+00  1.95e+02     9s
   6  -2.01289437e+07  4.12182748e+06  3.55e+03 8.14e-01  1.45e+02     9s
   7  -1.80263185e+07  1.60308780e+06  3.10e+03 7.25e-02  1.10e+02     9s
   8  -1.41495575e+06  6.65994247e+05  1.86e+02 1.38e-03  9.11e+00     9s
   9  -1.48703138e+05  2.53583924e+05  1.90e+01 1.09e-11  1.47e+00     9s
  10  -4.86333297e+04  1.50325155e+05  9.46e+00 5.00e-12  7.15e-01     9s
  11  -2.14532065e+04  1.21442524e+05  6.65e+00 3.41e-12  5.05e-01    10s
  12  -1.11803225e+04  9.78373019e+04  4.93e+00 2.29e-12  3.76e-01    10s
  13  -2.86352111e+03  7.68398622e+04  2.98e+00 2.58e-12  2.62e-01    10s
  14   3.85387693e+03  4.01385014e+04  1.35e+00 2.69e-12  1.13e-01    10s
  15   7.89151419e+03  3.05603042e+04  5.08e-01 2.73e-12  6.82e-02    10s
  16   8.06041354e+03  2.13501390e+04  4.82e-01 3.48e-12  4.01e-02    10s
  17   9.66450374e+03  2.03669510e+04  2.66e-01 3.43e-12  3.19e-02    10s
  18   9.99167804e+03  1.99648119e+04  2.15e-01 4.44e-12  2.96e-02    11s
  19   1.03507609e+04  1.72230475e+04  1.55e-01 4.50e-12  2.04e-02    11s
  20   1.05286597e+04  1.63600369e+04  1.29e-01 3.64e-12  1.73e-02    11s
  21   1.08721871e+04  1.35171349e+04  7.81e-02 3.05e-12  7.85e-03    11s
  22   1.11009308e+04  1.25513928e+04  4.89e-02 2.66e-12  4.31e-03    11s
  23   1.11720647e+04  1.22600845e+04  3.99e-02 3.63e-12  3.24e-03    11s
  24   1.12952763e+04  1.19793128e+04  2.43e-02 2.74e-12  2.04e-03    12s
  25   1.13190680e+04  1.19206575e+04  2.15e-02 3.07e-12  1.79e-03    12s
  26   1.13561836e+04  1.18818915e+04  1.73e-02 3.94e-12  1.56e-03    12s
  27   1.13985882e+04  1.18125934e+04  1.27e-02 3.03e-12  1.23e-03    12s
  28   1.14239448e+04  1.17650594e+04  1.05e-02 3.22e-12  1.01e-03    12s
  29   1.14470681e+04  1.17401961e+04  8.48e-03 3.10e-12  8.69e-04    12s
  30   1.15087510e+04  1.17254003e+04  4.55e-03 3.57e-12  6.39e-04    13s
  31   1.15287016e+04  1.17091720e+04  3.83e-03 5.39e-12  5.32e-04    13s
  32   1.15452403e+04  1.16972220e+04  3.14e-03 5.89e-12  4.48e-04    13s
  33   1.15519671e+04  1.16753974e+04  2.61e-03 5.57e-12  3.64e-04    13s
  34   1.15655215e+04  1.16635441e+04  1.81e-03 1.13e-11  2.89e-04    13s
  35   1.15681857e+04  1.16541175e+04  1.62e-03 7.00e-12  2.53e-04    14s
  36   1.15720468e+04  1.16502660e+04  1.39e-03 5.51e-12  2.30e-04    14s
  37   1.15771848e+04  1.16433989e+04  1.21e-03 7.90e-12  1.95e-04    14s
  38   1.15795932e+04  1.16316980e+04  1.08e-03 4.66e-12  1.54e-04    14s
  39   1.15867664e+04  1.16309864e+04  8.44e-04 5.91e-12  1.30e-04    14s
  40   1.15908930e+04  1.16267205e+04  7.41e-04 9.36e-12  1.06e-04    15s
  41   1.15937563e+04  1.16218575e+04  5.87e-04 7.73e-12  8.30e-05    15s
  42   1.15971008e+04  1.16195965e+04  4.05e-04 7.05e-12  6.63e-05    15s
  43   1.15994717e+04  1.16176729e+04  2.73e-04 5.86e-12  5.35e-05    15s
  44   1.16000077e+04  1.16147422e+04  2.48e-04 6.17e-12  4.34e-05    15s
  45   1.16017376e+04  1.16138891e+04  2.23e-04 5.54e-12  3.58e-05    16s
  46   1.16017404e+04  1.16138134e+04  2.23e-04 6.23e-12  3.56e-05    16s
  47   1.16019296e+04  1.16136679e+04  2.13e-04 5.99e-12  3.46e-05    16s
  48   1.16021713e+04  1.16124014e+04  2.00e-04 5.86e-12  3.02e-05    16s
  49   1.16023366e+04  1.16120363e+04  1.89e-04 6.40e-12  2.86e-05    17s
  50   1.16029624e+04  1.16115855e+04  1.54e-04 8.08e-12  2.54e-05    17s
  51   1.16034490e+04  1.16108576e+04  1.34e-04 6.33e-12  2.18e-05    17s
  52   1.16037507e+04  1.16098794e+04  1.14e-04 5.70e-12  1.81e-05    17s
  53   1.16049959e+04  1.16094908e+04  6.79e-05 4.79e-12  1.32e-05    17s
  54   1.16052597e+04  1.16089035e+04  6.11e-05 5.97e-12  1.07e-05    18s
  55   1.16061263e+04  1.16087584e+04  3.87e-05 4.87e-12  7.74e-06    18s
  56   1.16069590e+04  1.16082002e+04  1.71e-05 5.51e-12  3.65e-06    18s
  57   1.16072358e+04  1.16080641e+04  1.07e-05 6.68e-12  2.43e-06    18s
  58   1.16072886e+04  1.16080469e+04  9.76e-06 5.22e-12  2.23e-06    18s
  59   1.16073274e+04  1.16080479e+04  9.10e-06 6.99e-12  2.12e-06    19s
  60   1.16073823e+04  1.16080176e+04  8.17e-06 6.87e-12  1.87e-06    19s
  61   1.16074434e+04  1.16079817e+04  6.72e-06 7.66e-12  1.58e-06    19s
  62   1.16074993e+04  1.16079512e+04  5.73e-06 7.95e-12  1.33e-06    19s
  63   1.16076260e+04  1.16079313e+04  3.16e-06 6.07e-12  8.96e-07    19s
  64   1.16076536e+04  1.16079201e+04  2.63e-06 9.00e-12  7.82e-07    19s
  65   1.16077040e+04  1.16078965e+04  1.66e-06 8.29e-12  5.65e-07    19s
  66   1.16077191e+04  1.16078875e+04  1.41e-06 7.79e-12  4.94e-07    20s
  67   1.16077371e+04  1.16078705e+04  1.12e-06 7.97e-12  3.91e-07    20s
  68   1.16077436e+04  1.16078368e+04  1.01e-06 7.04e-12  2.74e-07    20s
  69   1.16077708e+04  1.16078297e+04  5.54e-07 6.19e-12  1.73e-07    20s
  70   1.16077994e+04  1.16078137e+04  7.91e-08 6.71e-12  4.18e-08    20s
  71   1.16078051e+04  1.16078061e+04  4.18e-09 7.13e-12  2.97e-09    21s
  72   1.16078053e+04  1.16078057e+04  2.43e-09 5.72e-12  9.71e-10    21s
  73   1.16078054e+04  1.16078056e+04  4.26e-08 6.75e-12  6.48e-10    21s
  74   1.16078055e+04  1.16078055e+04  1.05e-09 6.91e-12  9.88e-12    21s

Barrier solved model in 74 iterations and 21.05 seconds (17.64 work units)
Optimal objective 1.16078055e+04

Crossover log...

   88492 DPushes remaining with DInf 0.0000000e+00                21s
       0 DPushes remaining with DInf 0.0000000e+00                22s

    2654 PPushes remaining with PInf 0.0000000e+00                22s
       0 PPushes remaining with PInf 0.0000000e+00                22s

  Push phase complete: Pinf 0.0000000e+00, Dinf 3.1827261e-11     22s


Solved with barrier
Extra simplex iterations after uncrush: 3208
Iteration    Objective       Primal Inf.    Dual Inf.      Time
   48028    1.1607806e+04   0.000000e+00   0.000000e+00     25s

Use crossover to convert LP symmetric solution to basic solution...
Crossover log...

    5783 DPushes remaining with DInf 0.0000000e+00                25s
    2538 DPushes remaining with DInf 0.0000000e+00                25s
       0 DPushes remaining with DInf 0.0000000e+00                25s

    4363 PPushes remaining with PInf 0.0000000e+00                25s
       0 PPushes remaining with PInf 0.0000000e+00                26s

  Push phase complete: Pinf 0.0000000e+00, Dinf 1.0390557e-12     26s

Iteration    Objective       Primal Inf.    Dual Inf.      Time
   62402    1.1607876e+04   0.000000e+00   4.408521e+04     30s
   65412    1.1607893e+04   0.000000e+00   1.198179e+04     35s
   67820    1.1607901e+04   0.000000e+00   6.843468e+04     41s
   69626    1.1607909e+04   0.000000e+00   2.583737e+04     45s
   72034    1.1607917e+04   0.000000e+00   4.563970e+04     51s
   73840    1.1607923e+04   0.000000e+00   7.831446e+04     56s
   75646    1.1607927e+04   0.000000e+00   3.197782e+04     60s
   77452    1.1607929e+04   0.000000e+00   1.350685e+04     65s
   79258    1.1607932e+04   0.000000e+00   2.248958e+04     70s
   81064    1.1607936e+04   0.000000e+00   2.565311e+04     75s
   82870    1.1607939e+04   0.000000e+00   1.747294e+04     80s
   84676    1.1607941e+04   0.000000e+00   2.510824e+04     85s
   86482    1.1607943e+04   0.000000e+00   2.492784e+04     91s
   88288    1.1607945e+04   0.000000e+00   1.236968e+04     97s
   89492    1.1607947e+04   0.000000e+00   1.201589e+05    100s
   91298    1.1607948e+04   0.000000e+00   6.173903e+03    106s
   92502    1.1607950e+04   0.000000e+00   2.258967e+04    110s
   94308    1.1607951e+04   0.000000e+00   7.314767e+03    116s
   96114    1.1607953e+04   0.000000e+00   6.327865e+03    122s
   97318    1.1607955e+04   0.000000e+00   5.475180e+04    126s
   99124    1.1607956e+04   0.000000e+00   1.757803e+04    131s
  100930    1.1607957e+04   0.000000e+00   8.745248e+03    137s
  102134    1.1607958e+04   0.000000e+00   7.169954e+03    141s
  103940    1.1607960e+04   0.000000e+00   5.374330e+03    146s
  105746    1.1607961e+04   0.000000e+00   7.548301e+03    151s
  107552    1.1607962e+04   0.000000e+00   5.189286e+03    157s
  108756    1.1607963e+04   0.000000e+00   9.646382e+03    160s
  110562    1.1607963e+04   0.000000e+00   4.386505e+03    166s
  111766    1.1607964e+04   0.000000e+00   1.891325e+04    170s
  113572    1.1607965e+04   0.000000e+00   9.237825e+03    177s
  114776    1.1607965e+04   0.000000e+00   3.582970e+03    181s
  115980    1.1607966e+04   0.000000e+00   4.465128e+03    186s
  117184    1.1607966e+04   0.000000e+00   3.478200e+03    191s
  118388    1.1607967e+04   0.000000e+00   7.396073e+03    196s
  119592    1.1607967e+04   0.000000e+00   2.008194e+03    200s
  121398    1.1607968e+04   0.000000e+00   4.171923e+03    206s
  123204    1.1607968e+04   0.000000e+00   3.367997e+03    212s
  124408    1.1607969e+04   0.000000e+00   2.007777e+03    217s
  125612    1.1607969e+04   0.000000e+00   2.436370e+03    221s
  126816    1.1607970e+04   0.000000e+00   2.848479e+03    225s
  128622    1.1607970e+04   0.000000e+00   3.168509e+03    232s
  129826    1.1607970e+04   0.000000e+00   2.802815e+03    236s
  131030    1.1607971e+04   0.000000e+00   1.175709e+03    240s
  132836    1.1607971e+04   0.000000e+00   9.776942e+02    247s
  134040    1.1607971e+04   0.000000e+00   1.437804e+03    251s
  135244    1.1607971e+04   0.000000e+00   3.562116e+02    255s
  137050    1.1607972e+04   0.000000e+00   1.892489e+03    262s
  138254    1.1607972e+04   0.000000e+00   6.560647e+02    266s
  139458    1.1607972e+04   0.000000e+00   5.525718e+03    270s
  141264    1.1607972e+04   0.000000e+00   9.453985e+02    276s
  142468    1.1607972e+04   0.000000e+00   3.480532e+02    280s
  144274    1.1607973e+04   0.000000e+00   6.246409e+02    287s
  145478    1.1607973e+04   0.000000e+00   3.489171e+02    291s
  146682    1.1607973e+04   0.000000e+00   3.199493e+02    296s
  147886    1.1607973e+04   0.000000e+00   3.254248e+02    300s
  149090    1.1607973e+04   0.000000e+00   4.299333e+02    305s
  150896    1.1607973e+04   0.000000e+00   1.685557e+02    312s
  152100    1.1607973e+04   0.000000e+00   7.483376e+01    316s
  153304    1.1607973e+04   0.000000e+00   1.577065e+02    320s
  155110    1.1607973e+04   0.000000e+00   5.304307e+01    327s
  156314    1.1607973e+04   0.000000e+00   9.599669e+01    331s
  157518    1.1607973e+04   0.000000e+00   9.789390e+01    336s
  158722    1.1607973e+04   0.000000e+00   3.349456e+02    341s
  159926    1.1607973e+04   0.000000e+00   4.783482e+01    345s
  161732    1.1607973e+04   0.000000e+00   3.197410e+02    352s
  162936    1.1607973e+04   0.000000e+00   1.063967e+02    356s
  164140    1.1607974e+04   0.000000e+00   2.277898e+01    361s
  165946    1.1607974e+04   0.000000e+00   4.323619e+01    367s
  167150    1.1607974e+04   0.000000e+00   6.423445e+00    372s
  168354    1.1607974e+04   0.000000e+00   7.379041e+00    376s
  169558    1.1607974e+04   0.000000e+00   2.857971e+00    380s
  171364    1.1607974e+04   0.000000e+00   3.532459e-01    387s
  172568    1.1607974e+04   0.000000e+00   5.452891e-01    392s
  173772    1.1607974e+04   0.000000e+00   4.271838e-02    397s
  174842    1.1607974e+04   0.000000e+00   8.107152e-02    402s
  175585    1.1607806e+04   0.000000e+00   0.000000e+00    407s
Extra simplex iterations after uncrush: 8
  175593    1.1607806e+04   0.000000e+00   0.000000e+00    407s

Solved in 175593 iterations and 407.46 seconds (733.11 work units)
Optimal objective  1.160780551e+04
