
Gurobi 10.0.1 (linux64) logging started Mon Mar 10 21:42:59 2025

Set parameter LogFile to value "Results/Conservative_experiment/c1_0.70_c2_0.60.log"
Set parameter TimeLimit to value 36000
Gurobi Optimizer version 10.0.1 build v10.0.1rc0 (linux64)

CPU model: AMD EPYC 9654 96-Core Processor, instruction set [SSE2|AVX|AVX2|AVX512]
Thread count: 192 physical cores, 192 logical processors, using up to 32 threads

Academic license 656792 - for non-commercial use only - registered to b.___@student.vu.nl
Optimize a model with 1498050 rows, 1622512 columns and 5976640 nonzeros
Model fingerprint: 0x46a14e9a
Coefficient statistics:
  Matrix range     [6e-01, 1e+00]
  Objective range  [6e-02, 5e+00]
  Bounds range     [0e+00, 0e+00]
  RHS range        [1e-02, 1e+03]
Presolve removed 955510 rows and 878809 columns (presolve time = 5s) ...
Presolve removed 955510 rows and 878809 columns
Presolve time: 5.19s
Presolved: 542540 rows, 743703 columns, 2508755 nonzeros

Concurrent LP optimizer: primal simplex, dual simplex, and barrier
Showing barrier log only...

Ordering time: 1.37s

Barrier statistics:
 AA' NZ     : 1.721e+06
 Factor NZ  : 1.393e+07 (roughly 250 MB of memory)
 Factor Ops : 7.897e+09 (less than 1 second per iteration)
 Threads    : 30

                  Objective                Residual
Iter       Primal          Dual         Primal    Dual     Compl     Time
   0  -1.27564177e+07  3.46005698e+08  1.34e+06 7.92e+01  6.45e+04     8s
   1  -1.23237006e+07  3.29359174e+08  1.15e+06 2.06e+02  5.42e+04     8s
   2  -1.95897846e+07  3.22212930e+08  3.99e+05 1.83e+02  2.58e+04     8s
   3  -3.94419639e+08  1.69209054e+08  1.13e+05 4.05e+01  7.08e+03     8s
   4  -2.19205154e+08  4.29836227e+07  2.40e+04 3.35e+00  1.34e+03     9s
   5  -9.68933849e+07  1.66881602e+07  9.90e+03 8.42e-01  5.16e+02     9s
   6  -3.01446924e+07  8.74315662e+06  2.81e+03 3.25e-01  1.65e+02     9s
   7  -8.52251937e+06  3.54785756e+06  6.92e+02 9.30e-02  4.66e+01     9s
   8  -2.35575686e+06  7.68541062e+05  1.63e+02 8.68e-03  1.09e+01     9s
   9  -4.35163976e+05  2.36913926e+05  2.61e+01 7.07e-04  2.22e+00     9s
  10  -1.43594081e+05  1.48839206e+05  1.02e+01 5.15e-04  9.48e-01    10s
  11  -6.30429499e+04  9.25955318e+04  5.95e+00 2.26e-12  5.00e-01    10s
  12  -2.41280053e+04  6.68540986e+04  3.52e+00 1.23e-12  2.88e-01    10s
  13  -6.18135711e+03  4.59918353e+04  1.99e+00 1.50e-12  1.62e-01    10s
  14   2.43088313e+03  2.96868179e+04  1.01e+00 1.18e-12  8.31e-02    10s
  15   2.75851525e+03  2.67298891e+04  9.75e-01 2.36e-12  7.32e-02    10s
  16   8.24128828e+03  2.54038564e+04  3.13e-01 1.77e-12  5.10e-02    10s
  17   9.63580805e+03  1.87720711e+04  1.77e-01 1.49e-12  2.71e-02    10s
  18   9.94553265e+03  1.61213873e+04  1.46e-01 1.53e-12  1.84e-02    11s
  19   1.05680396e+04  1.37534837e+04  8.42e-02 1.60e-12  9.49e-03    11s
  20   1.08376543e+04  1.26426275e+04  5.93e-02 1.37e-12  5.40e-03    11s
  21   1.10058134e+04  1.24085432e+04  4.39e-02 1.43e-12  4.19e-03    11s
  22   1.11895573e+04  1.20613371e+04  2.74e-02 1.53e-12  2.61e-03    11s
  23   1.12677087e+04  1.19669244e+04  2.09e-02 1.80e-12  2.09e-03    11s
  24   1.13272186e+04  1.19148213e+04  1.67e-02 1.75e-12  1.75e-03    12s
  25   1.13760514e+04  1.18967309e+04  1.35e-02 2.22e-12  1.55e-03    12s
  26   1.14420286e+04  1.18800753e+04  1.03e-02 2.29e-12  1.30e-03    12s
  27   1.14595435e+04  1.18468844e+04  9.36e-03 2.08e-12  1.15e-03    12s
  28   1.14849811e+04  1.17767716e+04  7.30e-03 1.91e-12  8.68e-04    12s
  29   1.14953256e+04  1.17480285e+04  6.68e-03 1.60e-12  7.52e-04    12s
  30   1.15196520e+04  1.17335257e+04  5.34e-03 2.39e-12  6.36e-04    13s
  31   1.15540845e+04  1.17034176e+04  3.16e-03 2.19e-12  4.43e-04    13s
  32   1.15621951e+04  1.16974310e+04  2.86e-03 2.63e-12  4.01e-04    13s
  33   1.15637593e+04  1.16894473e+04  2.68e-03 3.22e-12  3.73e-04    13s
  34   1.15701035e+04  1.16882737e+04  2.39e-03 2.42e-12  3.50e-04    13s
  35   1.15762369e+04  1.16876609e+04  2.13e-03 3.01e-12  3.30e-04    14s
  36   1.15810151e+04  1.16601584e+04  1.77e-03 2.32e-12  2.35e-04    14s
  37   1.15882567e+04  1.16503750e+04  1.32e-03 2.06e-12  1.84e-04    14s
  38   1.15921644e+04  1.16443119e+04  1.10e-03 1.87e-12  1.55e-04    14s
  39   1.15947991e+04  1.16417918e+04  9.83e-04 2.00e-12  1.39e-04    14s
  40   1.15970840e+04  1.16387786e+04  9.04e-04 2.04e-12  1.24e-04    15s
  41   1.16020341e+04  1.16383629e+04  7.24e-04 1.90e-12  1.08e-04    15s
  42   1.16039419e+04  1.16359464e+04  6.60e-04 2.70e-12  9.49e-05    15s
  43   1.16073410e+04  1.16355460e+04  5.87e-04 2.02e-12  8.36e-05    15s
  44   1.16106818e+04  1.16305425e+04  4.87e-04 1.71e-12  5.91e-05    15s
  45   1.16112176e+04  1.16304188e+04  4.68e-04 1.76e-12  5.71e-05    16s
  46   1.16134791e+04  1.16292925e+04  3.94e-04 1.74e-12  4.71e-05    16s
  47   1.16140472e+04  1.16279397e+04  3.70e-04 1.50e-12  4.14e-05    16s
  48   1.16152308e+04  1.16274479e+04  3.18e-04 1.60e-12  3.64e-05    16s
  49   1.16162526e+04  1.16272850e+04  2.78e-04 1.87e-12  3.28e-05    16s
  50   1.16170964e+04  1.16266697e+04  2.49e-04 2.19e-12  2.85e-05    17s
  51   1.16175783e+04  1.16255624e+04  2.16e-04 1.79e-12  2.38e-05    17s
  52   1.16177083e+04  1.16254663e+04  2.09e-04 2.05e-12  2.31e-05    17s
  53   1.16179819e+04  1.16244626e+04  1.93e-04 1.79e-12  1.94e-05    17s
  54   1.16190656e+04  1.16240090e+04  1.24e-04 1.97e-12  1.47e-05    17s
  55   1.16195395e+04  1.16232705e+04  8.90e-05 1.73e-12  1.11e-05    18s
  56   1.16205041e+04  1.16216091e+04  1.12e-05 1.58e-12  3.25e-06    18s
  57   1.16206341e+04  1.16213586e+04  3.10e-06 1.59e-12  2.12e-06    18s
  58   1.16206565e+04  1.16210568e+04  2.01e-06 1.36e-12  1.17e-06    18s
  59   1.16206817e+04  1.16208359e+04  7.02e-07 2.00e-12  4.51e-07    18s
  60   1.16206879e+04  1.16207603e+04  3.90e-07 3.30e-12  2.12e-07    19s
  61   1.16206926e+04  1.16207168e+04  1.67e-07 2.16e-12  7.11e-08    19s
  62   1.16206928e+04  1.16207129e+04  1.54e-07 2.44e-12  5.89e-08    19s
  63   1.16206938e+04  1.16207039e+04  1.10e-07 3.46e-12  2.98e-08    19s
  64   1.16206945e+04  1.16207010e+04  7.41e-08 3.24e-12  1.91e-08    19s
  65   1.16206950e+04  1.16206996e+04  5.55e-08 2.83e-12  1.36e-08    19s
  66   1.16206951e+04  1.16206991e+04  5.02e-08 3.01e-12  1.19e-08    20s
  67   1.16206956e+04  1.16206983e+04  2.27e-07 3.24e-12  7.98e-09    20s
  68   1.16206961e+04  1.16206964e+04  4.55e-08 3.30e-12  8.34e-10    20s
  69   1.16206962e+04  1.16206962e+04  6.11e-09 2.57e-12  1.54e-12    20s

Barrier solved model in 69 iterations and 20.13 seconds (16.91 work units)
Optimal objective 1.16206962e+04

Crossover log...

   30253 DPushes remaining with DInf 0.0000000e+00                20s
       0 DPushes remaining with DInf 0.0000000e+00                21s

  105406 PPushes remaining with PInf 0.0000000e+00                21s
       0 PPushes remaining with PInf 0.0000000e+00                21s

  Push phase complete: Pinf 0.0000000e+00, Dinf 8.4135476e-12     21s


Solved with barrier
Extra simplex iterations after uncrush: 952
Iteration    Objective       Primal Inf.    Dual Inf.      Time
  134668    1.1620696e+04   0.000000e+00   0.000000e+00     22s

Use crossover to convert LP symmetric solution to basic solution...
Crossover log...

   11274 DPushes remaining with DInf 0.0000000e+00                22s
       0 DPushes remaining with DInf 0.0000000e+00                23s

    8769 PPushes remaining with PInf 0.0000000e+00                23s
       0 PPushes remaining with PInf 0.0000000e+00                23s

  Push phase complete: Pinf 0.0000000e+00, Dinf 9.7169495e-13     23s

Iteration    Objective       Primal Inf.    Dual Inf.      Time
  158203    1.1620696e+04   0.000000e+00   0.000000e+00     26s
Extra simplex iterations after uncrush: 3491

Solved in 158203 iterations and 25.89 seconds (30.65 work units)
Optimal objective  1.162069615e+04
