
Gurobi 10.0.1 (linux64) logging started Mon Mar 10 21:36:30 2025

Set parameter LogFile to value "Results/Conservative_experiment/c1_0.20_c2_0.20.log"
Set parameter TimeLimit to value 36000
Gurobi Optimizer version 10.0.1 build v10.0.1rc0 (linux64)

CPU model: AMD EPYC 9654 96-Core Processor, instruction set [SSE2|AVX|AVX2|AVX512]
Thread count: 192 physical cores, 192 logical processors, using up to 32 threads

Academic license 656792 - for non-commercial use only - registered to b.___@student.vu.nl
Optimize a model with 1498050 rows, 1622512 columns and 5976640 nonzeros
Model fingerprint: 0x97005f84
Coefficient statistics:
  Matrix range     [2e-01, 1e+00]
  Objective range  [6e-02, 5e+00]
  Bounds range     [0e+00, 0e+00]
  RHS range        [1e-02, 1e+03]
Presolve removed 955510 rows and 878809 columns (presolve time = 5s) ...
Presolve removed 955510 rows and 878809 columns
Presolve time: 5.47s
Presolved: 542540 rows, 743703 columns, 2508755 nonzeros

Concurrent LP optimizer: primal simplex, dual simplex, and barrier
Showing barrier log only...

Ordering time: 1.38s

Barrier statistics:
 AA' NZ     : 1.721e+06
 Factor NZ  : 1.393e+07 (roughly 250 MB of memory)
 Factor Ops : 7.897e+09 (less than 1 second per iteration)
 Threads    : 30

                  Objective                Residual
Iter       Primal          Dual         Primal    Dual     Compl     Time
   0  -2.07100869e+07  1.79955263e+08  1.54e+06 1.21e+02  3.71e+04     8s
   1  -1.50683530e+07  1.37020838e+08  7.02e+05 1.08e+02  1.53e+04     9s
   2  -1.32912003e+07  8.10420859e+07  1.29e+05 2.56e+01  3.04e+03     9s
   3  -2.14376490e+07  6.02180233e+07  2.97e+04 1.74e+01  1.04e+03     9s
   4  -2.47409967e+07  1.40166764e+07  1.67e+04 2.87e+00  4.21e+02     9s
   5  -1.34240859e+07  5.53877431e+06  6.66e+03 6.45e-01  1.65e+02     9s
   6  -5.37061448e+06  2.52935799e+06  1.86e+03 8.79e-02  5.16e+01     9s
   7  -1.33678877e+06  8.53200220e+05  3.74e+02 1.19e-02  1.17e+01     9s
   8  -3.83118427e+05  3.66785726e+05  1.03e+02 1.95e-03  3.56e+00    10s
   9  -9.03011964e+04  1.78479546e+05  2.81e+01 4.55e-12  1.14e+00    10s
  10  -3.52597343e+04  1.08035340e+05  1.60e+01 3.38e-12  5.94e-01    10s
  11  -1.45692973e+04  6.82137802e+04  9.80e+00 2.87e-12  3.22e-01    10s
  12  -1.52130620e+03  4.28794009e+04  4.96e+00 3.26e-12  1.57e-01    10s
  13   5.27544362e+03  3.20869964e+04  2.21e+00 3.44e-12  8.76e-02    10s
  14   5.41528800e+03  2.85916079e+04  2.16e+00 4.15e-12  7.59e-02    10s
  15   8.93524946e+03  2.14861375e+04  7.76e-01 3.14e-12  3.87e-02    11s
  16   1.01014224e+04  1.57501897e+04  3.96e-01 2.94e-12  1.71e-02    11s
  17   1.06276291e+04  1.36704004e+04  2.39e-01 3.77e-12  9.18e-03    11s
  18   1.07655732e+04  1.28648015e+04  1.99e-01 2.66e-12  6.35e-03    11s
  19   1.10603526e+04  1.22255265e+04  1.16e-01 2.64e-12  3.52e-03    11s
  20   1.12727052e+04  1.19416859e+04  5.74e-02 2.75e-12  2.01e-03    11s
  21   1.12763300e+04  1.19012929e+04  5.65e-02 3.08e-12  1.88e-03    11s
  22   1.13059247e+04  1.18522184e+04  4.85e-02 2.81e-12  1.64e-03    12s
  23   1.13211419e+04  1.18226128e+04  4.48e-02 3.35e-12  1.51e-03    12s
  24   1.13681547e+04  1.17058773e+04  3.28e-02 3.35e-12  1.02e-03    12s
  25   1.14283867e+04  1.16385594e+04  1.75e-02 2.76e-12  6.29e-04    12s
  26   1.14622394e+04  1.16088405e+04  1.16e-02 3.21e-12  4.38e-04    12s
  27   1.14892963e+04  1.16018998e+04  8.47e-03 3.60e-12  3.36e-04    12s
  28   1.15080514e+04  1.15941963e+04  6.37e-03 2.97e-12  2.57e-04    12s
  29   1.15209996e+04  1.15862594e+04  4.83e-03 3.79e-12  1.95e-04    13s
  30   1.15356823e+04  1.15829151e+04  3.05e-03 5.09e-12  1.41e-04    13s
  31   1.15429377e+04  1.15737322e+04  2.15e-03 3.02e-12  9.18e-05    13s
  32   1.15559560e+04  1.15623654e+04  4.54e-04 3.06e-12  1.91e-05    13s
  33   1.15597497e+04  1.15601564e+04  1.43e-05 3.08e-12  1.20e-06    13s
  34   1.15598750e+04  1.15599176e+04  1.28e-06 4.17e-12  1.25e-07    14s
  35   1.15598883e+04  1.15598959e+04  9.73e-08 2.62e-12  2.24e-08    14s
  36   1.15598891e+04  1.15598898e+04  4.27e-08 3.33e-12  2.07e-09    14s
  37   1.15598894e+04  1.15598898e+04  1.01e-07 3.87e-12  1.16e-09    14s
  38   1.15598898e+04  1.15598898e+04  2.23e-09 4.51e-12  2.40e-11    14s

Barrier solved model in 38 iterations and 14.19 seconds (11.90 work units)
Optimal objective 1.15598898e+04

Crossover log...

   77548 DPushes remaining with DInf 0.0000000e+00                14s
   11426 DPushes remaining with DInf 0.0000000e+00                15s
       0 DPushes remaining with DInf 0.0000000e+00                16s

   51804 PPushes remaining with PInf 0.0000000e+00                16s
       0 PPushes remaining with PInf 0.0000000e+00                17s

  Push phase complete: Pinf 0.0000000e+00, Dinf 3.5352277e-11     17s


Solved with barrier
Iteration    Objective       Primal Inf.    Dual Inf.      Time
  101123    1.1559919e+04   0.000000e+00   4.989514e+03     20s
  104348    1.1559925e+04   0.000000e+00   1.382081e+03     25s
  107358    1.1559928e+04   0.000000e+00   1.027371e+03     30s
  110368    1.1559930e+04   0.000000e+00   2.416309e+02     35s
  113378    1.1559931e+04   0.000000e+00   1.786827e+02     40s
  116173    1.1559932e+04   0.000000e+00   8.440842e+01     45s
  118953    1.1559933e+04   0.000000e+00   3.534082e+01     50s
Extra simplex iterations after uncrush: 23249
  121577    1.1559890e+04   0.000000e+00   0.000000e+00     54s

Use crossover to convert LP symmetric solution to basic solution...
Crossover log...

   42314 DPushes remaining with DInf 0.0000000e+00                55s
   27198 DPushes remaining with DInf 0.0000000e+00                55s
       0 DPushes remaining with DInf 0.0000000e+00                56s

    3106 PPushes remaining with PInf 0.0000000e+00                56s
       0 PPushes remaining with PInf 0.0000000e+00                57s

  Push phase complete: Pinf 0.0000000e+00, Dinf 1.4020694e-12     57s

Iteration    Objective       Primal Inf.    Dual Inf.      Time
  170262    1.1559906e+04   0.000000e+00   5.239456e+04     60s
  172670    1.1559919e+04   0.000000e+00   1.298023e+04     65s
  174476    1.1559925e+04   0.000000e+00   6.896401e+03     70s
  176282    1.1559929e+04   0.000000e+00   4.603995e+03     75s
  178088    1.1559932e+04   0.000000e+00   1.754479e+04     81s
  179292    1.1559934e+04   0.000000e+00   2.119561e+04     85s
  181098    1.1559937e+04   0.000000e+00   2.978548e+04     92s
  182302    1.1559938e+04   0.000000e+00   5.992701e+03     96s
  183506    1.1559939e+04   0.000000e+00   4.786199e+03    101s
  184710    1.1559940e+04   0.000000e+00   8.812791e+03    105s
  185914    1.1559941e+04   0.000000e+00   1.655052e+04    111s
  187118    1.1559942e+04   0.000000e+00   4.351347e+04    116s
  188322    1.1559943e+04   0.000000e+00   8.915053e+03    121s
  189526    1.1559944e+04   0.000000e+00   2.752082e+03    126s
  190730    1.1559945e+04   0.000000e+00   1.433578e+04    131s
  191934    1.1559945e+04   0.000000e+00   5.210332e+03    137s
  193138    1.1559946e+04   0.000000e+00   8.326288e+03    141s
  194342    1.1559946e+04   0.000000e+00   5.696284e+03    147s
  195546    1.1559946e+04   0.000000e+00   2.237265e+03    152s
  196148    1.1559947e+04   0.000000e+00   6.466558e+03    155s
  197352    1.1559947e+04   0.000000e+00   1.216929e+04    161s
  198556    1.1559947e+04   0.000000e+00   7.813443e+03    167s
  199760    1.1559948e+04   0.000000e+00   2.334782e+03    172s
  200362    1.1559948e+04   0.000000e+00   1.470529e+04    175s
  201566    1.1559948e+04   0.000000e+00   2.974286e+03    181s
  202768    1.1559949e+04   0.000000e+00   6.626201e+03    187s
  203370    1.1559949e+04   0.000000e+00   4.054551e+04    190s
  204574    1.1559949e+04   0.000000e+00   4.977565e+03    196s
  205778    1.1559950e+04   0.000000e+00   1.070701e+04    202s
  206378    1.1559950e+04   0.000000e+00   9.431167e+03    205s
  207582    1.1559950e+04   0.000000e+00   3.299076e+03    211s
  208786    1.1559950e+04   0.000000e+00   5.004556e+03    217s
  209990    1.1559950e+04   0.000000e+00   6.554169e+03    222s
  210592    1.1559951e+04   0.000000e+00   1.033189e+04    225s
  211796    1.1559951e+04   0.000000e+00   2.184815e+03    232s
  212966    1.1559951e+04   0.000000e+00   3.378511e+04    238s
  213568    1.1559951e+04   0.000000e+00   1.078118e+03    241s
  214748    1.1559951e+04   0.000000e+00   4.789771e+03    247s
  215338    1.1559951e+04   0.000000e+00   3.249623e+03    251s
  216418    1.1559951e+04   0.000000e+00   3.109708e+03    257s
  217568    1.1559952e+04   0.000000e+00   7.816842e+02    263s
  218170    1.1559952e+04   0.000000e+00   5.318214e+03    266s
  219320    1.1559952e+04   0.000000e+00   1.689059e+03    272s
  219910    1.1559952e+04   0.000000e+00   2.283826e+03    275s
  221030    1.1559952e+04   0.000000e+00   1.788672e+04    282s
  222180    1.1559952e+04   0.000000e+00   3.556582e+02    288s
  222730    1.1559952e+04   0.000000e+00   2.389979e+03    291s
  223810    1.1559952e+04   0.000000e+00   2.531389e+03    297s
  224340    1.1559952e+04   0.000000e+00   1.661407e+03    300s
  225450    1.1559952e+04   0.000000e+00   1.116221e+03    306s
  226530    1.1559952e+04   0.000000e+00   1.644587e+03    312s
  227060    1.1559952e+04   0.000000e+00   2.519916e+03    315s
  228130    1.1559953e+04   0.000000e+00   2.186051e+03    322s
  229260    1.1559953e+04   0.000000e+00   6.314734e+02    328s
  229770    1.1559953e+04   0.000000e+00   1.149889e+03    331s
  230870    1.1559953e+04   0.000000e+00   1.600438e+03    337s
  231410    1.1559953e+04   0.000000e+00   5.436586e+02    340s
  232560    1.1559953e+04   0.000000e+00   4.417450e+02    346s
  233660    1.1559953e+04   0.000000e+00   4.958703e+02    352s
  234200    1.1559953e+04   0.000000e+00   5.988688e+02    355s
  235330    1.1559953e+04   0.000000e+00   1.266747e+03    361s
  236440    1.1559953e+04   0.000000e+00   8.780814e+02    368s
  236970    1.1559953e+04   0.000000e+00   5.412536e+02    371s
  238010    1.1559953e+04   0.000000e+00   6.024148e+02    377s
  239140    1.1559953e+04   0.000000e+00   1.565689e+02    383s
  239690    1.1559953e+04   0.000000e+00   1.688156e+03    386s
  240760    1.1559953e+04   0.000000e+00   3.321834e+02    392s
  241290    1.1559953e+04   0.000000e+00   2.064945e+02    395s
  242360    1.1559953e+04   0.000000e+00   1.203014e+03    401s
  243450    1.1559953e+04   0.000000e+00   3.780158e+02    408s
  244000    1.1559953e+04   0.000000e+00   3.058888e+02    411s
  245080    1.1559953e+04   0.000000e+00   1.623328e+02    417s
  246100    1.1559953e+04   0.000000e+00   2.239681e+02    423s
  246650    1.1559953e+04   0.000000e+00   2.224826e+02    426s
  247700    1.1559953e+04   0.000000e+00   1.496309e+02    432s
  248770    1.1559953e+04   0.000000e+00   1.026687e+02    438s
  249290    1.1559953e+04   0.000000e+00   3.324315e+02    441s
  250320    1.1559954e+04   0.000000e+00   2.562471e+02    447s
  251310    1.1559954e+04   0.000000e+00   7.798384e+02    453s
  251800    1.1559954e+04   0.000000e+00   1.736081e+02    455s
  252780    1.1559954e+04   0.000000e+00   2.050486e+02    461s
  253750    1.1559954e+04   0.000000e+00   3.117040e+02    467s
  254260    1.1559954e+04   0.000000e+00   8.141639e+01    470s
  255260    1.1559954e+04   0.000000e+00   1.582223e+02    476s
  256260    1.1559954e+04   0.000000e+00   5.401953e+01    482s
  257250    1.1559954e+04   0.000000e+00   6.846408e+01    488s
  257760    1.1559954e+04   0.000000e+00   1.234550e+02    491s
  258750    1.1559954e+04   0.000000e+00   9.305221e+01    497s
  259760    1.1559954e+04   0.000000e+00   7.858034e+01    502s
  260280    1.1559954e+04   0.000000e+00   6.079328e+01    505s
  261290    1.1559954e+04   0.000000e+00   7.019886e+01    511s
  262300    1.1559954e+04   0.000000e+00   2.594662e+01    517s
  262780    1.1559954e+04   0.000000e+00   9.691843e+01    520s
  263760    1.1559954e+04   0.000000e+00   1.440769e+02    526s
  264740    1.1559954e+04   0.000000e+00   1.169847e+02    532s
  265730    1.1559954e+04   0.000000e+00   1.298709e+03    538s
  266210    1.1559954e+04   0.000000e+00   5.351350e+01    541s
  267190    1.1559954e+04   0.000000e+00   6.691636e+01    547s
  268170    1.1559954e+04   0.000000e+00   2.836008e+01    553s
  268650    1.1559954e+04   0.000000e+00   4.492770e+01    556s
  269620    1.1559954e+04   0.000000e+00   2.920975e+01    561s
  270570    1.1559954e+04   0.000000e+00   5.714343e+01    567s
  271030    1.1559954e+04   0.000000e+00   4.619700e+01    570s
  271930    1.1559954e+04   0.000000e+00   1.939204e+01    576s
  272850    1.1559954e+04   0.000000e+00   6.373369e+01    582s
  273770    1.1559954e+04   0.000000e+00   2.240438e+01    587s
  274230    1.1559954e+04   0.000000e+00   1.378495e+01    590s
  275120    1.1559954e+04   0.000000e+00   1.918528e+01    596s
  276030    1.1559954e+04   0.000000e+00   1.686251e+01    602s
  276950    1.1559954e+04   0.000000e+00   1.247400e+01    607s
  277410    1.1559954e+04   0.000000e+00   3.319601e+01    610s
  278350    1.1559954e+04   0.000000e+00   7.341214e+00    616s
  279220    1.1559954e+04   0.000000e+00   1.143862e+01    621s
  280140    1.1559954e+04   0.000000e+00   1.695518e+01    627s
  281030    1.1559954e+04   0.000000e+00   3.387430e+01    633s
  281460    1.1559954e+04   0.000000e+00   1.066384e+01    635s
  282370    1.1559954e+04   0.000000e+00   1.313908e+02    641s
  283280    1.1559954e+04   0.000000e+00   1.512773e+01    647s
  284170    1.1559954e+04   0.000000e+00   3.339871e+01    652s
  285040    1.1559954e+04   0.000000e+00   6.410472e+00    658s
  285480    1.1559954e+04   0.000000e+00   2.821681e+01    660s
  286330    1.1559954e+04   0.000000e+00   4.881077e+00    666s
  287190    1.1559954e+04   0.000000e+00   2.018094e+00    671s
  288020    1.1559954e+04   0.000000e+00   2.378383e+00    677s
  288820    1.1559954e+04   0.000000e+00   1.895902e+00    682s
  289550    1.1559954e+04   0.000000e+00   2.020915e+00    687s
  289900    1.1559954e+04   0.000000e+00   5.531079e-01    690s
  290570    1.1559954e+04   0.000000e+00   6.275651e-01    695s
  291260    1.1559954e+04   0.000000e+00   1.296281e-01    700s
  291920    1.1559954e+04   0.000000e+00   1.612358e-01    705s
Extra simplex iterations after uncrush: 125462
  292420    1.1559890e+04   0.000000e+00   0.000000e+00    710s

Solved in 292420 iterations and 709.89 seconds (1548.35 work units)
Optimal objective  1.155988981e+04
