
Gurobi 10.0.1 (linux64) logging started Mon Mar 10 21:43:03 2025

Set parameter LogFile to value "Results/Conservative_experiment/c1_0.70_c2_0.70.log"
Set parameter TimeLimit to value 36000
Gurobi Optimizer version 10.0.1 build v10.0.1rc0 (linux64)

CPU model: AMD EPYC 9654 96-Core Processor, instruction set [SSE2|AVX|AVX2|AVX512]
Thread count: 192 physical cores, 192 logical processors, using up to 32 threads

Academic license 656792 - for non-commercial use only - registered to b.___@student.vu.nl
Optimize a model with 1498050 rows, 1622512 columns and 5976640 nonzeros
Model fingerprint: 0x3808b3ab
Coefficient statistics:
  Matrix range     [7e-01, 1e+00]
  Objective range  [6e-02, 5e+00]
  Bounds range     [0e+00, 0e+00]
  RHS range        [1e-02, 1e+03]
Presolve removed 941430 rows and 861457 columns (presolve time = 5s) ...
Presolve removed 955510 rows and 878809 columns
Presolve time: 6.18s
Presolved: 542540 rows, 743703 columns, 2508755 nonzeros

Concurrent LP optimizer: primal simplex, dual simplex, and barrier
Showing barrier log only...

Ordering time: 1.98s

Barrier statistics:
 AA' NZ     : 1.721e+06
 Factor NZ  : 1.393e+07 (roughly 250 MB of memory)
 Factor Ops : 7.897e+09 (less than 1 second per iteration)
 Threads    : 30

                  Objective                Residual
Iter       Primal          Dual         Primal    Dual     Compl     Time
   0  -1.28469636e+07  5.11152567e+08  1.33e+06 8.64e+01  9.53e+04    10s
   1  -1.23216332e+07  4.91586186e+08  1.16e+06 3.22e+02  8.32e+04    10s
   2  -1.94544027e+07  4.84495991e+08  6.49e+05 3.00e+02  5.39e+04    10s
   3  -6.36846441e+07  4.61505319e+08  5.53e+05 2.65e+02  4.33e+04    10s
   4  -4.83459097e+08  3.04860034e+08  1.68e+05 9.97e+01  1.57e+04    11s
   5  -3.94131774e+08  8.36690739e+07  3.33e+04 6.80e+00  2.52e+03    11s
   6  -1.37488433e+08  2.14545469e+07  8.99e+03 8.96e-01  6.62e+02    11s
   7  -4.19829386e+07  1.07163084e+07  2.57e+03 3.30e-01  2.08e+02    11s
   8  -1.15989896e+07  5.00968228e+06  6.40e+02 1.17e-01  6.13e+01    11s
   9  -3.54946470e+06  2.16985299e+06  1.69e+02 3.96e-02  1.98e+01    11s
  10  -1.52210004e+06  7.04455544e+05  6.86e+01 8.41e-03  7.43e+00    11s
  11  -6.32648867e+05  3.43812325e+05  2.89e+01 2.50e-03  3.20e+00    12s
  12  -1.45276527e+05  1.77172421e+05  7.61e+00 5.21e-04  1.03e+00    12s
  13  -5.43686357e+04  1.18417994e+05  4.29e+00 3.67e-05  5.50e-01    12s
  14  -2.74273809e+04  8.79320614e+04  3.18e+00 1.74e-12  3.65e-01    12s
  15  -6.97218180e+03  6.89665158e+04  1.95e+00 1.43e-12  2.36e-01    12s
  16   2.32939618e+03  4.24671557e+04  9.54e-01 1.86e-12  1.22e-01    12s
  17   6.12962385e+03  3.08628595e+04  5.27e-01 1.98e-12  7.44e-02    13s
  18   8.00577853e+03  2.84578206e+04  3.22e-01 1.80e-12  6.09e-02    13s
  19   8.10940967e+03  2.63080285e+04  3.13e-01 1.42e-12  5.43e-02    13s
  20   9.89974143e+03  1.95725294e+04  1.53e-01 1.47e-12  2.87e-02    13s
  21   1.05009957e+04  1.54343568e+04  9.08e-02 1.94e-12  1.47e-02    13s
  22   1.09791568e+04  1.32950636e+04  4.46e-02 1.92e-12  6.88e-03    14s
  23   1.10516021e+04  1.27392484e+04  3.81e-02 2.84e-12  5.03e-03    14s
  24   1.11384948e+04  1.25698187e+04  3.05e-02 3.15e-12  4.26e-03    14s
  25   1.11818614e+04  1.23699618e+04  2.68e-02 2.87e-12  3.54e-03    14s
  26   1.13164178e+04  1.21020212e+04  1.53e-02 2.93e-12  2.34e-03    14s
  27   1.13716505e+04  1.19348570e+04  1.12e-02 3.96e-12  1.68e-03    14s
  28   1.14442258e+04  1.19024086e+04  7.18e-03 1.84e-12  1.36e-03    14s
  29   1.14674977e+04  1.18779137e+04  6.56e-03 2.57e-12  1.22e-03    15s
  30   1.14880689e+04  1.18536832e+04  5.90e-03 3.35e-12  1.08e-03    15s
  31   1.15051564e+04  1.18286314e+04  5.02e-03 2.83e-12  9.58e-04    15s
  32   1.15256956e+04  1.17597722e+04  3.85e-03 2.97e-12  6.94e-04    16s
  33   1.15403629e+04  1.17347866e+04  3.19e-03 2.36e-12  5.76e-04    16s
  34   1.15537714e+04  1.17212951e+04  2.63e-03 2.36e-12  4.96e-04    16s
  35   1.15675829e+04  1.16977471e+04  1.98e-03 3.56e-12  3.85e-04    16s
  36   1.15740153e+04  1.16940500e+04  1.81e-03 3.01e-12  3.55e-04    17s
  37   1.15737958e+04  1.16844046e+04  1.74e-03 3.07e-12  3.28e-04    17s
  38   1.15801155e+04  1.16838968e+04  1.49e-03 4.23e-12  3.07e-04    17s
  39   1.15861404e+04  1.16660242e+04  1.25e-03 3.52e-12  2.37e-04    17s
  40   1.15910635e+04  1.16539998e+04  1.00e-03 2.95e-12  1.87e-04    17s
  41   1.15939835e+04  1.16490182e+04  8.54e-04 3.00e-12  1.63e-04    18s
  42   1.15964632e+04  1.16426780e+04  7.49e-04 2.68e-12  1.37e-04    18s
  43   1.15985713e+04  1.16407040e+04  6.82e-04 3.65e-12  1.25e-04    18s
  44   1.16054769e+04  1.16369155e+04  5.04e-04 3.40e-12  9.32e-05    18s
  45   1.16106534e+04  1.16316996e+04  3.91e-04 4.01e-12  6.26e-05    19s
  46   1.16137312e+04  1.16294821e+04  3.12e-04 3.84e-12  4.69e-05    19s
  47   1.16140932e+04  1.16281665e+04  3.02e-04 2.46e-12  4.20e-05    19s
  48   1.16161295e+04  1.16277435e+04  2.34e-04 2.32e-12  3.46e-05    19s
  49   1.16167761e+04  1.16271645e+04  2.04e-04 2.82e-12  3.09e-05    20s
  50   1.16176523e+04  1.16269848e+04  1.82e-04 3.03e-12  2.78e-05    20s
  51   1.16181919e+04  1.16257476e+04  1.49e-04 2.88e-12  2.25e-05    20s
  52   1.16186039e+04  1.16253395e+04  1.30e-04 3.27e-12  2.01e-05    20s
  53   1.16188520e+04  1.16247648e+04  1.16e-04 2.61e-12  1.76e-05    21s
  54   1.16190541e+04  1.16242746e+04  1.08e-04 2.91e-12  1.56e-05    21s
  55   1.16196921e+04  1.16239275e+04  6.50e-05 3.07e-12  1.26e-05    21s
  56   1.16200018e+04  1.16234919e+04  4.76e-05 2.79e-12  1.03e-05    21s
  57   1.16202559e+04  1.16227051e+04  2.90e-05 2.40e-12  7.23e-06    21s
  58   1.16205123e+04  1.16218249e+04  1.05e-05 3.70e-12  3.86e-06    22s
  59   1.16205762e+04  1.16213811e+04  6.84e-06 2.70e-12  2.37e-06    22s
  60   1.16205963e+04  1.16210101e+04  5.75e-06 2.48e-12  1.23e-06    22s
  61   1.16206683e+04  1.16207820e+04  1.56e-06 4.44e-12  3.37e-07    22s
  62   1.16206760e+04  1.16207340e+04  1.13e-06 2.10e-12  1.74e-07    22s
  63   1.16206878e+04  1.16207141e+04  4.61e-07 2.74e-12  7.84e-08    23s
  64   1.16206935e+04  1.16207020e+04  1.38e-07 3.23e-12  2.54e-08    23s
  65   1.16206943e+04  1.16206992e+04  9.57e-08 3.52e-12  1.47e-08    23s
  66   1.16206957e+04  1.16206971e+04  1.03e-07 3.66e-12  4.20e-09    23s
  67   1.16206960e+04  1.16206962e+04  7.22e-08 2.66e-12  7.58e-10    23s
  68   1.16206962e+04  1.16206962e+04  2.11e-08 3.08e-12  7.32e-12    23s

Barrier solved model in 68 iterations and 23.38 seconds (16.61 work units)
Optimal objective 1.16206962e+04

Crossover log...

   30253 DPushes remaining with DInf 0.0000000e+00                24s
       0 DPushes remaining with DInf 0.0000000e+00                24s

  105404 PPushes remaining with PInf 0.0000000e+00                24s
       0 PPushes remaining with PInf 0.0000000e+00                25s

  Push phase complete: Pinf 0.0000000e+00, Dinf 7.4266149e-12     25s


Solved with barrier
Iteration    Objective       Primal Inf.    Dual Inf.      Time
  134459    1.1620696e+04   0.000000e+00   1.039363e+03     25s
Extra simplex iterations after uncrush: 1260
  134974    1.1620696e+04   0.000000e+00   0.000000e+00     25s

Use crossover to convert LP symmetric solution to basic solution...
Crossover log...

    4275 DPushes remaining with DInf 0.0000000e+00                26s
       0 DPushes remaining with DInf 0.0000000e+00                26s

    8682 PPushes remaining with PInf 0.0000000e+00                26s
       0 PPushes remaining with PInf 0.0000000e+00                27s

  Push phase complete: Pinf 0.0000000e+00, Dinf 6.1692873e-12     27s

Iteration    Objective       Primal Inf.    Dual Inf.      Time
  151445    1.1620697e+04   0.000000e+00   2.565827e+02     30s
  153853    1.1620698e+04   0.000000e+00   4.753560e+02     37s
  155057    1.1620698e+04   0.000000e+00   6.321488e+01     41s
  156261    1.1620698e+04   0.000000e+00   2.877505e+03     46s
  157433    1.1620698e+04   0.000000e+00   3.039276e+01     51s
  158583    1.1620698e+04   0.000000e+00   9.439239e+00     56s
  159633    1.1620698e+04   0.000000e+00   5.745758e-01     62s
Extra simplex iterations after uncrush: 12126
  160058    1.1620696e+04   0.000000e+00   0.000000e+00     65s

Solved in 160058 iterations and 65.15 seconds (111.72 work units)
Optimal objective  1.162069615e+04
