
Gurobi 10.0.1 (linux64) logging started Mon Mar 10 21:40:28 2025

Set parameter LogFile to value "Results/Conservative_experiment/c1_0.70_c2_0.00.log"
Set parameter TimeLimit to value 36000
Gurobi Optimizer version 10.0.1 build v10.0.1rc0 (linux64)

CPU model: AMD EPYC 9654 96-Core Processor, instruction set [SSE2|AVX|AVX2|AVX512]
Thread count: 192 physical cores, 192 logical processors, using up to 32 threads

Academic license 656792 - for non-commercial use only - registered to b.___@student.vu.nl
Optimize a model with 1498050 rows, 1622512 columns and 5965248 nonzeros
Model fingerprint: 0x3187eecb
Coefficient statistics:
  Matrix range     [7e-01, 1e+00]
  Objective range  [6e-02, 5e+00]
  Bounds range     [0e+00, 0e+00]
  RHS range        [1e-02, 1e+03]
Presolve removed 1137941 rows and 1144695 columns
Presolve time: 3.72s
Presolved: 360109 rows, 477817 columns, 1778097 nonzeros

Concurrent LP optimizer: primal simplex, dual simplex, and barrier
Showing barrier log only...

Ordering time: 0.45s

Barrier statistics:
 AA' NZ     : 3.019e+05
 Factor NZ  : 3.493e+06 (roughly 70 MB of memory)
 Factor Ops : 1.234e+09 (less than 1 second per iteration)
 Threads    : 30

                  Objective                Residual
Iter       Primal          Dual         Primal    Dual     Compl     Time
   0  -1.27724549e+09  1.17903682e+08  9.93e+05 5.10e+01  2.73e+04     5s
   1  -3.81925136e+08  8.20414708e+07  2.89e+05 4.91e+01  7.16e+03     5s
   2  -1.08547865e+08  3.17638183e+07  7.75e+04 1.68e+00  1.69e+03     5s
   3  -3.41653869e+07  7.85160324e+06  2.35e+04 1.01e-01  4.91e+02     5s
   4  -1.06515444e+07  3.15479459e+06  7.18e+03 2.17e-02  1.57e+02     5s
   5  -5.66060342e+06  1.67927741e+06  3.76e+03 2.35e-03  8.18e+01     5s
   6  -2.63144553e+06  1.19356276e+06  1.71e+03 1.43e-04  4.17e+01     5s
   7  -1.87353808e+06  5.31680998e+05  1.22e+03 1.36e-11  2.54e+01     5s
   8  -5.69539745e+05  2.99397443e+05  3.49e+02 1.09e-11  8.86e+00     5s
   9  -1.57538356e+05  2.02183972e+05  9.90e+01 7.28e-12  3.56e+00     5s
  10  -3.97262885e+04  7.94363476e+04  2.75e+01 4.55e-12  1.09e+00     5s
  11  -1.22957966e+03  3.21918763e+04  5.85e+00 3.38e-12  2.87e-01     5s
  12   5.86252788e+03  2.21167569e+04  2.50e+00 3.04e-12  1.39e-01     5s
  13   8.41471640e+03  1.70650818e+04  1.29e+00 2.13e-12  7.30e-02     5s
  14   9.41182079e+03  1.55653606e+04  8.51e-01 1.69e-12  5.25e-02     5s
  15   1.02576388e+04  1.31593211e+04  4.85e-01 2.77e-12  2.37e-02     5s
  16   1.08473898e+04  1.23602190e+04  2.45e-01 3.09e-12  1.24e-02     6s
  17   1.09142045e+04  1.21921623e+04  2.19e-01 3.17e-12  1.04e-02     6s
  18   1.11426493e+04  1.18995451e+04  1.30e-01 2.32e-12  6.14e-03     6s
  19   1.12276452e+04  1.18149420e+04  9.87e-02 2.41e-12  4.79e-03     6s
  20   1.12815782e+04  1.17323466e+04  7.97e-02 1.95e-12  3.63e-03     6s
  21   1.13408844e+04  1.16714064e+04  5.95e-02 2.65e-12  2.65e-03     6s
  22   1.14352749e+04  1.16079565e+04  2.39e-02 2.17e-12  1.46e-03     6s
  23   1.14817735e+04  1.15613709e+04  7.28e-03 2.52e-12  7.14e-04     6s
  24   1.14873203e+04  1.15543369e+04  5.47e-03 1.98e-12  6.08e-04     6s
  25   1.14912893e+04  1.15357623e+04  4.06e-03 2.43e-12  3.99e-04     6s
  26   1.14960435e+04  1.15282660e+04  2.52e-03 2.88e-12  2.93e-04     6s
  27   1.15012213e+04  1.15071354e+04  7.55e-04 2.50e-12  5.09e-05     6s
  28   1.15034654e+04  1.15037831e+04  4.58e-05 2.33e-12  2.68e-06     6s
  29   1.15035949e+04  1.15036616e+04  7.02e-06 2.64e-12  5.89e-07     6s
  30   1.15036178e+04  1.15036221e+04  2.78e-07 3.81e-12  4.01e-08     6s
  31   1.15036195e+04  1.15036195e+04  8.39e-10 2.96e-12  2.28e-10     6s

Barrier solved model in 31 iterations and 6.30 seconds (5.55 work units)
Optimal objective 1.15036195e+04

Crossover log...

   15163 DPushes remaining with DInf 0.0000000e+00                 6s
       0 DPushes remaining with DInf 0.0000000e+00                 7s

   19862 PPushes remaining with PInf 0.0000000e+00                 7s
       0 PPushes remaining with PInf 0.0000000e+00                 7s

  Push phase complete: Pinf 0.0000000e+00, Dinf 1.7666313e-11      7s


Solved with barrier
Extra simplex iterations after uncrush: 1139
Iteration    Objective       Primal Inf.    Dual Inf.      Time
   36127    1.1503619e+04   0.000000e+00   0.000000e+00      8s

Use crossover to convert LP symmetric solution to basic solution...
Crossover log...

    9549 DPushes remaining with DInf 0.0000000e+00                 8s
       0 DPushes remaining with DInf 0.0000000e+00                 8s

    2540 PPushes remaining with PInf 0.0000000e+00                 8s
       0 PPushes remaining with PInf 0.0000000e+00                 8s

  Push phase complete: Pinf 0.0000000e+00, Dinf 5.1569859e-12      8s

Iteration    Objective       Primal Inf.    Dual Inf.      Time
   50101    1.1503619e+04   0.000000e+00   8.660562e+04     10s
   54315    1.1503758e+04   0.000000e+00   7.120745e+04     15s
   58686    1.1503916e+04   0.000000e+00   3.444788e+05     21s
   61696    1.1504012e+04   0.000000e+00   1.795320e+05     25s
   65439    1.1504115e+04   0.000000e+00   1.577668e+05     31s
   67847    1.1504171e+04   0.000000e+00   5.243092e+05     35s
   70857    1.1504242e+04   0.000000e+00   1.216026e+05     40s
   73867    1.1504308e+04   0.000000e+00   5.496205e+05     45s
   76275    1.1504350e+04   0.000000e+00   2.604643e+05     50s
   79415    1.1504399e+04   0.000000e+00   2.831522e+05     56s
   81823    1.1504435e+04   0.000000e+00   5.138372e+05     61s
   84231    1.1504463e+04   0.000000e+00   2.524506e+05     66s
   86037    1.1504484e+04   0.000000e+00   2.336738e+05     71s
   87843    1.1504502e+04   0.000000e+00   1.484242e+05     76s
   89047    1.1504512e+04   0.000000e+00   1.367644e+05     80s
   90853    1.1504527e+04   0.000000e+00   1.668798e+05     85s
   92659    1.1504538e+04   0.000000e+00   1.734846e+05     91s
   94465    1.1504551e+04   0.000000e+00   2.306548e+05     96s
   96271    1.1504560e+04   0.000000e+00   3.313223e+05    101s
   98077    1.1504569e+04   0.000000e+00   3.348084e+06    106s
   99883    1.1504577e+04   0.000000e+00   2.662845e+05    111s
  101689    1.1504585e+04   0.000000e+00   2.731026e+05    116s
  102893    1.1504593e+04   0.000000e+00   1.580468e+05    120s
  104699    1.1504606e+04   0.000000e+00   2.000671e+05    127s
  105903    1.1504614e+04   0.000000e+00   2.191155e+05    131s
  107107    1.1504624e+04   0.000000e+00   2.137990e+05    136s
  108311    1.1504633e+04   0.000000e+00   1.275715e+05    140s
  110117    1.1504646e+04   0.000000e+00   2.431402e+05    147s
  111321    1.1504658e+04   0.000000e+00   2.798322e+05    151s
  112525    1.1504666e+04   0.000000e+00   2.668951e+05    156s
  113729    1.1504672e+04   0.000000e+00   1.766550e+05    160s
  114933    1.1504678e+04   0.000000e+00   1.808943e+05    165s
  116137    1.1504685e+04   0.000000e+00   2.552492e+05    170s
  117341    1.1504692e+04   0.000000e+00   2.721872e+05    176s
  118545    1.1504699e+04   0.000000e+00   2.991130e+05    181s
  119749    1.1504705e+04   0.000000e+00   7.957023e+05    187s
  120953    1.1504713e+04   0.000000e+00   3.022459e+05    193s
  121555    1.1504715e+04   0.000000e+00   1.873753e+05    196s
  122759    1.1504721e+04   0.000000e+00   1.419628e+05    202s
  123361    1.1504724e+04   0.000000e+00   2.526753e+05    205s
  124565    1.1504729e+04   0.000000e+00   6.282951e+05    211s
  125769    1.1504735e+04   0.000000e+00   1.306492e+06    216s
  126973    1.1504741e+04   0.000000e+00   1.044235e+05    222s
  128177    1.1504747e+04   0.000000e+00   2.799354e+05    228s
  128779    1.1504751e+04   0.000000e+00   4.419411e+05    231s
  129983    1.1504757e+04   0.000000e+00   1.675648e+05    236s
  131187    1.1504762e+04   0.000000e+00   1.596585e+05    242s
  132391    1.1504767e+04   0.000000e+00   1.474679e+06    248s
  132993    1.1504770e+04   0.000000e+00   4.960471e+05    251s
  134197    1.1504774e+04   0.000000e+00   5.104866e+05    259s
  134799    1.1504776e+04   0.000000e+00   2.719361e+05    262s
  135401    1.1504778e+04   0.000000e+00   3.524308e+05    265s
  136605    1.1504782e+04   0.000000e+00   7.329274e+05    272s
  137207    1.1504784e+04   0.000000e+00   1.014154e+05    276s
  138411    1.1504788e+04   0.000000e+00   1.967252e+05    283s
  139013    1.1504791e+04   0.000000e+00   2.175474e+05    286s
  139615    1.1504793e+04   0.000000e+00   2.400314e+05    290s
  140819    1.1504797e+04   0.000000e+00   2.265178e+05    298s
  141421    1.1504799e+04   0.000000e+00   3.331639e+05    302s
  142023    1.1504802e+04   0.000000e+00   6.484699e+05    306s
  142625    1.1504804e+04   0.000000e+00   4.908901e+05    311s
  143215    1.1504806e+04   0.000000e+00   1.586881e+05    315s
  144419    1.1504809e+04   0.000000e+00   3.927465e+05    324s
  145021    1.1504811e+04   0.000000e+00   3.263463e+05    329s
  145623    1.1504813e+04   0.000000e+00   4.836449e+05    333s
  146225    1.1504815e+04   0.000000e+00   3.727125e+05    337s
  146827    1.1504817e+04   0.000000e+00   3.293051e+05    341s
  147429    1.1504820e+04   0.000000e+00   1.448414e+05    346s
  148031    1.1504822e+04   0.000000e+00   3.770189e+05    350s
  149235    1.1504827e+04   0.000000e+00   3.998980e+05    359s
  149837    1.1504828e+04   0.000000e+00   1.633305e+05    363s
  150439    1.1504830e+04   0.000000e+00   1.219864e+05    367s
  151041    1.1504832e+04   0.000000e+00   2.666945e+05    371s
  151643    1.1504834e+04   0.000000e+00   2.240586e+05    375s
  152847    1.1504837e+04   0.000000e+00   4.595182e+06    384s
  153449    1.1504839e+04   0.000000e+00   1.842244e+05    388s
  154051    1.1504841e+04   0.000000e+00   6.228780e+05    392s
  154653    1.1504843e+04   0.000000e+00   1.698441e+05    396s
  155255    1.1504845e+04   0.000000e+00   2.390619e+05    400s
  156459    1.1504849e+04   0.000000e+00   3.174172e+05    409s
  157061    1.1504851e+04   0.000000e+00   1.949715e+05    413s
  157663    1.1504853e+04   0.000000e+00   3.023110e+05    417s
  158265    1.1504855e+04   0.000000e+00   1.439766e+05    421s
  159469    1.1504859e+04   0.000000e+00   1.704440e+05    429s
  160071    1.1504860e+04   0.000000e+00   7.164079e+05    434s
  160673    1.1504862e+04   0.000000e+00   4.590112e+05    438s
  161273    1.1504864e+04   0.000000e+00   1.812019e+05    442s
  161875    1.1504865e+04   0.000000e+00   3.901056e+05    447s
  162477    1.1504867e+04   0.000000e+00   2.041203e+06    451s
  163057    1.1504868e+04   0.000000e+00   1.361510e+05    456s
  163637    1.1504870e+04   0.000000e+00   3.729087e+05    460s
  164207    1.1504872e+04   0.000000e+00   2.582733e+05    465s
  165297    1.1504876e+04   0.000000e+00   1.120101e+05    474s
  165877    1.1504879e+04   0.000000e+00   2.182756e+05    479s
  166467    1.1504880e+04   0.000000e+00   1.663107e+05    484s
  167067    1.1504882e+04   0.000000e+00   1.798614e+05    488s
  167669    1.1504884e+04   0.000000e+00   1.505421e+05    493s
  168271    1.1504885e+04   0.000000e+00   3.420992e+05    497s
  168873    1.1504887e+04   0.000000e+00   3.310581e+05    502s
  169433    1.1504890e+04   0.000000e+00   3.476243e+05    506s
  170035    1.1504893e+04   0.000000e+00   3.828624e+05    510s
  171239    1.1504897e+04   0.000000e+00   2.499075e+05    519s
  171841    1.1504898e+04   0.000000e+00   4.432359e+05    523s
  172411    1.1504899e+04   0.000000e+00   3.499114e+05    528s
  173011    1.1504901e+04   0.000000e+00   3.173650e+06    533s
  173571    1.1504903e+04   0.000000e+00   4.239088e+05    537s
  174151    1.1504905e+04   0.000000e+00   3.253115e+05    542s
  174751    1.1504906e+04   0.000000e+00   4.283092e+05    547s
  175311    1.1504908e+04   0.000000e+00   8.424949e+05    551s
  175913    1.1504910e+04   0.000000e+00   2.030124e+05    556s
  177085    1.1504913e+04   0.000000e+00   3.267258e+06    565s
  177645    1.1504915e+04   0.000000e+00   2.923339e+05    569s
  178155    1.1504916e+04   0.000000e+00   1.497226e+05    574s
  178725    1.1504918e+04   0.000000e+00   2.189326e+05    579s
  179315    1.1504919e+04   0.000000e+00   1.134244e+06    583s
  179917    1.1504921e+04   0.000000e+00   2.767918e+05    588s
  180487    1.1504922e+04   0.000000e+00   3.005919e+05    593s
  181047    1.1504924e+04   0.000000e+00   4.910883e+05    597s
  181649    1.1504925e+04   0.000000e+00   2.613197e+05    601s
  182251    1.1504926e+04   0.000000e+00   3.830746e+05    606s
  182811    1.1504928e+04   0.000000e+00   2.395741e+05    610s
  183371    1.1504929e+04   0.000000e+00   3.986596e+05    615s
  184553    1.1504933e+04   0.000000e+00   2.747877e+05    624s
  185155    1.1504934e+04   0.000000e+00   1.762652e+05    628s
  185757    1.1504935e+04   0.000000e+00   8.943078e+04    633s
  186359    1.1504936e+04   0.000000e+00   1.554457e+06    637s
  186961    1.1504939e+04   0.000000e+00   1.970380e+05    641s
  187563    1.1504940e+04   0.000000e+00   1.597016e+05    646s
  188767    1.1504943e+04   0.000000e+00   1.831236e+05    654s
  189369    1.1504944e+04   0.000000e+00   2.662810e+05    659s
  189971    1.1504946e+04   0.000000e+00   1.280554e+05    663s
  190573    1.1504947e+04   0.000000e+00   1.388261e+05    668s
  191133    1.1504948e+04   0.000000e+00   1.000695e+06    672s
  191735    1.1504950e+04   0.000000e+00   1.477612e+05    677s
  192337    1.1504951e+04   0.000000e+00   5.089007e+05    681s
  192927    1.1504953e+04   0.000000e+00   1.990161e+06    686s
  193507    1.1504954e+04   0.000000e+00   1.925180e+05    691s
  194057    1.1504955e+04   0.000000e+00   2.163383e+05    695s
  195177    1.1504957e+04   0.000000e+00   5.710050e+05    705s
  195717    1.1504958e+04   0.000000e+00   2.895839e+05    709s
  196247    1.1504960e+04   0.000000e+00   9.862687e+04    714s
  196807    1.1504961e+04   0.000000e+00   3.597608e+05    718s
  197347    1.1504962e+04   0.000000e+00   1.695057e+05    723s
  197897    1.1504964e+04   0.000000e+00   9.667250e+04    728s
  198427    1.1504965e+04   0.000000e+00   2.265400e+05    732s
  198967    1.1504966e+04   0.000000e+00   1.902392e+05    737s
  199507    1.1504967e+04   0.000000e+00   1.988280e+05    741s
  200037    1.1504968e+04   0.000000e+00   1.066185e+05    746s
  200607    1.1504969e+04   0.000000e+00   1.656031e+05    751s
  201187    1.1504970e+04   0.000000e+00   1.822075e+06    755s
  202277    1.1504973e+04   0.000000e+00   6.302566e+05    764s
  202787    1.1504974e+04   0.000000e+00   1.513219e+05    769s
  203297    1.1504975e+04   0.000000e+00   1.593581e+05    774s
  203807    1.1504976e+04   0.000000e+00   1.016278e+05    778s
  204337    1.1504977e+04   0.000000e+00   8.368877e+04    783s
  204857    1.1504978e+04   0.000000e+00   2.268593e+05    787s
  205357    1.1504979e+04   0.000000e+00   1.086645e+06    792s
  205837    1.1504980e+04   0.000000e+00   4.704724e+05    797s
  206337    1.1504981e+04   0.000000e+00   1.215162e+05    801s
  206847    1.1504982e+04   0.000000e+00   1.456193e+05    806s
  207327    1.1504983e+04   0.000000e+00   9.107875e+04    810s
  207817    1.1504984e+04   0.000000e+00   3.242389e+05    815s
  208717    1.1504985e+04   0.000000e+00   1.410149e+05    824s
  209167    1.1504986e+04   0.000000e+00   1.090728e+05    828s
  209607    1.1504987e+04   0.000000e+00   3.876126e+05    833s
  210067    1.1504988e+04   0.000000e+00   1.704589e+05    837s
  210627    1.1504989e+04   0.000000e+00   1.979633e+05    842s
  211227    1.1504990e+04   0.000000e+00   1.690084e+05    847s
  211787    1.1504991e+04   0.000000e+00   2.481772e+05    851s
  212357    1.1504992e+04   0.000000e+00   7.315874e+04    856s
  212927    1.1504993e+04   0.000000e+00   9.640985e+04    861s
  213529    1.1504994e+04   0.000000e+00   4.640904e+05    865s
  214671    1.1504997e+04   0.000000e+00   3.102148e+05    875s
  215171    1.1504997e+04   0.000000e+00   1.130579e+05    879s
  215691    1.1504998e+04   0.000000e+00   7.053649e+05    884s
  216251    1.1505000e+04   0.000000e+00   4.000536e+06    888s
  216791    1.1505001e+04   0.000000e+00   8.109981e+04    893s
  217311    1.1505002e+04   0.000000e+00   9.751474e+04    898s
  217831    1.1505003e+04   0.000000e+00   3.251368e+05    902s
  218371    1.1505004e+04   0.000000e+00   9.499117e+04    907s
  218891    1.1505005e+04   0.000000e+00   1.390706e+05    912s
  219481    1.1505006e+04   0.000000e+00   1.208322e+06    916s
  220061    1.1505007e+04   0.000000e+00   1.461641e+05    921s
  220611    1.1505009e+04   0.000000e+00   1.769883e+05    925s
  221131    1.1505010e+04   0.000000e+00   9.654456e+04    930s
  222171    1.1505011e+04   0.000000e+00   1.712702e+05    939s
  222761    1.1505012e+04   0.000000e+00   4.802245e+05    944s
  223281    1.1505013e+04   0.000000e+00   1.976314e+05    948s
  223781    1.1505014e+04   0.000000e+00   2.558137e+05    953s
  224351    1.1505015e+04   0.000000e+00   1.995069e+05    958s
  224921    1.1505016e+04   0.000000e+00   1.593276e+05    962s
  225431    1.1505017e+04   0.000000e+00   1.321060e+05    967s
  225971    1.1505018e+04   0.000000e+00   1.832853e+05    972s
  226481    1.1505019e+04   0.000000e+00   2.821320e+05    976s
  227001    1.1505020e+04   0.000000e+00   6.051516e+04    981s
  227481    1.1505021e+04   0.000000e+00   3.181089e+05    985s
  228571    1.1505023e+04   0.000000e+00   2.139639e+05    995s
  229111    1.1505024e+04   0.000000e+00   9.663588e+04    999s
  229661    1.1505025e+04   0.000000e+00   2.293405e+05   1004s
  230221    1.1505026e+04   0.000000e+00   3.226225e+05   1009s
  230761    1.1505027e+04   0.000000e+00   1.431708e+05   1013s
  231321    1.1505028e+04   0.000000e+00   8.804171e+04   1018s
  231901    1.1505029e+04   0.000000e+00   2.208149e+05   1022s
  232481    1.1505030e+04   0.000000e+00   2.224842e+05   1027s
  233083    1.1505031e+04   0.000000e+00   1.315356e+05   1032s
  233685    1.1505032e+04   0.000000e+00   1.117987e+05   1036s
  234265    1.1505033e+04   0.000000e+00   7.277642e+04   1041s
  234845    1.1505033e+04   0.000000e+00   5.429786e+05   1046s
  235375    1.1505034e+04   0.000000e+00   2.145174e+05   1050s
  235945    1.1505035e+04   0.000000e+00   1.247289e+05   1055s
  236945    1.1505037e+04   0.000000e+00   9.673433e+04   1064s
  237435    1.1505038e+04   0.000000e+00   8.957431e+04   1069s
  238005    1.1505039e+04   0.000000e+00   1.759381e+05   1074s
  238565    1.1505040e+04   0.000000e+00   2.496832e+05   1078s
  239075    1.1505041e+04   0.000000e+00   1.177986e+05   1083s
  239595    1.1505041e+04   0.000000e+00   2.043925e+05   1087s
  240035    1.1505042e+04   0.000000e+00   2.580177e+05   1092s
  240495    1.1505043e+04   0.000000e+00   1.632472e+05   1097s
  240995    1.1505044e+04   0.000000e+00   1.127865e+05   1101s
  241515    1.1505045e+04   0.000000e+00   2.055400e+05   1106s
  242005    1.1505046e+04   0.000000e+00   9.782298e+04   1110s
  242495    1.1505047e+04   0.000000e+00   2.680017e+05   1115s
  243535    1.1505048e+04   0.000000e+00   5.611499e+05   1124s
  244075    1.1505050e+04   0.000000e+00   2.197173e+05   1129s
  244615    1.1505051e+04   0.000000e+00   8.358305e+04   1134s
  245095    1.1505052e+04   0.000000e+00   1.505000e+05   1138s
  245585    1.1505052e+04   0.000000e+00   1.995074e+05   1143s
  246095    1.1505053e+04   0.000000e+00   7.218643e+04   1147s
  246585    1.1505054e+04   0.000000e+00   1.365853e+05   1152s
  247025    1.1505055e+04   0.000000e+00   2.946313e+05   1156s
  247505    1.1505056e+04   0.000000e+00   6.067842e+04   1161s
  247955    1.1505056e+04   0.000000e+00   1.262518e+05   1166s
  248425    1.1505057e+04   0.000000e+00   1.915892e+05   1170s
  249375    1.1505059e+04   0.000000e+00   8.598937e+04   1179s
  249805    1.1505059e+04   0.000000e+00   1.993243e+05   1184s
  250295    1.1505060e+04   0.000000e+00   1.237974e+05   1188s
  250785    1.1505060e+04   0.000000e+00   1.608692e+05   1193s
  251235    1.1505061e+04   0.000000e+00   9.608938e+04   1198s
  251785    1.1505062e+04   0.000000e+00   1.535042e+05   1202s
  252345    1.1505064e+04   0.000000e+00   1.164571e+05   1207s
  252865    1.1505064e+04   0.000000e+00   3.313748e+05   1212s
  253375    1.1505065e+04   0.000000e+00   1.322622e+05   1216s
  253885    1.1505066e+04   0.000000e+00   5.861485e+04   1221s
  254425    1.1505066e+04   0.000000e+00   3.039789e+05   1225s
  254965    1.1505067e+04   0.000000e+00   1.388020e+05   1230s
  256135    1.1505070e+04   0.000000e+00   3.181624e+05   1240s
  256685    1.1505071e+04   0.000000e+00   2.341255e+05   1244s
  257235    1.1505072e+04   0.000000e+00   5.316868e+05   1249s
  257745    1.1505073e+04   0.000000e+00   2.297097e+05   1253s
  258225    1.1505074e+04   0.000000e+00   4.839544e+04   1258s
  258715    1.1505074e+04   0.000000e+00   5.877823e+05   1263s
  259195    1.1505075e+04   0.000000e+00   2.715672e+05   1267s
  259685    1.1505076e+04   0.000000e+00   2.947857e+05   1272s
  260175    1.1505076e+04   0.000000e+00   1.414094e+05   1277s
  260645    1.1505077e+04   0.000000e+00   9.369576e+04   1281s
  261115    1.1505078e+04   0.000000e+00   2.272391e+05   1286s
  261595    1.1505079e+04   0.000000e+00   1.385768e+05   1290s
  262505    1.1505080e+04   0.000000e+00   4.385918e+05   1299s
  263005    1.1505081e+04   0.000000e+00   7.205790e+04   1304s
  263495    1.1505081e+04   0.000000e+00   2.270511e+05   1309s
  263985    1.1505082e+04   0.000000e+00   8.764978e+04   1313s
  264515    1.1505083e+04   0.000000e+00   5.038849e+04   1318s
  265045    1.1505084e+04   0.000000e+00   1.396172e+05   1322s
  265545    1.1505084e+04   0.000000e+00   4.023179e+05   1327s
  266025    1.1505085e+04   0.000000e+00   1.198822e+05   1332s
  266495    1.1505086e+04   0.000000e+00   4.682192e+05   1336s
  266975    1.1505086e+04   0.000000e+00   6.321844e+04   1341s
  267475    1.1505087e+04   0.000000e+00   1.778610e+05   1345s
  268405    1.1505088e+04   0.000000e+00   1.773836e+05   1355s
  268865    1.1505089e+04   0.000000e+00   5.834090e+04   1359s
  269395    1.1505090e+04   0.000000e+00   3.778184e+06   1364s
  269935    1.1505091e+04   0.000000e+00   5.980343e+04   1368s
  270435    1.1505091e+04   0.000000e+00   7.987326e+04   1373s
  271037    1.1505092e+04   0.000000e+00   9.036973e+04   1377s
  271637    1.1505093e+04   0.000000e+00   1.853944e+05   1382s
  272187    1.1505094e+04   0.000000e+00   5.660155e+05   1387s
  272697    1.1505095e+04   0.000000e+00   6.683971e+04   1391s
  273187    1.1505096e+04   0.000000e+00   9.814962e+04   1396s
  273667    1.1505097e+04   0.000000e+00   7.744224e+04   1400s
  274667    1.1505098e+04   0.000000e+00   9.053717e+04   1410s
  275217    1.1505098e+04   0.000000e+00   5.892565e+04   1414s
  275717    1.1505099e+04   0.000000e+00   3.319275e+05   1419s
  276227    1.1505100e+04   0.000000e+00   4.088837e+04   1423s
  276697    1.1505101e+04   0.000000e+00   7.174963e+04   1428s
  277247    1.1505101e+04   0.000000e+00   6.636688e+04   1433s
  277817    1.1505102e+04   0.000000e+00   1.149872e+05   1437s
  278307    1.1505103e+04   0.000000e+00   2.302689e+05   1442s
  278857    1.1505103e+04   0.000000e+00   1.925270e+05   1447s
  279377    1.1505104e+04   0.000000e+00   1.823737e+05   1451s
  279847    1.1505105e+04   0.000000e+00   1.293660e+05   1456s
  280317    1.1505105e+04   0.000000e+00   1.270341e+05   1460s
  281267    1.1505106e+04   0.000000e+00   8.345035e+04   1469s
  281727    1.1505107e+04   0.000000e+00   7.004033e+04   1474s
  282197    1.1505107e+04   0.000000e+00   2.580472e+05   1478s
  282697    1.1505108e+04   0.000000e+00   8.250945e+04   1483s
  283217    1.1505109e+04   0.000000e+00   1.159231e+05   1487s
  283727    1.1505110e+04   0.000000e+00   9.334699e+04   1492s
  284227    1.1505110e+04   0.000000e+00   3.549416e+05   1497s
  284707    1.1505111e+04   0.000000e+00   2.877761e+05   1501s
  285287    1.1505112e+04   0.000000e+00   1.156123e+05   1506s
  285807    1.1505113e+04   0.000000e+00   6.763541e+04   1511s
  286287    1.1505114e+04   0.000000e+00   1.301419e+05   1515s
  287307    1.1505115e+04   0.000000e+00   2.927796e+04   1524s
  287757    1.1505115e+04   0.000000e+00   1.356392e+05   1529s
  288247    1.1505116e+04   0.000000e+00   1.169017e+05   1533s
  288707    1.1505116e+04   0.000000e+00   6.380029e+04   1538s
  289167    1.1505117e+04   0.000000e+00   3.139512e+05   1542s
  289617    1.1505117e+04   0.000000e+00   6.134020e+04   1547s
  290077    1.1505118e+04   0.000000e+00   7.475000e+04   1551s
  290577    1.1505118e+04   0.000000e+00   2.746955e+05   1556s
  291067    1.1505119e+04   0.000000e+00   2.872635e+04   1561s
  291567    1.1505119e+04   0.000000e+00   4.824554e+04   1565s
  292497    1.1505121e+04   0.000000e+00   7.511765e+04   1574s
  292947    1.1505121e+04   0.000000e+00   6.526237e+04   1579s
  293417    1.1505121e+04   0.000000e+00   8.176693e+04   1583s
  293897    1.1505122e+04   0.000000e+00   3.579596e+05   1588s
  294417    1.1505123e+04   0.000000e+00   1.481138e+05   1593s
  294947    1.1505123e+04   0.000000e+00   1.215808e+05   1597s
  295437    1.1505124e+04   0.000000e+00   3.197466e+04   1602s
  295947    1.1505124e+04   0.000000e+00   7.641643e+04   1607s
  296477    1.1505125e+04   0.000000e+00   2.779889e+05   1611s
  296967    1.1505126e+04   0.000000e+00   2.064813e+05   1616s
  297477    1.1505126e+04   0.000000e+00   7.337129e+04   1621s
  297957    1.1505127e+04   0.000000e+00   1.253756e+05   1625s
  298967    1.1505128e+04   0.000000e+00   5.777033e+04   1634s
  299437    1.1505128e+04   0.000000e+00   1.273299e+05   1639s
  299887    1.1505129e+04   0.000000e+00   1.290262e+05   1643s
  300357    1.1505129e+04   0.000000e+00   4.428529e+04   1648s
  300847    1.1505130e+04   0.000000e+00   6.033759e+04   1652s
  301407    1.1505130e+04   0.000000e+00   1.047872e+05   1657s
  301957    1.1505131e+04   0.000000e+00   1.303229e+05   1661s
  302427    1.1505132e+04   0.000000e+00   5.312353e+04   1666s
  302937    1.1505132e+04   0.000000e+00   4.237840e+04   1671s
  303497    1.1505133e+04   0.000000e+00   4.127631e+04   1675s
  304607    1.1505134e+04   0.000000e+00   2.727356e+05   1684s
  305137    1.1505135e+04   0.000000e+00   5.543193e+04   1689s
  305707    1.1505135e+04   0.000000e+00   3.558133e+04   1694s
  306237    1.1505136e+04   0.000000e+00   2.948011e+05   1698s
  306787    1.1505137e+04   0.000000e+00   4.035487e+04   1703s
  307327    1.1505137e+04   0.000000e+00   6.043155e+04   1708s
  307877    1.1505138e+04   0.000000e+00   6.289948e+04   1712s
  308467    1.1505139e+04   0.000000e+00   4.360662e+04   1717s
  309017    1.1505139e+04   0.000000e+00   6.635350e+04   1722s
  309597    1.1505140e+04   0.000000e+00   8.724980e+04   1726s
  310137    1.1505141e+04   0.000000e+00   9.008193e+04   1731s
  310737    1.1505142e+04   0.000000e+00   8.917728e+04   1735s
  311327    1.1505142e+04   0.000000e+00   1.013464e+05   1740s
  312367    1.1505143e+04   0.000000e+00   7.227166e+04   1749s
  312867    1.1505144e+04   0.000000e+00   1.161875e+05   1754s
  313357    1.1505144e+04   0.000000e+00   9.074021e+04   1758s
  313907    1.1505145e+04   0.000000e+00   6.453423e+04   1763s
  314447    1.1505145e+04   0.000000e+00   8.511302e+04   1768s
  314967    1.1505146e+04   0.000000e+00   6.542923e+04   1772s
  315487    1.1505146e+04   0.000000e+00   2.679094e+05   1777s
  316017    1.1505147e+04   0.000000e+00   5.922637e+04   1782s
  316537    1.1505147e+04   0.000000e+00   7.218679e+04   1786s
  317057    1.1505148e+04   0.000000e+00   3.951494e+04   1791s
  317557    1.1505148e+04   0.000000e+00   2.902608e+05   1795s
  318557    1.1505149e+04   0.000000e+00   6.311759e+04   1804s
  319037    1.1505149e+04   0.000000e+00   4.017181e+04   1809s
  319537    1.1505150e+04   0.000000e+00   5.525946e+05   1814s
  320067    1.1505150e+04   0.000000e+00   7.333493e+04   1818s
  320587    1.1505151e+04   0.000000e+00   5.295063e+04   1823s
  321077    1.1505151e+04   0.000000e+00   4.136266e+05   1827s
  321577    1.1505152e+04   0.000000e+00   7.535161e+04   1832s
  322107    1.1505152e+04   0.000000e+00   7.006943e+04   1836s
  322667    1.1505153e+04   0.000000e+00   2.580402e+04   1841s
  323247    1.1505153e+04   0.000000e+00   3.234677e+04   1846s
  323767    1.1505153e+04   0.000000e+00   4.646025e+04   1850s
  324787    1.1505154e+04   0.000000e+00   4.997462e+04   1859s
  325307    1.1505155e+04   0.000000e+00   1.771027e+04   1864s
  325847    1.1505155e+04   0.000000e+00   6.763294e+04   1868s
  326347    1.1505156e+04   0.000000e+00   2.692989e+04   1873s
  326897    1.1505156e+04   0.000000e+00   6.828495e+04   1878s
  327397    1.1505156e+04   0.000000e+00   3.963890e+04   1882s
  327887    1.1505157e+04   0.000000e+00   4.846382e+04   1887s
  328367    1.1505157e+04   0.000000e+00   6.068690e+04   1891s
  328887    1.1505158e+04   0.000000e+00   7.246620e+04   1896s
  329407    1.1505158e+04   0.000000e+00   1.027209e+05   1900s
  329907    1.1505158e+04   0.000000e+00   3.084915e+04   1905s
  331047    1.1505159e+04   0.000000e+00   5.925901e+04   1914s
  331567    1.1505160e+04   0.000000e+00   2.093627e+05   1919s
  332047    1.1505160e+04   0.000000e+00   2.219361e+04   1924s
  332567    1.1505160e+04   0.000000e+00   4.467236e+04   1928s
  333077    1.1505161e+04   0.000000e+00   3.182698e+04   1933s
  333597    1.1505161e+04   0.000000e+00   1.681974e+05   1937s
  334077    1.1505162e+04   0.000000e+00   7.550380e+04   1942s
  334577    1.1505162e+04   0.000000e+00   3.490608e+04   1946s
  335107    1.1505162e+04   0.000000e+00   2.810250e+05   1951s
  335587    1.1505163e+04   0.000000e+00   1.904901e+04   1955s
  336597    1.1505164e+04   0.000000e+00   3.949466e+04   1964s
  337137    1.1505164e+04   0.000000e+00   1.506462e+05   1969s
  337617    1.1505165e+04   0.000000e+00   3.097986e+04   1974s
  338107    1.1505165e+04   0.000000e+00   1.043894e+05   1978s
  338627    1.1505165e+04   0.000000e+00   6.049397e+04   1983s
  339087    1.1505166e+04   0.000000e+00   5.054341e+04   1987s
  339557    1.1505166e+04   0.000000e+00   1.853089e+05   1992s
  340017    1.1505167e+04   0.000000e+00   1.420664e+05   1996s
  340527    1.1505167e+04   0.000000e+00   3.708927e+04   2001s
  341027    1.1505167e+04   0.000000e+00   1.283859e+05   2005s
  342017    1.1505168e+04   0.000000e+00   3.667731e+04   2014s
  342487    1.1505168e+04   0.000000e+00   7.757547e+04   2019s
  342977    1.1505169e+04   0.000000e+00   9.541662e+04   2023s
  343477    1.1505169e+04   0.000000e+00   2.330687e+04   2028s
  343927    1.1505169e+04   0.000000e+00   7.669000e+04   2032s
  344407    1.1505170e+04   0.000000e+00   2.990694e+04   2037s
  344997    1.1505170e+04   0.000000e+00   2.903865e+04   2041s
  345587    1.1505171e+04   0.000000e+00   2.994749e+04   2046s
  346117    1.1505171e+04   0.000000e+00   3.653733e+04   2050s
  346657    1.1505172e+04   0.000000e+00   5.223594e+04   2055s
  347767    1.1505172e+04   0.000000e+00   2.632221e+04   2064s
  348297    1.1505173e+04   0.000000e+00   3.471542e+04   2069s
  348797    1.1505173e+04   0.000000e+00   1.951224e+05   2073s
  349287    1.1505174e+04   0.000000e+00   4.069485e+04   2078s
  349827    1.1505174e+04   0.000000e+00   2.562169e+04   2083s
  350357    1.1505174e+04   0.000000e+00   5.445747e+04   2087s
  350897    1.1505175e+04   0.000000e+00   7.748972e+04   2092s
  351397    1.1505175e+04   0.000000e+00   3.933771e+04   2096s
  351887    1.1505175e+04   0.000000e+00   1.600498e+05   2101s
  352367    1.1505175e+04   0.000000e+00   3.552127e+04   2106s
  352897    1.1505176e+04   0.000000e+00   6.249153e+04   2110s
  353397    1.1505176e+04   0.000000e+00   5.608091e+04   2115s
  354427    1.1505177e+04   0.000000e+00   2.342441e+05   2124s
  354957    1.1505177e+04   0.000000e+00   3.974007e+04   2129s
  355467    1.1505177e+04   0.000000e+00   4.957015e+04   2134s
  355987    1.1505178e+04   0.000000e+00   3.432702e+04   2138s
  356497    1.1505178e+04   0.000000e+00   1.866986e+04   2143s
  356967    1.1505178e+04   0.000000e+00   1.219360e+05   2147s
  357437    1.1505179e+04   0.000000e+00   2.369016e+04   2152s
  357907    1.1505179e+04   0.000000e+00   6.675176e+04   2156s
  358407    1.1505179e+04   0.000000e+00   3.610914e+04   2161s
  358977    1.1505179e+04   0.000000e+00   3.968249e+04   2165s
  360017    1.1505180e+04   0.000000e+00   5.030542e+04   2175s
  360457    1.1505180e+04   0.000000e+00   7.576158e+04   2179s
  360927    1.1505181e+04   0.000000e+00   2.225336e+04   2183s
  361447    1.1505181e+04   0.000000e+00   7.864501e+04   2188s
  361927    1.1505181e+04   0.000000e+00   2.318706e+04   2192s
  362377    1.1505181e+04   0.000000e+00   2.087897e+04   2197s
  362867    1.1505182e+04   0.000000e+00   2.396219e+05   2201s
  363347    1.1505182e+04   0.000000e+00   7.765451e+04   2206s
  363827    1.1505182e+04   0.000000e+00   5.353386e+04   2210s
  364807    1.1505183e+04   0.000000e+00   1.328968e+04   2219s
  365287    1.1505183e+04   0.000000e+00   1.262039e+04   2224s
  365777    1.1505183e+04   0.000000e+00   1.644345e+04   2228s
  366247    1.1505183e+04   0.000000e+00   1.871017e+04   2233s
  366707    1.1505184e+04   0.000000e+00   2.067035e+04   2237s
  367147    1.1505184e+04   0.000000e+00   3.948146e+04   2242s
  367637    1.1505184e+04   0.000000e+00   4.169670e+04   2246s
  368127    1.1505185e+04   0.000000e+00   4.983363e+04   2251s
  368607    1.1505185e+04   0.000000e+00   3.937123e+04   2255s
  369597    1.1505185e+04   0.000000e+00   2.171007e+04   2264s
  370057    1.1505185e+04   0.000000e+00   1.521531e+04   2269s
  370537    1.1505186e+04   0.000000e+00   2.392069e+04   2273s
  371027    1.1505186e+04   0.000000e+00   1.471333e+04   2278s
  371477    1.1505186e+04   0.000000e+00   3.408839e+04   2282s
  371927    1.1505186e+04   0.000000e+00   3.956986e+04   2287s
  372387    1.1505187e+04   0.000000e+00   2.446137e+04   2291s
  372837    1.1505187e+04   0.000000e+00   3.839570e+04   2296s
  373357    1.1505187e+04   0.000000e+00   2.086097e+04   2300s
  374327    1.1505188e+04   0.000000e+00   2.410691e+04   2309s
  374807    1.1505188e+04   0.000000e+00   1.826719e+04   2314s
  375297    1.1505188e+04   0.000000e+00   1.745443e+04   2318s
  375777    1.1505188e+04   0.000000e+00   3.509981e+04   2323s
  376237    1.1505189e+04   0.000000e+00   4.556048e+04   2327s
  376717    1.1505189e+04   0.000000e+00   2.240408e+04   2332s
  377197    1.1505189e+04   0.000000e+00   5.535904e+04   2336s
  377667    1.1505189e+04   0.000000e+00   2.759260e+04   2341s
  378137    1.1505190e+04   0.000000e+00   4.703358e+04   2345s
  379137    1.1505190e+04   0.000000e+00   3.302563e+04   2354s
  379617    1.1505190e+04   0.000000e+00   2.890982e+04   2359s
  380107    1.1505191e+04   0.000000e+00   8.039801e+04   2363s
  380577    1.1505191e+04   0.000000e+00   5.009971e+04   2368s
  381047    1.1505191e+04   0.000000e+00   3.372011e+04   2372s
  381537    1.1505191e+04   0.000000e+00   2.782020e+04   2377s
  382007    1.1505191e+04   0.000000e+00   1.501615e+04   2381s
  382487    1.1505192e+04   0.000000e+00   1.838574e+04   2385s
  383427    1.1505192e+04   0.000000e+00   1.551527e+04   2394s
  383907    1.1505192e+04   0.000000e+00   5.444999e+04   2399s
  384377    1.1505192e+04   0.000000e+00   1.895537e+04   2403s
  384887    1.1505193e+04   0.000000e+00   1.608374e+04   2408s
  385377    1.1505193e+04   0.000000e+00   1.465884e+04   2412s
  385857    1.1505193e+04   0.000000e+00   2.924636e+04   2417s
  386327    1.1505193e+04   0.000000e+00   1.270054e+04   2421s
  386767    1.1505193e+04   0.000000e+00   1.744391e+04   2426s
  387637    1.1505194e+04   0.000000e+00   1.107266e+04   2434s
  388097    1.1505194e+04   0.000000e+00   1.320416e+04   2439s
  388607    1.1505194e+04   0.000000e+00   1.570813e+04   2443s
  389077    1.1505194e+04   0.000000e+00   6.030348e+03   2448s
  389527    1.1505194e+04   0.000000e+00   1.992657e+05   2452s
  389987    1.1505194e+04   0.000000e+00   4.533129e+04   2457s
  390447    1.1505195e+04   0.000000e+00   1.920337e+04   2461s
  390917    1.1505195e+04   0.000000e+00   8.054570e+03   2466s
  391367    1.1505195e+04   0.000000e+00   2.385981e+04   2470s
  392337    1.1505195e+04   0.000000e+00   1.323157e+04   2479s
  392767    1.1505195e+04   0.000000e+00   7.466479e+03   2483s
  393207    1.1505195e+04   0.000000e+00   1.420286e+04   2488s
  393707    1.1505196e+04   0.000000e+00   1.014953e+05   2492s
  394187    1.1505196e+04   0.000000e+00   4.853401e+04   2497s
  394637    1.1505196e+04   0.000000e+00   1.670513e+04   2501s
  395127    1.1505196e+04   0.000000e+00   8.130628e+03   2506s
  395637    1.1505196e+04   0.000000e+00   1.906003e+04   2510s
  396627    1.1505197e+04   0.000000e+00   1.023120e+04   2519s
  397127    1.1505197e+04   0.000000e+00   2.517394e+04   2524s
  397627    1.1505197e+04   0.000000e+00   1.679700e+04   2528s
  398097    1.1505197e+04   0.000000e+00   1.303927e+04   2533s
  398567    1.1505197e+04   0.000000e+00   7.491400e+03   2537s
  399067    1.1505197e+04   0.000000e+00   1.312849e+04   2541s
  399597    1.1505198e+04   0.000000e+00   3.445459e+04   2546s
  400097    1.1505198e+04   0.000000e+00   5.748893e+04   2550s
  401117    1.1505198e+04   0.000000e+00   3.226842e+04   2559s
  401627    1.1505198e+04   0.000000e+00   1.053539e+04   2564s
  402117    1.1505199e+04   0.000000e+00   5.868747e+03   2568s
  402627    1.1505199e+04   0.000000e+00   7.056746e+03   2573s
  403107    1.1505199e+04   0.000000e+00   1.038257e+04   2577s
  403577    1.1505199e+04   0.000000e+00   7.691016e+03   2582s
  404047    1.1505199e+04   0.000000e+00   5.784250e+04   2586s
  404517    1.1505199e+04   0.000000e+00   1.245475e+04   2591s
  404967    1.1505200e+04   0.000000e+00   7.699641e+03   2595s
  405847    1.1505200e+04   0.000000e+00   6.032256e+03   2604s
  406297    1.1505200e+04   0.000000e+00   8.271196e+03   2608s
  406787    1.1505200e+04   0.000000e+00   9.332392e+03   2613s
  407257    1.1505200e+04   0.000000e+00   6.166061e+04   2617s
  407717    1.1505200e+04   0.000000e+00   7.994475e+03   2622s
  408177    1.1505201e+04   0.000000e+00   1.483469e+04   2626s
  408637    1.1505201e+04   0.000000e+00   1.386295e+04   2630s
  409557    1.1505201e+04   0.000000e+00   6.987126e+03   2639s
  410037    1.1505201e+04   0.000000e+00   6.695760e+03   2644s
  410487    1.1505201e+04   0.000000e+00   2.447330e+03   2648s
  410937    1.1505201e+04   0.000000e+00   6.957983e+03   2652s
  411437    1.1505201e+04   0.000000e+00   9.375368e+03   2657s
  411917    1.1505202e+04   0.000000e+00   6.681520e+03   2661s
  412347    1.1505202e+04   0.000000e+00   1.351904e+04   2666s
  412807    1.1505202e+04   0.000000e+00   5.201823e+03   2670s
  413767    1.1505202e+04   0.000000e+00   8.394060e+03   2679s
  414227    1.1505202e+04   0.000000e+00   3.191369e+03   2683s
  414687    1.1505202e+04   0.000000e+00   7.342761e+03   2688s
  415127    1.1505203e+04   0.000000e+00   4.324175e+03   2692s
  415607    1.1505203e+04   0.000000e+00   4.924456e+03   2696s
  416077    1.1505203e+04   0.000000e+00   5.158979e+04   2701s
  416537    1.1505203e+04   0.000000e+00   5.319957e+03   2705s
  417497    1.1505203e+04   0.000000e+00   1.128488e+04   2714s
  417987    1.1505204e+04   0.000000e+00   4.850961e+04   2718s
  418477    1.1505204e+04   0.000000e+00   8.782776e+03   2723s
  418967    1.1505204e+04   0.000000e+00   7.212799e+03   2727s
  419417    1.1505204e+04   0.000000e+00   1.464070e+04   2732s
  419877    1.1505204e+04   0.000000e+00   9.021114e+03   2736s
  420347    1.1505204e+04   0.000000e+00   7.615876e+03   2740s
  421257    1.1505204e+04   0.000000e+00   3.440919e+04   2749s
  421707    1.1505205e+04   0.000000e+00   8.102152e+03   2754s
  422157    1.1505205e+04   0.000000e+00   4.504398e+03   2758s
  422597    1.1505205e+04   0.000000e+00   2.127747e+04   2762s
  423047    1.1505205e+04   0.000000e+00   9.317127e+03   2767s
  423487    1.1505205e+04   0.000000e+00   2.187965e+03   2771s
  423967    1.1505205e+04   0.000000e+00   4.693282e+03   2776s
  424957    1.1505205e+04   0.000000e+00   3.768583e+04   2784s
  425477    1.1505206e+04   0.000000e+00   4.724321e+03   2789s
  425947    1.1505206e+04   0.000000e+00   5.505804e+03   2793s
  426437    1.1505206e+04   0.000000e+00   3.628559e+03   2798s
  426957    1.1505206e+04   0.000000e+00   5.327061e+03   2802s
  427437    1.1505206e+04   0.000000e+00   1.320933e+04   2807s
  427907    1.1505206e+04   0.000000e+00   1.649967e+04   2811s
  428387    1.1505206e+04   0.000000e+00   4.223039e+03   2815s
  429277    1.1505206e+04   0.000000e+00   8.664799e+03   2824s
  429747    1.1505206e+04   0.000000e+00   8.454051e+03   2829s
  430217    1.1505207e+04   0.000000e+00   2.928225e+03   2833s
  430717    1.1505207e+04   0.000000e+00   3.649461e+03   2837s
  431207    1.1505207e+04   0.000000e+00   5.427258e+03   2842s
  431657    1.1505207e+04   0.000000e+00   2.047447e+04   2846s
  432117    1.1505207e+04   0.000000e+00   8.399012e+03   2851s
  432957    1.1505207e+04   0.000000e+00   1.825478e+04   2859s
  433387    1.1505207e+04   0.000000e+00   1.901834e+04   2864s
  433827    1.1505207e+04   0.000000e+00   8.160297e+03   2868s
  434257    1.1505208e+04   0.000000e+00   6.728873e+03   2872s
  434707    1.1505208e+04   0.000000e+00   6.403215e+03   2877s
  435177    1.1505208e+04   0.000000e+00   1.055534e+04   2881s
  435637    1.1505208e+04   0.000000e+00   7.388694e+03   2886s
  436067    1.1505208e+04   0.000000e+00   2.397861e+03   2890s
  437007    1.1505208e+04   0.000000e+00   4.103672e+03   2899s
  437467    1.1505208e+04   0.000000e+00   5.231256e+03   2903s
  437917    1.1505208e+04   0.000000e+00   2.526301e+04   2908s
  438407    1.1505209e+04   0.000000e+00   5.420553e+03   2912s
  438877    1.1505209e+04   0.000000e+00   2.972460e+03   2916s
  439357    1.1505209e+04   0.000000e+00   5.251127e+03   2921s
  439847    1.1505209e+04   0.000000e+00   7.713932e+03   2925s
  440757    1.1505209e+04   0.000000e+00   3.710901e+03   2934s
  441257    1.1505209e+04   0.000000e+00   1.616143e+04   2939s
  441727    1.1505209e+04   0.000000e+00   8.176775e+03   2943s
  442207    1.1505209e+04   0.000000e+00   4.862497e+03   2947s
  442727    1.1505209e+04   0.000000e+00   1.973126e+04   2952s
  443207    1.1505210e+04   0.000000e+00   5.160277e+03   2956s
  443657    1.1505210e+04   0.000000e+00   4.836492e+03   2961s
  444527    1.1505210e+04   0.000000e+00   2.234623e+03   2969s
  445017    1.1505210e+04   0.000000e+00   2.934889e+03   2974s
  445537    1.1505210e+04   0.000000e+00   1.580857e+03   2978s
  446027    1.1505210e+04   0.000000e+00   4.492798e+04   2983s
  446487    1.1505210e+04   0.000000e+00   6.053252e+04   2987s
  446947    1.1505210e+04   0.000000e+00   1.742394e+04   2991s
  447397    1.1505210e+04   0.000000e+00   1.788963e+04   2996s
  447857    1.1505211e+04   0.000000e+00   5.633436e+03   3000s
  448737    1.1505211e+04   0.000000e+00   2.496707e+03   3009s
  449177    1.1505211e+04   0.000000e+00   4.582636e+04   3013s
  449597    1.1505211e+04   0.000000e+00   9.996425e+03   3018s
  450027    1.1505211e+04   0.000000e+00   2.394048e+03   3022s
  450477    1.1505211e+04   0.000000e+00   1.680332e+03   3026s
  450917    1.1505211e+04   0.000000e+00   2.204228e+03   3030s
  451847    1.1505211e+04   0.000000e+00   1.057991e+04   3039s
  452307    1.1505211e+04   0.000000e+00   8.297144e+03   3044s
  452737    1.1505211e+04   0.000000e+00   1.120396e+04   3048s
  453177    1.1505211e+04   0.000000e+00   2.516718e+03   3052s
  453647    1.1505211e+04   0.000000e+00   1.277185e+03   3056s
  454097    1.1505212e+04   0.000000e+00   3.437511e+03   3061s
  454567    1.1505212e+04   0.000000e+00   1.217698e+03   3065s
  455577    1.1505212e+04   0.000000e+00   1.145643e+03   3074s
  456027    1.1505212e+04   0.000000e+00   4.981597e+03   3078s
  456507    1.1505212e+04   0.000000e+00   4.310826e+03   3083s
  457007    1.1505212e+04   0.000000e+00   1.296506e+03   3087s
  457487    1.1505212e+04   0.000000e+00   9.312049e+03   3092s
  457937    1.1505212e+04   0.000000e+00   1.013754e+03   3096s
  458387    1.1505212e+04   0.000000e+00   1.459631e+03   3100s
  459287    1.1505212e+04   0.000000e+00   8.351712e+02   3109s
  459737    1.1505212e+04   0.000000e+00   9.514080e+02   3113s
  460197    1.1505212e+04   0.000000e+00   1.709067e+03   3118s
  460627    1.1505212e+04   0.000000e+00   4.989641e+03   3122s
  461077    1.1505213e+04   0.000000e+00   7.474500e+02   3127s
  461547    1.1505213e+04   0.000000e+00   1.342470e+03   3131s
  462037    1.1505213e+04   0.000000e+00   2.778469e+03   3135s
  463007    1.1505213e+04   0.000000e+00   7.200019e+03   3144s
  463427    1.1505213e+04   0.000000e+00   9.866744e+02   3148s
  463887    1.1505213e+04   0.000000e+00   1.186897e+03   3152s
  464327    1.1505213e+04   0.000000e+00   8.145287e+02   3157s
  464767    1.1505213e+04   0.000000e+00   1.712573e+03   3161s
  465227    1.1505213e+04   0.000000e+00   5.545173e+02   3165s
  466147    1.1505213e+04   0.000000e+00   7.001718e+02   3174s
  466587    1.1505213e+04   0.000000e+00   9.683821e+02   3178s
  467007    1.1505213e+04   0.000000e+00   9.534509e+02   3182s
  467457    1.1505213e+04   0.000000e+00   1.462453e+03   3187s
  467907    1.1505213e+04   0.000000e+00   1.760849e+03   3191s
  468367    1.1505213e+04   0.000000e+00   3.003131e+03   3195s
  469247    1.1505213e+04   0.000000e+00   1.060390e+03   3204s
  469707    1.1505213e+04   0.000000e+00   5.625555e+02   3208s
  470187    1.1505213e+04   0.000000e+00   6.955431e+03   3213s
  470647    1.1505213e+04   0.000000e+00   2.282560e+03   3217s
  471097    1.1505214e+04   0.000000e+00   4.059080e+02   3221s
  471577    1.1505214e+04   0.000000e+00   1.443098e+03   3226s
  472047    1.1505214e+04   0.000000e+00   5.088461e+02   3230s
  472997    1.1505214e+04   0.000000e+00   1.291056e+03   3239s
  473487    1.1505214e+04   0.000000e+00   4.628751e+02   3243s
  473927    1.1505214e+04   0.000000e+00   6.392680e+02   3247s
  474377    1.1505214e+04   0.000000e+00   8.845349e+04   3252s
  474817    1.1505214e+04   0.000000e+00   9.848534e+02   3256s
  475247    1.1505214e+04   0.000000e+00   5.045939e+02   3260s
  476147    1.1505214e+04   0.000000e+00   2.255362e+04   3269s
  476617    1.1505214e+04   0.000000e+00   3.479156e+03   3273s
  477077    1.1505214e+04   0.000000e+00   2.685785e+02   3277s
  477487    1.1505214e+04   0.000000e+00   5.411050e+02   3281s
  477917    1.1505214e+04   0.000000e+00   1.858016e+02   3286s
  478747    1.1505214e+04   0.000000e+00   1.209506e+03   3294s
  479207    1.1505214e+04   0.000000e+00   4.160081e+02   3298s
  479677    1.1505214e+04   0.000000e+00   3.594226e+02   3303s
  480127    1.1505214e+04   0.000000e+00   6.597200e+02   3307s
  480607    1.1505214e+04   0.000000e+00   1.235563e+03   3311s
  481097    1.1505214e+04   0.000000e+00   7.345667e+02   3315s
  482027    1.1505214e+04   0.000000e+00   1.698533e+03   3324s
  482507    1.1505214e+04   0.000000e+00   9.760006e+02   3328s
  482997    1.1505214e+04   0.000000e+00   1.310410e+02   3333s
  483527    1.1505214e+04   0.000000e+00   1.045809e+02   3337s
  484057    1.1505214e+04   0.000000e+00   9.669497e+01   3341s
  484587    1.1505214e+04   0.000000e+00   5.937355e+02   3346s
  485047    1.1505214e+04   0.000000e+00   3.481611e+02   3350s
  485977    1.1505214e+04   0.000000e+00   1.996144e+02   3359s
  486427    1.1505214e+04   0.000000e+00   2.701020e+02   3363s
  486897    1.1505215e+04   0.000000e+00   3.433323e+02   3367s
  487347    1.1505215e+04   0.000000e+00   4.397428e+02   3372s
  487777    1.1505215e+04   0.000000e+00   2.504378e+02   3376s
  488227    1.1505215e+04   0.000000e+00   1.585518e+03   3380s
  489067    1.1505215e+04   0.000000e+00   5.333075e+02   3388s
  489537    1.1505215e+04   0.000000e+00   2.426341e+02   3393s
  489957    1.1505215e+04   0.000000e+00   1.004983e+02   3397s
  490377    1.1505215e+04   0.000000e+00   9.856239e+01   3401s
  490817    1.1505215e+04   0.000000e+00   9.139143e+01   3405s
  491687    1.1505215e+04   0.000000e+00   1.349578e+02   3414s
  492137    1.1505215e+04   0.000000e+00   1.090852e+02   3418s
  492567    1.1505215e+04   0.000000e+00   1.865938e+02   3422s
  493017    1.1505215e+04   0.000000e+00   4.204574e+01   3426s
  493427    1.1505215e+04   0.000000e+00   3.121836e+02   3430s
  494297    1.1505215e+04   0.000000e+00   1.372821e+02   3438s
  494747    1.1505215e+04   0.000000e+00   4.910102e+01   3442s
  495217    1.1505215e+04   0.000000e+00   1.991171e+02   3447s
  495677    1.1505215e+04   0.000000e+00   8.549327e+01   3451s
  496637    1.1505215e+04   0.000000e+00   1.529567e+01   3459s
  497107    1.1505215e+04   0.000000e+00   2.604207e+01   3463s
  497537    1.1505215e+04   0.000000e+00   4.993447e+01   3467s
  497947    1.1505215e+04   0.000000e+00   7.170222e+00   3471s
  498837    1.1505215e+04   0.000000e+00   1.427660e+00   3478s
  499287    1.1505215e+04   0.000000e+00   2.703988e+01   3482s
  499757    1.1505215e+04   0.000000e+00   3.951978e+00   3486s
  500757    1.1505215e+04   0.000000e+00   6.219026e+00   3493s
  501167    1.1505215e+04   0.000000e+00   1.843091e-01   3496s
Extra simplex iterations after uncrush: 453529
  501650    1.1503619e+04   0.000000e+00   0.000000e+00   3500s

Solved in 501650 iterations and 3500.45 seconds (5661.40 work units)
Optimal objective  1.150361947e+04
