
Gurobi 10.0.1 (linux64) logging started Mon Mar 10 21:36:29 2025

Set parameter LogFile to value "Results/Conservative_experiment/c1_0.20_c2_0.10.log"
Set parameter TimeLimit to value 36000
Gurobi Optimizer version 10.0.1 build v10.0.1rc0 (linux64)

CPU model: AMD EPYC 9654 96-Core Processor, instruction set [SSE2|AVX|AVX2|AVX512]
Thread count: 192 physical cores, 192 logical processors, using up to 32 threads

Academic license 656792 - for non-commercial use only - registered to b.___@student.vu.nl
Optimize a model with 1498050 rows, 1622512 columns and 5976640 nonzeros
Model fingerprint: 0x7b0829ca
Coefficient statistics:
  Matrix range     [1e-01, 1e+00]
  Objective range  [6e-02, 5e+00]
  Bounds range     [0e+00, 0e+00]
  RHS range        [1e-02, 1e+03]
Presolve removed 955510 rows and 878809 columns (presolve time = 5s) ...
Presolve removed 955510 rows and 878809 columns
Presolve time: 5.20s
Presolved: 542540 rows, 743703 columns, 2508755 nonzeros

Concurrent LP optimizer: primal simplex, dual simplex, and barrier
Showing barrier log only...

Ordering time: 1.37s

Barrier statistics:
 AA' NZ     : 1.721e+06
 Factor NZ  : 1.393e+07 (roughly 250 MB of memory)
 Factor Ops : 7.897e+09 (less than 1 second per iteration)
 Threads    : 30

                  Objective                Residual
Iter       Primal          Dual         Primal    Dual     Compl     Time
   0  -1.39193844e+07  1.74242729e+08  8.29e+05 1.57e+02  2.34e+04     8s
   1  -9.03008999e+06  1.19227517e+08  2.88e+05 1.21e+02  7.56e+03     8s
   2  -7.42315905e+06  4.57527901e+07  7.04e+04 1.66e+01  1.81e+03     8s
   3  -6.50752042e+06  1.10470746e+07  1.35e+04 1.15e+00  3.55e+02     9s
   4  -2.97549676e+06  3.47366735e+06  2.67e+03 5.29e-02  7.52e+01     9s
   5  -1.21773943e+06  1.29569046e+06  8.46e+02 3.80e-03  2.44e+01     9s
   6  -4.73458874e+05  6.08151314e+05  2.60e+02 1.41e-11  8.23e+00     9s
   7  -1.46151327e+05  3.27127291e+05  7.13e+01 5.46e-12  2.74e+00     9s
   8  -6.31968022e+04  1.67410805e+05  3.66e+01 4.09e-12  1.32e+00     9s
   9  -1.53547662e+04  8.00475426e+04  1.14e+01 3.64e-12  4.47e-01    10s
  10   2.01132189e+02  4.47406398e+04  4.06e+00 2.85e-12  1.69e-01    10s
  11   4.67831261e+03  2.97501910e+04  2.40e+00 2.32e-12  8.80e-02    10s
  12   4.94312926e+03  2.58066346e+04  2.31e+00 2.57e-12  7.34e-02    10s
  13   7.51629777e+03  2.37976710e+04  1.52e+00 2.93e-12  5.48e-02    10s
  14   9.90507174e+03  1.87341335e+04  6.07e-01 2.91e-12  2.78e-02    10s
  15   1.08586577e+04  1.47405672e+04  2.22e-01 2.99e-12  1.18e-02    10s
  16   1.11037259e+04  1.32653652e+04  1.29e-01 3.04e-12  6.51e-03    11s
  17   1.12802300e+04  1.22599186e+04  6.55e-02 2.91e-12  2.94e-03    11s
  18   1.13440899e+04  1.20024507e+04  4.45e-02 2.99e-12  1.97e-03    11s
  19   1.13943454e+04  1.18426489e+04  2.81e-02 3.56e-12  1.34e-03    11s
  20   1.14170926e+04  1.18125081e+04  2.17e-02 4.27e-12  1.18e-03    11s
  21   1.14190449e+04  1.17881304e+04  2.12e-02 4.22e-12  1.10e-03    11s
  22   1.14234422e+04  1.17561820e+04  1.94e-02 4.12e-12  9.92e-04    11s
  23   1.14462322e+04  1.16567563e+04  1.26e-02 4.06e-12  6.28e-04    12s
  24   1.14556533e+04  1.16148777e+04  1.05e-02 3.37e-12  4.76e-04    12s
  25   1.14638416e+04  1.16044573e+04  8.98e-03 5.47e-12  4.20e-04    12s
  26   1.14652006e+04  1.15993566e+04  8.73e-03 4.19e-12  4.01e-04    12s
  27   1.14714633e+04  1.15874667e+04  7.64e-03 3.70e-12  3.47e-04    12s
  28   1.14877212e+04  1.15838514e+04  5.57e-03 4.66e-12  2.86e-04    13s
  29   1.14909445e+04  1.15713155e+04  5.23e-03 3.23e-12  2.40e-04    13s
  30   1.15136120e+04  1.15706869e+04  3.33e-03 5.42e-12  1.70e-04    13s
  31   1.15308109e+04  1.15702037e+04  2.04e-03 4.26e-12  1.17e-04    13s
  32   1.15416523e+04  1.15645228e+04  1.27e-03 4.29e-12  6.81e-05    13s
  33   1.15494437e+04  1.15634611e+04  7.05e-04 3.61e-12  4.16e-05    14s
  34   1.15531772e+04  1.15624528e+04  3.96e-04 3.45e-12  2.75e-05    14s
  35   1.15552127e+04  1.15615279e+04  2.77e-04 3.41e-12  1.87e-05    14s
  36   1.15571699e+04  1.15612195e+04  1.65e-04 4.11e-12  1.20e-05    14s
  37   1.15582701e+04  1.15609831e+04  1.05e-04 5.59e-12  8.03e-06    14s
  38   1.15591144e+04  1.15604161e+04  5.98e-05 3.87e-12  3.87e-06    14s
  39   1.15592892e+04  1.15603413e+04  4.78e-05 6.33e-12  3.13e-06    14s
  40   1.15595226e+04  1.15602974e+04  2.64e-05 6.18e-12  2.29e-06    15s
  41   1.15596547e+04  1.15600831e+04  1.76e-05 4.76e-12  1.27e-06    15s
  42   1.15598308e+04  1.15599800e+04  3.84e-06 5.20e-12  4.39e-07    15s
  43   1.15598814e+04  1.15598992e+04  4.25e-07 4.81e-12  5.24e-08    15s
  44   1.15598814e+04  1.15598991e+04  4.21e-07 6.74e-12  5.20e-08    15s
  45   1.15598863e+04  1.15598911e+04  1.72e-07 4.81e-12  1.42e-08    15s
  46   1.15598887e+04  1.15598902e+04  4.38e-08 7.23e-12  4.40e-09    15s
  47   1.15598887e+04  1.15598902e+04  8.18e-08 7.93e-12  4.31e-09    16s
  48   1.15598894e+04  1.15598899e+04  3.42e-08 4.68e-12  1.69e-09    16s
  49   1.15598895e+04  1.15598899e+04  2.85e-08 4.82e-12  1.07e-09    16s
  50   1.15598897e+04  1.15598898e+04  1.03e-08 6.39e-12  2.18e-10    16s

Barrier solved model in 50 iterations and 16.08 seconds (13.48 work units)
Optimal objective 1.15598897e+04

Crossover log...

   76520 DPushes remaining with DInf 0.0000000e+00                16s
       0 DPushes remaining with DInf 0.0000000e+00                18s

   55285 PPushes remaining with PInf 0.0000000e+00                18s
       0 PPushes remaining with PInf 0.0000000e+00                20s

  Push phase complete: Pinf 0.0000000e+00, Dinf 1.7625000e-01     20s

Iteration    Objective       Primal Inf.    Dual Inf.      Time
  100364    1.1559890e+04   0.000000e+00   1.762500e-01     20s

Solved with barrier
  100817    1.1559890e+04   0.000000e+00   8.348211e+03     20s
  105117    1.1559945e+04   0.000000e+00   2.611429e+04     25s
  108342    1.1559953e+04   0.000000e+00   2.443636e+03     30s
  111782    1.1559958e+04   0.000000e+00   4.191078e+03     35s
  115222    1.1559962e+04   0.000000e+00   6.134402e+02     40s
  118662    1.1559965e+04   0.000000e+00   6.601690e+02     45s
  122102    1.1559967e+04   0.000000e+00   8.792781e+01     50s
  125327    1.1559968e+04   0.000000e+00   2.064175e+01     55s
Extra simplex iterations after uncrush: 26044
  126431    1.1559890e+04   0.000000e+00   0.000000e+00     57s

Use crossover to convert LP symmetric solution to basic solution...
Crossover log...

   42530 DPushes remaining with DInf 0.0000000e+00                57s
       0 DPushes remaining with DInf 0.0000000e+00                59s

    3169 PPushes remaining with PInf 0.0000000e+00                59s
       0 PPushes remaining with PInf 0.0000000e+00                59s

  Push phase complete: Pinf 0.0000000e+00, Dinf 9.8677923e-13     59s

Iteration    Objective       Primal Inf.    Dual Inf.      Time
  173361    1.1559890e+04   0.000000e+00   4.122595e+04     60s
  176973    1.1559914e+04   0.000000e+00   3.184305e+04     65s
  179381    1.1559925e+04   0.000000e+00   7.810097e+03     71s
  181187    1.1559929e+04   0.000000e+00   1.442882e+04     76s
  182993    1.1559932e+04   0.000000e+00   1.302561e+04     81s
  184197    1.1559934e+04   0.000000e+00   6.294716e+04     86s
  186003    1.1559935e+04   0.000000e+00   3.350135e+03     92s
  187207    1.1559936e+04   0.000000e+00   1.757919e+04     96s
  188411    1.1559937e+04   0.000000e+00   3.194407e+03    101s
  189615    1.1559938e+04   0.000000e+00   3.029839e+03    105s
  190819    1.1559938e+04   0.000000e+00   6.489382e+03    110s
  192625    1.1559939e+04   0.000000e+00   3.478160e+03    118s
  193227    1.1559939e+04   0.000000e+00   7.884175e+03    120s
  194431    1.1559940e+04   0.000000e+00   2.181026e+04    125s
  195635    1.1559940e+04   0.000000e+00   2.481904e+03    130s
  196839    1.1559940e+04   0.000000e+00   2.038699e+03    135s
  198043    1.1559941e+04   0.000000e+00   1.044747e+03    141s
  199247    1.1559941e+04   0.000000e+00   1.544369e+03    146s
  200451    1.1559941e+04   0.000000e+00   2.027661e+03    152s
  201655    1.1559941e+04   0.000000e+00   1.236170e+03    157s
  202859    1.1559941e+04   0.000000e+00   6.075011e+03    163s
  203461    1.1559941e+04   0.000000e+00   1.494548e+03    166s
  204665    1.1559942e+04   0.000000e+00   4.940492e+02    171s
  205869    1.1559942e+04   0.000000e+00   3.491316e+03    177s
  207073    1.1559942e+04   0.000000e+00   7.321591e+03    183s
  207675    1.1559942e+04   0.000000e+00   1.371488e+03    186s
  208879    1.1559942e+04   0.000000e+00   5.931013e+02    192s
  210071    1.1559942e+04   0.000000e+00   9.981288e+02    198s
  210673    1.1559942e+04   0.000000e+00   9.335189e+02    201s
  211877    1.1559942e+04   0.000000e+00   1.512745e+03    207s
  213081    1.1559942e+04   0.000000e+00   4.955976e+02    213s
  213683    1.1559942e+04   0.000000e+00   1.414357e+03    216s
  214887    1.1559942e+04   0.000000e+00   2.795526e+02    222s
  216067    1.1559943e+04   0.000000e+00   1.968010e+02    228s
  216667    1.1559943e+04   0.000000e+00   1.789946e+02    231s
  217847    1.1559943e+04   0.000000e+00   4.485635e+02    237s
  218447    1.1559943e+04   0.000000e+00   5.543124e+02    240s
  219651    1.1559943e+04   0.000000e+00   1.074094e+03    246s
  220823    1.1559943e+04   0.000000e+00   4.363366e+02    252s
  221425    1.1559943e+04   0.000000e+00   6.435711e+01    255s
  222617    1.1559943e+04   0.000000e+00   2.342997e+02    261s
  223787    1.1559943e+04   0.000000e+00   3.039759e+02    267s
  224357    1.1559943e+04   0.000000e+00   8.647549e+02    270s
  225517    1.1559943e+04   0.000000e+00   2.801356e+02    276s
  226667    1.1559943e+04   0.000000e+00   2.557537e+02    283s
  227227    1.1559943e+04   0.000000e+00   9.059458e+01    285s
  228367    1.1559943e+04   0.000000e+00   9.778542e+01    291s
  229497    1.1559943e+04   0.000000e+00   3.120326e+02    297s
  230057    1.1559943e+04   0.000000e+00   5.026905e+01    300s
  231167    1.1559943e+04   0.000000e+00   4.479738e+02    306s
  232297    1.1559943e+04   0.000000e+00   3.542083e+01    313s
  232867    1.1559943e+04   0.000000e+00   6.603356e+01    315s
  234047    1.1559943e+04   0.000000e+00   1.834675e+02    321s
  235197    1.1559943e+04   0.000000e+00   3.234165e+01    328s
  235767    1.1559943e+04   0.000000e+00   3.166842e+01    331s
  236897    1.1559943e+04   0.000000e+00   3.726086e+02    337s
  238037    1.1559943e+04   0.000000e+00   2.665279e+02    343s
  238597    1.1559943e+04   0.000000e+00   7.699533e+02    346s
  239687    1.1559943e+04   0.000000e+00   3.002787e+01    351s
  240777    1.1559943e+04   0.000000e+00   4.010042e+01    357s
  241327    1.1559943e+04   0.000000e+00   7.111776e+01    360s
  242447    1.1559943e+04   0.000000e+00   1.540294e+02    366s
  243547    1.1559943e+04   0.000000e+00   2.503635e+01    372s
  244657    1.1559943e+04   0.000000e+00   5.044931e+01    378s
  245187    1.1559943e+04   0.000000e+00   6.858653e+00    381s
  246267    1.1559943e+04   0.000000e+00   5.402975e+01    387s
  247327    1.1559943e+04   0.000000e+00   2.282987e+01    392s
  247877    1.1559943e+04   0.000000e+00   2.653355e+01    395s
  249017    1.1559943e+04   0.000000e+00   1.341186e+01    401s
  250097    1.1559943e+04   0.000000e+00   8.314842e+00    407s
  251147    1.1559943e+04   0.000000e+00   1.465564e+01    413s
  251657    1.1559943e+04   0.000000e+00   8.093770e+00    416s
  252687    1.1559943e+04   0.000000e+00   2.538745e+01    421s
  253747    1.1559943e+04   0.000000e+00   4.616522e+00    427s
  254807    1.1559943e+04   0.000000e+00   1.087349e+01    433s
  255317    1.1559943e+04   0.000000e+00   7.949915e+00    435s
  256297    1.1559943e+04   0.000000e+00   3.637175e+00    441s
  257247    1.1559943e+04   0.000000e+00   1.700728e+01    447s
  258227    1.1559943e+04   0.000000e+00   2.464722e+00    452s
  259157    1.1559943e+04   0.000000e+00   6.828680e+00    458s
  259597    1.1559943e+04   0.000000e+00   1.936112e+00    460s
  260467    1.1559943e+04   0.000000e+00   9.489122e-01    466s
  261377    1.1559943e+04   0.000000e+00   1.836669e+00    471s
  262217    1.1559943e+04   0.000000e+00   1.208703e+00    476s
  263007    1.1559943e+04   0.000000e+00   2.956046e-01    482s
  263797    1.1559943e+04   0.000000e+00   2.840712e-01    487s
  264547    1.1559943e+04   0.000000e+00   1.017755e-01    492s
Extra simplex iterations after uncrush: 92722
  264827    1.1559890e+04   0.000000e+00   0.000000e+00    495s

Solved in 264827 iterations and 494.51 seconds (1051.30 work units)
Optimal objective  1.155988981e+04
