
Gurobi 10.0.1 (linux64) logging started Mon Mar 10 21:36:30 2025

Set parameter LogFile to value "Results/Conservative_experiment/c1_0.40_c2_0.00.log"
Set parameter TimeLimit to value 36000
Gurobi Optimizer version 10.0.1 build v10.0.1rc0 (linux64)

CPU model: AMD EPYC 9654 96-Core Processor, instruction set [SSE2|AVX|AVX2|AVX512]
Thread count: 192 physical cores, 192 logical processors, using up to 32 threads

Academic license 656792 - for non-commercial use only - registered to b.___@student.vu.nl
Optimize a model with 1498050 rows, 1622512 columns and 5965248 nonzeros
Model fingerprint: 0x1f1247ad
Coefficient statistics:
  Matrix range     [4e-01, 1e+00]
  Objective range  [6e-02, 5e+00]
  Bounds range     [0e+00, 0e+00]
  RHS range        [1e-02, 1e+03]
Presolve removed 1137941 rows and 1144695 columns
Presolve time: 3.73s
Presolved: 360109 rows, 477817 columns, 1778097 nonzeros

Concurrent LP optimizer: primal simplex, dual simplex, and barrier
Showing barrier log only...

Ordering time: 0.41s

Barrier statistics:
 AA' NZ     : 3.019e+05
 Factor NZ  : 3.493e+06 (roughly 70 MB of memory)
 Factor Ops : 1.234e+09 (less than 1 second per iteration)
 Threads    : 30

                  Objective                Residual
Iter       Primal          Dual         Primal    Dual     Compl     Time
   0  -1.16814944e+09  9.19982629e+07  4.53e+05 5.17e+01  3.27e+04     5s
   1  -3.58926815e+08  7.19595591e+07  1.35e+05 4.52e+01  8.53e+03     5s
   2  -9.60189021e+07  3.62984847e+07  3.32e+04 1.91e+00  1.99e+03     5s
   3  -2.86975169e+07  8.81204538e+06  9.45e+03 4.70e-02  5.36e+02     5s
   4  -8.45350016e+06  3.70793934e+06  2.70e+03 7.93e-03  1.65e+02     5s
   5  -5.50833414e+06  1.94202129e+06  1.74e+03 4.55e-12  1.00e+02     5s
   6  -4.25743813e+06  1.69247087e+06  1.34e+03 7.28e-12  7.89e+01     5s
   7  -1.30863719e+06  6.29163745e+05  3.96e+02 6.46e-11  2.43e+01     5s
   8  -2.45012501e+05  2.74949593e+05  7.19e+01 3.55e-11  5.87e+00     5s
   9  -7.11653276e+04  1.69706940e+05  2.16e+01 1.86e-11  2.52e+00     5s
  10  -5.06357435e+03  5.92394578e+04  3.19e+00 6.14e-12  6.21e-01     5s
  11   3.37997771e+03  3.50585518e+04  1.43e+00 3.07e-12  2.98e-01     5s
  12   8.77111126e+03  2.19274728e+04  4.09e-01 2.33e-12  1.24e-01     5s
  13   9.78714254e+03  1.67145215e+04  2.38e-01 2.30e-12  6.45e-02     5s
  14   1.02858116e+04  1.48823781e+04  1.59e-01 2.76e-12  4.27e-02     5s
  15   1.04237773e+04  1.38351741e+04  1.39e-01 3.04e-12  3.13e-02     5s
  16   1.08933895e+04  1.28859682e+04  7.34e-02 2.88e-12  1.84e-02     6s
  17   1.10502353e+04  1.21064526e+04  5.26e-02 2.98e-12  9.49e-03     6s
  18   1.12437906e+04  1.19876879e+04  2.89e-02 2.62e-12  6.84e-03     6s
  19   1.12502164e+04  1.19319607e+04  2.81e-02 2.79e-12  6.23e-03     6s
  20   1.13041781e+04  1.17658331e+04  2.17e-02 3.01e-12  4.17e-03     6s
  21   1.13960472e+04  1.16956536e+04  1.14e-02 3.15e-12  2.76e-03     6s
  22   1.14131500e+04  1.16692068e+04  9.38e-03 3.17e-12  2.36e-03     6s
  23   1.14445169e+04  1.16456489e+04  6.28e-03 3.49e-12  1.88e-03     6s
  24   1.14567370e+04  1.15830143e+04  5.16e-03 1.98e-12  1.16e-03     6s
  25   1.14790049e+04  1.15483874e+04  2.61e-03 2.43e-12  6.40e-04     6s
  26   1.14872884e+04  1.15368978e+04  1.75e-03 2.94e-12  4.60e-04     6s
  27   1.14903538e+04  1.15329387e+04  1.43e-03 2.55e-12  3.96e-04     6s
  28   1.14934707e+04  1.15288929e+04  1.09e-03 3.62e-12  3.32e-04     6s
  29   1.14974051e+04  1.15148820e+04  6.63e-04 3.65e-12  1.61e-04     6s
  30   1.15030291e+04  1.15048658e+04  5.29e-05 3.82e-12  1.73e-05     6s
  31   1.15035930e+04  1.15039929e+04  1.81e-06 3.25e-12  3.93e-06     6s
  32   1.15036111e+04  1.15037542e+04  4.98e-07 5.64e-12  1.41e-06     6s
  33   1.15036169e+04  1.15036559e+04  1.36e-07 5.48e-12  3.86e-07     6s
  34   1.15036192e+04  1.15036206e+04  1.13e-08 5.99e-12  1.34e-08     6s
  35   1.15036194e+04  1.15036195e+04  9.43e-10 6.50e-12  2.16e-10     6s

Barrier solved model in 35 iterations and 6.39 seconds (5.67 work units)
Optimal objective 1.15036194e+04

Crossover log...

   15163 DPushes remaining with DInf 0.0000000e+00                 6s
       0 DPushes remaining with DInf 0.0000000e+00                 7s

   19873 PPushes remaining with PInf 1.8688443e-05                 7s
       0 PPushes remaining with PInf 0.0000000e+00                 7s

  Push phase complete: Pinf 0.0000000e+00, Dinf 4.1389114e-12      7s


Solved with barrier
Extra simplex iterations after uncrush: 903
Iteration    Objective       Primal Inf.    Dual Inf.      Time
   35895    1.1503619e+04   0.000000e+00   0.000000e+00      7s

Use crossover to convert LP symmetric solution to basic solution...
Crossover log...

    9300 DPushes remaining with DInf 0.0000000e+00                 8s
       0 DPushes remaining with DInf 0.0000000e+00                 8s

    2055 PPushes remaining with PInf 0.0000000e+00                 8s
       0 PPushes remaining with PInf 0.0000000e+00                 8s

  Push phase complete: Pinf 0.0000000e+00, Dinf 3.4970915e-12      8s

Iteration    Objective       Primal Inf.    Dual Inf.      Time
   49404    1.1503619e+04   0.000000e+00   9.130753e+04     10s
   53618    1.1503752e+04   0.000000e+00   4.361858e+05     15s
   57338    1.1503873e+04   0.000000e+00   6.062574e+05     20s
   61328    1.1504008e+04   0.000000e+00   4.730339e+05     25s
   64338    1.1504094e+04   0.000000e+00   4.069244e+05     30s
   67348    1.1504174e+04   0.000000e+00   3.740156e+05     35s
   70358    1.1504245e+04   0.000000e+00   3.451097e+05     40s
   72766    1.1504302e+04   0.000000e+00   4.447888e+05     45s
   75776    1.1504353e+04   0.000000e+00   2.658008e+05     51s
   77582    1.1504379e+04   0.000000e+00   2.209343e+05     55s
   79388    1.1504400e+04   0.000000e+00   2.325173e+05     61s
   81194    1.1504418e+04   0.000000e+00   1.621982e+05     66s
   83000    1.1504441e+04   0.000000e+00   3.147686e+05     71s
   84806    1.1504459e+04   0.000000e+00   1.050596e+06     76s
   86612    1.1504476e+04   0.000000e+00   4.539795e+05     82s
   87816    1.1504485e+04   0.000000e+00   9.588190e+04     85s
   89622    1.1504500e+04   0.000000e+00   1.627736e+05     90s
   91428    1.1504513e+04   0.000000e+00   1.665847e+05     95s
   93234    1.1504522e+04   0.000000e+00   4.243288e+05    100s
   95040    1.1504531e+04   0.000000e+00   5.677907e+05    105s
   96846    1.1504539e+04   0.000000e+00   1.752034e+05    110s
   99254    1.1504551e+04   0.000000e+00   2.647154e+05    116s
  100458    1.1504559e+04   0.000000e+00   4.161339e+05    120s
  102264    1.1504571e+04   0.000000e+00   9.761220e+06    127s
  103468    1.1504581e+04   0.000000e+00   2.704450e+05    131s
  104672    1.1504589e+04   0.000000e+00   5.075913e+05    135s
  106478    1.1504600e+04   0.000000e+00   2.618451e+06    142s
  107682    1.1504605e+04   0.000000e+00   2.852285e+05    147s
  108886    1.1504611e+04   0.000000e+00   2.613475e+05    152s
  109488    1.1504614e+04   0.000000e+00   3.795821e+05    155s
  110692    1.1504624e+04   0.000000e+00   6.128042e+05    161s
  111896    1.1504630e+04   0.000000e+00   3.722097e+05    167s
  113100    1.1504637e+04   0.000000e+00   2.386043e+05    172s
  114304    1.1504645e+04   0.000000e+00   4.855557e+06    176s
  115508    1.1504652e+04   0.000000e+00   2.085301e+05    181s
  116712    1.1504660e+04   0.000000e+00   3.163820e+05    187s
  117916    1.1504668e+04   0.000000e+00   1.761671e+06    191s
  119120    1.1504674e+04   0.000000e+00   2.088666e+05    196s
  120324    1.1504681e+04   0.000000e+00   2.032351e+05    202s
  121528    1.1504689e+04   0.000000e+00   2.285428e+05    208s
  122130    1.1504692e+04   0.000000e+00   4.218626e+05    210s
  123334    1.1504700e+04   0.000000e+00   5.079256e+05    216s
  124538    1.1504708e+04   0.000000e+00   3.640652e+05    221s
  125742    1.1504716e+04   0.000000e+00   1.111232e+06    226s
  126946    1.1504724e+04   0.000000e+00   5.265024e+05    231s
  128150    1.1504732e+04   0.000000e+00   1.210411e+05    236s
  129354    1.1504738e+04   0.000000e+00   2.924799e+05    242s
  130558    1.1504744e+04   0.000000e+00   2.316456e+05    248s
  131160    1.1504747e+04   0.000000e+00   2.274286e+05    251s
  132364    1.1504752e+04   0.000000e+00   1.373654e+05    257s
  132966    1.1504756e+04   0.000000e+00   5.804116e+05    260s
  134170    1.1504761e+04   0.000000e+00   2.124854e+05    266s
  135374    1.1504766e+04   0.000000e+00   8.748118e+05    273s
  135976    1.1504768e+04   0.000000e+00   3.255425e+05    276s
  136578    1.1504771e+04   0.000000e+00   2.667038e+05    280s
  137782    1.1504778e+04   0.000000e+00   3.236190e+06    286s
  138986    1.1504782e+04   0.000000e+00   1.361111e+05    293s
  139588    1.1504785e+04   0.000000e+00   1.498077e+05    296s
  140792    1.1504790e+04   0.000000e+00   2.876782e+05    302s
  141394    1.1504792e+04   0.000000e+00   2.125624e+05    306s
  142598    1.1504796e+04   0.000000e+00   3.848475e+05    312s
  143200    1.1504799e+04   0.000000e+00   8.575307e+05    315s
  144404    1.1504803e+04   0.000000e+00   1.890882e+05    322s
  145006    1.1504805e+04   0.000000e+00   1.298207e+05    326s
  145608    1.1504808e+04   0.000000e+00   4.737551e+05    330s
  146812    1.1504811e+04   0.000000e+00   1.532326e+05    338s
  147414    1.1504813e+04   0.000000e+00   3.855176e+05    341s
  148618    1.1504819e+04   0.000000e+00   1.598691e+05    348s
  149220    1.1504822e+04   0.000000e+00   3.095577e+05    352s
  149822    1.1504825e+04   0.000000e+00   2.394543e+05    355s
  151026    1.1504830e+04   0.000000e+00   2.387886e+05    362s
  151628    1.1504832e+04   0.000000e+00   7.846500e+05    366s
  152832    1.1504836e+04   0.000000e+00   8.188377e+05    373s
  153434    1.1504838e+04   0.000000e+00   3.161361e+05    377s
  154036    1.1504840e+04   0.000000e+00   2.677879e+05    381s
  155240    1.1504845e+04   0.000000e+00   9.777976e+04    388s
  155842    1.1504848e+04   0.000000e+00   4.684701e+05    392s
  156444    1.1504849e+04   0.000000e+00   2.532182e+05    396s
  157648    1.1504854e+04   0.000000e+00   1.143873e+05    403s
  158250    1.1504856e+04   0.000000e+00   2.331098e+05    407s
  158852    1.1504857e+04   0.000000e+00   1.164876e+05    411s
  159454    1.1504859e+04   0.000000e+00   3.312229e+05    416s
  160656    1.1504863e+04   0.000000e+00   1.595659e+05    424s
  161258    1.1504866e+04   0.000000e+00   2.326725e+06    429s
  161858    1.1504867e+04   0.000000e+00   2.147595e+05    433s
  162458    1.1504869e+04   0.000000e+00   1.197876e+05    438s
  163060    1.1504872e+04   0.000000e+00   5.253969e+05    443s
  163662    1.1504874e+04   0.000000e+00   1.335707e+06    447s
  164264    1.1504876e+04   0.000000e+00   2.114307e+05    451s
  164866    1.1504878e+04   0.000000e+00   8.503709e+04    455s
  166070    1.1504881e+04   0.000000e+00   2.447946e+05    464s
  166670    1.1504883e+04   0.000000e+00   2.994413e+05    469s
  167272    1.1504885e+04   0.000000e+00   2.224500e+06    473s
  167874    1.1504888e+04   0.000000e+00   3.211936e+05    477s
  168464    1.1504890e+04   0.000000e+00   1.602019e+05    482s
  169034    1.1504891e+04   0.000000e+00   2.308162e+05    487s
  169624    1.1504893e+04   0.000000e+00   2.681076e+05    492s
  170226    1.1504894e+04   0.000000e+00   1.140431e+06    496s
  170828    1.1504896e+04   0.000000e+00   1.862874e+05    500s
  172032    1.1504900e+04   0.000000e+00   2.461335e+05    509s
  172622    1.1504902e+04   0.000000e+00   3.018173e+05    514s
  173182    1.1504903e+04   0.000000e+00   4.305272e+05    518s
  173782    1.1504906e+04   0.000000e+00   2.871684e+05    523s
  174362    1.1504907e+04   0.000000e+00   1.474867e+05    528s
  174922    1.1504909e+04   0.000000e+00   6.422722e+05    533s
  175512    1.1504911e+04   0.000000e+00   1.239428e+06    537s
  176114    1.1504913e+04   0.000000e+00   1.489753e+05    542s
  176716    1.1504914e+04   0.000000e+00   6.355658e+05    546s
  177318    1.1504916e+04   0.000000e+00   1.441071e+05    550s
  178522    1.1504919e+04   0.000000e+00   3.759596e+05    559s
  179102    1.1504921e+04   0.000000e+00   2.241393e+05    564s
  179622    1.1504922e+04   0.000000e+00   2.731430e+06    568s
  180224    1.1504924e+04   0.000000e+00   3.655753e+05    573s
  180826    1.1504927e+04   0.000000e+00   1.171296e+05    578s
  181428    1.1504929e+04   0.000000e+00   1.316482e+06    582s
  182030    1.1504930e+04   0.000000e+00   1.754637e+05    587s
  182610    1.1504931e+04   0.000000e+00   5.265724e+05    591s
  183130    1.1504932e+04   0.000000e+00   9.952376e+04    596s
  183700    1.1504934e+04   0.000000e+00   3.615431e+05    601s
  184302    1.1504936e+04   0.000000e+00   2.504132e+05    605s
  185462    1.1504938e+04   0.000000e+00   1.595129e+05    615s
  186064    1.1504940e+04   0.000000e+00   4.895053e+05    619s
  186666    1.1504942e+04   0.000000e+00   1.286928e+05    623s
  187268    1.1504944e+04   0.000000e+00   4.931092e+05    628s
  187870    1.1504945e+04   0.000000e+00   9.857598e+04    632s
  188472    1.1504946e+04   0.000000e+00   1.526498e+05    637s
  189062    1.1504947e+04   0.000000e+00   2.197815e+05    642s
  189582    1.1504948e+04   0.000000e+00   2.108780e+05    646s
  190182    1.1504949e+04   0.000000e+00   2.963813e+05    651s
  190752    1.1504951e+04   0.000000e+00   1.499096e+05    655s
  191914    1.1504953e+04   0.000000e+00   2.325208e+05    665s
  192514    1.1504955e+04   0.000000e+00   2.011684e+05    669s
  193116    1.1504956e+04   0.000000e+00   1.111586e+05    674s
  193718    1.1504957e+04   0.000000e+00   1.495984e+05    678s
  194320    1.1504959e+04   0.000000e+00   1.516208e+05    682s
  194922    1.1504961e+04   0.000000e+00   3.198432e+05    687s
  195524    1.1504962e+04   0.000000e+00   4.594392e+05    691s
  196126    1.1504964e+04   0.000000e+00   3.690167e+05    696s
  196656    1.1504965e+04   0.000000e+00   1.920944e+05    700s
  197176    1.1504966e+04   0.000000e+00   9.404744e+04    705s
  198246    1.1504968e+04   0.000000e+00   3.926132e+05    714s
  198766    1.1504969e+04   0.000000e+00   5.112023e+05    719s
  199326    1.1504971e+04   0.000000e+00   3.049737e+05    724s
  199836    1.1504972e+04   0.000000e+00   3.473578e+05    728s
  200386    1.1504973e+04   0.000000e+00   1.671030e+05    733s
  200966    1.1504974e+04   0.000000e+00   1.991280e+05    738s
  201496    1.1504975e+04   0.000000e+00   2.690903e+05    742s
  202056    1.1504976e+04   0.000000e+00   2.537204e+05    747s
  202616    1.1504977e+04   0.000000e+00   3.107888e+05    752s
  203218    1.1504979e+04   0.000000e+00   4.369604e+05    757s
  203788    1.1504980e+04   0.000000e+00   1.806270e+05    761s
  204368    1.1504981e+04   0.000000e+00   1.961834e+05    766s
  204878    1.1504982e+04   0.000000e+00   2.664857e+05    771s
  205408    1.1504982e+04   0.000000e+00   2.500514e+05    775s
  205958    1.1504984e+04   0.000000e+00   3.744024e+05    780s
  207028    1.1504987e+04   0.000000e+00   1.768363e+05    790s
  207518    1.1504988e+04   0.000000e+00   3.093961e+05    794s
  208048    1.1504989e+04   0.000000e+00   1.569777e+05    799s
  208578    1.1504990e+04   0.000000e+00   3.284491e+05    804s
  209088    1.1504991e+04   0.000000e+00   1.098627e+05    808s
  209598    1.1504992e+04   0.000000e+00   2.055234e+05    813s
  210098    1.1504993e+04   0.000000e+00   5.990296e+05    817s
  210658    1.1504994e+04   0.000000e+00   2.251231e+05    822s
  211198    1.1504995e+04   0.000000e+00   5.087983e+05    827s
  211688    1.1504996e+04   0.000000e+00   1.433302e+05    831s
  212168    1.1504997e+04   0.000000e+00   8.490232e+04    836s
  212638    1.1504998e+04   0.000000e+00   1.445021e+05    840s
  213208    1.1504999e+04   0.000000e+00   1.348114e+05    845s
  213798    1.1505000e+04   0.000000e+00   1.917192e+05    850s
  214828    1.1505003e+04   0.000000e+00   1.489438e+05    859s
  215368    1.1505004e+04   0.000000e+00   1.010769e+05    864s
  215898    1.1505005e+04   0.000000e+00   2.262189e+05    868s
  216418    1.1505006e+04   0.000000e+00   2.225836e+05    873s
  216898    1.1505007e+04   0.000000e+00   2.443228e+05    878s
  217388    1.1505008e+04   0.000000e+00   2.271064e+05    882s
  217868    1.1505009e+04   0.000000e+00   1.825882e+05    887s
  218368    1.1505010e+04   0.000000e+00   1.596090e+05    891s
  218838    1.1505010e+04   0.000000e+00   3.261667e+05    896s
  219408    1.1505011e+04   0.000000e+00   4.302061e+06    901s
  219898    1.1505012e+04   0.000000e+00   3.699345e+05    906s
  220378    1.1505013e+04   0.000000e+00   6.607678e+05    910s
  221468    1.1505015e+04   0.000000e+00   3.139538e+05    920s
  221998    1.1505016e+04   0.000000e+00   1.605670e+05    924s
  222508    1.1505017e+04   0.000000e+00   6.939115e+04    929s
  223058    1.1505019e+04   0.000000e+00   2.240540e+05    934s
  223588    1.1505019e+04   0.000000e+00   2.267241e+05    938s
  224098    1.1505020e+04   0.000000e+00   1.710086e+05    943s
  224628    1.1505021e+04   0.000000e+00   2.796830e+05    948s
  225148    1.1505022e+04   0.000000e+00   1.220187e+05    952s
  225688    1.1505023e+04   0.000000e+00   5.781511e+05    957s
  226198    1.1505024e+04   0.000000e+00   2.966767e+05    962s
  226648    1.1505024e+04   0.000000e+00   4.732710e+05    966s
  227108    1.1505025e+04   0.000000e+00   3.393313e+05    971s
  227618    1.1505026e+04   0.000000e+00   3.684736e+05    976s
  228148    1.1505027e+04   0.000000e+00   2.218534e+05    980s
  229108    1.1505029e+04   0.000000e+00   1.267767e+05    990s
  229598    1.1505029e+04   0.000000e+00   3.629578e+06    994s
  230118    1.1505030e+04   0.000000e+00   1.004846e+05    999s
  230608    1.1505031e+04   0.000000e+00   2.192041e+05   1004s
  231088    1.1505032e+04   0.000000e+00   2.153377e+05   1008s
  231578    1.1505033e+04   0.000000e+00   2.775351e+05   1013s
  232138    1.1505034e+04   0.000000e+00   1.170015e+05   1018s
  232658    1.1505035e+04   0.000000e+00   1.097464e+05   1022s
  233168    1.1505036e+04   0.000000e+00   6.632237e+04   1027s
  233708    1.1505037e+04   0.000000e+00   9.602344e+05   1032s
  234258    1.1505038e+04   0.000000e+00   1.699751e+05   1036s
  234808    1.1505038e+04   0.000000e+00   3.394504e+05   1041s
  235318    1.1505039e+04   0.000000e+00   5.707693e+05   1046s
  235828    1.1505040e+04   0.000000e+00   8.003680e+04   1050s
  236828    1.1505042e+04   0.000000e+00   5.645500e+04   1060s
  237318    1.1505043e+04   0.000000e+00   1.221137e+05   1064s
  237818    1.1505043e+04   0.000000e+00   9.576328e+04   1069s
  238318    1.1505044e+04   0.000000e+00   3.603850e+05   1073s
  238828    1.1505045e+04   0.000000e+00   4.250011e+05   1078s
  239368    1.1505045e+04   0.000000e+00   4.037938e+05   1083s
  239958    1.1505046e+04   0.000000e+00   2.070880e+05   1087s
  240518    1.1505047e+04   0.000000e+00   1.207078e+05   1092s
  241048    1.1505048e+04   0.000000e+00   4.167820e+05   1097s
  241538    1.1505048e+04   0.000000e+00   7.098497e+04   1101s
  242138    1.1505049e+04   0.000000e+00   4.636798e+05   1106s
  242740    1.1505050e+04   0.000000e+00   9.387256e+05   1111s
  243342    1.1505051e+04   0.000000e+00   1.610643e+05   1115s
  244544    1.1505053e+04   0.000000e+00   1.091270e+05   1124s
  245054    1.1505053e+04   0.000000e+00   1.635239e+05   1129s
  245564    1.1505054e+04   0.000000e+00   1.535088e+05   1134s
  246084    1.1505055e+04   0.000000e+00   1.324830e+05   1138s
  246604    1.1505056e+04   0.000000e+00   1.044282e+05   1143s
  247124    1.1505057e+04   0.000000e+00   7.697167e+05   1148s
  247624    1.1505057e+04   0.000000e+00   5.576073e+04   1152s
  248104    1.1505058e+04   0.000000e+00   9.180357e+04   1157s
  248654    1.1505059e+04   0.000000e+00   1.530184e+05   1162s
  249224    1.1505060e+04   0.000000e+00   1.416758e+05   1166s
  249744    1.1505061e+04   0.000000e+00   1.719887e+05   1171s
  250214    1.1505061e+04   0.000000e+00   1.059659e+05   1176s
  250694    1.1505062e+04   0.000000e+00   7.878913e+04   1180s
  251674    1.1505064e+04   0.000000e+00   1.129843e+05   1190s
  252174    1.1505064e+04   0.000000e+00   1.229660e+05   1194s
  252704    1.1505065e+04   0.000000e+00   1.729899e+05   1199s
  253214    1.1505066e+04   0.000000e+00   8.241837e+04   1204s
  253754    1.1505067e+04   0.000000e+00   1.587291e+05   1208s
  254224    1.1505067e+04   0.000000e+00   7.934627e+04   1213s
  254744    1.1505068e+04   0.000000e+00   1.547885e+05   1217s
  255244    1.1505069e+04   0.000000e+00   9.909251e+04   1222s
  255744    1.1505069e+04   0.000000e+00   1.674530e+05   1227s
  256264    1.1505070e+04   0.000000e+00   6.996433e+04   1231s
  256784    1.1505071e+04   0.000000e+00   2.292071e+05   1236s
  257334    1.1505072e+04   0.000000e+00   1.769221e+05   1241s
  257834    1.1505072e+04   0.000000e+00   7.360604e+04   1245s
  258904    1.1505074e+04   0.000000e+00   2.726490e+05   1254s
  259414    1.1505075e+04   0.000000e+00   3.968426e+05   1259s
  259974    1.1505076e+04   0.000000e+00   6.985095e+04   1264s
  260564    1.1505077e+04   0.000000e+00   1.250598e+05   1269s
  261134    1.1505078e+04   0.000000e+00   4.773545e+05   1273s
  261634    1.1505078e+04   0.000000e+00   1.899303e+05   1278s
  262124    1.1505079e+04   0.000000e+00   3.341763e+05   1283s
  262664    1.1505080e+04   0.000000e+00   3.580674e+05   1287s
  263224    1.1505081e+04   0.000000e+00   5.871790e+04   1292s
  263744    1.1505082e+04   0.000000e+00   7.993646e+04   1297s
  264224    1.1505082e+04   0.000000e+00   8.322795e+04   1301s
  264694    1.1505083e+04   0.000000e+00   8.048754e+04   1306s
  265224    1.1505083e+04   0.000000e+00   2.651804e+05   1311s
  265724    1.1505084e+04   0.000000e+00   9.339324e+04   1316s
  266224    1.1505085e+04   0.000000e+00   4.886462e+05   1320s
  267264    1.1505086e+04   0.000000e+00   4.157474e+05   1330s
  267764    1.1505086e+04   0.000000e+00   6.704781e+04   1334s
  268304    1.1505087e+04   0.000000e+00   1.521558e+05   1339s
  268824    1.1505088e+04   0.000000e+00   1.260913e+05   1344s
  269294    1.1505089e+04   0.000000e+00   1.273856e+05   1348s
  269764    1.1505089e+04   0.000000e+00   9.537565e+04   1353s
  270244    1.1505090e+04   0.000000e+00   2.830374e+05   1358s
  270734    1.1505091e+04   0.000000e+00   1.329434e+05   1362s
  271244    1.1505091e+04   0.000000e+00   1.006264e+05   1367s
  271814    1.1505092e+04   0.000000e+00   8.107146e+04   1372s
  272364    1.1505093e+04   0.000000e+00   1.211948e+05   1376s
  272874    1.1505094e+04   0.000000e+00   3.184234e+05   1381s
  273394    1.1505094e+04   0.000000e+00   7.663978e+04   1386s
  273874    1.1505095e+04   0.000000e+00   8.545436e+04   1390s
  274854    1.1505096e+04   0.000000e+00   7.154568e+04   1399s
  275374    1.1505097e+04   0.000000e+00   1.243155e+05   1404s
  275894    1.1505097e+04   0.000000e+00   1.244022e+05   1409s
  276364    1.1505098e+04   0.000000e+00   7.290045e+04   1413s
  276884    1.1505098e+04   0.000000e+00   1.640790e+05   1418s
  277394    1.1505099e+04   0.000000e+00   8.986992e+04   1423s
  277874    1.1505099e+04   0.000000e+00   1.465904e+05   1427s
  278354    1.1505100e+04   0.000000e+00   2.183685e+05   1432s
  278824    1.1505100e+04   0.000000e+00   1.392877e+05   1437s
  279304    1.1505101e+04   0.000000e+00   8.608499e+04   1441s
  279764    1.1505101e+04   0.000000e+00   1.236165e+05   1446s
  280224    1.1505102e+04   0.000000e+00   1.536521e+05   1450s
  280724    1.1505103e+04   0.000000e+00   1.211863e+05   1455s
  281664    1.1505104e+04   0.000000e+00   3.260912e+05   1464s
  282194    1.1505104e+04   0.000000e+00   1.167795e+05   1469s
  282764    1.1505105e+04   0.000000e+00   8.129382e+04   1474s
  283324    1.1505106e+04   0.000000e+00   5.091151e+04   1479s
  283854    1.1505106e+04   0.000000e+00   7.340614e+04   1483s
  284314    1.1505107e+04   0.000000e+00   4.704811e+04   1488s
  284814    1.1505108e+04   0.000000e+00   2.318357e+05   1493s
  285314    1.1505108e+04   0.000000e+00   2.248909e+05   1497s
  285814    1.1505109e+04   0.000000e+00   1.639618e+05   1502s
  286334    1.1505110e+04   0.000000e+00   4.110300e+04   1507s
  286804    1.1505110e+04   0.000000e+00   9.900520e+04   1511s
  287294    1.1505111e+04   0.000000e+00   1.154124e+05   1516s
  287804    1.1505111e+04   0.000000e+00   1.567129e+05   1520s
  288314    1.1505112e+04   0.000000e+00   4.224762e+04   1525s
  289344    1.1505113e+04   0.000000e+00   4.045885e+05   1534s
  289844    1.1505113e+04   0.000000e+00   3.900568e+04   1539s
  290354    1.1505114e+04   0.000000e+00   4.411007e+04   1544s
  290894    1.1505114e+04   0.000000e+00   9.161557e+04   1549s
  291374    1.1505115e+04   0.000000e+00   1.079569e+05   1553s
  291814    1.1505115e+04   0.000000e+00   1.091938e+05   1558s
  292284    1.1505115e+04   0.000000e+00   5.078089e+05   1562s
  292764    1.1505116e+04   0.000000e+00   3.615524e+04   1567s
  293224    1.1505116e+04   0.000000e+00   4.735442e+04   1572s
  293644    1.1505117e+04   0.000000e+00   1.009354e+05   1576s
  294154    1.1505117e+04   0.000000e+00   8.764823e+04   1581s
  294714    1.1505118e+04   0.000000e+00   1.003601e+05   1586s
  295254    1.1505118e+04   0.000000e+00   4.450105e+04   1590s
  295784    1.1505119e+04   0.000000e+00   5.544903e+04   1595s
  296804    1.1505120e+04   0.000000e+00   6.423566e+04   1604s
  297294    1.1505120e+04   0.000000e+00   7.143319e+04   1609s
  297844    1.1505121e+04   0.000000e+00   1.006143e+05   1614s
  298344    1.1505122e+04   0.000000e+00   1.032870e+05   1618s
  298804    1.1505122e+04   0.000000e+00   7.401227e+04   1623s
  299314    1.1505122e+04   0.000000e+00   5.001334e+04   1628s
  299784    1.1505123e+04   0.000000e+00   1.283647e+05   1632s
  300224    1.1505123e+04   0.000000e+00   1.321700e+05   1637s
  300684    1.1505124e+04   0.000000e+00   9.935456e+04   1641s
  301144    1.1505124e+04   0.000000e+00   3.857828e+04   1646s
  301614    1.1505124e+04   0.000000e+00   6.560839e+04   1650s
  302514    1.1505125e+04   0.000000e+00   6.248592e+04   1659s
  302974    1.1505126e+04   0.000000e+00   2.113269e+05   1664s
  303454    1.1505126e+04   0.000000e+00   1.498947e+05   1669s
  303944    1.1505127e+04   0.000000e+00   9.281932e+04   1673s
  304454    1.1505127e+04   0.000000e+00   1.375861e+05   1678s
  304924    1.1505127e+04   0.000000e+00   5.565243e+04   1682s
  305384    1.1505128e+04   0.000000e+00   6.349884e+04   1687s
  305864    1.1505128e+04   0.000000e+00   1.200281e+05   1692s
  306344    1.1505129e+04   0.000000e+00   1.022887e+05   1696s
  306814    1.1505129e+04   0.000000e+00   1.278236e+05   1701s
  307254    1.1505129e+04   0.000000e+00   4.102916e+04   1705s
  307684    1.1505130e+04   0.000000e+00   3.720229e+04   1710s
  308664    1.1505131e+04   0.000000e+00   6.119376e+04   1719s
  309164    1.1505131e+04   0.000000e+00   1.356802e+05   1724s
  309634    1.1505131e+04   0.000000e+00   6.993331e+04   1728s
  310134    1.1505132e+04   0.000000e+00   9.275446e+04   1733s
  310654    1.1505132e+04   0.000000e+00   1.161923e+05   1737s
  311204    1.1505133e+04   0.000000e+00   6.375830e+04   1742s
  311744    1.1505133e+04   0.000000e+00   4.873790e+04   1747s
  312264    1.1505134e+04   0.000000e+00   9.722333e+04   1751s
  312744    1.1505134e+04   0.000000e+00   4.299822e+04   1756s
  313254    1.1505135e+04   0.000000e+00   1.093304e+05   1761s
  313774    1.1505135e+04   0.000000e+00   5.944258e+04   1765s
  314754    1.1505136e+04   0.000000e+00   3.318834e+04   1774s
  315214    1.1505137e+04   0.000000e+00   3.131234e+04   1779s
  315724    1.1505137e+04   0.000000e+00   1.137745e+05   1783s
  316204    1.1505138e+04   0.000000e+00   3.549491e+04   1788s
  316754    1.1505138e+04   0.000000e+00   1.316011e+05   1793s
  317254    1.1505139e+04   0.000000e+00   7.934250e+04   1797s
  317744    1.1505139e+04   0.000000e+00   7.073423e+04   1802s
  318194    1.1505140e+04   0.000000e+00   2.338864e+05   1806s
  318704    1.1505140e+04   0.000000e+00   1.026317e+05   1811s
  319254    1.1505141e+04   0.000000e+00   4.201721e+04   1816s
  319856    1.1505141e+04   0.000000e+00   4.620349e+05   1820s
  321060    1.1505142e+04   0.000000e+00   3.859433e+04   1829s
  321620    1.1505143e+04   0.000000e+00   7.164755e+04   1834s
  322222    1.1505143e+04   0.000000e+00   3.730615e+04   1838s
  322822    1.1505144e+04   0.000000e+00   3.432663e+04   1843s
  323402    1.1505145e+04   0.000000e+00   6.248375e+04   1848s
  323972    1.1505145e+04   0.000000e+00   9.259799e+04   1852s
  324542    1.1505146e+04   0.000000e+00   1.162983e+05   1857s
  325012    1.1505146e+04   0.000000e+00   3.710401e+04   1862s
  325512    1.1505147e+04   0.000000e+00   6.786668e+04   1866s
  326012    1.1505147e+04   0.000000e+00   3.651571e+04   1871s
  326502    1.1505147e+04   0.000000e+00   4.859490e+04   1875s
  327022    1.1505148e+04   0.000000e+00   3.976336e+04   1880s
  328012    1.1505149e+04   0.000000e+00   9.435598e+04   1889s
  328502    1.1505149e+04   0.000000e+00   4.575533e+04   1894s
  328982    1.1505149e+04   0.000000e+00   3.438674e+05   1898s
  329442    1.1505150e+04   0.000000e+00   7.274296e+04   1903s
  329902    1.1505150e+04   0.000000e+00   4.661482e+04   1907s
  330402    1.1505151e+04   0.000000e+00   1.098804e+05   1912s
  330862    1.1505151e+04   0.000000e+00   8.897772e+04   1916s
  331332    1.1505152e+04   0.000000e+00   6.994563e+04   1921s
  331802    1.1505152e+04   0.000000e+00   5.845145e+04   1926s
  332292    1.1505152e+04   0.000000e+00   3.309248e+04   1930s
  333312    1.1505153e+04   0.000000e+00   4.059479e+04   1940s
  333832    1.1505154e+04   0.000000e+00   8.080628e+04   1944s
  334352    1.1505154e+04   0.000000e+00   4.242759e+04   1949s
  334892    1.1505155e+04   0.000000e+00   3.390265e+04   1953s
  335432    1.1505155e+04   0.000000e+00   1.010292e+05   1958s
  335982    1.1505155e+04   0.000000e+00   7.131031e+04   1963s
  336482    1.1505156e+04   0.000000e+00   2.601167e+04   1967s
  337012    1.1505156e+04   0.000000e+00   5.903979e+04   1972s
  337522    1.1505156e+04   0.000000e+00   4.421117e+04   1977s
  338052    1.1505157e+04   0.000000e+00   3.480257e+04   1981s
  338582    1.1505157e+04   0.000000e+00   7.157030e+04   1986s
  339102    1.1505158e+04   0.000000e+00   3.910992e+04   1991s
  339632    1.1505158e+04   0.000000e+00   3.785574e+04   1995s
  340652    1.1505159e+04   0.000000e+00   5.023266e+04   2004s
  341142    1.1505159e+04   0.000000e+00   2.888015e+04   2009s
  341622    1.1505160e+04   0.000000e+00   4.409468e+04   2014s
  342102    1.1505160e+04   0.000000e+00   3.175048e+04   2018s
  342582    1.1505160e+04   0.000000e+00   2.851080e+04   2023s
  343052    1.1505161e+04   0.000000e+00   7.211526e+04   2027s
  343582    1.1505161e+04   0.000000e+00   1.224447e+05   2032s
  344072    1.1505161e+04   0.000000e+00   8.479953e+04   2037s
  344572    1.1505162e+04   0.000000e+00   3.847122e+05   2041s
  345082    1.1505162e+04   0.000000e+00   2.484727e+04   2046s
  345562    1.1505163e+04   0.000000e+00   3.036900e+04   2051s
  346052    1.1505163e+04   0.000000e+00   5.654124e+04   2055s
  347082    1.1505164e+04   0.000000e+00   1.116731e+05   2064s
  347602    1.1505164e+04   0.000000e+00   1.053560e+05   2069s
  348162    1.1505165e+04   0.000000e+00   3.183751e+04   2074s
  348682    1.1505165e+04   0.000000e+00   1.665061e+05   2078s
  349172    1.1505165e+04   0.000000e+00   5.214815e+04   2083s
  349672    1.1505166e+04   0.000000e+00   2.422155e+04   2088s
  350122    1.1505166e+04   0.000000e+00   1.073190e+05   2092s
  350582    1.1505166e+04   0.000000e+00   3.558902e+04   2097s
  351052    1.1505167e+04   0.000000e+00   6.307347e+04   2101s
  351582    1.1505167e+04   0.000000e+00   4.002182e+04   2106s
  352092    1.1505168e+04   0.000000e+00   6.247253e+04   2111s
  352572    1.1505168e+04   0.000000e+00   2.790460e+04   2115s
  353452    1.1505169e+04   0.000000e+00   4.986627e+04   2124s
  353922    1.1505169e+04   0.000000e+00   3.962215e+04   2129s
  354422    1.1505169e+04   0.000000e+00   3.986734e+04   2134s
  354922    1.1505170e+04   0.000000e+00   4.452194e+04   2138s
  355382    1.1505170e+04   0.000000e+00   1.054517e+05   2143s
  355852    1.1505170e+04   0.000000e+00   1.727060e+04   2147s
  356342    1.1505171e+04   0.000000e+00   2.390254e+04   2152s
  356852    1.1505171e+04   0.000000e+00   4.384892e+04   2157s
  357302    1.1505171e+04   0.000000e+00   5.131683e+04   2161s
  357802    1.1505172e+04   0.000000e+00   5.861601e+04   2166s
  358302    1.1505172e+04   0.000000e+00   5.172037e+04   2170s
  359312    1.1505173e+04   0.000000e+00   3.761923e+04   2179s
  359812    1.1505173e+04   0.000000e+00   2.840608e+04   2184s
  360282    1.1505174e+04   0.000000e+00   1.647036e+05   2188s
  360752    1.1505174e+04   0.000000e+00   4.956836e+04   2193s
  361252    1.1505175e+04   0.000000e+00   3.876032e+04   2198s
  361722    1.1505175e+04   0.000000e+00   2.473432e+04   2202s
  362202    1.1505175e+04   0.000000e+00   4.066561e+04   2207s
  362702    1.1505176e+04   0.000000e+00   4.148409e+04   2211s
  363202    1.1505176e+04   0.000000e+00   2.661337e+04   2216s
  363692    1.1505176e+04   0.000000e+00   4.822809e+04   2221s
  364192    1.1505177e+04   0.000000e+00   2.762676e+04   2225s
  365152    1.1505177e+04   0.000000e+00   5.299352e+04   2234s
  365592    1.1505178e+04   0.000000e+00   2.362584e+04   2239s
  366022    1.1505178e+04   0.000000e+00   4.936277e+04   2243s
  366462    1.1505178e+04   0.000000e+00   1.223768e+05   2248s
  366932    1.1505178e+04   0.000000e+00   1.711600e+04   2252s
  367412    1.1505179e+04   0.000000e+00   4.795740e+04   2257s
  367862    1.1505179e+04   0.000000e+00   2.923325e+04   2261s
  368302    1.1505179e+04   0.000000e+00   3.430641e+04   2266s
  368742    1.1505179e+04   0.000000e+00   2.006105e+04   2270s
  369712    1.1505180e+04   0.000000e+00   2.260909e+04   2279s
  370192    1.1505180e+04   0.000000e+00   1.308719e+04   2284s
  370672    1.1505181e+04   0.000000e+00   6.824284e+04   2289s
  371152    1.1505181e+04   0.000000e+00   3.854589e+04   2293s
  371602    1.1505181e+04   0.000000e+00   3.478462e+04   2298s
  372042    1.1505182e+04   0.000000e+00   6.480856e+04   2302s
  372512    1.1505182e+04   0.000000e+00   1.805330e+04   2307s
  372992    1.1505182e+04   0.000000e+00   1.120735e+05   2312s
  373462    1.1505182e+04   0.000000e+00   2.408596e+04   2316s
  373902    1.1505183e+04   0.000000e+00   9.170784e+04   2321s
  374362    1.1505183e+04   0.000000e+00   2.599729e+04   2325s
  375252    1.1505183e+04   0.000000e+00   4.242965e+04   2334s
  375732    1.1505184e+04   0.000000e+00   3.500921e+04   2339s
  376182    1.1505184e+04   0.000000e+00   1.643256e+04   2343s
  376672    1.1505184e+04   0.000000e+00   2.934655e+04   2348s
  377182    1.1505184e+04   0.000000e+00   2.365250e+04   2353s
  377662    1.1505185e+04   0.000000e+00   2.090280e+04   2357s
  378132    1.1505185e+04   0.000000e+00   3.620095e+04   2362s
  378602    1.1505185e+04   0.000000e+00   2.438213e+05   2366s
  379062    1.1505185e+04   0.000000e+00   8.174191e+03   2371s
  379532    1.1505186e+04   0.000000e+00   3.720421e+04   2375s
  380462    1.1505186e+04   0.000000e+00   6.497445e+04   2384s
  380902    1.1505186e+04   0.000000e+00   7.530724e+04   2389s
  381362    1.1505187e+04   0.000000e+00   1.604680e+04   2393s
  381812    1.1505187e+04   0.000000e+00   3.160158e+04   2398s
  382282    1.1505187e+04   0.000000e+00   2.457016e+04   2403s
  382762    1.1505188e+04   0.000000e+00   2.706907e+04   2407s
  383252    1.1505188e+04   0.000000e+00   1.932898e+04   2412s
  383742    1.1505188e+04   0.000000e+00   1.243435e+04   2416s
  384212    1.1505188e+04   0.000000e+00   1.140671e+04   2421s
  384702    1.1505189e+04   0.000000e+00   4.806632e+04   2425s
  385672    1.1505189e+04   0.000000e+00   3.782990e+04   2434s
  386142    1.1505189e+04   0.000000e+00   4.832958e+04   2439s
  386652    1.1505189e+04   0.000000e+00   6.412738e+04   2444s
  387162    1.1505190e+04   0.000000e+00   3.302279e+04   2448s
  387672    1.1505190e+04   0.000000e+00   2.593542e+04   2453s
  388162    1.1505190e+04   0.000000e+00   7.219348e+04   2457s
  388602    1.1505191e+04   0.000000e+00   1.348373e+04   2462s
  389072    1.1505191e+04   0.000000e+00   4.422986e+04   2466s
  389562    1.1505191e+04   0.000000e+00   2.728401e+04   2471s
  390022    1.1505191e+04   0.000000e+00   4.013574e+04   2475s
  390932    1.1505192e+04   0.000000e+00   1.577723e+04   2484s
  391452    1.1505192e+04   0.000000e+00   3.345841e+04   2489s
  391952    1.1505192e+04   0.000000e+00   2.099382e+04   2493s
  392432    1.1505193e+04   0.000000e+00   3.573733e+04   2498s
  392882    1.1505193e+04   0.000000e+00   5.464819e+04   2502s
  393402    1.1505193e+04   0.000000e+00   5.006822e+04   2507s
  393902    1.1505193e+04   0.000000e+00   1.893943e+04   2512s
  394392    1.1505193e+04   0.000000e+00   2.716061e+04   2516s
  394872    1.1505194e+04   0.000000e+00   7.453919e+04   2521s
  395342    1.1505194e+04   0.000000e+00   7.695884e+04   2525s
  396292    1.1505194e+04   0.000000e+00   4.250980e+04   2534s
  396742    1.1505195e+04   0.000000e+00   1.046724e+04   2539s
  397202    1.1505195e+04   0.000000e+00   4.629557e+04   2543s
  397702    1.1505195e+04   0.000000e+00   5.509980e+04   2548s
  398182    1.1505195e+04   0.000000e+00   1.129609e+04   2552s
  398632    1.1505195e+04   0.000000e+00   9.865763e+03   2557s
  399082    1.1505196e+04   0.000000e+00   1.496474e+04   2562s
  399562    1.1505196e+04   0.000000e+00   2.402544e+04   2566s
  400032    1.1505196e+04   0.000000e+00   1.733846e+04   2571s
  400512    1.1505196e+04   0.000000e+00   3.904489e+04   2575s
  401042    1.1505196e+04   0.000000e+00   3.425603e+04   2580s
  402012    1.1505197e+04   0.000000e+00   1.342536e+04   2589s
  402452    1.1505197e+04   0.000000e+00   1.775474e+04   2593s
  402872    1.1505197e+04   0.000000e+00   3.342632e+04   2598s
  403312    1.1505197e+04   0.000000e+00   3.679102e+04   2602s
  403752    1.1505197e+04   0.000000e+00   3.118616e+04   2607s
  404212    1.1505198e+04   0.000000e+00   1.455766e+04   2611s
  404702    1.1505198e+04   0.000000e+00   1.513118e+04   2616s
  405182    1.1505198e+04   0.000000e+00   8.764911e+03   2620s
  405642    1.1505198e+04   0.000000e+00   1.084211e+04   2625s
  406552    1.1505198e+04   0.000000e+00   1.729449e+04   2634s
  407022    1.1505199e+04   0.000000e+00   1.019557e+04   2638s
  407502    1.1505199e+04   0.000000e+00   3.912847e+04   2643s
  407982    1.1505199e+04   0.000000e+00   2.686347e+04   2648s
  408452    1.1505199e+04   0.000000e+00   2.443952e+04   2652s
  408922    1.1505200e+04   0.000000e+00   1.988325e+04   2657s
  409432    1.1505200e+04   0.000000e+00   1.350277e+04   2661s
  409942    1.1505200e+04   0.000000e+00   1.126061e+04   2666s
  410412    1.1505200e+04   0.000000e+00   4.328353e+04   2670s
  411352    1.1505201e+04   0.000000e+00   2.214997e+04   2679s
  411862    1.1505201e+04   0.000000e+00   3.071480e+04   2684s
  412342    1.1505201e+04   0.000000e+00   1.592900e+04   2688s
  412802    1.1505201e+04   0.000000e+00   2.144835e+04   2693s
  413222    1.1505201e+04   0.000000e+00   1.428318e+04   2697s
  413632    1.1505201e+04   0.000000e+00   1.428138e+04   2702s
  414072    1.1505202e+04   0.000000e+00   2.144082e+04   2706s
  414512    1.1505202e+04   0.000000e+00   2.639393e+04   2711s
  414962    1.1505202e+04   0.000000e+00   3.452959e+04   2715s
  415892    1.1505202e+04   0.000000e+00   1.461002e+04   2724s
  416362    1.1505202e+04   0.000000e+00   1.392354e+04   2729s
  416822    1.1505203e+04   0.000000e+00   1.124318e+04   2733s
  417262    1.1505203e+04   0.000000e+00   2.356831e+04   2738s
  417732    1.1505203e+04   0.000000e+00   3.120658e+04   2742s
  418162    1.1505203e+04   0.000000e+00   1.994779e+04   2747s
  418642    1.1505203e+04   0.000000e+00   3.546178e+04   2751s
  419092    1.1505203e+04   0.000000e+00   1.192664e+04   2756s
  419572    1.1505204e+04   0.000000e+00   1.073070e+04   2760s
  420022    1.1505204e+04   0.000000e+00   1.134652e+04   2765s
  420962    1.1505204e+04   0.000000e+00   6.415036e+03   2774s
  421422    1.1505204e+04   0.000000e+00   1.066679e+04   2778s
  421872    1.1505204e+04   0.000000e+00   3.501106e+04   2783s
  422312    1.1505204e+04   0.000000e+00   1.252096e+04   2787s
  422752    1.1505205e+04   0.000000e+00   1.349017e+04   2792s
  423232    1.1505205e+04   0.000000e+00   9.568058e+03   2796s
  423672    1.1505205e+04   0.000000e+00   1.225885e+04   2801s
  424102    1.1505205e+04   0.000000e+00   1.745780e+04   2805s
  425022    1.1505205e+04   0.000000e+00   2.041407e+04   2814s
  425522    1.1505206e+04   0.000000e+00   9.089227e+03   2819s
  425972    1.1505206e+04   0.000000e+00   5.876032e+04   2823s
  426432    1.1505206e+04   0.000000e+00   2.359132e+05   2828s
  426902    1.1505206e+04   0.000000e+00   9.881931e+03   2832s
  427402    1.1505206e+04   0.000000e+00   8.829235e+03   2837s
  427912    1.1505207e+04   0.000000e+00   1.077118e+04   2842s
  428422    1.1505207e+04   0.000000e+00   1.107576e+04   2846s
  428922    1.1505207e+04   0.000000e+00   9.514643e+03   2851s
  429392    1.1505207e+04   0.000000e+00   4.365291e+04   2855s
  430302    1.1505207e+04   0.000000e+00   6.017318e+03   2864s
  430772    1.1505208e+04   0.000000e+00   1.571879e+04   2868s
  431192    1.1505208e+04   0.000000e+00   5.210266e+04   2873s
  431612    1.1505208e+04   0.000000e+00   3.734663e+04   2877s
  432032    1.1505208e+04   0.000000e+00   9.805298e+03   2882s
  432492    1.1505208e+04   0.000000e+00   1.990325e+04   2886s
  432962    1.1505208e+04   0.000000e+00   2.761981e+04   2891s
  433412    1.1505208e+04   0.000000e+00   2.049298e+04   2896s
  434282    1.1505209e+04   0.000000e+00   4.414728e+04   2904s
  434752    1.1505209e+04   0.000000e+00   2.660163e+04   2909s
  435202    1.1505209e+04   0.000000e+00   2.163616e+04   2913s
  435662    1.1505209e+04   0.000000e+00   4.892929e+04   2918s
  436192    1.1505209e+04   0.000000e+00   7.335837e+03   2922s
  436672    1.1505210e+04   0.000000e+00   1.662615e+04   2927s
  437182    1.1505210e+04   0.000000e+00   8.094322e+03   2931s
  437692    1.1505210e+04   0.000000e+00   5.151306e+04   2936s
  438192    1.1505210e+04   0.000000e+00   9.365953e+03   2941s
  438662    1.1505210e+04   0.000000e+00   5.301124e+03   2945s
  439602    1.1505211e+04   0.000000e+00   8.438795e+03   2954s
  440042    1.1505211e+04   0.000000e+00   1.826149e+04   2959s
  440512    1.1505211e+04   0.000000e+00   7.349772e+03   2963s
  440962    1.1505211e+04   0.000000e+00   1.778530e+04   2967s
  441392    1.1505211e+04   0.000000e+00   5.881368e+04   2972s
  441832    1.1505211e+04   0.000000e+00   2.216927e+04   2976s
  442252    1.1505211e+04   0.000000e+00   8.329804e+03   2980s
  443152    1.1505212e+04   0.000000e+00   2.250952e+04   2989s
  443622    1.1505212e+04   0.000000e+00   1.127212e+04   2994s
  444102    1.1505212e+04   0.000000e+00   9.232170e+03   2998s
  444582    1.1505212e+04   0.000000e+00   5.546324e+04   3003s
  445062    1.1505212e+04   0.000000e+00   1.674896e+04   3007s
  445552    1.1505212e+04   0.000000e+00   8.021397e+03   3012s
  446012    1.1505212e+04   0.000000e+00   1.621257e+04   3016s
  446472    1.1505213e+04   0.000000e+00   8.461975e+03   3021s
  447362    1.1505213e+04   0.000000e+00   7.776209e+03   3029s
  447822    1.1505213e+04   0.000000e+00   6.269552e+03   3034s
  448272    1.1505213e+04   0.000000e+00   1.661516e+04   3038s
  448702    1.1505213e+04   0.000000e+00   1.548720e+04   3043s
  449192    1.1505213e+04   0.000000e+00   4.296716e+03   3047s
  449692    1.1505213e+04   0.000000e+00   5.396449e+04   3052s
  450152    1.1505214e+04   0.000000e+00   4.382821e+03   3056s
  450612    1.1505214e+04   0.000000e+00   1.722894e+04   3061s
  451622    1.1505214e+04   0.000000e+00   7.189200e+03   3069s
  452072    1.1505214e+04   0.000000e+00   6.884918e+03   3074s
  452552    1.1505214e+04   0.000000e+00   3.389952e+03   3078s
  453032    1.1505214e+04   0.000000e+00   1.652936e+04   3083s
  453522    1.1505214e+04   0.000000e+00   1.287527e+04   3087s
  453982    1.1505215e+04   0.000000e+00   4.243914e+03   3092s
  454462    1.1505215e+04   0.000000e+00   1.660351e+04   3096s
  454982    1.1505215e+04   0.000000e+00   7.219672e+03   3101s
  455452    1.1505215e+04   0.000000e+00   7.174366e+03   3105s
  456492    1.1505215e+04   0.000000e+00   5.935130e+03   3114s
  456952    1.1505215e+04   0.000000e+00   4.467941e+03   3119s
  457412    1.1505215e+04   0.000000e+00   3.807322e+03   3123s
  457852    1.1505215e+04   0.000000e+00   3.048623e+03   3127s
  458312    1.1505216e+04   0.000000e+00   2.121031e+04   3132s
  458802    1.1505216e+04   0.000000e+00   1.394101e+04   3136s
  459262    1.1505216e+04   0.000000e+00   6.117737e+03   3141s
  459712    1.1505216e+04   0.000000e+00   1.984430e+04   3145s
  460632    1.1505216e+04   0.000000e+00   4.459364e+03   3154s
  461072    1.1505216e+04   0.000000e+00   1.051515e+04   3158s
  461492    1.1505216e+04   0.000000e+00   3.134568e+03   3163s
  461932    1.1505216e+04   0.000000e+00   5.292999e+03   3167s
  462382    1.1505216e+04   0.000000e+00   5.524296e+03   3171s
  462802    1.1505216e+04   0.000000e+00   2.561579e+03   3176s
  463252    1.1505216e+04   0.000000e+00   6.108486e+03   3180s
  464182    1.1505217e+04   0.000000e+00   3.608951e+03   3189s
  464612    1.1505217e+04   0.000000e+00   5.723895e+03   3193s
  465072    1.1505217e+04   0.000000e+00   9.199469e+03   3198s
  465542    1.1505217e+04   0.000000e+00   8.310864e+03   3202s
  465982    1.1505217e+04   0.000000e+00   5.962931e+03   3207s
  466442    1.1505217e+04   0.000000e+00   2.033309e+04   3211s
  466872    1.1505217e+04   0.000000e+00   4.415440e+03   3215s
  467712    1.1505217e+04   0.000000e+00   7.859885e+04   3224s
  468152    1.1505217e+04   0.000000e+00   1.558911e+03   3228s
  468582    1.1505218e+04   0.000000e+00   5.032815e+03   3233s
  469032    1.1505218e+04   0.000000e+00   1.657414e+03   3237s
  469472    1.1505218e+04   0.000000e+00   1.548859e+04   3241s
  469912    1.1505218e+04   0.000000e+00   3.794140e+03   3246s
  470362    1.1505218e+04   0.000000e+00   7.004094e+03   3250s
  471302    1.1505218e+04   0.000000e+00   1.673070e+04   3259s
  471782    1.1505218e+04   0.000000e+00   4.602579e+03   3263s
  472252    1.1505218e+04   0.000000e+00   1.432686e+03   3268s
  472722    1.1505218e+04   0.000000e+00   7.082209e+03   3272s
  473162    1.1505218e+04   0.000000e+00   7.721248e+03   3277s
  473632    1.1505218e+04   0.000000e+00   7.453028e+03   3281s
  474082    1.1505219e+04   0.000000e+00   2.756036e+03   3285s
  475052    1.1505219e+04   0.000000e+00   2.261863e+03   3294s
  475572    1.1505219e+04   0.000000e+00   3.660396e+03   3299s
  476082    1.1505219e+04   0.000000e+00   5.673142e+03   3303s
  476592    1.1505219e+04   0.000000e+00   5.814330e+03   3308s
  477072    1.1505219e+04   0.000000e+00   1.518203e+03   3312s
  477552    1.1505219e+04   0.000000e+00   3.584897e+04   3317s
  478022    1.1505219e+04   0.000000e+00   5.994706e+03   3321s
  478482    1.1505219e+04   0.000000e+00   8.079631e+03   3325s
  479392    1.1505219e+04   0.000000e+00   1.284277e+03   3334s
  479862    1.1505219e+04   0.000000e+00   1.538922e+03   3339s
  480292    1.1505220e+04   0.000000e+00   4.163262e+04   3343s
  480712    1.1505220e+04   0.000000e+00   3.232724e+03   3347s
  481132    1.1505220e+04   0.000000e+00   5.376682e+03   3351s
  481552    1.1505220e+04   0.000000e+00   3.993306e+03   3356s
  482412    1.1505220e+04   0.000000e+00   1.470574e+03   3364s
  482812    1.1505220e+04   0.000000e+00   8.191296e+03   3369s
  483232    1.1505220e+04   0.000000e+00   1.197544e+03   3373s
  483662    1.1505220e+04   0.000000e+00   2.949232e+03   3377s
  484092    1.1505220e+04   0.000000e+00   9.703100e+02   3382s
  484512    1.1505220e+04   0.000000e+00   9.176419e+02   3386s
  485362    1.1505220e+04   0.000000e+00   7.619448e+03   3394s
  485782    1.1505220e+04   0.000000e+00   2.652635e+03   3399s
  486212    1.1505220e+04   0.000000e+00   1.817551e+03   3403s
  486642    1.1505220e+04   0.000000e+00   2.090243e+03   3407s
  487082    1.1505220e+04   0.000000e+00   1.350946e+04   3412s
  487502    1.1505220e+04   0.000000e+00   2.334895e+03   3416s
  487902    1.1505221e+04   0.000000e+00   8.281626e+03   3420s
  488742    1.1505221e+04   0.000000e+00   6.244930e+02   3429s
  489152    1.1505221e+04   0.000000e+00   2.808262e+03   3433s
  489552    1.1505221e+04   0.000000e+00   1.354052e+03   3437s
  489972    1.1505221e+04   0.000000e+00   1.066498e+04   3442s
  490442    1.1505221e+04   0.000000e+00   2.686165e+03   3446s
  490902    1.1505221e+04   0.000000e+00   1.818375e+03   3450s
  491762    1.1505221e+04   0.000000e+00   1.527136e+03   3459s
  492172    1.1505221e+04   0.000000e+00   1.571292e+03   3463s
  492582    1.1505221e+04   0.000000e+00   6.664028e+04   3468s
  492992    1.1505221e+04   0.000000e+00   2.121457e+03   3472s
  493402    1.1505221e+04   0.000000e+00   8.109685e+02   3476s
  493812    1.1505221e+04   0.000000e+00   1.579170e+03   3481s
  494662    1.1505221e+04   0.000000e+00   1.866842e+03   3489s
  495092    1.1505221e+04   0.000000e+00   2.611709e+03   3494s
  495532    1.1505221e+04   0.000000e+00   2.227539e+03   3498s
  495982    1.1505221e+04   0.000000e+00   2.524871e+03   3502s
  496402    1.1505221e+04   0.000000e+00   1.104920e+03   3507s
  496822    1.1505221e+04   0.000000e+00   8.234763e+02   3511s
  497252    1.1505221e+04   0.000000e+00   8.824747e+02   3515s
  498102    1.1505222e+04   0.000000e+00   4.304585e+02   3524s
  498522    1.1505222e+04   0.000000e+00   4.825744e+02   3528s
  498972    1.1505222e+04   0.000000e+00   9.854843e+02   3533s
  499412    1.1505222e+04   0.000000e+00   7.645955e+02   3537s
  499842    1.1505222e+04   0.000000e+00   2.181853e+03   3541s
  500302    1.1505222e+04   0.000000e+00   1.001454e+03   3545s
  501242    1.1505222e+04   0.000000e+00   1.883097e+03   3554s
  501692    1.1505222e+04   0.000000e+00   1.165241e+03   3558s
  502122    1.1505222e+04   0.000000e+00   7.903931e+02   3563s
  502562    1.1505222e+04   0.000000e+00   6.719599e+03   3567s
  502972    1.1505222e+04   0.000000e+00   1.081934e+03   3571s
  503412    1.1505222e+04   0.000000e+00   8.973589e+02   3576s
  504302    1.1505222e+04   0.000000e+00   4.135614e+03   3584s
  504762    1.1505222e+04   0.000000e+00   4.334569e+02   3588s
  505242    1.1505222e+04   0.000000e+00   6.189788e+02   3593s
  505732    1.1505222e+04   0.000000e+00   1.923505e+03   3597s
  506182    1.1505222e+04   0.000000e+00   4.063378e+02   3602s
  506632    1.1505222e+04   0.000000e+00   5.644443e+02   3606s
  507082    1.1505222e+04   0.000000e+00   8.640679e+02   3610s
  507982    1.1505222e+04   0.000000e+00   9.793572e+02   3619s
  508452    1.1505222e+04   0.000000e+00   4.998462e+02   3623s
  508902    1.1505222e+04   0.000000e+00   3.832346e+02   3628s
  509342    1.1505222e+04   0.000000e+00   1.053911e+03   3632s
  509822    1.1505222e+04   0.000000e+00   2.880023e+02   3636s
  510312    1.1505222e+04   0.000000e+00   5.554873e+02   3641s
  510862    1.1505223e+04   0.000000e+00   1.036010e+03   3645s
  511782    1.1505223e+04   0.000000e+00   2.374663e+02   3654s
  512242    1.1505223e+04   0.000000e+00   2.401373e+03   3658s
  512732    1.1505223e+04   0.000000e+00   1.184646e+03   3663s
  513232    1.1505223e+04   0.000000e+00   4.935992e+02   3667s
  513742    1.1505223e+04   0.000000e+00   2.676974e+02   3671s
  514222    1.1505223e+04   0.000000e+00   4.645028e+02   3676s
  514722    1.1505223e+04   0.000000e+00   2.163040e+02   3680s
  515652    1.1505223e+04   0.000000e+00   1.676707e+03   3689s
  516162    1.1505223e+04   0.000000e+00   1.119149e+03   3693s
  516672    1.1505223e+04   0.000000e+00   1.834466e+02   3698s
  517192    1.1505223e+04   0.000000e+00   1.017080e+02   3702s
  517672    1.1505223e+04   0.000000e+00   3.797501e+02   3707s
  518152    1.1505223e+04   0.000000e+00   2.264743e+02   3711s
  518652    1.1505223e+04   0.000000e+00   2.681283e+02   3715s
  519622    1.1505223e+04   0.000000e+00   1.396255e+02   3724s
  520112    1.1505223e+04   0.000000e+00   5.435797e+02   3729s
  520552    1.1505223e+04   0.000000e+00   1.655721e+02   3733s
  521002    1.1505223e+04   0.000000e+00   5.863375e+02   3737s
  521482    1.1505223e+04   0.000000e+00   3.262164e+02   3741s
  521982    1.1505223e+04   0.000000e+00   1.261882e+02   3746s
  522452    1.1505223e+04   0.000000e+00   2.120409e+02   3750s
  523422    1.1505223e+04   0.000000e+00   1.099676e+04   3759s
  523922    1.1505223e+04   0.000000e+00   9.608156e+01   3763s
  524392    1.1505223e+04   0.000000e+00   7.872537e+01   3767s
  524872    1.1505223e+04   0.000000e+00   1.523514e+02   3772s
  525342    1.1505223e+04   0.000000e+00   2.650917e+02   3776s
  525812    1.1505223e+04   0.000000e+00   5.408617e+01   3780s
  526712    1.1505223e+04   0.000000e+00   8.138260e+01   3789s
  527142    1.1505223e+04   0.000000e+00   9.209464e+01   3793s
  527602    1.1505223e+04   0.000000e+00   7.352824e+01   3797s
  528062    1.1505223e+04   0.000000e+00   1.497938e+02   3802s
  528492    1.1505223e+04   0.000000e+00   6.958046e+01   3806s
  529382    1.1505223e+04   0.000000e+00   6.766048e+01   3814s
  529852    1.1505223e+04   0.000000e+00   1.311371e+02   3818s
  530312    1.1505223e+04   0.000000e+00   7.178680e+01   3822s
  530782    1.1505223e+04   0.000000e+00   2.019661e+04   3826s
  531272    1.1505223e+04   0.000000e+00   9.762769e+01   3831s
  532202    1.1505223e+04   0.000000e+00   8.796280e+01   3839s
  532662    1.1505223e+04   0.000000e+00   1.792617e+02   3843s
  533092    1.1505223e+04   0.000000e+00   4.796288e+01   3847s
  533552    1.1505223e+04   0.000000e+00   7.163792e+01   3851s
  534002    1.1505223e+04   0.000000e+00   2.349436e+01   3856s
  534932    1.1505223e+04   0.000000e+00   7.005849e+01   3864s
  535422    1.1505223e+04   0.000000e+00   1.113366e+02   3868s
  535882    1.1505223e+04   0.000000e+00   6.839214e+01   3872s
  536312    1.1505224e+04   0.000000e+00   3.518077e+02   3876s
  536762    1.1505224e+04   0.000000e+00   3.323387e+02   3880s
  537662    1.1505224e+04   0.000000e+00   1.655492e+01   3888s
  538072    1.1505224e+04   0.000000e+00   8.548977e+01   3892s
  538542    1.1505224e+04   0.000000e+00   3.757360e+01   3896s
  539002    1.1505224e+04   0.000000e+00   3.908488e+01   3900s
  539942    1.1505224e+04   0.000000e+00   3.479799e+02   3908s
  540412    1.1505224e+04   0.000000e+00   3.257865e+01   3912s
  540842    1.1505224e+04   0.000000e+00   2.175524e+01   3916s
  541302    1.1505224e+04   0.000000e+00   9.066233e+01   3920s
  542272    1.1505224e+04   0.000000e+00   1.134406e+02   3928s
  542752    1.1505224e+04   0.000000e+00   1.130356e+02   3932s
  543192    1.1505224e+04   0.000000e+00   1.544490e+01   3936s
  544082    1.1505224e+04   0.000000e+00   1.387039e+01   3944s
  544512    1.1505224e+04   0.000000e+00   8.437455e+00   3947s
  544982    1.1505224e+04   0.000000e+00   9.180511e+00   3951s
  545882    1.1505224e+04   0.000000e+00   8.551252e-01   3958s
  546342    1.1505224e+04   0.000000e+00   2.131574e-01   3962s
  546823    1.1503619e+04   0.000000e+00   0.000000e+00   3967s
Extra simplex iterations after uncrush: 499683

Solved in 546823 iterations and 3966.72 seconds (6401.51 work units)
Optimal objective  1.150361947e+04
