
Gurobi 10.0.1 (linux64) logging started Mon Mar 10 21:37:00 2025

Set parameter LogFile to value "Results/Conservative_experiment/c1_0.40_c2_0.10.log"
Set parameter TimeLimit to value 36000
Gurobi Optimizer version 10.0.1 build v10.0.1rc0 (linux64)

CPU model: AMD EPYC 9654 96-Core Processor, instruction set [SSE2|AVX|AVX2|AVX512]
Thread count: 192 physical cores, 192 logical processors, using up to 32 threads

Academic license 656792 - for non-commercial use only - registered to b.___@student.vu.nl
Optimize a model with 1498050 rows, 1622512 columns and 5976640 nonzeros
Model fingerprint: 0xa39dee10
Coefficient statistics:
  Matrix range     [1e-01, 1e+00]
  Objective range  [6e-02, 5e+00]
  Bounds range     [0e+00, 0e+00]
  RHS range        [1e-02, 1e+03]
Presolve removed 955510 rows and 878809 columns (presolve time = 5s) ...
Presolve removed 955510 rows and 878809 columns
Presolve time: 5.17s
Presolved: 542540 rows, 743703 columns, 2508755 nonzeros

Concurrent LP optimizer: primal simplex, dual simplex, and barrier
Showing barrier log only...

Ordering time: 1.37s

Barrier statistics:
 AA' NZ     : 1.721e+06
 Factor NZ  : 1.393e+07 (roughly 250 MB of memory)
 Factor Ops : 7.897e+09 (less than 1 second per iteration)
 Threads    : 30

                  Objective                Residual
Iter       Primal          Dual         Primal    Dual     Compl     Time
   0  -2.43641305e+07  1.63916218e+08  1.67e+06 1.21e+02  3.70e+04     8s
   1  -1.68971072e+07  1.35514951e+08  7.29e+05 1.13e+02  1.43e+04     8s
   2  -1.36993568e+07  7.46514423e+07  1.17e+05 1.56e+01  2.43e+03     8s
   3  -1.32202578e+07  1.84475683e+07  2.67e+04 1.01e+00  5.46e+02     9s
   4  -7.58032226e+06  5.42621985e+06  8.36e+03 9.81e-02  1.71e+02     9s
   5  -4.06345396e+06  3.78088765e+06  3.02e+03 1.64e-02  7.04e+01     9s
   6  -9.89292117e+05  1.50876646e+06  5.81e+02 5.46e-12  1.61e+01     9s
   7  -4.26400523e+05  6.15005985e+05  1.89e+02 3.18e-12  5.76e+00     9s
   8  -9.63251895e+04  2.79675659e+05  4.15e+01 3.66e-12  1.67e+00     9s
   9  -1.87802290e+04  1.18512819e+05  1.24e+01 3.15e-12  5.50e-01     9s
  10  -6.94008671e+03  6.77296505e+04  8.03e+00 2.95e-12  2.85e-01    10s
  11   1.63559511e+03  4.04247430e+04  4.31e+00 2.76e-12  1.35e-01    10s
  12   5.87081634e+03  3.13624698e+04  2.45e+00 2.53e-12  8.41e-02    10s
  13   6.00153746e+03  2.96783459e+04  2.39e+00 2.24e-12  7.84e-02    10s
  14   8.43207280e+03  2.50889028e+04  1.28e+00 2.87e-12  5.26e-02    10s
  15   9.97035225e+03  1.71961167e+04  5.79e-01 2.22e-12  2.21e-02    10s
  16   1.05553318e+04  1.38118703e+04  3.43e-01 2.77e-12  9.92e-03    11s
  17   1.10991656e+04  1.27734129e+04  1.33e-01 2.93e-12  5.02e-03    11s
  18   1.12198314e+04  1.23077696e+04  9.07e-02 2.76e-12  3.26e-03    11s
  19   1.12479775e+04  1.21912079e+04  8.08e-02 3.40e-12  2.83e-03    11s
  20   1.12602129e+04  1.21356600e+04  7.70e-02 4.51e-12  2.63e-03    11s
  21   1.13174829e+04  1.19183246e+04  5.81e-02 4.65e-12  1.81e-03    11s
  22   1.14091320e+04  1.17759706e+04  2.79e-02 2.93e-12  1.09e-03    11s
  23   1.14393233e+04  1.17326545e+04  1.96e-02 3.10e-12  8.73e-04    12s
  24   1.14617579e+04  1.17102899e+04  1.44e-02 3.04e-12  7.37e-04    12s
  25   1.14706988e+04  1.16786159e+04  1.24e-02 2.71e-12  6.17e-04    12s
  26   1.14733707e+04  1.16420867e+04  1.12e-02 5.16e-12  5.02e-04    12s
  27   1.14880354e+04  1.16309549e+04  8.32e-03 4.57e-12  4.24e-04    12s
  28   1.15068535e+04  1.16240760e+04  6.03e-03 3.97e-12  3.47e-04    13s
  29   1.15516988e+04  1.16053041e+04  2.50e-03 2.92e-12  1.59e-04    13s
  30   1.15580352e+04  1.16003948e+04  2.03e-03 3.42e-12  1.25e-04    13s
  31   1.15677628e+04  1.15957842e+04  1.28e-03 3.36e-12  8.29e-05    13s
  32   1.15700670e+04  1.15952329e+04  1.07e-03 3.34e-12  7.43e-05    13s
  33   1.15723387e+04  1.15922510e+04  8.91e-04 3.06e-12  5.89e-05    14s
  34   1.15758433e+04  1.15915354e+04  6.18e-04 3.71e-12  4.63e-05    14s
  35   1.15794653e+04  1.15874451e+04  3.01e-04 3.03e-12  2.35e-05    14s
  36   1.15820262e+04  1.15847500e+04  4.74e-05 3.00e-12  7.98e-06    14s
  37   1.15824404e+04  1.15838741e+04  1.86e-05 2.97e-12  4.19e-06    14s
  38   1.15824840e+04  1.15837605e+04  1.66e-05 3.58e-12  3.74e-06    14s
  39   1.15825604e+04  1.15833821e+04  1.29e-05 4.71e-12  2.41e-06    15s
  40   1.15827540e+04  1.15831358e+04  5.04e-06 4.03e-12  1.12e-06    15s
  41   1.15828262e+04  1.15830238e+04  2.77e-06 5.16e-12  5.80e-07    15s
  42   1.15828853e+04  1.15829786e+04  1.15e-06 4.57e-12  2.73e-07    15s
  43   1.15829065e+04  1.15829515e+04  6.03e-07 5.58e-12  1.32e-07    15s
  44   1.15829287e+04  1.15829339e+04  6.08e-08 5.52e-12  1.53e-08    15s
  45   1.15829302e+04  1.15829320e+04  3.35e-08 7.32e-12  5.23e-09    15s
  46   1.15829303e+04  1.15829320e+04  3.34e-08 7.29e-12  5.12e-09    15s
  47   1.15829320e+04  1.15829320e+04  5.86e-10 5.64e-12  6.01e-11    16s

Barrier solved model in 47 iterations and 15.60 seconds (12.80 work units)
Optimal objective 1.15829320e+04

Crossover log...

   87021 DPushes remaining with DInf 0.0000000e+00                16s
       0 DPushes remaining with DInf 0.0000000e+00                17s

    2732 PPushes remaining with PInf 0.0000000e+00                17s
       0 PPushes remaining with PInf 0.0000000e+00                17s

  Push phase complete: Pinf 0.0000000e+00, Dinf 6.0089196e-11     17s


Solved with barrier
Iteration    Objective       Primal Inf.    Dual Inf.      Time
   50919    1.1582982e+04   0.000000e+00   3.302378e+03     20s
   54359    1.1582988e+04   0.000000e+00   9.593290e+01     25s
   57529    1.1582932e+04   0.000000e+00   0.000000e+00     30s
Extra simplex iterations after uncrush: 9405

Use crossover to convert LP symmetric solution to basic solution...
Crossover log...

    6142 DPushes remaining with DInf 0.0000000e+00                31s
       0 DPushes remaining with DInf 0.0000000e+00                31s

    5993 PPushes remaining with PInf 0.0000000e+00                31s
       0 PPushes remaining with PInf 0.0000000e+00                31s

  Push phase complete: Pinf 0.0000000e+00, Dinf 1.2697228e-12     31s

Iteration    Objective       Primal Inf.    Dual Inf.      Time
   73129    1.1582962e+04   0.000000e+00   6.198612e+03     36s
   75537    1.1582973e+04   0.000000e+00   1.594212e+04     40s
   77945    1.1582980e+04   0.000000e+00   2.463657e+04     46s
   79751    1.1582986e+04   0.000000e+00   3.072593e+04     51s
   81557    1.1582991e+04   0.000000e+00   9.604530e+03     56s
   83363    1.1582996e+04   0.000000e+00   9.392402e+03     62s
   84567    1.1582997e+04   0.000000e+00   4.767902e+04     66s
   85771    1.1582999e+04   0.000000e+00   3.125144e+04     70s
   87577    1.1583002e+04   0.000000e+00   7.900412e+03     76s
   88781    1.1583003e+04   0.000000e+00   9.023730e+03     80s
   90587    1.1583005e+04   0.000000e+00   4.783646e+03     86s
   91791    1.1583006e+04   0.000000e+00   2.232957e+04     91s
   93597    1.1583008e+04   0.000000e+00   1.055119e+04     97s
   94801    1.1583009e+04   0.000000e+00   5.486460e+04    102s
   96005    1.1583009e+04   0.000000e+00   5.918328e+03    106s
   97209    1.1583010e+04   0.000000e+00   4.693133e+03    111s
   98413    1.1583010e+04   0.000000e+00   8.028561e+03    117s
   99617    1.1583011e+04   0.000000e+00   7.686837e+03    122s
  100821    1.1583012e+04   0.000000e+00   1.159138e+04    127s
  102025    1.1583012e+04   0.000000e+00   6.258436e+03    132s
  103229    1.1583013e+04   0.000000e+00   3.980679e+04    137s
  103831    1.1583013e+04   0.000000e+00   7.023510e+03    140s
  105035    1.1583014e+04   0.000000e+00   1.518754e+04    146s
  106239    1.1583014e+04   0.000000e+00   1.438028e+03    151s
  107443    1.1583015e+04   0.000000e+00   2.257819e+03    156s
  108647    1.1583015e+04   0.000000e+00   6.094327e+03    162s
  109851    1.1583015e+04   0.000000e+00   1.586501e+03    167s
  111055    1.1583016e+04   0.000000e+00   1.931970e+03    172s
  112259    1.1583016e+04   0.000000e+00   2.902495e+03    177s
  112861    1.1583016e+04   0.000000e+00   1.308059e+03    180s
  114065    1.1583017e+04   0.000000e+00   1.003721e+03    186s
  115269    1.1583017e+04   0.000000e+00   6.017525e+02    192s
  116473    1.1583017e+04   0.000000e+00   2.466368e+03    198s
  117075    1.1583017e+04   0.000000e+00   5.224945e+02    201s
  118279    1.1583017e+04   0.000000e+00   1.822608e+03    207s
  119483    1.1583017e+04   0.000000e+00   1.657679e+03    213s
  120085    1.1583017e+04   0.000000e+00   1.426318e+03    216s
  121289    1.1583018e+04   0.000000e+00   1.040017e+03    222s
  122493    1.1583018e+04   0.000000e+00   1.180467e+03    228s
  123095    1.1583018e+04   0.000000e+00   3.257005e+02    231s
  124299    1.1583018e+04   0.000000e+00   2.706339e+02    237s
  125503    1.1583018e+04   0.000000e+00   6.662196e+02    243s
  126105    1.1583018e+04   0.000000e+00   1.341004e+03    246s
  127309    1.1583018e+04   0.000000e+00   1.135193e+03    252s
  127911    1.1583018e+04   0.000000e+00   4.085803e+02    255s
  129115    1.1583018e+04   0.000000e+00   2.489685e+02    261s
  130319    1.1583018e+04   0.000000e+00   5.382452e+02    267s
  130921    1.1583018e+04   0.000000e+00   1.106988e+03    270s
  132125    1.1583018e+04   0.000000e+00   1.331045e+02    276s
  133329    1.1583018e+04   0.000000e+00   2.595837e+02    283s
  133931    1.1583018e+04   0.000000e+00   1.175514e+02    286s
  135135    1.1583018e+04   0.000000e+00   3.699993e+02    293s
  135737    1.1583018e+04   0.000000e+00   7.305160e+01    296s
  136941    1.1583018e+04   0.000000e+00   3.279871e+02    302s
  137543    1.1583018e+04   0.000000e+00   7.078426e+01    305s
  138747    1.1583018e+04   0.000000e+00   5.105100e+01    312s
  139349    1.1583018e+04   0.000000e+00   1.667810e+02    315s
  140553    1.1583018e+04   0.000000e+00   2.580299e+02    322s
  141757    1.1583019e+04   0.000000e+00   7.080071e+01    328s
  142359    1.1583019e+04   0.000000e+00   7.254534e+01    332s
  143563    1.1583019e+04   0.000000e+00   4.965920e+01    338s
  144165    1.1583019e+04   0.000000e+00   2.098369e+02    341s
  145369    1.1583019e+04   0.000000e+00   6.757222e+01    348s
  145971    1.1583019e+04   0.000000e+00   1.540655e+02    351s
  147175    1.1583019e+04   0.000000e+00   1.526433e+02    358s
  147775    1.1583019e+04   0.000000e+00   2.532687e+01    361s
  148979    1.1583019e+04   0.000000e+00   1.229716e+02    368s
  149581    1.1583019e+04   0.000000e+00   1.875649e+01    371s
  150751    1.1583019e+04   0.000000e+00   2.970134e+01    378s
  151331    1.1583019e+04   0.000000e+00   6.330490e+01    382s
  152481    1.1583019e+04   0.000000e+00   1.891463e+01    388s
  153071    1.1583019e+04   0.000000e+00   1.334807e+01    391s
  154231    1.1583019e+04   0.000000e+00   5.335086e+00    398s
  154781    1.1583019e+04   0.000000e+00   1.241846e+01    401s
  155851    1.1583019e+04   0.000000e+00   4.576806e+00    408s
  156381    1.1583019e+04   0.000000e+00   1.290109e+00    411s
  157461    1.1583019e+04   0.000000e+00   1.260373e+00    417s
  157981    1.1583019e+04   0.000000e+00   6.830391e-01    421s
  158951    1.1583019e+04   0.000000e+00   3.068697e-01    427s
  159901    1.1583019e+04   0.000000e+00   1.469520e-01    433s
  160301    1.1583019e+04   0.000000e+00   1.728360e-01    435s
  161041    1.1583019e+04   0.000000e+00   4.672311e-02    441s
  161561    1.1583019e+04   0.000000e+00   2.411385e-03    446s
Extra simplex iterations after uncrush: 91902
  161565    1.1582932e+04   0.000000e+00   0.000000e+00    446s

Solved in 161565 iterations and 446.46 seconds (816.96 work units)
Optimal objective  1.158293200e+04
