
Gurobi 10.0.1 (linux64) logging started Mon Mar 10 21:43:29 2025

Set parameter LogFile to value "Results/Conservative_experiment/c1_0.80_c2_0.00.log"
Set parameter TimeLimit to value 36000
Gurobi Optimizer version 10.0.1 build v10.0.1rc0 (linux64)

CPU model: AMD EPYC 9654 96-Core Processor, instruction set [SSE2|AVX|AVX2|AVX512]
Thread count: 192 physical cores, 192 logical processors, using up to 32 threads

Academic license 656792 - for non-commercial use only - registered to b.___@student.vu.nl
Optimize a model with 1498050 rows, 1622512 columns and 5965248 nonzeros
Model fingerprint: 0x6c862052
Coefficient statistics:
  Matrix range     [8e-01, 1e+00]
  Objective range  [6e-02, 5e+00]
  Bounds range     [0e+00, 0e+00]
  RHS range        [1e-02, 1e+03]
Presolve removed 1137941 rows and 1144695 columns
Presolve time: 3.72s
Presolved: 360109 rows, 477817 columns, 1778097 nonzeros

Concurrent LP optimizer: primal simplex, dual simplex, and barrier
Showing barrier log only...

Ordering time: 0.41s

Barrier statistics:
 AA' NZ     : 3.019e+05
 Factor NZ  : 3.493e+06 (roughly 70 MB of memory)
 Factor Ops : 1.234e+09 (less than 1 second per iteration)
 Threads    : 30

                  Objective                Residual
Iter       Primal          Dual         Primal    Dual     Compl     Time
   0  -1.09731130e+09  1.10283626e+08  8.52e+05 5.10e+01  2.56e+04     5s
   1  -3.29465528e+08  7.67565290e+07  2.48e+05 4.59e+01  6.70e+03     5s
   2  -9.46188206e+07  2.97919544e+07  6.65e+04 1.60e+00  1.59e+03     5s
   3  -3.00050688e+07  7.36452284e+06  2.03e+04 9.64e-02  4.62e+02     5s
   4  -9.36949398e+06  3.11242723e+06  6.17e+03 2.34e-02  1.49e+02     5s
   5  -4.99071144e+06  1.63841956e+06  3.23e+03 2.84e-03  7.76e+01     5s
   6  -2.35691557e+06  1.17230042e+06  1.49e+03 4.71e-04  4.02e+01     5s
   7  -1.65989930e+06  5.14003160e+05  1.05e+03 1.36e-11  2.41e+01     5s
   8  -5.15619638e+05  2.87063673e+05  3.07e+02 8.64e-12  8.50e+00     5s
   9  -1.55879162e+05  1.95522868e+05  9.58e+01 5.91e-12  3.57e+00     5s
  10  -4.33431432e+04  7.92008164e+04  2.90e+01 3.87e-12  1.14e+00     5s
  11  -3.84532463e+03  3.17958696e+04  7.29e+00 1.82e-12  3.01e-01     5s
  12   7.04778982e+03  2.51977388e+04  1.96e+00 1.60e-12  1.64e-01     5s
  13   9.24169392e+03  1.83928247e+04  9.30e-01 1.69e-12  8.20e-02     5s
  14   1.00043184e+04  1.61170200e+04  5.88e-01 1.52e-12  5.49e-02     5s
  15   1.06247577e+04  1.36540898e+04  3.21e-01 2.74e-12  2.68e-02     5s
  16   1.09653828e+04  1.27707345e+04  1.88e-01 2.26e-12  1.60e-02     5s
  17   1.10782549e+04  1.23226676e+04  1.45e-01 2.97e-12  1.09e-02     6s
  18   1.10850891e+04  1.21267911e+04  1.43e-01 1.99e-12  8.86e-03     6s
  19   1.11906304e+04  1.19320540e+04  1.05e-01 1.88e-12  6.27e-03     6s
  20   1.13021217e+04  1.18424344e+04  6.66e-02 2.87e-12  4.67e-03     6s
  21   1.13864207e+04  1.17238283e+04  3.90e-02 2.39e-12  2.95e-03     6s
  22   1.13865905e+04  1.17051338e+04  3.81e-02 3.81e-12  2.77e-03     6s
  23   1.13985028e+04  1.16706324e+04  3.48e-02 3.32e-12  2.34e-03     6s
  24   1.14561872e+04  1.15914118e+04  1.48e-02 2.46e-12  1.19e-03     6s
  25   1.14764959e+04  1.15656682e+04  8.28e-03 3.34e-12  8.00e-04     6s
  26   1.14827031e+04  1.15568083e+04  6.34e-03 2.02e-12  6.70e-04     6s
  27   1.14904444e+04  1.15239674e+04  3.99e-03 3.31e-12  2.92e-04     6s
  28   1.15024302e+04  1.15069000e+04  3.07e-04 3.28e-12  4.12e-05     6s
  29   1.15035807e+04  1.15037812e+04  2.45e-06 2.55e-12  1.96e-06     6s
  30   1.15036051e+04  1.15036658e+04  8.98e-07 3.85e-12  5.95e-07     6s
  31   1.15036183e+04  1.15036235e+04  2.20e-08 5.27e-12  5.10e-08     6s
  32   1.15036195e+04  1.15036195e+04  8.40e-10 5.18e-12  5.80e-11     6s

Barrier solved model in 32 iterations and 6.16 seconds (5.57 work units)
Optimal objective 1.15036195e+04

Crossover log...

   15163 DPushes remaining with DInf 0.0000000e+00                 6s
       0 DPushes remaining with DInf 0.0000000e+00                 6s

   19862 PPushes remaining with PInf 0.0000000e+00                 6s
       0 PPushes remaining with PInf 0.0000000e+00                 7s

  Push phase complete: Pinf 0.0000000e+00, Dinf 2.5451641e-11      7s


Solved with barrier
Extra simplex iterations after uncrush: 869
Iteration    Objective       Primal Inf.    Dual Inf.      Time
   35855    1.1503619e+04   0.000000e+00   0.000000e+00      7s

Use crossover to convert LP symmetric solution to basic solution...
Crossover log...

    9355 DPushes remaining with DInf 0.0000000e+00                 7s
       0 DPushes remaining with DInf 0.0000000e+00                 8s

    2568 PPushes remaining with PInf 0.0000000e+00                 8s
       0 PPushes remaining with PInf 0.0000000e+00                 8s

  Push phase complete: Pinf 0.0000000e+00, Dinf 6.9430572e-12      8s

Iteration    Objective       Primal Inf.    Dual Inf.      Time
   50810    1.1503647e+04   0.000000e+00   9.374671e+04     10s
   56022    1.1503825e+04   0.000000e+00   5.657781e+04     16s
   59634    1.1503943e+04   0.000000e+00   1.345804e+05     20s
   63246    1.1504052e+04   0.000000e+00   1.907233e+05     26s
   66256    1.1504135e+04   0.000000e+00   1.922934e+06     31s
   69266    1.1504204e+04   0.000000e+00   3.483659e+05     36s
   71674    1.1504261e+04   0.000000e+00   1.904923e+05     40s
   74684    1.1504321e+04   0.000000e+00   1.000734e+06     46s
   77092    1.1504356e+04   0.000000e+00   1.274726e+06     51s
   79500    1.1504388e+04   0.000000e+00   2.910484e+05     56s
   81908    1.1504420e+04   0.000000e+00   4.805752e+05     61s
   83714    1.1504438e+04   0.000000e+00   1.642673e+05     66s
   85520    1.1504452e+04   0.000000e+00   1.191150e+05     71s
   87326    1.1504471e+04   0.000000e+00   3.276774e+05     76s
   89132    1.1504485e+04   0.000000e+00   3.073830e+05     81s
   90938    1.1504498e+04   0.000000e+00   6.468854e+05     86s
   92744    1.1504512e+04   0.000000e+00   1.506694e+05     91s
   94550    1.1504524e+04   0.000000e+00   2.726254e+05     96s
   96356    1.1504539e+04   0.000000e+00   1.441327e+05    101s
   98162    1.1504552e+04   0.000000e+00   1.332286e+05    106s
   99968    1.1504563e+04   0.000000e+00   4.011402e+05    111s
  102376    1.1504577e+04   0.000000e+00   1.112691e+05    116s
  104182    1.1504587e+04   0.000000e+00   6.030572e+05    122s
  105386    1.1504595e+04   0.000000e+00   3.057903e+05    126s
  106590    1.1504601e+04   0.000000e+00   1.798738e+05    130s
  108396    1.1504609e+04   0.000000e+00   1.963331e+05    136s
  109600    1.1504615e+04   0.000000e+00   6.256726e+05    141s
  110804    1.1504620e+04   0.000000e+00   7.255027e+05    145s
  112008    1.1504626e+04   0.000000e+00   7.739089e+05    150s
  113814    1.1504636e+04   0.000000e+00   3.875090e+05    157s
  114416    1.1504639e+04   0.000000e+00   3.657749e+05    160s
  115620    1.1504646e+04   0.000000e+00   1.330136e+05    165s
  116824    1.1504652e+04   0.000000e+00   1.630824e+05    171s
  118028    1.1504658e+04   0.000000e+00   8.832789e+05    177s
  119232    1.1504663e+04   0.000000e+00   2.525109e+05    183s
  119834    1.1504666e+04   0.000000e+00   2.374585e+05    186s
  121038    1.1504673e+04   0.000000e+00   4.428577e+06    192s
  122242    1.1504679e+04   0.000000e+00   4.191753e+05    198s
  122844    1.1504683e+04   0.000000e+00   1.502365e+05    201s
  124048    1.1504687e+04   0.000000e+00   2.707768e+05    206s
  125252    1.1504693e+04   0.000000e+00   1.746746e+05    212s
  126456    1.1504699e+04   0.000000e+00   2.830730e+05    218s
  127058    1.1504700e+04   0.000000e+00   2.583254e+05    221s
  128262    1.1504706e+04   0.000000e+00   4.455166e+05    227s
  128864    1.1504709e+04   0.000000e+00   4.587462e+05    230s
  130068    1.1504714e+04   0.000000e+00   1.548260e+05    238s
  130670    1.1504717e+04   0.000000e+00   1.182212e+06    241s
  131874    1.1504722e+04   0.000000e+00   3.417079e+05    247s
  132476    1.1504724e+04   0.000000e+00   5.457171e+05    251s
  133680    1.1504728e+04   0.000000e+00   2.082152e+05    258s
  134282    1.1504730e+04   0.000000e+00   2.565928e+05    261s
  134884    1.1504732e+04   0.000000e+00   1.981506e+05    265s
  136088    1.1504735e+04   0.000000e+00   1.580787e+05    274s
  136690    1.1504737e+04   0.000000e+00   4.357296e+05    277s
  137292    1.1504740e+04   0.000000e+00   8.238788e+05    282s
  137894    1.1504742e+04   0.000000e+00   1.805858e+05    285s
  139098    1.1504746e+04   0.000000e+00   2.799208e+05    294s
  139700    1.1504750e+04   0.000000e+00   2.021032e+05    298s
  140302    1.1504753e+04   0.000000e+00   3.625658e+05    302s
  140904    1.1504756e+04   0.000000e+00   6.524707e+05    305s
  142108    1.1504760e+04   0.000000e+00   2.139838e+05    313s
  142710    1.1504762e+04   0.000000e+00   5.284755e+05    317s
  143312    1.1504764e+04   0.000000e+00   1.906771e+05    322s
  143914    1.1504766e+04   0.000000e+00   5.609820e+05    326s
  145118    1.1504772e+04   0.000000e+00   1.301844e+05    333s
  145720    1.1504774e+04   0.000000e+00   4.924812e+05    337s
  146322    1.1504776e+04   0.000000e+00   2.170260e+05    341s
  147526    1.1504780e+04   0.000000e+00   1.153445e+06    349s
  148116    1.1504781e+04   0.000000e+00   9.433602e+05    354s
  148718    1.1504783e+04   0.000000e+00   3.173661e+05    359s
  149320    1.1504786e+04   0.000000e+00   3.789877e+05    363s
  149922    1.1504787e+04   0.000000e+00   3.175051e+05    366s
  150524    1.1504789e+04   0.000000e+00   1.334737e+05    371s
  151126    1.1504790e+04   0.000000e+00   4.178477e+05    375s
  152330    1.1504794e+04   0.000000e+00   3.086626e+05    384s
  152932    1.1504795e+04   0.000000e+00   1.421350e+05    388s
  153534    1.1504797e+04   0.000000e+00   5.308642e+05    392s
  154136    1.1504799e+04   0.000000e+00   2.663731e+05    396s
  154738    1.1504801e+04   0.000000e+00   1.370914e+05    400s
  155942    1.1504804e+04   0.000000e+00   2.440016e+05    409s
  156544    1.1504806e+04   0.000000e+00   2.522660e+05    413s
  157146    1.1504808e+04   0.000000e+00   4.012432e+05    417s
  157748    1.1504810e+04   0.000000e+00   1.127809e+05    421s
  158350    1.1504811e+04   0.000000e+00   1.429017e+05    426s
  158952    1.1504813e+04   0.000000e+00   2.236134e+05    430s
  160156    1.1504816e+04   0.000000e+00   6.635161e+05    438s
  160758    1.1504818e+04   0.000000e+00   1.048083e+05    442s
  161360    1.1504820e+04   0.000000e+00   4.767937e+05    446s
  161962    1.1504821e+04   0.000000e+00   2.559490e+05    451s
  162564    1.1504823e+04   0.000000e+00   1.797308e+06    455s
  163766    1.1504826e+04   0.000000e+00   9.404261e+05    464s
  164356    1.1504828e+04   0.000000e+00   1.550143e+05    469s
  164958    1.1504830e+04   0.000000e+00   3.378573e+05    474s
  165560    1.1504832e+04   0.000000e+00   1.491642e+05    478s
  166162    1.1504833e+04   0.000000e+00   1.502100e+05    482s
  166764    1.1504835e+04   0.000000e+00   8.043578e+05    486s
  167366    1.1504837e+04   0.000000e+00   5.138312e+05    491s
  167968    1.1504839e+04   0.000000e+00   8.002634e+04    495s
  169170    1.1504842e+04   0.000000e+00   2.719093e+05    504s
  169772    1.1504844e+04   0.000000e+00   1.395458e+05    509s
  170374    1.1504845e+04   0.000000e+00   2.610908e+05    514s
  170944    1.1504847e+04   0.000000e+00   1.834520e+05    518s
  171546    1.1504848e+04   0.000000e+00   1.220801e+05    523s
  172148    1.1504850e+04   0.000000e+00   6.744127e+05    527s
  172750    1.1504852e+04   0.000000e+00   1.215720e+06    531s
  173954    1.1504854e+04   0.000000e+00   3.056008e+05    539s
  174556    1.1504856e+04   0.000000e+00   1.490542e+05    544s
  175158    1.1504857e+04   0.000000e+00   1.084097e+05    548s
  175760    1.1504858e+04   0.000000e+00   1.088960e+05    553s
  176350    1.1504859e+04   0.000000e+00   2.575924e+05    557s
  176930    1.1504861e+04   0.000000e+00   4.516738e+05    562s
  177532    1.1504862e+04   0.000000e+00   1.818438e+05    567s
  178122    1.1504863e+04   0.000000e+00   2.119549e+05    571s
  178724    1.1504865e+04   0.000000e+00   3.762929e+05    576s
  179326    1.1504866e+04   0.000000e+00   5.348579e+04    580s
  180508    1.1504869e+04   0.000000e+00   2.030923e+05    590s
  181038    1.1504870e+04   0.000000e+00   2.236060e+05    594s
  181628    1.1504871e+04   0.000000e+00   8.975839e+04    599s
  182228    1.1504872e+04   0.000000e+00   1.524033e+05    604s
  182830    1.1504873e+04   0.000000e+00   1.822290e+05    608s
  183432    1.1504875e+04   0.000000e+00   3.401461e+06    613s
  184012    1.1504876e+04   0.000000e+00   3.317558e+05    618s
  184614    1.1504877e+04   0.000000e+00   1.267365e+05    623s
  185216    1.1504879e+04   0.000000e+00   1.404664e+05    627s
  185818    1.1504880e+04   0.000000e+00   1.417817e+05    631s
  186420    1.1504881e+04   0.000000e+00   1.822215e+05    636s
  187022    1.1504883e+04   0.000000e+00   3.340051e+05    640s
  188226    1.1504885e+04   0.000000e+00   4.021767e+05    649s
  188796    1.1504886e+04   0.000000e+00   7.994291e+05    654s
  189306    1.1504887e+04   0.000000e+00   1.677414e+05    659s
  189856    1.1504888e+04   0.000000e+00   2.517101e+05    663s
  190326    1.1504889e+04   0.000000e+00   8.594983e+04    668s
  190856    1.1504890e+04   0.000000e+00   6.319952e+04    673s
  191458    1.1504892e+04   0.000000e+00   1.824357e+05    677s
  192060    1.1504893e+04   0.000000e+00   1.285163e+06    682s
  192662    1.1504895e+04   0.000000e+00   1.206125e+05    686s
  193264    1.1504897e+04   0.000000e+00   3.591535e+05    691s
  193866    1.1504898e+04   0.000000e+00   1.854987e+05    695s
  194998    1.1504900e+04   0.000000e+00   1.892242e+05    705s
  195578    1.1504902e+04   0.000000e+00   1.914819e+05    709s
  196108    1.1504903e+04   0.000000e+00   2.476350e+05    714s
  196618    1.1504904e+04   0.000000e+00   2.964827e+05    719s
  197208    1.1504905e+04   0.000000e+00   9.451738e+05    724s
  197768    1.1504906e+04   0.000000e+00   9.648994e+04    728s
  198308    1.1504907e+04   0.000000e+00   1.860727e+05    733s
  198898    1.1504908e+04   0.000000e+00   6.122347e+05    738s
  199448    1.1504909e+04   0.000000e+00   2.154401e+05    743s
  199988    1.1504910e+04   0.000000e+00   3.822617e+05    747s
  200548    1.1504911e+04   0.000000e+00   6.549821e+04    752s
  201148    1.1504912e+04   0.000000e+00   1.152544e+05    757s
  201750    1.1504914e+04   0.000000e+00   8.006626e+04    762s
  202350    1.1504915e+04   0.000000e+00   2.130805e+05    766s
  202930    1.1504916e+04   0.000000e+00   1.641639e+05    771s
  203530    1.1504916e+04   0.000000e+00   5.277773e+04    776s
  204090    1.1504917e+04   0.000000e+00   2.699582e+05    781s
  204640    1.1504918e+04   0.000000e+00   3.910005e+05    785s
  205200    1.1504919e+04   0.000000e+00   7.463592e+05    790s
  206270    1.1504921e+04   0.000000e+00   1.323325e+05    800s
  206872    1.1504922e+04   0.000000e+00   4.220652e+05    804s
  207402    1.1504923e+04   0.000000e+00   1.689960e+05    809s
  207892    1.1504924e+04   0.000000e+00   7.955518e+04    814s
  208382    1.1504924e+04   0.000000e+00   1.547359e+05    818s
  208882    1.1504925e+04   0.000000e+00   1.717773e+05    823s
  209442    1.1504926e+04   0.000000e+00   6.799728e+04    828s
  209992    1.1504927e+04   0.000000e+00   7.526290e+04    832s
  210572    1.1504928e+04   0.000000e+00   1.289975e+05    837s
  211142    1.1504928e+04   0.000000e+00   4.531394e+05    842s
  211662    1.1504929e+04   0.000000e+00   7.647227e+04    847s
  212242    1.1504930e+04   0.000000e+00   2.111846e+05    852s
  212844    1.1504931e+04   0.000000e+00   2.137750e+05    856s
  213404    1.1504932e+04   0.000000e+00   2.917131e+05    861s
  213954    1.1504934e+04   0.000000e+00   7.788040e+04    866s
  214444    1.1504935e+04   0.000000e+00   1.811978e+05    870s
  215594    1.1504936e+04   0.000000e+00   1.022158e+05    880s
  216184    1.1504937e+04   0.000000e+00   3.658617e+05    884s
  216764    1.1504938e+04   0.000000e+00   3.999615e+05    889s
  217344    1.1504939e+04   0.000000e+00   1.493835e+06    894s
  217914    1.1504940e+04   0.000000e+00   8.197745e+04    899s
  218504    1.1504941e+04   0.000000e+00   2.716339e+05    904s
  219106    1.1504942e+04   0.000000e+00   9.565007e+04    908s
  219696    1.1504943e+04   0.000000e+00   3.824534e+05    913s
  220296    1.1504944e+04   0.000000e+00   3.555681e+05    918s
  220866    1.1504944e+04   0.000000e+00   2.743108e+05    922s
  221426    1.1504946e+04   0.000000e+00   1.521447e+05    927s
  222016    1.1504946e+04   0.000000e+00   2.923242e+05    932s
  222586    1.1504948e+04   0.000000e+00   2.831784e+05    937s
  223166    1.1504949e+04   0.000000e+00   7.458132e+05    942s
  223736    1.1504950e+04   0.000000e+00   8.235797e+05    946s
  224256    1.1504950e+04   0.000000e+00   2.817308e+05    951s
  224816    1.1504951e+04   0.000000e+00   1.401879e+05    956s
  225396    1.1504952e+04   0.000000e+00   6.911305e+04    960s
  225956    1.1504953e+04   0.000000e+00   8.840003e+04    965s
  226476    1.1504954e+04   0.000000e+00   6.369614e+04    970s
  227516    1.1504955e+04   0.000000e+00   1.494544e+05    979s
  228036    1.1504956e+04   0.000000e+00   9.191488e+04    984s
  228546    1.1504956e+04   0.000000e+00   5.431010e+04    989s
  229056    1.1504957e+04   0.000000e+00   1.075676e+05    994s
  229626    1.1504958e+04   0.000000e+00   4.142044e+05    999s
  230166    1.1504959e+04   0.000000e+00   1.806033e+05   1003s
  230706    1.1504960e+04   0.000000e+00   5.441826e+04   1008s
  231276    1.1504961e+04   0.000000e+00   1.104686e+05   1013s
  231766    1.1504961e+04   0.000000e+00   1.072899e+05   1017s
  232276    1.1504962e+04   0.000000e+00   1.805969e+05   1022s
  232796    1.1504963e+04   0.000000e+00   1.350697e+05   1027s
  233316    1.1504964e+04   0.000000e+00   9.099679e+04   1032s
  233886    1.1504965e+04   0.000000e+00   1.158606e+05   1036s
  234416    1.1504966e+04   0.000000e+00   1.092048e+05   1041s
  234946    1.1504966e+04   0.000000e+00   8.140890e+04   1046s
  235476    1.1504967e+04   0.000000e+00   1.871077e+05   1050s
  235986    1.1504968e+04   0.000000e+00   4.204017e+04   1055s
  237190    1.1504970e+04   0.000000e+00   1.214547e+05   1064s
  237792    1.1504971e+04   0.000000e+00   7.228671e+04   1069s
  238342    1.1504971e+04   0.000000e+00   6.702272e+04   1074s
  238872    1.1504972e+04   0.000000e+00   1.463718e+05   1078s
  239402    1.1504973e+04   0.000000e+00   1.524156e+05   1083s
  239872    1.1504973e+04   0.000000e+00   4.408642e+04   1088s
  240362    1.1504974e+04   0.000000e+00   9.472176e+04   1093s
  240892    1.1504975e+04   0.000000e+00   1.378906e+05   1097s
  241482    1.1504975e+04   0.000000e+00   8.539730e+04   1102s
  242052    1.1504976e+04   0.000000e+00   6.093723e+04   1107s
  242592    1.1504976e+04   0.000000e+00   8.467306e+04   1112s
  243112    1.1504977e+04   0.000000e+00   8.167208e+04   1116s
  243642    1.1504978e+04   0.000000e+00   5.358876e+04   1121s
  244192    1.1504979e+04   0.000000e+00   9.709447e+04   1126s
  244782    1.1504979e+04   0.000000e+00   7.775479e+04   1131s
  245384    1.1504980e+04   0.000000e+00   5.206241e+04   1136s
  245984    1.1504981e+04   0.000000e+00   5.349481e+04   1140s
  246554    1.1504982e+04   0.000000e+00   8.574583e+04   1145s
  247624    1.1504983e+04   0.000000e+00   5.839180e+04   1155s
  248144    1.1504983e+04   0.000000e+00   3.045784e+05   1159s
  248654    1.1504984e+04   0.000000e+00   8.146846e+04   1164s
  249184    1.1504984e+04   0.000000e+00   6.977753e+04   1169s
  249734    1.1504985e+04   0.000000e+00   1.307503e+05   1173s
  250284    1.1504985e+04   0.000000e+00   2.055627e+05   1178s
  250834    1.1504986e+04   0.000000e+00   7.796030e+04   1183s
  251394    1.1504987e+04   0.000000e+00   2.548591e+04   1188s
  251914    1.1504987e+04   0.000000e+00   4.863771e+04   1192s
  252434    1.1504988e+04   0.000000e+00   1.235615e+05   1197s
  252934    1.1504988e+04   0.000000e+00   1.056747e+05   1202s
  253444    1.1504989e+04   0.000000e+00   7.245118e+04   1207s
  253984    1.1504989e+04   0.000000e+00   3.737520e+04   1211s
  254554    1.1504990e+04   0.000000e+00   7.421555e+04   1216s
  255104    1.1504990e+04   0.000000e+00   4.353927e+04   1221s
  255684    1.1504991e+04   0.000000e+00   2.759715e+05   1225s
  256284    1.1504992e+04   0.000000e+00   2.693022e+04   1230s
  256874    1.1504992e+04   0.000000e+00   7.127048e+04   1235s
  258026    1.1504994e+04   0.000000e+00   4.864072e+04   1244s
  258628    1.1504994e+04   0.000000e+00   4.253194e+04   1248s
  259230    1.1504995e+04   0.000000e+00   6.485986e+04   1253s
  259832    1.1504996e+04   0.000000e+00   4.775187e+04   1257s
  260422    1.1504996e+04   0.000000e+00   3.655860e+05   1262s
  261022    1.1504997e+04   0.000000e+00   4.365232e+04   1267s
  261582    1.1504997e+04   0.000000e+00   1.201182e+05   1272s
  262082    1.1504998e+04   0.000000e+00   2.726289e+05   1276s
  262622    1.1504999e+04   0.000000e+00   7.366418e+04   1281s
  263202    1.1504999e+04   0.000000e+00   3.138415e+04   1286s
  263772    1.1505000e+04   0.000000e+00   2.030977e+04   1290s
  264332    1.1505000e+04   0.000000e+00   6.075156e+04   1295s
  265522    1.1505001e+04   0.000000e+00   7.333099e+04   1305s
  266072    1.1505002e+04   0.000000e+00   9.392923e+04   1309s
  266632    1.1505002e+04   0.000000e+00   7.192149e+04   1314s
  267192    1.1505003e+04   0.000000e+00   5.213229e+04   1319s
  267712    1.1505003e+04   0.000000e+00   9.667325e+04   1324s
  268262    1.1505004e+04   0.000000e+00   2.401599e+04   1328s
  268822    1.1505004e+04   0.000000e+00   8.482427e+04   1333s
  269392    1.1505005e+04   0.000000e+00   8.909190e+04   1338s
  269932    1.1505005e+04   0.000000e+00   1.068275e+05   1342s
  270492    1.1505006e+04   0.000000e+00   9.648798e+04   1347s
  271032    1.1505006e+04   0.000000e+00   3.651057e+04   1352s
  271592    1.1505007e+04   0.000000e+00   7.922895e+04   1356s
  272132    1.1505008e+04   0.000000e+00   3.127685e+04   1361s
  272662    1.1505008e+04   0.000000e+00   1.782985e+05   1366s
  273172    1.1505008e+04   0.000000e+00   1.607463e+05   1371s
  273722    1.1505009e+04   0.000000e+00   4.585238e+04   1375s
  274302    1.1505009e+04   0.000000e+00   4.284623e+04   1380s
  275442    1.1505010e+04   0.000000e+00   8.456246e+04   1390s
  275992    1.1505011e+04   0.000000e+00   8.638814e+04   1394s
  276562    1.1505012e+04   0.000000e+00   5.781492e+04   1399s
  277102    1.1505012e+04   0.000000e+00   7.982144e+04   1404s
  277592    1.1505013e+04   0.000000e+00   3.999385e+04   1408s
  278142    1.1505013e+04   0.000000e+00   6.498288e+04   1413s
  278672    1.1505014e+04   0.000000e+00   2.378823e+05   1418s
  279182    1.1505014e+04   0.000000e+00   6.647298e+04   1422s
  279702    1.1505014e+04   0.000000e+00   3.523456e+04   1427s
  280252    1.1505015e+04   0.000000e+00   9.347737e+04   1432s
  280732    1.1505015e+04   0.000000e+00   5.654592e+04   1436s
  281262    1.1505016e+04   0.000000e+00   2.113423e+04   1441s
  281802    1.1505016e+04   0.000000e+00   3.684112e+04   1446s
  282332    1.1505016e+04   0.000000e+00   5.672873e+04   1450s
  283412    1.1505017e+04   0.000000e+00   3.613946e+04   1460s
  283892    1.1505018e+04   0.000000e+00   1.261543e+05   1464s
  284362    1.1505018e+04   0.000000e+00   1.247414e+05   1469s
  284822    1.1505019e+04   0.000000e+00   3.372537e+04   1473s
  285362    1.1505019e+04   0.000000e+00   7.767375e+04   1478s
  285882    1.1505019e+04   0.000000e+00   3.784263e+04   1483s
  286422    1.1505020e+04   0.000000e+00   3.444884e+04   1488s
  286932    1.1505020e+04   0.000000e+00   5.599742e+04   1492s
  287492    1.1505021e+04   0.000000e+00   2.802498e+04   1497s
  288042    1.1505021e+04   0.000000e+00   3.600242e+04   1502s
  288572    1.1505022e+04   0.000000e+00   2.119917e+04   1506s
  289062    1.1505022e+04   0.000000e+00   5.023085e+04   1511s
  289542    1.1505022e+04   0.000000e+00   6.992502e+04   1516s
  290032    1.1505023e+04   0.000000e+00   5.129540e+04   1520s
  291042    1.1505023e+04   0.000000e+00   1.150906e+05   1529s
  291562    1.1505024e+04   0.000000e+00   2.020502e+04   1534s
  292082    1.1505024e+04   0.000000e+00   4.510487e+04   1539s
  292562    1.1505024e+04   0.000000e+00   4.826771e+04   1543s
  293062    1.1505025e+04   0.000000e+00   9.547984e+04   1548s
  293562    1.1505025e+04   0.000000e+00   7.855414e+04   1553s
  294032    1.1505025e+04   0.000000e+00   2.865162e+04   1557s
  294482    1.1505025e+04   0.000000e+00   4.972761e+04   1562s
  294962    1.1505026e+04   0.000000e+00   5.499261e+04   1566s
  295442    1.1505026e+04   0.000000e+00   3.661014e+04   1571s
  295952    1.1505026e+04   0.000000e+00   3.755984e+04   1576s
  296452    1.1505027e+04   0.000000e+00   2.263402e+04   1581s
  296972    1.1505027e+04   0.000000e+00   7.153855e+04   1585s
  297942    1.1505028e+04   0.000000e+00   6.372355e+04   1595s
  298422    1.1505028e+04   0.000000e+00   8.798041e+04   1599s
  298902    1.1505028e+04   0.000000e+00   1.901484e+04   1604s
  299432    1.1505029e+04   0.000000e+00   4.020601e+04   1608s
  299912    1.1505029e+04   0.000000e+00   4.245633e+04   1613s
  300412    1.1505029e+04   0.000000e+00   5.029869e+04   1618s
  300882    1.1505030e+04   0.000000e+00   8.183465e+04   1622s
  301342    1.1505030e+04   0.000000e+00   2.464387e+05   1627s
  301842    1.1505030e+04   0.000000e+00   5.707323e+04   1632s
  302372    1.1505031e+04   0.000000e+00   3.422090e+04   1636s
  302862    1.1505031e+04   0.000000e+00   2.334828e+04   1641s
  303352    1.1505031e+04   0.000000e+00   2.352790e+04   1645s
  303862    1.1505032e+04   0.000000e+00   1.188219e+05   1650s
  304822    1.1505032e+04   0.000000e+00   1.793124e+04   1659s
  305292    1.1505033e+04   0.000000e+00   3.066528e+04   1664s
  305772    1.1505033e+04   0.000000e+00   2.606652e+04   1669s
  306262    1.1505033e+04   0.000000e+00   2.438499e+04   1673s
  306722    1.1505034e+04   0.000000e+00   2.219595e+04   1678s
  307222    1.1505034e+04   0.000000e+00   3.023448e+04   1683s
  307712    1.1505034e+04   0.000000e+00   3.910100e+04   1687s
  308202    1.1505035e+04   0.000000e+00   1.018864e+06   1692s
  308672    1.1505035e+04   0.000000e+00   3.086843e+04   1697s
  309132    1.1505035e+04   0.000000e+00   5.790641e+04   1701s
  309612    1.1505035e+04   0.000000e+00   1.825812e+04   1706s
  310102    1.1505036e+04   0.000000e+00   6.449957e+04   1710s
  310572    1.1505036e+04   0.000000e+00   5.655995e+04   1715s
  311562    1.1505036e+04   0.000000e+00   1.023123e+05   1725s
  312062    1.1505037e+04   0.000000e+00   3.726602e+04   1729s
  312532    1.1505037e+04   0.000000e+00   5.936501e+04   1734s
  313022    1.1505037e+04   0.000000e+00   4.096708e+04   1738s
  313542    1.1505038e+04   0.000000e+00   7.090976e+04   1743s
  314022    1.1505038e+04   0.000000e+00   7.737696e+04   1748s
  314472    1.1505038e+04   0.000000e+00   2.866766e+04   1753s
  314932    1.1505038e+04   0.000000e+00   8.852923e+04   1757s
  315422    1.1505039e+04   0.000000e+00   3.733210e+04   1762s
  315922    1.1505039e+04   0.000000e+00   3.732355e+04   1766s
  316382    1.1505039e+04   0.000000e+00   1.351901e+04   1771s
  316872    1.1505039e+04   0.000000e+00   3.504980e+04   1775s
  317402    1.1505040e+04   0.000000e+00   3.524179e+05   1780s
  318412    1.1505040e+04   0.000000e+00   8.179724e+04   1790s
  318942    1.1505041e+04   0.000000e+00   1.302048e+04   1794s
  319472    1.1505041e+04   0.000000e+00   3.630914e+04   1799s
  319982    1.1505041e+04   0.000000e+00   1.058078e+05   1804s
  320492    1.1505042e+04   0.000000e+00   1.635433e+04   1808s
  320982    1.1505042e+04   0.000000e+00   3.337297e+04   1813s
  321492    1.1505042e+04   0.000000e+00   8.004659e+04   1818s
  321992    1.1505042e+04   0.000000e+00   1.805800e+04   1822s
  322532    1.1505043e+04   0.000000e+00   3.549612e+04   1827s
  323052    1.1505043e+04   0.000000e+00   1.631094e+04   1832s
  323532    1.1505043e+04   0.000000e+00   1.653364e+04   1836s
  324042    1.1505044e+04   0.000000e+00   4.299333e+04   1841s
  324552    1.1505044e+04   0.000000e+00   1.325848e+04   1845s
  325542    1.1505044e+04   0.000000e+00   2.042338e+04   1855s
  325992    1.1505045e+04   0.000000e+00   3.528276e+04   1859s
  326462    1.1505045e+04   0.000000e+00   2.352805e+04   1864s
  326942    1.1505045e+04   0.000000e+00   1.909864e+04   1868s
  327472    1.1505046e+04   0.000000e+00   1.695214e+04   1873s
  327982    1.1505046e+04   0.000000e+00   6.262042e+04   1877s
  328502    1.1505046e+04   0.000000e+00   2.050773e+04   1882s
  329042    1.1505046e+04   0.000000e+00   2.497357e+04   1887s
  329582    1.1505047e+04   0.000000e+00   1.087382e+04   1891s
  330142    1.1505047e+04   0.000000e+00   1.258128e+04   1896s
  330692    1.1505047e+04   0.000000e+00   6.413259e+04   1901s
  331212    1.1505047e+04   0.000000e+00   3.576358e+04   1905s
  332202    1.1505048e+04   0.000000e+00   9.585142e+03   1915s
  332732    1.1505048e+04   0.000000e+00   2.614518e+04   1919s
  333242    1.1505048e+04   0.000000e+00   1.426880e+04   1924s
  333762    1.1505049e+04   0.000000e+00   1.841631e+04   1928s
  334342    1.1505049e+04   0.000000e+00   1.345258e+04   1933s
  334852    1.1505049e+04   0.000000e+00   2.238902e+04   1938s
  335362    1.1505049e+04   0.000000e+00   1.657898e+04   1942s
  335902    1.1505050e+04   0.000000e+00   2.919718e+04   1947s
  336432    1.1505050e+04   0.000000e+00   3.871686e+05   1952s
  336912    1.1505050e+04   0.000000e+00   9.108808e+03   1956s
  337392    1.1505050e+04   0.000000e+00   9.341279e+03   1961s
  337942    1.1505051e+04   0.000000e+00   9.001267e+04   1965s
  339012    1.1505051e+04   0.000000e+00   4.989632e+04   1975s
  339512    1.1505051e+04   0.000000e+00   2.884748e+04   1979s
  340042    1.1505052e+04   0.000000e+00   1.686100e+04   1984s
  340582    1.1505052e+04   0.000000e+00   7.155047e+03   1988s
  341102    1.1505052e+04   0.000000e+00   1.649263e+04   1993s
  341632    1.1505052e+04   0.000000e+00   7.168061e+04   1998s
  342172    1.1505052e+04   0.000000e+00   2.821444e+04   2002s
  342682    1.1505053e+04   0.000000e+00   1.091255e+04   2007s
  343182    1.1505053e+04   0.000000e+00   1.072527e+04   2012s
  343702    1.1505053e+04   0.000000e+00   9.234775e+03   2016s
  344212    1.1505053e+04   0.000000e+00   4.601023e+04   2021s
  344752    1.1505054e+04   0.000000e+00   2.908945e+04   2025s
  345812    1.1505054e+04   0.000000e+00   1.137339e+04   2035s
  346362    1.1505054e+04   0.000000e+00   1.496226e+05   2039s
  346882    1.1505055e+04   0.000000e+00   4.830751e+04   2044s
  347452    1.1505055e+04   0.000000e+00   9.031820e+04   2049s
  348022    1.1505055e+04   0.000000e+00   1.176240e+04   2053s
  348522    1.1505055e+04   0.000000e+00   1.042038e+04   2058s
  349032    1.1505055e+04   0.000000e+00   1.592297e+04   2062s
  349552    1.1505056e+04   0.000000e+00   9.465036e+03   2067s
  350052    1.1505056e+04   0.000000e+00   3.976324e+03   2072s
  350512    1.1505056e+04   0.000000e+00   3.231042e+04   2076s
  351002    1.1505056e+04   0.000000e+00   4.783778e+04   2080s
  351472    1.1505056e+04   0.000000e+00   1.651228e+04   2085s
  352472    1.1505056e+04   0.000000e+00   2.050852e+04   2094s
  353012    1.1505057e+04   0.000000e+00   6.626515e+03   2099s
  353502    1.1505057e+04   0.000000e+00   3.207636e+03   2103s
  354032    1.1505057e+04   0.000000e+00   1.004468e+04   2108s
  354542    1.1505057e+04   0.000000e+00   2.351668e+04   2113s
  355032    1.1505057e+04   0.000000e+00   3.528936e+04   2117s
  355582    1.1505057e+04   0.000000e+00   1.466736e+04   2122s
  356142    1.1505058e+04   0.000000e+00   5.173948e+03   2126s
  356672    1.1505058e+04   0.000000e+00   1.522448e+04   2131s
  357182    1.1505058e+04   0.000000e+00   5.856467e+03   2136s
  357712    1.1505058e+04   0.000000e+00   1.775370e+04   2140s
  358792    1.1505058e+04   0.000000e+00   7.196145e+03   2149s
  359292    1.1505058e+04   0.000000e+00   1.092329e+04   2154s
  359782    1.1505059e+04   0.000000e+00   3.945817e+03   2159s
  360282    1.1505059e+04   0.000000e+00   1.283122e+04   2163s
  360792    1.1505059e+04   0.000000e+00   4.648571e+03   2168s
  361322    1.1505059e+04   0.000000e+00   6.760199e+03   2172s
  361852    1.1505059e+04   0.000000e+00   3.640091e+04   2177s
  362312    1.1505060e+04   0.000000e+00   1.119040e+04   2182s
  362812    1.1505060e+04   0.000000e+00   2.839295e+04   2186s
  363312    1.1505060e+04   0.000000e+00   5.287031e+03   2191s
  363852    1.1505060e+04   0.000000e+00   1.457447e+04   2195s
  364922    1.1505060e+04   0.000000e+00   4.046772e+03   2204s
  365402    1.1505060e+04   0.000000e+00   5.153342e+03   2209s
  365912    1.1505060e+04   0.000000e+00   5.035936e+03   2213s
  366402    1.1505061e+04   0.000000e+00   3.617937e+03   2218s
  366912    1.1505061e+04   0.000000e+00   4.914601e+03   2222s
  367402    1.1505061e+04   0.000000e+00   9.196408e+03   2227s
  367932    1.1505061e+04   0.000000e+00   7.241588e+03   2232s
  368452    1.1505061e+04   0.000000e+00   2.539913e+03   2236s
  368962    1.1505061e+04   0.000000e+00   3.908007e+03   2241s
  369462    1.1505061e+04   0.000000e+00   3.053121e+03   2245s
  370012    1.1505062e+04   0.000000e+00   3.465282e+03   2250s
  371032    1.1505062e+04   0.000000e+00   2.618843e+03   2259s
  371542    1.1505062e+04   0.000000e+00   5.112800e+03   2264s
  372062    1.1505062e+04   0.000000e+00   3.355577e+04   2268s
  372542    1.1505062e+04   0.000000e+00   8.671724e+04   2273s
  373012    1.1505062e+04   0.000000e+00   2.505496e+03   2277s
  373512    1.1505063e+04   0.000000e+00   9.999851e+03   2282s
  374042    1.1505063e+04   0.000000e+00   3.564279e+03   2286s
  374562    1.1505063e+04   0.000000e+00   6.866647e+04   2291s
  375042    1.1505063e+04   0.000000e+00   1.398231e+04   2295s
  376032    1.1505063e+04   0.000000e+00   2.003026e+03   2304s
  376512    1.1505063e+04   0.000000e+00   4.805524e+03   2308s
  376972    1.1505063e+04   0.000000e+00   5.739435e+03   2313s
  377502    1.1505063e+04   0.000000e+00   2.021095e+04   2318s
  378062    1.1505064e+04   0.000000e+00   1.392423e+04   2322s
  378592    1.1505064e+04   0.000000e+00   1.862040e+04   2327s
  379112    1.1505064e+04   0.000000e+00   2.559452e+03   2331s
  379612    1.1505064e+04   0.000000e+00   9.719012e+03   2335s
  380552    1.1505064e+04   0.000000e+00   1.993890e+03   2344s
  381042    1.1505064e+04   0.000000e+00   7.136834e+03   2349s
  381512    1.1505064e+04   0.000000e+00   1.630614e+03   2353s
  381982    1.1505064e+04   0.000000e+00   1.650373e+03   2358s
  382452    1.1505065e+04   0.000000e+00   4.622202e+03   2362s
  382932    1.1505065e+04   0.000000e+00   3.278261e+03   2367s
  383412    1.1505065e+04   0.000000e+00   1.299393e+04   2371s
  383882    1.1505065e+04   0.000000e+00   4.620395e+03   2375s
  384952    1.1505065e+04   0.000000e+00   1.565540e+03   2385s
  385422    1.1505065e+04   0.000000e+00   5.549290e+03   2389s
  385882    1.1505065e+04   0.000000e+00   2.459751e+03   2393s
  386362    1.1505065e+04   0.000000e+00   4.322404e+04   2397s
  386832    1.1505065e+04   0.000000e+00   2.646556e+03   2402s
  387322    1.1505065e+04   0.000000e+00   3.070694e+03   2406s
  387822    1.1505066e+04   0.000000e+00   2.228473e+03   2411s
  388302    1.1505066e+04   0.000000e+00   9.152200e+03   2415s
  389182    1.1505066e+04   0.000000e+00   1.058602e+04   2424s
  389642    1.1505066e+04   0.000000e+00   3.245771e+03   2429s
  390102    1.1505066e+04   0.000000e+00   7.274724e+03   2433s
  390542    1.1505066e+04   0.000000e+00   2.220726e+03   2438s
  390972    1.1505066e+04   0.000000e+00   1.598069e+03   2442s
  391432    1.1505066e+04   0.000000e+00   2.731875e+03   2446s
  391902    1.1505066e+04   0.000000e+00   1.266402e+04   2451s
  392362    1.1505066e+04   0.000000e+00   1.033817e+03   2455s
  393262    1.1505066e+04   0.000000e+00   1.644956e+03   2464s
  393712    1.1505066e+04   0.000000e+00   1.733675e+03   2468s
  394192    1.1505066e+04   0.000000e+00   8.075699e+03   2473s
  394662    1.1505066e+04   0.000000e+00   4.707407e+03   2477s
  395102    1.1505067e+04   0.000000e+00   2.330315e+03   2481s
  395552    1.1505067e+04   0.000000e+00   5.565169e+03   2485s
  396542    1.1505067e+04   0.000000e+00   2.867629e+03   2495s
  397062    1.1505067e+04   0.000000e+00   1.127960e+03   2499s
  397542    1.1505067e+04   0.000000e+00   1.959880e+03   2503s
  398002    1.1505067e+04   0.000000e+00   4.616965e+03   2508s
  398452    1.1505067e+04   0.000000e+00   2.080511e+03   2512s
  398942    1.1505067e+04   0.000000e+00   2.337813e+03   2516s
  399412    1.1505067e+04   0.000000e+00   2.977178e+03   2521s
  399892    1.1505067e+04   0.000000e+00   1.697156e+03   2525s
  400862    1.1505067e+04   0.000000e+00   3.957390e+03   2534s
  401342    1.1505067e+04   0.000000e+00   8.933727e+02   2539s
  401792    1.1505067e+04   0.000000e+00   6.213185e+02   2543s
  402252    1.1505067e+04   0.000000e+00   1.481846e+03   2547s
  402762    1.1505067e+04   0.000000e+00   7.618912e+02   2552s
  403262    1.1505067e+04   0.000000e+00   1.032573e+03   2556s
  403742    1.1505068e+04   0.000000e+00   2.674765e+03   2560s
  404702    1.1505068e+04   0.000000e+00   9.861272e+03   2569s
  405182    1.1505068e+04   0.000000e+00   4.995334e+02   2573s
  405662    1.1505068e+04   0.000000e+00   1.539610e+03   2578s
  406102    1.1505068e+04   0.000000e+00   4.823361e+02   2582s
  406582    1.1505068e+04   0.000000e+00   2.754493e+03   2586s
  407102    1.1505068e+04   0.000000e+00   3.156772e+03   2591s
  407582    1.1505068e+04   0.000000e+00   6.446071e+02   2595s
  408542    1.1505068e+04   0.000000e+00   7.530381e+02   2604s
  409012    1.1505068e+04   0.000000e+00   8.754147e+02   2608s
  409512    1.1505068e+04   0.000000e+00   2.892192e+02   2613s
  410012    1.1505068e+04   0.000000e+00   4.046423e+02   2617s
  410462    1.1505068e+04   0.000000e+00   3.332168e+02   2621s
  410912    1.1505068e+04   0.000000e+00   4.417189e+03   2626s
  411812    1.1505068e+04   0.000000e+00   7.970136e+02   2634s
  412292    1.1505068e+04   0.000000e+00   3.500969e+02   2638s
  412772    1.1505068e+04   0.000000e+00   7.048640e+02   2643s
  413232    1.1505068e+04   0.000000e+00   9.042016e+02   2647s
  413672    1.1505068e+04   0.000000e+00   7.533676e+02   2651s
  414122    1.1505068e+04   0.000000e+00   6.160616e+02   2656s
  415092    1.1505068e+04   0.000000e+00   3.535698e+02   2664s
  415592    1.1505068e+04   0.000000e+00   2.142637e+03   2669s
  416062    1.1505068e+04   0.000000e+00   7.343503e+02   2673s
  416542    1.1505068e+04   0.000000e+00   5.308220e+02   2677s
  417012    1.1505068e+04   0.000000e+00   5.147781e+02   2681s
  417482    1.1505069e+04   0.000000e+00   2.091387e+03   2686s
  417912    1.1505069e+04   0.000000e+00   2.055970e+02   2690s
  418782    1.1505069e+04   0.000000e+00   8.012732e+02   2698s
  419242    1.1505069e+04   0.000000e+00   3.902965e+02   2703s
  419692    1.1505069e+04   0.000000e+00   2.392975e+02   2707s
  420192    1.1505069e+04   0.000000e+00   1.280662e+02   2711s
  420682    1.1505069e+04   0.000000e+00   2.396568e+03   2715s
  421642    1.1505069e+04   0.000000e+00   3.923839e+02   2724s
  422152    1.1505069e+04   0.000000e+00   1.003265e+02   2728s
  422642    1.1505069e+04   0.000000e+00   5.042001e+02   2733s
  423122    1.1505069e+04   0.000000e+00   1.539632e+02   2737s
  423592    1.1505069e+04   0.000000e+00   2.177883e+02   2741s
  424032    1.1505069e+04   0.000000e+00   2.999002e+02   2745s
  424962    1.1505069e+04   0.000000e+00   9.268747e+02   2754s
  425462    1.1505069e+04   0.000000e+00   9.630071e+01   2758s
  425992    1.1505069e+04   0.000000e+00   6.512299e+01   2763s
  426492    1.1505069e+04   0.000000e+00   1.045037e+02   2767s
  426922    1.1505069e+04   0.000000e+00   2.184285e+02   2771s
  427362    1.1505069e+04   0.000000e+00   9.387457e+01   2775s
  428272    1.1505069e+04   0.000000e+00   3.411063e+01   2784s
  428702    1.1505069e+04   0.000000e+00   7.867056e+01   2788s
  429142    1.1505069e+04   0.000000e+00   5.796991e+01   2792s
  429602    1.1505069e+04   0.000000e+00   4.824128e+01   2796s
  430112    1.1505069e+04   0.000000e+00   1.163296e+02   2800s
  431122    1.1505069e+04   0.000000e+00   4.572261e+01   2809s
  431642    1.1505069e+04   0.000000e+00   4.927345e+01   2813s
  432132    1.1505069e+04   0.000000e+00   1.380896e+01   2817s
  432592    1.1505069e+04   0.000000e+00   1.322626e+01   2821s
  433602    1.1505069e+04   0.000000e+00   2.614154e+00   2829s
  434122    1.1505069e+04   0.000000e+00   1.814123e+00   2833s
  434652    1.1505069e+04   0.000000e+00   3.684637e-01   2837s
  435182    1.1505069e+04   0.000000e+00   1.458077e-01   2840s
  436062    1.1505069e+04   0.000000e+00   9.506427e-02   2848s
  436472    1.1505069e+04   0.000000e+00   4.276546e-02   2851s
  437202    1.1505069e+04   0.000000e+00   6.607144e-02   2858s
  437592    1.1505069e+04   0.000000e+00   2.167708e-02   2861s
  438282    1.1505069e+04   0.000000e+00   3.254985e-02   2867s
  438642    1.1505069e+04   0.000000e+00   1.982986e-02   2871s
Extra simplex iterations after uncrush: 391200
  438895    1.1503619e+04   0.000000e+00   0.000000e+00   2874s

Solved in 438895 iterations and 2873.94 seconds (4673.59 work units)
Optimal objective  1.150361947e+04
