
Gurobi 10.0.1 (linux64) logging started Mon Mar 10 21:36:58 2025

Set parameter LogFile to value "Results/Conservative_experiment/c1_0.50_c2_0.50.log"
Set parameter TimeLimit to value 36000
Gurobi Optimizer version 10.0.1 build v10.0.1rc0 (linux64)

CPU model: AMD EPYC 9654 96-Core Processor, instruction set [SSE2|AVX|AVX2|AVX512]
Thread count: 192 physical cores, 192 logical processors, using up to 32 threads

Academic license 656792 - for non-commercial use only - registered to b.___@student.vu.nl
Optimize a model with 1498050 rows, 1622512 columns and 5976640 nonzeros
Model fingerprint: 0x5c108a55
Coefficient statistics:
  Matrix range     [5e-01, 1e+00]
  Objective range  [6e-02, 5e+00]
  Bounds range     [0e+00, 0e+00]
  RHS range        [1e-02, 1e+03]
Presolve removed 955510 rows and 878809 columns (presolve time = 5s) ...
Presolve removed 955510 rows and 878809 columns
Presolve time: 5.16s
Presolved: 542540 rows, 743703 columns, 2508755 nonzeros

Concurrent LP optimizer: primal simplex, dual simplex, and barrier
Showing barrier log only...

Ordering time: 1.36s

Barrier statistics:
 AA' NZ     : 1.721e+06
 Factor NZ  : 1.393e+07 (roughly 250 MB of memory)
 Factor Ops : 7.897e+09 (less than 1 second per iteration)
 Threads    : 30

                  Objective                Residual
Iter       Primal          Dual         Primal    Dual     Compl     Time
   0  -1.26731823e+07  1.39890730e+08  9.82e+05 1.21e+02  3.06e+04     8s
   1  -1.12682028e+07  1.17513408e+08  5.21e+05 1.24e+02  1.46e+04     8s
   2  -1.55476797e+07  9.06403586e+07  8.59e+04 6.41e+01  3.34e+03     8s
   3  -3.94601928e+07  8.46605082e+07  3.24e+04 6.21e+01  2.22e+03     8s
   4  -5.29655070e+07  1.54534745e+07  1.01e+04 6.16e+00  4.57e+02     9s
   5  -2.43128883e+07  4.61770798e+06  3.44e+03 1.07e+00  1.46e+02     9s
   6  -6.69313478e+06  1.38290814e+06  6.14e+02 3.60e-02  3.22e+01     9s
   7  -1.09853582e+06  6.43319987e+05  8.96e+01 5.86e-03  6.31e+00     9s
   8  -4.26185944e+05  3.50650765e+05  3.66e+01 2.20e-03  2.74e+00     9s
   9  -1.52534147e+05  2.41427281e+05  1.53e+01 8.28e-04  1.35e+00     9s
  10  -3.90023801e+04  1.46073914e+05  6.47e+00 1.17e-03  6.18e-01     9s
  11  -2.63492878e+04  1.16647738e+05  5.30e+00 4.46e-03  4.73e-01    10s
  12  -1.70323042e+04  8.03263134e+04  3.42e+00 9.95e-04  3.11e-01    10s
  13  -2.40822061e+03  7.07050646e+04  1.76e+00 9.45e-04  2.27e-01    10s
  14   4.90567237e+03  4.60679136e+04  6.77e-01 2.74e-12  1.24e-01    10s
  15   7.55869904e+03  3.37596582e+04  3.47e-01 1.60e-12  7.82e-02    10s
  16   7.66286164e+03  2.68376212e+04  3.36e-01 1.63e-12  5.72e-02    10s
  17   9.82613363e+03  1.80451129e+04  1.15e-01 2.90e-12  2.43e-02    10s
  18   1.02371938e+04  1.63862028e+04  8.34e-02 3.53e-12  1.81e-02    11s
  19   1.06414930e+04  1.46722090e+04  5.35e-02 3.85e-12  1.19e-02    11s
  20   1.09413211e+04  1.37888650e+04  3.35e-02 3.02e-12  8.37e-03    11s
  21   1.11378091e+04  1.28052635e+04  2.09e-02 3.70e-12  4.90e-03    11s
  22   1.12324375e+04  1.24240306e+04  1.51e-02 3.39e-12  3.50e-03    11s
  23   1.12792969e+04  1.20851787e+04  1.24e-02 5.48e-12  2.37e-03    11s
  24   1.13310072e+04  1.19469716e+04  9.59e-03 3.43e-12  1.81e-03    11s
  25   1.13774194e+04  1.18368071e+04  7.37e-03 3.22e-12  1.35e-03    12s
  26   1.14562961e+04  1.18235667e+04  4.68e-03 3.32e-12  1.08e-03    12s
  27   1.14728089e+04  1.17974718e+04  4.28e-03 3.52e-12  9.55e-04    12s
  28   1.15025301e+04  1.17786391e+04  3.41e-03 3.44e-12  8.12e-04    12s
  29   1.15239595e+04  1.17264155e+04  2.70e-03 2.53e-12  5.96e-04    12s
  30   1.15493723e+04  1.17090571e+04  1.71e-03 3.90e-12  4.69e-04    13s
  31   1.15582480e+04  1.16869654e+04  1.48e-03 3.09e-12  3.78e-04    13s
  32   1.15611923e+04  1.16778857e+04  1.35e-03 4.36e-12  3.43e-04    13s
  33   1.15803567e+04  1.16581766e+04  7.12e-04 3.92e-12  2.28e-04    13s
  34   1.15891926e+04  1.16482706e+04  5.30e-04 3.75e-12  1.73e-04    13s
  35   1.15893466e+04  1.16415669e+04  4.96e-04 3.81e-12  1.53e-04    14s
  36   1.15930985e+04  1.16324255e+04  3.90e-04 3.27e-12  1.15e-04    14s
  37   1.15963615e+04  1.16290748e+04  3.05e-04 3.48e-12  9.60e-05    14s
  38   1.15974272e+04  1.16244549e+04  2.86e-04 5.19e-12  7.94e-05    14s
  39   1.15989450e+04  1.16232078e+04  2.45e-04 4.05e-12  7.12e-05    15s
  40   1.15997366e+04  1.16202493e+04  2.19e-04 6.97e-12  6.03e-05    15s
  41   1.16012048e+04  1.16195775e+04  1.84e-04 5.21e-12  5.39e-05    15s
  42   1.16019892e+04  1.16186488e+04  1.65e-04 5.11e-12  4.89e-05    15s
  43   1.16038645e+04  1.16177660e+04  1.25e-04 7.32e-12  4.08e-05    15s
  44   1.16048402e+04  1.16168206e+04  1.05e-04 7.19e-12  3.52e-05    16s
  45   1.16061790e+04  1.16154514e+04  8.04e-05 7.59e-12  2.72e-05    16s
  46   1.16095060e+04  1.16134430e+04  2.34e-05 7.74e-12  1.15e-05    16s
  47   1.16106567e+04  1.16112472e+04  3.24e-06 4.37e-12  1.73e-06    16s
  48   1.16108537e+04  1.16110830e+04  3.80e-07 7.40e-12  6.69e-07    16s
  49   1.16108645e+04  1.16109805e+04  2.49e-07 7.59e-12  3.39e-07    17s
  50   1.16108878e+04  1.16109027e+04  1.43e-08 6.44e-12  4.35e-08    17s
  51   1.16108910e+04  1.16108911e+04  3.90e-10 8.81e-12  2.69e-10    17s

Barrier solved model in 51 iterations and 16.80 seconds (14.15 work units)
Optimal objective 1.16108910e+04

Crossover log...

   77609 DPushes remaining with DInf 0.0000000e+00                17s
       0 DPushes remaining with DInf 0.0000000e+00                18s

   52028 PPushes remaining with PInf 7.7960626e-06                18s
       0 PPushes remaining with PInf 0.0000000e+00                18s

  Push phase complete: Pinf 0.0000000e+00, Dinf 1.9684560e-11     18s


Solved with barrier
Extra simplex iterations after uncrush: 2498
Iteration    Objective       Primal Inf.    Dual Inf.      Time
   98363    1.1610891e+04   0.000000e+00   0.000000e+00     19s

Use crossover to convert LP symmetric solution to basic solution...
Crossover log...

   42485 DPushes remaining with DInf 0.0000000e+00                20s
   24405 DPushes remaining with DInf 0.0000000e+00                20s
       0 DPushes remaining with DInf 0.0000000e+00                21s

    4626 PPushes remaining with PInf 0.0000000e+00                21s
       0 PPushes remaining with PInf 0.0000000e+00                21s

  Push phase complete: Pinf 0.0000000e+00, Dinf 3.9200171e-12     21s

Iteration    Objective       Primal Inf.    Dual Inf.      Time
  149390    1.1610891e+04   0.000000e+00   5.272564e+00     25s
  151196    1.1610891e+04   0.000000e+00   1.259901e+01     31s
  153002    1.1610891e+04   0.000000e+00   1.898770e-01     37s
  153952    1.1610891e+04   0.000000e+00   2.024771e-02     41s
Extra simplex iterations after uncrush: 8690
  154158    1.1610891e+04   0.000000e+00   0.000000e+00     43s

Solved in 154158 iterations and 43.00 seconds (74.70 work units)
Optimal objective  1.161089104e+04
