
Gurobi 10.0.1 (linux64) logging started Mon Mar 10 21:47:36 2025

Set parameter LogFile to value "Results/Conservative_experiment/c1_0.90_c2_0.80.log"
Set parameter TimeLimit to value 36000
Gurobi Optimizer version 10.0.1 build v10.0.1rc0 (linux64)

CPU model: AMD EPYC 9654 96-Core Processor, instruction set [SSE2|AVX|AVX2|AVX512]
Thread count: 192 physical cores, 192 logical processors, using up to 32 threads

Academic license 656792 - for non-commercial use only - registered to b.___@student.vu.nl
Optimize a model with 1498050 rows, 1622512 columns and 5976640 nonzeros
Model fingerprint: 0x214c1a1c
Coefficient statistics:
  Matrix range     [8e-01, 1e+00]
  Objective range  [6e-02, 5e+00]
  Bounds range     [0e+00, 0e+00]
  RHS range        [1e-02, 1e+03]
Presolve removed 955510 rows and 878809 columns (presolve time = 5s) ...
Presolve removed 955510 rows and 878809 columns
Presolve time: 5.22s
Presolved: 542540 rows, 743703 columns, 2508755 nonzeros

Concurrent LP optimizer: primal simplex, dual simplex, and barrier
Showing barrier log only...

Ordering time: 1.42s

Barrier statistics:
 AA' NZ     : 1.721e+06
 Factor NZ  : 1.393e+07 (roughly 250 MB of memory)
 Factor Ops : 7.897e+09 (less than 1 second per iteration)
 Threads    : 30

                  Objective                Residual
Iter       Primal          Dual         Primal    Dual     Compl     Time
   0  -6.97971975e+06  1.56079694e+08  9.47e+05 8.39e+01  2.10e+04     8s
   1  -7.61303055e+06  1.35845690e+08  5.86e+05 1.71e+02  1.25e+04     8s
   2  -1.10016091e+07  1.09716186e+08  1.45e+05 8.19e+01  3.98e+03     8s
   3  -2.22630718e+08  4.31208640e+07  4.76e+04 1.67e+01  1.78e+03     9s
   4  -8.71259976e+07  9.56556125e+06  1.18e+04 1.12e+00  4.04e+02     9s
   5  -2.85274914e+07  3.68042275e+06  3.45e+03 1.97e-01  1.23e+02     9s
   6  -8.49199672e+06  1.50511536e+06  9.36e+02 5.05e-02  3.58e+01     9s
   7  -2.66678816e+06  6.58149278e+05  2.70e+02 1.40e-02  1.14e+01     9s
   8  -7.00856838e+05  2.18724836e+05  6.63e+01 1.60e-03  3.03e+00     9s
   9  -1.08531999e+05  1.16882031e+05  1.24e+01 2.50e-12  7.21e-01    10s
  10  -4.27181523e+04  8.60989216e+04  7.16e+00 1.36e-12  4.07e-01    10s
  11  -1.57425015e+04  6.16426454e+04  4.48e+00 1.84e-12  2.41e-01    10s
  12  -4.99020485e+03  4.19614873e+04  2.91e+00 1.46e-12  1.44e-01    10s
  13   2.98327418e+03  2.94263885e+04  1.53e+00 1.52e-12  7.99e-02    10s
  14   3.47269875e+03  2.67611842e+04  1.44e+00 2.15e-12  7.04e-02    10s
  15   9.01751457e+03  2.04135592e+04  3.93e-01 1.64e-12  3.38e-02    11s
  16   9.62661961e+03  1.72376483e+04  2.92e-01 1.75e-12  2.25e-02    11s
  17   9.96269208e+03  1.55370953e+04  2.39e-01 1.97e-12  1.65e-02    11s
  18   1.04440254e+04  1.37092862e+04  1.63e-01 1.37e-12  9.69e-03    11s
  19   1.08799228e+04  1.30551466e+04  9.48e-02 1.92e-12  6.44e-03    11s
  20   1.10955613e+04  1.24928745e+04  6.17e-02 2.24e-12  4.14e-03    11s
  21   1.11797590e+04  1.22414103e+04  4.92e-02 1.74e-12  3.15e-03    11s
  22   1.12664665e+04  1.20832620e+04  3.75e-02 2.66e-12  2.42e-03    12s
  23   1.13002150e+04  1.20054421e+04  3.40e-02 2.22e-12  2.09e-03    12s
  24   1.13560054e+04  1.19916594e+04  3.00e-02 3.60e-12  1.88e-03    12s
  25   1.13637120e+04  1.19651627e+04  2.82e-02 3.14e-12  1.78e-03    12s
  26   1.14007020e+04  1.19229529e+04  2.46e-02 4.02e-12  1.55e-03    12s
  27   1.14092570e+04  1.19110292e+04  2.33e-02 3.59e-12  1.49e-03    13s
  28   1.14177266e+04  1.18857019e+04  2.22e-02 3.96e-12  1.39e-03    13s
  29   1.14508452e+04  1.18233685e+04  1.81e-02 3.64e-12  1.10e-03    13s
  30   1.14951507e+04  1.18033542e+04  1.32e-02 3.49e-12  9.12e-04    13s
  31   1.15250773e+04  1.17595583e+04  9.74e-03 2.48e-12  6.94e-04    14s
  32   1.15379827e+04  1.17479641e+04  8.63e-03 3.36e-12  6.21e-04    14s
  33   1.15385418e+04  1.17391961e+04  8.30e-03 3.57e-12  5.93e-04    14s
  34   1.15482280e+04  1.17364353e+04  7.50e-03 3.49e-12  5.56e-04    14s
  35   1.15625877e+04  1.17075170e+04  5.72e-03 3.78e-12  4.28e-04    14s
  36   1.15740554e+04  1.16934290e+04  4.33e-03 3.11e-12  3.52e-04    14s
  37   1.15762640e+04  1.16776585e+04  4.07e-03 2.97e-12  3.00e-04    15s
  38   1.15840000e+04  1.16736908e+04  3.27e-03 2.88e-12  2.65e-04    15s
  39   1.15862838e+04  1.16620749e+04  3.08e-03 1.85e-12  2.24e-04    15s
  40   1.15892131e+04  1.16609937e+04  2.85e-03 2.57e-12  2.12e-04    15s
  41   1.15941130e+04  1.16576419e+04  2.57e-03 2.33e-12  1.88e-04    16s
  42   1.15985210e+04  1.16568415e+04  2.39e-03 2.57e-12  1.73e-04    16s
  43   1.16007666e+04  1.16534913e+04  2.25e-03 2.30e-12  1.56e-04    16s
  44   1.16038653e+04  1.16529818e+04  2.01e-03 2.72e-12  1.45e-04    16s
  45   1.16048555e+04  1.16517723e+04  1.95e-03 4.65e-12  1.39e-04    17s
  46   1.16072689e+04  1.16479884e+04  1.63e-03 1.95e-12  1.20e-04    17s
  47   1.16110067e+04  1.16464360e+04  1.27e-03 4.02e-12  1.05e-04    17s
  48   1.16122565e+04  1.16420658e+04  1.15e-03 3.54e-12  8.81e-05    17s
  49   1.16138322e+04  1.16364501e+04  9.47e-04 2.92e-12  6.69e-05    18s
  50   1.16190051e+04  1.16304579e+04  1.26e-04 2.23e-12  3.35e-05    18s
  51   1.16202389e+04  1.16259400e+04  1.81e-05 3.29e-12  1.66e-05    18s
  52   1.16205490e+04  1.16241999e+04  3.74e-06 3.94e-12  1.06e-05    18s
  53   1.16205733e+04  1.16218066e+04  3.07e-06 2.95e-12  3.60e-06    18s
  54   1.16206257e+04  1.16215780e+04  1.55e-06 4.53e-12  2.78e-06    18s
  55   1.16206458e+04  1.16213387e+04  9.62e-07 3.92e-12  2.02e-06    19s
  56   1.16206606e+04  1.16212489e+04  6.15e-07 5.87e-12  1.71e-06    19s
  57   1.16206759e+04  1.16208234e+04  3.27e-07 6.82e-12  4.31e-07    19s
  58   1.16206829e+04  1.16207342e+04  2.09e-07 9.72e-12  1.51e-07    19s
  59   1.16206876e+04  1.16207260e+04  1.34e-07 1.51e-11  1.12e-07    19s
  60   1.16206898e+04  1.16207174e+04  9.91e-08 1.66e-11  8.08e-08    19s
  61   1.16206909e+04  1.16207132e+04  8.15e-08 1.80e-11  6.55e-08    19s
  62   1.16206946e+04  1.16207032e+04  2.28e-08 1.42e-11  2.53e-08    20s
  63   1.16206947e+04  1.16207025e+04  3.64e-08 1.22e-11  2.29e-08    20s
  64   1.16206955e+04  1.16206970e+04  1.55e-08 1.27e-11  4.20e-09    20s
  65   1.16206961e+04  1.16206962e+04  2.47e-08 1.55e-11  1.79e-10    20s

Barrier solved model in 65 iterations and 19.96 seconds (15.93 work units)
Optimal objective 1.16206961e+04

Crossover log...

   30231 DPushes remaining with DInf 0.0000000e+00                20s
       0 DPushes remaining with DInf 0.0000000e+00                20s

  105423 PPushes remaining with PInf 2.2146477e-05                20s
       0 PPushes remaining with PInf 0.0000000e+00                21s

  Push phase complete: Pinf 0.0000000e+00, Dinf 1.9772850e-11     21s


Solved with barrier
Extra simplex iterations after uncrush: 1327
Iteration    Objective       Primal Inf.    Dual Inf.      Time
  135019    1.1620696e+04   0.000000e+00   0.000000e+00     21s

Use crossover to convert LP symmetric solution to basic solution...
Crossover log...

   11363 DPushes remaining with DInf 0.0000000e+00                22s
       0 DPushes remaining with DInf 0.0000000e+00                22s

    8964 PPushes remaining with PInf 0.0000000e+00                22s
       0 PPushes remaining with PInf 0.0000000e+00                22s

  Push phase complete: Pinf 0.0000000e+00, Dinf 3.1952080e-12     22s

Iteration    Objective       Primal Inf.    Dual Inf.      Time
  158796    1.1620696e+04   0.000000e+00   8.254063e-01     26s
Extra simplex iterations after uncrush: 3703
  159051    1.1620696e+04   0.000000e+00   0.000000e+00     28s

Solved in 159051 iterations and 27.76 seconds (31.54 work units)
Optimal objective  1.162069615e+04
