
Gurobi 10.0.1 (linux64) logging started Mon Mar 10 21:36:30 2025

Set parameter LogFile to value "Results/Conservative_experiment/c1_0.30_c2_0.10.log"
Set parameter TimeLimit to value 36000
Gurobi Optimizer version 10.0.1 build v10.0.1rc0 (linux64)

CPU model: AMD EPYC 9654 96-Core Processor, instruction set [SSE2|AVX|AVX2|AVX512]
Thread count: 192 physical cores, 192 logical processors, using up to 32 threads

Academic license 656792 - for non-commercial use only - registered to b.___@student.vu.nl
Optimize a model with 1498050 rows, 1622512 columns and 5976640 nonzeros
Model fingerprint: 0x43e3a92c
Coefficient statistics:
  Matrix range     [1e-01, 1e+00]
  Objective range  [6e-02, 5e+00]
  Bounds range     [0e+00, 0e+00]
  RHS range        [1e-02, 1e+03]
Presolve removed 955510 rows and 878809 columns (presolve time = 5s) ...
Presolve removed 955510 rows and 878809 columns
Presolve time: 5.24s
Presolved: 542540 rows, 743703 columns, 2508755 nonzeros

Concurrent LP optimizer: primal simplex, dual simplex, and barrier
Showing barrier log only...

Ordering time: 1.45s

Barrier statistics:
 AA' NZ     : 1.721e+06
 Factor NZ  : 1.393e+07 (roughly 250 MB of memory)
 Factor Ops : 7.897e+09 (less than 1 second per iteration)
 Threads    : 30

                  Objective                Residual
Iter       Primal          Dual         Primal    Dual     Compl     Time
   0  -2.43373549e+07  1.74764920e+08  1.55e+06 1.21e+02  3.95e+04     8s
   1  -1.61749876e+07  1.38150073e+08  5.50e+05 1.11e+02  1.30e+04     8s
   2  -1.34022992e+07  6.84883594e+07  1.01e+05 1.50e+01  2.43e+03     8s
   3  -1.30958407e+07  1.74229592e+07  2.18e+04 9.17e-01  5.26e+02     9s
   4  -7.36714330e+06  5.65161448e+06  6.67e+03 6.34e-02  1.63e+02     9s
   5  -2.88608367e+06  2.62491177e+06  1.80e+03 4.79e-03  4.89e+01     9s
   6  -9.56455440e+05  8.91869304e+05  5.00e+02 9.09e-12  1.40e+01     9s
   7  -3.85082172e+05  4.42479734e+05  1.73e+02 9.55e-12  5.30e+00     9s
   8  -6.64032038e+04  2.47931314e+05  3.38e+01 4.32e-12  1.47e+00     9s
   9  -1.53148564e+04  1.05965296e+05  1.11e+01 3.42e-12  5.09e-01    10s
  10  -5.56752660e+03  6.16652436e+04  7.12e+00 2.76e-12  2.65e-01    10s
  11   1.85193791e+03  4.44574191e+04  4.07e+00 2.94e-12  1.53e-01    10s
  12   6.24549950e+03  3.09979602e+04  2.09e+00 2.13e-12  8.23e-02    10s
  13   7.04039651e+03  2.99670321e+04  1.75e+00 4.03e-12  7.50e-02    10s
  14   7.36497666e+03  2.27126542e+04  1.62e+00 2.84e-12  5.02e-02    10s
  15   9.94814268e+03  1.70410254e+04  5.44e-01 3.08e-12  2.19e-02    11s
  16   1.07431484e+04  1.42817303e+04  2.50e-01 3.38e-12  1.07e-02    11s
  17   1.10876273e+04  1.28578301e+04  1.27e-01 3.17e-12  5.32e-03    11s
  18   1.12640733e+04  1.24594733e+04  6.91e-02 3.84e-12  3.57e-03    11s
  19   1.12905192e+04  1.21511990e+04  6.05e-02 3.41e-12  2.58e-03    11s
  20   1.13498964e+04  1.20411108e+04  4.22e-02 4.15e-12  2.06e-03    11s
  21   1.13653403e+04  1.19557600e+04  3.76e-02 4.13e-12  1.76e-03    12s
  22   1.13686502e+04  1.18965365e+04  3.67e-02 4.84e-12  1.58e-03    12s
  23   1.14207736e+04  1.17112728e+04  2.11e-02 3.64e-12  8.69e-04    12s
  24   1.14473265e+04  1.16879327e+04  1.43e-02 4.23e-12  7.16e-04    12s
  25   1.14662847e+04  1.16420200e+04  1.01e-02 3.44e-12  5.23e-04    12s
  26   1.14717642e+04  1.16355787e+04  9.28e-03 4.83e-12  4.87e-04    13s
  27   1.14812404e+04  1.16210778e+04  8.03e-03 5.72e-12  4.16e-04    13s
  28   1.14959851e+04  1.16134084e+04  5.08e-03 5.53e-12  3.47e-04    13s
  29   1.15143677e+04  1.16067675e+04  3.87e-03 4.86e-12  2.73e-04    13s
  30   1.15476777e+04  1.15925847e+04  1.95e-03 4.36e-12  1.33e-04    13s
  31   1.15591216e+04  1.15868244e+04  1.30e-03 3.28e-12  8.21e-05    13s
  32   1.15662530e+04  1.15851541e+04  9.02e-04 2.69e-12  5.61e-05    14s
  33   1.15719295e+04  1.15840796e+04  5.75e-04 3.00e-12  3.60e-05    14s
  34   1.15766833e+04  1.15833285e+04  2.99e-04 3.42e-12  1.97e-05    14s
  35   1.15771830e+04  1.15833283e+04  2.71e-04 3.85e-12  1.82e-05    14s
  36   1.15782650e+04  1.15832027e+04  2.18e-04 6.19e-12  1.46e-05    14s
  37   1.15783013e+04  1.15827653e+04  2.16e-04 2.81e-12  1.33e-05    14s
  38   1.15804099e+04  1.15825952e+04  8.52e-05 4.77e-12  6.47e-06    15s
  39   1.15807296e+04  1.15825005e+04  7.04e-05 3.37e-12  5.24e-06    15s
  40   1.15807340e+04  1.15824646e+04  6.95e-05 7.18e-12  5.12e-06    15s
  41   1.15808194e+04  1.15824425e+04  6.44e-05 4.97e-12  4.80e-06    15s
  42   1.15811157e+04  1.15823745e+04  4.83e-05 4.34e-12  3.72e-06    15s
  43   1.15819404e+04  1.15823093e+04  1.21e-05 6.17e-12  1.09e-06    16s
  44   1.15822405e+04  1.15822529e+04  1.31e-07 7.55e-12  3.62e-08    16s
  45   1.15822447e+04  1.15822523e+04  7.19e-08 5.14e-12  2.21e-08    16s
  46   1.15822467e+04  1.15822520e+04  5.03e-08 6.71e-12  1.53e-08    16s
  47   1.15822467e+04  1.15822520e+04  1.08e-07 6.08e-12  1.53e-08    16s
  48   1.15822467e+04  1.15822520e+04  1.09e-07 9.64e-12  1.53e-08    16s
  49   1.15822479e+04  1.15822519e+04  8.14e-08 6.17e-12  1.16e-08    17s
  50   1.15822493e+04  1.15822517e+04  5.28e-08 6.42e-12  6.87e-09    17s
  51   1.15822513e+04  1.15822516e+04  1.07e-08 7.71e-12  6.63e-10    17s
  52   1.15822516e+04  1.15822516e+04  1.79e-08 7.20e-12  3.65e-11    17s

Barrier solved model in 52 iterations and 17.08 seconds (14.07 work units)
Optimal objective 1.15822516e+04

Crossover log...

  120211 DPushes remaining with DInf 0.0000000e+00                17s
       0 DPushes remaining with DInf 0.0000000e+00                20s

     589 PPushes remaining with PInf 0.0000000e+00                20s
       0 PPushes remaining with PInf 0.0000000e+00                20s

  Push phase complete: Pinf 0.0000000e+00, Dinf 5.2532340e-11     20s


Solved with barrier
Iteration    Objective       Primal Inf.    Dual Inf.      Time
   56336    1.1582252e+04   0.000000e+00   3.228191e+03     20s
   61496    1.1582328e+04   0.000000e+00   2.492908e+02     25s
   66226    1.1582331e+04   0.000000e+00   7.118667e+01     30s
Extra simplex iterations after uncrush: 13334
   69240    1.1582252e+04   0.000000e+00   0.000000e+00     34s

Use crossover to convert LP symmetric solution to basic solution...
Crossover log...

   39489 DPushes remaining with DInf 0.0000000e+00                34s
   24198 DPushes remaining with DInf 0.0000000e+00                35s
       0 DPushes remaining with DInf 0.0000000e+00                37s

    3051 PPushes remaining with PInf 0.0000000e+00                37s
       0 PPushes remaining with PInf 0.0000000e+00                38s

  Push phase complete: Pinf 0.0000000e+00, Dinf 1.3238187e-12     38s

Iteration    Objective       Primal Inf.    Dual Inf.      Time
  114056    1.1582252e+04   0.000000e+00   4.706169e+03     40s
  116464    1.1582289e+04   0.000000e+00   2.689875e+04     45s
  118270    1.1582295e+04   0.000000e+00   2.775046e+04     50s
  120076    1.1582301e+04   0.000000e+00   2.058076e+04     56s
  121280    1.1582303e+04   0.000000e+00   1.564294e+04     60s
  123086    1.1582306e+04   0.000000e+00   5.395386e+04     67s
  124290    1.1582308e+04   0.000000e+00   6.100900e+04     71s
  125494    1.1582310e+04   0.000000e+00   3.753036e+04     75s
  126698    1.1582311e+04   0.000000e+00   9.456166e+03     80s
  127902    1.1582313e+04   0.000000e+00   7.088237e+03     85s
  129708    1.1582314e+04   0.000000e+00   4.194791e+03     92s
  130912    1.1582315e+04   0.000000e+00   2.641188e+03     97s
  132116    1.1582316e+04   0.000000e+00   5.208659e+03    102s
  133320    1.1582316e+04   0.000000e+00   3.660013e+03    107s
  134524    1.1582317e+04   0.000000e+00   1.988713e+04    112s
  135728    1.1582318e+04   0.000000e+00   9.937756e+03    117s
  136932    1.1582318e+04   0.000000e+00   2.400908e+03    122s
  138136    1.1582319e+04   0.000000e+00   2.686720e+03    127s
  139340    1.1582319e+04   0.000000e+00   2.088904e+03    132s
  140544    1.1582319e+04   0.000000e+00   1.551911e+04    137s
  141146    1.1582319e+04   0.000000e+00   6.039067e+02    140s
  142350    1.1582320e+04   0.000000e+00   5.670201e+02    146s
  143554    1.1582320e+04   0.000000e+00   6.212065e+03    151s
  144758    1.1582320e+04   0.000000e+00   7.037756e+02    157s
  145360    1.1582320e+04   0.000000e+00   3.387188e+02    160s
  146564    1.1582320e+04   0.000000e+00   7.702851e+02    166s
  147768    1.1582320e+04   0.000000e+00   2.395745e+03    172s
  148370    1.1582321e+04   0.000000e+00   8.082796e+02    175s
  149574    1.1582321e+04   0.000000e+00   5.289784e+02    181s
  150778    1.1582321e+04   0.000000e+00   9.896675e+02    187s
  151982    1.1582321e+04   0.000000e+00   1.380589e+03    193s
  152584    1.1582321e+04   0.000000e+00   5.022958e+02    196s
  153788    1.1582321e+04   0.000000e+00   1.668498e+02    202s
  154992    1.1582321e+04   0.000000e+00   1.162959e+03    208s
  155594    1.1582321e+04   0.000000e+00   2.076917e+02    211s
  156798    1.1582321e+04   0.000000e+00   1.165254e+03    217s
  157400    1.1582321e+04   0.000000e+00   4.799108e+03    220s
  158604    1.1582321e+04   0.000000e+00   8.651576e+01    226s
  159808    1.1582321e+04   0.000000e+00   5.978846e+01    232s
  160410    1.1582321e+04   0.000000e+00   5.619450e+01    235s
  161614    1.1582321e+04   0.000000e+00   1.058380e+03    241s
  162818    1.1582321e+04   0.000000e+00   1.047238e+02    247s
  163420    1.1582321e+04   0.000000e+00   5.553595e+01    250s
  164624    1.1582321e+04   0.000000e+00   1.287308e+02    257s
  165828    1.1582321e+04   0.000000e+00   7.638442e+01    263s
  166430    1.1582321e+04   0.000000e+00   3.410558e+02    266s
  167622    1.1582321e+04   0.000000e+00   2.408033e+01    273s
  168224    1.1582321e+04   0.000000e+00   4.176519e+01    276s
  169428    1.1582321e+04   0.000000e+00   2.443080e+01    282s
  170028    1.1582321e+04   0.000000e+00   6.227825e+01    286s
  171228    1.1582321e+04   0.000000e+00   1.106279e+01    292s
  171830    1.1582321e+04   0.000000e+00   6.701183e+01    295s
  173034    1.1582321e+04   0.000000e+00   1.150443e+01    302s
  173634    1.1582321e+04   0.000000e+00   1.644791e+02    305s
  174794    1.1582321e+04   0.000000e+00   8.623318e+00    312s
  175914    1.1582321e+04   0.000000e+00   8.062220e+01    318s
  176474    1.1582321e+04   0.000000e+00   1.390404e+01    321s
  177584    1.1582321e+04   0.000000e+00   1.619344e+01    327s
  178144    1.1582321e+04   0.000000e+00   6.843392e+00    330s
  179284    1.1582321e+04   0.000000e+00   6.047790e+00    337s
  180374    1.1582321e+04   0.000000e+00   3.282029e+00    343s
  180894    1.1582322e+04   0.000000e+00   2.364801e+00    346s
  182014    1.1582322e+04   0.000000e+00   5.722355e+00    352s
  182524    1.1582322e+04   0.000000e+00   3.757888e+00    355s
  183554    1.1582322e+04   0.000000e+00   1.778120e+00    362s
  184544    1.1582322e+04   0.000000e+00   1.908846e+00    368s
  185024    1.1582322e+04   0.000000e+00   4.305894e+00    371s
  186004    1.1582322e+04   0.000000e+00   2.116767e+00    377s
  187004    1.1582322e+04   0.000000e+00   1.491620e+00    383s
  187484    1.1582322e+04   0.000000e+00   1.603760e+00    386s
  188424    1.1582322e+04   0.000000e+00   2.535633e+00    392s
  189364    1.1582322e+04   0.000000e+00   5.824583e+00    398s
  189824    1.1582322e+04   0.000000e+00   2.243949e+00    401s
  190714    1.1582322e+04   0.000000e+00   9.371464e-01    407s
  191574    1.1582322e+04   0.000000e+00   6.592569e-01    413s
  191994    1.1582322e+04   0.000000e+00   1.865412e+00    416s
  192844    1.1582322e+04   0.000000e+00   2.846899e+00    421s
  193744    1.1582322e+04   0.000000e+00   1.630530e+00    427s
  194184    1.1582322e+04   0.000000e+00   7.555699e-01    430s
  195014    1.1582322e+04   0.000000e+00   1.071656e+00    436s
  195804    1.1582322e+04   0.000000e+00   4.138060e-01    441s
  196554    1.1582322e+04   0.000000e+00   7.193824e-01    447s
  197274    1.1582322e+04   0.000000e+00   4.165907e-01    452s
  197884    1.1582322e+04   0.000000e+00   7.109170e-02    457s
  198214    1.1582322e+04   0.000000e+00   1.601735e-01    460s
  198794    1.1582322e+04   0.000000e+00   2.509865e-03    465s
Extra simplex iterations after uncrush: 87404
  199165    1.1582252e+04   0.000000e+00   0.000000e+00    469s

Solved in 199165 iterations and 469.40 seconds (934.03 work units)
Optimal objective  1.158225157e+04
