
Gurobi 10.0.1 (linux64) logging started Mon Mar 10 21:44:30 2025

Set parameter LogFile to value "Results/Conservative_experiment/c1_0.80_c2_0.30.log"
Set parameter TimeLimit to value 36000
Gurobi Optimizer version 10.0.1 build v10.0.1rc0 (linux64)

CPU model: AMD EPYC 9654 96-Core Processor, instruction set [SSE2|AVX|AVX2|AVX512]
Thread count: 192 physical cores, 192 logical processors, using up to 32 threads

Academic license 656792 - for non-commercial use only - registered to b.___@student.vu.nl
Optimize a model with 1498050 rows, 1622512 columns and 5976640 nonzeros
Model fingerprint: 0xb0cf5311
Coefficient statistics:
  Matrix range     [3e-01, 1e+00]
  Objective range  [6e-02, 5e+00]
  Bounds range     [0e+00, 0e+00]
  RHS range        [1e-02, 1e+03]
Presolve removed 955510 rows and 878809 columns (presolve time = 5s) ...
Presolve removed 955510 rows and 878809 columns
Presolve time: 5.26s
Presolved: 542540 rows, 743703 columns, 2508755 nonzeros

Concurrent LP optimizer: primal simplex, dual simplex, and barrier
Showing barrier log only...

Ordering time: 1.38s

Barrier statistics:
 AA' NZ     : 1.721e+06
 Factor NZ  : 1.393e+07 (roughly 250 MB of memory)
 Factor Ops : 7.897e+09 (less than 1 second per iteration)
 Threads    : 30

                  Objective                Residual
Iter       Primal          Dual         Primal    Dual     Compl     Time
   0  -1.20634779e+07  1.39604151e+08  9.19e+05 1.21e+02  2.81e+04     8s
   1  -1.11739981e+07  1.14700297e+08  4.17e+05 1.03e+02  1.12e+04     8s
   2  -1.75240706e+07  8.86759518e+07  8.74e+04 6.19e+01  3.14e+03     8s
   3  -1.85878179e+08  4.86191528e+07  2.63e+04 2.49e+01  1.70e+03     9s
   4  -8.75948696e+07  9.86411146e+06  8.42e+03 1.92e+00  4.20e+02     9s
   5  -4.19356244e+07  3.22230805e+06  3.75e+03 2.81e-01  1.75e+02     9s
   6  -1.33220958e+07  1.31350920e+06  1.10e+03 2.25e-02  5.35e+01     9s
   7  -6.67603900e+06  6.10032011e+05  5.22e+02 8.19e-12  2.59e+01     9s
   8  -6.07366681e+05  2.45777032e+05  4.61e+01 7.73e-12  2.88e+00     9s
   9  -1.06633410e+05  1.40448270e+05  8.69e+00 3.41e-12  7.95e-01    10s
  10  -2.60574861e+04  6.41236429e+04  3.25e+00 3.05e-12  2.81e-01    10s
  11  -4.97760257e+03  4.46954289e+04  1.58e+00 3.20e-12  1.52e-01    10s
  12   2.46017839e+03  3.34198792e+04  8.66e-01 2.61e-12  9.32e-02    10s
  13   2.65179983e+03  2.73706497e+04  8.49e-01 2.30e-12  7.45e-02    10s
  14   7.08265509e+03  2.23264034e+04  4.44e-01 2.48e-12  4.55e-02    10s
  15   8.60143537e+03  1.94942934e+04  2.86e-01 3.21e-12  3.24e-02    10s
  16   8.83987924e+03  1.75547523e+04  2.62e-01 2.98e-12  2.59e-02    11s
  17   1.02059776e+04  1.50741342e+04  1.25e-01 2.96e-12  1.44e-02    11s
  18   1.05931904e+04  1.34232297e+04  8.60e-02 2.39e-12  8.38e-03    11s
  19   1.07257950e+04  1.26942216e+04  7.30e-02 2.86e-12  5.85e-03    11s
  20   1.09141617e+04  1.23271746e+04  5.50e-02 3.27e-12  4.20e-03    11s
  21   1.10466415e+04  1.21400112e+04  4.25e-02 2.90e-12  3.25e-03    11s
  22   1.12009701e+04  1.19825252e+04  2.87e-02 3.82e-12  2.32e-03    11s
  23   1.12859694e+04  1.18581785e+04  2.16e-02 3.38e-12  1.70e-03    12s
  24   1.13765288e+04  1.18377957e+04  1.47e-02 3.02e-12  1.37e-03    12s
  25   1.14189043e+04  1.18275635e+04  1.29e-02 4.29e-12  1.21e-03    12s
  26   1.14359117e+04  1.18094809e+04  1.20e-02 3.39e-12  1.11e-03    12s
  27   1.14620188e+04  1.17765356e+04  1.05e-02 4.07e-12  9.32e-04    12s
  28   1.14922974e+04  1.17383569e+04  8.02e-03 5.31e-12  7.29e-04    13s
  29   1.15162509e+04  1.17254516e+04  6.19e-03 4.93e-12  6.19e-04    13s
  30   1.15429413e+04  1.16986670e+04  4.26e-03 3.50e-12  4.60e-04    13s
  31   1.15510035e+04  1.16829765e+04  3.78e-03 3.35e-12  3.90e-04    13s
  32   1.15547881e+04  1.16793083e+04  3.62e-03 3.64e-12  3.68e-04    13s
  33   1.15593733e+04  1.16738517e+04  3.43e-03 5.32e-12  3.39e-04    14s
  34   1.15659392e+04  1.16607041e+04  2.78e-03 4.30e-12  2.80e-04    14s
  35   1.15774826e+04  1.16561552e+04  1.99e-03 4.32e-12  2.32e-04    14s
  36   1.15843690e+04  1.16489197e+04  1.53e-03 4.24e-12  1.90e-04    14s
  37   1.15934951e+04  1.16427994e+04  9.85e-04 4.23e-12  1.45e-04    14s
  38   1.15933479e+04  1.16365632e+04  9.09e-04 3.49e-12  1.27e-04    15s
  39   1.16001025e+04  1.16314096e+04  5.05e-04 4.96e-12  9.20e-05    15s
  40   1.16007492e+04  1.16281426e+04  4.77e-04 5.41e-12  8.05e-05    15s
  41   1.16025548e+04  1.16272901e+04  4.10e-04 5.22e-12  7.27e-05    15s
  42   1.16049660e+04  1.16259590e+04  3.31e-04 3.24e-12  6.17e-05    15s
  43   1.16086925e+04  1.16238976e+04  2.35e-04 2.79e-12  4.47e-05    16s
  44   1.16106926e+04  1.16222294e+04  1.80e-04 3.72e-12  3.39e-05    16s
  45   1.16152712e+04  1.16196944e+04  5.56e-05 2.83e-12  1.30e-05    16s
  46   1.16168679e+04  1.16190170e+04  1.03e-05 3.51e-12  6.28e-06    16s
  47   1.16171632e+04  1.16184360e+04  5.33e-06 3.13e-12  3.72e-06    16s
  48   1.16172537e+04  1.16184000e+04  4.41e-06 3.90e-12  3.35e-06    17s
  49   1.16174100e+04  1.16183228e+04  3.36e-06 5.48e-12  2.67e-06    17s
  50   1.16174177e+04  1.16181980e+04  3.27e-06 3.35e-12  2.28e-06    17s
  51   1.16174590e+04  1.16181522e+04  2.90e-06 4.33e-12  2.03e-06    17s
  52   1.16175754e+04  1.16179563e+04  1.91e-06 3.24e-12  1.11e-06    17s
  53   1.16176616e+04  1.16178884e+04  8.31e-07 5.46e-12  6.63e-07    18s
  54   1.16176829e+04  1.16178785e+04  6.78e-07 4.78e-12  5.71e-07    18s
  55   1.16176923e+04  1.16178771e+04  6.15e-07 4.27e-12  5.40e-07    18s
  56   1.16176968e+04  1.16178678e+04  5.81e-07 5.09e-12  5.00e-07    18s
  57   1.16177054e+04  1.16178537e+04  5.00e-07 6.67e-12  4.33e-07    18s
  58   1.16177213e+04  1.16178270e+04  3.92e-07 6.81e-12  3.09e-07    19s
  59   1.16177511e+04  1.16178032e+04  1.54e-07 8.75e-12  1.52e-07    19s
  60   1.16177659e+04  1.16177917e+04  4.64e-08 6.82e-12  7.55e-08    19s
  61   1.16177723e+04  1.16177876e+04  6.35e-09 1.10e-11  4.44e-08    19s
  62   1.16177731e+04  1.16177777e+04  4.65e-09 3.55e-11  1.35e-08    19s
  63   1.16177736e+04  1.16177738e+04  1.65e-09 4.04e-11  5.73e-10    19s
  64   1.16177737e+04  1.16177737e+04  4.61e-09 5.12e-11  3.38e-11    20s

Barrier solved model in 64 iterations and 19.65 seconds (16.03 work units)
Optimal objective 1.16177737e+04

Crossover log...

   88682 DPushes remaining with DInf 0.0000000e+00                20s
       0 DPushes remaining with DInf 0.0000000e+00                21s

    2610 PPushes remaining with PInf 0.0000000e+00                21s
       0 PPushes remaining with PInf 0.0000000e+00                22s

  Push phase complete: Pinf 0.0000000e+00, Dinf 2.7499156e-11     22s


Solved with barrier
Iteration    Objective       Primal Inf.    Dual Inf.      Time
   50220    1.1617797e+04   0.000000e+00   1.654017e+00     25s
Extra simplex iterations after uncrush: 5438
   50928    1.1617774e+04   0.000000e+00   0.000000e+00     26s

Use crossover to convert LP symmetric solution to basic solution...
Crossover log...

    6072 DPushes remaining with DInf 0.0000000e+00                27s
       0 DPushes remaining with DInf 0.0000000e+00                27s

    2135 PPushes remaining with PInf 0.0000000e+00                27s
       0 PPushes remaining with PInf 0.0000000e+00                28s

  Push phase complete: Pinf 0.0000000e+00, Dinf 1.4763015e-12     28s

Iteration    Objective       Primal Inf.    Dual Inf.      Time
   61371    1.1617774e+04   0.000000e+00   1.305026e+04     31s
   63779    1.1617839e+04   0.000000e+00   4.229508e+04     35s
   66187    1.1617852e+04   0.000000e+00   2.360003e+05     41s
   67993    1.1617859e+04   0.000000e+00   8.857870e+04     47s
   69197    1.1617863e+04   0.000000e+00   2.790175e+04     51s
   71003    1.1617869e+04   0.000000e+00   3.550586e+04     57s
   72207    1.1617871e+04   0.000000e+00   1.636276e+04     61s
   73411    1.1617873e+04   0.000000e+00   1.170040e+04     65s
   75217    1.1617876e+04   0.000000e+00   1.592889e+04     72s
   76421    1.1617878e+04   0.000000e+00   2.098180e+04     76s
   77625    1.1617879e+04   0.000000e+00   1.038204e+04     80s
   79431    1.1617881e+04   0.000000e+00   7.509941e+03     87s
   80635    1.1617882e+04   0.000000e+00   2.133438e+04     92s
   81839    1.1617883e+04   0.000000e+00   4.478402e+03     97s
   83043    1.1617884e+04   0.000000e+00   9.318612e+03    102s
   84247    1.1617885e+04   0.000000e+00   1.020044e+04    106s
   85451    1.1617886e+04   0.000000e+00   7.335644e+04    111s
   86655    1.1617887e+04   0.000000e+00   4.648100e+03    116s
   87859    1.1617888e+04   0.000000e+00   4.907533e+03    121s
   89063    1.1617888e+04   0.000000e+00   9.120667e+03    126s
   90267    1.1617889e+04   0.000000e+00   9.075035e+03    131s
   91471    1.1617890e+04   0.000000e+00   3.347357e+03    136s
   92675    1.1617890e+04   0.000000e+00   6.281049e+03    141s
   93879    1.1617890e+04   0.000000e+00   1.009716e+04    147s
   95083    1.1617891e+04   0.000000e+00   1.400238e+04    152s
   96287    1.1617892e+04   0.000000e+00   6.058515e+03    157s
   97491    1.1617892e+04   0.000000e+00   6.681745e+02    162s
   98695    1.1617892e+04   0.000000e+00   4.447953e+03    167s
   99899    1.1617893e+04   0.000000e+00   1.331731e+03    172s
  101103    1.1617893e+04   0.000000e+00   1.614008e+03    178s
  101705    1.1617893e+04   0.000000e+00   5.108002e+03    181s
  102909    1.1617893e+04   0.000000e+00   2.644245e+03    186s
  104113    1.1617893e+04   0.000000e+00   2.672588e+02    191s
  105317    1.1617894e+04   0.000000e+00   8.903339e+02    196s
  106521    1.1617894e+04   0.000000e+00   4.392145e+02    201s
  107725    1.1617894e+04   0.000000e+00   3.053190e+02    206s
  108929    1.1617894e+04   0.000000e+00   2.661835e+02    212s
  110133    1.1617894e+04   0.000000e+00   4.618761e+02    218s
  110735    1.1617894e+04   0.000000e+00   2.586113e+02    220s
  111939    1.1617894e+04   0.000000e+00   1.289850e+02    226s
  113143    1.1617894e+04   0.000000e+00   1.435272e+02    231s
  114347    1.1617894e+04   0.000000e+00   8.778390e+02    237s
  115551    1.1617894e+04   0.000000e+00   3.409672e+02    242s
  116153    1.1617894e+04   0.000000e+00   6.373333e+02    245s
  117357    1.1617894e+04   0.000000e+00   8.883274e+01    250s
  118561    1.1617895e+04   0.000000e+00   5.366374e+02    256s
  119765    1.1617895e+04   0.000000e+00   3.035982e+01    261s
  120969    1.1617895e+04   0.000000e+00   1.009944e+01    267s
  121571    1.1617895e+04   0.000000e+00   2.403655e+01    270s
  122775    1.1617895e+04   0.000000e+00   1.030722e+01    276s
  123979    1.1617895e+04   0.000000e+00   1.712030e+01    282s
  125183    1.1617895e+04   0.000000e+00   1.376191e+01    288s
  125785    1.1617895e+04   0.000000e+00   2.199433e+00    291s
  126989    1.1617895e+04   0.000000e+00   3.381860e+00    296s
  128193    1.1617895e+04   0.000000e+00   2.630784e+00    302s
  128795    1.1617895e+04   0.000000e+00   2.282014e+00    305s
  129999    1.1617895e+04   0.000000e+00   1.434977e+00    311s
  131203    1.1617895e+04   0.000000e+00   4.275854e-01    318s
  131805    1.1617895e+04   0.000000e+00   1.865795e-01    321s
  132855    1.1617895e+04   0.000000e+00   1.229791e-01    327s
  133535    1.1617895e+04   0.000000e+00   4.947439e-03    332s
Extra simplex iterations after uncrush: 74614
  133750    1.1617774e+04   0.000000e+00   0.000000e+00    335s

Solved in 133750 iterations and 334.54 seconds (586.40 work units)
Optimal objective  1.161777370e+04
