
Gurobi 10.0.1 (linux64) logging started Mon Mar 10 21:36:30 2025

Set parameter LogFile to value "Results/Conservative_experiment/c1_0.30_c2_0.20.log"
Set parameter TimeLimit to value 36000
Gurobi Optimizer version 10.0.1 build v10.0.1rc0 (linux64)

CPU model: AMD EPYC 9654 96-Core Processor, instruction set [SSE2|AVX|AVX2|AVX512]
Thread count: 192 physical cores, 192 logical processors, using up to 32 threads

Academic license 656792 - for non-commercial use only - registered to b.___@student.vu.nl
Optimize a model with 1498050 rows, 1622512 columns and 5976640 nonzeros
Model fingerprint: 0x58d01c10
Coefficient statistics:
  Matrix range     [2e-01, 1e+00]
  Objective range  [6e-02, 5e+00]
  Bounds range     [0e+00, 0e+00]
  RHS range        [1e-02, 1e+03]
Presolve removed 955510 rows and 878809 columns (presolve time = 5s) ...
Presolve removed 955510 rows and 878809 columns
Presolve time: 5.22s
Presolved: 542540 rows, 743703 columns, 2508755 nonzeros

Concurrent LP optimizer: primal simplex, dual simplex, and barrier
Showing barrier log only...

Ordering time: 1.39s

Barrier statistics:
 AA' NZ     : 1.721e+06
 Factor NZ  : 1.393e+07 (roughly 250 MB of memory)
 Factor Ops : 7.897e+09 (less than 1 second per iteration)
 Threads    : 30

                  Objective                Residual
Iter       Primal          Dual         Primal    Dual     Compl     Time
   0  -1.45330407e+07  1.68084448e+08  1.66e+06 1.21e+02  3.44e+04     8s
   1  -1.24175901e+07  1.30878570e+08  7.63e+05 1.22e+02  1.45e+04     8s
   2  -1.28583557e+07  7.68971627e+07  1.45e+05 2.69e+01  2.98e+03     8s
   3  -2.57031311e+07  5.82565459e+07  3.31e+04 1.97e+01  1.07e+03     9s
   4  -3.02173520e+07  1.47089748e+07  1.68e+04 3.31e+00  4.06e+02     9s
   5  -1.60339329e+07  4.71412534e+06  6.77e+03 4.18e-01  1.51e+02     9s
   6  -5.46232226e+06  1.75517760e+06  1.68e+03 3.98e-02  4.12e+01     9s
   7  -9.87739431e+05  7.56212678e+05  2.04e+02 5.00e-02  7.51e+00     9s
   8  -2.82153256e+05  3.37173743e+05  5.83e+01 3.06e-03  2.46e+00     9s
   9  -8.90560930e+04  1.62973924e+05  2.19e+01 2.05e-12  9.60e-01     9s
  10  -3.70491712e+04  9.32450403e+04  1.30e+01 2.02e-12  4.87e-01    10s
  11  -1.46817987e+04  6.66547615e+04  8.66e+00 2.67e-12  2.93e-01    10s
  12  -4.15430161e+03  4.73283436e+04  4.66e+00 2.22e-12  1.72e-01    10s
  13   3.35353862e+03  3.13207868e+04  2.39e+00 4.59e-12  8.90e-02    10s
  14   5.60705062e+03  2.54757777e+04  1.73e+00 4.44e-12  6.22e-02    10s
  15   9.44773565e+03  1.97315507e+04  5.48e-01 2.32e-12  3.09e-02    10s
  16   1.02559276e+04  1.52102699e+04  3.07e-01 2.87e-12  1.48e-02    11s
  17   1.05243709e+04  1.37187989e+04  2.36e-01 2.88e-12  9.57e-03    11s
  18   1.08960109e+04  1.27653645e+04  1.41e-01 3.35e-12  5.59e-03    11s
  19   1.11453805e+04  1.22460606e+04  8.05e-02 3.24e-12  3.29e-03    11s
  20   1.11834454e+04  1.21556301e+04  7.19e-02 3.24e-12  2.90e-03    11s
  21   1.12294376e+04  1.20305723e+04  6.12e-02 3.12e-12  2.39e-03    11s
  22   1.12540195e+04  1.19794730e+04  5.57e-02 4.54e-12  2.17e-03    12s
  23   1.13621163e+04  1.17508785e+04  3.01e-02 3.96e-12  1.16e-03    12s
  24   1.14072771e+04  1.17047348e+04  2.12e-02 3.28e-12  8.86e-04    12s
  25   1.14372416e+04  1.16579587e+04  1.68e-02 3.73e-12  6.59e-04    12s
  26   1.14547195e+04  1.16555863e+04  1.52e-02 3.37e-12  6.00e-04    12s
  27   1.14924143e+04  1.16428519e+04  1.16e-02 3.62e-12  4.49e-04    12s
  28   1.15016865e+04  1.16322928e+04  1.06e-02 3.41e-12  3.90e-04    12s
  29   1.15144357e+04  1.16270129e+04  9.20e-03 3.64e-12  3.37e-04    13s
  30   1.15307634e+04  1.16224336e+04  7.28e-03 3.94e-12  2.74e-04    13s
  31   1.15493302e+04  1.16067744e+04  4.83e-03 3.17e-12  1.72e-04    13s
  32   1.15685079e+04  1.15984104e+04  2.24e-03 3.81e-12  8.93e-05    13s
  33   1.15728121e+04  1.15957608e+04  1.66e-03 3.57e-12  6.85e-05    13s
  34   1.15755344e+04  1.15945844e+04  1.30e-03 3.44e-12  5.67e-05    14s
  35   1.15775388e+04  1.15942737e+04  1.06e-03 5.11e-12  4.98e-05    14s
  36   1.15823613e+04  1.15923046e+04  5.08e-04 3.04e-12  2.95e-05    14s
  37   1.15841454e+04  1.15895125e+04  2.90e-04 3.61e-12  1.59e-05    14s
  38   1.15850438e+04  1.15884371e+04  1.89e-04 2.78e-12  1.01e-05    14s
  39   1.15855575e+04  1.15883290e+04  1.28e-04 3.08e-12  8.20e-06    15s
  40   1.15857858e+04  1.15876973e+04  1.03e-04 3.49e-12  5.67e-06    15s
  41   1.15862672e+04  1.15873749e+04  4.55e-05 2.94e-12  3.27e-06    15s
  42   1.15864741e+04  1.15869109e+04  2.46e-05 3.77e-12  1.30e-06    15s
  43   1.15866860e+04  1.15867834e+04  2.73e-06 5.57e-12  2.87e-07    15s
  44   1.15867069e+04  1.15867292e+04  5.55e-07 4.16e-12  6.56e-08    15s
  45   1.15867127e+04  1.15867164e+04  2.24e-08 3.20e-12  1.07e-08    15s
  46   1.15867128e+04  1.15867159e+04  1.89e-08 4.51e-12  9.04e-09    15s
  47   1.15867128e+04  1.15867157e+04  1.93e-08 4.35e-12  8.34e-09    16s
  48   1.15867131e+04  1.15867133e+04  8.22e-09 6.56e-12  4.51e-10    16s
  49   1.15867133e+04  1.15867133e+04  1.69e-09 6.59e-12  6.37e-12    16s

Barrier solved model in 49 iterations and 15.90 seconds (13.19 work units)
Optimal objective 1.15867133e+04

Crossover log...

   79689 DPushes remaining with DInf 0.0000000e+00                16s
       0 DPushes remaining with DInf 0.0000000e+00                18s

   51870 PPushes remaining with PInf 0.0000000e+00                18s
       0 PPushes remaining with PInf 0.0000000e+00                19s

  Push phase complete: Pinf 0.0000000e+00, Dinf 2.5493607e-11     19s


Solved with barrier
Iteration    Objective       Primal Inf.    Dual Inf.      Time
  101200    1.1586739e+04   0.000000e+00   2.757982e+03     20s
  106145    1.1586760e+04   0.000000e+00   2.597932e+02     25s
  110230    1.1586763e+04   0.000000e+00   1.554354e+02     30s
Extra simplex iterations after uncrush: 14361
  113626    1.1586713e+04   0.000000e+00   0.000000e+00     35s

Use crossover to convert LP symmetric solution to basic solution...
Crossover log...

  431801 variables added to crossover basis                       35s

   42544 DPushes remaining with DInf 0.0000000e+00                35s
       0 DPushes remaining with DInf 0.0000000e+00                36s

    3221 PPushes remaining with PInf 0.0000000e+00                36s
       0 PPushes remaining with PInf 0.0000000e+00                37s

  Push phase complete: Pinf 0.0000000e+00, Dinf 1.1793812e-12     37s

Iteration    Objective       Primal Inf.    Dual Inf.      Time
  163002    1.1586715e+04   0.000000e+00   1.948141e+03     41s
  164206    1.1586715e+04   0.000000e+00   1.065459e+03     45s
  166012    1.1586716e+04   0.000000e+00   3.201657e+02     52s
  167216    1.1586716e+04   0.000000e+00   7.313362e+02     56s
  168420    1.1586716e+04   0.000000e+00   3.629219e+02     61s
  169624    1.1586717e+04   0.000000e+00   1.281363e+03     66s
  170828    1.1586717e+04   0.000000e+00   3.733277e+02     71s
  172032    1.1586717e+04   0.000000e+00   2.207957e+02     76s
  173236    1.1586717e+04   0.000000e+00   3.900911e+02     81s
  174440    1.1586717e+04   0.000000e+00   2.316153e+02     85s
  175644    1.1586717e+04   0.000000e+00   1.785114e+02     90s
  176848    1.1586717e+04   0.000000e+00   1.431109e+03     95s
  178052    1.1586717e+04   0.000000e+00   1.413260e+02    101s
  179256    1.1586717e+04   0.000000e+00   5.092510e+02    106s
  180460    1.1586717e+04   0.000000e+00   1.047588e+02    111s
  181664    1.1586717e+04   0.000000e+00   4.345660e+01    116s
  182868    1.1586717e+04   0.000000e+00   3.582424e+01    122s
  184072    1.1586717e+04   0.000000e+00   3.954633e+01    127s
  184674    1.1586717e+04   0.000000e+00   1.779901e+02    130s
  185878    1.1586717e+04   0.000000e+00   5.167885e+01    136s
  187082    1.1586717e+04   0.000000e+00   6.003981e+01    142s
  188284    1.1586717e+04   0.000000e+00   1.055141e+01    148s
  188864    1.1586717e+04   0.000000e+00   2.936878e+01    150s
  190056    1.1586717e+04   0.000000e+00   1.431779e+01    156s
  191246    1.1586717e+04   0.000000e+00   1.014932e+02    162s
  192396    1.1586717e+04   0.000000e+00   1.722469e+01    168s
  192956    1.1586717e+04   0.000000e+00   4.661785e+01    171s
  194086    1.1586717e+04   0.000000e+00   8.710626e+00    176s
  195196    1.1586717e+04   0.000000e+00   1.886426e+01    182s
  196356    1.1586717e+04   0.000000e+00   1.806635e+01    188s
  196926    1.1586717e+04   0.000000e+00   8.116479e+00    190s
  198086    1.1586717e+04   0.000000e+00   1.277266e+01    196s
  199256    1.1586717e+04   0.000000e+00   5.137166e+00    202s
  200396    1.1586717e+04   0.000000e+00   4.562730e+00    208s
  200926    1.1586717e+04   0.000000e+00   1.580273e+01    210s
  201986    1.1586717e+04   0.000000e+00   5.205041e+00    216s
  203026    1.1586717e+04   0.000000e+00   6.621392e+00    222s
  204036    1.1586717e+04   0.000000e+00   6.824076e+00    227s
  205036    1.1586717e+04   0.000000e+00   9.516073e+00    233s
  205596    1.1586717e+04   0.000000e+00   7.853861e+00    235s
  206616    1.1586717e+04   0.000000e+00   5.358178e+00    241s
  207626    1.1586717e+04   0.000000e+00   3.856578e+00    246s
  208566    1.1586717e+04   0.000000e+00   3.944080e+00    252s
  209576    1.1586717e+04   0.000000e+00   1.969292e+00    257s
  210576    1.1586717e+04   0.000000e+00   8.317376e+00    263s
  211046    1.1586717e+04   0.000000e+00   1.353551e+00    265s
  211996    1.1586717e+04   0.000000e+00   2.280895e+00    271s
  212856    1.1586717e+04   0.000000e+00   5.797356e-01    276s
  213696    1.1586717e+04   0.000000e+00   4.649428e-01    281s
  214556    1.1586717e+04   0.000000e+00   1.750433e-01    286s
  215276    1.1586717e+04   0.000000e+00   3.319937e-02    291s
Extra simplex iterations after uncrush: 55972
  215339    1.1586713e+04   0.000000e+00   0.000000e+00    292s

Solved in 215339 iterations and 291.89 seconds (635.73 work units)
Optimal objective  1.158671328e+04
