
Gurobi 10.0.1 (linux64) logging started Mon Mar 10 21:41:29 2025

Set parameter LogFile to value "Results/Conservative_experiment/c1_0.70_c2_0.30.log"
Set parameter TimeLimit to value 36000
Gurobi Optimizer version 10.0.1 build v10.0.1rc0 (linux64)

CPU model: AMD EPYC 9654 96-Core Processor, instruction set [SSE2|AVX|AVX2|AVX512]
Thread count: 192 physical cores, 192 logical processors, using up to 32 threads

Academic license 656792 - for non-commercial use only - registered to b.___@student.vu.nl
Optimize a model with 1498050 rows, 1622512 columns and 5976640 nonzeros
Model fingerprint: 0x6067ae9b
Coefficient statistics:
  Matrix range     [3e-01, 1e+00]
  Objective range  [6e-02, 5e+00]
  Bounds range     [0e+00, 0e+00]
  RHS range        [1e-02, 1e+03]
Presolve removed 955510 rows and 878809 columns (presolve time = 5s) ...
Presolve removed 955510 rows and 878809 columns
Presolve time: 5.17s
Presolved: 542540 rows, 743703 columns, 2508755 nonzeros

Concurrent LP optimizer: primal simplex, dual simplex, and barrier
Showing barrier log only...

Ordering time: 1.40s

Barrier statistics:
 AA' NZ     : 1.721e+06
 Factor NZ  : 1.393e+07 (roughly 250 MB of memory)
 Factor Ops : 7.897e+09 (less than 1 second per iteration)
 Threads    : 30

                  Objective                Residual
Iter       Primal          Dual         Primal    Dual     Compl     Time
   0  -1.23421464e+07  1.39604344e+08  9.18e+05 1.21e+02  2.81e+04     8s
   1  -1.12635121e+07  1.13741617e+08  4.18e+05 9.23e+01  1.11e+04     8s
   2  -1.76746487e+07  8.84567330e+07  8.68e+04 5.54e+01  3.04e+03     8s
   3  -1.45539880e+08  4.36927955e+07  2.92e+04 1.94e+01  1.39e+03     8s
   4  -6.00042283e+07  9.20700227e+06  8.12e+03 1.81e+00  3.24e+02     9s
   5  -2.99453579e+07  2.88237725e+06  3.78e+03 2.71e-01  1.39e+02     9s
   6  -8.77255900e+06  1.08506926e+06  1.02e+03 3.45e-03  3.89e+01     9s
   7  -3.05702265e+06  5.58552789e+05  3.23e+02 8.64e-12  1.36e+01     9s
   8  -3.39533474e+05  2.21284231e+05  3.56e+01 6.85e-04  1.96e+00     9s
   9  -8.49908305e+04  1.19005685e+05  1.04e+01 3.80e-12  6.78e-01     9s
  10  -1.61508583e+04  6.67151733e+04  3.53e+00 1.74e-04  2.63e-01    10s
  11  -3.51729612e+02  4.51315505e+04  1.67e+00 3.18e-12  1.40e-01    10s
  12   4.47857219e+03  3.17701846e+04  9.63e-01 2.59e-12  8.27e-02    10s
  13   4.69925867e+03  2.78085254e+04  9.34e-01 1.92e-12  7.01e-02    10s
  14   9.00730784e+03  2.48738771e+04  3.35e-01 2.02e-12  4.71e-02    10s
  15   9.98402370e+03  1.82013180e+04  1.78e-01 2.73e-12  2.43e-02    10s
  16   1.00404036e+04  1.76313602e+04  1.71e-01 3.49e-12  2.24e-02    10s
  17   1.05118038e+04  1.51630538e+04  1.12e-01 2.36e-12  1.37e-02    11s
  18   1.06775947e+04  1.37295203e+04  9.23e-02 2.43e-12  9.03e-03    11s
  19   1.08442888e+04  1.27403362e+04  7.29e-02 3.09e-12  5.63e-03    11s
  20   1.10335336e+04  1.24149646e+04  5.20e-02 3.45e-12  4.10e-03    11s
  21   1.10945411e+04  1.21389471e+04  4.51e-02 2.50e-12  3.11e-03    11s
  22   1.11944710e+04  1.20344846e+04  3.45e-02 2.89e-12  2.50e-03    11s
  23   1.12855179e+04  1.18948509e+04  2.49e-02 3.68e-12  1.81e-03    11s
  24   1.13346765e+04  1.18091512e+04  2.01e-02 4.20e-12  1.41e-03    12s
  25   1.13850450e+04  1.17980842e+04  1.66e-02 3.12e-12  1.23e-03    12s
  26   1.13983899e+04  1.17968011e+04  1.59e-02 3.36e-12  1.18e-03    12s
  27   1.14282573e+04  1.17896786e+04  1.45e-02 5.16e-12  1.07e-03    12s
  28   1.14563246e+04  1.17660929e+04  1.26e-02 5.35e-12  9.20e-04    13s
  29   1.14897583e+04  1.17239783e+04  9.65e-03 4.89e-12  6.96e-04    13s
  30   1.15241477e+04  1.17098519e+04  6.66e-03 3.88e-12  5.51e-04    13s
  31   1.15331827e+04  1.17011233e+04  5.90e-03 2.87e-12  4.98e-04    13s
  32   1.15472285e+04  1.16856150e+04  4.75e-03 3.04e-12  4.10e-04    13s
  33   1.15583088e+04  1.16709934e+04  4.01e-03 3.75e-12  3.34e-04    13s
  34   1.15622650e+04  1.16686053e+04  3.83e-03 6.07e-12  3.15e-04    14s
  35   1.15649027e+04  1.16639791e+04  3.70e-03 4.04e-12  2.94e-04    14s
  36   1.15664794e+04  1.16557214e+04  3.40e-03 3.19e-12  2.65e-04    14s
  37   1.15675213e+04  1.16554613e+04  3.33e-03 4.42e-12  2.61e-04    14s
  38   1.15820329e+04  1.16519475e+04  2.20e-03 3.56e-12  2.07e-04    14s
  39   1.15836609e+04  1.16467120e+04  2.05e-03 3.94e-12  1.87e-04    15s
  40   1.15888408e+04  1.16429664e+04  1.62e-03 3.90e-12  1.60e-04    15s
  41   1.15946647e+04  1.16320943e+04  1.16e-03 3.29e-12  1.11e-04    15s
  42   1.15991017e+04  1.16285718e+04  7.73e-04 4.17e-12  8.70e-05    15s
  43   1.16005037e+04  1.16245365e+04  6.77e-04 3.17e-12  7.10e-05    15s
  44   1.16017984e+04  1.16242774e+04  6.27e-04 3.76e-12  6.64e-05    16s
  45   1.16027097e+04  1.16227956e+04  5.87e-04 4.72e-12  5.94e-05    16s
  46   1.16086228e+04  1.16220951e+04  3.64e-04 5.54e-12  3.98e-05    16s
  47   1.16108065e+04  1.16205364e+04  2.74e-04 3.40e-12  2.88e-05    16s
  48   1.16149851e+04  1.16192646e+04  9.20e-05 3.03e-12  1.26e-05    16s
  49   1.16160740e+04  1.16184749e+04  4.59e-05 2.80e-12  7.07e-06    17s
  50   1.16161893e+04  1.16181320e+04  4.12e-05 2.77e-12  5.73e-06    17s
  51   1.16167186e+04  1.16178832e+04  2.02e-05 3.78e-12  3.43e-06    17s
  52   1.16169930e+04  1.16178189e+04  1.21e-05 3.01e-12  2.43e-06    17s
  53   1.16170491e+04  1.16177785e+04  1.08e-05 3.23e-12  2.14e-06    17s
  54   1.16171806e+04  1.16177080e+04  7.84e-06 3.73e-12  1.55e-06    17s
  55   1.16174348e+04  1.16175911e+04  2.22e-06 4.26e-12  4.59e-07    18s
  56   1.16174983e+04  1.16175612e+04  9.52e-07 6.43e-12  1.85e-07    18s
  57   1.16175492e+04  1.16175526e+04  2.24e-08 3.73e-12  9.94e-09    18s
  58   1.16175506e+04  1.16175509e+04  6.49e-09 5.98e-12  9.25e-10    18s
  59   1.16175509e+04  1.16175509e+04  6.47e-10 4.87e-12  5.74e-12    18s

Barrier solved model in 59 iterations and 18.27 seconds (15.22 work units)
Optimal objective 1.16175509e+04

Crossover log...

  122032 DPushes remaining with DInf 0.0000000e+00                19s
       0 DPushes remaining with DInf 0.0000000e+00                20s

     728 PPushes remaining with PInf 0.0000000e+00                20s
       0 PPushes remaining with PInf 0.0000000e+00                20s

  Push phase complete: Pinf 0.0000000e+00, Dinf 2.6708243e-11     20s


Solved with barrier
Extra simplex iterations after uncrush: 2838
Iteration    Objective       Primal Inf.    Dual Inf.      Time
   61821    1.1617551e+04   0.000000e+00   0.000000e+00     22s

Use crossover to convert LP symmetric solution to basic solution...
Crossover log...

   38928 DPushes remaining with DInf 0.0000000e+00                23s
    4374 DPushes remaining with DInf 0.0000000e+00                25s
       0 DPushes remaining with DInf 0.0000000e+00                26s

    2992 PPushes remaining with PInf 0.0000000e+00                26s
       0 PPushes remaining with PInf 0.0000000e+00                26s

  Push phase complete: Pinf 0.0000000e+00, Dinf 2.2482207e-12     26s

Iteration    Objective       Primal Inf.    Dual Inf.      Time
  107583    1.1617587e+04   0.000000e+00   1.715896e+04     30s
  111195    1.1617605e+04   0.000000e+00   1.053215e+04     36s
  113603    1.1617611e+04   0.000000e+00   4.812202e+04     40s
  116011    1.1617617e+04   0.000000e+00   7.275190e+03     45s
  118419    1.1617621e+04   0.000000e+00   4.510177e+03     51s
  120827    1.1617625e+04   0.000000e+00   3.152703e+03     56s
  122633    1.1617626e+04   0.000000e+00   6.345930e+03     60s
  125041    1.1617628e+04   0.000000e+00   4.414651e+03     67s
  126245    1.1617629e+04   0.000000e+00   3.113592e+03     71s
  128051    1.1617631e+04   0.000000e+00   1.457377e+04     76s
  129857    1.1617632e+04   0.000000e+00   1.295737e+03     80s
  131663    1.1617633e+04   0.000000e+00   8.341203e+03     85s
  133469    1.1617633e+04   0.000000e+00   1.145599e+03     91s
  135275    1.1617634e+04   0.000000e+00   2.900921e+03     96s
  136479    1.1617634e+04   0.000000e+00   7.510464e+02    100s
  138285    1.1617635e+04   0.000000e+00   8.548654e+03    106s
  140091    1.1617635e+04   0.000000e+00   7.532572e+02    112s
  141295    1.1617635e+04   0.000000e+00   1.948860e+03    115s
  143101    1.1617636e+04   0.000000e+00   4.000513e+02    121s
  144305    1.1617636e+04   0.000000e+00   9.365366e+02    125s
  146111    1.1617636e+04   0.000000e+00   1.436671e+03    131s
  147315    1.1617636e+04   0.000000e+00   1.483022e+03    135s
  149121    1.1617637e+04   0.000000e+00   1.234134e+02    141s
  150325    1.1617637e+04   0.000000e+00   2.336534e+02    146s
  152131    1.1617637e+04   0.000000e+00   3.579994e+02    152s
  153335    1.1617637e+04   0.000000e+00   1.666315e+02    156s
  155141    1.1617637e+04   0.000000e+00   7.058856e+01    162s
  156345    1.1617637e+04   0.000000e+00   1.841990e+02    166s
  157549    1.1617637e+04   0.000000e+00   5.847525e+01    171s
  158753    1.1617637e+04   0.000000e+00   4.055954e+01    175s
  160559    1.1617637e+04   0.000000e+00   1.184967e+01    182s
  161763    1.1617637e+04   0.000000e+00   1.468279e+01    186s
  162967    1.1617637e+04   0.000000e+00   1.797209e+01    191s
  164171    1.1617637e+04   0.000000e+00   4.221165e+00    196s
  165375    1.1617637e+04   0.000000e+00   1.843162e+00    200s
  167181    1.1617637e+04   0.000000e+00   2.771832e-01    207s
  168313    1.1617637e+04   0.000000e+00   7.897743e-02    212s
  169069    1.1617551e+04   0.000000e+00   0.000000e+00    217s
Extra simplex iterations after uncrush: 65329

Solved in 169069 iterations and 217.22 seconds (374.35 work units)
Optimal objective  1.161755092e+04
