
Gurobi 10.0.1 (linux64) logging started Mon Mar 10 21:46:31 2025

Set parameter LogFile to value "Results/Conservative_experiment/c1_0.90_c2_0.10.log"
Set parameter TimeLimit to value 36000
Gurobi Optimizer version 10.0.1 build v10.0.1rc0 (linux64)

CPU model: AMD EPYC 9654 96-Core Processor, instruction set [SSE2|AVX|AVX2|AVX512]
Thread count: 192 physical cores, 192 logical processors, using up to 32 threads

Academic license 656792 - for non-commercial use only - registered to b.___@student.vu.nl
Optimize a model with 1498050 rows, 1622512 columns and 5976640 nonzeros
Model fingerprint: 0xfcaea50d
Coefficient statistics:
  Matrix range     [1e-01, 1e+00]
  Objective range  [6e-02, 5e+00]
  Bounds range     [0e+00, 0e+00]
  RHS range        [1e-02, 1e+03]
Presolve removed 955510 rows and 878809 columns (presolve time = 5s) ...
Presolve removed 955510 rows and 878809 columns
Presolve time: 5.16s
Presolved: 542540 rows, 743703 columns, 2508755 nonzeros

Concurrent LP optimizer: primal simplex, dual simplex, and barrier
Showing barrier log only...

Ordering time: 1.50s

Barrier statistics:
 AA' NZ     : 1.721e+06
 Factor NZ  : 1.393e+07 (roughly 250 MB of memory)
 Factor Ops : 7.897e+09 (less than 1 second per iteration)
 Threads    : 30

                  Objective                Residual
Iter       Primal          Dual         Primal    Dual     Compl     Time
   0  -1.46282308e+07  1.51760935e+08  1.73e+06 1.21e+02  3.43e+04     8s
   1  -1.30515560e+07  1.31604437e+08  8.74e+05 1.88e+02  1.63e+04     8s
   2  -1.42133861e+07  9.15213868e+07  1.40e+05 4.58e+01  3.08e+03     8s
   3  -2.41618872e+07  7.33378328e+07  4.20e+04 3.67e+01  1.43e+03     9s
   4  -3.08818966e+07  1.68574807e+07  2.02e+04 6.12e+00  4.83e+02     9s
   5  -1.64633821e+07  6.43532184e+06  7.57e+03 1.20e+00  1.76e+02     9s
   6  -7.27706733e+06  3.10310122e+06  2.14e+03 3.73e-01  5.98e+01     9s
   7  -1.67208508e+06  9.61042352e+05  3.38e+02 1.41e-01  1.17e+01     9s
   8  -3.80381708e+05  3.58218809e+05  6.56e+01 6.37e-12  2.90e+00     9s
   9  -8.44898061e+04  1.50996073e+05  1.62e+01 3.64e-12  8.55e-01    10s
  10  -3.86681380e+04  8.94620596e+04  8.97e+00 1.87e-12  4.45e-01    10s
  11  -1.44874062e+04  5.30879806e+04  5.14e+00 2.70e-12  2.24e-01    10s
  12  -4.67065727e+02  4.16852459e+04  2.37e+00 4.39e-04  1.33e-01    10s
  13   4.93786881e+03  3.26834041e+04  1.22e+00 1.69e-04  8.52e-02    10s
  14   5.09002983e+03  2.72481226e+04  1.19e+00 8.83e-06  6.80e-02    10s
  15   9.06028719e+03  2.11272710e+04  3.70e-01 2.22e-12  3.60e-02    10s
  16   9.75216454e+03  1.64155730e+04  2.55e-01 4.06e-12  1.98e-02    11s
  17   1.02508389e+04  1.40434248e+04  1.78e-01 2.68e-12  1.13e-02    11s
  18   1.05599452e+04  1.31069445e+04  1.32e-01 2.94e-12  7.58e-03    11s
  19   1.08294279e+04  1.26557149e+04  9.30e-02 4.25e-12  5.43e-03    11s
  20   1.10733728e+04  1.22598929e+04  5.83e-02 2.89e-12  3.52e-03    11s
  21   1.11720942e+04  1.21443318e+04  4.46e-02 4.11e-12  2.88e-03    11s
  22   1.13079922e+04  1.19290968e+04  2.63e-02 3.21e-12  1.84e-03    11s
  23   1.13418307e+04  1.17952176e+04  2.18e-02 3.20e-12  1.34e-03    12s
  24   1.13757243e+04  1.17721970e+04  1.78e-02 3.32e-12  1.17e-03    12s
  25   1.14309238e+04  1.17054344e+04  1.11e-02 4.15e-12  8.12e-04    12s
  26   1.14585408e+04  1.16860929e+04  8.01e-03 3.62e-12  6.72e-04    12s
  27   1.15069058e+04  1.16563653e+04  5.17e-03 3.46e-12  4.41e-04    13s
  28   1.15159345e+04  1.16398694e+04  4.55e-03 3.35e-12  3.66e-04    13s
  29   1.15462131e+04  1.16183297e+04  2.51e-03 3.86e-12  2.13e-04    13s
  30   1.15648000e+04  1.15972727e+04  1.19e-03 2.64e-12  9.60e-05    13s
  31   1.15736646e+04  1.15920991e+04  6.26e-04 3.57e-12  5.44e-05    13s
  32   1.15787649e+04  1.15890538e+04  3.29e-04 3.38e-12  3.04e-05    13s
  33   1.15806273e+04  1.15881917e+04  2.29e-04 3.55e-12  2.23e-05    14s
  34   1.15816128e+04  1.15866107e+04  1.73e-04 2.98e-12  1.48e-05    14s
  35   1.15824768e+04  1.15858103e+04  9.27e-05 4.42e-12  9.82e-06    14s
  36   1.15828086e+04  1.15857160e+04  6.89e-05 4.51e-12  8.55e-06    14s
  37   1.15829234e+04  1.15856235e+04  6.19e-05 7.82e-12  7.94e-06    14s
  38   1.15834136e+04  1.15855541e+04  5.09e-05 8.13e-12  6.30e-06    14s
  39   1.15840117e+04  1.15849611e+04  2.54e-05 4.15e-12  2.80e-06    15s
  40   1.15840682e+04  1.15848079e+04  1.48e-05 3.64e-12  2.17e-06    15s
  41   1.15842015e+04  1.15847728e+04  9.45e-06 4.52e-12  1.68e-06    15s
  42   1.15843187e+04  1.15847691e+04  7.32e-06 8.73e-12  1.32e-06    15s
  43   1.15845864e+04  1.15846737e+04  8.04e-07 3.40e-12  2.55e-07    15s
  44   1.15846217e+04  1.15846225e+04  1.13e-08 5.46e-12  2.29e-09    16s
  45   1.15846224e+04  1.15846224e+04  4.63e-09 8.91e-12  1.42e-10    16s

Barrier solved model in 45 iterations and 15.67 seconds (12.63 work units)
Optimal objective 1.15846224e+04

Crossover log...

   89272 DPushes remaining with DInf 0.0000000e+00                16s
       0 DPushes remaining with DInf 0.0000000e+00                17s

    2502 PPushes remaining with PInf 0.0000000e+00                17s
       0 PPushes remaining with PInf 0.0000000e+00                17s

  Push phase complete: Pinf 0.0000000e+00, Dinf 3.6176992e-11     17s


Solved with barrier
Iteration    Objective       Primal Inf.    Dual Inf.      Time
   49880    1.1584622e+04   3.000000e-03   0.000000e+00     20s
Extra simplex iterations after uncrush: 2911
   49886    1.1584622e+04   0.000000e+00   0.000000e+00     20s

Use crossover to convert LP symmetric solution to basic solution...
Crossover log...

    5929 DPushes remaining with DInf 0.0000000e+00                21s
       0 DPushes remaining with DInf 0.0000000e+00                21s

    3028 PPushes remaining with PInf 0.0000000e+00                21s
       0 PPushes remaining with PInf 0.0000000e+00                21s

  Push phase complete: Pinf 0.0000000e+00, Dinf 4.2501823e-12     21s

Iteration    Objective       Primal Inf.    Dual Inf.      Time
   62830    1.1584684e+04   0.000000e+00   2.632443e+04     26s
   65238    1.1584706e+04   0.000000e+00   1.258714e+04     31s
   67044    1.1584715e+04   0.000000e+00   5.075837e+04     35s
   69452    1.1584726e+04   0.000000e+00   2.735831e+04     41s
   71258    1.1584731e+04   0.000000e+00   4.663904e+04     47s
   72462    1.1584734e+04   0.000000e+00   4.249678e+04     51s
   74268    1.1584739e+04   0.000000e+00   1.628446e+04     57s
   75472    1.1584742e+04   0.000000e+00   2.669775e+04     61s
   76676    1.1584743e+04   0.000000e+00   2.436007e+04     65s
   78482    1.1584746e+04   0.000000e+00   1.729047e+04     72s
   79686    1.1584748e+04   0.000000e+00   1.004845e+04     77s
   80890    1.1584750e+04   0.000000e+00   5.564385e+04     82s
   82094    1.1584751e+04   0.000000e+00   5.571043e+04     87s
   83298    1.1584752e+04   0.000000e+00   1.155418e+04     92s
   84502    1.1584753e+04   0.000000e+00   2.403307e+04     97s
   85706    1.1584754e+04   0.000000e+00   1.503081e+04    102s
   86910    1.1584755e+04   0.000000e+00   2.417591e+04    106s
   88114    1.1584756e+04   0.000000e+00   3.468528e+04    110s
   89920    1.1584758e+04   0.000000e+00   3.423305e+04    117s
   91124    1.1584758e+04   0.000000e+00   6.101283e+03    122s
   92328    1.1584759e+04   0.000000e+00   2.573058e+04    127s
   93532    1.1584760e+04   0.000000e+00   4.711368e+04    132s
   94736    1.1584761e+04   0.000000e+00   1.932193e+04    138s
   95338    1.1584761e+04   0.000000e+00   6.778037e+03    140s
   96542    1.1584762e+04   0.000000e+00   5.877516e+03    145s
   97746    1.1584762e+04   0.000000e+00   1.619117e+04    150s
   99552    1.1584763e+04   0.000000e+00   2.644662e+04    157s
  100756    1.1584764e+04   0.000000e+00   2.980853e+04    162s
  101960    1.1584765e+04   0.000000e+00   4.592690e+03    168s
  102562    1.1584765e+04   0.000000e+00   4.810706e+03    170s
  103766    1.1584765e+04   0.000000e+00   2.798524e+03    175s
  104970    1.1584766e+04   0.000000e+00   5.824716e+03    181s
  106174    1.1584766e+04   0.000000e+00   6.252860e+03    186s
  107378    1.1584767e+04   0.000000e+00   7.652930e+03    192s
  108582    1.1584767e+04   0.000000e+00   2.984935e+03    198s
  109184    1.1584767e+04   0.000000e+00   3.957075e+03    201s
  110388    1.1584768e+04   0.000000e+00   7.172052e+03    207s
  111592    1.1584768e+04   0.000000e+00   7.351065e+03    212s
  112194    1.1584768e+04   0.000000e+00   1.241493e+04    215s
  113398    1.1584769e+04   0.000000e+00   2.816103e+04    221s
  114602    1.1584769e+04   0.000000e+00   1.334743e+03    225s
  115806    1.1584769e+04   0.000000e+00   2.901577e+03    231s
  117010    1.1584770e+04   0.000000e+00   1.314354e+04    237s
  118214    1.1584770e+04   0.000000e+00   1.581921e+03    242s
  119418    1.1584770e+04   0.000000e+00   4.581797e+03    247s
  120020    1.1584770e+04   0.000000e+00   1.503432e+03    250s
  121224    1.1584770e+04   0.000000e+00   9.915221e+02    256s
  122428    1.1584771e+04   0.000000e+00   7.920959e+02    262s
  123030    1.1584771e+04   0.000000e+00   1.911043e+03    265s
  124234    1.1584771e+04   0.000000e+00   8.618658e+03    271s
  125438    1.1584771e+04   0.000000e+00   3.697405e+03    278s
  126040    1.1584771e+04   0.000000e+00   1.484433e+04    281s
  127244    1.1584771e+04   0.000000e+00   1.202599e+03    287s
  128448    1.1584771e+04   0.000000e+00   1.627687e+03    293s
  129050    1.1584771e+04   0.000000e+00   1.294187e+03    296s
  130254    1.1584772e+04   0.000000e+00   9.481721e+02    303s
  130856    1.1584772e+04   0.000000e+00   5.370051e+02    306s
  132060    1.1584772e+04   0.000000e+00   2.277631e+03    312s
  133264    1.1584772e+04   0.000000e+00   9.453678e+02    318s
  133866    1.1584772e+04   0.000000e+00   5.445855e+02    321s
  135070    1.1584772e+04   0.000000e+00   3.296233e+02    327s
  135672    1.1584772e+04   0.000000e+00   7.871580e+02    331s
  136876    1.1584772e+04   0.000000e+00   3.288688e+02    337s
  138080    1.1584772e+04   0.000000e+00   2.171223e+02    343s
  138682    1.1584772e+04   0.000000e+00   4.530941e+02    346s
  139886    1.1584772e+04   0.000000e+00   9.182590e+02    353s
  140488    1.1584772e+04   0.000000e+00   7.836262e+02    356s
  141692    1.1584772e+04   0.000000e+00   3.938357e+02    363s
  142294    1.1584772e+04   0.000000e+00   1.933770e+02    366s
  143498    1.1584772e+04   0.000000e+00   5.197314e+02    373s
  144100    1.1584772e+04   0.000000e+00   6.178384e+02    376s
  145304    1.1584772e+04   0.000000e+00   1.178157e+02    383s
  145906    1.1584772e+04   0.000000e+00   1.994302e+02    386s
  147110    1.1584772e+04   0.000000e+00   1.347058e+02    392s
  147712    1.1584772e+04   0.000000e+00   4.752601e+01    396s
  148916    1.1584772e+04   0.000000e+00   2.831502e+02    402s
  149518    1.1584773e+04   0.000000e+00   1.018621e+02    405s
  150722    1.1584773e+04   0.000000e+00   1.836914e+02    411s
  151926    1.1584773e+04   0.000000e+00   2.143229e+02    418s
  152528    1.1584773e+04   0.000000e+00   2.397302e+01    421s
  153732    1.1584773e+04   0.000000e+00   2.381832e+01    427s
  154334    1.1584773e+04   0.000000e+00   1.397119e+01    430s
  155538    1.1584773e+04   0.000000e+00   2.665102e+01    437s
  156742    1.1584773e+04   0.000000e+00   6.592067e+01    443s
  157344    1.1584773e+04   0.000000e+00   5.977630e+01    446s
  158548    1.1584773e+04   0.000000e+00   1.048909e+01    452s
  159150    1.1584773e+04   0.000000e+00   1.364049e+01    456s
  160354    1.1584773e+04   0.000000e+00   1.160203e+01    462s
  160944    1.1584773e+04   0.000000e+00   2.764404e+00    465s
  162124    1.1584773e+04   0.000000e+00   1.595738e+00    472s
  162674    1.1584773e+04   0.000000e+00   3.082005e-01    475s
  163714    1.1584773e+04   0.000000e+00   4.452638e-01    481s
  164724    1.1584773e+04   0.000000e+00   7.894974e-02    487s
  165174    1.1584773e+04   0.000000e+00   8.107070e-02    490s
  166044    1.1584773e+04   0.000000e+00   6.848460e-02    496s
Extra simplex iterations after uncrush: 40
  166267    1.1584622e+04   0.000000e+00   0.000000e+00    499s

Solved in 166267 iterations and 498.95 seconds (868.76 work units)
Optimal objective  1.158462243e+04
