
Gurobi 10.0.1 (linux64) logging started Mon Mar 10 21:37:01 2025

Set parameter LogFile to value "Results/Conservative_experiment/c1_0.40_c2_0.20.log"
Set parameter TimeLimit to value 36000
Gurobi Optimizer version 10.0.1 build v10.0.1rc0 (linux64)

CPU model: AMD EPYC 9654 96-Core Processor, instruction set [SSE2|AVX|AVX2|AVX512]
Thread count: 192 physical cores, 192 logical processors, using up to 32 threads

Academic license 656792 - for non-commercial use only - registered to b.___@student.vu.nl
Optimize a model with 1498050 rows, 1622512 columns and 5976640 nonzeros
Model fingerprint: 0x228bbb23
Coefficient statistics:
  Matrix range     [2e-01, 1e+00]
  Objective range  [6e-02, 5e+00]
  Bounds range     [0e+00, 0e+00]
  RHS range        [1e-02, 1e+03]
Presolve removed 955510 rows and 878809 columns (presolve time = 5s) ...
Presolve removed 955510 rows and 878809 columns
Presolve time: 5.40s
Presolved: 542540 rows, 743703 columns, 2508755 nonzeros

Concurrent LP optimizer: primal simplex, dual simplex, and barrier
Showing barrier log only...

Ordering time: 1.62s

Barrier statistics:
 AA' NZ     : 1.721e+06
 Factor NZ  : 1.393e+07 (roughly 250 MB of memory)
 Factor Ops : 7.897e+09 (less than 1 second per iteration)
 Threads    : 30

                  Objective                Residual
Iter       Primal          Dual         Primal    Dual     Compl     Time
   0  -1.38881245e+07  1.70892843e+08  1.71e+06 1.21e+02  3.44e+04     9s
   1  -1.19846487e+07  1.34645179e+08  8.50e+05 1.47e+02  1.60e+04     9s
   2  -1.26853982e+07  8.16386243e+07  1.62e+05 3.46e+01  3.35e+03     9s
   3  -2.68648007e+07  6.51305351e+07  3.65e+04 2.74e+01  1.25e+03     9s
   4  -4.09479884e+07  1.35485420e+07  1.48e+04 3.15e+00  3.77e+02     9s
   5  -2.24224260e+07  5.24345484e+06  7.24e+03 6.72e-01  1.68e+02    10s
   6  -7.44041910e+06  2.25410119e+06  1.87e+03 5.79e-02  4.88e+01    10s
   7  -2.59736469e+06  8.79925304e+05  5.91e+02 1.30e-02  1.59e+01    10s
   8  -3.66456940e+05  3.90880088e+05  6.29e+01 2.60e-03  2.86e+00    10s
   9  -8.29251111e+04  1.97893377e+05  1.75e+01 1.50e-04  9.97e-01    10s
  10  -3.30124802e+04  9.53793978e+04  9.52e+00 2.61e-12  4.43e-01    10s
  11  -1.38325410e+04  6.22757905e+04  5.12e+00 2.58e-12  2.49e-01    11s
  12  -4.29555497e+03  4.17751669e+04  2.96e+00 2.73e-12  1.45e-01    11s
  13   2.94199009e+03  3.35284076e+04  1.57e+00 2.92e-12  9.39e-02    11s
  14   3.29598973e+03  2.68217575e+04  1.51e+00 2.37e-12  7.22e-02    11s
  15   7.79655525e+03  2.07260293e+04  5.97e-01 3.19e-12  3.88e-02    11s
  16   9.47197256e+03  1.61202972e+04  3.17e-01 2.95e-12  1.98e-02    11s
  17   9.59300923e+03  1.55350077e+04  2.98e-01 3.64e-12  1.77e-02    12s
  18   1.01130635e+04  1.37956155e+04  2.14e-01 3.07e-12  1.10e-02    12s
  19   1.04858584e+04  1.30422687e+04  1.54e-01 3.06e-12  7.61e-03    12s
  20   1.07113282e+04  1.24990192e+04  1.19e-01 3.44e-12  5.33e-03    12s
  21   1.08372497e+04  1.21431253e+04  1.00e-01 2.87e-12  3.90e-03    12s
  22   1.09920218e+04  1.19147714e+04  7.72e-02 3.25e-12  2.76e-03    13s
  23   1.12013442e+04  1.18141812e+04  4.56e-02 3.88e-12  1.83e-03    13s
  24   1.12906382e+04  1.17174985e+04  3.39e-02 3.05e-12  1.28e-03    13s
  25   1.13522648e+04  1.16998872e+04  2.68e-02 4.60e-12  1.04e-03    13s
  26   1.14069996e+04  1.16898095e+04  2.20e-02 3.01e-12  8.45e-04    13s
  27   1.14448379e+04  1.16684495e+04  1.83e-02 3.27e-12  6.69e-04    14s
  28   1.14793768e+04  1.16532774e+04  1.46e-02 3.79e-12  5.20e-04    14s
  29   1.15106191e+04  1.16385992e+04  1.04e-02 4.07e-12  3.83e-04    14s
  30   1.15343159e+04  1.16316221e+04  7.61e-03 3.62e-12  2.91e-04    14s
  31   1.15427269e+04  1.16267608e+04  6.43e-03 3.60e-12  2.51e-04    14s
  32   1.15496983e+04  1.16246512e+04  5.61e-03 4.86e-12  2.24e-04    15s
  33   1.15557553e+04  1.16234075e+04  5.10e-03 4.57e-12  2.02e-04    15s
  34   1.15651369e+04  1.16139693e+04  3.99e-03 3.17e-12  1.46e-04    15s
  35   1.15777536e+04  1.16117530e+04  2.50e-03 4.07e-12  1.01e-04    15s
  36   1.15844385e+04  1.16089212e+04  1.90e-03 4.12e-12  7.32e-05    16s
  37   1.15913811e+04  1.16069524e+04  1.25e-03 4.16e-12  4.66e-05    16s
  38   1.15923727e+04  1.16066474e+04  1.16e-03 4.20e-12  4.27e-05    16s
  39   1.15944020e+04  1.16054018e+04  9.49e-04 3.39e-12  3.30e-05    16s
  40   1.15965155e+04  1.16050503e+04  6.97e-04 4.61e-12  2.56e-05    16s
  41   1.15975170e+04  1.16043635e+04  5.62e-04 3.63e-12  2.05e-05    16s
  42   1.15982199e+04  1.16040979e+04  4.78e-04 4.15e-12  1.76e-05    17s
  43   1.15989634e+04  1.16039620e+04  4.01e-04 4.61e-12  1.50e-05    17s
  44   1.16005278e+04  1.16037184e+04  2.49e-04 4.71e-12  9.54e-06    17s
  45   1.16024916e+04  1.16031913e+04  5.10e-05 3.79e-12  2.09e-06    17s
  46   1.16029618e+04  1.16030155e+04  2.72e-06 5.40e-12  1.59e-07    18s
  47   1.16029935e+04  1.16030015e+04  1.83e-07 4.05e-12  2.33e-08    18s
  48   1.16029936e+04  1.16030014e+04  1.82e-07 5.76e-12  2.32e-08    18s
  49   1.16029942e+04  1.16029987e+04  8.53e-08 8.51e-12  1.35e-08    18s
  50   1.16029947e+04  1.16029984e+04  7.42e-08 1.05e-11  1.12e-08    18s
  51   1.16029949e+04  1.16029983e+04  6.66e-08 1.29e-11  1.00e-08    18s
  52   1.16029962e+04  1.16029969e+04  2.44e-08 1.55e-11  2.06e-09    19s
  53   1.16029963e+04  1.16029969e+04  2.38e-08 1.45e-11  1.97e-09    19s
  54   1.16029965e+04  1.16029969e+04  1.28e-07 1.64e-11  9.68e-10    19s
  55   1.16029966e+04  1.16029969e+04  1.07e-07 1.15e-11  7.78e-10    19s
  56   1.16029968e+04  1.16029968e+04  5.07e-09 8.64e-12  3.54e-11    19s

Barrier solved model in 56 iterations and 19.24 seconds (14.68 work units)
Optimal objective 1.16029968e+04

Crossover log...

   79072 DPushes remaining with DInf 0.0000000e+00                19s
    9636 DPushes remaining with DInf 0.0000000e+00                20s
       0 DPushes remaining with DInf 0.0000000e+00                21s

   51890 PPushes remaining with PInf 0.0000000e+00                21s
       0 PPushes remaining with PInf 0.0000000e+00                21s

  Push phase complete: Pinf 0.0000000e+00, Dinf 2.5674879e-11     21s


Solved with barrier
Iteration    Objective       Primal Inf.    Dual Inf.      Time
  102986    1.1603041e+04   0.000000e+00   3.009113e+01     25s
Extra simplex iterations after uncrush: 6043
  103654    1.1602997e+04   0.000000e+00   0.000000e+00     26s

Use crossover to convert LP symmetric solution to basic solution...
Crossover log...

   42342 DPushes remaining with DInf 0.0000000e+00                26s
       0 DPushes remaining with DInf 0.0000000e+00                28s

    4144 PPushes remaining with PInf 0.0000000e+00                28s
       0 PPushes remaining with PInf 0.0000000e+00                28s

  Push phase complete: Pinf 0.0000000e+00, Dinf 1.0162383e-12     28s

Iteration    Objective       Primal Inf.    Dual Inf.      Time
  153305    1.1602997e+04   0.000000e+00   1.077109e+01     31s
  155111    1.1602997e+04   0.000000e+00   1.156832e+01     36s
  156917    1.1602997e+04   0.000000e+00   7.965686e+00     42s
  158121    1.1602997e+04   0.000000e+00   7.621470e+00     46s
  159325    1.1602997e+04   0.000000e+00   1.979999e+00     50s
  160529    1.1602997e+04   0.000000e+00   3.455332e+00     55s
Warning: 1 variables dropped from basis
  164459    5.2229154e+32   1.373736e+35   5.222915e+02     60s
  167306   -4.0087571e+21   6.867500e+33   0.000000e+00     69s
  167496   -2.9873718e+24   8.906250e+32   0.000000e+00     74s
  167686   -9.6631688e+24   1.742500e+32   0.000000e+00     78s
  167876   -1.3531100e+25   3.750000e+30   0.000000e+00     83s
  174012    1.3314295e+04   7.214440e+05   0.000000e+00     85s
  187476    1.1684806e+04   1.076681e+05   0.000000e+00     90s
  192372    1.1605079e+04   2.956351e+04   0.000000e+00     97s
  194360    1.1603603e+04   4.547021e+04   0.000000e+00    101s
  197162    1.1602969e+04   1.410399e+04   0.000000e+00    107s
  197764    1.1602968e+04   7.893163e+03   0.000000e+00    112s
  198366    1.1602967e+04   2.010033e+04   0.000000e+00    117s
  198746    1.1602945e+04   2.673851e+04   0.000000e+00    124s
  199348    1.1602939e+04   1.025316e+04   0.000000e+00    128s
  200552    1.1602934e+04   2.955285e+03   0.000000e+00    132s
  201756    1.1602933e+04   2.218995e+02   0.000000e+00    135s
  202948    1.1602997e+04   0.000000e+00   0.000000e+00    143s
Extra simplex iterations after uncrush: 41817

Solved in 202948 iterations and 143.48 seconds (197.58 work units)
Optimal objective  1.160299684e+04
