
Gurobi 10.0.1 (linux64) logging started Mon Mar 10 21:39:27 2025

Set parameter LogFile to value "Results/Conservative_experiment/c1_0.60_c2_0.60.log"
Set parameter TimeLimit to value 36000
Gurobi Optimizer version 10.0.1 build v10.0.1rc0 (linux64)

CPU model: AMD EPYC 9654 96-Core Processor, instruction set [SSE2|AVX|AVX2|AVX512]
Thread count: 192 physical cores, 192 logical processors, using up to 32 threads

Academic license 656792 - for non-commercial use only - registered to b.___@student.vu.nl
Optimize a model with 1498050 rows, 1622512 columns and 5976640 nonzeros
Model fingerprint: 0xca491623
Coefficient statistics:
  Matrix range     [6e-01, 1e+00]
  Objective range  [6e-02, 5e+00]
  Bounds range     [0e+00, 0e+00]
  RHS range        [1e-02, 1e+03]
Presolve removed 955510 rows and 878809 columns (presolve time = 5s) ...
Presolve removed 955510 rows and 878809 columns
Presolve time: 5.18s
Presolved: 542540 rows, 743703 columns, 2508755 nonzeros

Concurrent LP optimizer: primal simplex, dual simplex, and barrier
Showing barrier log only...

Ordering time: 1.36s

Barrier statistics:
 AA' NZ     : 1.721e+06
 Factor NZ  : 1.393e+07 (roughly 250 MB of memory)
 Factor Ops : 7.897e+09 (less than 1 second per iteration)
 Threads    : 30

                  Objective                Residual
Iter       Primal          Dual         Primal    Dual     Compl     Time
   0  -1.19128215e+07  1.29864311e+08  9.23e+05 8.47e+01  2.25e+04     8s
   1  -1.07183111e+07  1.09537262e+08  5.51e+05 1.21e+02  1.23e+04     8s
   2  -1.28057057e+07  8.85101248e+07  1.21e+05 5.50e+01  3.32e+03     8s
   3  -2.87661685e+07  8.21546864e+07  4.40e+04 5.09e+01  1.97e+03     9s
   4  -4.80721575e+07  2.07945113e+07  1.99e+04 6.74e+00  6.29e+02     9s
   5  -2.40373448e+07  7.09440370e+06  5.54e+03 1.18e+00  1.92e+02     9s
   6  -8.23188694e+06  2.66292850e+06  1.39e+03 1.75e-01  5.33e+01     9s
   7  -2.03848361e+06  8.87521724e+05  2.46e+02 7.69e-02  1.17e+01     9s
   8  -4.29391001e+05  3.67068191e+05  4.07e+01 6.27e-03  2.92e+00     9s
   9  -7.95032722e+04  1.49712660e+05  8.10e+00 8.62e-04  7.86e-01     9s
  10  -2.45858143e+04  7.55459573e+04  3.51e+00 2.83e-03  3.29e-01     9s
  11  -5.02258124e+03  4.98301167e+04  1.33e+00 1.57e-12  1.74e-01    10s
  12   1.40407878e+03  3.80095421e+04  7.75e-01 1.63e-12  1.14e-01    10s
  13   1.81957029e+03  2.80946274e+04  7.42e-01 2.07e-12  8.15e-02    10s
  14   7.35055378e+03  2.17776782e+04  2.58e-01 1.74e-12  4.38e-02    10s
  15   8.94345243e+03  1.79585331e+04  1.48e-01 1.57e-12  2.71e-02    10s
  16   1.00219008e+04  1.44313841e+04  8.07e-02 1.71e-12  1.31e-02    10s
  17   1.03686815e+04  1.33934278e+04  6.07e-02 2.16e-12  8.99e-03    10s
  18   1.05748375e+04  1.26975851e+04  4.91e-02 2.40e-12  6.30e-03    11s
  19   1.08991584e+04  1.23677150e+04  3.15e-02 2.75e-12  4.35e-03    11s
  20   1.09797617e+04  1.20794431e+04  2.73e-02 3.24e-12  3.26e-03    11s
  21   1.11945326e+04  1.20022628e+04  1.67e-02 2.35e-12  2.39e-03    11s
  22   1.12893270e+04  1.19556712e+04  1.33e-02 2.78e-12  1.97e-03    11s
  23   1.13250606e+04  1.18882014e+04  1.19e-02 3.43e-12  1.66e-03    11s
  24   1.14180713e+04  1.18244483e+04  8.07e-03 2.90e-12  1.20e-03    12s
  25   1.14794981e+04  1.17743628e+04  5.26e-03 3.77e-12  8.69e-04    12s
  26   1.14995825e+04  1.17346608e+04  4.44e-03 3.31e-12  6.93e-04    12s
  27   1.15487514e+04  1.17027757e+04  2.43e-03 2.57e-12  4.53e-04    12s
  28   1.15597088e+04  1.16911808e+04  2.10e-03 5.98e-07  3.87e-04    12s
  29   1.15677405e+04  1.16704633e+04  1.64e-03 2.53e-12  3.02e-04    12s
  30   1.15798163e+04  1.16609455e+04  1.19e-03 3.31e-12  2.39e-04    13s
  31   1.15800584e+04  1.16538541e+04  1.16e-03 2.78e-12  2.17e-04    13s
  32   1.15862326e+04  1.16463351e+04  9.19e-04 3.14e-12  1.77e-04    13s
  33   1.15895788e+04  1.16431932e+04  8.01e-04 3.23e-12  1.58e-04    13s
  34   1.15919477e+04  1.16389322e+04  7.23e-04 2.90e-12  1.38e-04    13s
  35   1.15975119e+04  1.16376095e+04  5.43e-04 4.10e-12  1.18e-04    13s
  36   1.16018773e+04  1.16321225e+04  4.34e-04 3.48e-12  8.90e-05    14s
  37   1.16088629e+04  1.16288822e+04  2.55e-04 2.40e-07  5.89e-05    14s
  38   1.16121922e+04  1.16215327e+04  1.68e-04 3.05e-12  2.75e-05    14s
  39   1.16174543e+04  1.16190962e+04  2.14e-05 2.75e-12  4.83e-06    14s
  40   1.16181953e+04  1.16185341e+04  1.92e-06 2.85e-12  9.92e-07    14s
  41   1.16182346e+04  1.16184790e+04  9.69e-07 2.95e-12  7.15e-07    14s
  42   1.16182679e+04  1.16183747e+04  1.17e-07 3.69e-12  3.12e-07    15s
  43   1.16182730e+04  1.16183240e+04  4.42e-08 7.28e-12  1.49e-07    15s
  44   1.16182763e+04  1.16182783e+04  9.15e-10 6.55e-12  5.75e-09    15s
  45   1.16182763e+04  1.16182779e+04  7.66e-09 5.52e-12  4.72e-09    15s
  46   1.16182763e+04  1.16182779e+04  1.16e-08 7.19e-12  4.66e-09    15s
  47   1.16182764e+04  1.16182764e+04  1.53e-09 5.88e-12  4.56e-11    15s

Barrier solved model in 47 iterations and 15.35 seconds (13.36 work units)
Optimal objective 1.16182764e+04

Crossover log...

   77666 DPushes remaining with DInf 0.0000000e+00                16s
       0 DPushes remaining with DInf 0.0000000e+00                17s

   52000 PPushes remaining with PInf 3.1460114e-05                17s
       0 PPushes remaining with PInf 0.0000000e+00                17s

  Push phase complete: Pinf 0.0000000e+00, Dinf 1.7761057e-11     17s


Solved with barrier
Extra simplex iterations after uncrush: 3499
Iteration    Objective       Primal Inf.    Dual Inf.      Time
   99083    1.1618276e+04   0.000000e+00   0.000000e+00     19s

Use crossover to convert LP symmetric solution to basic solution...
Crossover log...

   41901 DPushes remaining with DInf 0.0000000e+00                19s
    6502 DPushes remaining with DInf 0.0000000e+00                20s
       0 DPushes remaining with DInf 0.0000000e+00                20s

    4597 PPushes remaining with PInf 0.0000000e+00                20s
       0 PPushes remaining with PInf 0.0000000e+00                21s

  Push phase complete: Pinf 0.0000000e+00, Dinf 9.1551853e-13     21s

Iteration    Objective       Primal Inf.    Dual Inf.      Time
  150048    1.1618278e+04   0.000000e+00   6.427170e+03     25s
  152456    1.1618279e+04   0.000000e+00   5.514699e+03     31s
  154262    1.1618280e+04   0.000000e+00   8.554328e+02     36s
  156068    1.1618280e+04   0.000000e+00   2.906530e+02     41s
  157874    1.1618280e+04   0.000000e+00   1.960127e+02     47s
  159078    1.1618281e+04   0.000000e+00   5.979804e+02     50s
  161486    1.1618281e+04   0.000000e+00   1.621423e+02     57s
  163292    1.1618281e+04   0.000000e+00   1.980512e+02     62s
  164496    1.1618281e+04   0.000000e+00   5.810046e+01     65s
  166302    1.1618281e+04   0.000000e+00   2.423525e+02     71s
  168108    1.1618281e+04   0.000000e+00   2.443418e+02     77s
  169312    1.1618281e+04   0.000000e+00   2.307699e+02     80s
  171118    1.1618281e+04   0.000000e+00   1.978544e+01     85s
  172924    1.1618281e+04   0.000000e+00   1.361296e+01     91s
  174730    1.1618281e+04   0.000000e+00   3.504480e+00     96s
  175934    1.1618281e+04   0.000000e+00   1.430790e+00    100s
  177740    1.1618281e+04   0.000000e+00   4.334218e-01    107s
  178750    1.1618281e+04   0.000000e+00   3.192027e-01    112s
Extra simplex iterations after uncrush: 33403
  178978    1.1618276e+04   0.000000e+00   0.000000e+00    114s

Solved in 178978 iterations and 113.54 seconds (229.08 work units)
Optimal objective  1.161827643e+04
