
Gurobi 10.0.1 (linux64) logging started Mon Mar 10 21:36:59 2025

Set parameter LogFile to value "Results/Conservative_experiment/c1_0.50_c2_0.40.log"
Set parameter TimeLimit to value 36000
Gurobi Optimizer version 10.0.1 build v10.0.1rc0 (linux64)

CPU model: AMD EPYC 9654 96-Core Processor, instruction set [SSE2|AVX|AVX2|AVX512]
Thread count: 192 physical cores, 192 logical processors, using up to 32 threads

Academic license 656792 - for non-commercial use only - registered to b.___@student.vu.nl
Optimize a model with 1498050 rows, 1622512 columns and 5976640 nonzeros
Model fingerprint: 0xe78970ea
Coefficient statistics:
  Matrix range     [4e-01, 1e+00]
  Objective range  [6e-02, 5e+00]
  Bounds range     [0e+00, 0e+00]
  RHS range        [1e-02, 1e+03]
Presolve removed 955510 rows and 878809 columns (presolve time = 5s) ...
Presolve removed 955510 rows and 878809 columns
Presolve time: 5.15s
Presolved: 542540 rows, 743703 columns, 2508755 nonzeros

Concurrent LP optimizer: primal simplex, dual simplex, and barrier
Showing barrier log only...

Ordering time: 1.35s

Barrier statistics:
 AA' NZ     : 1.721e+06
 Factor NZ  : 1.393e+07 (roughly 250 MB of memory)
 Factor Ops : 7.897e+09 (less than 1 second per iteration)
 Threads    : 30

                  Objective                Residual
Iter       Primal          Dual         Primal    Dual     Compl     Time
   0  -1.33222796e+07  1.39805652e+08  9.98e+05 1.21e+02  3.06e+04     8s
   1  -1.11270753e+07  1.14882481e+08  4.01e+05 9.13e+01  1.11e+04     8s
   2  -1.48495597e+07  9.11482208e+07  8.49e+04 5.06e+01  3.06e+03     8s
   3  -7.60983349e+07  8.73574399e+07  3.14e+04 4.90e+01  2.16e+03     8s
   4  -7.11564843e+07  1.81585320e+07  1.33e+04 6.71e+00  5.80e+02     9s
   5  -3.37266358e+07  6.81619111e+06  5.11e+03 1.90e+00  2.16e+02     9s
   6  -2.13701037e+07  5.00192864e+06  3.03e+03 1.30e+00  1.35e+02     9s
   7  -1.84437952e+07  3.16166752e+06  2.54e+03 6.94e-01  1.04e+02     9s
   8  -4.57023772e+06  1.57697465e+06  4.79e+02 2.63e-01  2.60e+01     9s
   9  -5.25006618e+05  3.66455394e+05  3.37e+01 1.28e-02  3.13e+00     9s
  10  -1.13544270e+05  2.12482330e+05  9.15e+00 4.52e-03  1.11e+00    10s
  11  -4.20009840e+04  1.38133867e+05  5.01e+00 1.59e-03  6.01e-01    10s
  12  -2.07677062e+04  1.02267340e+05  3.57e+00 4.45e-03  4.03e-01    10s
  13  -5.45630077e+03  7.22632837e+04  1.95e+00 2.49e-03  2.46e-01    10s
  14   2.71910442e+03  4.34366796e+04  8.90e-01 5.22e-04  1.25e-01    10s
  15   7.05165887e+03  3.19209071e+04  3.30e-01 9.63e-05  7.44e-02    10s
  16   7.19057343e+03  2.36590656e+04  3.19e-01 3.48e-12  4.94e-02    10s
  17   9.14846545e+03  1.80800859e+04  1.79e-01 5.80e-12  2.66e-02    11s
  18   9.67712603e+03  1.57435368e+04  1.35e-01 7.72e-12  1.80e-02    11s
  19   1.03976652e+04  1.41654202e+04  7.74e-02 3.96e-12  1.12e-02    11s
  20   1.07381229e+04  1.30389074e+04  5.34e-02 4.29e-12  6.81e-03    11s
  21   1.08531640e+04  1.25804718e+04  4.50e-02 4.52e-12  5.12e-03    11s
  22   1.09789933e+04  1.24012340e+04  3.65e-02 4.05e-12  4.22e-03    11s
  23   1.12112061e+04  1.19710164e+04  2.05e-02 4.43e-12  2.25e-03    12s
  24   1.12894624e+04  1.18840844e+04  1.54e-02 5.59e-12  1.76e-03    12s
  25   1.13519720e+04  1.18215094e+04  1.17e-02 6.59e-12  1.39e-03    12s
  26   1.13823179e+04  1.18240689e+04  1.01e-02 6.77e-12  1.31e-03    12s
  27   1.13884240e+04  1.18075077e+04  9.84e-03 6.87e-12  1.24e-03    12s
  28   1.14318744e+04  1.17924025e+04  8.11e-03 5.83e-12  1.07e-03    12s
  29   1.14502002e+04  1.17709711e+04  7.44e-03 7.13e-12  9.48e-04    13s
  30   1.14809782e+04  1.17376308e+04  6.16e-03 5.67e-12  7.59e-04    13s
  31   1.15153280e+04  1.17006936e+04  4.30e-03 6.57e-12  5.48e-04    13s
  32   1.15371990e+04  1.16901280e+04  3.15e-03 7.18e-12  4.51e-04    13s
  33   1.15455042e+04  1.16761861e+04  2.80e-03 7.25e-12  3.86e-04    13s
  34   1.15609871e+04  1.16543675e+04  2.09e-03 6.03e-12  2.76e-04    14s
  35   1.15739953e+04  1.16449594e+04  1.56e-03 4.87e-12  2.10e-04    14s
  36   1.15798205e+04  1.16383596e+04  1.34e-03 4.77e-12  1.73e-04    14s
  37   1.15859511e+04  1.16309919e+04  1.03e-03 6.16e-12  1.33e-04    14s
  38   1.15919674e+04  1.16239469e+04  7.28e-04 4.38e-12  9.46e-05    14s
  39   1.15942190e+04  1.16202403e+04  6.40e-04 5.06e-12  7.71e-05    15s
  40   1.15961858e+04  1.16190808e+04  5.43e-04 3.94e-12  6.78e-05    15s
  41   1.15963727e+04  1.16180701e+04  5.31e-04 5.05e-12  6.42e-05    15s
  42   1.15973718e+04  1.16168956e+04  4.84e-04 7.37e-12  5.78e-05    15s
  43   1.15985367e+04  1.16159444e+04  4.39e-04 6.48e-12  5.16e-05    16s
  44   1.15992102e+04  1.16153928e+04  4.15e-04 7.16e-12  4.80e-05    16s
  45   1.15998500e+04  1.16147110e+04  3.90e-04 7.22e-12  4.41e-05    16s
  46   1.16011363e+04  1.16139516e+04  3.41e-04 6.68e-12  3.80e-05    16s
  47   1.16034406e+04  1.16136116e+04  2.60e-04 8.90e-12  3.01e-05    16s
  48   1.16087982e+04  1.16118999e+04  7.23e-05 4.70e-12  9.18e-06    17s
  49   1.16107840e+04  1.16111195e+04  3.01e-06 3.60e-12  9.84e-07    17s
  50   1.16108640e+04  1.16110040e+04  6.14e-07 6.47e-12  4.09e-07    17s
  51   1.16108731e+04  1.16109422e+04  4.06e-07 8.99e-12  2.02e-07    17s
  52   1.16108883e+04  1.16109217e+04  2.75e-08 9.04e-12  9.73e-08    17s
  53   1.16108909e+04  1.16108912e+04  1.76e-09 1.07e-11  7.36e-10    18s
  54   1.16108910e+04  1.16108910e+04  2.07e-09 8.10e-12  7.53e-11    18s

Barrier solved model in 54 iterations and 17.83 seconds (14.45 work units)
Optimal objective 1.16108910e+04

Crossover log...

   77584 DPushes remaining with DInf 0.0000000e+00                18s
       0 DPushes remaining with DInf 0.0000000e+00                19s

   52000 PPushes remaining with PInf 7.5426859e-06                19s
       0 PPushes remaining with PInf 0.0000000e+00                19s

  Push phase complete: Pinf 0.0000000e+00, Dinf 2.1081373e-11     19s


Solved with barrier
Iteration    Objective       Primal Inf.    Dual Inf.      Time
   97649    1.1610925e+04   0.000000e+00   4.672072e+01     20s
Extra simplex iterations after uncrush: 2259
   98049    1.1610891e+04   0.000000e+00   0.000000e+00     20s

Use crossover to convert LP symmetric solution to basic solution...
Crossover log...

   42440 DPushes remaining with DInf 0.0000000e+00                21s
       0 DPushes remaining with DInf 0.0000000e+00                22s

    4740 PPushes remaining with PInf 0.0000000e+00                22s
       0 PPushes remaining with PInf 0.0000000e+00                22s

  Push phase complete: Pinf 0.0000000e+00, Dinf 9.4712779e-13     22s

Iteration    Objective       Primal Inf.    Dual Inf.      Time
  149232    1.1610892e+04   0.000000e+00   1.507559e+01     26s
  151038    1.1610892e+04   0.000000e+00   1.228707e+01     30s
  153446    1.1610892e+04   0.000000e+00   3.079035e-01     36s
Extra simplex iterations after uncrush: 9279
  154496    1.1610891e+04   0.000000e+00   0.000000e+00     41s

Solved in 154496 iterations and 40.77 seconds (65.95 work units)
Optimal objective  1.161089104e+04
