
Gurobi 10.0.1 (linux64) logging started Mon Mar 10 21:36:59 2025

Set parameter LogFile to value "Results/Conservative_experiment/c1_0.50_c2_0.00.log"
Set parameter TimeLimit to value 36000
Gurobi Optimizer version 10.0.1 build v10.0.1rc0 (linux64)

CPU model: AMD EPYC 9654 96-Core Processor, instruction set [SSE2|AVX|AVX2|AVX512]
Thread count: 192 physical cores, 192 logical processors, using up to 32 threads

Academic license 656792 - for non-commercial use only - registered to b.___@student.vu.nl
Optimize a model with 1498050 rows, 1622512 columns and 5965248 nonzeros
Model fingerprint: 0x585a6afe
Coefficient statistics:
  Matrix range     [5e-01, 1e+00]
  Objective range  [6e-02, 5e+00]
  Bounds range     [0e+00, 0e+00]
  RHS range        [1e-02, 1e+03]
Presolve removed 1137941 rows and 1144695 columns
Presolve time: 3.75s
Presolved: 360109 rows, 477817 columns, 1778097 nonzeros

Concurrent LP optimizer: primal simplex, dual simplex, and barrier
Showing barrier log only...

Ordering time: 0.41s

Barrier statistics:
 AA' NZ     : 3.019e+05
 Factor NZ  : 3.493e+06 (roughly 70 MB of memory)
 Factor Ops : 1.234e+09 (less than 1 second per iteration)
 Threads    : 30

                  Objective                Residual
Iter       Primal          Dual         Primal    Dual     Compl     Time
   0  -1.79746667e+09  8.93405619e+07  6.99e+05 5.21e+01  3.17e+04     5s
   1  -5.51885962e+08  7.03226304e+07  2.11e+05 5.79e+01  8.52e+03     5s
   2  -1.46717311e+08  3.60618991e+07  5.35e+04 2.05e+00  2.01e+03     5s
   3  -4.23975646e+07  8.83843192e+06  1.50e+04 6.10e-02  5.32e+02     5s
   4  -1.20850494e+07  3.58207883e+06  4.20e+03 1.06e-02  1.59e+02     5s
   5  -7.74326628e+06  1.96735537e+06  2.67e+03 3.69e-06  9.70e+01     5s
   6  -4.63174746e+06  1.53896471e+06  1.59e+03 1.05e-11  6.11e+01     5s
   7  -1.55048367e+06  7.70134651e+05  5.17e+02 1.00e-11  2.25e+01     5s
   8  -3.84828863e+05  2.62631438e+05  1.23e+02 1.55e-11  6.04e+00     5s
   9  -1.20447639e+05  1.68211162e+05  4.00e+01 6.82e-12  2.66e+00     5s
  10  -1.47446145e+04  5.74024358e+04  6.88e+00 4.09e-12  6.31e-01     5s
  11   2.51260565e+03  3.41284094e+04  2.10e+00 2.29e-12  2.79e-01     5s
  12   8.29671894e+03  2.34161730e+04  6.46e-01 2.02e-12  1.38e-01     5s
  13   9.46266877e+03  1.66344427e+04  3.80e-01 2.57e-12  6.33e-02     5s
  14   1.00177431e+04  1.55708188e+04  2.67e-01 2.50e-12  4.95e-02     5s
  15   1.02896988e+04  1.36816095e+04  2.12e-01 2.54e-12  2.92e-02     5s
  16   1.08347350e+04  1.26427762e+04  1.11e-01 3.16e-12  1.56e-02     6s
  17   1.10454806e+04  1.22888062e+04  7.36e-02 2.29e-12  1.08e-02     6s
  18   1.11547818e+04  1.21401421e+04  5.48e-02 3.39e-12  8.61e-03     6s
  19   1.11688978e+04  1.19800651e+04  5.23e-02 2.76e-12  6.93e-03     6s
  20   1.13051879e+04  1.18010940e+04  2.98e-02 3.07e-12  4.28e-03     6s
  21   1.13393587e+04  1.17574982e+04  2.46e-02 3.16e-12  3.62e-03     6s
  22   1.13479764e+04  1.17487260e+04  2.33e-02 2.82e-12  3.48e-03     6s
  23   1.13885749e+04  1.17165896e+04  1.74e-02 3.25e-12  2.88e-03     6s
  24   1.14305700e+04  1.16724244e+04  1.12e-02 3.60e-12  2.16e-03     6s
  25   1.14345162e+04  1.16131505e+04  1.04e-02 2.68e-12  1.55e-03     6s
  26   1.14728918e+04  1.15921970e+04  4.39e-03 3.78e-12  1.09e-03     6s
  27   1.14815417e+04  1.15491255e+04  3.13e-03 5.51e-12  6.05e-04     6s
  28   1.14881023e+04  1.15421428e+04  2.21e-03 2.96e-12  4.90e-04     6s
  29   1.14895895e+04  1.15358322e+04  1.98e-03 3.29e-12  4.17e-04     6s
  30   1.14918692e+04  1.15301279e+04  1.62e-03 3.79e-12  3.46e-04     6s
  31   1.14952532e+04  1.15149420e+04  1.12e-03 2.80e-12  1.72e-04     6s
  32   1.15030494e+04  1.15073325e+04  4.98e-05 3.38e-12  4.15e-05     6s
  33   1.15035808e+04  1.15039157e+04  2.90e-06 3.32e-12  3.26e-06     6s
  34   1.15036099e+04  1.15037764e+04  6.53e-07 4.66e-12  1.64e-06     6s
  35   1.15036154e+04  1.15036484e+04  1.88e-07 6.52e-12  3.24e-07     6s
  36   1.15036194e+04  1.15036198e+04  2.01e-09 1.03e-11  3.72e-09     7s
  37   1.15036195e+04  1.15036195e+04  1.47e-10 1.18e-11  2.22e-12     7s

Barrier solved model in 37 iterations and 6.60 seconds (5.75 work units)
Optimal objective 1.15036195e+04

Crossover log...

   15163 DPushes remaining with DInf 0.0000000e+00                 7s
       0 DPushes remaining with DInf 0.0000000e+00                 7s

   19862 PPushes remaining with PInf 0.0000000e+00                 7s
       0 PPushes remaining with PInf 0.0000000e+00                 7s

  Push phase complete: Pinf 0.0000000e+00, Dinf 9.3027808e-11      7s


Solved with barrier
Extra simplex iterations after uncrush: 878
Iteration    Objective       Primal Inf.    Dual Inf.      Time
   35856    1.1503619e+04   0.000000e+00   0.000000e+00      8s

Use crossover to convert LP symmetric solution to basic solution...
Crossover log...

    9493 DPushes remaining with DInf 0.0000000e+00                 8s
       0 DPushes remaining with DInf 0.0000000e+00                 8s

    2017 PPushes remaining with PInf 0.0000000e+00                 8s
       0 PPushes remaining with PInf 0.0000000e+00                 9s

  Push phase complete: Pinf 0.0000000e+00, Dinf 3.3112402e-12      9s

Iteration    Objective       Primal Inf.    Dual Inf.      Time
   49599    1.1503619e+04   0.000000e+00   1.138777e+05     10s
   54238    1.1503780e+04   0.000000e+00   1.640395e+05     15s
   58698    1.1503927e+04   0.000000e+00   2.072361e+05     21s
   62310    1.1504028e+04   0.000000e+00   2.889649e+05     26s
   65320    1.1504105e+04   0.000000e+00   1.290461e+05     31s
   67748    1.1504163e+04   0.000000e+00   1.102000e+05     35s
   70758    1.1504231e+04   0.000000e+00   1.158851e+05     41s
   73768    1.1504292e+04   0.000000e+00   1.112373e+05     46s
   76176    1.1504335e+04   0.000000e+00   2.710583e+05     50s
   79186    1.1504384e+04   0.000000e+00   2.191839e+05     56s
   81594    1.1504414e+04   0.000000e+00   6.512054e+05     60s
   84002    1.1504441e+04   0.000000e+00   1.729894e+05     66s
   85808    1.1504458e+04   0.000000e+00   1.253496e+05     71s
   87614    1.1504475e+04   0.000000e+00   1.152176e+05     76s
   89420    1.1504486e+04   0.000000e+00   1.280158e+05     81s
   91226    1.1504497e+04   0.000000e+00   3.879980e+05     86s
   93032    1.1504509e+04   0.000000e+00   1.575586e+05     91s
   94838    1.1504519e+04   0.000000e+00   9.961452e+04     96s
   96644    1.1504533e+04   0.000000e+00   4.937619e+05    101s
   98450    1.1504544e+04   0.000000e+00   1.276086e+05    106s
  100256    1.1504554e+04   0.000000e+00   7.341489e+05    111s
  102062    1.1504562e+04   0.000000e+00   1.546313e+06    116s
  103868    1.1504572e+04   0.000000e+00   6.061724e+05    121s
  105072    1.1504578e+04   0.000000e+00   7.760249e+05    126s
  106276    1.1504585e+04   0.000000e+00   3.468564e+05    130s
  108082    1.1504595e+04   0.000000e+00   1.657268e+05    137s
  109286    1.1504603e+04   0.000000e+00   1.846050e+05    141s
  110490    1.1504608e+04   0.000000e+00   2.160510e+05    146s
  111694    1.1504616e+04   0.000000e+00   1.076496e+06    151s
  112898    1.1504623e+04   0.000000e+00   2.406305e+06    156s
  114102    1.1504629e+04   0.000000e+00   4.253917e+05    161s
  115306    1.1504634e+04   0.000000e+00   1.016140e+05    167s
  116510    1.1504639e+04   0.000000e+00   1.167708e+05    172s
  117714    1.1504643e+04   0.000000e+00   3.111124e+05    178s
  118316    1.1504645e+04   0.000000e+00   2.181564e+05    181s
  119520    1.1504650e+04   0.000000e+00   3.905549e+05    186s
  120724    1.1504657e+04   0.000000e+00   1.084202e+05    192s
  121928    1.1504663e+04   0.000000e+00   1.050975e+05    197s
  123132    1.1504669e+04   0.000000e+00   2.366903e+05    203s
  123734    1.1504671e+04   0.000000e+00   4.905010e+05    206s
  124938    1.1504677e+04   0.000000e+00   2.389696e+05    212s
  125540    1.1504678e+04   0.000000e+00   1.703184e+05    215s
  126744    1.1504683e+04   0.000000e+00   3.294654e+05    222s
  127346    1.1504686e+04   0.000000e+00   2.557213e+05    225s
  128550    1.1504690e+04   0.000000e+00   2.872606e+06    232s
  129754    1.1504694e+04   0.000000e+00   1.062243e+05    238s
  130356    1.1504697e+04   0.000000e+00   3.733554e+05    241s
  131560    1.1504702e+04   0.000000e+00   8.658540e+05    247s
  132162    1.1504705e+04   0.000000e+00   1.162738e+05    251s
  133366    1.1504709e+04   0.000000e+00   1.763162e+05    257s
  133968    1.1504711e+04   0.000000e+00   1.147851e+06    260s
  135172    1.1504715e+04   0.000000e+00   2.959970e+05    266s
  136376    1.1504720e+04   0.000000e+00   1.798328e+05    273s
  136978    1.1504722e+04   0.000000e+00   1.751115e+05    276s
  137580    1.1504724e+04   0.000000e+00   5.134196e+05    280s
  138784    1.1504729e+04   0.000000e+00   4.883816e+05    288s
  139386    1.1504731e+04   0.000000e+00   1.449191e+05    291s
  140590    1.1504735e+04   0.000000e+00   1.963402e+05    298s
  141192    1.1504737e+04   0.000000e+00   2.207464e+05    302s
  142396    1.1504741e+04   0.000000e+00   2.665058e+05    309s
  142998    1.1504742e+04   0.000000e+00   4.007712e+05    313s
  143600    1.1504745e+04   0.000000e+00   4.900576e+05    317s
  144202    1.1504747e+04   0.000000e+00   1.718377e+05    321s
  145406    1.1504750e+04   0.000000e+00   5.541880e+05    328s
  146008    1.1504752e+04   0.000000e+00   2.756236e+05    332s
  146610    1.1504753e+04   0.000000e+00   4.280038e+05    336s
  147814    1.1504759e+04   0.000000e+00   1.576315e+06    343s
  148416    1.1504761e+04   0.000000e+00   5.817294e+05    347s
  149018    1.1504762e+04   0.000000e+00   1.614475e+05    351s
  149620    1.1504764e+04   0.000000e+00   2.442282e+05    356s
  150824    1.1504768e+04   0.000000e+00   3.720339e+05    364s
  151426    1.1504771e+04   0.000000e+00   4.757753e+05    368s
  152028    1.1504773e+04   0.000000e+00   7.467906e+05    372s
  152630    1.1504776e+04   0.000000e+00   4.198064e+06    376s
  153834    1.1504780e+04   0.000000e+00   2.688242e+05    384s
  154436    1.1504781e+04   0.000000e+00   2.901682e+05    389s
  155038    1.1504783e+04   0.000000e+00   1.746534e+05    393s
  155640    1.1504785e+04   0.000000e+00   4.023003e+05    397s
  156242    1.1504787e+04   0.000000e+00   4.550920e+05    401s
  156844    1.1504789e+04   0.000000e+00   9.932728e+04    405s
  158048    1.1504792e+04   0.000000e+00   3.402215e+05    414s
  158650    1.1504794e+04   0.000000e+00   1.229248e+05    418s
  159252    1.1504795e+04   0.000000e+00   8.064837e+04    422s
  159854    1.1504798e+04   0.000000e+00   1.593803e+06    427s
  160456    1.1504800e+04   0.000000e+00   1.929776e+05    431s
  161058    1.1504802e+04   0.000000e+00   4.079929e+05    435s
  162260    1.1504805e+04   0.000000e+00   2.239494e+05    444s
  162810    1.1504807e+04   0.000000e+00   1.367829e+05    449s
  163390    1.1504808e+04   0.000000e+00   3.542520e+05    453s
  163970    1.1504809e+04   0.000000e+00   1.453168e+05    458s
  164572    1.1504812e+04   0.000000e+00   3.568753e+05    462s
  165174    1.1504814e+04   0.000000e+00   2.543324e+05    467s
  165776    1.1504816e+04   0.000000e+00   1.909255e+05    471s
  166346    1.1504817e+04   0.000000e+00   1.403257e+05    476s
  167550    1.1504821e+04   0.000000e+00   6.551533e+04    484s
  168152    1.1504822e+04   0.000000e+00   1.990141e+05    488s
  168754    1.1504824e+04   0.000000e+00   2.684990e+05    493s
  169356    1.1504825e+04   0.000000e+00   1.105756e+05    497s
  169958    1.1504826e+04   0.000000e+00   7.454586e+05    500s
  171162    1.1504829e+04   0.000000e+00   1.666906e+05    509s
  171764    1.1504830e+04   0.000000e+00   6.671093e+05    513s
  172366    1.1504832e+04   0.000000e+00   6.471774e+05    517s
  172968    1.1504833e+04   0.000000e+00   6.904660e+05    521s
  173570    1.1504834e+04   0.000000e+00   5.217127e+05    525s
  174160    1.1504835e+04   0.000000e+00   1.441444e+05    530s
  175342    1.1504838e+04   0.000000e+00   2.542421e+05    539s
  175942    1.1504840e+04   0.000000e+00   7.769805e+04    544s
  176502    1.1504841e+04   0.000000e+00   9.121548e+05    549s
  177062    1.1504842e+04   0.000000e+00   1.687812e+05    553s
  177662    1.1504844e+04   0.000000e+00   1.348809e+05    558s
  178264    1.1504846e+04   0.000000e+00   1.933296e+05    562s
  178854    1.1504847e+04   0.000000e+00   2.497978e+05    567s
  179456    1.1504849e+04   0.000000e+00   4.736435e+05    571s
  180058    1.1504850e+04   0.000000e+00   9.699260e+04    576s
  180638    1.1504851e+04   0.000000e+00   4.256396e+05    581s
  181198    1.1504852e+04   0.000000e+00   2.231413e+05    585s
  182298    1.1504855e+04   0.000000e+00   2.102693e+05    594s
  182848    1.1504857e+04   0.000000e+00   1.685642e+05    599s
  183418    1.1504858e+04   0.000000e+00   8.386364e+04    604s
  184020    1.1504859e+04   0.000000e+00   3.571243e+05    608s
  184622    1.1504861e+04   0.000000e+00   3.578124e+05    612s
  185224    1.1504862e+04   0.000000e+00   1.057208e+05    617s
  185764    1.1504863e+04   0.000000e+00   5.148878e+05    622s
  186304    1.1504864e+04   0.000000e+00   1.419544e+05    626s
  186864    1.1504865e+04   0.000000e+00   1.750909e+05    631s
  187394    1.1504866e+04   0.000000e+00   2.677238e+05    635s
  188434    1.1504868e+04   0.000000e+00   2.126081e+05    644s
  188994    1.1504870e+04   0.000000e+00   2.030445e+05    649s
  189564    1.1504871e+04   0.000000e+00   1.319401e+05    654s
  190164    1.1504872e+04   0.000000e+00   1.097226e+05    658s
  190754    1.1504873e+04   0.000000e+00   6.622685e+04    663s
  191356    1.1504874e+04   0.000000e+00   2.538032e+05    667s
  191876    1.1504875e+04   0.000000e+00   3.998098e+05    672s
  192416    1.1504876e+04   0.000000e+00   6.022625e+05    676s
  192996    1.1504878e+04   0.000000e+00   1.132691e+05    681s
  193566    1.1504879e+04   0.000000e+00   3.455651e+05    686s
  194156    1.1504880e+04   0.000000e+00   1.142318e+05    690s
  195360    1.1504882e+04   0.000000e+00   1.220578e+05    699s
  195962    1.1504883e+04   0.000000e+00   9.715920e+04    703s
  196564    1.1504884e+04   0.000000e+00   3.288771e+05    708s
  197166    1.1504885e+04   0.000000e+00   1.223610e+05    712s
  197768    1.1504886e+04   0.000000e+00   6.497470e+04    717s
  198370    1.1504888e+04   0.000000e+00   8.148298e+04    721s
  198920    1.1504889e+04   0.000000e+00   7.448811e+04    726s
  199522    1.1504890e+04   0.000000e+00   1.107322e+05    730s
  200642    1.1504892e+04   0.000000e+00   8.430358e+04    739s
  201212    1.1504893e+04   0.000000e+00   1.649718e+05    744s
  201772    1.1504894e+04   0.000000e+00   8.003978e+04    749s
  202292    1.1504894e+04   0.000000e+00   6.052289e+05    753s
  202822    1.1504895e+04   0.000000e+00   8.379037e+04    758s
  203352    1.1504896e+04   0.000000e+00   6.618181e+05    762s
  203954    1.1504898e+04   0.000000e+00   1.046345e+05    767s
  204556    1.1504899e+04   0.000000e+00   1.676936e+05    771s
  205086    1.1504900e+04   0.000000e+00   2.651524e+05    776s
  205566    1.1504900e+04   0.000000e+00   8.722745e+04    780s
  206556    1.1504902e+04   0.000000e+00   9.207997e+05    789s
  207056    1.1504903e+04   0.000000e+00   1.544750e+05    794s
  207576    1.1504903e+04   0.000000e+00   1.067419e+05    798s
  208126    1.1504904e+04   0.000000e+00   7.226621e+04    803s
  208676    1.1504905e+04   0.000000e+00   1.642379e+05    808s
  209246    1.1504906e+04   0.000000e+00   1.274692e+06    812s
  209806    1.1504907e+04   0.000000e+00   2.109735e+05    817s
  210376    1.1504908e+04   0.000000e+00   9.916918e+04    821s
  210966    1.1504909e+04   0.000000e+00   1.315342e+05    826s
  211506    1.1504910e+04   0.000000e+00   3.197539e+05    831s
  212046    1.1504911e+04   0.000000e+00   1.278469e+05    835s
  213186    1.1504913e+04   0.000000e+00   1.603016e+05    844s
  213756    1.1504914e+04   0.000000e+00   1.604804e+05    849s
  214286    1.1504914e+04   0.000000e+00   2.311644e+05    854s
  214836    1.1504915e+04   0.000000e+00   1.438285e+05    858s
  215386    1.1504916e+04   0.000000e+00   1.690572e+05    863s
  215926    1.1504917e+04   0.000000e+00   8.104694e+04    867s
  216486    1.1504918e+04   0.000000e+00   1.449460e+05    872s
  217016    1.1504919e+04   0.000000e+00   4.652275e+04    876s
  217546    1.1504920e+04   0.000000e+00   6.448544e+04    881s
  218086    1.1504920e+04   0.000000e+00   9.716176e+04    885s
  219176    1.1504922e+04   0.000000e+00   6.014229e+04    894s
  219666    1.1504923e+04   0.000000e+00   2.643490e+05    899s
  220186    1.1504923e+04   0.000000e+00   3.017835e+05    904s
  220686    1.1504924e+04   0.000000e+00   1.305800e+05    908s
  221186    1.1504925e+04   0.000000e+00   8.998358e+04    913s
  221666    1.1504925e+04   0.000000e+00   1.171259e+05    917s
  222176    1.1504926e+04   0.000000e+00   6.957711e+04    922s
  222666    1.1504927e+04   0.000000e+00   5.705027e+04    926s
  223186    1.1504927e+04   0.000000e+00   1.723129e+05    931s
  223726    1.1504928e+04   0.000000e+00   1.358939e+05    935s
  224316    1.1504929e+04   0.000000e+00   4.737142e+04    940s
  225296    1.1504930e+04   0.000000e+00   1.971892e+05    949s
  225796    1.1504931e+04   0.000000e+00   1.483556e+05    954s
  226286    1.1504931e+04   0.000000e+00   4.186379e+04    958s
  226786    1.1504932e+04   0.000000e+00   1.701310e+05    963s
  227306    1.1504933e+04   0.000000e+00   4.923244e+05    967s
  227866    1.1504933e+04   0.000000e+00   1.971857e+05    972s
  228406    1.1504934e+04   0.000000e+00   8.042322e+04    976s
  228936    1.1504935e+04   0.000000e+00   8.578393e+04    981s
  229466    1.1504935e+04   0.000000e+00   5.750263e+04    986s
  230026    1.1504936e+04   0.000000e+00   4.756658e+04    990s
  231106    1.1504937e+04   0.000000e+00   5.032711e+04    999s
  231596    1.1504938e+04   0.000000e+00   8.272407e+04   1004s
  232086    1.1504938e+04   0.000000e+00   5.294333e+04   1008s
  232626    1.1504939e+04   0.000000e+00   4.508599e+04   1013s
  233136    1.1504940e+04   0.000000e+00   1.978079e+05   1018s
  233616    1.1504940e+04   0.000000e+00   6.804930e+04   1022s
  234116    1.1504941e+04   0.000000e+00   4.149919e+04   1027s
  234636    1.1504941e+04   0.000000e+00   4.088268e+04   1031s
  235136    1.1504942e+04   0.000000e+00   8.023197e+04   1036s
  235616    1.1504943e+04   0.000000e+00   9.537007e+04   1040s
  236656    1.1504944e+04   0.000000e+00   1.349911e+05   1049s
  237196    1.1504945e+04   0.000000e+00   7.492101e+04   1054s
  237696    1.1504945e+04   0.000000e+00   1.355418e+05   1059s
  238196    1.1504946e+04   0.000000e+00   1.395452e+05   1063s
  238676    1.1504946e+04   0.000000e+00   5.735719e+04   1067s
  239176    1.1504947e+04   0.000000e+00   6.915561e+04   1072s
  239696    1.1504948e+04   0.000000e+00   5.988219e+04   1077s
  240266    1.1504948e+04   0.000000e+00   1.016961e+05   1081s
  240806    1.1504949e+04   0.000000e+00   6.486373e+04   1086s
  241366    1.1504950e+04   0.000000e+00   1.044610e+05   1090s
  241906    1.1504951e+04   0.000000e+00   7.563665e+04   1095s
  242876    1.1504952e+04   0.000000e+00   1.300911e+05   1104s
  243406    1.1504953e+04   0.000000e+00   9.195697e+04   1109s
  243956    1.1504953e+04   0.000000e+00   8.992149e+04   1113s
  244506    1.1504954e+04   0.000000e+00   7.648524e+04   1118s
  245056    1.1504955e+04   0.000000e+00   2.513613e+05   1123s
  245586    1.1504956e+04   0.000000e+00   8.876217e+04   1127s
  246146    1.1504957e+04   0.000000e+00   1.681579e+05   1132s
  246686    1.1504957e+04   0.000000e+00   1.019339e+05   1136s
  247196    1.1504958e+04   0.000000e+00   4.464172e+04   1141s
  247676    1.1504958e+04   0.000000e+00   4.072972e+04   1145s
  248216    1.1504959e+04   0.000000e+00   5.849752e+04   1150s
  249326    1.1504960e+04   0.000000e+00   7.694571e+04   1159s
  249886    1.1504961e+04   0.000000e+00   5.082933e+04   1164s
  250456    1.1504962e+04   0.000000e+00   2.516247e+04   1168s
  251026    1.1504962e+04   0.000000e+00   6.327763e+04   1173s
  251586    1.1504963e+04   0.000000e+00   7.065144e+04   1178s
  252126    1.1504964e+04   0.000000e+00   2.471992e+05   1182s
  252616    1.1504964e+04   0.000000e+00   3.573894e+04   1187s
  253126    1.1504965e+04   0.000000e+00   8.294753e+04   1191s
  253646    1.1504965e+04   0.000000e+00   1.808755e+05   1196s
  254216    1.1504966e+04   0.000000e+00   2.544805e+05   1200s
  255226    1.1504967e+04   0.000000e+00   1.082766e+05   1210s
  255716    1.1504967e+04   0.000000e+00   9.379487e+04   1214s
  256196    1.1504968e+04   0.000000e+00   3.586241e+05   1219s
  256696    1.1504969e+04   0.000000e+00   5.155267e+04   1223s
  257256    1.1504969e+04   0.000000e+00   2.824963e+05   1228s
  257776    1.1504970e+04   0.000000e+00   9.929654e+04   1233s
  258266    1.1504970e+04   0.000000e+00   4.215516e+04   1237s
  258786    1.1504971e+04   0.000000e+00   6.758491e+04   1242s
  259286    1.1504971e+04   0.000000e+00   6.553078e+04   1247s
  259766    1.1504971e+04   0.000000e+00   3.313323e+05   1251s
  260246    1.1504972e+04   0.000000e+00   1.430793e+05   1256s
  260736    1.1504973e+04   0.000000e+00   7.585386e+04   1260s
  261686    1.1504974e+04   0.000000e+00   6.047986e+04   1269s
  262156    1.1504974e+04   0.000000e+00   2.956646e+04   1274s
  262646    1.1504975e+04   0.000000e+00   6.642525e+04   1278s
  263146    1.1504975e+04   0.000000e+00   4.135438e+04   1283s
  263626    1.1504976e+04   0.000000e+00   2.321126e+05   1288s
  264126    1.1504976e+04   0.000000e+00   5.666676e+04   1292s
  264636    1.1504977e+04   0.000000e+00   1.386417e+05   1297s
  265136    1.1504977e+04   0.000000e+00   4.782079e+04   1301s
  265646    1.1504978e+04   0.000000e+00   4.379147e+04   1306s
  266156    1.1504978e+04   0.000000e+00   4.222713e+04   1311s
  266696    1.1504979e+04   0.000000e+00   6.958759e+04   1315s
  267746    1.1504980e+04   0.000000e+00   6.522851e+04   1324s
  268266    1.1504980e+04   0.000000e+00   9.916859e+04   1329s
  268826    1.1504981e+04   0.000000e+00   4.843118e+04   1334s
  269366    1.1504982e+04   0.000000e+00   6.447565e+04   1338s
  269886    1.1504982e+04   0.000000e+00   6.275800e+04   1343s
  270356    1.1504983e+04   0.000000e+00   5.414776e+04   1347s
  270866    1.1504983e+04   0.000000e+00   1.072099e+05   1352s
  271416    1.1504983e+04   0.000000e+00   9.506630e+04   1357s
  271936    1.1504984e+04   0.000000e+00   5.316478e+04   1361s
  272496    1.1504984e+04   0.000000e+00   5.219454e+04   1366s
  273036    1.1504985e+04   0.000000e+00   1.215885e+05   1370s
  274216    1.1504986e+04   0.000000e+00   1.558936e+05   1379s
  274786    1.1504986e+04   0.000000e+00   1.070998e+05   1384s
  275336    1.1504987e+04   0.000000e+00   1.285135e+05   1389s
  275916    1.1504988e+04   0.000000e+00   8.683687e+04   1393s
  276486    1.1504988e+04   0.000000e+00   1.305989e+05   1398s
  277056    1.1504988e+04   0.000000e+00   8.129835e+04   1402s
  277556    1.1504989e+04   0.000000e+00   4.062863e+04   1407s
  278116    1.1504989e+04   0.000000e+00   5.420217e+05   1411s
  278676    1.1504990e+04   0.000000e+00   1.039174e+05   1416s
  279226    1.1504990e+04   0.000000e+00   5.814715e+04   1421s
  279726    1.1504991e+04   0.000000e+00   5.232017e+04   1425s
  280686    1.1504992e+04   0.000000e+00   2.340101e+04   1434s
  281186    1.1504992e+04   0.000000e+00   4.284666e+04   1439s
  281676    1.1504992e+04   0.000000e+00   4.811447e+04   1443s
  282136    1.1504993e+04   0.000000e+00   6.302070e+04   1448s
  282626    1.1504993e+04   0.000000e+00   6.977752e+04   1452s
  283126    1.1504993e+04   0.000000e+00   4.587034e+04   1456s
  283596    1.1504994e+04   0.000000e+00   3.863384e+04   1461s
  284106    1.1504994e+04   0.000000e+00   6.937073e+04   1465s
  285086    1.1504995e+04   0.000000e+00   4.127044e+04   1474s
  285566    1.1504995e+04   0.000000e+00   3.118465e+04   1479s
  286066    1.1504996e+04   0.000000e+00   5.198067e+04   1483s
  286566    1.1504996e+04   0.000000e+00   1.382671e+05   1488s
  287086    1.1504996e+04   0.000000e+00   8.865122e+04   1493s
  287566    1.1504997e+04   0.000000e+00   4.197775e+04   1497s
  288106    1.1504997e+04   0.000000e+00   6.031495e+04   1501s
  288646    1.1504998e+04   0.000000e+00   2.801362e+04   1506s
  289216    1.1504998e+04   0.000000e+00   7.015655e+04   1511s
  289746    1.1504999e+04   0.000000e+00   3.693647e+04   1515s
  290296    1.1504999e+04   0.000000e+00   1.993596e+04   1520s
  291366    1.1505000e+04   0.000000e+00   3.946643e+04   1529s
  291876    1.1505000e+04   0.000000e+00   1.084166e+05   1534s
  292426    1.1505001e+04   0.000000e+00   9.719577e+04   1538s
  292996    1.1505001e+04   0.000000e+00   2.589629e+04   1543s
  293596    1.1505002e+04   0.000000e+00   1.822696e+05   1548s
  294116    1.1505002e+04   0.000000e+00   1.609159e+04   1552s
  294686    1.1505003e+04   0.000000e+00   2.219939e+04   1557s
  295286    1.1505003e+04   0.000000e+00   9.222752e+04   1562s
  295888    1.1505004e+04   0.000000e+00   3.830515e+04   1566s
  296428    1.1505004e+04   0.000000e+00   2.282913e+04   1571s
  296968    1.1505004e+04   0.000000e+00   3.605358e+04   1575s
  298038    1.1505005e+04   0.000000e+00   3.748435e+04   1585s
  298568    1.1505006e+04   0.000000e+00   2.614302e+04   1589s
  299108    1.1505006e+04   0.000000e+00   2.286673e+05   1594s
  299608    1.1505006e+04   0.000000e+00   3.865101e+04   1598s
  300108    1.1505007e+04   0.000000e+00   6.787076e+04   1603s
  300608    1.1505007e+04   0.000000e+00   1.313917e+05   1607s
  301088    1.1505008e+04   0.000000e+00   1.797342e+05   1612s
  301558    1.1505008e+04   0.000000e+00   2.811153e+04   1616s
  302068    1.1505008e+04   0.000000e+00   3.945380e+04   1621s
  302588    1.1505009e+04   0.000000e+00   7.623177e+04   1625s
  303558    1.1505009e+04   0.000000e+00   1.943424e+04   1634s
  304078    1.1505010e+04   0.000000e+00   8.220509e+04   1639s
  304598    1.1505010e+04   0.000000e+00   3.721544e+04   1643s
  305118    1.1505010e+04   0.000000e+00   3.443168e+04   1648s
  305668    1.1505011e+04   0.000000e+00   1.526073e+05   1653s
  306178    1.1505011e+04   0.000000e+00   2.247295e+04   1657s
  306658    1.1505011e+04   0.000000e+00   6.865511e+04   1662s
  307198    1.1505012e+04   0.000000e+00   2.740745e+04   1666s
  307728    1.1505012e+04   0.000000e+00   1.806713e+05   1670s
  308238    1.1505012e+04   0.000000e+00   4.645220e+04   1675s
  309228    1.1505013e+04   0.000000e+00   4.715801e+04   1684s
  309708    1.1505013e+04   0.000000e+00   2.479536e+04   1689s
  310178    1.1505014e+04   0.000000e+00   2.161050e+04   1693s
  310658    1.1505014e+04   0.000000e+00   2.358645e+05   1698s
  311158    1.1505014e+04   0.000000e+00   1.595247e+05   1702s
  311648    1.1505014e+04   0.000000e+00   5.719411e+04   1707s
  312148    1.1505015e+04   0.000000e+00   6.218001e+04   1711s
  312638    1.1505015e+04   0.000000e+00   6.948239e+04   1716s
  313148    1.1505015e+04   0.000000e+00   4.578103e+04   1720s
  314148    1.1505016e+04   0.000000e+00   8.228632e+04   1729s
  314618    1.1505016e+04   0.000000e+00   4.056601e+04   1734s
  315088    1.1505016e+04   0.000000e+00   4.049456e+04   1738s
  315568    1.1505017e+04   0.000000e+00   7.503319e+04   1743s
  316038    1.1505017e+04   0.000000e+00   2.839438e+04   1747s
  316548    1.1505017e+04   0.000000e+00   3.134056e+04   1752s
  317098    1.1505018e+04   0.000000e+00   1.501959e+04   1756s
  317628    1.1505018e+04   0.000000e+00   1.251942e+04   1761s
  318158    1.1505018e+04   0.000000e+00   2.556497e+04   1766s
  318678    1.1505019e+04   0.000000e+00   2.003603e+04   1770s
  319718    1.1505019e+04   0.000000e+00   2.285606e+04   1779s
  320248    1.1505020e+04   0.000000e+00   1.591323e+04   1784s
  320758    1.1505020e+04   0.000000e+00   1.802129e+04   1788s
  321228    1.1505020e+04   0.000000e+00   2.527414e+04   1793s
  321728    1.1505020e+04   0.000000e+00   3.132034e+04   1797s
  322198    1.1505021e+04   0.000000e+00   1.959901e+05   1802s
  322678    1.1505021e+04   0.000000e+00   7.548079e+04   1806s
  323168    1.1505021e+04   0.000000e+00   2.180312e+04   1811s
  323668    1.1505021e+04   0.000000e+00   4.899710e+04   1815s
  324698    1.1505022e+04   0.000000e+00   2.699746e+04   1824s
  325208    1.1505022e+04   0.000000e+00   3.243873e+04   1829s
  325718    1.1505023e+04   0.000000e+00   6.130441e+04   1833s
  326188    1.1505023e+04   0.000000e+00   2.642150e+04   1838s
  326678    1.1505023e+04   0.000000e+00   3.821325e+04   1842s
  327188    1.1505024e+04   0.000000e+00   4.709643e+04   1847s
  327748    1.1505024e+04   0.000000e+00   1.757805e+04   1851s
  328328    1.1505024e+04   0.000000e+00   6.982628e+04   1856s
  328878    1.1505025e+04   0.000000e+00   1.582542e+04   1861s
  329858    1.1505025e+04   0.000000e+00   3.106193e+04   1869s
  330348    1.1505025e+04   0.000000e+00   4.568703e+05   1874s
  330818    1.1505026e+04   0.000000e+00   3.472666e+04   1878s
  331338    1.1505026e+04   0.000000e+00   1.506357e+04   1883s
  331868    1.1505026e+04   0.000000e+00   9.121610e+04   1887s
  332408    1.1505026e+04   0.000000e+00   6.890380e+04   1892s
  332948    1.1505027e+04   0.000000e+00   2.541477e+04   1896s
  333448    1.1505027e+04   0.000000e+00   1.326407e+04   1901s
  333958    1.1505027e+04   0.000000e+00   1.669962e+04   1906s
  334448    1.1505027e+04   0.000000e+00   1.285034e+04   1910s
  335498    1.1505028e+04   0.000000e+00   2.778679e+04   1919s
  336038    1.1505028e+04   0.000000e+00   7.913733e+04   1924s
  336558    1.1505029e+04   0.000000e+00   6.530223e+03   1928s
  337078    1.1505029e+04   0.000000e+00   3.709235e+04   1933s
  337558    1.1505029e+04   0.000000e+00   5.650236e+04   1937s
  338048    1.1505029e+04   0.000000e+00   1.359520e+04   1941s
  338538    1.1505030e+04   0.000000e+00   2.332219e+04   1946s
  339048    1.1505030e+04   0.000000e+00   3.367243e+04   1951s
  340038    1.1505030e+04   0.000000e+00   1.260042e+04   1959s
  340518    1.1505030e+04   0.000000e+00   7.273830e+03   1964s
  340978    1.1505031e+04   0.000000e+00   2.995388e+04   1968s
  341488    1.1505031e+04   0.000000e+00   2.598888e+04   1973s
  341978    1.1505031e+04   0.000000e+00   3.236259e+04   1977s
  342448    1.1505031e+04   0.000000e+00   3.666537e+04   1982s
  342948    1.1505032e+04   0.000000e+00   1.460148e+04   1986s
  343550    1.1505032e+04   0.000000e+00   1.951808e+04   1991s
  344100    1.1505032e+04   0.000000e+00   8.977896e+03   1995s
  345110    1.1505033e+04   0.000000e+00   1.286247e+04   2004s
  345620    1.1505033e+04   0.000000e+00   1.134724e+04   2009s
  346110    1.1505033e+04   0.000000e+00   1.499889e+04   2013s
  346600    1.1505033e+04   0.000000e+00   1.749086e+04   2018s
  347070    1.1505034e+04   0.000000e+00   3.530904e+04   2022s
  347600    1.1505034e+04   0.000000e+00   8.827566e+03   2026s
  348090    1.1505034e+04   0.000000e+00   4.608310e+04   2031s
  348560    1.1505034e+04   0.000000e+00   1.163532e+04   2035s
  349480    1.1505035e+04   0.000000e+00   2.651368e+04   2044s
  349950    1.1505035e+04   0.000000e+00   5.670731e+03   2048s
  350450    1.1505035e+04   0.000000e+00   1.340523e+04   2053s
  350920    1.1505035e+04   0.000000e+00   1.562732e+05   2058s
  351400    1.1505035e+04   0.000000e+00   4.604246e+04   2062s
  351880    1.1505036e+04   0.000000e+00   7.993827e+03   2066s
  352330    1.1505036e+04   0.000000e+00   1.583990e+04   2071s
  352810    1.1505036e+04   0.000000e+00   1.918060e+04   2075s
  353830    1.1505036e+04   0.000000e+00   1.196628e+04   2084s
  354350    1.1505037e+04   0.000000e+00   1.964562e+04   2089s
  354860    1.1505037e+04   0.000000e+00   1.140702e+04   2093s
  355350    1.1505037e+04   0.000000e+00   4.252422e+04   2097s
  355860    1.1505037e+04   0.000000e+00   1.240919e+04   2102s
  356320    1.1505037e+04   0.000000e+00   4.782428e+03   2107s
  356780    1.1505037e+04   0.000000e+00   2.231516e+04   2111s
  357310    1.1505038e+04   0.000000e+00   5.716253e+04   2115s
  358310    1.1505038e+04   0.000000e+00   1.984474e+04   2124s
  358790    1.1505038e+04   0.000000e+00   2.113017e+04   2129s
  359290    1.1505038e+04   0.000000e+00   2.807281e+04   2133s
  359780    1.1505039e+04   0.000000e+00   9.971530e+03   2138s
  360260    1.1505039e+04   0.000000e+00   4.721205e+04   2142s
  360700    1.1505039e+04   0.000000e+00   1.809146e+04   2147s
  361150    1.1505039e+04   0.000000e+00   2.273247e+04   2151s
  361620    1.1505039e+04   0.000000e+00   5.253371e+03   2155s
  362540    1.1505039e+04   0.000000e+00   6.644981e+03   2164s
  363000    1.1505040e+04   0.000000e+00   1.057320e+04   2168s
  363450    1.1505040e+04   0.000000e+00   3.876066e+04   2173s
  363880    1.1505040e+04   0.000000e+00   6.347456e+03   2177s
  364350    1.1505040e+04   0.000000e+00   1.396845e+04   2181s
  364810    1.1505040e+04   0.000000e+00   2.571938e+04   2186s
  365260    1.1505040e+04   0.000000e+00   8.228238e+03   2190s
  366250    1.1505041e+04   0.000000e+00   7.769933e+03   2199s
  366790    1.1505041e+04   0.000000e+00   3.889487e+03   2204s
  367270    1.1505041e+04   0.000000e+00   5.229919e+03   2208s
  367710    1.1505041e+04   0.000000e+00   7.980777e+03   2212s
  368170    1.1505041e+04   0.000000e+00   5.776964e+03   2217s
  368640    1.1505041e+04   0.000000e+00   6.825098e+03   2221s
  369120    1.1505041e+04   0.000000e+00   1.321253e+04   2226s
  369590    1.1505041e+04   0.000000e+00   7.366358e+03   2230s
  370550    1.1505042e+04   0.000000e+00   1.841020e+04   2239s
  371020    1.1505042e+04   0.000000e+00   9.357450e+04   2243s
  371500    1.1505042e+04   0.000000e+00   1.309306e+04   2248s
  371980    1.1505042e+04   0.000000e+00   3.108685e+03   2252s
  372430    1.1505042e+04   0.000000e+00   1.796817e+04   2257s
  372910    1.1505042e+04   0.000000e+00   7.445355e+03   2261s
  373410    1.1505043e+04   0.000000e+00   4.734459e+03   2265s
  374320    1.1505043e+04   0.000000e+00   6.361696e+03   2274s
  374800    1.1505043e+04   0.000000e+00   3.799254e+03   2279s
  375280    1.1505043e+04   0.000000e+00   1.407022e+04   2283s
  375820    1.1505043e+04   0.000000e+00   1.187888e+04   2288s
  376310    1.1505043e+04   0.000000e+00   3.994915e+04   2292s
  376810    1.1505044e+04   0.000000e+00   5.891872e+03   2296s
  377310    1.1505044e+04   0.000000e+00   1.458227e+04   2301s
  377790    1.1505044e+04   0.000000e+00   4.652699e+03   2305s
  378690    1.1505044e+04   0.000000e+00   4.523778e+03   2314s
  379130    1.1505044e+04   0.000000e+00   4.791832e+03   2318s
  379590    1.1505044e+04   0.000000e+00   4.244839e+03   2323s
  380060    1.1505045e+04   0.000000e+00   9.845126e+04   2327s
  380550    1.1505045e+04   0.000000e+00   5.608872e+03   2331s
  380980    1.1505045e+04   0.000000e+00   9.100278e+03   2336s
  381940    1.1505045e+04   0.000000e+00   5.103252e+03   2344s
  382410    1.1505045e+04   0.000000e+00   1.062567e+04   2349s
  382870    1.1505045e+04   0.000000e+00   2.647272e+03   2353s
  383370    1.1505045e+04   0.000000e+00   1.626872e+04   2357s
  383890    1.1505046e+04   0.000000e+00   1.064964e+04   2362s
  384400    1.1505046e+04   0.000000e+00   7.235951e+03   2367s
  384880    1.1505046e+04   0.000000e+00   1.096458e+04   2371s
  385350    1.1505046e+04   0.000000e+00   4.712597e+03   2375s
  386260    1.1505046e+04   0.000000e+00   1.661003e+04   2384s
  386740    1.1505046e+04   0.000000e+00   1.501397e+04   2388s
  387260    1.1505047e+04   0.000000e+00   1.032954e+04   2393s
  387790    1.1505047e+04   0.000000e+00   8.411825e+03   2397s
  388360    1.1505047e+04   0.000000e+00   6.579827e+03   2402s
  388850    1.1505047e+04   0.000000e+00   2.345874e+04   2406s
  389330    1.1505047e+04   0.000000e+00   9.032473e+03   2411s
  389810    1.1505047e+04   0.000000e+00   5.171048e+03   2415s
  390720    1.1505047e+04   0.000000e+00   3.856339e+03   2424s
  391170    1.1505047e+04   0.000000e+00   9.745568e+03   2428s
  391620    1.1505048e+04   0.000000e+00   7.088303e+03   2433s
  392070    1.1505048e+04   0.000000e+00   1.992279e+03   2437s
  392550    1.1505048e+04   0.000000e+00   5.173004e+04   2441s
  393030    1.1505048e+04   0.000000e+00   1.979126e+04   2446s
  394070    1.1505048e+04   0.000000e+00   7.906154e+04   2454s
  394520    1.1505048e+04   0.000000e+00   2.780649e+03   2459s
  394970    1.1505048e+04   0.000000e+00   6.661968e+03   2463s
  395410    1.1505048e+04   0.000000e+00   5.257119e+03   2468s
  395850    1.1505048e+04   0.000000e+00   2.354165e+03   2472s
  396350    1.1505048e+04   0.000000e+00   5.479954e+03   2476s
  396840    1.1505049e+04   0.000000e+00   6.168206e+03   2481s
  397770    1.1505049e+04   0.000000e+00   3.627481e+04   2489s
  398220    1.1505049e+04   0.000000e+00   1.057693e+04   2493s
  398660    1.1505049e+04   0.000000e+00   2.639849e+03   2498s
  399130    1.1505049e+04   0.000000e+00   2.138954e+03   2502s
  399560    1.1505049e+04   0.000000e+00   5.114090e+03   2507s
  400000    1.1505049e+04   0.000000e+00   1.132750e+04   2511s
  400440    1.1505049e+04   0.000000e+00   1.775892e+04   2515s
  401360    1.1505049e+04   0.000000e+00   4.096924e+03   2524s
  401810    1.1505049e+04   0.000000e+00   6.686062e+03   2528s
  402250    1.1505049e+04   0.000000e+00   3.485785e+03   2532s
  402700    1.1505050e+04   0.000000e+00   3.141607e+04   2537s
  403160    1.1505050e+04   0.000000e+00   5.335435e+03   2541s
  403590    1.1505050e+04   0.000000e+00   1.698271e+04   2545s
  404490    1.1505050e+04   0.000000e+00   1.134818e+03   2554s
  404920    1.1505050e+04   0.000000e+00   5.066838e+03   2558s
  405360    1.1505050e+04   0.000000e+00   6.695717e+03   2563s
  405820    1.1505050e+04   0.000000e+00   4.110092e+03   2567s
  406290    1.1505050e+04   0.000000e+00   3.760120e+03   2571s
  406740    1.1505050e+04   0.000000e+00   2.518874e+04   2575s
  407680    1.1505050e+04   0.000000e+00   2.502182e+03   2584s
  408140    1.1505050e+04   0.000000e+00   1.969854e+03   2589s
  408600    1.1505050e+04   0.000000e+00   2.093768e+04   2593s
  409060    1.1505051e+04   0.000000e+00   3.836105e+03   2597s
  409520    1.1505051e+04   0.000000e+00   4.308473e+03   2602s
  409970    1.1505051e+04   0.000000e+00   2.710135e+03   2606s
  410420    1.1505051e+04   0.000000e+00   3.984125e+03   2610s
  411330    1.1505051e+04   0.000000e+00   1.285763e+03   2619s
  411820    1.1505051e+04   0.000000e+00   9.698785e+03   2623s
  412260    1.1505051e+04   0.000000e+00   2.083163e+03   2628s
  412730    1.1505051e+04   0.000000e+00   5.101871e+03   2632s
  413220    1.1505051e+04   0.000000e+00   1.177601e+04   2636s
  413660    1.1505051e+04   0.000000e+00   4.099583e+03   2641s
  414560    1.1505051e+04   0.000000e+00   5.703771e+03   2649s
  415050    1.1505051e+04   0.000000e+00   9.382023e+03   2654s
  415530    1.1505052e+04   0.000000e+00   2.938363e+03   2658s
  416000    1.1505052e+04   0.000000e+00   1.372987e+03   2662s
  416480    1.1505052e+04   0.000000e+00   1.369732e+03   2667s
  416960    1.1505052e+04   0.000000e+00   1.660603e+04   2671s
  417430    1.1505052e+04   0.000000e+00   1.866704e+03   2675s
  418350    1.1505052e+04   0.000000e+00   1.014356e+03   2684s
  418820    1.1505052e+04   0.000000e+00   2.041156e+03   2688s
  419280    1.1505052e+04   0.000000e+00   1.482715e+03   2693s
  419730    1.1505052e+04   0.000000e+00   2.712060e+03   2697s
  420170    1.1505052e+04   0.000000e+00   3.477291e+03   2701s
  420640    1.1505052e+04   0.000000e+00   7.805939e+03   2706s
  421530    1.1505052e+04   0.000000e+00   3.304427e+03   2714s
  421980    1.1505052e+04   0.000000e+00   1.638327e+03   2719s
  422400    1.1505052e+04   0.000000e+00   1.500000e+03   2723s
  422830    1.1505052e+04   0.000000e+00   9.262690e+02   2727s
  423270    1.1505052e+04   0.000000e+00   4.238700e+03   2731s
  423700    1.1505053e+04   0.000000e+00   2.132008e+03   2736s
  424570    1.1505053e+04   0.000000e+00   4.441768e+02   2744s
  424990    1.1505053e+04   0.000000e+00   6.690171e+03   2748s
  425440    1.1505053e+04   0.000000e+00   9.236108e+02   2752s
  425890    1.1505053e+04   0.000000e+00   3.027940e+03   2757s
  426330    1.1505053e+04   0.000000e+00   2.962565e+03   2761s
  426760    1.1505053e+04   0.000000e+00   5.025983e+03   2765s
  427630    1.1505053e+04   0.000000e+00   1.884416e+03   2773s
  428090    1.1505053e+04   0.000000e+00   2.221063e+03   2778s
  428550    1.1505053e+04   0.000000e+00   6.883001e+02   2782s
  429010    1.1505053e+04   0.000000e+00   1.266116e+03   2786s
  429480    1.1505053e+04   0.000000e+00   6.860152e+02   2791s
  430420    1.1505053e+04   0.000000e+00   7.578828e+02   2799s
  430850    1.1505053e+04   0.000000e+00   1.427774e+03   2804s
  431270    1.1505053e+04   0.000000e+00   6.228018e+02   2808s
  431700    1.1505053e+04   0.000000e+00   1.674654e+04   2812s
  432120    1.1505053e+04   0.000000e+00   3.610052e+04   2816s
  432560    1.1505053e+04   0.000000e+00   1.639067e+03   2821s
  432990    1.1505053e+04   0.000000e+00   2.319311e+03   2825s
  433900    1.1505053e+04   0.000000e+00   6.440851e+02   2833s
  434350    1.1505053e+04   0.000000e+00   5.479717e+02   2838s
  434790    1.1505054e+04   0.000000e+00   5.980710e+02   2842s
  435230    1.1505054e+04   0.000000e+00   1.660504e+03   2846s
  435650    1.1505054e+04   0.000000e+00   2.590336e+03   2851s
  436530    1.1505054e+04   0.000000e+00   3.876152e+02   2859s
  436950    1.1505054e+04   0.000000e+00   3.652387e+02   2863s
  437370    1.1505054e+04   0.000000e+00   1.088663e+03   2867s
  437780    1.1505054e+04   0.000000e+00   6.591743e+02   2872s
  438230    1.1505054e+04   0.000000e+00   6.990217e+02   2876s
  438670    1.1505054e+04   0.000000e+00   8.127222e+02   2880s
  439550    1.1505054e+04   0.000000e+00   9.801484e+02   2889s
  440010    1.1505054e+04   0.000000e+00   2.712943e+02   2893s
  440480    1.1505054e+04   0.000000e+00   2.442533e+02   2897s
  440930    1.1505054e+04   0.000000e+00   1.287344e+03   2901s
  441390    1.1505054e+04   0.000000e+00   3.338111e+02   2906s
  442300    1.1505054e+04   0.000000e+00   1.247899e+03   2914s
  442800    1.1505054e+04   0.000000e+00   2.423195e+02   2918s
  443300    1.1505054e+04   0.000000e+00   5.124072e+02   2923s
  443790    1.1505054e+04   0.000000e+00   4.076120e+02   2927s
  444240    1.1505054e+04   0.000000e+00   3.614441e+02   2931s
  444710    1.1505054e+04   0.000000e+00   7.119787e+02   2935s
  445630    1.1505054e+04   0.000000e+00   3.495666e+02   2944s
  446120    1.1505054e+04   0.000000e+00   1.657026e+03   2948s
  446600    1.1505054e+04   0.000000e+00   3.866353e+02   2953s
  447050    1.1505054e+04   0.000000e+00   4.896037e+02   2957s
  447480    1.1505054e+04   0.000000e+00   1.830649e+02   2961s
  448330    1.1505054e+04   0.000000e+00   1.318281e+03   2969s
  448770    1.1505054e+04   0.000000e+00   4.287879e+02   2973s
  449220    1.1505054e+04   0.000000e+00   1.296394e+02   2978s
  449660    1.1505054e+04   0.000000e+00   4.472883e+02   2982s
  450110    1.1505054e+04   0.000000e+00   2.059296e+02   2986s
  450530    1.1505054e+04   0.000000e+00   1.130166e+03   2990s
  451430    1.1505054e+04   0.000000e+00   2.250473e+02   2999s
  451870    1.1505054e+04   0.000000e+00   2.959069e+03   3003s
  452310    1.1505054e+04   0.000000e+00   2.063363e+02   3007s
  452740    1.1505054e+04   0.000000e+00   1.158985e+02   3011s
  453190    1.1505054e+04   0.000000e+00   1.598966e+02   3015s
  454040    1.1505054e+04   0.000000e+00   5.233666e+01   3023s
  454460    1.1505054e+04   0.000000e+00   2.239202e+02   3027s
  454880    1.1505054e+04   0.000000e+00   3.803614e+02   3032s
  455310    1.1505054e+04   0.000000e+00   2.466608e+02   3036s
  456190    1.1505054e+04   0.000000e+00   5.691025e+01   3044s
  456630    1.1505054e+04   0.000000e+00   2.148639e+02   3048s
  457060    1.1505054e+04   0.000000e+00   8.290870e+01   3052s
  457500    1.1505054e+04   0.000000e+00   8.095857e+01   3056s
  457940    1.1505055e+04   0.000000e+00   1.260075e+02   3060s
  458820    1.1505055e+04   0.000000e+00   2.486126e+01   3068s
  459290    1.1505055e+04   0.000000e+00   1.354420e+02   3072s
  459710    1.1505055e+04   0.000000e+00   3.413225e+01   3076s
  460140    1.1505055e+04   0.000000e+00   8.300570e+01   3080s
  461020    1.1505055e+04   0.000000e+00   3.738273e+03   3089s
  461460    1.1505055e+04   0.000000e+00   9.065269e+02   3093s
  461880    1.1505055e+04   0.000000e+00   6.792029e+01   3097s
  462350    1.1505055e+04   0.000000e+00   3.478230e+02   3101s
  463190    1.1505055e+04   0.000000e+00   1.480926e+01   3109s
  463640    1.1505055e+04   0.000000e+00   5.321293e+00   3113s
  464100    1.1505055e+04   0.000000e+00   1.462684e+01   3116s
  464980    1.1505055e+04   0.000000e+00   6.407552e-02   3123s
Extra simplex iterations after uncrush: 417842
  465093    1.1503619e+04   0.000000e+00   0.000000e+00   3125s

Solved in 465093 iterations and 3124.80 seconds (5069.16 work units)
Optimal objective  1.150361947e+04
