
Gurobi 10.0.1 (linux64) logging started Mon Mar 10 21:39:06 2025

Set parameter LogFile to value "Results/Conservative_experiment/c1_0.60_c2_0.10.log"
Set parameter TimeLimit to value 36000
Gurobi Optimizer version 10.0.1 build v10.0.1rc0 (linux64)

CPU model: AMD EPYC 9654 96-Core Processor, instruction set [SSE2|AVX|AVX2|AVX512]
Thread count: 192 physical cores, 192 logical processors, using up to 32 threads

Academic license 656792 - for non-commercial use only - registered to b.___@student.vu.nl
Optimize a model with 1498050 rows, 1622512 columns and 5976640 nonzeros
Model fingerprint: 0x9f0b8c64
Coefficient statistics:
  Matrix range     [1e-01, 1e+00]
  Objective range  [6e-02, 5e+00]
  Bounds range     [0e+00, 0e+00]
  RHS range        [1e-02, 1e+03]
Presolve removed 941430 rows and 859249 columns (presolve time = 5s) ...
Presolve removed 955510 rows and 878809 columns
Presolve time: 6.39s
Presolved: 542540 rows, 743703 columns, 2508755 nonzeros

Concurrent LP optimizer: primal simplex, dual simplex, and barrier
Showing barrier log only...

Ordering time: 2.75s

Barrier statistics:
 AA' NZ     : 1.721e+06
 Factor NZ  : 1.393e+07 (roughly 250 MB of memory)
 Factor Ops : 7.897e+09 (less than 1 second per iteration)
 Threads    : 30

                  Objective                Residual
Iter       Primal          Dual         Primal    Dual     Compl     Time
   0  -2.22971982e+07  1.63932184e+08  1.67e+06 1.21e+02  3.70e+04    11s
   1  -1.61770335e+07  1.36643085e+08  7.34e+05 1.18e+02  1.45e+04    11s
   2  -1.46131446e+07  8.01512258e+07  1.17e+05 2.25e+01  2.56e+03    11s
   3  -2.36103929e+07  5.22426289e+07  2.86e+04 1.46e+01  9.00e+02    11s
   4  -2.08650558e+07  1.20571972e+07  1.34e+04 2.13e+00  3.18e+02    12s
   5  -1.30983038e+07  6.07877922e+06  6.03e+03 7.33e-01  1.48e+02    12s
   6  -5.52498686e+06  2.59602076e+06  1.94e+03 1.99e-01  5.11e+01    12s
   7  -1.41838665e+06  1.09426459e+06  3.18e+02 3.03e-02  1.17e+01    12s
   8  -3.27648755e+05  3.46317195e+05  6.90e+01 9.55e-12  2.83e+00    12s
   9  -7.49724388e+04  1.40229005e+05  2.00e+01 3.41e-12  8.53e-01    12s
  10  -2.58549683e+04  9.43880151e+04  1.11e+01 3.18e-12  4.57e-01    13s
  11  -1.24066920e+04  7.28297132e+04  7.69e+00 2.39e-12  3.09e-01    13s
  12   9.75380477e+02  4.31261611e+04  3.51e+00 3.05e-12  1.40e-01    13s
  13   4.93562528e+03  3.06805349e+04  2.08e+00 2.35e-12  8.21e-02    13s
  14   5.03215939e+03  3.12872731e+04  2.05e+00 2.95e-12  8.40e-02    13s
  15   8.96855520e+03  2.55193578e+04  7.06e-01 2.71e-12  5.03e-02    13s
  16   1.01766243e+04  1.78187430e+04  3.32e-01 3.42e-12  2.29e-02    14s
  17   1.03614431e+04  1.50207299e+04  2.85e-01 2.91e-12  1.40e-02    14s
  18   1.07360754e+04  1.38205204e+04  1.89e-01 2.49e-12  9.21e-03    14s
  19   1.09601484e+04  1.28636589e+04  1.31e-01 3.23e-12  5.69e-03    14s
  20   1.11486448e+04  1.24294410e+04  8.44e-02 3.12e-12  3.82e-03    14s
  21   1.12075208e+04  1.21625954e+04  7.02e-02 3.22e-12  2.85e-03    14s
  22   1.13432219e+04  1.19452483e+04  3.68e-02 3.04e-12  1.79e-03    15s
  23   1.13920077e+04  1.17627005e+04  2.56e-02 4.54e-12  1.10e-03    15s
  24   1.14271603e+04  1.17367097e+04  1.92e-02 4.45e-12  9.20e-04    15s
  25   1.14331467e+04  1.17213525e+04  1.82e-02 2.97e-12  8.57e-04    15s
  26   1.14346652e+04  1.17036512e+04  1.75e-02 3.54e-12  8.00e-04    15s
  27   1.14418020e+04  1.16784975e+04  1.56e-02 4.52e-12  7.04e-04    15s
  28   1.14619575e+04  1.16711515e+04  1.19e-02 3.62e-12  6.21e-04    16s
  29   1.14699057e+04  1.16452765e+04  1.06e-02 3.22e-12  5.21e-04    16s
  30   1.15109451e+04  1.16380128e+04  7.41e-03 3.80e-12  3.77e-04    16s
  31   1.15441672e+04  1.16176891e+04  4.18e-03 4.60e-12  2.18e-04    16s
  32   1.15565562e+04  1.16104912e+04  2.85e-03 3.18e-12  1.60e-04    17s
  33   1.15585102e+04  1.16075796e+04  2.64e-03 3.40e-12  1.45e-04    17s
  34   1.15674286e+04  1.16016003e+04  1.64e-03 3.73e-12  1.01e-04    17s
  35   1.15767874e+04  1.15906451e+04  6.29e-04 3.92e-12  4.10e-05    17s
  36   1.15811759e+04  1.15880456e+04  1.84e-04 3.45e-12  2.02e-05    18s
  37   1.15826868e+04  1.15858905e+04  5.77e-05 3.57e-12  9.39e-06    18s
  38   1.15830842e+04  1.15846608e+04  3.45e-05 2.62e-12  4.63e-06    18s
  39   1.15832017e+04  1.15843480e+04  2.19e-05 3.26e-12  3.36e-06    18s
  40   1.15832583e+04  1.15843124e+04  1.63e-05 3.66e-12  3.09e-06    18s
  41   1.15832812e+04  1.15842590e+04  1.41e-05 4.39e-12  2.86e-06    19s
  42   1.15834087e+04  1.15842031e+04  1.05e-05 4.08e-12  2.33e-06    19s
  43   1.15836913e+04  1.15838542e+04  4.04e-07 5.36e-12  4.75e-07    19s
  44   1.15837235e+04  1.15837323e+04  3.27e-09 6.67e-12  2.54e-08    19s
  45   1.15837237e+04  1.15837318e+04  2.50e-08 7.27e-12  2.34e-08    19s
  46   1.15837238e+04  1.15837316e+04  2.42e-08 1.08e-11  2.27e-08    20s
  47   1.15837238e+04  1.15837316e+04  2.92e-08 9.29e-12  2.27e-08    20s
  48   1.15837238e+04  1.15837315e+04  4.94e-08 2.31e-11  2.24e-08    20s
  49   1.15837241e+04  1.15837302e+04  4.28e-08 2.23e-11  1.79e-08    20s
  50   1.15837242e+04  1.15837301e+04  4.21e-08 2.02e-11  1.74e-08    20s
  51   1.15837242e+04  1.15837300e+04  4.05e-08 2.14e-11  1.67e-08    20s
  52   1.15837243e+04  1.15837299e+04  3.98e-08 3.05e-11  1.63e-08    21s
  53   1.15837250e+04  1.15837280e+04  2.75e-08 3.07e-11  8.85e-09    21s
  54   1.15837250e+04  1.15837280e+04  2.57e-08 2.97e-11  8.60e-09    21s
  55   1.15837252e+04  1.15837276e+04  2.42e-08 2.87e-11  6.91e-09    21s
  56   1.15837252e+04  1.15837276e+04  2.41e-08 2.57e-11  6.82e-09    22s
  57   1.15837252e+04  1.15837276e+04  2.95e-08 3.13e-11  6.77e-09    22s
  58   1.15837252e+04  1.15837276e+04  4.04e-08 3.51e-11  6.76e-09    22s
  59   1.15837252e+04  1.15837276e+04  4.03e-08 1.44e-11  6.75e-09    22s
  60   1.15837252e+04  1.15837276e+04  4.02e-08 1.91e-11  6.71e-09    23s
  61   1.15837257e+04  1.15837264e+04  2.20e-08 3.06e-11  1.85e-09    23s
  62   1.15837264e+04  1.15837264e+04  2.65e-10 2.18e-11  1.40e-12    23s

Barrier solved model in 62 iterations and 23.28 seconds (15.91 work units)
Optimal objective 1.15837264e+04

Crossover log...

   89194 DPushes remaining with DInf 0.0000000e+00                24s
       0 DPushes remaining with DInf 0.0000000e+00                25s

    2478 PPushes remaining with PInf 0.0000000e+00                25s
      28 PPushes remaining with PInf 0.0000000e+00                25s
       0 PPushes remaining with PInf 0.0000000e+00                25s

  Push phase complete: Pinf 0.0000000e+00, Dinf 4.3063463e-11     25s


Solved with barrier
Iteration    Objective       Primal Inf.    Dual Inf.      Time
   52802    1.1583780e+04   0.000000e+00   5.295932e+02     30s
Extra simplex iterations after uncrush: 7990
   55847    1.1583726e+04   0.000000e+00   0.000000e+00     34s

Use crossover to convert LP symmetric solution to basic solution...
Crossover log...

    6028 DPushes remaining with DInf 0.0000000e+00                35s
      13 DPushes remaining with DInf 0.0000000e+00                35s
       0 DPushes remaining with DInf 0.0000000e+00                35s

    5428 PPushes remaining with PInf 0.0000000e+00                35s
       0 PPushes remaining with PInf 0.0000000e+00                36s

  Push phase complete: Pinf 0.0000000e+00, Dinf 1.1242761e-12     36s

Iteration    Objective       Primal Inf.    Dual Inf.      Time
   72002    1.1583745e+04   0.000000e+00   6.999599e+03     41s
   74410    1.1583754e+04   0.000000e+00   2.657351e+04     46s
   76216    1.1583760e+04   0.000000e+00   6.591929e+03     51s
   78022    1.1583764e+04   0.000000e+00   1.323983e+04     57s
   79226    1.1583767e+04   0.000000e+00   5.629693e+04     61s
   81032    1.1583770e+04   0.000000e+00   7.763367e+04     67s
   82236    1.1583772e+04   0.000000e+00   4.964222e+04     71s
   83440    1.1583774e+04   0.000000e+00   5.605685e+03     76s
   85246    1.1583776e+04   0.000000e+00   9.092139e+04     82s
   86450    1.1583777e+04   0.000000e+00   4.718980e+04     87s
   87654    1.1583779e+04   0.000000e+00   1.260735e+04     92s
   88858    1.1583780e+04   0.000000e+00   7.784981e+03     97s
   90062    1.1583781e+04   0.000000e+00   1.183639e+05    102s
   91266    1.1583782e+04   0.000000e+00   4.354863e+04    107s
   92470    1.1583783e+04   0.000000e+00   1.925807e+04    112s
   93674    1.1583784e+04   0.000000e+00   1.078248e+04    117s
   94878    1.1583785e+04   0.000000e+00   7.961896e+03    122s
   96082    1.1583786e+04   0.000000e+00   2.898752e+04    127s
   97286    1.1583787e+04   0.000000e+00   5.089135e+03    133s
   97888    1.1583787e+04   0.000000e+00   5.103937e+03    135s
   99092    1.1583788e+04   0.000000e+00   2.661729e+03    141s
  100296    1.1583789e+04   0.000000e+00   1.064371e+04    146s
  101500    1.1583789e+04   0.000000e+00   1.635217e+03    151s
  102704    1.1583790e+04   0.000000e+00   2.401823e+03    156s
  103908    1.1583791e+04   0.000000e+00   5.727333e+03    161s
  105112    1.1583791e+04   0.000000e+00   1.814612e+04    167s
  106316    1.1583792e+04   0.000000e+00   3.779827e+03    173s
  106918    1.1583792e+04   0.000000e+00   6.061744e+03    175s
  108122    1.1583793e+04   0.000000e+00   1.533959e+03    181s
  109326    1.1583793e+04   0.000000e+00   6.050088e+03    187s
  110530    1.1583793e+04   0.000000e+00   8.565146e+02    192s
  111734    1.1583794e+04   0.000000e+00   3.092519e+03    198s
  112336    1.1583794e+04   0.000000e+00   2.413300e+03    200s
  113540    1.1583794e+04   0.000000e+00   1.619722e+03    207s
  114744    1.1583794e+04   0.000000e+00   2.188856e+03    213s
  115346    1.1583794e+04   0.000000e+00   2.727211e+04    216s
  116550    1.1583795e+04   0.000000e+00   1.838227e+03    222s
  117754    1.1583795e+04   0.000000e+00   1.924743e+03    227s
  118958    1.1583795e+04   0.000000e+00   1.130457e+03    232s
  119560    1.1583795e+04   0.000000e+00   1.200140e+04    235s
  120764    1.1583795e+04   0.000000e+00   1.112889e+03    241s
  121968    1.1583796e+04   0.000000e+00   4.610325e+02    247s
  123172    1.1583796e+04   0.000000e+00   1.792865e+02    253s
  123774    1.1583796e+04   0.000000e+00   5.592879e+02    256s
  124978    1.1583796e+04   0.000000e+00   1.814977e+02    261s
  126182    1.1583796e+04   0.000000e+00   7.964602e+02    266s
  127386    1.1583796e+04   0.000000e+00   1.758854e+02    273s
  127988    1.1583796e+04   0.000000e+00   2.011933e+02    276s
  129192    1.1583796e+04   0.000000e+00   9.818404e+01    281s
  130396    1.1583796e+04   0.000000e+00   2.489549e+02    287s
  131600    1.1583796e+04   0.000000e+00   1.864790e+02    293s
  132202    1.1583796e+04   0.000000e+00   8.764452e+01    296s
  133406    1.1583796e+04   0.000000e+00   8.574670e+01    302s
  134610    1.1583796e+04   0.000000e+00   7.491665e+01    308s
  135212    1.1583796e+04   0.000000e+00   6.870457e+01    311s
  136416    1.1583797e+04   0.000000e+00   1.872992e+02    317s
  137018    1.1583797e+04   0.000000e+00   2.573901e+01    321s
  138222    1.1583797e+04   0.000000e+00   7.135155e+01    326s
  139426    1.1583797e+04   0.000000e+00   3.706366e+01    332s
  140630    1.1583797e+04   0.000000e+00   3.066722e+01    337s
  141232    1.1583797e+04   0.000000e+00   3.258559e+01    340s
  142436    1.1583797e+04   0.000000e+00   3.997235e+01    346s
  143640    1.1583797e+04   0.000000e+00   2.797778e+01    353s
  144242    1.1583797e+04   0.000000e+00   4.857555e+01    357s
  145446    1.1583797e+04   0.000000e+00   1.685346e+01    363s
  146048    1.1583797e+04   0.000000e+00   9.806356e+00    366s
  147250    1.1583797e+04   0.000000e+00   1.578189e+00    373s
  147840    1.1583797e+04   0.000000e+00   7.645816e+00    377s
  148420    1.1583797e+04   0.000000e+00   9.590032e-01    380s
  149540    1.1583797e+04   0.000000e+00   1.945976e-01    387s
  150080    1.1583797e+04   0.000000e+00   5.083095e-01    391s
  150940    1.1583797e+04   0.000000e+00   4.494735e-02    397s
Extra simplex iterations after uncrush: 83908
  151211    1.1583726e+04   0.000000e+00   0.000000e+00    400s

Solved in 151211 iterations and 400.12 seconds (644.12 work units)
Optimal objective  1.158372638e+04
