
Gurobi 10.0.1 (linux64) logging started Mon Mar 10 21:37:03 2025

Set parameter LogFile to value "Results/Conservative_experiment/c1_0.50_c2_0.10.log"
Set parameter TimeLimit to value 36000
Gurobi Optimizer version 10.0.1 build v10.0.1rc0 (linux64)

CPU model: AMD EPYC 9654 96-Core Processor, instruction set [SSE2|AVX|AVX2|AVX512]
Thread count: 192 physical cores, 192 logical processors, using up to 32 threads

Academic license 656792 - for non-commercial use only - registered to b.___@student.vu.nl
Optimize a model with 1498050 rows, 1622512 columns and 5976640 nonzeros
Model fingerprint: 0xf72b9e5b
Coefficient statistics:
  Matrix range     [1e-01, 1e+00]
  Objective range  [6e-02, 5e+00]
  Bounds range     [0e+00, 0e+00]
  RHS range        [1e-02, 1e+03]
Presolve removed 941430 rows and 859249 columns (presolve time = 5s) ...
Presolve removed 955510 rows and 878809 columns
Presolve time: 6.38s
Presolved: 542540 rows, 743703 columns, 2508755 nonzeros

Concurrent LP optimizer: primal simplex, dual simplex, and barrier
Showing barrier log only...

Ordering time: 2.53s

Barrier statistics:
 AA' NZ     : 1.721e+06
 Factor NZ  : 1.393e+07 (roughly 250 MB of memory)
 Factor Ops : 7.897e+09 (less than 1 second per iteration)
 Threads    : 30

                  Objective                Residual
Iter       Primal          Dual         Primal    Dual     Compl     Time
   0  -2.43698183e+07  1.63916290e+08  1.67e+06 1.21e+02  3.70e+04    11s
   1  -1.69755382e+07  1.36129676e+08  7.27e+05 1.15e+02  1.43e+04    11s
   2  -1.41895680e+07  7.58190633e+07  1.17e+05 1.71e+01  2.46e+03    11s
   3  -1.89110913e+07  3.16996124e+07  2.64e+04 5.68e+00  6.58e+02    11s
   4  -1.85565064e+07  6.43925906e+06  1.17e+04 4.20e-01  2.45e+02    12s
   5  -1.01250413e+07  3.77280809e+06  5.61e+03 1.42e-01  1.20e+02    12s
   6  -3.05114526e+06  1.27284198e+06  1.40e+03 9.60e-11  3.11e+01    12s
   7  -6.52425317e+05  5.83328312e+05  2.67e+02 3.64e-11  7.02e+00    12s
   8  -1.26782712e+05  2.75898490e+05  5.36e+01 1.68e-11  1.84e+00    12s
   9  -3.15963398e+04  1.31653560e+05  1.69e+01 4.43e-12  6.64e-01    12s
  10  -8.15802838e+03  7.74017504e+04  9.29e+00 2.65e-12  3.27e-01    13s
  11   2.09089995e+03  4.70249294e+04  4.46e+00 3.88e-12  1.55e-01    13s
  12   5.87486099e+03  3.25658008e+04  2.48e+00 2.04e-12  8.68e-02    13s
  13   7.47529200e+03  2.65798110e+04  1.69e+00 3.07e-12  6.06e-02    13s
  14   8.89493391e+03  2.12745046e+04  1.10e+00 2.83e-12  3.85e-02    13s
  15   1.02069851e+04  1.67153760e+04  4.56e-01 3.15e-12  1.97e-02    13s
  16   1.03088643e+04  1.50050493e+04  4.15e-01 3.00e-12  1.42e-02    14s
  17   1.08659307e+04  1.35238666e+04  2.03e-01 3.05e-12  7.97e-03    14s
  18   1.10961071e+04  1.26908454e+04  1.24e-01 2.74e-12  4.77e-03    14s
  19   1.11658246e+04  1.23880671e+04  1.02e-01 2.79e-12  3.66e-03    14s
  20   1.12322166e+04  1.21802076e+04  8.12e-02 2.90e-12  2.84e-03    14s
  21   1.13162336e+04  1.19196403e+04  5.45e-02 2.26e-12  1.81e-03    14s
  22   1.13699548e+04  1.18025276e+04  3.86e-02 3.44e-12  1.30e-03    15s
  23   1.14148697e+04  1.17516397e+04  2.69e-02 3.57e-12  1.01e-03    15s
  24   1.14229643e+04  1.17269993e+04  2.51e-02 3.54e-12  9.08e-04    15s
  25   1.14373000e+04  1.17035524e+04  2.17e-02 3.84e-12  7.95e-04    15s
  26   1.14570735e+04  1.16629060e+04  1.63e-02 3.81e-12  6.14e-04    15s
  27   1.14825418e+04  1.16368631e+04  1.12e-02 3.42e-12  4.59e-04    16s
  28   1.15207489e+04  1.16318379e+04  7.91e-03 2.98e-12  3.31e-04    16s
  29   1.15397126e+04  1.16123983e+04  5.53e-03 2.70e-12  2.17e-04    16s
  30   1.15522174e+04  1.16038877e+04  3.95e-03 3.90e-12  1.54e-04    16s
  31   1.15560994e+04  1.16006603e+04  3.46e-03 2.97e-12  1.33e-04    17s
  32   1.15567040e+04  1.15968609e+04  3.38e-03 3.54e-12  1.20e-04    17s
  33   1.15646843e+04  1.15887305e+04  2.34e-03 2.70e-12  7.22e-05    17s
  34   1.15768216e+04  1.15862490e+04  7.12e-04 2.35e-12  2.81e-05    17s
  35   1.15787010e+04  1.15852258e+04  4.96e-04 3.63e-12  1.95e-05    17s
  36   1.15801892e+04  1.15845449e+04  3.28e-04 2.88e-12  1.30e-05    18s
  37   1.15825548e+04  1.15839721e+04  7.64e-05 3.65e-12  4.20e-06    18s
  38   1.15831398e+04  1.15835793e+04  2.27e-05 3.49e-12  1.30e-06    18s
  39   1.15833053e+04  1.15834529e+04  8.49e-06 3.22e-12  4.39e-07    18s
  40   1.15833192e+04  1.15834199e+04  6.37e-06 3.93e-12  3.00e-07    18s
  41   1.15833314e+04  1.15834124e+04  3.32e-06 3.28e-12  2.39e-07    18s
  42   1.15833437e+04  1.15834088e+04  2.25e-06 3.75e-12  1.92e-07    19s
  43   1.15833777e+04  1.15834031e+04  6.60e-07 3.53e-12  7.48e-08    19s
  44   1.15833843e+04  1.15834010e+04  5.51e-07 3.28e-12  4.90e-08    19s
  45   1.15833895e+04  1.15833966e+04  1.11e-07 3.11e-12  2.11e-08    19s
  46   1.15833895e+04  1.15833966e+04  1.10e-07 3.13e-12  2.09e-08    19s
  47   1.15833896e+04  1.15833966e+04  1.50e-07 4.17e-12  2.06e-08    20s
  48   1.15833897e+04  1.15833966e+04  1.63e-07 3.61e-12  2.05e-08    20s
  49   1.15833897e+04  1.15833966e+04  1.65e-07 3.64e-12  2.03e-08    20s
  50   1.15833897e+04  1.15833966e+04  2.78e-07 4.57e-12  2.02e-08    20s
  51   1.15833897e+04  1.15833966e+04  3.41e-07 4.54e-12  2.01e-08    21s
  52   1.15833898e+04  1.15833966e+04  3.39e-07 4.33e-12  2.00e-08    21s
  53   1.15833899e+04  1.15833966e+04  3.28e-07 5.19e-12  1.96e-08    21s
  54   1.15833900e+04  1.15833966e+04  3.38e-07 4.99e-12  1.94e-08    21s
  55   1.15833901e+04  1.15833966e+04  3.30e-07 5.85e-12  1.90e-08    22s

Barrier performed 55 iterations in 21.66 seconds (14.84 work units)
Sub-optimal termination - objective 1.15833895e+04

Crossover log...

   88899 DPushes remaining with DInf 0.0000000e+00                22s
       0 DPushes remaining with DInf 0.0000000e+00                23s

   29078 PPushes remaining with PInf 2.1744252e-03                23s
       0 PPushes remaining with PInf 0.0000000e+00                24s

  Push phase complete: Pinf 0.0000000e+00, Dinf 5.5202558e+00     24s

Iteration    Objective       Primal Inf.    Dual Inf.      Time
   77355    1.1583396e+04   0.000000e+00   5.520256e+00     24s

Solved with barrier
   78788    1.1583430e+04   0.000000e+00   1.153324e+03     25s
   81798    1.1583433e+04   0.000000e+00   6.332746e+00     30s
Extra simplex iterations after uncrush: 4579
   82077    1.1583396e+04   0.000000e+00   0.000000e+00     31s

Use crossover to convert LP symmetric solution to basic solution...
Crossover log...

    6007 DPushes remaining with DInf 0.0000000e+00                32s
       0 DPushes remaining with DInf 0.0000000e+00                32s

    5278 PPushes remaining with PInf 0.0000000e+00                32s
       0 PPushes remaining with PInf 0.0000000e+00                33s

  Push phase complete: Pinf 0.0000000e+00, Dinf 1.0709295e-12     33s

Iteration    Objective       Primal Inf.    Dual Inf.      Time
   95699    1.1583431e+04   0.000000e+00   9.238110e+03     35s
   98709    1.1583470e+04   0.000000e+00   2.083028e+04     40s
  101117    1.1583479e+04   0.000000e+00   3.056829e+04     46s
  102923    1.1583484e+04   0.000000e+00   6.624815e+03     51s
  104127    1.1583488e+04   0.000000e+00   9.556230e+04     55s
  105933    1.1583492e+04   0.000000e+00   9.444095e+03     61s
  107739    1.1583495e+04   0.000000e+00   1.367540e+04     66s
  108943    1.1583497e+04   0.000000e+00   4.939841e+03     71s
  110147    1.1583499e+04   0.000000e+00   3.626799e+03     75s
  111953    1.1583502e+04   0.000000e+00   1.644229e+05     82s
  113157    1.1583503e+04   0.000000e+00   8.846935e+03     86s
  114361    1.1583504e+04   0.000000e+00   5.777298e+03     91s
  115565    1.1583505e+04   0.000000e+00   8.194104e+03     95s
  117371    1.1583507e+04   0.000000e+00   7.849769e+03    102s
  118575    1.1583508e+04   0.000000e+00   3.304317e+04    107s
  119779    1.1583509e+04   0.000000e+00   2.073035e+04    112s
  120983    1.1583510e+04   0.000000e+00   5.213060e+03    117s
  122187    1.1583510e+04   0.000000e+00   1.194023e+04    122s
  123391    1.1583511e+04   0.000000e+00   2.470278e+04    127s
  124595    1.1583512e+04   0.000000e+00   2.222677e+03    132s
  125197    1.1583512e+04   0.000000e+00   2.993544e+03    135s
  126401    1.1583513e+04   0.000000e+00   4.715171e+03    141s
  127605    1.1583513e+04   0.000000e+00   2.028815e+03    146s
  128809    1.1583514e+04   0.000000e+00   7.320967e+03    152s
  130013    1.1583514e+04   0.000000e+00   3.044019e+03    157s
  131217    1.1583515e+04   0.000000e+00   3.165503e+03    162s
  132421    1.1583515e+04   0.000000e+00   2.450869e+03    168s
  133023    1.1583516e+04   0.000000e+00   5.613304e+03    170s
  134227    1.1583516e+04   0.000000e+00   1.226433e+03    175s
  135431    1.1583516e+04   0.000000e+00   2.641242e+03    181s
  136635    1.1583517e+04   0.000000e+00   1.384072e+03    186s
  137839    1.1583517e+04   0.000000e+00   7.736514e+02    192s
  138441    1.1583517e+04   0.000000e+00   4.526243e+02    195s
  139645    1.1583517e+04   0.000000e+00   6.838946e+02    201s
  140849    1.1583517e+04   0.000000e+00   2.982210e+03    207s
  142053    1.1583518e+04   0.000000e+00   3.413231e+03    212s
  142655    1.1583518e+04   0.000000e+00   3.897105e+02    215s
  143859    1.1583518e+04   0.000000e+00   1.654461e+03    221s
  145063    1.1583518e+04   0.000000e+00   3.063155e+02    227s
  146267    1.1583518e+04   0.000000e+00   3.184157e+02    232s
  147471    1.1583518e+04   0.000000e+00   2.073370e+02    238s
  148073    1.1583518e+04   0.000000e+00   6.119387e+02    240s
  149277    1.1583518e+04   0.000000e+00   4.311026e+02    246s
  150481    1.1583518e+04   0.000000e+00   6.740174e+02    252s
  151083    1.1583518e+04   0.000000e+00   1.708057e+02    255s
  152287    1.1583518e+04   0.000000e+00   5.345406e+01    261s
  153491    1.1583518e+04   0.000000e+00   4.753814e+02    268s
  154093    1.1583519e+04   0.000000e+00   7.849455e+01    271s
  155297    1.1583519e+04   0.000000e+00   6.925685e+01    277s
  156501    1.1583519e+04   0.000000e+00   7.781508e+01    283s
  157103    1.1583519e+04   0.000000e+00   2.589845e+01    286s
  158307    1.1583519e+04   0.000000e+00   2.998972e+01    292s
  158909    1.1583519e+04   0.000000e+00   2.838809e+01    295s
  160113    1.1583519e+04   0.000000e+00   1.602060e+01    302s
  161317    1.1583519e+04   0.000000e+00   4.212843e+01    308s
  161919    1.1583519e+04   0.000000e+00   2.465993e+02    311s
  163123    1.1583519e+04   0.000000e+00   4.947905e+01    317s
  163725    1.1583519e+04   0.000000e+00   2.123557e+01    320s
  164929    1.1583519e+04   0.000000e+00   7.267997e+02    327s
  165531    1.1583519e+04   0.000000e+00   4.505776e+00    331s
  166735    1.1583519e+04   0.000000e+00   6.227125e+00    338s
  167325    1.1583519e+04   0.000000e+00   1.691215e+00    341s
  168517    1.1583519e+04   0.000000e+00   4.007022e-01    348s
  169107    1.1583519e+04   0.000000e+00   2.873117e-01    352s
  170077    1.1583519e+04   0.000000e+00   1.017945e-01    358s
  170272    1.1583396e+04   0.000000e+00   0.000000e+00    360s
Extra simplex iterations after uncrush: 76909

Solved in 170272 iterations and 360.27 seconds (572.65 work units)
Optimal objective  1.158339573e+04
