
Gurobi 10.0.1 (linux64) logging started Mon Mar 10 21:44:30 2025

Set parameter LogFile to value "Results/Conservative_experiment/c1_0.80_c2_0.20.log"
Set parameter TimeLimit to value 36000
Gurobi Optimizer version 10.0.1 build v10.0.1rc0 (linux64)

CPU model: AMD EPYC 9654 96-Core Processor, instruction set [SSE2|AVX|AVX2|AVX512]
Thread count: 192 physical cores, 192 logical processors, using up to 32 threads

Academic license 656792 - for non-commercial use only - registered to b.___@student.vu.nl
Optimize a model with 1498050 rows, 1622512 columns and 5976640 nonzeros
Model fingerprint: 0x4e814bc6
Coefficient statistics:
  Matrix range     [2e-01, 1e+00]
  Objective range  [6e-02, 5e+00]
  Bounds range     [0e+00, 0e+00]
  RHS range        [1e-02, 1e+03]
Presolve removed 955510 rows and 878809 columns (presolve time = 5s) ...
Presolve removed 955510 rows and 878809 columns
Presolve time: 5.24s
Presolved: 542540 rows, 743703 columns, 2508755 nonzeros

Concurrent LP optimizer: primal simplex, dual simplex, and barrier
Showing barrier log only...

Ordering time: 1.46s

Barrier statistics:
 AA' NZ     : 1.721e+06
 Factor NZ  : 1.393e+07 (roughly 250 MB of memory)
 Factor Ops : 7.897e+09 (less than 1 second per iteration)
 Threads    : 30

                  Objective                Residual
Iter       Primal          Dual         Primal    Dual     Compl     Time
   0  -1.23966521e+07  1.39501584e+08  9.29e+05 1.21e+02  2.81e+04     8s
   1  -1.13886112e+07  1.22442847e+08  5.50e+05 2.09e+02  1.60e+04     8s
   2  -1.17051101e+07  8.44112724e+07  1.19e+05 4.65e+01  3.78e+03     8s
   3  -3.02157273e+07  7.19075170e+07  3.10e+04 3.95e+01  1.62e+03     9s
   4  -4.09910015e+07  1.69755244e+07  1.25e+04 6.85e+00  4.99e+02     9s
   5  -2.05176372e+07  6.17124095e+06  4.74e+03 1.64e+00  1.81e+02     9s
   6  -9.37874960e+06  4.25313945e+06  1.66e+03 9.32e-01  7.96e+01     9s
   7  -4.63712546e+06  2.53370722e+06  6.63e+02 3.19e-01  3.64e+01     9s
   8  -1.23877524e+06  1.66019980e+06  8.66e+01 9.91e-02  1.20e+01    10s
   9  -2.42379819e+05  3.82904178e+05  1.19e+01 1.37e-02  2.29e+00    10s
  10  -7.60526850e+04  1.75692483e+05  4.47e+00 3.66e-03  8.82e-01    10s
  11  -4.04128313e+04  1.10135192e+05  2.84e+00 4.00e-03  5.08e-01    10s
  12  -2.37285147e+04  6.55925187e+04  1.80e+00 3.57e-12  2.89e-01    10s
  13  -5.08110222e+03  4.16410158e+04  8.53e-01 2.55e-12  1.47e-01    10s
  14   2.10418195e+03  3.58064129e+04  4.53e-01 2.82e-12  1.04e-01    11s
  15   2.45420569e+03  2.67780517e+04  4.35e-01 3.57e-12  7.50e-02    11s
  16   7.89439805e+03  2.04941319e+04  1.51e-01 3.32e-12  3.80e-02    11s
  17   8.14762095e+03  1.97319750e+04  1.39e-01 2.93e-12  3.49e-02    11s
  18   9.37080759e+03  1.73590038e+04  8.52e-02 4.28e-12  2.38e-02    11s
  19   1.00442923e+04  1.37156648e+04  5.73e-02 3.86e-12  1.09e-02    11s
  20   1.07185191e+04  1.24776581e+04  2.99e-02 4.67e-12  5.21e-03    12s
  21   1.09930787e+04  1.22117860e+04  1.93e-02 5.62e-12  3.60e-03    12s
  22   1.10935230e+04  1.20713246e+04  1.55e-02 5.16e-12  2.89e-03    12s
  23   1.11588804e+04  1.19525954e+04  1.32e-02 3.92e-12  2.35e-03    12s
  24   1.12115587e+04  1.18836632e+04  1.13e-02 4.50e-12  1.99e-03    12s
  25   1.13470028e+04  1.18451783e+04  6.60e-03 4.11e-12  1.47e-03    12s
  26   1.14175181e+04  1.17879142e+04  5.08e-03 5.35e-12  1.09e-03    13s
  27   1.14572206e+04  1.17572382e+04  4.09e-03 5.33e-12  8.84e-04    13s
  28   1.14902518e+04  1.17291462e+04  3.10e-03 5.95e-06  7.04e-04    13s
  29   1.15328395e+04  1.16873841e+04  1.77e-03 6.35e-12  4.55e-04    13s
  30   1.15548091e+04  1.16749588e+04  1.13e-03 4.52e-12  3.53e-04    13s
  31   1.15598148e+04  1.16672306e+04  9.97e-04 4.52e-12  3.16e-04    14s
  32   1.15626401e+04  1.16652588e+04  9.32e-04 5.01e-12  3.01e-04    14s
  33   1.15690792e+04  1.16567585e+04  8.16e-04 4.84e-12  2.58e-04    14s
  34   1.15762310e+04  1.16445892e+04  6.86e-04 4.16e-12  2.01e-04    14s
  35   1.15838610e+04  1.16370073e+04  5.57e-04 5.48e-12  1.56e-04    14s
  36   1.15869540e+04  1.16293372e+04  4.82e-04 4.42e-12  1.25e-04    15s
  37   1.15889364e+04  1.16216190e+04  4.02e-04 6.00e-12  9.62e-05    15s
  38   1.15934944e+04  1.16187543e+04  2.84e-04 7.93e-12  7.43e-05    15s
  39   1.15956650e+04  1.16168320e+04  2.49e-04 7.83e-12  6.23e-05    15s
  40   1.15980450e+04  1.16134346e+04  2.05e-04 7.27e-12  4.54e-05    16s
  41   1.15994464e+04  1.16119159e+04  1.68e-04 5.49e-12  3.68e-05    16s
  42   1.16000547e+04  1.16114334e+04  1.54e-04 5.85e-12  3.36e-05    16s
  43   1.16006012e+04  1.16108538e+04  1.44e-04 8.04e-12  3.02e-05    16s
  44   1.16008830e+04  1.16104301e+04  1.35e-04 6.26e-12  2.82e-05    17s
  45   1.16024952e+04  1.16097484e+04  9.34e-05 5.08e-12  2.14e-05    17s
  46   1.16045742e+04  1.16093148e+04  5.54e-05 5.98e-12  1.40e-05    17s
  47   1.16059819e+04  1.16088179e+04  3.08e-05 2.49e-09  8.35e-06    17s
  48   1.16070015e+04  1.16085143e+04  1.49e-05 6.62e-12  4.45e-06    17s
  49   1.16072901e+04  1.16084700e+04  1.07e-05 6.63e-12  3.47e-06    18s
  50   1.16073589e+04  1.16083903e+04  9.72e-06 7.85e-12  3.03e-06    18s
  51   1.16076200e+04  1.16083339e+04  5.92e-06 6.43e-12  2.10e-06    18s
  52   1.16078890e+04  1.16082603e+04  2.13e-06 5.53e-12  1.09e-06    18s
  53   1.16080436e+04  1.16080785e+04  1.14e-07 7.32e-12  1.02e-07    18s
  54   1.16080606e+04  1.16080611e+04  1.46e-10 7.07e-12  1.43e-09    19s
  55   1.16080608e+04  1.16080608e+04  2.47e-08 8.39e-12  1.70e-10    19s

Barrier solved model in 55 iterations and 18.81 seconds (14.75 work units)
Optimal objective 1.16080608e+04

Crossover log...

   88492 DPushes remaining with DInf 0.0000000e+00                19s
    1285 DPushes remaining with DInf 0.0000000e+00                20s
       0 DPushes remaining with DInf 0.0000000e+00                20s

    2654 PPushes remaining with PInf 0.0000000e+00                20s
       0 PPushes remaining with PInf 0.0000000e+00                20s

  Push phase complete: Pinf 0.0000000e+00, Dinf 2.7903028e-11     20s


Solved with barrier
Extra simplex iterations after uncrush: 2823
Iteration    Objective       Primal Inf.    Dual Inf.      Time
   47301    1.1608061e+04   0.000000e+00   0.000000e+00     22s

Use crossover to convert LP symmetric solution to basic solution...
Crossover log...

    5799 DPushes remaining with DInf 0.0000000e+00                23s
       0 DPushes remaining with DInf 0.0000000e+00                23s

    4797 PPushes remaining with PInf 0.0000000e+00                23s
       0 PPushes remaining with PInf 0.0000000e+00                23s

  Push phase complete: Pinf 0.0000000e+00, Dinf 9.3846106e-13     23s

Iteration    Objective       Primal Inf.    Dual Inf.      Time
   59701    1.1608061e+04   0.000000e+00   7.723458e+03     25s
   64217    1.1608120e+04   0.000000e+00   8.751096e+03     31s
   66625    1.1608132e+04   0.000000e+00   6.977937e+04     35s
   69033    1.1608140e+04   0.000000e+00   6.162503e+04     41s
   71441    1.1608147e+04   0.000000e+00   3.265338e+04     46s
   73849    1.1608153e+04   0.000000e+00   9.054685e+03     51s
   76257    1.1608158e+04   0.000000e+00   9.700251e+03     56s
   78665    1.1608162e+04   0.000000e+00   2.348784e+04     61s
   80471    1.1608164e+04   0.000000e+00   1.919817e+03     65s
   82879    1.1608167e+04   0.000000e+00   2.958942e+04     71s
   84685    1.1608169e+04   0.000000e+00   1.060743e+04     76s
   86491    1.1608171e+04   0.000000e+00   9.195137e+03     81s
   88297    1.1608172e+04   0.000000e+00   1.103774e+04     86s
   90103    1.1608173e+04   0.000000e+00   5.763839e+03     91s
   91909    1.1608174e+04   0.000000e+00   7.443992e+02     95s
   93715    1.1608175e+04   0.000000e+00   4.126473e+04    100s
   95521    1.1608176e+04   0.000000e+00   1.752365e+03    106s
   97327    1.1608176e+04   0.000000e+00   5.805142e+02    112s
   98531    1.1608177e+04   0.000000e+00   2.756564e+03    115s
  100337    1.1608177e+04   0.000000e+00   4.950063e+02    121s
  102143    1.1608178e+04   0.000000e+00   1.267216e+04    126s
  103949    1.1608178e+04   0.000000e+00   3.200756e+02    132s
  105755    1.1608178e+04   0.000000e+00   5.741800e+01    136s
  107561    1.1608178e+04   0.000000e+00   1.843118e+02    142s
  108765    1.1608179e+04   0.000000e+00   4.986453e+01    146s
  109969    1.1608179e+04   0.000000e+00   2.592479e+01    150s
  111775    1.1608179e+04   0.000000e+00   1.802545e+01    156s
  113581    1.1608179e+04   0.000000e+00   1.884581e+01    162s
  114785    1.1608179e+04   0.000000e+00   1.314474e+00    166s
  115987    1.1608179e+04   0.000000e+00   4.639913e-02    170s
Extra simplex iterations after uncrush: 58730
  116626    1.1608061e+04   0.000000e+00   0.000000e+00    174s

Solved in 116626 iterations and 174.47 seconds (303.02 work units)
Optimal objective  1.160806083e+04
