
Gurobi 10.0.1 (linux64) logging started Mon Mar 10 21:46:01 2025

Set parameter LogFile to value "Results/Conservative_experiment/c1_0.80_c2_0.40.log"
Set parameter TimeLimit to value 36000
Gurobi Optimizer version 10.0.1 build v10.0.1rc0 (linux64)

CPU model: AMD EPYC 9654 96-Core Processor, instruction set [SSE2|AVX|AVX2|AVX512]
Thread count: 192 physical cores, 192 logical processors, using up to 32 threads

Academic license 656792 - for non-commercial use only - registered to b.___@student.vu.nl
Optimize a model with 1498050 rows, 1622512 columns and 5976640 nonzeros
Model fingerprint: 0x0819a2c5
Coefficient statistics:
  Matrix range     [4e-01, 1e+00]
  Objective range  [6e-02, 5e+00]
  Bounds range     [0e+00, 0e+00]
  RHS range        [1e-02, 1e+03]
Presolve removed 955510 rows and 878809 columns (presolve time = 5s) ...
Presolve removed 955510 rows and 878809 columns
Presolve time: 5.18s
Presolved: 542540 rows, 743703 columns, 2508755 nonzeros

Concurrent LP optimizer: primal simplex, dual simplex, and barrier
Showing barrier log only...

Ordering time: 1.39s

Barrier statistics:
 AA' NZ     : 1.721e+06
 Factor NZ  : 1.393e+07 (roughly 250 MB of memory)
 Factor Ops : 7.897e+09 (less than 1 second per iteration)
 Threads    : 30

                  Objective                Residual
Iter       Primal          Dual         Primal    Dual     Compl     Time
   0  -1.28048837e+07  1.39827696e+08  1.00e+06 1.21e+02  3.06e+04     8s
   1  -1.20582317e+07  1.18324216e+08  4.33e+05 1.32e+02  1.22e+04     8s
   2  -1.91965913e+07  9.14108898e+07  7.90e+04 7.62e+01  3.30e+03     8s
   3  -7.74023925e+07  6.58498778e+07  3.18e+04 4.86e+01  1.80e+03     9s
   4  -5.69280329e+07  1.42696089e+07  1.06e+04 4.13e+00  4.49e+02     9s
   5  -2.98512097e+07  5.41805187e+06  4.43e+03 1.22e+00  1.74e+02     9s
   6  -1.07486015e+07  2.49278071e+06  1.20e+03 3.21e-01  5.64e+01     9s
   7  -3.78811533e+06  1.02619408e+06  3.83e+02 9.04e-02  1.86e+01     9s
   8  -8.81928090e+05  3.98794779e+05  7.41e+01 1.30e-02  4.57e+00     9s
   9  -1.26951641e+05  1.64449767e+05  1.05e+01 2.12e-03  9.93e-01     9s
  10  -3.03981697e+04  1.19787652e+05  3.50e+00 1.02e-03  5.02e-01    10s
  11  -1.23467683e+04  6.99139810e+04  1.81e+00 1.66e-05  2.65e-01    10s
  12  -2.58115139e+03  4.41684659e+04  1.04e+00 1.90e-12  1.48e-01    10s
  13   3.04441380e+03  4.08559288e+04  5.79e-01 1.80e-12  1.18e-01    10s
  14   3.80066644e+03  2.82823377e+04  5.23e-01 2.15e-12  7.57e-02    10s
  15   8.12208078e+03  2.21712001e+04  2.08e-01 3.27e-12  4.26e-02    10s
  16   8.19285406e+03  2.13719314e+04  2.03e-01 2.62e-12  3.99e-02    11s
  17   8.59188390e+03  1.78427097e+04  1.75e-01 3.68e-12  2.79e-02    11s
  18   9.81759554e+03  1.52339247e+04  9.33e-02 3.55e-12  1.62e-02    11s
  19   1.02185371e+04  1.35752046e+04  6.91e-02 2.65e-12  1.00e-02    11s
  20   1.04883497e+04  1.29591665e+04  5.41e-02 2.63e-12  7.35e-03    11s
  21   1.07050634e+04  1.26127450e+04  4.21e-02 3.40e-12  5.67e-03    11s
  22   1.08246161e+04  1.23426379e+04  3.56e-02 3.27e-12  4.51e-03    11s
  23   1.09940238e+04  1.21934567e+04  2.70e-02 3.61e-12  3.56e-03    12s
  24   1.11928960e+04  1.20236959e+04  1.67e-02 3.37e-12  2.46e-03    12s
  25   1.12623365e+04  1.19879141e+04  1.39e-02 4.38e-12  2.15e-03    12s
  26   1.13043105e+04  1.19602255e+04  1.26e-02 8.48e-06  1.94e-03    12s
  27   1.13424238e+04  1.19375297e+04  1.10e-02 8.94e-06  1.76e-03    12s
  28   1.13970056e+04  1.18102000e+04  8.58e-03 2.14e-06  1.22e-03    13s
  29   1.14593595e+04  1.17649664e+04  5.93e-03 3.55e-12  9.03e-04    13s
  30   1.14993709e+04  1.17382148e+04  4.34e-03 3.89e-12  7.05e-04    13s
  31   1.15125324e+04  1.17210782e+04  3.87e-03 3.41e-12  6.16e-04    13s
  32   1.15197704e+04  1.17155976e+04  3.64e-03 3.19e-12  5.78e-04    13s
  33   1.15478610e+04  1.16900269e+04  2.57e-03 3.39e-12  4.19e-04    13s
  34   1.15682239e+04  1.16711461e+04  1.73e-03 4.60e-12  3.03e-04    14s
  35   1.15718561e+04  1.16595406e+04  1.59e-03 4.49e-12  2.59e-04    14s
  36   1.15825826e+04  1.16521785e+04  1.15e-03 3.41e-12  2.05e-04    14s
  37   1.15860386e+04  1.16434046e+04  1.03e-03 3.79e-12  1.69e-04    14s
  38   1.15905991e+04  1.16411923e+04  8.83e-04 4.02e-12  1.49e-04    14s
  39   1.15912992e+04  1.16402105e+04  8.63e-04 3.94e-12  1.44e-04    15s
  40   1.15973291e+04  1.16383829e+04  7.15e-04 3.86e-12  1.21e-04    15s
  41   1.16023068e+04  1.16356277e+04  5.83e-04 3.40e-12  9.83e-05    15s
  42   1.16051869e+04  1.16337515e+04  5.14e-04 4.72e-12  8.43e-05    15s
  43   1.16080457e+04  1.16333651e+04  4.48e-04 4.00e-12  7.47e-05    15s
  44   1.16118238e+04  1.16317493e+04  3.54e-04 4.44e-12  5.88e-05    16s
  45   1.16144610e+04  1.16287792e+04  2.55e-04 3.15e-12  4.22e-05    16s
  46   1.16151393e+04  1.16274535e+04  1.98e-04 2.78e-12  3.63e-05    16s
  47   1.16163738e+04  1.16271982e+04  1.59e-04 3.93e-12  3.19e-05    16s
  48   1.16176128e+04  1.16260088e+04  1.22e-04 3.61e-12  2.47e-05    16s
  49   1.16177654e+04  1.16255595e+04  1.17e-04 3.59e-12  2.29e-05    17s
  50   1.16181065e+04  1.16249495e+04  1.06e-04 5.28e-12  2.02e-05    17s
  51   1.16184062e+04  1.16245674e+04  9.69e-05 5.18e-12  1.81e-05    17s
  52   1.16185941e+04  1.16244207e+04  9.16e-05 4.78e-12  1.72e-05    17s
  53   1.16187419e+04  1.16242240e+04  8.70e-05 4.00e-12  1.61e-05    17s
  54   1.16188609e+04  1.16241309e+04  8.31e-05 5.07e-12  1.55e-05    18s
  55   1.16190544e+04  1.16237675e+04  7.39e-05 5.24e-12  1.39e-05    18s
  56   1.16197928e+04  1.16231334e+04  4.18e-05 4.93e-12  9.82e-06    18s
  57   1.16203779e+04  1.16215272e+04  1.44e-05 3.03e-12  3.38e-06    18s
  58   1.16206449e+04  1.16209252e+04  1.72e-06 3.55e-12  8.20e-07    19s
  59   1.16206737e+04  1.16208291e+04  6.45e-07 3.50e-12  4.54e-07    19s
  60   1.16206850e+04  1.16208062e+04  2.52e-07 4.20e-12  3.54e-07    19s
  61   1.16206880e+04  1.16207838e+04  1.54e-07 5.63e-12  2.79e-07    19s
  62   1.16206903e+04  1.16207585e+04  1.09e-07 6.87e-12  1.99e-07    19s
  63   1.16206921e+04  1.16207317e+04  6.93e-08 6.89e-12  1.15e-07    19s
  64   1.16206942e+04  1.16207206e+04  3.07e-08 8.32e-12  7.71e-08    19s
  65   1.16206945e+04  1.16207183e+04  2.71e-08 9.24e-12  6.95e-08    20s
  66   1.16206946e+04  1.16207161e+04  2.62e-08 8.68e-12  6.28e-08    20s
  67   1.16206946e+04  1.16207148e+04  2.51e-08 1.04e-11  5.89e-08    20s
  68   1.16206947e+04  1.16207140e+04  2.38e-08 9.81e-12  5.62e-08    20s
  69   1.16206949e+04  1.16207103e+04  2.14e-08 9.01e-12  4.49e-08    20s
  70   1.16206956e+04  1.16207005e+04  8.49e-09 6.49e-12  1.43e-08    21s
  71   1.16206957e+04  1.16206993e+04  4.86e-08 1.19e-11  1.05e-08    21s
  72   1.16206961e+04  1.16206966e+04  1.21e-08 1.27e-11  1.54e-09    21s
  73   1.16206961e+04  1.16206962e+04  1.59e-09 1.35e-11  1.84e-11    21s

Barrier solved model in 73 iterations and 21.09 seconds (17.63 work units)
Optimal objective 1.16206961e+04

Crossover log...

   30060 DPushes remaining with DInf 0.0000000e+00                21s
       0 DPushes remaining with DInf 0.0000000e+00                22s

  105418 PPushes remaining with PInf 0.0000000e+00                22s
       0 PPushes remaining with PInf 0.0000000e+00                23s

  Push phase complete: Pinf 0.0000000e+00, Dinf 2.0819346e-11     23s


Solved with barrier
Extra simplex iterations after uncrush: 2114
Iteration    Objective       Primal Inf.    Dual Inf.      Time
  135635    1.1620696e+04   0.000000e+00   0.000000e+00     23s

Use crossover to convert LP symmetric solution to basic solution...
Crossover log...

   10692 DPushes remaining with DInf 0.0000000e+00                24s
       0 DPushes remaining with DInf 0.0000000e+00                24s

    7169 PPushes remaining with PInf 0.0000000e+00                24s
       0 PPushes remaining with PInf 0.0000000e+00                24s

  Push phase complete: Pinf 0.0000000e+00, Dinf 1.2989332e-12     24s

Iteration    Objective       Primal Inf.    Dual Inf.      Time
  153484    1.1620696e+04   0.000000e+00   1.280658e+03     25s
  158835    1.1620700e+04   0.000000e+00   4.400614e+02     31s
  160641    1.1620701e+04   0.000000e+00   1.034567e+02     36s
  162447    1.1620701e+04   0.000000e+00   3.721884e+01     41s
  164169    1.1620701e+04   0.000000e+00   1.068741e+00     47s
Extra simplex iterations after uncrush: 11314
  164798    1.1620696e+04   0.000000e+00   0.000000e+00     50s

Solved in 164798 iterations and 49.99 seconds (90.92 work units)
Optimal objective  1.162069615e+04
