
Gurobi 10.0.1 (linux64) logging started Mon Mar 10 21:47:37 2025

Set parameter LogFile to value "Results/Conservative_experiment/c1_0.90_c2_0.30.log"
Set parameter TimeLimit to value 36000
Gurobi Optimizer version 10.0.1 build v10.0.1rc0 (linux64)

CPU model: AMD EPYC 9654 96-Core Processor, instruction set [SSE2|AVX|AVX2|AVX512]
Thread count: 192 physical cores, 192 logical processors, using up to 32 threads

Academic license 656792 - for non-commercial use only - registered to b.___@student.vu.nl
Optimize a model with 1498050 rows, 1622512 columns and 5976640 nonzeros
Model fingerprint: 0x95524ea8
Coefficient statistics:
  Matrix range     [3e-01, 1e+00]
  Objective range  [6e-02, 5e+00]
  Bounds range     [0e+00, 0e+00]
  RHS range        [1e-02, 1e+03]
Presolve removed 955510 rows and 878809 columns (presolve time = 5s) ...
Presolve removed 955510 rows and 878809 columns
Presolve time: 5.23s
Presolved: 542540 rows, 743703 columns, 2508755 nonzeros

Concurrent LP optimizer: primal simplex, dual simplex, and barrier
Showing barrier log only...

Ordering time: 1.37s

Barrier statistics:
 AA' NZ     : 1.721e+06
 Factor NZ  : 1.393e+07 (roughly 250 MB of memory)
 Factor Ops : 7.897e+09 (less than 1 second per iteration)
 Threads    : 30

                  Objective                Residual
Iter       Primal          Dual         Primal    Dual     Compl     Time
   0  -1.35343093e+07  1.39810905e+08  1.01e+06 1.21e+02  3.08e+04     8s
   1  -1.20280412e+07  1.17963756e+08  4.65e+05 1.18e+02  1.30e+04     8s
   2  -1.74788477e+07  9.28283942e+07  9.66e+04 6.79e+01  3.63e+03     8s
   3  -1.42217997e+08  3.91827812e+07  2.78e+04 1.58e+01  1.29e+03     9s
   4  -6.90158679e+07  1.01433256e+07  8.44e+03 2.60e+00  3.77e+02     9s
   5  -3.66216438e+07  3.71147988e+06  4.12e+03 4.63e-01  1.70e+02     9s
   6  -1.23784181e+07  1.89521726e+06  1.25e+03 1.17e-01  5.60e+01     9s
   7  -2.37508607e+06  7.91584772e+05  2.19e+02 2.07e-02  1.16e+01     9s
   8  -5.19900479e+05  3.40070931e+05  4.65e+01 2.94e-03  2.99e+00     9s
   9  -1.43686112e+05  1.64941135e+05  1.30e+01 2.46e-05  1.03e+00    10s
  10  -5.40411606e+04  1.05996042e+05  5.80e+00 2.56e-12  5.18e-01    10s
  11  -1.90853478e+04  5.30533568e+04  2.92e+00 2.39e-12  2.26e-01    10s
  12  -4.83269828e+03  3.86389911e+04  1.62e+00 1.86e-12  1.34e-01    10s
  13   2.64127437e+03  3.36517920e+04  8.63e-01 2.78e-12  9.38e-02    10s
  14   3.02275804e+03  2.55492082e+04  8.27e-01 6.39e-12  6.82e-02    10s
  15   8.41696754e+03  2.13367496e+04  2.99e-01 3.04e-12  3.85e-02    11s
  16   8.49680276e+03  2.03814938e+04  2.91e-01 4.71e-12  3.54e-02    11s
  17   9.13600948e+03  1.68296148e+04  2.26e-01 6.49e-12  2.29e-02    11s
  18   1.01558822e+04  1.59967726e+04  1.22e-01 4.64e-12  1.73e-02    11s
  19   1.05064624e+04  1.41511826e+04  8.79e-02 5.00e-12  1.08e-02    11s
  20   1.08007383e+04  1.32054631e+04  6.14e-02 5.06e-12  7.11e-03    11s
  21   1.11116511e+04  1.23127372e+04  3.31e-02 4.07e-12  3.55e-03    12s
  22   1.12727216e+04  1.21373522e+04  1.96e-02 5.55e-12  2.55e-03    12s
  23   1.13092958e+04  1.20176058e+04  1.68e-02 5.39e-12  2.09e-03    12s
  24   1.13230300e+04  1.19378449e+04  1.57e-02 6.58e-12  1.82e-03    12s
  25   1.13639068e+04  1.19033783e+04  1.29e-02 3.43e-12  1.59e-03    12s
  26   1.14075877e+04  1.18923157e+04  1.16e-02 5.70e-12  1.43e-03    12s
  27   1.14213236e+04  1.18489252e+04  1.09e-02 5.93e-12  1.26e-03    12s
  28   1.14400345e+04  1.18172677e+04  9.88e-03 6.34e-12  1.11e-03    13s
  29   1.14804222e+04  1.17622868e+04  7.41e-03 9.72e-12  8.33e-04    13s
  30   1.15234569e+04  1.17374908e+04  4.64e-03 8.82e-12  6.31e-04    13s
  31   1.15503335e+04  1.17222754e+04  3.01e-03 8.52e-12  5.06e-04    13s
  32   1.15644583e+04  1.16961491e+04  2.29e-03 6.79e-12  3.87e-04    14s
  33   1.15741264e+04  1.16906935e+04  1.94e-03 8.12e-12  3.43e-04    14s
  34   1.15791476e+04  1.16674808e+04  1.60e-03 6.16e-12  2.60e-04    14s
  35   1.15868429e+04  1.16540596e+04  1.12e-03 5.73e-12  1.98e-04    14s
  36   1.15950329e+04  1.16489964e+04  7.20e-04 4.45e-12  1.58e-04    14s
  37   1.15951110e+04  1.16370362e+04  6.41e-04 4.88e-12  1.23e-04    15s
  38   1.15985688e+04  1.16341535e+04  4.99e-04 4.10e-12  1.04e-04    15s
  39   1.16026270e+04  1.16322586e+04  3.28e-04 6.54e-12  8.69e-05    15s
  40   1.16047327e+04  1.16280646e+04  2.63e-04 4.92e-12  6.84e-05    15s
  41   1.16055568e+04  1.16259176e+04  2.47e-04 4.33e-12  5.97e-05    16s
  42   1.16079411e+04  1.16249340e+04  1.98e-04 6.81e-12  4.98e-05    16s
  43   1.16106021e+04  1.16209987e+04  1.43e-04 5.13e-12  3.05e-05    16s
  44   1.16161371e+04  1.16194319e+04  2.21e-05 3.96e-12  9.64e-06    16s
  45   1.16168399e+04  1.16191771e+04  1.29e-05 4.72e-12  6.84e-06    16s
  46   1.16169528e+04  1.16189012e+04  1.17e-05 5.36e-12  5.70e-06    17s
  47   1.16170323e+04  1.16188504e+04  1.07e-05 7.61e-09  5.32e-06    17s
  48   1.16170732e+04  1.16187800e+04  1.02e-05 1.48e-08  4.99e-06    17s
  49   1.16172353e+04  1.16186449e+04  8.13e-06 6.99e-12  4.12e-06    17s
  50   1.16174236e+04  1.16186000e+04  6.08e-06 6.70e-09  3.44e-06    17s
  51   1.16175824e+04  1.16183900e+04  4.20e-06 6.16e-12  2.36e-06    18s
  52   1.16176965e+04  1.16183552e+04  2.84e-06 4.03e-12  1.93e-06    18s
  53   1.16177605e+04  1.16183192e+04  2.11e-06 5.61e-12  1.63e-06    18s
  54   1.16177970e+04  1.16182506e+04  1.67e-06 5.49e-12  1.33e-06    18s
  55   1.16179066e+04  1.16181905e+04  4.48e-07 4.83e-12  8.29e-07    18s
  56   1.16179485e+04  1.16180298e+04  7.61e-08 7.37e-12  2.37e-07    19s
  57   1.16179618e+04  1.16179777e+04  3.45e-09 1.97e-11  4.65e-08    19s
  58   1.16179645e+04  1.16179646e+04  1.06e-09 2.55e-11  8.31e-11    19s

Barrier solved model in 58 iterations and 19.03 seconds (15.38 work units)
Optimal objective 1.16179645e+04

Crossover log...

   88682 DPushes remaining with DInf 0.0000000e+00                19s
    5272 DPushes remaining with DInf 0.0000000e+00                20s
       0 DPushes remaining with DInf 0.0000000e+00                21s

    2600 PPushes remaining with PInf 0.0000000e+00                21s
       0 PPushes remaining with PInf 0.0000000e+00                21s

  Push phase complete: Pinf 0.0000000e+00, Dinf 2.5095405e-11     21s


Solved with barrier
Extra simplex iterations after uncrush: 3633
Iteration    Objective       Primal Inf.    Dual Inf.      Time
   49127    1.1617965e+04   0.000000e+00   0.000000e+00     23s

Use crossover to convert LP symmetric solution to basic solution...
Crossover log...

    6090 DPushes remaining with DInf 0.0000000e+00                23s
       0 DPushes remaining with DInf 0.0000000e+00                24s

    2598 PPushes remaining with PInf 0.0000000e+00                24s
       0 PPushes remaining with PInf 0.0000000e+00                24s

  Push phase complete: Pinf 0.0000000e+00, Dinf 4.8087360e-13     24s

Iteration    Objective       Primal Inf.    Dual Inf.      Time
   58960    1.1617965e+04   0.000000e+00   2.528145e+04     25s
   63654    1.1618019e+04   0.000000e+00   1.101349e+04     31s
   66062    1.1618029e+04   0.000000e+00   3.677933e+04     36s
   67868    1.1618033e+04   0.000000e+00   6.873824e+03     41s
   69674    1.1618039e+04   0.000000e+00   7.161907e+03     45s
   72082    1.1618045e+04   0.000000e+00   9.707131e+03     51s
   73888    1.1618047e+04   0.000000e+00   7.035701e+03     56s
   75092    1.1618048e+04   0.000000e+00   4.948237e+03     60s
   76898    1.1618049e+04   0.000000e+00   9.629783e+04     66s
   78704    1.1618051e+04   0.000000e+00   3.513698e+03     71s
   79908    1.1618052e+04   0.000000e+00   7.420078e+03     75s
   81714    1.1618053e+04   0.000000e+00   6.919391e+03     81s
   82918    1.1618054e+04   0.000000e+00   2.596099e+04     86s
   84724    1.1618055e+04   0.000000e+00   8.181134e+03     92s
   85928    1.1618055e+04   0.000000e+00   1.092757e+04     96s
   87734    1.1618056e+04   0.000000e+00   7.655954e+03    102s
   88938    1.1618057e+04   0.000000e+00   1.441665e+04    106s
   90142    1.1618058e+04   0.000000e+00   4.546962e+03    110s
   91948    1.1618059e+04   0.000000e+00   8.141524e+03    116s
   93152    1.1618059e+04   0.000000e+00   2.780057e+04    120s
   94958    1.1618060e+04   0.000000e+00   6.266522e+03    127s
   96162    1.1618060e+04   0.000000e+00   1.830272e+03    132s
   97366    1.1618060e+04   0.000000e+00   1.716397e+03    136s
   98570    1.1618061e+04   0.000000e+00   3.377870e+03    141s
   99774    1.1618061e+04   0.000000e+00   1.000950e+03    146s
  100978    1.1618061e+04   0.000000e+00   1.054335e+03    151s
  102784    1.1618061e+04   0.000000e+00   1.237321e+03    157s
  103988    1.1618062e+04   0.000000e+00   2.593851e+03    161s
  105192    1.1618062e+04   0.000000e+00   4.521577e+03    165s
  106998    1.1618062e+04   0.000000e+00   1.749686e+03    172s
  108202    1.1618062e+04   0.000000e+00   3.102799e+02    176s
  110008    1.1618062e+04   0.000000e+00   4.058411e+02    182s
  111212    1.1618062e+04   0.000000e+00   4.021379e+02    186s
  112416    1.1618063e+04   0.000000e+00   1.069429e+03    191s
  114222    1.1618063e+04   0.000000e+00   2.910987e+02    197s
  115426    1.1618063e+04   0.000000e+00   5.413470e+02    201s
  116630    1.1618063e+04   0.000000e+00   9.094877e+01    205s
  118436    1.1618063e+04   0.000000e+00   8.693664e+01    212s
  119640    1.1618063e+04   0.000000e+00   1.281786e+02    217s
  120844    1.1618063e+04   0.000000e+00   2.961490e+01    222s
  122048    1.1618063e+04   0.000000e+00   3.113183e+01    227s
  123252    1.1618063e+04   0.000000e+00   2.110566e+01    232s
  124456    1.1618063e+04   0.000000e+00   2.117219e+01    237s
  125660    1.1618063e+04   0.000000e+00   3.157344e+01    242s
  126864    1.1618063e+04   0.000000e+00   1.505747e+01    247s
  128068    1.1618063e+04   0.000000e+00   9.660899e+00    253s
  128670    1.1618063e+04   0.000000e+00   3.975602e+01    255s
  129874    1.1618063e+04   0.000000e+00   6.069821e+00    260s
  131078    1.1618063e+04   0.000000e+00   7.673549e-01    265s
  132230    1.1618063e+04   0.000000e+00   2.489132e-01    271s
  133350    1.1618063e+04   0.000000e+00   6.717264e-02    277s
  134182    1.1617965e+04   0.000000e+00   0.000000e+00    282s
Extra simplex iterations after uncrush: 76364

Solved in 134182 iterations and 281.67 seconds (494.31 work units)
Optimal objective  1.161796455e+04
