
Gurobi 10.0.1 (linux64) logging started Mon Mar 10 21:36:33 2025

Set parameter LogFile to value "Results/Conservative_experiment/c1_0.30_c2_0.30.log"
Set parameter TimeLimit to value 36000
Gurobi Optimizer version 10.0.1 build v10.0.1rc0 (linux64)

CPU model: AMD EPYC 9654 96-Core Processor, instruction set [SSE2|AVX|AVX2|AVX512]
Thread count: 192 physical cores, 192 logical processors, using up to 32 threads

Academic license 656792 - for non-commercial use only - registered to b.___@student.vu.nl
Optimize a model with 1498050 rows, 1622512 columns and 5976640 nonzeros
Model fingerprint: 0xd414031c
Coefficient statistics:
  Matrix range     [3e-01, 1e+00]
  Objective range  [6e-02, 5e+00]
  Bounds range     [0e+00, 0e+00]
  RHS range        [1e-02, 1e+03]
Presolve removed 941430 rows and 859249 columns (presolve time = 5s) ...
Presolve removed 955510 rows and 878809 columns
Presolve time: 6.34s
Presolved: 542540 rows, 743703 columns, 2508755 nonzeros

Concurrent LP optimizer: primal simplex, dual simplex, and barrier
Showing barrier log only...

Ordering time: 1.65s

Barrier statistics:
 AA' NZ     : 1.721e+06
 Factor NZ  : 1.393e+07 (roughly 250 MB of memory)
 Factor Ops : 7.897e+09 (less than 1 second per iteration)
 Threads    : 30

                  Objective                Residual
Iter       Primal          Dual         Primal    Dual     Compl     Time
   0  -1.26032403e+07  1.70981890e+08  1.70e+06 1.21e+02  3.44e+04    10s
   1  -1.06980958e+07  1.29636912e+08  6.79e+05 9.55e+01  1.26e+04    10s
   2  -1.28263071e+07  9.00565479e+07  1.46e+05 4.26e+01  3.24e+03    10s
   3  -2.63077355e+07  7.50280669e+07  3.80e+04 3.78e+01  1.46e+03    10s
   4  -3.32076849e+07  1.59141713e+07  2.01e+04 5.80e+00  4.80e+02    10s
   5  -1.78698094e+07  5.62272256e+06  7.66e+03 1.37e+00  1.72e+02    11s
   6  -7.01268737e+06  2.58324919e+06  1.99e+03 3.34e-01  5.30e+01    11s
   7  -1.82465678e+06  8.81844719e+05  3.69e+02 9.67e-02  1.19e+01    11s
   8  -5.88144772e+05  3.73533303e+05  1.11e+02 7.94e-03  3.90e+00    11s
   9  -1.01772904e+05  2.25424889e+05  2.15e+01 2.36e-03  1.20e+00    11s
  10  -3.77407572e+04  1.08691508e+05  1.02e+01 2.90e-03  5.11e-01    11s
  11  -1.11215698e+04  6.89627568e+04  5.33e+00 1.03e-03  2.66e-01    11s
  12  -7.12496923e+02  4.10555399e+04  2.40e+00 2.89e-12  1.31e-01    12s
  13   4.63148128e+03  3.47682361e+04  1.28e+00 3.30e-04  9.24e-02    12s
  14   4.96351436e+03  2.55832943e+04  1.21e+00 2.83e-12  6.32e-02    12s
  15   9.39878092e+03  1.95624603e+04  3.01e-01 3.71e-12  3.02e-02    12s
  16   1.02990158e+04  1.58129328e+04  1.56e-01 3.21e-12  1.63e-02    12s
  17   1.04525001e+04  1.46514909e+04  1.34e-01 3.63e-12  1.24e-02    12s
  18   1.07865094e+04  1.33279302e+04  8.60e-02 4.64e-12  7.52e-03    13s
  19   1.09658245e+04  1.25788170e+04  6.25e-02 3.41e-12  4.77e-03    13s
  20   1.12049629e+04  1.22110514e+04  3.32e-02 3.35e-12  2.97e-03    13s
  21   1.12244326e+04  1.21664468e+04  3.09e-02 5.09e-12  2.78e-03    13s
  22   1.12604574e+04  1.20991887e+04  2.69e-02 5.09e-12  2.47e-03    13s
  23   1.13186738e+04  1.18893703e+04  2.03e-02 5.15e-12  1.69e-03    13s
  24   1.14029817e+04  1.17502094e+04  1.08e-02 7.07e-12  1.02e-03    14s
  25   1.14415661e+04  1.17076444e+04  7.39e-03 4.17e-12  7.84e-04    14s
  26   1.14710723e+04  1.17045015e+04  5.63e-03 5.22e-12  6.87e-04    14s
  27   1.15036773e+04  1.16730888e+04  4.10e-03 7.20e-12  4.98e-04    14s
  28   1.15175445e+04  1.16625565e+04  3.48e-03 5.55e-12  4.27e-04    15s
  29   1.15319646e+04  1.16391385e+04  2.73e-03 6.42e-12  3.16e-04    15s
  30   1.15492620e+04  1.16162389e+04  1.85e-03 4.29e-12  1.97e-04    15s
  31   1.15665327e+04  1.16078113e+04  9.67e-04 6.75e-12  1.21e-04    15s
  32   1.15719514e+04  1.16036143e+04  6.77e-04 5.22e-12  9.31e-05    16s
  33   1.15739788e+04  1.15996478e+04  5.78e-04 6.15e-12  7.55e-05    16s
  34   1.15742218e+04  1.15990885e+04  5.67e-04 8.80e-12  7.32e-05    16s
  35   1.15753778e+04  1.15984782e+04  5.12e-04 7.74e-12  6.80e-05    16s
  36   1.15812421e+04  1.15922030e+04  2.52e-04 4.25e-12  3.23e-05    16s
  37   1.15828364e+04  1.15901331e+04  1.78e-04 3.34e-12  2.15e-05    17s
  38   1.15838450e+04  1.15893922e+04  1.31e-04 3.92e-12  1.63e-05    17s
  39   1.15852715e+04  1.15879862e+04  6.40e-05 4.05e-12  8.00e-06    17s
  40   1.15862098e+04  1.15872728e+04  2.15e-05 4.84e-12  3.13e-06    17s
  41   1.15866127e+04  1.15868784e+04  4.17e-06 6.57e-12  7.81e-07    17s
  42   1.15866548e+04  1.15867859e+04  2.30e-06 4.40e-12  3.86e-07    17s
  43   1.15867096e+04  1.15867204e+04  9.79e-08 6.37e-12  3.14e-08    17s
  44   1.15867133e+04  1.15867133e+04  7.79e-11 8.01e-12  3.34e-11    18s

Barrier solved model in 44 iterations and 17.61 seconds (12.58 work units)
Optimal objective 1.15867133e+04

Crossover log...

   79690 DPushes remaining with DInf 0.0000000e+00                18s
     417 DPushes remaining with DInf 0.0000000e+00                20s
       0 DPushes remaining with DInf 0.0000000e+00                20s

   51870 PPushes remaining with PInf 0.0000000e+00                20s
       0 PPushes remaining with PInf 0.0000000e+00                21s

  Push phase complete: Pinf 0.0000000e+00, Dinf 2.2525759e-11     21s


Solved with barrier
Iteration    Objective       Primal Inf.    Dual Inf.      Time
  103188    1.1586749e+04   0.000000e+00   6.020214e+00     25s
Extra simplex iterations after uncrush: 4316
  103604    1.1586713e+04   0.000000e+00   0.000000e+00     26s

Use crossover to convert LP symmetric solution to basic solution...
Crossover log...

   42332 DPushes remaining with DInf 0.0000000e+00                26s
       0 DPushes remaining with DInf 0.0000000e+00                28s

    3346 PPushes remaining with PInf 0.0000000e+00                28s
       0 PPushes remaining with PInf 0.0000000e+00                28s

  Push phase complete: Pinf 0.0000000e+00, Dinf 8.2575613e-13     28s

Iteration    Objective       Primal Inf.    Dual Inf.      Time
  151305    1.1586713e+04   0.000000e+00   4.687729e+03     30s
  153713    1.1586721e+04   0.000000e+00   1.985515e+04     37s
  154917    1.1586724e+04   0.000000e+00   1.583272e+03     42s
  156121    1.1586725e+04   0.000000e+00   2.035225e+03     46s
  157325    1.1586725e+04   0.000000e+00   1.006977e+03     51s
  158529    1.1586726e+04   0.000000e+00   1.471780e+03     56s
  159733    1.1586726e+04   0.000000e+00   5.964244e+02     62s
  160937    1.1586726e+04   0.000000e+00   4.572216e+02     68s
  161539    1.1586726e+04   0.000000e+00   8.960284e+02     71s
  162743    1.1586727e+04   0.000000e+00   7.805048e+02     76s
  163947    1.1586727e+04   0.000000e+00   5.590039e+02     82s
  164549    1.1586727e+04   0.000000e+00   3.388064e+03     85s
  165753    1.1586727e+04   0.000000e+00   2.022772e+02     91s
  166957    1.1586727e+04   0.000000e+00   1.280134e+02     97s
  168161    1.1586727e+04   0.000000e+00   4.897934e+02    103s
  168763    1.1586727e+04   0.000000e+00   1.138990e+02    106s
  169967    1.1586727e+04   0.000000e+00   7.025256e+01    112s
  171171    1.1586727e+04   0.000000e+00   9.432697e+02    118s
  171773    1.1586727e+04   0.000000e+00   1.286720e+02    121s
  172975    1.1586727e+04   0.000000e+00   1.810647e+02    127s
  173575    1.1586727e+04   0.000000e+00   3.293881e+02    131s
  174777    1.1586727e+04   0.000000e+00   1.633281e+02    137s
  175379    1.1586727e+04   0.000000e+00   3.217323e+01    140s
  176583    1.1586727e+04   0.000000e+00   3.000195e+01    147s
  177185    1.1586727e+04   0.000000e+00   1.022137e+02    150s
  178357    1.1586728e+04   0.000000e+00   1.432478e+02    157s
  179517    1.1586728e+04   0.000000e+00   1.858816e+01    163s
  180057    1.1586728e+04   0.000000e+00   1.280430e+02    166s
  181197    1.1586728e+04   0.000000e+00   2.407817e+01    172s
  181777    1.1586728e+04   0.000000e+00   3.548943e+01    176s
  182907    1.1586728e+04   0.000000e+00   8.095271e+00    182s
  183477    1.1586728e+04   0.000000e+00   9.670905e+00    185s
  184557    1.1586728e+04   0.000000e+00   6.726142e+01    191s
  185597    1.1586728e+04   0.000000e+00   9.340612e+00    198s
  186097    1.1586728e+04   0.000000e+00   9.717389e+00    201s
  187147    1.1586728e+04   0.000000e+00   8.701061e+00    207s
  187637    1.1586728e+04   0.000000e+00   1.730694e+01    210s
  188567    1.1586728e+04   0.000000e+00   5.192346e+00    216s
  189517    1.1586728e+04   0.000000e+00   2.710709e+00    222s
  189967    1.1586728e+04   0.000000e+00   4.235152e+00    225s
  190807    1.1586728e+04   0.000000e+00   4.882402e-01    231s
  191647    1.1586728e+04   0.000000e+00   3.197125e+00    237s
  192447    1.1586728e+04   0.000000e+00   2.306578e-01    243s
  192857    1.1586728e+04   0.000000e+00   5.914483e-02    245s
Extra simplex iterations after uncrush: 43879
  193128    1.1586713e+04   0.000000e+00   0.000000e+00    248s

Solved in 193128 iterations and 247.79 seconds (475.93 work units)
Optimal objective  1.158671328e+04
