
Gurobi 10.0.1 (linux64) logging started Mon Mar 10 21:46:06 2025

Set parameter LogFile to value "Results/Conservative_experiment/c1_0.80_c2_0.60.log"
Set parameter TimeLimit to value 36000
Gurobi Optimizer version 10.0.1 build v10.0.1rc0 (linux64)

CPU model: AMD EPYC 9654 96-Core Processor, instruction set [SSE2|AVX|AVX2|AVX512]
Thread count: 192 physical cores, 192 logical processors, using up to 32 threads

Academic license 656792 - for non-commercial use only - registered to b.___@student.vu.nl
Optimize a model with 1498050 rows, 1622512 columns and 5976640 nonzeros
Model fingerprint: 0x954f88ee
Coefficient statistics:
  Matrix range     [6e-01, 1e+00]
  Objective range  [6e-02, 5e+00]
  Bounds range     [0e+00, 0e+00]
  RHS range        [1e-02, 1e+03]
Presolve removed 955510 rows and 878809 columns (presolve time = 5s) ...
Presolve removed 955510 rows and 878809 columns
Presolve time: 5.18s
Presolved: 542540 rows, 743703 columns, 2508755 nonzeros

Concurrent LP optimizer: primal simplex, dual simplex, and barrier
Showing barrier log only...

Ordering time: 1.39s

Barrier statistics:
 AA' NZ     : 1.721e+06
 Factor NZ  : 1.393e+07 (roughly 250 MB of memory)
 Factor Ops : 7.897e+09 (less than 1 second per iteration)
 Threads    : 30

                  Objective                Residual
Iter       Primal          Dual         Primal    Dual     Compl     Time
   0  -8.72761979e+06  1.29262073e+08  1.03e+06 8.39e+01  2.24e+04     8s
   1  -8.57473784e+06  1.11329288e+08  5.57e+05 1.40e+02  1.17e+04     8s
   2  -1.30416360e+07  8.38082064e+07  9.97e+04 7.07e+01  3.03e+03     8s
   3  -6.06528938e+07  2.95933787e+07  3.45e+04 1.73e+01  9.35e+02     9s
   4  -2.70610665e+07  7.60851182e+06  7.16e+03 2.49e+00  2.02e+02     9s
   5  -1.01850598e+07  2.55307236e+06  2.19e+03 4.90e-01  5.96e+01     9s
   6  -2.80957251e+06  9.08707719e+05  4.88e+02 6.51e-02  1.48e+01     9s
   7  -9.83597819e+05  3.79807178e+05  1.60e+02 5.09e-05  5.08e+00     9s
   8  -2.38140327e+05  1.61876676e+05  3.89e+01 2.50e-12  1.41e+00     9s
   9  -5.78875028e+04  7.13132187e+04  1.07e+01 1.99e-12  4.26e-01     9s
  10  -8.01205436e+03  4.31802450e+04  3.29e+00 1.61e-12  1.60e-01    10s
  11   2.49340068e+03  3.20620297e+04  1.52e+00 1.44e-12  9.03e-02    10s
  12   2.62548512e+03  2.81600704e+04  1.50e+00 1.66e-12  7.79e-02    10s
  13   4.34535091e+03  2.35569031e+04  1.23e+00 1.91e-12  5.84e-02    10s
  14   8.44322550e+03  1.88755452e+04  5.14e-01 1.77e-12  3.12e-02    10s
  15   9.61487895e+03  1.60525522e+04  3.13e-01 1.67e-12  1.92e-02    10s
  16   1.02907424e+04  1.38962169e+04  1.96e-01 1.41e-12  1.07e-02    10s
  17   1.06181234e+04  1.31021223e+04  1.41e-01 1.67e-12  7.39e-03    11s
  18   1.08791823e+04  1.25839404e+04  9.84e-02 2.25e-12  5.07e-03    11s
  19   1.10052914e+04  1.24745861e+04  7.81e-02 2.60e-12  4.36e-03    11s
  20   1.12891786e+04  1.21321540e+04  3.27e-02 1.90e-12  2.49e-03    11s
  21   1.13644639e+04  1.19801223e+04  2.31e-02 2.19e-12  1.82e-03    11s
  22   1.14114494e+04  1.19630056e+04  2.05e-02 2.21e-12  1.63e-03    11s
  23   1.14179234e+04  1.19293881e+04  2.00e-02 2.05e-12  1.51e-03    11s
  24   1.14187635e+04  1.19037791e+04  1.90e-02 2.39e-12  1.43e-03    12s
  25   1.14584285e+04  1.18698501e+04  1.61e-02 3.12e-06  1.22e-03    12s
  26   1.14705615e+04  1.18079188e+04  1.44e-02 2.51e-06  9.98e-04    12s
  27   1.15121037e+04  1.17704889e+04  9.75e-03 2.16e-06  7.63e-04    12s
  28   1.15266442e+04  1.17419314e+04  8.34e-03 1.62e-06  6.36e-04    12s
  29   1.15517418e+04  1.17196497e+04  6.02e-03 3.62e-07  4.95e-04    12s
  30   1.15593393e+04  1.17155634e+04  5.53e-03 3.24e-07  4.61e-04    13s
  31   1.15627608e+04  1.17027925e+04  4.88e-03 2.92e-07  4.13e-04    13s
  32   1.15786574e+04  1.16927939e+04  3.20e-03 1.94e-12  3.36e-04    13s
  33   1.15820128e+04  1.16748863e+04  2.90e-03 2.03e-12  2.74e-04    13s
  34   1.15838669e+04  1.16713374e+04  2.72e-03 2.26e-12  2.58e-04    13s
  35   1.15853073e+04  1.16574759e+04  2.52e-03 1.80e-12  2.13e-04    14s
  36   1.15888991e+04  1.16530192e+04  2.20e-03 1.92e-12  1.89e-04    14s
  37   1.15911167e+04  1.16479911e+04  2.05e-03 1.90e-12  1.68e-04    14s
  38   1.15940880e+04  1.16473924e+04  1.90e-03 2.78e-12  1.57e-04    14s
  39   1.15998252e+04  1.16457591e+04  1.59e-03 2.42e-12  1.35e-04    14s
  40   1.16066464e+04  1.16423852e+04  1.26e-03 2.12e-12  1.05e-04    15s
  41   1.16103672e+04  1.16392730e+04  1.07e-03 2.34e-12  8.54e-05    15s
  42   1.16113973e+04  1.16365501e+04  1.00e-03 2.18e-12  7.44e-05    15s
  43   1.16131392e+04  1.16357013e+04  8.15e-04 2.14e-12  6.66e-05    15s
  44   1.16139511e+04  1.16351258e+04  7.57e-04 2.31e-12  6.25e-05    15s
  45   1.16149809e+04  1.16338344e+04  6.92e-04 2.35e-12  5.57e-05    16s
  46   1.16162245e+04  1.16301504e+04  5.31e-04 2.14e-12  4.11e-05    16s
  47   1.16192905e+04  1.16269968e+04  1.45e-04 2.72e-12  2.26e-05    16s
  48   1.16203008e+04  1.16245065e+04  2.19e-05 2.28e-12  1.23e-05    16s
  49   1.16205218e+04  1.16223255e+04  8.74e-06 4.14e-12  5.27e-06    17s
  50   1.16206312e+04  1.16215919e+04  2.78e-06 3.44e-12  2.80e-06    17s
  51   1.16206608e+04  1.16215064e+04  1.28e-06 3.83e-12  2.47e-06    17s
  52   1.16206806e+04  1.16209995e+04  3.85e-07 4.61e-12  9.30e-07    17s
  53   1.16206818e+04  1.16209609e+04  3.50e-07 6.19e-12  8.14e-07    17s
  54   1.16206856e+04  1.16207812e+04  2.45e-07 6.71e-12  2.80e-07    17s
  55   1.16206885e+04  1.16207380e+04  1.77e-07 7.45e-12  1.45e-07    17s
  56   1.16206923e+04  1.16207189e+04  8.56e-08 9.31e-12  7.77e-08    18s
  57   1.16206933e+04  1.16207117e+04  6.25e-08 9.05e-12  5.38e-08    18s
  58   1.16206949e+04  1.16207064e+04  2.54e-08 1.02e-11  3.36e-08    18s
  59   1.16206960e+04  1.16206981e+04  2.50e-09 1.18e-11  6.14e-09    18s
  60   1.16206961e+04  1.16206963e+04  3.43e-08 1.64e-11  4.62e-10    18s
  61   1.16206962e+04  1.16206962e+04  1.39e-08 1.68e-11  3.47e-12    18s

Barrier solved model in 61 iterations and 18.36 seconds (15.22 work units)
Optimal objective 1.16206962e+04

Crossover log...

   30235 DPushes remaining with DInf 0.0000000e+00                19s
       0 DPushes remaining with DInf 0.0000000e+00                19s

  105410 PPushes remaining with PInf 0.0000000e+00                19s
       0 PPushes remaining with PInf 0.0000000e+00                20s

  Push phase complete: Pinf 0.0000000e+00, Dinf 1.9131807e-11     20s


Solved with barrier
Iteration    Objective       Primal Inf.    Dual Inf.      Time
  134068    1.1620696e+04   0.000000e+00   1.009850e+03     20s
Extra simplex iterations after uncrush: 1628
  135051    1.1620696e+04   0.000000e+00   0.000000e+00     21s

Use crossover to convert LP symmetric solution to basic solution...
Crossover log...

   10676 DPushes remaining with DInf 0.0000000e+00                21s
       0 DPushes remaining with DInf 0.0000000e+00                21s

    8482 PPushes remaining with PInf 0.0000000e+00                21s
       0 PPushes remaining with PInf 0.0000000e+00                22s

  Push phase complete: Pinf 0.0000000e+00, Dinf 3.6556591e-12     22s

Iteration    Objective       Primal Inf.    Dual Inf.      Time
  157815    1.1620697e+04   0.000000e+00   1.030065e+02     27s
  158478    1.1620696e+04   0.000000e+00   0.000000e+00     30s
Extra simplex iterations after uncrush: 4273

Solved in 158478 iterations and 30.28 seconds (39.81 work units)
Optimal objective  1.162069615e+04
