
Gurobi 10.0.1 (linux64) logging started Mon Mar 10 21:36:30 2025

Set parameter LogFile to value "Results/Conservative_experiment/c1_0.10_c2_0.10.log"
Set parameter TimeLimit to value 36000
Gurobi Optimizer version 10.0.1 build v10.0.1rc0 (linux64)

CPU model: AMD EPYC 9654 96-Core Processor, instruction set [SSE2|AVX|AVX2|AVX512]
Thread count: 192 physical cores, 192 logical processors, using up to 32 threads

Academic license 656792 - for non-commercial use only - registered to b.___@student.vu.nl
Optimize a model with 1498050 rows, 1622512 columns and 5976640 nonzeros
Model fingerprint: 0xaf6ebf83
Coefficient statistics:
  Matrix range     [1e-01, 1e+00]
  Objective range  [6e-02, 5e+00]
  Bounds range     [0e+00, 0e+00]
  RHS range        [1e-02, 1e+03]
Presolve removed 955510 rows and 878809 columns (presolve time = 5s) ...
Presolve removed 955510 rows and 878809 columns
Presolve time: 5.19s
Presolved: 542540 rows, 743703 columns, 2508755 nonzeros

Concurrent LP optimizer: primal simplex, dual simplex, and barrier
Showing barrier log only...

Ordering time: 1.35s

Barrier statistics:
 AA' NZ     : 1.721e+06
 Factor NZ  : 1.393e+07 (roughly 250 MB of memory)
 Factor Ops : 7.897e+09 (less than 1 second per iteration)
 Threads    : 30

                  Objective                Residual
Iter       Primal          Dual         Primal    Dual     Compl     Time
   0  -1.34095762e+07  2.17711753e+08  9.23e+05 2.42e+02  3.14e+04     8s
   1  -1.00646217e+07  1.57808596e+08  3.32e+05 1.55e+02  1.03e+04     8s
   2  -9.85927250e+06  6.80945900e+07  8.44e+04 3.12e+01  2.64e+03     8s
   3  -1.73477161e+07  4.44696979e+07  1.61e+04 1.85e+01  7.44e+02     9s
   4  -1.65098455e+07  1.33812741e+07  7.73e+03 4.33e+00  3.04e+02     9s
   5  -1.08800971e+07  5.09755270e+06  3.84e+03 1.18e+00  1.40e+02     9s
   6  -4.64644728e+06  2.11839995e+06  1.21e+03 1.85e-01  4.72e+01     9s
   7  -9.55465241e+05  7.69192302e+05  1.95e+02 5.69e-04  9.23e+00     9s
   8  -2.72895409e+05  4.13402365e+05  5.41e+01 1.27e-11  3.16e+00     9s
   9  -6.58235665e+04  2.78067352e+05  1.63e+01 9.09e-12  1.37e+00     9s
  10  -2.45977785e+04  1.19729263e+05  8.37e+00 3.23e-12  5.74e-01    10s
  11  -9.80986178e+03  7.15708710e+04  5.09e+00 3.32e-12  3.08e-01    10s
  12  -2.35301718e+02  4.38983687e+04  2.67e+00 4.77e-12  1.55e-01    10s
  13   4.80999869e+03  3.54752588e+04  1.45e+00 5.46e-12  1.01e-01    10s
  14   5.10903399e+03  2.66479013e+04  1.38e+00 5.35e-12  7.15e-02    10s
  15   9.22900875e+03  2.00659585e+04  3.48e-01 5.91e-12  3.31e-02    10s
  16   9.96705557e+03  1.51391817e+04  2.18e-01 5.09e-12  1.57e-02    10s
  17   1.04093519e+04  1.40288050e+04  1.51e-01 5.14e-12  1.09e-02    11s
  18   1.07742154e+04  1.29790900e+04  9.74e-02 3.72e-12  6.61e-03    11s
  19   1.10083282e+04  1.26765199e+04  6.43e-02 4.77e-12  4.98e-03    11s
  20   1.12703807e+04  1.20569541e+04  2.72e-02 6.67e-12  2.33e-03    11s
  21   1.13415275e+04  1.18486261e+04  1.80e-02 4.42e-12  1.50e-03    11s
  22   1.13879623e+04  1.17123183e+04  1.23e-02 8.39e-12  9.63e-04    11s
  23   1.14108199e+04  1.16901026e+04  9.65e-03 5.29e-12  8.28e-04    11s
  24   1.14140717e+04  1.16685969e+04  9.34e-03 5.74e-12  7.55e-04    12s
  25   1.14227999e+04  1.16218424e+04  8.20e-03 7.47e-12  5.92e-04    12s
  26   1.14416425e+04  1.16165704e+04  5.91e-03 6.41e-12  5.18e-04    12s
  27   1.14626160e+04  1.15656132e+04  3.48e-03 6.48e-12  3.05e-04    12s
  28   1.14735614e+04  1.15554572e+04  2.57e-03 6.43e-12  2.42e-04    12s
  29   1.14803127e+04  1.15484424e+04  2.22e-03 8.02e-12  2.02e-04    12s
  30   1.14893004e+04  1.15466846e+04  1.74e-03 8.66e-12  1.70e-04    13s
  31   1.14955145e+04  1.15458050e+04  1.42e-03 1.08e-11  1.49e-04    13s
  32   1.15079272e+04  1.15408367e+04  7.92e-04 7.40e-12  9.70e-05    13s
  33   1.15177691e+04  1.15290274e+04  2.10e-04 5.38e-12  3.31e-05    13s
  34   1.15214989e+04  1.15228085e+04  1.13e-05 5.23e-12  3.83e-06    13s
  35   1.15217576e+04  1.15218353e+04  7.97e-07 6.59e-12  2.28e-07    14s
  36   1.15217770e+04  1.15217915e+04  9.76e-08 5.51e-12  4.24e-08    14s
  37   1.15217797e+04  1.15217806e+04  8.94e-09 4.28e-12  2.66e-09    14s
  38   1.15217800e+04  1.15217800e+04  1.39e-09 7.28e-12  1.25e-10    14s

Barrier solved model in 38 iterations and 14.03 seconds (11.87 work units)
Optimal objective 1.15217800e+04

Crossover log...

   77230 DPushes remaining with DInf 0.0000000e+00                14s
    8223 DPushes remaining with DInf 0.0000000e+00                15s
       0 DPushes remaining with DInf 0.0000000e+00                16s

   51811 PPushes remaining with PInf 1.8390460e-05                16s
       0 PPushes remaining with PInf 0.0000000e+00                17s

  Push phase complete: Pinf 0.0000000e+00, Dinf 4.7409077e-11     17s


Solved with barrier
Iteration    Objective       Primal Inf.    Dual Inf.      Time
  101215    1.1521813e+04   0.000000e+00   5.659584e+03     20s
  104870    1.1521823e+04   0.000000e+00   2.185276e+03     25s
  108310    1.1521829e+04   0.000000e+00   1.135309e+04     30s
  111535    1.1521833e+04   0.000000e+00   4.300166e+02     35s
  114760    1.1521835e+04   0.000000e+00   6.428203e+02     40s
  117985    1.1521837e+04   0.000000e+00   1.223337e+02     45s
  120995    1.1521838e+04   0.000000e+00   1.578248e+02     50s
  123745    1.1521839e+04   0.000000e+00   2.910496e+01     55s
Extra simplex iterations after uncrush: 27916
  125906    1.1521780e+04   0.000000e+00   0.000000e+00     59s

Use crossover to convert LP symmetric solution to basic solution...
Crossover log...

   42461 DPushes remaining with DInf 0.0000000e+00                60s
   24279 DPushes remaining with DInf 0.0000000e+00                60s
       0 DPushes remaining with DInf 0.0000000e+00                61s

    2703 PPushes remaining with PInf 0.0000000e+00                61s
       0 PPushes remaining with PInf 0.0000000e+00                61s

  Push phase complete: Pinf 0.0000000e+00, Dinf 9.6669287e-13     61s

Iteration    Objective       Primal Inf.    Dual Inf.      Time
  174833    1.1521799e+04   0.000000e+00   5.896313e+03     66s
  176639    1.1521807e+04   0.000000e+00   1.617385e+06     72s
  177843    1.1521810e+04   0.000000e+00   9.713490e+03     75s
  179649    1.1521814e+04   0.000000e+00   1.274542e+04     82s
  180853    1.1521816e+04   0.000000e+00   1.068089e+04     87s
  182057    1.1521818e+04   0.000000e+00   1.703666e+04     92s
  183261    1.1521820e+04   0.000000e+00   8.206916e+03     96s
  184465    1.1521822e+04   0.000000e+00   7.238001e+03    100s
  186271    1.1521823e+04   0.000000e+00   5.196108e+03    107s
  187475    1.1521824e+04   0.000000e+00   3.110920e+04    112s
  188679    1.1521825e+04   0.000000e+00   1.222763e+04    117s
  189883    1.1521826e+04   0.000000e+00   1.706825e+04    122s
  191087    1.1521826e+04   0.000000e+00   5.815824e+03    127s
  191689    1.1521827e+04   0.000000e+00   6.662514e+03    130s
  192893    1.1521827e+04   0.000000e+00   2.727614e+03    136s
  194097    1.1521828e+04   0.000000e+00   3.152740e+03    141s
  195301    1.1521829e+04   0.000000e+00   4.808075e+03    147s
  196493    1.1521829e+04   0.000000e+00   1.970166e+03    153s
  197095    1.1521829e+04   0.000000e+00   1.700164e+04    155s
  198299    1.1521830e+04   0.000000e+00   1.921585e+03    161s
  199503    1.1521830e+04   0.000000e+00   1.000420e+04    167s
  200105    1.1521830e+04   0.000000e+00   4.879920e+03    170s
  201309    1.1521830e+04   0.000000e+00   1.123134e+04    176s
  202511    1.1521831e+04   0.000000e+00   5.472836e+03    182s
  203111    1.1521831e+04   0.000000e+00   6.196094e+03    185s
  204293    1.1521831e+04   0.000000e+00   4.725498e+03    191s
  205497    1.1521831e+04   0.000000e+00   8.833463e+02    197s
  206099    1.1521831e+04   0.000000e+00   1.944216e+03    200s
  207303    1.1521831e+04   0.000000e+00   7.681280e+03    206s
  208507    1.1521832e+04   0.000000e+00   2.291538e+03    212s
  209097    1.1521832e+04   0.000000e+00   2.713241e+03    216s
  210217    1.1521832e+04   0.000000e+00   8.749245e+02    222s
  211367    1.1521832e+04   0.000000e+00   9.772386e+02    228s
  211957    1.1521832e+04   0.000000e+00   8.936810e+02    231s
  213147    1.1521832e+04   0.000000e+00   2.310121e+03    237s
  213717    1.1521832e+04   0.000000e+00   7.590020e+02    240s
  214817    1.1521832e+04   0.000000e+00   6.786043e+02    246s
  215907    1.1521832e+04   0.000000e+00   1.763268e+03    253s
  216457    1.1521832e+04   0.000000e+00   6.234236e+02    256s
  217507    1.1521832e+04   0.000000e+00   1.492187e+03    262s
  218577    1.1521832e+04   0.000000e+00   3.631099e+02    268s
  219117    1.1521832e+04   0.000000e+00   1.174779e+03    271s
  220207    1.1521832e+04   0.000000e+00   2.357344e+02    277s
  221317    1.1521832e+04   0.000000e+00   3.420022e+02    283s
  221887    1.1521832e+04   0.000000e+00   6.615623e+02    286s
  222957    1.1521833e+04   0.000000e+00   2.152858e+02    292s
  223527    1.1521833e+04   0.000000e+00   2.077062e+03    295s
  224667    1.1521833e+04   0.000000e+00   3.478007e+03    301s
  225757    1.1521833e+04   0.000000e+00   2.706175e+02    307s
  226277    1.1521833e+04   0.000000e+00   2.799909e+02    310s
  227287    1.1521833e+04   0.000000e+00   2.299199e+02    317s
  228337    1.1521833e+04   0.000000e+00   4.741696e+02    323s
  228827    1.1521833e+04   0.000000e+00   2.815914e+02    326s
  229867    1.1521833e+04   0.000000e+00   2.372535e+02    332s
  230947    1.1521833e+04   0.000000e+00   3.855131e+02    338s
  231467    1.1521833e+04   0.000000e+00   4.057535e+02    341s
  232537    1.1521833e+04   0.000000e+00   1.823014e+02    347s
  233557    1.1521833e+04   0.000000e+00   1.803887e+02    353s
  234087    1.1521833e+04   0.000000e+00   2.202294e+02    356s
  235137    1.1521833e+04   0.000000e+00   3.895490e+02    362s
  236137    1.1521833e+04   0.000000e+00   1.361479e+02    368s
  236637    1.1521833e+04   0.000000e+00   4.292038e+01    370s
  237657    1.1521833e+04   0.000000e+00   6.105664e+02    376s
  238657    1.1521833e+04   0.000000e+00   1.558709e+02    382s
  239177    1.1521833e+04   0.000000e+00   7.504094e+01    385s
  240187    1.1521833e+04   0.000000e+00   1.210329e+02    391s
  241227    1.1521833e+04   0.000000e+00   8.274073e+01    397s
  241717    1.1521833e+04   0.000000e+00   6.473454e+01    400s
  242727    1.1521833e+04   0.000000e+00   1.166246e+02    406s
  243747    1.1521833e+04   0.000000e+00   1.144095e+02    412s
  244787    1.1521833e+04   0.000000e+00   7.550858e+01    418s
  245307    1.1521833e+04   0.000000e+00   1.837705e+02    421s
  246327    1.1521833e+04   0.000000e+00   3.447684e+01    427s
  247327    1.1521833e+04   0.000000e+00   1.590823e+02    433s
  247817    1.1521833e+04   0.000000e+00   1.179593e+02    435s
  248807    1.1521833e+04   0.000000e+00   1.284078e+02    441s
  249777    1.1521833e+04   0.000000e+00   1.936778e+01    447s
  250767    1.1521833e+04   0.000000e+00   3.470476e+01    453s
  251257    1.1521833e+04   0.000000e+00   3.103793e+01    456s
  252217    1.1521833e+04   0.000000e+00   4.289037e+01    462s
  253177    1.1521833e+04   0.000000e+00   7.378736e+01    467s
  253657    1.1521833e+04   0.000000e+00   9.186738e+01    470s
  254607    1.1521833e+04   0.000000e+00   2.653752e+01    476s
  255547    1.1521833e+04   0.000000e+00   4.504967e+00    482s
  256487    1.1521833e+04   0.000000e+00   1.094258e+01    487s
  256957    1.1521833e+04   0.000000e+00   5.882239e+01    490s
  257897    1.1521833e+04   0.000000e+00   1.437382e+01    496s
  258807    1.1521833e+04   0.000000e+00   2.929121e+01    502s
  259717    1.1521833e+04   0.000000e+00   1.276274e+02    508s
  260187    1.1521833e+04   0.000000e+00   1.474862e+01    510s
  261067    1.1521833e+04   0.000000e+00   9.828979e+00    516s
  261937    1.1521833e+04   0.000000e+00   2.539068e+01    522s
  262847    1.1521833e+04   0.000000e+00   1.832157e+01    527s
  263727    1.1521833e+04   0.000000e+00   1.216678e+01    533s
  264157    1.1521833e+04   0.000000e+00   7.058019e+00    536s
  265037    1.1521833e+04   0.000000e+00   7.343831e+00    541s
  265917    1.1521833e+04   0.000000e+00   3.460441e+00    547s
  266777    1.1521833e+04   0.000000e+00   4.220794e+00    552s
  267627    1.1521833e+04   0.000000e+00   5.363434e+00    558s
  268047    1.1521833e+04   0.000000e+00   1.567043e+00    560s
  268847    1.1521833e+04   0.000000e+00   5.082823e+00    566s
  269607    1.1521833e+04   0.000000e+00   1.341086e+00    571s
  270357    1.1521833e+04   0.000000e+00   1.638642e+00    576s
  271097    1.1521833e+04   0.000000e+00   3.423979e+00    581s
  271827    1.1521833e+04   0.000000e+00   9.237677e-01    587s
  272537    1.1521833e+04   0.000000e+00   2.372533e+00    592s
  273217    1.1521833e+04   0.000000e+00   3.142695e-01    597s
  273847    1.1521833e+04   0.000000e+00   6.464591e-01    602s
  274497    1.1521833e+04   0.000000e+00   1.136268e-01    607s
  275137    1.1521833e+04   0.000000e+00   7.356938e-02    612s
  275747    1.1521833e+04   0.000000e+00   1.450211e-02    617s
  276222    1.1521780e+04   0.000000e+00   0.000000e+00    622s
Extra simplex iterations after uncrush: 105185

Solved in 276222 iterations and 621.76 seconds (1368.12 work units)
Optimal objective  1.152178004e+04
