
Gurobi 10.0.1 (linux64) logging started Mon Mar 10 21:36:59 2025

Set parameter LogFile to value "Results/Conservative_experiment/c1_0.50_c2_0.30.log"
Set parameter TimeLimit to value 36000
Gurobi Optimizer version 10.0.1 build v10.0.1rc0 (linux64)

CPU model: AMD EPYC 9654 96-Core Processor, instruction set [SSE2|AVX|AVX2|AVX512]
Thread count: 192 physical cores, 192 logical processors, using up to 32 threads

Academic license 656792 - for non-commercial use only - registered to b.___@student.vu.nl
Optimize a model with 1498050 rows, 1622512 columns and 5976640 nonzeros
Model fingerprint: 0x26c382b9
Coefficient statistics:
  Matrix range     [3e-01, 1e+00]
  Objective range  [6e-02, 5e+00]
  Bounds range     [0e+00, 0e+00]
  RHS range        [1e-02, 1e+03]
Presolve removed 955510 rows and 878809 columns (presolve time = 5s) ...
Presolve removed 955510 rows and 878809 columns
Presolve time: 5.19s
Presolved: 542540 rows, 743703 columns, 2508755 nonzeros

Concurrent LP optimizer: primal simplex, dual simplex, and barrier
Showing barrier log only...

Ordering time: 1.38s

Barrier statistics:
 AA' NZ     : 1.721e+06
 Factor NZ  : 1.393e+07 (roughly 250 MB of memory)
 Factor Ops : 7.897e+09 (less than 1 second per iteration)
 Threads    : 30

                  Objective                Residual
Iter       Primal          Dual         Primal    Dual     Compl     Time
   0  -1.20990707e+07  1.39579949e+08  9.19e+05 1.21e+02  2.81e+04     8s
   1  -1.09468755e+07  1.12921838e+08  3.73e+05 8.96e+01  1.02e+04     8s
   2  -1.40758063e+07  7.08663741e+07  8.60e+04 3.09e+01  2.66e+03     8s
   3  -2.92561105e+07  6.24239868e+07  2.67e+04 2.89e+01  1.32e+03     9s
   4  -3.90931459e+07  1.48190489e+07  1.12e+04 4.82e+00  4.30e+02     9s
   5  -1.99611835e+07  4.70965137e+06  4.33e+03 1.06e+00  1.53e+02     9s
   6  -7.33205006e+06  1.95652801e+06  1.18e+03 2.33e-01  4.67e+01     9s
   7  -2.89460386e+06  7.97932922e+05  4.29e+02 2.24e-02  1.69e+01     9s
   8  -3.69244759e+05  3.27246756e+05  3.79e+01 2.45e-03  2.61e+00     9s
   9  -6.97198979e+04  1.79450776e+05  8.56e+00 1.28e-04  8.64e-01     9s
  10  -2.47846264e+04  9.48988903e+04  4.96e+00 2.16e-12  4.05e-01    10s
  11  -8.16560343e+03  5.72788710e+04  2.84e+00 2.58e-12  2.12e-01    10s
  12   6.95571420e+02  4.12587734e+04  1.64e+00 1.85e-12  1.28e-01    10s
  13   5.00466804e+03  3.35959794e+04  9.18e-01 2.75e-12  8.79e-02    10s
  14   5.19567450e+03  2.82024429e+04  8.90e-01 2.16e-12  7.07e-02    10s
  15   9.30174680e+03  1.87211624e+04  2.28e-01 2.86e-12  2.81e-02    10s
  16   9.87152406e+03  1.49204307e+04  1.64e-01 2.88e-12  1.50e-02    11s
  17   1.04886902e+04  1.33790786e+04  9.91e-02 2.66e-12  8.60e-03    11s
  18   1.07296408e+04  1.27223903e+04  7.48e-02 2.99e-12  5.93e-03    11s
  19   1.08628152e+04  1.23426897e+04  6.17e-02 4.58e-12  4.41e-03    11s
  20   1.09735107e+04  1.21525821e+04  5.07e-02 3.06e-12  3.52e-03    11s
  21   1.11612484e+04  1.19195089e+04  3.26e-02 3.30e-12  2.26e-03    11s
  22   1.13102690e+04  1.18373187e+04  1.92e-02 3.84e-12  1.57e-03    11s
  23   1.13586920e+04  1.17749643e+04  1.56e-02 3.05e-12  1.24e-03    12s
  24   1.13909314e+04  1.17656500e+04  1.34e-02 3.13e-12  1.11e-03    12s
  25   1.14242998e+04  1.17593391e+04  1.20e-02 4.26e-12  9.95e-04    12s
  26   1.14465297e+04  1.17348772e+04  1.10e-02 5.33e-12  8.57e-04    12s
  27   1.14774282e+04  1.17117112e+04  9.04e-03 4.00e-12  6.97e-04    12s
  28   1.15159349e+04  1.16869062e+04  6.12e-03 3.64e-12  5.08e-04    13s
  29   1.15417989e+04  1.16719971e+04  4.21e-03 2.91e-12  3.86e-04    13s
  30   1.15543453e+04  1.16656112e+04  3.25e-03 3.84e-12  3.29e-04    13s
  31   1.15625461e+04  1.16590884e+04  2.77e-03 5.13e-12  2.86e-04    13s
  32   1.15766102e+04  1.16453357e+04  1.79e-03 3.59e-12  2.03e-04    14s
  33   1.15832568e+04  1.16404154e+04  1.53e-03 3.45e-12  1.69e-04    14s
  34   1.15857647e+04  1.16333378e+04  1.33e-03 3.85e-12  1.41e-04    14s
  35   1.15909950e+04  1.16277049e+04  1.03e-03 3.85e-12  1.09e-04    14s
  36   1.15926653e+04  1.16247175e+04  9.51e-04 3.87e-12  9.49e-05    14s
  37   1.15942866e+04  1.16225637e+04  8.64e-04 3.53e-12  8.38e-05    14s
  38   1.15977799e+04  1.16188243e+04  6.05e-04 3.76e-12  6.23e-05    15s
  39   1.15997555e+04  1.16177361e+04  4.90e-04 3.81e-12  5.32e-05    15s
  40   1.16006626e+04  1.16163579e+04  4.44e-04 2.95e-12  4.64e-05    15s
  41   1.16024941e+04  1.16154489e+04  3.55e-04 2.94e-12  3.83e-05    15s
  42   1.16030271e+04  1.16149285e+04  3.30e-04 3.29e-12  3.52e-05    16s
  43   1.16043184e+04  1.16141751e+04  2.70e-04 3.38e-12  2.92e-05    16s
  44   1.16086266e+04  1.16131678e+04  9.49e-05 3.67e-12  1.34e-05    16s
  45   1.16101365e+04  1.16118207e+04  2.90e-05 2.92e-12  4.96e-06    16s
  46   1.16107564e+04  1.16113923e+04  3.88e-06 5.03e-12  1.86e-06    16s
  47   1.16107555e+04  1.16110673e+04  3.53e-06 6.47e-12  9.14e-07    17s
  48   1.16108443e+04  1.16110460e+04  1.19e-06 5.70e-12  5.90e-07    17s
  49   1.16108736e+04  1.16109454e+04  3.86e-07 5.88e-12  2.10e-07    17s
  50   1.16108874e+04  1.16109320e+04  3.92e-08 5.07e-12  1.30e-07    17s
  51   1.16108879e+04  1.16109263e+04  3.54e-08 5.64e-12  1.12e-07    17s
  52   1.16108901e+04  1.16109002e+04  8.72e-09 6.39e-12  2.95e-08    17s
  53   1.16108907e+04  1.16108932e+04  2.63e-09 1.05e-11  7.35e-09    18s
  54   1.16108910e+04  1.16108910e+04  9.51e-09 1.37e-11  1.41e-10    18s

Barrier solved model in 54 iterations and 17.80 seconds (14.55 work units)
Optimal objective 1.16108910e+04

Crossover log...

   78050 DPushes remaining with DInf 0.0000000e+00                18s
       0 DPushes remaining with DInf 0.0000000e+00                19s

   52001 PPushes remaining with PInf 1.2435141e-05                19s
       0 PPushes remaining with PInf 0.0000000e+00                19s

  Push phase complete: Pinf 0.0000000e+00, Dinf 2.2842672e-11     19s


Solved with barrier
Iteration    Objective       Primal Inf.    Dual Inf.      Time
   98119    1.1610926e+04   0.000000e+00   2.193229e+01     20s
Extra simplex iterations after uncrush: 2004
   98591    1.1610891e+04   0.000000e+00   0.000000e+00     21s

Use crossover to convert LP symmetric solution to basic solution...
Crossover log...

   42347 DPushes remaining with DInf 0.0000000e+00                21s
       0 DPushes remaining with DInf 0.0000000e+00                22s

    4632 PPushes remaining with PInf 0.0000000e+00                22s
       0 PPushes remaining with PInf 0.0000000e+00                22s

  Push phase complete: Pinf 0.0000000e+00, Dinf 9.6006883e-13     22s

Iteration    Objective       Primal Inf.    Dual Inf.      Time
  148924    1.1610894e+04   0.000000e+00   1.427213e+03     26s
  151332    1.1610895e+04   0.000000e+00   8.666077e+01     31s
  153740    1.1610896e+04   0.000000e+00   8.735633e+01     36s
  155546    1.1610896e+04   0.000000e+00   1.492307e+01     41s
Extra simplex iterations after uncrush: 10546
  156108    1.1610891e+04   0.000000e+00   0.000000e+00     43s

Solved in 156108 iterations and 43.26 seconds (70.29 work units)
Optimal objective  1.161089104e+04
