
Gurobi 10.0.1 (linux64) logging started Mon Mar 10 21:46:06 2025

Set parameter LogFile to value "Results/Conservative_experiment/c1_0.80_c2_0.50.log"
Set parameter TimeLimit to value 36000
Gurobi Optimizer version 10.0.1 build v10.0.1rc0 (linux64)

CPU model: AMD EPYC 9654 96-Core Processor, instruction set [SSE2|AVX|AVX2|AVX512]
Thread count: 192 physical cores, 192 logical processors, using up to 32 threads

Academic license 656792 - for non-commercial use only - registered to b.___@student.vu.nl
Optimize a model with 1498050 rows, 1622512 columns and 5976640 nonzeros
Model fingerprint: 0xc3940ff4
Coefficient statistics:
  Matrix range     [5e-01, 1e+00]
  Objective range  [6e-02, 5e+00]
  Bounds range     [0e+00, 0e+00]
  RHS range        [1e-02, 1e+03]
Presolve removed 955510 rows and 878809 columns (presolve time = 5s) ...
Presolve removed 955510 rows and 878809 columns
Presolve time: 5.17s
Presolved: 542540 rows, 743703 columns, 2508755 nonzeros

Concurrent LP optimizer: primal simplex, dual simplex, and barrier
Showing barrier log only...

Ordering time: 2.54s

Barrier statistics:
 AA' NZ     : 1.721e+06
 Factor NZ  : 1.393e+07 (roughly 250 MB of memory)
 Factor Ops : 7.897e+09 (less than 1 second per iteration)
 Threads    : 30

                  Objective                Residual
Iter       Primal          Dual         Primal    Dual     Compl     Time
   0  -1.19923986e+07  1.14322967e+08  9.92e+05 8.52e+01  2.25e+04     9s
   1  -1.08481335e+07  9.87469760e+07  4.78e+05 1.20e+02  1.02e+04    10s
   2  -1.42547387e+07  7.27701868e+07  8.95e+04 5.69e+01  2.65e+03    10s
   3  -9.39082635e+07  2.80800341e+07  2.94e+04 1.49e+01  9.79e+02    10s
   4  -3.55682597e+07  6.31239215e+06  6.48e+03 1.52e+00  2.10e+02    11s
   5  -1.19324188e+07  2.07435262e+06  1.86e+03 7.55e-02  5.92e+01    11s
   6  -3.19857523e+06  8.07854295e+05  4.36e+02 4.85e-03  1.53e+01    11s
   7  -1.12890755e+06  3.52985257e+05  1.45e+02 7.94e-04  5.37e+00    11s
   8  -2.75903052e+05  1.61803590e+05  3.46e+01 1.59e-12  1.51e+00    11s
   9  -8.06133708e+04  7.89657182e+04  1.19e+01 2.02e-12  5.30e-01    11s
  10  -1.96956587e+04  4.65889872e+04  3.84e+00 1.76e-12  2.08e-01    12s
  11  -4.02910141e+03  3.24297459e+04  1.84e+00 1.45e-12  1.11e-01    12s
  12   3.71530556e+03  2.96387234e+04  9.45e-01 1.55e-12  7.79e-02    12s
  13   3.92150296e+03  2.59444294e+04  9.24e-01 1.72e-12  6.62e-02    12s
  14   7.16187248e+03  1.87790466e+04  5.14e-01 1.79e-12  3.46e-02    12s
  15   9.61416269e+03  1.58682141e+04  2.26e-01 1.91e-12  1.85e-02    12s
  16   1.02283159e+04  1.36870604e+04  1.51e-01 1.48e-12  1.02e-02    12s
  17   1.05484576e+04  1.28430566e+04  1.12e-01 1.90e-12  6.80e-03    13s
  18   1.09213373e+04  1.23527978e+04  6.78e-02 2.30e-12  4.24e-03    13s
  19   1.11625848e+04  1.21070458e+04  3.97e-02 1.81e-12  2.79e-03    13s
  20   1.12447452e+04  1.19643611e+04  3.08e-02 1.55e-12  2.13e-03    13s
  21   1.12831279e+04  1.19227825e+04  2.70e-02 2.54e-12  1.89e-03    13s
  22   1.13180637e+04  1.19008802e+04  2.46e-02 2.42e-12  1.72e-03    13s
  23   1.13510249e+04  1.18869267e+04  2.27e-02 1.95e-12  1.58e-03    14s
  24   1.13966792e+04  1.18678632e+04  1.96e-02 1.74e-12  1.39e-03    14s
  25   1.14289111e+04  1.18018155e+04  1.56e-02 1.91e-12  1.10e-03    14s
  26   1.14856491e+04  1.17698002e+04  1.05e-02 1.73e-12  8.38e-04    14s
  27   1.15233048e+04  1.17354102e+04  7.34e-03 2.33e-12  6.25e-04    14s
  28   1.15425097e+04  1.17153822e+04  5.88e-03 1.93e-12  5.10e-04    15s
  29   1.15455884e+04  1.17145370e+04  5.68e-03 1.97e-12  4.98e-04    15s
  30   1.15669647e+04  1.16957355e+04  3.73e-03 2.24e-12  3.79e-04    15s
  31   1.15733545e+04  1.16798425e+04  3.20e-03 2.49e-12  3.13e-04    15s
  32   1.15833332e+04  1.16560415e+04  2.29e-03 1.51e-12  2.14e-04    15s
  33   1.15839449e+04  1.16527112e+04  2.24e-03 1.72e-12  2.03e-04    16s
  34   1.15859527e+04  1.16490949e+04  2.10e-03 2.06e-12  1.86e-04    16s
  35   1.15894562e+04  1.16481042e+04  1.85e-03 2.40e-12  1.73e-04    16s
  36   1.15905044e+04  1.16460396e+04  1.78e-03 2.47e-12  1.64e-04    16s
  37   1.15941797e+04  1.16446434e+04  1.61e-03 2.43e-12  1.49e-04    17s
  38   1.15978763e+04  1.16428641e+04  1.44e-03 3.09e-12  1.33e-04    17s
  39   1.16015450e+04  1.16408865e+04  1.28e-03 2.35e-12  1.16e-04    17s
  40   1.16032273e+04  1.16382313e+04  1.20e-03 1.73e-12  1.03e-04    17s
  41   1.16083582e+04  1.16377746e+04  9.75e-04 1.72e-12  8.67e-05    18s
  42   1.16112636e+04  1.16360010e+04  8.09e-04 2.26e-12  7.29e-05    18s
  43   1.16121800e+04  1.16333288e+04  7.02e-04 2.01e-12  6.23e-05    18s
  44   1.16127605e+04  1.16327267e+04  6.56e-04 1.42e-12  5.89e-05    18s
  45   1.16140688e+04  1.16321625e+04  5.68e-04 2.40e-12  5.33e-05    18s
  46   1.16144468e+04  1.16316838e+04  5.48e-04 2.52e-12  5.08e-05    19s
  47   1.16149826e+04  1.16304438e+04  5.00e-04 2.34e-12  4.56e-05    19s
  48   1.16154292e+04  1.16299072e+04  4.66e-04 2.19e-12  4.27e-05    19s
  49   1.16171098e+04  1.16284396e+04  3.37e-04 2.10e-12  3.34e-05    20s
  50   1.16181213e+04  1.16277151e+04  2.46e-04 2.25e-12  2.82e-05    20s
  51   1.16186298e+04  1.16250568e+04  1.99e-04 1.82e-12  1.89e-05    20s
  52   1.16197571e+04  1.16234190e+04  9.09e-05 1.86e-12  1.08e-05    20s
  53   1.16200428e+04  1.16220173e+04  6.29e-05 3.58e-12  5.82e-06    20s
  54   1.16205348e+04  1.16215066e+04  1.42e-05 2.03e-12  2.85e-06    20s
  55   1.16206196e+04  1.16213491e+04  6.47e-06 3.21e-12  2.13e-06    21s
  56   1.16206616e+04  1.16209717e+04  2.73e-06 2.63e-12  9.07e-07    21s
  57   1.16206746e+04  1.16208458e+04  1.69e-06 3.65e-12  5.01e-07    21s
  58   1.16206769e+04  1.16208323e+04  1.49e-06 3.17e-12  4.55e-07    21s
  59   1.16206873e+04  1.16207575e+04  6.66e-07 2.69e-12  2.06e-07    21s
  60   1.16206910e+04  1.16207244e+04  3.79e-07 3.06e-12  9.80e-08    21s
  61   1.16206926e+04  1.16207129e+04  2.48e-07 2.67e-12  5.96e-08    21s
  62   1.16206937e+04  1.16207081e+04  1.71e-07 3.46e-12  4.23e-08    22s
  63   1.16206952e+04  1.16207005e+04  6.02e-08 4.11e-12  1.56e-08    22s
  64   1.16206959e+04  1.16206965e+04  1.42e-08 3.44e-12  1.70e-09    22s
  65   1.16206959e+04  1.16206965e+04  5.26e-07 5.08e-12  1.61e-09    22s
  66   1.16206961e+04  1.16206962e+04  3.22e-08 3.98e-12  3.04e-11    22s

Barrier solved model in 66 iterations and 22.10 seconds (16.12 work units)
Optimal objective 1.16206961e+04

Crossover log...

   30175 DPushes remaining with DInf 0.0000000e+00                23s
       0 DPushes remaining with DInf 0.0000000e+00                23s

  105420 PPushes remaining with PInf 0.0000000e+00                23s
       0 PPushes remaining with PInf 0.0000000e+00                24s

  Push phase complete: Pinf 0.0000000e+00, Dinf 2.2844171e-11     24s


Solved with barrier
Extra simplex iterations after uncrush: 1415
Iteration    Objective       Primal Inf.    Dual Inf.      Time
  134853    1.1620696e+04   0.000000e+00   0.000000e+00     24s

Use crossover to convert LP symmetric solution to basic solution...
Crossover log...

   11145 DPushes remaining with DInf 0.0000000e+00                25s
       0 DPushes remaining with DInf 0.0000000e+00                25s

    8688 PPushes remaining with PInf 0.0000000e+00                25s
    2554 PPushes remaining with PInf 0.0000000e+00                25s
       0 PPushes remaining with PInf 0.0000000e+00                25s

  Push phase complete: Pinf 0.0000000e+00, Dinf 2.6213198e-12     25s

Iteration    Objective       Primal Inf.    Dual Inf.      Time
  159381    1.1620697e+04   0.000000e+00   2.643964e+02     31s
  161187    1.1620697e+04   0.000000e+00   9.066173e+01     35s
  162718    1.1620696e+04   0.000000e+00   0.000000e+00     41s
Extra simplex iterations after uncrush: 8034

Solved in 162718 iterations and 41.12 seconds (59.66 work units)
Optimal objective  1.162069615e+04
