
Gurobi 10.0.1 (linux64) logging started Mon Mar 10 21:42:06 2025

Set parameter LogFile to value "Results/Conservative_experiment/c1_0.70_c2_0.40.log"
Set parameter TimeLimit to value 36000
Gurobi Optimizer version 10.0.1 build v10.0.1rc0 (linux64)

CPU model: AMD EPYC 9654 96-Core Processor, instruction set [SSE2|AVX|AVX2|AVX512]
Thread count: 192 physical cores, 192 logical processors, using up to 32 threads

Academic license 656792 - for non-commercial use only - registered to b.___@student.vu.nl
Optimize a model with 1498050 rows, 1622512 columns and 5976640 nonzeros
Model fingerprint: 0xcdc341b5
Coefficient statistics:
  Matrix range     [4e-01, 1e+00]
  Objective range  [6e-02, 5e+00]
  Bounds range     [0e+00, 0e+00]
  RHS range        [1e-02, 1e+03]
Presolve removed 922486 rows and 834364 columns (presolve time = 5s) ...
Presolve removed 955510 rows and 878809 columns
Presolve time: 6.88s
Presolved: 542540 rows, 743703 columns, 2508755 nonzeros

Concurrent LP optimizer: primal simplex, dual simplex, and barrier
Showing barrier log only...

Ordering time: 1.48s

Barrier statistics:
 AA' NZ     : 1.721e+06
 Factor NZ  : 1.393e+07 (roughly 250 MB of memory)
 Factor Ops : 7.897e+09 (less than 1 second per iteration)
 Threads    : 30

                  Objective                Residual
Iter       Primal          Dual         Primal    Dual     Compl     Time
   0  -1.30989714e+07  1.39820005e+08  1.00e+06 1.21e+02  3.06e+04    10s
   1  -1.21661534e+07  1.17537507e+08  4.33e+05 1.20e+02  1.20e+04    10s
   2  -1.91586998e+07  9.12861005e+07  7.80e+04 6.92e+01  3.18e+03    10s
   3  -1.68034317e+08  3.72830077e+07  2.21e+04 1.62e+01  1.36e+03    11s
   4  -7.67759938e+07  1.09301644e+07  5.98e+03 3.05e+00  3.86e+02    11s
   5  -4.13675276e+07  4.41585362e+06  3.02e+03 8.86e-01  1.78e+02    11s
   6  -1.02342022e+07  1.38962013e+06  6.41e+02 1.06e-01  4.12e+01    11s
   7  -1.67449130e+06  6.03112451e+05  9.77e+01 2.69e-02  7.78e+00    11s
   8  -2.46062967e+05  2.36231971e+05  1.38e+01 2.86e-03  1.60e+00    11s
   9  -7.54006657e+04  9.82950426e+04  4.54e+00 3.44e-12  5.55e-01    11s
  10  -1.52900045e+04  5.42756076e+04  1.18e+00 2.26e-12  2.14e-01    12s
  11  -1.04491830e+03  3.67963322e+04  5.65e-01 3.70e-12  1.15e-01    12s
  12  -6.70484396e+02  3.03075598e+04  5.48e-01 3.11e-12  9.37e-02    12s
  13   3.47131206e+03  2.53532929e+04  3.62e-01 3.33e-12  6.58e-02    12s
  14   8.35590624e+03  1.98082376e+04  1.34e-01 2.52e-12  3.40e-02    12s
  15   8.98671159e+03  1.58635850e+04  1.06e-01 2.68e-12  2.04e-02    12s
  16   1.01432187e+04  1.54009446e+04  5.49e-02 4.36e-12  1.55e-02    12s
  17   1.03612211e+04  1.44815952e+04  4.54e-02 4.13e-12  1.21e-02    13s
  18   1.06941096e+04  1.32998854e+04  3.14e-02 2.18e-12  7.67e-03    13s
  19   1.09664883e+04  1.26208611e+04  2.03e-02 2.50e-12  4.87e-03    13s
  20   1.12088216e+04  1.21890580e+04  1.08e-02 2.90e-12  2.88e-03    13s
  21   1.12966275e+04  1.20087360e+04  7.70e-03 4.07e-12  2.09e-03    13s
  22   1.13414529e+04  1.19360861e+04  6.31e-03 3.27e-12  1.75e-03    13s
  23   1.13503947e+04  1.19127846e+04  6.05e-03 4.38e-12  1.65e-03    14s
  24   1.14013667e+04  1.19015710e+04  5.14e-03 3.80e-12  1.47e-03    14s
  25   1.14255747e+04  1.18802439e+04  4.60e-03 4.97e-12  1.33e-03    14s
  26   1.14579838e+04  1.18440369e+04  3.73e-03 4.86e-12  1.13e-03    14s
  27   1.15020486e+04  1.17564537e+04  2.55e-03 3.26e-12  7.47e-04    14s
  28   1.15355884e+04  1.17326173e+04  1.67e-03 3.11e-12  5.78e-04    15s
  29   1.15490481e+04  1.17092061e+04  1.39e-03 3.27e-12  4.70e-04    15s
  30   1.15675719e+04  1.17007130e+04  1.02e-03 3.44e-12  3.90e-04    15s
  31   1.15740978e+04  1.16876286e+04  8.51e-04 3.29e-12  3.33e-04    15s
  32   1.15773139e+04  1.16682729e+04  7.21e-04 4.29e-12  2.67e-04    16s
  33   1.15870002e+04  1.16677316e+04  5.15e-04 4.03e-12  2.36e-04    16s
  34   1.15928872e+04  1.16553835e+04  3.91e-04 3.75e-12  1.83e-04    16s
  35   1.15959595e+04  1.16445499e+04  3.14e-04 3.86e-12  1.42e-04    16s
  36   1.16006992e+04  1.16388215e+04  2.22e-04 3.55e-12  1.12e-04    16s
  37   1.16022843e+04  1.16381935e+04  2.00e-04 3.69e-12  1.05e-04    17s
  38   1.16062979e+04  1.16355841e+04  1.65e-04 4.34e-12  8.58e-05    17s
  39   1.16088857e+04  1.16349394e+04  1.37e-04 4.66e-12  7.63e-05    17s
  40   1.16118596e+04  1.16322746e+04  1.11e-04 3.56e-12  5.98e-05    17s
  41   1.16147289e+04  1.16304123e+04  8.67e-05 3.47e-12  4.59e-05    18s
  42   1.16169515e+04  1.16297573e+04  6.77e-05 3.50e-12  3.75e-05    18s
  43   1.16174922e+04  1.16283459e+04  6.18e-05 4.77e-12  3.18e-05    18s
  44   1.16176944e+04  1.16269929e+04  5.46e-05 5.05e-12  2.72e-05    18s
  45   1.16182935e+04  1.16268095e+04  4.46e-05 6.46e-12  2.49e-05    18s
  46   1.16188400e+04  1.16263162e+04  3.67e-05 8.36e-12  2.19e-05    19s
  47   1.16192318e+04  1.16254143e+04  3.21e-05 6.22e-12  1.81e-05    19s
  48   1.16193276e+04  1.16253084e+04  3.10e-05 6.89e-12  1.75e-05    19s
  49   1.16196358e+04  1.16248343e+04  2.60e-05 5.98e-12  1.52e-05    19s
  50   1.16197583e+04  1.16246138e+04  2.43e-05 7.13e-12  1.42e-05    20s
  51   1.16197786e+04  1.16240568e+04  2.16e-05 5.20e-12  1.25e-05    20s
  52   1.16199575e+04  1.16238996e+04  1.94e-05 5.89e-12  1.15e-05    20s
  53   1.16200542e+04  1.16236016e+04  1.78e-05 8.46e-12  1.04e-05    20s
  54   1.16201325e+04  1.16234528e+04  1.46e-05 6.43e-12  9.72e-06    20s
  55   1.16201692e+04  1.16229813e+04  1.27e-05 8.47e-12  8.23e-06    21s
  56   1.16204347e+04  1.16219745e+04  6.54e-06 5.93e-12  4.51e-06    21s
  57   1.16206480e+04  1.16211706e+04  9.79e-07 5.53e-12  1.53e-06    21s
  58   1.16206847e+04  1.16210877e+04  1.22e-07 5.83e-12  1.18e-06    21s
  59   1.16206923e+04  1.16207762e+04  2.28e-08 1.18e-11  2.45e-07    22s
  60   1.16206934e+04  1.16207496e+04  1.66e-08 1.92e-11  1.64e-07    22s
  61   1.16206936e+04  1.16207469e+04  1.58e-08 1.65e-11  1.56e-07    22s
  62   1.16206943e+04  1.16207331e+04  1.17e-08 1.95e-11  1.13e-07    22s
  63   1.16206949e+04  1.16207230e+04  6.97e-09 3.13e-11  8.19e-08    22s
  64   1.16206953e+04  1.16207129e+04  4.34e-09 3.38e-11  5.15e-08    22s
  65   1.16206956e+04  1.16207057e+04  2.46e-09 5.00e-11  2.96e-08    22s
  66   1.16206957e+04  1.16207021e+04  1.67e-09 4.96e-11  1.89e-08    23s
  67   1.16206959e+04  1.16206992e+04  5.76e-09 4.14e-11  9.75e-09    23s
  68   1.16206959e+04  1.16206988e+04  1.53e-08 5.22e-11  8.40e-09    23s
  69   1.16206960e+04  1.16206986e+04  1.35e-08 5.88e-11  7.76e-09    23s
  70   1.16206959e+04  1.16206986e+04  2.92e-08 6.30e-11  7.72e-09    23s
  71   1.16206959e+04  1.16206986e+04  2.90e-08 9.25e-11  7.65e-09    23s
  72   1.16206960e+04  1.16206975e+04  9.00e-08 5.09e-11  4.41e-09    24s
  73   1.16206960e+04  1.16206975e+04  8.51e-08 4.64e-11  4.23e-09    24s
  74   1.16206961e+04  1.16206962e+04  4.78e-09 5.06e-11  8.80e-11    24s

Barrier solved model in 74 iterations and 23.99 seconds (17.64 work units)
Optimal objective 1.16206961e+04

Crossover log...

   36844 DPushes remaining with DInf 0.0000000e+00                24s
       0 DPushes remaining with DInf 0.0000000e+00                25s

  105870 PPushes remaining with PInf 6.1166139e-06                25s
    2139 PPushes remaining with PInf 0.0000000e+00                25s
       0 PPushes remaining with PInf 0.0000000e+00                25s

  Push phase complete: Pinf 0.0000000e+00, Dinf 2.3877789e-11     25s


Solved with barrier
Extra simplex iterations after uncrush: 983
Iteration    Objective       Primal Inf.    Dual Inf.      Time
  141740    1.1620696e+04   0.000000e+00   0.000000e+00     26s

Use crossover to convert LP symmetric solution to basic solution...
Crossover log...

   11530 DPushes remaining with DInf 0.0000000e+00                26s
       0 DPushes remaining with DInf 0.0000000e+00                27s

    9345 PPushes remaining with PInf 0.0000000e+00                27s
       0 PPushes remaining with PInf 0.0000000e+00                27s

  Push phase complete: Pinf 0.0000000e+00, Dinf 1.5811658e-11     27s

Iteration    Objective       Primal Inf.    Dual Inf.      Time
  165941    1.1620698e+04   0.000000e+00   3.334669e+02     32s
  167145    1.1620698e+04   0.000000e+00   1.233034e+02     35s
  168349    1.1620698e+04   0.000000e+00   4.246206e+01     40s
  169479    1.1620699e+04   0.000000e+00   1.000721e+01     46s
  170389    1.1620699e+04   0.000000e+00   3.437500e-03     50s
Extra simplex iterations after uncrush: 7820
  170438    1.1620696e+04   0.000000e+00   0.000000e+00     51s

Solved in 170438 iterations and 51.25 seconds (79.42 work units)
Optimal objective  1.162069615e+04
