
Gurobi 10.0.1 (linux64) logging started Mon Mar 10 21:36:29 2025

Set parameter LogFile to value "Results/Conservative_experiment/c1_0.30_c2_0.00.log"
Set parameter TimeLimit to value 36000
Gurobi Optimizer version 10.0.1 build v10.0.1rc0 (linux64)

CPU model: AMD EPYC 9654 96-Core Processor, instruction set [SSE2|AVX|AVX2|AVX512]
Thread count: 192 physical cores, 192 logical processors, using up to 32 threads

Academic license 656792 - for non-commercial use only - registered to b.___@student.vu.nl
Optimize a model with 1498050 rows, 1622512 columns and 5965248 nonzeros
Model fingerprint: 0x62498e28
Coefficient statistics:
  Matrix range     [3e-01, 1e+00]
  Objective range  [6e-02, 5e+00]
  Bounds range     [0e+00, 0e+00]
  RHS range        [1e-02, 1e+03]
Presolve removed 1137941 rows and 1144695 columns
Presolve time: 3.76s
Presolved: 360109 rows, 477817 columns, 1778097 nonzeros

Concurrent LP optimizer: primal simplex, dual simplex, and barrier
Showing barrier log only...

Ordering time: 0.42s

Barrier statistics:
 AA' NZ     : 3.019e+05
 Factor NZ  : 3.493e+06 (roughly 70 MB of memory)
 Factor Ops : 1.234e+09 (less than 1 second per iteration)
 Threads    : 30

                  Objective                Residual
Iter       Primal          Dual         Primal    Dual     Compl     Time
   0  -1.56235587e+09  1.16708273e+08  6.06e+05 5.22e+01  4.43e+04     5s
   1  -4.76065017e+08  9.02753012e+07  1.80e+05 6.02e+01  1.12e+04     5s
   2  -1.23768898e+08  4.54193017e+07  4.33e+04 2.28e+00  2.61e+03     5s
   3  -2.93756538e+07  1.17124214e+07  9.65e+03 4.69e-02  5.85e+02     5s
   4  -1.23672956e+07  5.45952240e+06  4.00e+03 1.17e-02  2.46e+02     5s
   5  -6.84062831e+06  2.85538775e+06  2.17e+03 1.41e-11  1.31e+02     5s
   6  -3.83554956e+06  2.31754523e+06  1.20e+03 1.09e-11  8.00e+01     5s
   7  -1.30173600e+06  7.89038386e+05  3.93e+02 1.00e-11  2.59e+01     5s
   8  -3.03928400e+05  3.36788549e+05  8.50e+01 2.09e-11  7.25e+00     5s
   9  -9.57709433e+04  1.85913007e+05  2.74e+01 1.05e-11  2.97e+00     5s
  10  -3.42400871e+04  8.73909514e+04  1.08e+01 5.91e-12  1.20e+00     5s
  11   2.65021408e+03  4.13309881e+04  1.56e+00 2.16e-12  3.70e-01     5s
  12   7.22333034e+03  2.65473712e+04  6.67e-01 3.90e-12  1.82e-01     5s
  13   9.25302904e+03  1.82361579e+04  3.35e-01 2.64e-12  8.33e-02     5s
  14   9.90565687e+03  1.53600382e+04  2.27e-01 5.35e-12  4.99e-02     5s
  15   1.04030887e+04  1.38478285e+04  1.49e-01 5.74e-12  3.14e-02     5s
  16   1.05018959e+04  1.32888138e+04  1.35e-01 4.20e-12  2.51e-02     5s
  17   1.09574098e+04  1.26968525e+04  6.85e-02 9.02e-12  1.59e-02     5s
  18   1.12792376e+04  1.19914439e+04  2.42e-02 7.19e-12  6.60e-03     6s
  19   1.12992890e+04  1.18935711e+04  2.18e-02 9.40e-12  5.48e-03     6s
  20   1.13289985e+04  1.18767506e+04  1.84e-02 5.75e-12  5.08e-03     6s
  21   1.13413397e+04  1.17906979e+04  1.69e-02 7.75e-12  4.13e-03     6s
  22   1.13819627e+04  1.17224659e+04  1.23e-02 1.14e-11  3.14e-03     6s
  23   1.13995607e+04  1.16517674e+04  1.04e-02 8.99e-12  2.30e-03     6s
  24   1.14201173e+04  1.16124445e+04  8.20e-03 1.09e-11  1.75e-03     6s
  25   1.14342214e+04  1.15980801e+04  6.83e-03 7.31e-12  1.50e-03     6s
  26   1.14527537e+04  1.15880772e+04  5.37e-03 7.21e-12  1.24e-03     6s
  27   1.14524518e+04  1.15659300e+04  5.22e-03 1.25e-11  1.03e-03     6s
  28   1.14759332e+04  1.15463146e+04  2.78e-03 1.50e-11  6.46e-04     6s
  29   1.14913396e+04  1.15281238e+04  1.09e-03 4.48e-12  3.44e-04     6s
  30   1.14942653e+04  1.15239389e+04  8.45e-04 9.37e-12  2.79e-04     6s
  31   1.14956178e+04  1.15212282e+04  7.24e-04 6.76e-12  2.41e-04     6s
  32   1.14977643e+04  1.15146471e+04  5.17e-04 1.09e-11  1.58e-04     6s
  33   1.14990349e+04  1.15125251e+04  4.02e-04 8.40e-12  1.26e-04     6s
  34   1.15029546e+04  1.15063961e+04  3.53e-05 3.98e-12  3.35e-05     6s
  35   1.15035755e+04  1.15037901e+04  1.00e-06 8.00e-12  2.11e-06     6s
  36   1.15036123e+04  1.15036698e+04  1.50e-07 7.29e-12  5.68e-07     6s
  37   1.15036157e+04  1.15036337e+04  7.57e-08 1.29e-11  1.78e-07     6s
  38   1.15036193e+04  1.15036202e+04  2.07e-09 1.61e-11  8.52e-09     7s
  39   1.15036194e+04  1.15036195e+04  1.65e-09 2.02e-11  4.21e-10     7s

Barrier solved model in 39 iterations and 6.54 seconds (5.81 work units)
Optimal objective 1.15036194e+04

Crossover log...

   15163 DPushes remaining with DInf 0.0000000e+00                 7s
       0 DPushes remaining with DInf 0.0000000e+00                 7s

   19883 PPushes remaining with PInf 3.3946166e-05                 7s
       0 PPushes remaining with PInf 0.0000000e+00                 7s

  Push phase complete: Pinf 0.0000000e+00, Dinf 2.8139269e-11      7s


Solved with barrier
Extra simplex iterations after uncrush: 1515
Iteration    Objective       Primal Inf.    Dual Inf.      Time
   36511    1.1503619e+04   0.000000e+00   0.000000e+00      7s

Use crossover to convert LP symmetric solution to basic solution...
Crossover log...

    9316 DPushes remaining with DInf 0.0000000e+00                 8s
       0 DPushes remaining with DInf 0.0000000e+00                 8s

    2012 PPushes remaining with PInf 0.0000000e+00                 8s
       0 PPushes remaining with PInf 0.0000000e+00                 8s

  Push phase complete: Pinf 0.0000000e+00, Dinf 3.0703218e-12      8s

Iteration    Objective       Primal Inf.    Dual Inf.      Time
   50038    1.1503619e+04   0.000000e+00   1.022422e+05     10s
   55109    1.1503799e+04   0.000000e+00   7.496555e+04     15s
   59323    1.1503933e+04   0.000000e+00   2.079581e+05     21s
   62935    1.1504033e+04   0.000000e+00   1.025886e+05     26s
   65945    1.1504112e+04   0.000000e+00   3.292627e+05     31s
   68955    1.1504176e+04   0.000000e+00   1.577057e+05     36s
   71965    1.1504239e+04   0.000000e+00   1.282811e+05     41s
   74373    1.1504289e+04   0.000000e+00   2.358409e+05     45s
   77383    1.1504349e+04   0.000000e+00   7.149171e+05     51s
   79189    1.1504376e+04   0.000000e+00   1.241100e+05     55s
   81597    1.1504410e+04   0.000000e+00   3.554101e+05     61s
   84005    1.1504440e+04   0.000000e+00   1.293888e+05     66s
   85811    1.1504458e+04   0.000000e+00   1.424234e+05     70s
   88219    1.1504481e+04   0.000000e+00   3.381510e+05     76s
   90025    1.1504499e+04   0.000000e+00   1.557755e+05     81s
   91831    1.1504512e+04   0.000000e+00   9.549262e+04     86s
   93637    1.1504525e+04   0.000000e+00   5.577720e+05     91s
   95443    1.1504537e+04   0.000000e+00   3.678929e+05     96s
   97249    1.1504548e+04   0.000000e+00   2.748157e+05    101s
   99055    1.1504558e+04   0.000000e+00   1.280140e+06    106s
  100861    1.1504567e+04   0.000000e+00   2.336514e+05    111s
  102667    1.1504576e+04   0.000000e+00   2.039527e+05    116s
  104473    1.1504587e+04   0.000000e+00   3.391686e+05    122s
  105677    1.1504594e+04   0.000000e+00   1.759457e+05    126s
  106881    1.1504603e+04   0.000000e+00   2.692287e+05    130s
  108687    1.1504611e+04   0.000000e+00   1.407490e+05    137s
  109891    1.1504617e+04   0.000000e+00   2.430915e+05    142s
  111095    1.1504622e+04   0.000000e+00   1.966919e+05    147s
  111697    1.1504624e+04   0.000000e+00   3.444631e+05    150s
  112901    1.1504630e+04   0.000000e+00   2.361358e+05    156s
  114105    1.1504637e+04   0.000000e+00   2.544372e+05    162s
  115309    1.1504642e+04   0.000000e+00   2.386510e+05    167s
  115911    1.1504645e+04   0.000000e+00   1.412972e+05    170s
  117115    1.1504651e+04   0.000000e+00   3.174888e+05    177s
  118319    1.1504659e+04   0.000000e+00   3.635994e+05    183s
  118921    1.1504661e+04   0.000000e+00   3.123553e+05    186s
  120125    1.1504668e+04   0.000000e+00   3.607376e+05    193s
  120727    1.1504670e+04   0.000000e+00   2.230015e+05    196s
  121931    1.1504676e+04   0.000000e+00   5.716110e+05    202s
  123135    1.1504683e+04   0.000000e+00   5.448736e+05    208s
  123737    1.1504686e+04   0.000000e+00   1.444182e+05    211s
  124941    1.1504690e+04   0.000000e+00   1.603478e+05    218s
  125543    1.1504692e+04   0.000000e+00   1.227591e+06    221s
  126747    1.1504698e+04   0.000000e+00   2.597502e+05    228s
  127349    1.1504699e+04   0.000000e+00   5.740906e+05    232s
  127951    1.1504701e+04   0.000000e+00   1.752097e+05    236s
  129155    1.1504706e+04   0.000000e+00   1.311997e+05    242s
  129757    1.1504709e+04   0.000000e+00   2.634404e+05    245s
  130961    1.1504714e+04   0.000000e+00   7.257057e+05    252s
  131563    1.1504716e+04   0.000000e+00   2.858009e+05    255s
  132767    1.1504720e+04   0.000000e+00   1.348135e+05    263s
  133369    1.1504721e+04   0.000000e+00   1.820107e+05    267s
  133971    1.1504724e+04   0.000000e+00   3.215991e+05    271s
  135175    1.1504728e+04   0.000000e+00   1.784838e+05    279s
  135777    1.1504732e+04   0.000000e+00   1.713181e+06    282s
  136981    1.1504737e+04   0.000000e+00   1.313228e+05    288s
  137583    1.1504740e+04   0.000000e+00   1.237976e+05    291s
  138787    1.1504746e+04   0.000000e+00   1.282520e+06    298s
  139389    1.1504748e+04   0.000000e+00   1.146564e+05    302s
  139991    1.1504750e+04   0.000000e+00   1.873470e+05    306s
  141195    1.1504754e+04   0.000000e+00   2.530294e+05    313s
  141797    1.1504756e+04   0.000000e+00   3.024775e+05    316s
  143001    1.1504760e+04   0.000000e+00   2.103633e+05    323s
  143603    1.1504762e+04   0.000000e+00   5.692217e+05    326s
  144807    1.1504767e+04   0.000000e+00   1.083243e+05    334s
  145409    1.1504769e+04   0.000000e+00   2.427454e+05    338s
  146011    1.1504770e+04   0.000000e+00   1.327008e+05    342s
  146613    1.1504773e+04   0.000000e+00   3.328574e+06    345s
  147817    1.1504777e+04   0.000000e+00   9.502386e+05    353s
  148419    1.1504779e+04   0.000000e+00   2.476393e+05    356s
  149021    1.1504780e+04   0.000000e+00   9.114188e+04    360s
  150225    1.1504784e+04   0.000000e+00   7.000872e+05    368s
  150827    1.1504786e+04   0.000000e+00   1.447378e+05    371s
  151429    1.1504788e+04   0.000000e+00   8.654311e+04    375s
  152633    1.1504791e+04   0.000000e+00   4.140558e+05    383s
  153235    1.1504793e+04   0.000000e+00   2.779132e+05    387s
  153837    1.1504795e+04   0.000000e+00   1.282657e+05    391s
  155041    1.1504799e+04   0.000000e+00   1.518537e+05    398s
  155643    1.1504801e+04   0.000000e+00   1.925962e+06    402s
  156245    1.1504803e+04   0.000000e+00   1.812107e+05    406s
  156847    1.1504805e+04   0.000000e+00   9.177782e+04    410s
  158051    1.1504810e+04   0.000000e+00   4.017553e+05    418s
  158653    1.1504811e+04   0.000000e+00   7.904746e+04    422s
  159255    1.1504814e+04   0.000000e+00   3.163342e+05    426s
  160459    1.1504818e+04   0.000000e+00   8.810028e+05    433s
  161061    1.1504821e+04   0.000000e+00   3.624044e+05    437s
  161663    1.1504823e+04   0.000000e+00   2.637712e+06    440s
  162867    1.1504827e+04   0.000000e+00   2.488997e+05    448s
  163469    1.1504829e+04   0.000000e+00   2.509349e+05    452s
  164071    1.1504831e+04   0.000000e+00   1.961351e+05    455s
  165275    1.1504834e+04   0.000000e+00   1.284905e+05    464s
  165877    1.1504835e+04   0.000000e+00   1.781934e+05    468s
  166479    1.1504837e+04   0.000000e+00   3.025181e+06    473s
  167069    1.1504838e+04   0.000000e+00   2.781342e+05    477s
  167671    1.1504840e+04   0.000000e+00   1.856535e+05    482s
  168251    1.1504841e+04   0.000000e+00   1.194708e+05    486s
  168853    1.1504843e+04   0.000000e+00   2.880242e+05    491s
  169455    1.1504844e+04   0.000000e+00   3.192380e+05    495s
  170617    1.1504848e+04   0.000000e+00   2.066183e+05    504s
  171207    1.1504849e+04   0.000000e+00   5.232543e+04    508s
  171767    1.1504850e+04   0.000000e+00   3.546448e+05    513s
  172327    1.1504852e+04   0.000000e+00   2.959479e+06    518s
  172929    1.1504853e+04   0.000000e+00   6.670832e+05    522s
  173531    1.1504855e+04   0.000000e+00   1.122983e+05    527s
  174133    1.1504857e+04   0.000000e+00   2.502329e+05    531s
  174735    1.1504858e+04   0.000000e+00   1.281891e+06    536s
  175325    1.1504859e+04   0.000000e+00   1.031349e+05    540s
  176527    1.1504862e+04   0.000000e+00   2.159431e+05    549s
  177129    1.1504864e+04   0.000000e+00   1.125795e+05    554s
  177709    1.1504865e+04   0.000000e+00   1.277889e+05    559s
  178279    1.1504867e+04   0.000000e+00   1.427183e+06    563s
  178881    1.1504868e+04   0.000000e+00   1.651155e+05    568s
  179483    1.1504869e+04   0.000000e+00   8.820771e+04    572s
  180085    1.1504871e+04   0.000000e+00   8.062656e+04    576s
  180687    1.1504872e+04   0.000000e+00   7.409758e+05    580s
  181891    1.1504875e+04   0.000000e+00   4.199276e+05    588s
  182493    1.1504876e+04   0.000000e+00   7.597066e+05    592s
  183095    1.1504878e+04   0.000000e+00   1.656406e+05    596s
  183697    1.1504879e+04   0.000000e+00   1.621549e+05    601s
  184901    1.1504881e+04   0.000000e+00   2.442883e+05    609s
  185501    1.1504883e+04   0.000000e+00   1.863213e+05    614s
  186101    1.1504884e+04   0.000000e+00   5.701694e+05    619s
  186661    1.1504885e+04   0.000000e+00   2.954382e+05    623s
  187231    1.1504886e+04   0.000000e+00   1.157630e+05    628s
  187833    1.1504887e+04   0.000000e+00   1.913447e+05    633s
  188403    1.1504888e+04   0.000000e+00   2.625640e+05    637s
  188973    1.1504889e+04   0.000000e+00   1.139970e+05    642s
  189543    1.1504890e+04   0.000000e+00   1.791210e+05    647s
  190145    1.1504892e+04   0.000000e+00   1.274605e+05    651s
  190715    1.1504893e+04   0.000000e+00   1.190541e+05    656s
  191255    1.1504894e+04   0.000000e+00   3.736308e+05    660s
  192385    1.1504896e+04   0.000000e+00   1.228816e+06    669s
  192965    1.1504898e+04   0.000000e+00   1.056087e+05    674s
  193515    1.1504899e+04   0.000000e+00   3.246004e+05    679s
  194015    1.1504900e+04   0.000000e+00   1.843793e+05    683s
  194575    1.1504901e+04   0.000000e+00   2.521204e+05    688s
  195115    1.1504901e+04   0.000000e+00   1.058129e+05    692s
  195685    1.1504903e+04   0.000000e+00   1.494310e+05    697s
  196255    1.1504903e+04   0.000000e+00   1.409497e+05    702s
  196835    1.1504904e+04   0.000000e+00   8.483549e+04    706s
  197437    1.1504906e+04   0.000000e+00   1.740959e+05    711s
  198039    1.1504907e+04   0.000000e+00   2.045624e+05    715s
  199241    1.1504909e+04   0.000000e+00   1.103538e+05    724s
  199843    1.1504910e+04   0.000000e+00   2.890974e+05    729s
  200413    1.1504911e+04   0.000000e+00   2.297507e+05    733s
  201003    1.1504912e+04   0.000000e+00   1.324803e+07    738s
  201603    1.1504913e+04   0.000000e+00   9.557861e+04    743s
  202133    1.1504914e+04   0.000000e+00   2.076536e+05    747s
  202693    1.1504915e+04   0.000000e+00   1.649309e+05    752s
  203263    1.1504916e+04   0.000000e+00   1.133446e+05    757s
  203813    1.1504916e+04   0.000000e+00   6.955644e+04    761s
  204333    1.1504917e+04   0.000000e+00   2.149675e+05    766s
  204883    1.1504918e+04   0.000000e+00   1.869397e+05    770s
  205413    1.1504919e+04   0.000000e+00   8.428295e+04    775s
  206533    1.1504921e+04   0.000000e+00   6.360016e+04    784s
  207103    1.1504922e+04   0.000000e+00   2.243157e+05    789s
  207705    1.1504923e+04   0.000000e+00   1.196086e+05    793s
  208307    1.1504924e+04   0.000000e+00   4.888090e+05    798s
  208847    1.1504925e+04   0.000000e+00   1.269649e+05    802s
  209397    1.1504926e+04   0.000000e+00   1.673503e+05    807s
  209917    1.1504926e+04   0.000000e+00   1.366480e+05    812s
  210437    1.1504927e+04   0.000000e+00   2.038594e+05    816s
  210937    1.1504928e+04   0.000000e+00   7.500418e+04    821s
  211467    1.1504929e+04   0.000000e+00   8.432602e+04    825s
  212577    1.1504931e+04   0.000000e+00   8.103412e+04    834s
  213127    1.1504932e+04   0.000000e+00   2.114435e+06    839s
  213729    1.1504933e+04   0.000000e+00   3.246519e+05    844s
  214259    1.1504934e+04   0.000000e+00   9.104231e+04    848s
  214839    1.1504934e+04   0.000000e+00   9.641586e+04    853s
  215379    1.1504935e+04   0.000000e+00   5.720652e+05    858s
  215899    1.1504936e+04   0.000000e+00   1.274302e+05    862s
  216449    1.1504937e+04   0.000000e+00   6.573400e+04    867s
  217019    1.1504937e+04   0.000000e+00   2.673844e+06    871s
  217619    1.1504938e+04   0.000000e+00   2.017755e+05    876s
  218221    1.1504939e+04   0.000000e+00   3.610617e+05    880s
  219403    1.1504941e+04   0.000000e+00   8.322954e+04    890s
  219963    1.1504942e+04   0.000000e+00   3.346866e+05    894s
  220523    1.1504943e+04   0.000000e+00   1.948345e+05    899s
  221073    1.1504944e+04   0.000000e+00   8.279968e+04    904s
  221653    1.1504945e+04   0.000000e+00   7.893396e+04    908s
  222213    1.1504946e+04   0.000000e+00   8.806539e+04    913s
  222783    1.1504946e+04   0.000000e+00   5.191593e+05    917s
  223353    1.1504947e+04   0.000000e+00   8.668088e+04    922s
  223873    1.1504948e+04   0.000000e+00   3.051576e+05    927s
  224433    1.1504949e+04   0.000000e+00   8.925904e+04    931s
  224963    1.1504950e+04   0.000000e+00   1.183732e+05    936s
  225533    1.1504951e+04   0.000000e+00   7.220177e+04    941s
  226093    1.1504952e+04   0.000000e+00   9.009219e+04    945s
  227213    1.1504953e+04   0.000000e+00   7.683157e+04    954s
  227733    1.1504954e+04   0.000000e+00   2.923013e+04    959s
  228233    1.1504955e+04   0.000000e+00   1.191774e+05    964s
  228703    1.1504955e+04   0.000000e+00   1.673794e+05    968s
  229213    1.1504956e+04   0.000000e+00   2.988191e+05    973s
  229703    1.1504957e+04   0.000000e+00   8.712050e+04    977s
  230273    1.1504958e+04   0.000000e+00   6.705941e+04    982s
  230813    1.1504958e+04   0.000000e+00   1.450264e+05    987s
  231343    1.1504959e+04   0.000000e+00   5.205112e+05    991s
  231883    1.1504960e+04   0.000000e+00   1.187542e+05    996s
  232453    1.1504961e+04   0.000000e+00   7.886223e+04   1001s
  233013    1.1504962e+04   0.000000e+00   2.606312e+04   1005s
  234073    1.1504963e+04   0.000000e+00   9.247513e+04   1015s
  234573    1.1504964e+04   0.000000e+00   6.956328e+04   1019s
  235093    1.1504964e+04   0.000000e+00   2.139863e+05   1024s
  235653    1.1504965e+04   0.000000e+00   7.275188e+04   1028s
  236183    1.1504966e+04   0.000000e+00   2.421504e+05   1033s
  236713    1.1504967e+04   0.000000e+00   9.194044e+04   1038s
  237233    1.1504968e+04   0.000000e+00   3.544999e+04   1042s
  237763    1.1504968e+04   0.000000e+00   8.749629e+04   1047s
  238253    1.1504969e+04   0.000000e+00   4.564386e+04   1052s
  238723    1.1504970e+04   0.000000e+00   5.076361e+04   1056s
  239203    1.1504970e+04   0.000000e+00   6.688648e+04   1061s
  239673    1.1504971e+04   0.000000e+00   3.732636e+04   1065s
  240693    1.1504972e+04   0.000000e+00   7.442723e+04   1074s
  241243    1.1504973e+04   0.000000e+00   1.007096e+05   1079s
  241763    1.1504973e+04   0.000000e+00   7.480059e+04   1084s
  242253    1.1504974e+04   0.000000e+00   1.851267e+05   1088s
  242773    1.1504974e+04   0.000000e+00   3.339497e+04   1093s
  243293    1.1504975e+04   0.000000e+00   1.389602e+05   1097s
  243813    1.1504976e+04   0.000000e+00   2.374614e+05   1102s
  244323    1.1504976e+04   0.000000e+00   1.443317e+05   1107s
  244873    1.1504977e+04   0.000000e+00   9.982625e+04   1111s
  245353    1.1504978e+04   0.000000e+00   3.369985e+04   1116s
  245843    1.1504979e+04   0.000000e+00   8.389682e+04   1120s
  246843    1.1504980e+04   0.000000e+00   1.219792e+05   1129s
  247343    1.1504980e+04   0.000000e+00   1.577255e+05   1134s
  247893    1.1504981e+04   0.000000e+00   6.191779e+04   1139s
  248433    1.1504981e+04   0.000000e+00   4.023973e+04   1143s
  248963    1.1504982e+04   0.000000e+00   4.320622e+04   1148s
  249453    1.1504982e+04   0.000000e+00   5.521761e+04   1152s
  249973    1.1504983e+04   0.000000e+00   4.690334e+04   1157s
  250483    1.1504984e+04   0.000000e+00   6.202218e+04   1161s
  251013    1.1504984e+04   0.000000e+00   1.614899e+05   1166s
  251523    1.1504985e+04   0.000000e+00   6.459107e+04   1171s
  252053    1.1504986e+04   0.000000e+00   3.476447e+04   1175s
  253173    1.1504987e+04   0.000000e+00   8.910829e+04   1184s
  253683    1.1504988e+04   0.000000e+00   7.141765e+04   1189s
  254193    1.1504988e+04   0.000000e+00   3.684090e+04   1194s
  254743    1.1504989e+04   0.000000e+00   4.415963e+05   1198s
  255283    1.1504990e+04   0.000000e+00   2.977732e+05   1203s
  255885    1.1504991e+04   0.000000e+00   4.652000e+04   1207s
  256435    1.1504991e+04   0.000000e+00   7.523176e+04   1212s
  256955    1.1504992e+04   0.000000e+00   4.254084e+04   1217s
  257455    1.1504993e+04   0.000000e+00   1.113032e+05   1221s
  257985    1.1504993e+04   0.000000e+00   8.426996e+04   1226s
  258465    1.1504994e+04   0.000000e+00   9.765081e+04   1230s
  259435    1.1504995e+04   0.000000e+00   3.108963e+04   1239s
  259965    1.1504995e+04   0.000000e+00   2.000370e+05   1244s
  260475    1.1504996e+04   0.000000e+00   1.051019e+05   1249s
  261025    1.1504996e+04   0.000000e+00   1.192771e+05   1253s
  261595    1.1504997e+04   0.000000e+00   4.518153e+04   1258s
  262115    1.1504997e+04   0.000000e+00   1.926752e+05   1262s
  262665    1.1504998e+04   0.000000e+00   2.988222e+04   1267s
  263155    1.1504998e+04   0.000000e+00   4.348282e+04   1272s
  263645    1.1504999e+04   0.000000e+00   3.326476e+05   1276s
  264135    1.1504999e+04   0.000000e+00   1.145782e+05   1281s
  264615    1.1504999e+04   0.000000e+00   5.118403e+04   1285s
  265665    1.1505000e+04   0.000000e+00   3.985728e+04   1294s
  266155    1.1505001e+04   0.000000e+00   3.931913e+04   1299s
  266615    1.1505001e+04   0.000000e+00   5.390855e+05   1303s
  267085    1.1505002e+04   0.000000e+00   4.536868e+04   1308s
  267575    1.1505002e+04   0.000000e+00   1.050115e+05   1312s
  268085    1.1505003e+04   0.000000e+00   3.684552e+04   1317s
  268645    1.1505003e+04   0.000000e+00   8.725047e+04   1322s
  269205    1.1505004e+04   0.000000e+00   3.380330e+04   1326s
  269755    1.1505004e+04   0.000000e+00   2.957708e+04   1331s
  270305    1.1505005e+04   0.000000e+00   9.932926e+04   1335s
  270845    1.1505005e+04   0.000000e+00   2.066450e+04   1340s
  271895    1.1505006e+04   0.000000e+00   4.249769e+04   1349s
  272415    1.1505007e+04   0.000000e+00   3.050807e+04   1354s
  272885    1.1505007e+04   0.000000e+00   4.969223e+04   1358s
  273415    1.1505008e+04   0.000000e+00   3.942377e+05   1363s
  273955    1.1505008e+04   0.000000e+00   3.910153e+04   1367s
  274495    1.1505009e+04   0.000000e+00   9.543531e+04   1372s
  275025    1.1505009e+04   0.000000e+00   6.618779e+04   1377s
  275535    1.1505010e+04   0.000000e+00   6.512625e+04   1381s
  276085    1.1505010e+04   0.000000e+00   6.740064e+04   1386s
  276575    1.1505011e+04   0.000000e+00   3.336488e+04   1390s
  277605    1.1505012e+04   0.000000e+00   7.923399e+04   1399s
  278175    1.1505012e+04   0.000000e+00   8.270026e+04   1404s
  278725    1.1505013e+04   0.000000e+00   6.653711e+04   1409s
  279245    1.1505013e+04   0.000000e+00   1.258959e+05   1413s
  279785    1.1505013e+04   0.000000e+00   3.815330e+05   1418s
  280295    1.1505014e+04   0.000000e+00   4.005719e+04   1422s
  280855    1.1505014e+04   0.000000e+00   6.691302e+04   1427s
  281405    1.1505015e+04   0.000000e+00   3.398435e+04   1432s
  281975    1.1505015e+04   0.000000e+00   4.225031e+04   1436s
  282465    1.1505016e+04   0.000000e+00   4.735272e+04   1441s
  282935    1.1505016e+04   0.000000e+00   3.559231e+04   1445s
  283935    1.1505017e+04   0.000000e+00   2.285512e+06   1454s
  284435    1.1505017e+04   0.000000e+00   8.069764e+04   1459s
  284985    1.1505018e+04   0.000000e+00   1.193778e+05   1463s
  285545    1.1505018e+04   0.000000e+00   2.870177e+05   1468s
  286115    1.1505019e+04   0.000000e+00   4.131724e+04   1473s
  286665    1.1505019e+04   0.000000e+00   2.844210e+04   1477s
  287165    1.1505019e+04   0.000000e+00   4.422992e+04   1482s
  287665    1.1505020e+04   0.000000e+00   2.912705e+04   1486s
  288215    1.1505020e+04   0.000000e+00   7.089731e+04   1491s
  288705    1.1505021e+04   0.000000e+00   5.194015e+04   1495s
  289655    1.1505021e+04   0.000000e+00   5.522654e+04   1504s
  290135    1.1505022e+04   0.000000e+00   5.452741e+04   1509s
  290605    1.1505022e+04   0.000000e+00   1.220780e+05   1513s
  291085    1.1505022e+04   0.000000e+00   1.223724e+05   1518s
  291555    1.1505022e+04   0.000000e+00   5.213371e+04   1522s
  292015    1.1505023e+04   0.000000e+00   7.668064e+04   1527s
  292535    1.1505023e+04   0.000000e+00   4.912148e+04   1531s
  292995    1.1505023e+04   0.000000e+00   4.373075e+04   1536s
  293475    1.1505024e+04   0.000000e+00   4.749938e+04   1540s
  294445    1.1505025e+04   0.000000e+00   3.906640e+04   1549s
  294925    1.1505025e+04   0.000000e+00   8.046730e+04   1554s
  295405    1.1505026e+04   0.000000e+00   3.353947e+04   1558s
  295945    1.1505026e+04   0.000000e+00   4.484278e+05   1563s
  296475    1.1505026e+04   0.000000e+00   3.023609e+04   1567s
  297055    1.1505027e+04   0.000000e+00   4.750276e+04   1572s
  297585    1.1505027e+04   0.000000e+00   5.112545e+04   1576s
  298085    1.1505028e+04   0.000000e+00   5.396479e+04   1581s
  298585    1.1505028e+04   0.000000e+00   9.371786e+04   1586s
  299105    1.1505028e+04   0.000000e+00   4.013219e+04   1590s
  300115    1.1505029e+04   0.000000e+00   1.081112e+05   1599s
  300585    1.1505029e+04   0.000000e+00   1.539515e+04   1604s
  301045    1.1505030e+04   0.000000e+00   7.201443e+04   1608s
  301535    1.1505030e+04   0.000000e+00   2.408329e+04   1613s
  302045    1.1505030e+04   0.000000e+00   3.121689e+04   1617s
  302515    1.1505031e+04   0.000000e+00   1.525130e+05   1621s
  303035    1.1505031e+04   0.000000e+00   3.213140e+04   1626s
  303575    1.1505031e+04   0.000000e+00   2.250866e+04   1631s
  304075    1.1505032e+04   0.000000e+00   8.485578e+04   1635s
  305155    1.1505032e+04   0.000000e+00   2.366708e+04   1644s
  305715    1.1505033e+04   0.000000e+00   6.396160e+04   1649s
  306235    1.1505033e+04   0.000000e+00   1.622272e+04   1653s
  306715    1.1505033e+04   0.000000e+00   2.035558e+04   1658s
  307175    1.1505034e+04   0.000000e+00   2.652826e+05   1662s
  307665    1.1505034e+04   0.000000e+00   4.270471e+04   1667s
  308215    1.1505034e+04   0.000000e+00   5.184990e+04   1671s
  308715    1.1505035e+04   0.000000e+00   3.187827e+04   1676s
  309215    1.1505035e+04   0.000000e+00   4.418639e+04   1680s
  310235    1.1505035e+04   0.000000e+00   4.491326e+04   1689s
  310755    1.1505036e+04   0.000000e+00   1.151115e+04   1693s
  311255    1.1505036e+04   0.000000e+00   2.884831e+04   1698s
  311785    1.1505036e+04   0.000000e+00   6.423708e+04   1703s
  312315    1.1505036e+04   0.000000e+00   6.289846e+04   1707s
  312825    1.1505037e+04   0.000000e+00   4.343368e+04   1712s
  313315    1.1505037e+04   0.000000e+00   2.019396e+04   1716s
  313795    1.1505037e+04   0.000000e+00   1.815953e+06   1721s
  314295    1.1505038e+04   0.000000e+00   1.794305e+04   1725s
  315415    1.1505038e+04   0.000000e+00   1.144985e+04   1734s
  315935    1.1505039e+04   0.000000e+00   1.760725e+04   1739s
  316405    1.1505039e+04   0.000000e+00   1.983497e+04   1743s
  316865    1.1505039e+04   0.000000e+00   1.084551e+05   1748s
  317425    1.1505040e+04   0.000000e+00   3.952340e+04   1752s
  317945    1.1505040e+04   0.000000e+00   2.083020e+04   1757s
  318415    1.1505040e+04   0.000000e+00   3.400903e+04   1761s
  318905    1.1505040e+04   0.000000e+00   1.666025e+05   1766s
  319435    1.1505041e+04   0.000000e+00   1.610124e+04   1771s
  319945    1.1505041e+04   0.000000e+00   2.884588e+04   1775s
  321025    1.1505042e+04   0.000000e+00   1.757057e+04   1784s
  321545    1.1505042e+04   0.000000e+00   9.609187e+03   1789s
  322005    1.1505042e+04   0.000000e+00   9.945233e+04   1793s
  322485    1.1505042e+04   0.000000e+00   1.322200e+04   1798s
  322945    1.1505043e+04   0.000000e+00   9.051676e+03   1802s
  323425    1.1505043e+04   0.000000e+00   1.815689e+05   1807s
  323935    1.1505043e+04   0.000000e+00   7.341978e+04   1811s
  324455    1.1505043e+04   0.000000e+00   2.402724e+04   1816s
  324985    1.1505044e+04   0.000000e+00   1.424650e+04   1820s
  326005    1.1505044e+04   0.000000e+00   1.862429e+04   1829s
  326485    1.1505044e+04   0.000000e+00   2.136055e+04   1834s
  326985    1.1505045e+04   0.000000e+00   9.311186e+03   1838s
  327485    1.1505045e+04   0.000000e+00   7.752172e+03   1843s
  327945    1.1505045e+04   0.000000e+00   1.053327e+04   1847s
  328415    1.1505045e+04   0.000000e+00   1.946345e+04   1852s
  328955    1.1505046e+04   0.000000e+00   1.463495e+04   1856s
  329455    1.1505046e+04   0.000000e+00   1.212405e+04   1861s
  329925    1.1505046e+04   0.000000e+00   1.967093e+04   1865s
  330885    1.1505046e+04   0.000000e+00   8.128781e+03   1874s
  331335    1.1505047e+04   0.000000e+00   5.731585e+04   1878s
  331775    1.1505047e+04   0.000000e+00   8.914254e+03   1883s
  332215    1.1505047e+04   0.000000e+00   4.409882e+04   1887s
  332735    1.1505047e+04   0.000000e+00   1.952681e+04   1892s
  333225    1.1505047e+04   0.000000e+00   1.050461e+05   1896s
  333715    1.1505048e+04   0.000000e+00   1.243103e+04   1901s
  334215    1.1505048e+04   0.000000e+00   1.916822e+04   1905s
  335215    1.1505048e+04   0.000000e+00   1.126121e+04   1914s
  335685    1.1505049e+04   0.000000e+00   7.661663e+03   1919s
  336155    1.1505049e+04   0.000000e+00   1.769568e+04   1923s
  336625    1.1505049e+04   0.000000e+00   6.416810e+04   1928s
  337115    1.1505049e+04   0.000000e+00   3.138305e+04   1932s
  337635    1.1505049e+04   0.000000e+00   1.179975e+04   1936s
  338145    1.1505050e+04   0.000000e+00   8.087334e+03   1941s
  338625    1.1505050e+04   0.000000e+00   1.159648e+04   1946s
  339565    1.1505050e+04   0.000000e+00   1.315176e+04   1954s
  340035    1.1505050e+04   0.000000e+00   1.985732e+04   1959s
  340505    1.1505050e+04   0.000000e+00   1.303471e+04   1963s
  340995    1.1505051e+04   0.000000e+00   3.878036e+04   1968s
  341485    1.1505051e+04   0.000000e+00   4.447141e+03   1972s
  341955    1.1505051e+04   0.000000e+00   6.628448e+03   1977s
  342465    1.1505051e+04   0.000000e+00   1.050380e+04   1981s
  343015    1.1505051e+04   0.000000e+00   3.773834e+04   1986s
  343555    1.1505052e+04   0.000000e+00   8.918634e+03   1990s
  344695    1.1505052e+04   0.000000e+00   8.576196e+04   2000s
  345195    1.1505052e+04   0.000000e+00   1.956626e+04   2004s
  345755    1.1505053e+04   0.000000e+00   3.294535e+04   2009s
  346295    1.1505053e+04   0.000000e+00   4.703011e+04   2013s
  346815    1.1505053e+04   0.000000e+00   2.073951e+04   2018s
  347325    1.1505053e+04   0.000000e+00   4.391766e+04   2022s
  347835    1.1505053e+04   0.000000e+00   1.257613e+04   2027s
  348365    1.1505053e+04   0.000000e+00   1.791479e+04   2031s
  348915    1.1505054e+04   0.000000e+00   5.932178e+03   2036s
  349495    1.1505054e+04   0.000000e+00   2.118893e+04   2040s
  350575    1.1505054e+04   0.000000e+00   6.432389e+04   2049s
  351055    1.1505054e+04   0.000000e+00   1.049109e+05   2054s
  351625    1.1505055e+04   0.000000e+00   4.901053e+03   2059s
  352145    1.1505055e+04   0.000000e+00   2.407107e+04   2063s
  352715    1.1505055e+04   0.000000e+00   7.907727e+03   2068s
  353235    1.1505055e+04   0.000000e+00   4.019524e+03   2072s
  353705    1.1505055e+04   0.000000e+00   1.951505e+04   2077s
  354225    1.1505056e+04   0.000000e+00   1.339282e+04   2081s
  354745    1.1505056e+04   0.000000e+00   2.056234e+04   2085s
  355785    1.1505056e+04   0.000000e+00   1.094328e+04   2094s
  356315    1.1505056e+04   0.000000e+00   1.100329e+04   2099s
  356835    1.1505057e+04   0.000000e+00   5.615736e+03   2104s
  357375    1.1505057e+04   0.000000e+00   7.767548e+03   2108s
  357885    1.1505057e+04   0.000000e+00   1.593446e+04   2113s
  358385    1.1505057e+04   0.000000e+00   4.173700e+03   2117s
  358935    1.1505057e+04   0.000000e+00   5.787960e+03   2122s
  359495    1.1505057e+04   0.000000e+00   9.604876e+03   2126s
  359975    1.1505057e+04   0.000000e+00   5.004282e+03   2131s
  360485    1.1505058e+04   0.000000e+00   1.967653e+03   2135s
  361475    1.1505058e+04   0.000000e+00   1.119897e+04   2144s
  361975    1.1505058e+04   0.000000e+00   9.069519e+03   2148s
  362525    1.1505058e+04   0.000000e+00   6.566370e+03   2153s
  363025    1.1505058e+04   0.000000e+00   4.338025e+03   2157s
  363505    1.1505058e+04   0.000000e+00   5.311986e+03   2162s
  363955    1.1505059e+04   0.000000e+00   7.284374e+03   2166s
  364425    1.1505059e+04   0.000000e+00   7.908915e+03   2171s
  365375    1.1505059e+04   0.000000e+00   4.687780e+04   2179s
  365895    1.1505059e+04   0.000000e+00   3.847702e+03   2184s
  366415    1.1505059e+04   0.000000e+00   5.881463e+03   2188s
  366915    1.1505059e+04   0.000000e+00   3.138893e+03   2193s
  367395    1.1505059e+04   0.000000e+00   7.969746e+03   2197s
  367895    1.1505060e+04   0.000000e+00   1.449479e+04   2201s
  368365    1.1505060e+04   0.000000e+00   5.820254e+03   2206s
  368875    1.1505060e+04   0.000000e+00   2.221850e+04   2210s
  369865    1.1505060e+04   0.000000e+00   4.477976e+04   2219s
  370345    1.1505060e+04   0.000000e+00   6.209667e+03   2223s
  370815    1.1505060e+04   0.000000e+00   6.581557e+03   2228s
  371305    1.1505060e+04   0.000000e+00   8.873749e+03   2232s
  371795    1.1505060e+04   0.000000e+00   6.536897e+03   2237s
  372265    1.1505061e+04   0.000000e+00   1.763228e+03   2241s
  372745    1.1505061e+04   0.000000e+00   1.938652e+04   2245s
  373765    1.1505061e+04   0.000000e+00   4.253507e+03   2254s
  374295    1.1505061e+04   0.000000e+00   5.028033e+04   2259s
  374815    1.1505061e+04   0.000000e+00   6.694752e+03   2263s
  375295    1.1505061e+04   0.000000e+00   1.505498e+04   2268s
  375775    1.1505061e+04   0.000000e+00   1.943797e+04   2272s
  376325    1.1505061e+04   0.000000e+00   8.474030e+03   2276s
  376845    1.1505062e+04   0.000000e+00   7.828162e+03   2281s
  377405    1.1505062e+04   0.000000e+00   3.937950e+03   2285s
  378465    1.1505062e+04   0.000000e+00   4.631744e+03   2294s
  378965    1.1505062e+04   0.000000e+00   2.828290e+03   2298s
  379445    1.1505062e+04   0.000000e+00   8.944989e+03   2303s
  379935    1.1505062e+04   0.000000e+00   8.660551e+03   2307s
  380415    1.1505062e+04   0.000000e+00   9.289980e+04   2312s
  380915    1.1505062e+04   0.000000e+00   7.251402e+03   2316s
  381385    1.1505063e+04   0.000000e+00   3.837726e+03   2320s
  382375    1.1505063e+04   0.000000e+00   1.382215e+04   2329s
  382835    1.1505063e+04   0.000000e+00   2.115752e+03   2333s
  383325    1.1505063e+04   0.000000e+00   3.179714e+03   2338s
  383845    1.1505063e+04   0.000000e+00   3.017944e+03   2342s
  384325    1.1505063e+04   0.000000e+00   1.880240e+03   2347s
  384795    1.1505063e+04   0.000000e+00   2.774569e+03   2351s
  385285    1.1505063e+04   0.000000e+00   8.130070e+02   2355s
  386335    1.1505063e+04   0.000000e+00   1.195143e+03   2364s
  386855    1.1505064e+04   0.000000e+00   2.962537e+03   2369s
  387375    1.1505064e+04   0.000000e+00   7.966442e+03   2373s
  387865    1.1505064e+04   0.000000e+00   2.835665e+03   2378s
  388345    1.1505064e+04   0.000000e+00   1.610789e+03   2382s
  388805    1.1505064e+04   0.000000e+00   8.667876e+02   2386s
  389315    1.1505064e+04   0.000000e+00   2.215897e+03   2391s
  389775    1.1505064e+04   0.000000e+00   3.780800e+03   2395s
  390645    1.1505064e+04   0.000000e+00   2.926498e+04   2403s
  391115    1.1505064e+04   0.000000e+00   1.120100e+03   2408s
  391565    1.1505064e+04   0.000000e+00   4.724504e+03   2412s
  392045    1.1505064e+04   0.000000e+00   7.821071e+03   2416s
  392525    1.1505064e+04   0.000000e+00   3.060373e+03   2421s
  393035    1.1505064e+04   0.000000e+00   1.765088e+03   2425s
  394025    1.1505065e+04   0.000000e+00   2.252608e+03   2434s
  394515    1.1505065e+04   0.000000e+00   1.008087e+03   2438s
  395015    1.1505065e+04   0.000000e+00   1.555172e+03   2443s
  395485    1.1505065e+04   0.000000e+00   4.952010e+03   2447s
  395965    1.1505065e+04   0.000000e+00   5.792510e+02   2451s
  396445    1.1505065e+04   0.000000e+00   8.528364e+02   2456s
  397385    1.1505065e+04   0.000000e+00   1.574703e+03   2464s
  397855    1.1505065e+04   0.000000e+00   8.771962e+02   2468s
  398315    1.1505065e+04   0.000000e+00   1.034984e+03   2473s
  398805    1.1505065e+04   0.000000e+00   2.890695e+03   2477s
  399335    1.1505065e+04   0.000000e+00   5.559351e+02   2482s
  399825    1.1505065e+04   0.000000e+00   6.915323e+02   2486s
  400325    1.1505065e+04   0.000000e+00   7.221842e+02   2490s
  401285    1.1505065e+04   0.000000e+00   6.409025e+02   2499s
  401775    1.1505065e+04   0.000000e+00   4.645159e+03   2503s
  402305    1.1505066e+04   0.000000e+00   7.770622e+02   2508s
  402805    1.1505066e+04   0.000000e+00   2.337927e+03   2512s
  403295    1.1505066e+04   0.000000e+00   8.448635e+02   2516s
  403785    1.1505066e+04   0.000000e+00   3.325544e+03   2521s
  404805    1.1505066e+04   0.000000e+00   1.020598e+03   2529s
  405345    1.1505066e+04   0.000000e+00   2.152925e+03   2533s
  405835    1.1505066e+04   0.000000e+00   6.859999e+02   2538s
  406325    1.1505066e+04   0.000000e+00   6.735694e+02   2542s
  406805    1.1505066e+04   0.000000e+00   1.708961e+03   2546s
  407265    1.1505066e+04   0.000000e+00   5.862754e+03   2551s
  408255    1.1505066e+04   0.000000e+00   5.685199e+02   2559s
  408715    1.1505066e+04   0.000000e+00   2.924556e+04   2564s
  409215    1.1505066e+04   0.000000e+00   3.359085e+02   2568s
  409735    1.1505066e+04   0.000000e+00   8.155750e+02   2572s
  410225    1.1505066e+04   0.000000e+00   6.499031e+02   2576s
  410705    1.1505066e+04   0.000000e+00   1.035921e+03   2581s
  411185    1.1505066e+04   0.000000e+00   2.364179e+02   2585s
  412135    1.1505066e+04   0.000000e+00   5.637154e+02   2594s
  412615    1.1505066e+04   0.000000e+00   2.288693e+02   2598s
  413085    1.1505066e+04   0.000000e+00   3.857880e+03   2602s
  413535    1.1505066e+04   0.000000e+00   5.630414e+02   2606s
  413965    1.1505066e+04   0.000000e+00   4.574704e+02   2610s
  414885    1.1505067e+04   0.000000e+00   3.659852e+02   2619s
  415315    1.1505067e+04   0.000000e+00   8.025078e+02   2623s
  415745    1.1505067e+04   0.000000e+00   2.860445e+02   2627s
  416205    1.1505067e+04   0.000000e+00   7.546168e+02   2631s
  416635    1.1505067e+04   0.000000e+00   4.781692e+02   2636s
  417535    1.1505067e+04   0.000000e+00   2.084205e+02   2644s
  418015    1.1505067e+04   0.000000e+00   3.755501e+02   2648s
  418465    1.1505067e+04   0.000000e+00   1.631019e+02   2653s
  418895    1.1505067e+04   0.000000e+00   2.738940e+02   2657s
  419325    1.1505067e+04   0.000000e+00   3.018338e+02   2661s
  420165    1.1505067e+04   0.000000e+00   5.263630e+02   2669s
  420595    1.1505067e+04   0.000000e+00   4.886410e+02   2673s
  421075    1.1505067e+04   0.000000e+00   1.009603e+02   2677s
  421525    1.1505067e+04   0.000000e+00   2.783444e+02   2681s
  422005    1.1505067e+04   0.000000e+00   1.091803e+02   2686s
  422485    1.1505067e+04   0.000000e+00   8.020253e+02   2690s
  423445    1.1505067e+04   0.000000e+00   1.006663e+02   2698s
  423935    1.1505067e+04   0.000000e+00   1.791016e+02   2702s
  424405    1.1505067e+04   0.000000e+00   1.171467e+02   2707s
  424875    1.1505067e+04   0.000000e+00   5.410209e+01   2711s
  425855    1.1505067e+04   0.000000e+00   9.734937e+01   2719s
  426305    1.1505067e+04   0.000000e+00   6.515432e+01   2723s
  426805    1.1505067e+04   0.000000e+00   4.258254e+01   2727s
  427305    1.1505067e+04   0.000000e+00   8.557496e+01   2731s
  427845    1.1505067e+04   0.000000e+00   2.553591e+01   2735s
  428725    1.1505067e+04   0.000000e+00   2.535341e+01   2743s
  429185    1.1505067e+04   0.000000e+00   1.032612e+02   2747s
  429655    1.1505067e+04   0.000000e+00   6.509393e+03   2751s
  430105    1.1505067e+04   0.000000e+00   2.866601e+01   2755s
  430965    1.1505067e+04   0.000000e+00   2.802531e+01   2763s
  431415    1.1505067e+04   0.000000e+00   1.337777e+01   2767s
  431875    1.1505067e+04   0.000000e+00   9.786459e+00   2771s
  432835    1.1505067e+04   0.000000e+00   9.473057e-01   2778s
  433375    1.1505067e+04   0.000000e+00   4.477546e-02   2781s
  434225    1.1505067e+04   0.000000e+00   8.120833e-02   2788s
  434435    1.1505067e+04   0.000000e+00   3.772917e-02   2790s
Extra simplex iterations after uncrush: 386779
  434520    1.1503619e+04   0.000000e+00   0.000000e+00   2792s

Solved in 434520 iterations and 2791.86 seconds (4506.17 work units)
Optimal objective  1.150361947e+04
