
Gurobi 10.0.1 (linux64) logging started Mon Mar 10 21:47:36 2025

Set parameter LogFile to value "Results/Conservative_experiment/c1_0.90_c2_0.70.log"
Set parameter TimeLimit to value 36000
Gurobi Optimizer version 10.0.1 build v10.0.1rc0 (linux64)

CPU model: AMD EPYC 9654 96-Core Processor, instruction set [SSE2|AVX|AVX2|AVX512]
Thread count: 192 physical cores, 192 logical processors, using up to 32 threads

Academic license 656792 - for non-commercial use only - registered to b.___@student.vu.nl
Optimize a model with 1498050 rows, 1622512 columns and 5976640 nonzeros
Model fingerprint: 0x75c52670
Coefficient statistics:
  Matrix range     [7e-01, 1e+00]
  Objective range  [6e-02, 5e+00]
  Bounds range     [0e+00, 0e+00]
  RHS range        [1e-02, 1e+03]
Presolve removed 955510 rows and 878809 columns (presolve time = 5s) ...
Presolve removed 955510 rows and 878809 columns
Presolve time: 5.18s
Presolved: 542540 rows, 743703 columns, 2508755 nonzeros

Concurrent LP optimizer: primal simplex, dual simplex, and barrier
Showing barrier log only...

Ordering time: 1.46s

Barrier statistics:
 AA' NZ     : 1.721e+06
 Factor NZ  : 1.393e+07 (roughly 250 MB of memory)
 Factor Ops : 7.897e+09 (less than 1 second per iteration)
 Threads    : 30

                  Objective                Residual
Iter       Primal          Dual         Primal    Dual     Compl     Time
   0  -7.87025930e+06  1.56081650e+08  9.48e+05 8.39e+01  2.10e+04     8s
   1  -7.95863711e+06  1.33650697e+08  5.62e+05 1.57e+02  1.22e+04     8s
   2  -1.24334475e+07  1.10150367e+08  1.62e+05 8.33e+01  4.29e+03     8s
   3  -5.60633592e+07  8.49923200e+07  5.47e+04 6.15e+01  2.40e+03     9s
   4  -6.22215663e+07  1.80374698e+07  2.23e+04 8.93e+00  6.10e+02     9s
   5  -2.71493132e+07  6.26657371e+06  6.68e+03 2.46e+00  1.91e+02     9s
   6  -1.51891827e+07  2.29817041e+06  3.38e+03 5.82e-01  8.40e+01     9s
   7  -4.06660709e+06  8.82128075e+05  7.46e+02 4.62e-02  2.04e+01     9s
   8  -8.82084098e+05  3.39922454e+05  1.44e+02 1.62e-03  4.56e+00     9s
   9  -9.50613995e+04  1.72360695e+05  1.89e+01 3.18e-12  9.19e-01    10s
  10  -3.74227257e+04  1.21026465e+05  1.07e+01 1.76e-12  5.31e-01    10s
  11  -2.04264679e+04  9.34053465e+04  8.19e+00 1.26e-12  3.76e-01    10s
  12  -1.06434748e+04  6.15347789e+04  5.95e+00 1.52e-12  2.33e-01    10s
  13  -2.93560830e+02  4.34707708e+04  3.19e+00 1.97e-12  1.37e-01    10s
  14   4.73432483e+03  3.15431941e+04  1.55e+00 1.55e-12  8.17e-02    10s
  15   4.88362127e+03  2.68690069e+04  1.52e+00 1.88e-12  6.71e-02    10s
  16   7.92086231e+03  2.09870799e+04  8.60e-01 1.64e-12  3.94e-02    11s
  17   8.98932201e+03  1.90764249e+04  5.94e-01 1.83e-12  3.03e-02    11s
  18   9.99545410e+03  1.60276509e+04  3.41e-01 1.50e-12  1.80e-02    11s
  19   1.04731932e+04  1.39594689e+04  2.29e-01 2.08e-12  1.04e-02    11s
  20   1.09249528e+04  1.28362190e+04  1.27e-01 1.70e-12  5.71e-03    11s
  21   1.11395946e+04  1.22286714e+04  7.89e-02 1.82e-12  3.26e-03    11s
  22   1.12061469e+04  1.21399751e+04  6.50e-02 1.60e-12  2.79e-03    12s
  23   1.12884413e+04  1.20605124e+04  4.84e-02 2.40e-12  2.30e-03    12s
  24   1.13329339e+04  1.20203027e+04  4.02e-02 3.21e-12  2.05e-03    12s
  25   1.13682511e+04  1.20098053e+04  3.62e-02 2.92e-12  1.91e-03    12s
  26   1.13937726e+04  1.19797063e+04  3.37e-02 2.35e-12  1.74e-03    12s
  27   1.14034488e+04  1.19580110e+04  3.08e-02 2.95e-12  1.65e-03    12s
  28   1.14429419e+04  1.18777774e+04  2.53e-02 2.77e-12  1.29e-03    13s
  29   1.14969116e+04  1.18170720e+04  1.66e-02 2.07e-12  9.50e-04    13s
  30   1.15331385e+04  1.17850369e+04  1.10e-02 1.86e-12  7.46e-04    13s
  31   1.15495381e+04  1.17520964e+04  8.85e-03 1.83e-12  6.00e-04    13s
  32   1.15585808e+04  1.17434805e+04  7.86e-03 2.18e-12  5.47e-04    13s
  33   1.15701878e+04  1.17125262e+04  5.90e-03 2.37e-12  4.21e-04    14s
  34   1.15774711e+04  1.16877421e+04  4.92e-03 2.73e-12  3.27e-04    14s
  35   1.15824709e+04  1.16763710e+04  4.23e-03 2.83e-12  2.78e-04    14s
  36   1.15877485e+04  1.16643768e+04  3.54e-03 2.85e-12  2.27e-04    14s
  37   1.15905674e+04  1.16612213e+04  3.24e-03 3.47e-12  2.09e-04    15s
  38   1.15957375e+04  1.16575034e+04  2.79e-03 2.87e-12  1.83e-04    15s
  39   1.16005379e+04  1.16559451e+04  2.45e-03 3.65e-12  1.64e-04    15s
  40   1.16048478e+04  1.16531474e+04  2.17e-03 2.89e-12  1.43e-04    15s
  41   1.16074428e+04  1.16519692e+04  1.98e-03 5.27e-12  1.32e-04    15s
  42   1.16092679e+04  1.16518945e+04  1.85e-03 4.35e-12  1.26e-04    16s
  43   1.16093286e+04  1.16503286e+04  1.74e-03 3.75e-12  1.21e-04    16s
  44   1.16101381e+04  1.16470689e+04  1.54e-03 4.79e-12  1.09e-04    16s
  45   1.16139160e+04  1.16446133e+04  1.16e-03 3.69e-12  9.07e-05    16s
  46   1.16140130e+04  1.16403275e+04  1.15e-03 3.54e-12  7.79e-05    16s
  47   1.16167755e+04  1.16350415e+04  6.54e-04 3.26e-12  5.39e-05    17s
  48   1.16181371e+04  1.16329635e+04  4.51e-04 2.44e-12  4.37e-05    17s
  49   1.16199082e+04  1.16242888e+04  1.39e-04 2.87e-12  1.29e-05    17s
  50   1.16204195e+04  1.16225824e+04  4.53e-05 3.63e-12  6.35e-06    17s
  51   1.16206132e+04  1.16216666e+04  1.18e-05 3.35e-12  3.08e-06    17s
  52   1.16206560e+04  1.16211792e+04  4.68e-06 2.86e-12  1.53e-06    17s
  53   1.16206633e+04  1.16208258e+04  3.81e-06 2.38e-12  4.79e-07    18s
  54   1.16206766e+04  1.16207683e+04  2.17e-06 2.79e-12  2.70e-07    18s
  55   1.16206869e+04  1.16207259e+04  1.02e-06 3.36e-12  1.15e-07    18s
  56   1.16206896e+04  1.16207151e+04  7.15e-07 3.00e-12  7.56e-08    18s
  57   1.16206936e+04  1.16207098e+04  2.70e-07 2.74e-12  4.78e-08    18s
  58   1.16206958e+04  1.16207018e+04  1.26e-08 3.50e-12  1.74e-08    18s
  59   1.16206961e+04  1.16206964e+04  1.39e-08 4.40e-12  1.06e-09    18s
  60   1.16206962e+04  1.16206962e+04  2.51e-10 5.51e-12  4.10e-12    18s

Barrier solved model in 60 iterations and 18.47 seconds (15.17 work units)
Optimal objective 1.16206962e+04

Crossover log...

   30230 DPushes remaining with DInf 0.0000000e+00                19s
       0 DPushes remaining with DInf 0.0000000e+00                19s

  105402 PPushes remaining with PInf 0.0000000e+00                19s
       0 PPushes remaining with PInf 0.0000000e+00                19s

  Push phase complete: Pinf 0.0000000e+00, Dinf 1.8262281e-11     19s


Solved with barrier
Extra simplex iterations after uncrush: 1215
Iteration    Objective       Primal Inf.    Dual Inf.      Time
  134850    1.1620696e+04   0.000000e+00   0.000000e+00     20s

Use crossover to convert LP symmetric solution to basic solution...
Crossover log...

   11033 DPushes remaining with DInf 0.0000000e+00                20s
       0 DPushes remaining with DInf 0.0000000e+00                21s

    8652 PPushes remaining with PInf 0.0000000e+00                21s
       0 PPushes remaining with PInf 0.0000000e+00                21s

  Push phase complete: Pinf 0.0000000e+00, Dinf 1.9571844e-12     21s

Iteration    Objective       Primal Inf.    Dual Inf.      Time
  158178    1.1620697e+04   0.000000e+00   4.273377e+01     26s
  159065    1.1620696e+04   0.000000e+00   0.000000e+00     30s
Extra simplex iterations after uncrush: 4528

Solved in 159065 iterations and 30.32 seconds (41.13 work units)
Optimal objective  1.162069615e+04
