
Gurobi 10.0.1 (linux64) logging started Mon Mar 10 21:39:01 2025

Set parameter LogFile to value "Results/Conservative_experiment/c1_0.60_c2_0.00.log"
Set parameter TimeLimit to value 36000
Gurobi Optimizer version 10.0.1 build v10.0.1rc0 (linux64)

CPU model: AMD EPYC 9654 96-Core Processor, instruction set [SSE2|AVX|AVX2|AVX512]
Thread count: 192 physical cores, 192 logical processors, using up to 32 threads

Academic license 656792 - for non-commercial use only - registered to b.___@student.vu.nl
Optimize a model with 1498050 rows, 1622512 columns and 5965248 nonzeros
Model fingerprint: 0xdb7fc0bf
Coefficient statistics:
  Matrix range     [6e-01, 1e+00]
  Objective range  [6e-02, 5e+00]
  Bounds range     [0e+00, 0e+00]
  RHS range        [1e-02, 1e+03]
Presolve removed 1137941 rows and 1144695 columns
Presolve time: 3.72s
Presolved: 360109 rows, 477817 columns, 1778097 nonzeros

Concurrent LP optimizer: primal simplex, dual simplex, and barrier
Showing barrier log only...

Ordering time: 0.42s

Barrier statistics:
 AA' NZ     : 3.019e+05
 Factor NZ  : 3.493e+06 (roughly 70 MB of memory)
 Factor Ops : 1.234e+09 (less than 1 second per iteration)
 Threads    : 30

                  Objective                Residual
Iter       Primal          Dual         Primal    Dual     Compl     Time
   0  -1.49479740e+09  8.77485099e+07  1.16e+06 5.10e+01  2.88e+04     5s
   1  -4.58681560e+08  6.73515319e+07  3.49e+05 5.24e+01  7.72e+03     5s
   2  -1.22375912e+08  3.30416118e+07  8.82e+04 2.14e+00  1.81e+03     5s
   3  -3.60010588e+07  8.80977268e+06  2.51e+04 1.23e-01  4.95e+02     5s
   4  -1.14892425e+07  3.48240590e+06  7.83e+03 2.96e-02  1.61e+02     5s
   5  -6.52710505e+06  1.81215190e+06  4.40e+03 4.49e-03  8.83e+01     5s
   6  -2.93672557e+06  1.44689646e+06  1.94e+03 2.98e-03  4.58e+01     5s
   7  -1.26072909e+06  4.97550209e+05  8.26e+02 5.46e-12  1.75e+01     5s
   8  -1.56815751e+05  2.43040456e+05  9.57e+01 1.00e-11  3.89e+00     5s
   9  -5.17033085e+04  1.12153139e+05  3.31e+01 5.68e-12  1.51e+00     5s
  10  -4.94554349e+03  4.32381554e+04  7.55e+00 1.71e-12  4.22e-01     5s
  11   5.57057990e+03  2.31415507e+04  2.50e+00 2.09e-12  1.51e-01     5s
  12   8.78257404e+03  1.67168829e+04  1.06e+00 2.88e-12  6.79e-02     5s
  13   9.15698265e+03  1.48329458e+04  9.04e-01 1.81e-12  4.69e-02     5s
  14   9.90731460e+03  1.34981060e+04  6.00e-01 2.23e-12  2.93e-02     5s
  15   1.04673152e+04  1.27801739e+04  3.80e-01 2.62e-12  1.89e-02     5s
  16   1.07215888e+04  1.23898176e+04  2.84e-01 3.25e-12  1.35e-02     5s
  17   1.08328821e+04  1.19785683e+04  2.42e-01 1.76e-12  8.79e-03     6s
  18   1.11359680e+04  1.18194618e+04  1.30e-01 2.75e-12  5.39e-03     6s
  19   1.13249696e+04  1.17083955e+04  6.23e-02 2.41e-12  3.14e-03     6s
  20   1.13383605e+04  1.16726943e+04  5.81e-02 2.19e-12  2.70e-03     6s
  21   1.13426340e+04  1.16556695e+04  5.62e-02 2.70e-12  2.51e-03     6s
  22   1.13754092e+04  1.16070411e+04  4.42e-02 3.36e-12  1.83e-03     6s
  23   1.14434896e+04  1.15660142e+04  2.03e-02 3.03e-12  1.00e-03     6s
  24   1.14593511e+04  1.15489882e+04  1.49e-02 2.22e-12  7.31e-04     6s
  25   1.14807834e+04  1.15325198e+04  7.58e-03 2.69e-12  4.33e-04     6s
  26   1.14987797e+04  1.15084821e+04  1.51e-03 3.74e-12  8.03e-05     6s
  27   1.15029626e+04  1.15038343e+04  2.01e-04 2.78e-12  6.53e-06     6s
  28   1.15035655e+04  1.15036928e+04  1.58e-05 2.51e-12  1.10e-06     6s
  29   1.15036183e+04  1.15036306e+04  2.14e-07 3.21e-12  1.20e-07     6s
  30   1.15036195e+04  1.15036195e+04  1.62e-10 4.07e-12  1.18e-10     6s

Barrier solved model in 30 iterations and 6.11 seconds (5.52 work units)
Optimal objective 1.15036195e+04

Crossover log...

   15163 DPushes remaining with DInf 0.0000000e+00                 6s
       0 DPushes remaining with DInf 0.0000000e+00                 6s

   19862 PPushes remaining with PInf 0.0000000e+00                 6s
       0 PPushes remaining with PInf 0.0000000e+00                 6s

  Push phase complete: Pinf 0.0000000e+00, Dinf 1.2063950e-10      6s


Solved with barrier
Extra simplex iterations after uncrush: 1111
Iteration    Objective       Primal Inf.    Dual Inf.      Time
   36072    1.1503619e+04   0.000000e+00   0.000000e+00      7s

Use crossover to convert LP symmetric solution to basic solution...
Crossover log...

    9617 DPushes remaining with DInf 0.0000000e+00                 7s
       0 DPushes remaining with DInf 0.0000000e+00                 8s

    1986 PPushes remaining with PInf 0.0000000e+00                 8s
       0 PPushes remaining with PInf 0.0000000e+00                 8s

  Push phase complete: Pinf 0.0000000e+00, Dinf 9.3198782e-12      8s

Iteration    Objective       Primal Inf.    Dual Inf.      Time
   50574    1.1503619e+04   0.000000e+00   7.413115e+04     11s
   54904    1.1503779e+04   0.000000e+00   6.801822e+04     15s
   58516    1.1503906e+04   0.000000e+00   1.998897e+05     20s
   62128    1.1504022e+04   0.000000e+00   2.535689e+05     25s
   65740    1.1504117e+04   0.000000e+00   1.316912e+05     31s
   68750    1.1504183e+04   0.000000e+00   1.244246e+05     36s
   71158    1.1504238e+04   0.000000e+00   2.507748e+05     40s
   73566    1.1504281e+04   0.000000e+00   1.165083e+05     46s
   75372    1.1504308e+04   0.000000e+00   2.041874e+05     51s
   77178    1.1504335e+04   0.000000e+00   2.661440e+05     56s
   78984    1.1504361e+04   0.000000e+00   2.178550e+05     61s
   80790    1.1504387e+04   0.000000e+00   1.044670e+05     66s
   82596    1.1504410e+04   0.000000e+00   3.280796e+05     71s
   83800    1.1504426e+04   0.000000e+00   2.559364e+05     75s
   85606    1.1504450e+04   0.000000e+00   2.371864e+05     81s
   87412    1.1504468e+04   0.000000e+00   2.925561e+05     86s
   89218    1.1504487e+04   0.000000e+00   2.014011e+05     91s
   91024    1.1504500e+04   0.000000e+00   2.936366e+05     97s
   92228    1.1504512e+04   0.000000e+00   1.291583e+05    100s
   94034    1.1504525e+04   0.000000e+00   1.360004e+05    106s
   95840    1.1504539e+04   0.000000e+00   1.567826e+05    111s
   97646    1.1504553e+04   0.000000e+00   2.886183e+05    116s
   99452    1.1504564e+04   0.000000e+00   2.000348e+05    121s
  101258    1.1504575e+04   0.000000e+00   9.857042e+05    126s
  103064    1.1504584e+04   0.000000e+00   2.241083e+05    131s
  104870    1.1504593e+04   0.000000e+00   1.175579e+05    136s
  106676    1.1504604e+04   0.000000e+00   2.224662e+05    142s
  107880    1.1504612e+04   0.000000e+00   5.148517e+06    147s
  109084    1.1504619e+04   0.000000e+00   2.704357e+05    151s
  110288    1.1504625e+04   0.000000e+00   1.149832e+05    156s
  111492    1.1504631e+04   0.000000e+00   6.407698e+05    161s
  112696    1.1504638e+04   0.000000e+00   1.931678e+06    166s
  113900    1.1504643e+04   0.000000e+00   5.164412e+05    172s
  115104    1.1504649e+04   0.000000e+00   1.967033e+05    177s
  116308    1.1504654e+04   0.000000e+00   8.608509e+05    183s
  116910    1.1504658e+04   0.000000e+00   1.008918e+05    186s
  118114    1.1504664e+04   0.000000e+00   1.528788e+06    191s
  119318    1.1504669e+04   0.000000e+00   3.028616e+05    197s
  119920    1.1504672e+04   0.000000e+00   4.555013e+05    200s
  121124    1.1504681e+04   0.000000e+00   2.216146e+05    206s
  122328    1.1504687e+04   0.000000e+00   3.081303e+05    211s
  123532    1.1504693e+04   0.000000e+00   3.647816e+05    217s
  124134    1.1504696e+04   0.000000e+00   2.730411e+05    220s
  125338    1.1504702e+04   0.000000e+00   1.866444e+06    227s
  126542    1.1504709e+04   0.000000e+00   2.485024e+05    233s
  127144    1.1504711e+04   0.000000e+00   3.495652e+05    235s
  128348    1.1504717e+04   0.000000e+00   5.181058e+05    241s
  129552    1.1504722e+04   0.000000e+00   9.545784e+04    247s
  130154    1.1504724e+04   0.000000e+00   1.638977e+05    251s
  131358    1.1504729e+04   0.000000e+00   1.361856e+05    258s
  131960    1.1504733e+04   0.000000e+00   1.394980e+06    261s
  133164    1.1504737e+04   0.000000e+00   1.286769e+05    268s
  133766    1.1504740e+04   0.000000e+00   2.468151e+06    272s
  134368    1.1504744e+04   0.000000e+00   1.877829e+05    275s
  135572    1.1504749e+04   0.000000e+00   1.697788e+05    283s
  136174    1.1504752e+04   0.000000e+00   4.856148e+05    287s
  136776    1.1504755e+04   0.000000e+00   1.464316e+05    290s
  137980    1.1504758e+04   0.000000e+00   1.833387e+06    298s
  138582    1.1504760e+04   0.000000e+00   3.387904e+05    302s
  139184    1.1504762e+04   0.000000e+00   2.628184e+05    305s
  140388    1.1504767e+04   0.000000e+00   1.741182e+05    313s
  140990    1.1504769e+04   0.000000e+00   1.296323e+05    317s
  141592    1.1504771e+04   0.000000e+00   3.695089e+05    321s
  142796    1.1504776e+04   0.000000e+00   5.838164e+05    327s
  143398    1.1504778e+04   0.000000e+00   5.146332e+05    331s
  144602    1.1504785e+04   0.000000e+00   1.924583e+05    338s
  145204    1.1504786e+04   0.000000e+00   1.174177e+05    342s
  145806    1.1504788e+04   0.000000e+00   3.276663e+05    347s
  146408    1.1504789e+04   0.000000e+00   2.057907e+05    351s
  147612    1.1504794e+04   0.000000e+00   3.406823e+05    360s
  148214    1.1504796e+04   0.000000e+00   2.189707e+06    364s
  148816    1.1504798e+04   0.000000e+00   1.693522e+05    368s
  149418    1.1504800e+04   0.000000e+00   1.900280e+05    372s
  150020    1.1504802e+04   0.000000e+00   7.322263e+04    376s
  150622    1.1504804e+04   0.000000e+00   1.216613e+05    380s
  151826    1.1504808e+04   0.000000e+00   8.288194e+05    389s
  152428    1.1504809e+04   0.000000e+00   1.360912e+05    393s
  153030    1.1504811e+04   0.000000e+00   4.384716e+05    397s
  153632    1.1504814e+04   0.000000e+00   1.883584e+06    402s
  154234    1.1504816e+04   0.000000e+00   3.906657e+05    406s
  155438    1.1504820e+04   0.000000e+00   1.542750e+05    413s
  156040    1.1504822e+04   0.000000e+00   9.616617e+05    417s
  156642    1.1504824e+04   0.000000e+00   2.121872e+05    422s
  157244    1.1504826e+04   0.000000e+00   2.017527e+05    426s
  158448    1.1504830e+04   0.000000e+00   2.236758e+05    433s
  159050    1.1504832e+04   0.000000e+00   3.294271e+05    438s
  159652    1.1504834e+04   0.000000e+00   2.118186e+05    442s
  160254    1.1504836e+04   0.000000e+00   3.683338e+05    446s
  160856    1.1504837e+04   0.000000e+00   1.825930e+05    450s
  162060    1.1504841e+04   0.000000e+00   9.718776e+04    459s
  162662    1.1504842e+04   0.000000e+00   1.744211e+05    463s
  163264    1.1504844e+04   0.000000e+00   3.452524e+05    468s
  163866    1.1504846e+04   0.000000e+00   4.963956e+05    472s
  164468    1.1504848e+04   0.000000e+00   2.252902e+05    476s
  165070    1.1504850e+04   0.000000e+00   1.905535e+05    481s
  165672    1.1504852e+04   0.000000e+00   2.569549e+05    485s
  166876    1.1504856e+04   0.000000e+00   5.318998e+05    493s
  167478    1.1504858e+04   0.000000e+00   1.364640e+05    498s
  168080    1.1504860e+04   0.000000e+00   8.409882e+06    502s
  168670    1.1504861e+04   0.000000e+00   1.578838e+05    507s
  169272    1.1504863e+04   0.000000e+00   2.176897e+05    512s
  169852    1.1504864e+04   0.000000e+00   1.816818e+05    517s
  170454    1.1504866e+04   0.000000e+00   4.302660e+05    521s
  171056    1.1504868e+04   0.000000e+00   5.716301e+05    525s
  172260    1.1504871e+04   0.000000e+00   1.636775e+05    534s
  172862    1.1504872e+04   0.000000e+00   1.668704e+05    539s
  173464    1.1504873e+04   0.000000e+00   4.664919e+05    543s
  174066    1.1504875e+04   0.000000e+00   1.311160e+05    547s
  174668    1.1504876e+04   0.000000e+00   2.389127e+05    552s
  175270    1.1504877e+04   0.000000e+00   2.458549e+05    556s
  175870    1.1504879e+04   0.000000e+00   2.030573e+05    561s
  177074    1.1504882e+04   0.000000e+00   1.176424e+05    569s
  177674    1.1504883e+04   0.000000e+00   1.003788e+06    574s
  178276    1.1504884e+04   0.000000e+00   1.318965e+05    579s
  178878    1.1504886e+04   0.000000e+00   1.066217e+06    583s
  179478    1.1504887e+04   0.000000e+00   4.722243e+05    588s
  180080    1.1504888e+04   0.000000e+00   1.005456e+05    592s
  180682    1.1504890e+04   0.000000e+00   2.055171e+05    597s
  181284    1.1504891e+04   0.000000e+00   1.299546e+05    601s
  181886    1.1504893e+04   0.000000e+00   3.991998e+05    606s
  182488    1.1504894e+04   0.000000e+00   2.380086e+05    610s
  183692    1.1504896e+04   0.000000e+00   1.902848e+05    619s
  184294    1.1504898e+04   0.000000e+00   1.811367e+05    624s
  184896    1.1504899e+04   0.000000e+00   1.247186e+05    628s
  185498    1.1504900e+04   0.000000e+00   3.205534e+05    633s
  186100    1.1504902e+04   0.000000e+00   3.582629e+05    637s
  186702    1.1504904e+04   0.000000e+00   2.770079e+05    642s
  187272    1.1504905e+04   0.000000e+00   3.922527e+05    646s
  187792    1.1504906e+04   0.000000e+00   1.385027e+05    651s
  188352    1.1504907e+04   0.000000e+00   1.093597e+05    656s
  188902    1.1504908e+04   0.000000e+00   1.956165e+05    660s
  189432    1.1504909e+04   0.000000e+00   1.266347e+05    665s
  190452    1.1504910e+04   0.000000e+00   1.693663e+05    674s
  190972    1.1504912e+04   0.000000e+00   9.421031e+04    679s
  191492    1.1504912e+04   0.000000e+00   3.997146e+05    684s
  192062    1.1504913e+04   0.000000e+00   7.403931e+04    689s
  192612    1.1504914e+04   0.000000e+00   9.887132e+04    693s
  193112    1.1504916e+04   0.000000e+00   9.171425e+04    698s
  193714    1.1504917e+04   0.000000e+00   2.861651e+05    702s
  194316    1.1504918e+04   0.000000e+00   5.068063e+05    707s
  194906    1.1504920e+04   0.000000e+00   3.214212e+05    712s
  195486    1.1504922e+04   0.000000e+00   1.491958e+05    716s
  196016    1.1504923e+04   0.000000e+00   2.485207e+05    721s
  196546    1.1504924e+04   0.000000e+00   1.886176e+05    726s
  197096    1.1504925e+04   0.000000e+00   3.146077e+05    730s
  198166    1.1504927e+04   0.000000e+00   5.658374e+05    740s
  198716    1.1504928e+04   0.000000e+00   2.929143e+05    744s
  199226    1.1504929e+04   0.000000e+00   5.693613e+05    749s
  199756    1.1504930e+04   0.000000e+00   1.118478e+05    753s
  200358    1.1504931e+04   0.000000e+00   2.745983e+05    758s
  200948    1.1504932e+04   0.000000e+00   6.682510e+04    763s
  201508    1.1504934e+04   0.000000e+00   2.986810e+05    768s
  202048    1.1504935e+04   0.000000e+00   3.485210e+05    772s
  202588    1.1504936e+04   0.000000e+00   2.369378e+05    777s
  203158    1.1504937e+04   0.000000e+00   8.148385e+04    782s
  203688    1.1504938e+04   0.000000e+00   6.893270e+04    787s
  204198    1.1504939e+04   0.000000e+00   1.252838e+05    791s
  204778    1.1504940e+04   0.000000e+00   1.265119e+05    796s
  205368    1.1504940e+04   0.000000e+00   3.452507e+05    801s
  205908    1.1504941e+04   0.000000e+00   2.735460e+05    806s
  206418    1.1504943e+04   0.000000e+00   1.612370e+05    810s
  206878    1.1504943e+04   0.000000e+00   1.871530e+05    815s
  207958    1.1504946e+04   0.000000e+00   3.484107e+05    824s
  208488    1.1504947e+04   0.000000e+00   5.686659e+05    829s
  208988    1.1504948e+04   0.000000e+00   1.168196e+05    834s
  209518    1.1504949e+04   0.000000e+00   7.479642e+04    839s
  210028    1.1504950e+04   0.000000e+00   9.012619e+05    843s
  210508    1.1504951e+04   0.000000e+00   9.595216e+04    848s
  211048    1.1504952e+04   0.000000e+00   7.715524e+05    853s
  211578    1.1504953e+04   0.000000e+00   2.835933e+05    857s
  212128    1.1504954e+04   0.000000e+00   1.963859e+05    862s
  212618    1.1504955e+04   0.000000e+00   1.311710e+05    867s
  213128    1.1504955e+04   0.000000e+00   1.823155e+05    871s
  213698    1.1504956e+04   0.000000e+00   1.035462e+06    876s
  214268    1.1504957e+04   0.000000e+00   1.423915e+05    881s
  214808    1.1504958e+04   0.000000e+00   1.301222e+05    886s
  215358    1.1504959e+04   0.000000e+00   1.089898e+05    890s
  216398    1.1504961e+04   0.000000e+00   5.725497e+05    900s
  216918    1.1504962e+04   0.000000e+00   1.552626e+05    904s
  217398    1.1504963e+04   0.000000e+00   3.285032e+05    909s
  217938    1.1504964e+04   0.000000e+00   1.870527e+05    913s
  218498    1.1504965e+04   0.000000e+00   9.810282e+04    918s
  219068    1.1504966e+04   0.000000e+00   2.995871e+05    923s
  219628    1.1504967e+04   0.000000e+00   1.797680e+05    928s
  220138    1.1504968e+04   0.000000e+00   5.889824e+04    932s
  220608    1.1504969e+04   0.000000e+00   1.086078e+05    937s
  221128    1.1504969e+04   0.000000e+00   1.497775e+05    942s
  221658    1.1504970e+04   0.000000e+00   3.826216e+05    946s
  222178    1.1504971e+04   0.000000e+00   1.333874e+05    951s
  222688    1.1504972e+04   0.000000e+00   1.561343e+05    956s
  223188    1.1504972e+04   0.000000e+00   7.452179e+04    960s
  224208    1.1504974e+04   0.000000e+00   4.443229e+05    970s
  224778    1.1504975e+04   0.000000e+00   1.133882e+05    974s
  225298    1.1504976e+04   0.000000e+00   1.802217e+05    979s
  225808    1.1504977e+04   0.000000e+00   7.835041e+05    984s
  226338    1.1504978e+04   0.000000e+00   3.540869e+05    988s
  226858    1.1504978e+04   0.000000e+00   2.333678e+05    993s
  227338    1.1504979e+04   0.000000e+00   5.668351e+04    998s
  227868    1.1504980e+04   0.000000e+00   5.281410e+05   1002s
  228398    1.1504981e+04   0.000000e+00   3.331555e+05   1007s
  228888    1.1504982e+04   0.000000e+00   3.546535e+05   1012s
  229408    1.1504982e+04   0.000000e+00   1.081053e+05   1017s
  229918    1.1504983e+04   0.000000e+00   1.546425e+05   1021s
  230448    1.1504984e+04   0.000000e+00   1.307850e+05   1026s
  231008    1.1504985e+04   0.000000e+00   1.348047e+05   1031s
  231568    1.1504986e+04   0.000000e+00   1.112529e+05   1035s
  232138    1.1504987e+04   0.000000e+00   1.193651e+05   1040s
  233188    1.1504988e+04   0.000000e+00   1.184655e+05   1049s
  233678    1.1504989e+04   0.000000e+00   1.214954e+06   1054s
  234208    1.1504989e+04   0.000000e+00   1.236871e+05   1059s
  234738    1.1504990e+04   0.000000e+00   1.060259e+05   1064s
  235288    1.1504991e+04   0.000000e+00   1.567273e+05   1068s
  235808    1.1504992e+04   0.000000e+00   8.014757e+04   1073s
  236358    1.1504992e+04   0.000000e+00   7.328442e+04   1078s
  236898    1.1504993e+04   0.000000e+00   1.980134e+05   1082s
  237428    1.1504994e+04   0.000000e+00   1.735443e+05   1087s
  237958    1.1504995e+04   0.000000e+00   1.158552e+05   1092s
  238448    1.1504996e+04   0.000000e+00   1.314188e+05   1096s
  238918    1.1504996e+04   0.000000e+00   8.856510e+04   1101s
  239438    1.1504997e+04   0.000000e+00   1.210629e+05   1106s
  239928    1.1504998e+04   0.000000e+00   9.914212e+04   1110s
  240408    1.1504999e+04   0.000000e+00   2.724265e+05   1115s
  241358    1.1505000e+04   0.000000e+00   1.893290e+05   1124s
  241888    1.1505000e+04   0.000000e+00   6.690359e+05   1129s
  242378    1.1505001e+04   0.000000e+00   8.792992e+04   1134s
  242848    1.1505001e+04   0.000000e+00   1.617619e+05   1139s
  243348    1.1505002e+04   0.000000e+00   2.589014e+05   1143s
  243878    1.1505003e+04   0.000000e+00   1.503149e+05   1148s
  244428    1.1505004e+04   0.000000e+00   1.344446e+05   1153s
  244958    1.1505005e+04   0.000000e+00   8.791072e+04   1157s
  245468    1.1505006e+04   0.000000e+00   2.457784e+06   1162s
  245968    1.1505007e+04   0.000000e+00   8.667488e+04   1167s
  246418    1.1505007e+04   0.000000e+00   1.600842e+05   1171s
  246878    1.1505008e+04   0.000000e+00   3.941049e+04   1176s
  247358    1.1505008e+04   0.000000e+00   2.191176e+05   1181s
  247848    1.1505009e+04   0.000000e+00   3.415355e+05   1185s
  248848    1.1505010e+04   0.000000e+00   6.560813e+04   1195s
  249328    1.1505011e+04   0.000000e+00   9.224000e+04   1199s
  249828    1.1505012e+04   0.000000e+00   1.341976e+05   1204s
  250358    1.1505012e+04   0.000000e+00   5.169914e+05   1209s
  250828    1.1505013e+04   0.000000e+00   8.907357e+04   1213s
  251338    1.1505014e+04   0.000000e+00   2.192471e+05   1218s
  251878    1.1505015e+04   0.000000e+00   1.194023e+05   1223s
  252418    1.1505015e+04   0.000000e+00   8.027197e+05   1227s
  252908    1.1505016e+04   0.000000e+00   5.715579e+04   1232s
  253388    1.1505016e+04   0.000000e+00   2.072612e+05   1237s
  253958    1.1505017e+04   0.000000e+00   8.525540e+04   1241s
  254498    1.1505018e+04   0.000000e+00   1.603473e+05   1246s
  255078    1.1505019e+04   0.000000e+00   9.254691e+04   1251s
  255608    1.1505019e+04   0.000000e+00   1.108288e+05   1256s
  256108    1.1505020e+04   0.000000e+00   2.009467e+05   1260s
  257208    1.1505022e+04   0.000000e+00   2.386415e+05   1270s
  257748    1.1505022e+04   0.000000e+00   8.124516e+04   1274s
  258278    1.1505023e+04   0.000000e+00   7.184621e+04   1279s
  258778    1.1505024e+04   0.000000e+00   4.054963e+05   1284s
  259268    1.1505024e+04   0.000000e+00   1.308418e+05   1289s
  259788    1.1505025e+04   0.000000e+00   5.391712e+04   1293s
  260298    1.1505026e+04   0.000000e+00   1.001625e+05   1298s
  260818    1.1505026e+04   0.000000e+00   1.188014e+05   1303s
  261318    1.1505027e+04   0.000000e+00   2.936591e+05   1307s
  261838    1.1505028e+04   0.000000e+00   5.177638e+04   1312s
  262398    1.1505029e+04   0.000000e+00   1.381831e+05   1317s
  262938    1.1505029e+04   0.000000e+00   1.519695e+05   1321s
  263428    1.1505030e+04   0.000000e+00   7.508140e+04   1326s
  263958    1.1505030e+04   0.000000e+00   2.332170e+05   1331s
  264508    1.1505031e+04   0.000000e+00   1.143040e+05   1335s
  265038    1.1505031e+04   0.000000e+00   5.645460e+04   1340s
  265558    1.1505032e+04   0.000000e+00   8.312824e+04   1345s
  266578    1.1505033e+04   0.000000e+00   8.088223e+04   1354s
  267108    1.1505034e+04   0.000000e+00   1.934324e+05   1359s
  267628    1.1505034e+04   0.000000e+00   1.111133e+05   1364s
  268138    1.1505035e+04   0.000000e+00   8.328321e+04   1369s
  268648    1.1505035e+04   0.000000e+00   3.825830e+04   1374s
  269198    1.1505036e+04   0.000000e+00   1.547841e+05   1378s
  269708    1.1505036e+04   0.000000e+00   5.846500e+04   1383s
  270208    1.1505037e+04   0.000000e+00   9.751427e+04   1388s
  270698    1.1505037e+04   0.000000e+00   3.081896e+05   1393s
  271148    1.1505038e+04   0.000000e+00   6.430238e+04   1397s
  271658    1.1505038e+04   0.000000e+00   8.166536e+04   1402s
  272208    1.1505039e+04   0.000000e+00   1.884868e+05   1407s
  272718    1.1505039e+04   0.000000e+00   7.889208e+04   1411s
  273238    1.1505040e+04   0.000000e+00   9.411978e+04   1416s
  273818    1.1505041e+04   0.000000e+00   8.870467e+04   1421s
  274368    1.1505041e+04   0.000000e+00   3.342030e+04   1426s
  274858    1.1505042e+04   0.000000e+00   4.140982e+04   1430s
  275918    1.1505043e+04   0.000000e+00   9.812420e+04   1440s
  276408    1.1505043e+04   0.000000e+00   3.487378e+04   1444s
  276898    1.1505044e+04   0.000000e+00   1.709903e+05   1449s
  277418    1.1505045e+04   0.000000e+00   3.325778e+04   1454s
  277988    1.1505045e+04   0.000000e+00   1.452569e+05   1459s
  278538    1.1505046e+04   0.000000e+00   1.084347e+05   1463s
  279098    1.1505047e+04   0.000000e+00   1.028438e+05   1468s
  279578    1.1505047e+04   0.000000e+00   6.524009e+04   1473s
  280098    1.1505048e+04   0.000000e+00   1.315108e+05   1477s
  280608    1.1505048e+04   0.000000e+00   4.746908e+04   1482s
  281108    1.1505049e+04   0.000000e+00   2.644008e+05   1487s
  281578    1.1505049e+04   0.000000e+00   1.359480e+05   1491s
  282068    1.1505050e+04   0.000000e+00   5.705841e+04   1496s
  282598    1.1505050e+04   0.000000e+00   1.838604e+05   1500s
  283098    1.1505051e+04   0.000000e+00   3.745197e+04   1505s
  284108    1.1505051e+04   0.000000e+00   7.537968e+04   1514s
  284618    1.1505052e+04   0.000000e+00   3.937083e+04   1519s
  285138    1.1505052e+04   0.000000e+00   1.011804e+05   1524s
  285638    1.1505053e+04   0.000000e+00   1.693662e+05   1528s
  286078    1.1505053e+04   0.000000e+00   6.362461e+04   1533s
  286548    1.1505054e+04   0.000000e+00   9.729696e+04   1537s
  287078    1.1505054e+04   0.000000e+00   2.431922e+05   1542s
  287578    1.1505055e+04   0.000000e+00   4.422897e+04   1547s
  288118    1.1505055e+04   0.000000e+00   7.385988e+04   1551s
  288638    1.1505055e+04   0.000000e+00   8.069587e+04   1556s
  289118    1.1505056e+04   0.000000e+00   4.844215e+04   1561s
  289608    1.1505056e+04   0.000000e+00   4.110269e+04   1565s
  290568    1.1505057e+04   0.000000e+00   1.625507e+05   1575s
  291018    1.1505058e+04   0.000000e+00   1.499352e+05   1579s
  291478    1.1505058e+04   0.000000e+00   4.391129e+04   1584s
  291958    1.1505058e+04   0.000000e+00   5.928273e+04   1588s
  292428    1.1505059e+04   0.000000e+00   6.346109e+04   1593s
  292898    1.1505059e+04   0.000000e+00   6.656508e+04   1597s
  293418    1.1505060e+04   0.000000e+00   1.363711e+05   1602s
  293918    1.1505060e+04   0.000000e+00   6.139659e+04   1607s
  294398    1.1505061e+04   0.000000e+00   1.067120e+05   1612s
  294878    1.1505061e+04   0.000000e+00   4.300227e+04   1616s
  295338    1.1505062e+04   0.000000e+00   6.835494e+04   1621s
  295758    1.1505062e+04   0.000000e+00   7.785331e+04   1625s
  296728    1.1505063e+04   0.000000e+00   1.026931e+05   1635s
  297218    1.1505063e+04   0.000000e+00   4.463575e+04   1639s
  297718    1.1505064e+04   0.000000e+00   1.315834e+05   1644s
  298238    1.1505065e+04   0.000000e+00   1.859759e+05   1649s
  298748    1.1505065e+04   0.000000e+00   8.014959e+04   1653s
  299208    1.1505065e+04   0.000000e+00   1.533808e+05   1658s
  299698    1.1505066e+04   0.000000e+00   4.101637e+04   1663s
  300198    1.1505066e+04   0.000000e+00   1.296226e+05   1667s
  300678    1.1505067e+04   0.000000e+00   1.412789e+05   1672s
  301148    1.1505067e+04   0.000000e+00   1.148601e+05   1676s
  301608    1.1505068e+04   0.000000e+00   6.421530e+05   1681s
  302058    1.1505068e+04   0.000000e+00   5.051593e+04   1686s
  302488    1.1505069e+04   0.000000e+00   6.753214e+04   1690s
  303368    1.1505069e+04   0.000000e+00   2.544681e+04   1699s
  303858    1.1505069e+04   0.000000e+00   8.543185e+04   1704s
  304348    1.1505070e+04   0.000000e+00   8.386089e+04   1709s
  304818    1.1505070e+04   0.000000e+00   2.826155e+04   1713s
  305278    1.1505071e+04   0.000000e+00   2.599220e+05   1718s
  305768    1.1505071e+04   0.000000e+00   6.919738e+04   1722s
  306218    1.1505071e+04   0.000000e+00   3.475304e+04   1727s
  306678    1.1505072e+04   0.000000e+00   1.307214e+05   1732s
  307178    1.1505072e+04   0.000000e+00   1.601580e+05   1736s
  307648    1.1505073e+04   0.000000e+00   8.413945e+04   1741s
  308088    1.1505073e+04   0.000000e+00   8.176453e+04   1745s
  309028    1.1505074e+04   0.000000e+00   3.547308e+04   1755s
  309488    1.1505074e+04   0.000000e+00   5.139935e+04   1759s
  309978    1.1505075e+04   0.000000e+00   5.003474e+04   1764s
  310518    1.1505075e+04   0.000000e+00   1.281557e+05   1769s
  311008    1.1505075e+04   0.000000e+00   5.625783e+04   1773s
  311468    1.1505076e+04   0.000000e+00   3.673436e+04   1778s
  311958    1.1505076e+04   0.000000e+00   4.154538e+04   1783s
  312458    1.1505077e+04   0.000000e+00   7.926918e+04   1787s
  312948    1.1505077e+04   0.000000e+00   4.737877e+04   1792s
  313438    1.1505077e+04   0.000000e+00   1.178411e+05   1797s
  313918    1.1505078e+04   0.000000e+00   8.188849e+04   1801s
  314418    1.1505078e+04   0.000000e+00   7.101543e+04   1806s
  314878    1.1505078e+04   0.000000e+00   1.413275e+05   1810s
  315328    1.1505079e+04   0.000000e+00   3.040595e+04   1815s
  316338    1.1505080e+04   0.000000e+00   1.310898e+05   1824s
  316828    1.1505080e+04   0.000000e+00   5.170203e+04   1829s
  317298    1.1505080e+04   0.000000e+00   4.240243e+05   1834s
  317758    1.1505081e+04   0.000000e+00   3.948259e+04   1838s
  318238    1.1505081e+04   0.000000e+00   7.345278e+04   1843s
  318668    1.1505081e+04   0.000000e+00   9.615719e+04   1847s
  319138    1.1505082e+04   0.000000e+00   5.013993e+04   1852s
  319598    1.1505082e+04   0.000000e+00   6.648594e+04   1857s
  320038    1.1505083e+04   0.000000e+00   9.719643e+04   1861s
  320478    1.1505083e+04   0.000000e+00   1.160103e+05   1866s
  320948    1.1505083e+04   0.000000e+00   9.983896e+04   1870s
  321918    1.1505084e+04   0.000000e+00   3.216848e+04   1880s
  322428    1.1505084e+04   0.000000e+00   8.154194e+04   1884s
  322888    1.1505085e+04   0.000000e+00   8.156717e+05   1889s
  323358    1.1505085e+04   0.000000e+00   4.807054e+04   1893s
  323838    1.1505086e+04   0.000000e+00   5.084202e+04   1898s
  324288    1.1505086e+04   0.000000e+00   3.598176e+04   1903s
  324708    1.1505086e+04   0.000000e+00   9.536335e+04   1907s
  325118    1.1505086e+04   0.000000e+00   5.448850e+04   1912s
  325568    1.1505087e+04   0.000000e+00   7.041331e+04   1916s
  326008    1.1505087e+04   0.000000e+00   5.732098e+04   1921s
  326458    1.1505087e+04   0.000000e+00   8.894978e+04   1926s
  326908    1.1505088e+04   0.000000e+00   5.176397e+04   1930s
  327858    1.1505088e+04   0.000000e+00   9.040376e+04   1939s
  328338    1.1505089e+04   0.000000e+00   6.327089e+04   1944s
  328808    1.1505089e+04   0.000000e+00   3.930398e+04   1949s
  329298    1.1505089e+04   0.000000e+00   6.072232e+04   1953s
  329788    1.1505090e+04   0.000000e+00   5.397507e+04   1958s
  330268    1.1505090e+04   0.000000e+00   4.566102e+04   1962s
  330728    1.1505090e+04   0.000000e+00   2.129148e+04   1967s
  331218    1.1505091e+04   0.000000e+00   1.878633e+05   1972s
  331718    1.1505091e+04   0.000000e+00   1.977294e+04   1976s
  332188    1.1505092e+04   0.000000e+00   1.423928e+05   1981s
  332638    1.1505092e+04   0.000000e+00   2.465871e+04   1986s
  333078    1.1505092e+04   0.000000e+00   5.383237e+04   1990s
  333548    1.1505092e+04   0.000000e+00   2.334117e+04   1995s
  334488    1.1505093e+04   0.000000e+00   4.793318e+04   2004s
  334958    1.1505093e+04   0.000000e+00   3.089315e+04   2009s
  335438    1.1505094e+04   0.000000e+00   4.288607e+04   2013s
  335908    1.1505094e+04   0.000000e+00   1.919968e+04   2018s
  336368    1.1505095e+04   0.000000e+00   7.263413e+04   2023s
  336848    1.1505095e+04   0.000000e+00   2.521031e+04   2027s
  337348    1.1505095e+04   0.000000e+00   6.797384e+04   2032s
  337818    1.1505096e+04   0.000000e+00   5.161309e+04   2037s
  338308    1.1505096e+04   0.000000e+00   1.286441e+05   2041s
  338828    1.1505096e+04   0.000000e+00   1.445412e+05   2046s
  339298    1.1505096e+04   0.000000e+00   3.840574e+04   2051s
  339738    1.1505097e+04   0.000000e+00   5.866285e+04   2055s
  340218    1.1505097e+04   0.000000e+00   4.070361e+04   2060s
  341248    1.1505098e+04   0.000000e+00   5.191771e+04   2069s
  341738    1.1505098e+04   0.000000e+00   7.455328e+04   2074s
  342218    1.1505098e+04   0.000000e+00   1.119991e+05   2079s
  342668    1.1505099e+04   0.000000e+00   3.221546e+04   2083s
  343108    1.1505099e+04   0.000000e+00   1.923402e+04   2088s
  343548    1.1505099e+04   0.000000e+00   2.894266e+04   2093s
  344048    1.1505100e+04   0.000000e+00   3.241235e+05   2097s
  344528    1.1505100e+04   0.000000e+00   8.277352e+04   2102s
  344998    1.1505100e+04   0.000000e+00   6.716489e+04   2106s
  345478    1.1505100e+04   0.000000e+00   1.956954e+04   2111s
  345998    1.1505101e+04   0.000000e+00   3.935848e+04   2116s
  346488    1.1505101e+04   0.000000e+00   3.851056e+04   2121s
  346988    1.1505101e+04   0.000000e+00   5.182636e+04   2125s
  347978    1.1505102e+04   0.000000e+00   1.030775e+05   2135s
  348498    1.1505102e+04   0.000000e+00   7.469949e+04   2139s
  349008    1.1505103e+04   0.000000e+00   2.205944e+04   2144s
  349548    1.1505103e+04   0.000000e+00   2.640036e+04   2148s
  350098    1.1505104e+04   0.000000e+00   9.904185e+04   2153s
  350598    1.1505104e+04   0.000000e+00   2.683388e+04   2158s
  351088    1.1505104e+04   0.000000e+00   1.838720e+04   2163s
  351568    1.1505104e+04   0.000000e+00   4.016518e+04   2167s
  352048    1.1505105e+04   0.000000e+00   1.616788e+05   2172s
  352528    1.1505105e+04   0.000000e+00   3.406709e+04   2176s
  353008    1.1505105e+04   0.000000e+00   1.354546e+04   2181s
  353508    1.1505105e+04   0.000000e+00   1.165931e+04   2186s
  354008    1.1505106e+04   0.000000e+00   4.268423e+04   2190s
  355018    1.1505106e+04   0.000000e+00   3.737484e+04   2200s
  355488    1.1505107e+04   0.000000e+00   3.229470e+04   2204s
  355958    1.1505107e+04   0.000000e+00   2.985413e+04   2209s
  356498    1.1505107e+04   0.000000e+00   1.705116e+04   2214s
  357008    1.1505107e+04   0.000000e+00   1.948537e+04   2218s
  357498    1.1505108e+04   0.000000e+00   2.971655e+04   2223s
  358018    1.1505108e+04   0.000000e+00   3.674346e+04   2228s
  358548    1.1505108e+04   0.000000e+00   8.225555e+04   2232s
  359078    1.1505108e+04   0.000000e+00   2.442387e+04   2237s
  359598    1.1505109e+04   0.000000e+00   2.334060e+04   2241s
  360118    1.1505109e+04   0.000000e+00   2.052286e+04   2246s
  360638    1.1505110e+04   0.000000e+00   3.687451e+04   2251s
  361128    1.1505110e+04   0.000000e+00   4.297256e+04   2255s
  361598    1.1505110e+04   0.000000e+00   6.086787e+04   2260s
  362538    1.1505111e+04   0.000000e+00   5.794998e+04   2269s
  363008    1.1505111e+04   0.000000e+00   6.348612e+04   2274s
  363488    1.1505111e+04   0.000000e+00   2.408183e+04   2279s
  363948    1.1505112e+04   0.000000e+00   3.781417e+04   2283s
  364448    1.1505112e+04   0.000000e+00   1.599560e+04   2288s
  364918    1.1505112e+04   0.000000e+00   1.753351e+04   2293s
  365358    1.1505112e+04   0.000000e+00   1.955198e+04   2297s
  365788    1.1505112e+04   0.000000e+00   1.202570e+05   2302s
  366228    1.1505113e+04   0.000000e+00   2.469434e+04   2306s
  366678    1.1505113e+04   0.000000e+00   1.983405e+05   2311s
  367168    1.1505113e+04   0.000000e+00   4.616976e+04   2315s
  367648    1.1505113e+04   0.000000e+00   3.114880e+04   2320s
  368568    1.1505114e+04   0.000000e+00   6.663256e+04   2329s
  369018    1.1505114e+04   0.000000e+00   2.990564e+04   2334s
  369498    1.1505115e+04   0.000000e+00   6.444526e+04   2338s
  369948    1.1505115e+04   0.000000e+00   8.781665e+04   2343s
  370428    1.1505115e+04   0.000000e+00   6.839268e+04   2348s
  370908    1.1505115e+04   0.000000e+00   4.325374e+04   2352s
  371368    1.1505116e+04   0.000000e+00   2.277084e+04   2357s
  371848    1.1505116e+04   0.000000e+00   3.299716e+04   2362s
  372278    1.1505116e+04   0.000000e+00   2.746807e+04   2366s
  372748    1.1505116e+04   0.000000e+00   7.961533e+04   2371s
  373258    1.1505117e+04   0.000000e+00   7.834200e+04   2375s
  374218    1.1505117e+04   0.000000e+00   2.621996e+04   2385s
  374658    1.1505117e+04   0.000000e+00   1.775822e+04   2389s
  375138    1.1505118e+04   0.000000e+00   5.819459e+04   2394s
  375598    1.1505118e+04   0.000000e+00   3.898230e+04   2398s
  376068    1.1505118e+04   0.000000e+00   7.226755e+04   2403s
  376538    1.1505118e+04   0.000000e+00   1.355674e+04   2408s
  376998    1.1505118e+04   0.000000e+00   3.854779e+04   2412s
  377458    1.1505119e+04   0.000000e+00   3.704488e+04   2417s
  377938    1.1505119e+04   0.000000e+00   4.174240e+04   2421s
  378418    1.1505119e+04   0.000000e+00   1.778417e+04   2426s
  378918    1.1505119e+04   0.000000e+00   4.828228e+04   2431s
  379408    1.1505120e+04   0.000000e+00   2.930286e+04   2435s
  380468    1.1505120e+04   0.000000e+00   9.531134e+04   2444s
  380978    1.1505120e+04   0.000000e+00   4.979318e+04   2449s
  381468    1.1505121e+04   0.000000e+00   1.196428e+04   2454s
  381958    1.1505121e+04   0.000000e+00   2.689949e+04   2458s
  382458    1.1505121e+04   0.000000e+00   1.770573e+05   2463s
  382958    1.1505121e+04   0.000000e+00   1.856333e+04   2467s
  383448    1.1505122e+04   0.000000e+00   2.433016e+04   2472s
  383958    1.1505122e+04   0.000000e+00   1.835221e+04   2477s
  384418    1.1505122e+04   0.000000e+00   1.672323e+04   2481s
  384888    1.1505122e+04   0.000000e+00   1.483181e+04   2486s
  385388    1.1505122e+04   0.000000e+00   3.175768e+04   2490s
  386368    1.1505123e+04   0.000000e+00   2.194909e+04   2499s
  386818    1.1505123e+04   0.000000e+00   1.105731e+04   2504s
  387258    1.1505123e+04   0.000000e+00   2.074022e+04   2509s
  387718    1.1505124e+04   0.000000e+00   3.243396e+04   2513s
  388168    1.1505124e+04   0.000000e+00   2.440508e+04   2518s
  388598    1.1505124e+04   0.000000e+00   1.627201e+05   2522s
  389048    1.1505124e+04   0.000000e+00   3.515328e+04   2527s
  389488    1.1505124e+04   0.000000e+00   3.285442e+04   2531s
  389928    1.1505125e+04   0.000000e+00   2.510700e+04   2536s
  390368    1.1505125e+04   0.000000e+00   1.817313e+04   2540s
  391268    1.1505125e+04   0.000000e+00   2.568184e+04   2549s
  391738    1.1505125e+04   0.000000e+00   1.678457e+04   2554s
  392208    1.1505126e+04   0.000000e+00   1.479965e+04   2558s
  392668    1.1505126e+04   0.000000e+00   1.832769e+04   2563s
  393158    1.1505126e+04   0.000000e+00   3.668980e+04   2568s
  393648    1.1505126e+04   0.000000e+00   2.101256e+04   2572s
  394188    1.1505127e+04   0.000000e+00   8.255235e+03   2577s
  394688    1.1505127e+04   0.000000e+00   2.898944e+04   2582s
  395148    1.1505127e+04   0.000000e+00   8.740576e+03   2586s
  395628    1.1505127e+04   0.000000e+00   2.149806e+04   2591s
  396118    1.1505127e+04   0.000000e+00   3.624976e+04   2596s
  396598    1.1505127e+04   0.000000e+00   4.003275e+04   2600s
  397488    1.1505128e+04   0.000000e+00   2.603800e+04   2609s
  397968    1.1505128e+04   0.000000e+00   2.940391e+04   2614s
  398438    1.1505128e+04   0.000000e+00   1.036065e+04   2619s
  398928    1.1505128e+04   0.000000e+00   1.449761e+04   2623s
  399418    1.1505129e+04   0.000000e+00   7.992821e+04   2628s
  399888    1.1505129e+04   0.000000e+00   1.054449e+04   2632s
  400378    1.1505129e+04   0.000000e+00   1.429800e+04   2637s
  400868    1.1505129e+04   0.000000e+00   3.003391e+04   2642s
  401328    1.1505129e+04   0.000000e+00   2.731297e+04   2646s
  401838    1.1505130e+04   0.000000e+00   1.425384e+04   2651s
  402318    1.1505130e+04   0.000000e+00   1.770287e+04   2655s
  403288    1.1505130e+04   0.000000e+00   3.109598e+04   2665s
  403808    1.1505130e+04   0.000000e+00   8.696410e+03   2669s
  404308    1.1505130e+04   0.000000e+00   4.665189e+04   2674s
  404778    1.1505131e+04   0.000000e+00   1.534055e+04   2678s
  405258    1.1505131e+04   0.000000e+00   4.673802e+04   2683s
  405698    1.1505131e+04   0.000000e+00   2.007294e+04   2687s
  406158    1.1505131e+04   0.000000e+00   9.569698e+03   2692s
  406628    1.1505131e+04   0.000000e+00   5.955116e+03   2696s
  407088    1.1505131e+04   0.000000e+00   1.304701e+04   2701s
  407528    1.1505132e+04   0.000000e+00   3.913693e+04   2705s
  408408    1.1505132e+04   0.000000e+00   7.754657e+04   2714s
  408848    1.1505132e+04   0.000000e+00   7.358832e+04   2719s
  409308    1.1505132e+04   0.000000e+00   1.266369e+04   2723s
  409768    1.1505132e+04   0.000000e+00   4.786145e+04   2728s
  410198    1.1505132e+04   0.000000e+00   1.501991e+04   2732s
  410618    1.1505133e+04   0.000000e+00   1.488417e+04   2737s
  411118    1.1505133e+04   0.000000e+00   1.452625e+04   2741s
  411578    1.1505133e+04   0.000000e+00   1.495664e+04   2746s
  412048    1.1505133e+04   0.000000e+00   8.787755e+03   2750s
  412538    1.1505133e+04   0.000000e+00   1.516226e+04   2755s
  413488    1.1505134e+04   0.000000e+00   1.725264e+04   2764s
  413968    1.1505134e+04   0.000000e+00   7.877809e+03   2769s
  414408    1.1505134e+04   0.000000e+00   1.581019e+04   2773s
  414868    1.1505134e+04   0.000000e+00   2.297595e+04   2778s
  415348    1.1505134e+04   0.000000e+00   2.098879e+04   2782s
  415798    1.1505135e+04   0.000000e+00   6.201248e+03   2787s
  416268    1.1505135e+04   0.000000e+00   1.905567e+04   2791s
  416728    1.1505135e+04   0.000000e+00   1.011019e+04   2796s
  417198    1.1505135e+04   0.000000e+00   1.481599e+04   2801s
  417668    1.1505135e+04   0.000000e+00   9.769695e+03   2805s
  418598    1.1505136e+04   0.000000e+00   7.061398e+03   2814s
  419048    1.1505136e+04   0.000000e+00   9.676738e+03   2819s
  419508    1.1505136e+04   0.000000e+00   1.942162e+04   2824s
  419978    1.1505136e+04   0.000000e+00   1.816798e+04   2828s
  420468    1.1505136e+04   0.000000e+00   4.941099e+03   2833s
  420958    1.1505136e+04   0.000000e+00   5.181382e+04   2837s
  421418    1.1505137e+04   0.000000e+00   1.683542e+04   2842s
  421918    1.1505137e+04   0.000000e+00   7.221941e+03   2846s
  422418    1.1505137e+04   0.000000e+00   4.090561e+04   2851s
  422918    1.1505137e+04   0.000000e+00   2.121715e+04   2855s
  423878    1.1505137e+04   0.000000e+00   8.309068e+03   2864s
  424338    1.1505137e+04   0.000000e+00   1.906356e+04   2869s
  424788    1.1505138e+04   0.000000e+00   2.484063e+04   2873s
  425238    1.1505138e+04   0.000000e+00   1.053062e+04   2878s
  425668    1.1505138e+04   0.000000e+00   5.538772e+03   2882s
  426118    1.1505138e+04   0.000000e+00   2.692322e+04   2887s
  426578    1.1505138e+04   0.000000e+00   8.519120e+03   2891s
  427058    1.1505138e+04   0.000000e+00   4.537426e+03   2896s
  427498    1.1505138e+04   0.000000e+00   4.097836e+03   2900s
  428368    1.1505139e+04   0.000000e+00   3.519966e+04   2909s
  428808    1.1505139e+04   0.000000e+00   6.635356e+03   2914s
  429248    1.1505139e+04   0.000000e+00   2.872439e+04   2918s
  429728    1.1505139e+04   0.000000e+00   1.550778e+04   2923s
  430188    1.1505139e+04   0.000000e+00   3.439665e+04   2927s
  430628    1.1505139e+04   0.000000e+00   9.764226e+04   2932s
  431058    1.1505139e+04   0.000000e+00   9.988951e+03   2936s
  431468    1.1505139e+04   0.000000e+00   2.004942e+04   2940s
  432338    1.1505140e+04   0.000000e+00   5.101817e+04   2949s
  432788    1.1505140e+04   0.000000e+00   6.749012e+03   2954s
  433268    1.1505140e+04   0.000000e+00   1.390558e+04   2958s
  433748    1.1505140e+04   0.000000e+00   6.631536e+03   2963s
  434198    1.1505140e+04   0.000000e+00   2.210277e+04   2967s
  434678    1.1505140e+04   0.000000e+00   5.353944e+03   2972s
  435138    1.1505141e+04   0.000000e+00   5.895549e+03   2976s
  435588    1.1505141e+04   0.000000e+00   1.016618e+04   2981s
  436048    1.1505141e+04   0.000000e+00   1.151141e+04   2985s
  436958    1.1505141e+04   0.000000e+00   1.110175e+04   2994s
  437398    1.1505141e+04   0.000000e+00   4.042644e+03   2999s
  437858    1.1505141e+04   0.000000e+00   8.549042e+03   3003s
  438318    1.1505141e+04   0.000000e+00   7.322814e+03   3008s
  438798    1.1505141e+04   0.000000e+00   2.763219e+03   3012s
  439248    1.1505142e+04   0.000000e+00   1.055296e+04   3017s
  439688    1.1505142e+04   0.000000e+00   9.794807e+03   3021s
  440118    1.1505142e+04   0.000000e+00   1.868746e+04   3026s
  440578    1.1505142e+04   0.000000e+00   3.314507e+04   3030s
  441518    1.1505142e+04   0.000000e+00   4.021687e+03   3039s
  442008    1.1505142e+04   0.000000e+00   2.640039e+04   3044s
  442468    1.1505142e+04   0.000000e+00   1.352183e+05   3049s
  442918    1.1505142e+04   0.000000e+00   1.538197e+04   3053s
  443408    1.1505143e+04   0.000000e+00   3.238378e+03   3057s
  443878    1.1505143e+04   0.000000e+00   4.842028e+03   3062s
  444368    1.1505143e+04   0.000000e+00   7.189991e+03   3066s
  444858    1.1505143e+04   0.000000e+00   2.542209e+03   3071s
  445348    1.1505143e+04   0.000000e+00   8.577543e+04   3076s
  446268    1.1505143e+04   0.000000e+00   3.221570e+03   3084s
  446718    1.1505144e+04   0.000000e+00   6.030561e+03   3089s
  447148    1.1505144e+04   0.000000e+00   4.527176e+03   3093s
  447588    1.1505144e+04   0.000000e+00   1.326510e+04   3098s
  448028    1.1505144e+04   0.000000e+00   1.685852e+04   3102s
  448468    1.1505144e+04   0.000000e+00   3.705975e+03   3107s
  448908    1.1505144e+04   0.000000e+00   4.770066e+03   3111s
  449408    1.1505144e+04   0.000000e+00   9.903262e+03   3116s
  449878    1.1505144e+04   0.000000e+00   4.420376e+03   3120s
  450658    1.1505144e+04   0.000000e+00   2.131265e+04   3132s
  450998    1.1505144e+04   0.000000e+00   2.339001e+04   3139s
  451338    1.1505145e+04   0.000000e+00   1.833531e+04   3147s
  451678    1.1505145e+04   0.000000e+00   4.220894e+03   3154s
  452008    1.1505145e+04   0.000000e+00   5.027405e+04   3162s
  452368    1.1505145e+04   0.000000e+00   3.053497e+04   3169s
  452708    1.1505145e+04   0.000000e+00   1.803247e+04   3177s
  453068    1.1505145e+04   0.000000e+00   3.154459e+04   3184s
  453448    1.1505145e+04   0.000000e+00   3.764113e+04   3192s
  453818    1.1505145e+04   0.000000e+00   1.887847e+04   3200s
  454178    1.1505145e+04   0.000000e+00   5.975238e+04   3207s
  454558    1.1505145e+04   0.000000e+00   8.473744e+04   3215s
  454908    1.1505145e+04   0.000000e+00   5.853817e+04   3222s
  455258    1.1505145e+04   0.000000e+00   5.699048e+03   3230s
  455608    1.1505145e+04   0.000000e+00   9.844319e+03   3237s
  455938    1.1505146e+04   0.000000e+00   1.682171e+04   3245s
  456288    1.1505146e+04   0.000000e+00   6.925896e+04   3252s
  456628    1.1505146e+04   0.000000e+00   3.923038e+04   3260s
  456978    1.1505146e+04   0.000000e+00   5.169345e+03   3267s
  457338    1.1505146e+04   0.000000e+00   4.818677e+04   3275s
  457698    1.1505146e+04   0.000000e+00   7.596163e+03   3282s
  458078    1.1505146e+04   0.000000e+00   1.073591e+04   3290s
  458428    1.1505146e+04   0.000000e+00   7.175815e+03   3298s
  458798    1.1505146e+04   0.000000e+00   1.330570e+04   3305s
  459218    1.1505146e+04   0.000000e+00   3.496973e+04   3314s
  459578    1.1505146e+04   0.000000e+00   1.133535e+04   3321s
  459938    1.1505146e+04   0.000000e+00   2.718224e+04   3329s
  460278    1.1505147e+04   0.000000e+00   1.690734e+04   3336s
  460618    1.1505147e+04   0.000000e+00   2.281331e+04   3344s
  460968    1.1505147e+04   0.000000e+00   3.763259e+04   3351s
  461318    1.1505147e+04   0.000000e+00   2.588742e+04   3359s
  461668    1.1505147e+04   0.000000e+00   1.905641e+04   3366s
  462018    1.1505147e+04   0.000000e+00   8.586082e+03   3374s
  462438    1.1505147e+04   0.000000e+00   1.466333e+05   3382s
  462898    1.1505147e+04   0.000000e+00   2.784554e+04   3391s
  463358    1.1505147e+04   0.000000e+00   2.707885e+04   3400s
  463858    1.1505147e+04   0.000000e+00   8.033830e+04   3410s
  464338    1.1505147e+04   0.000000e+00   1.284726e+04   3419s
  464828    1.1505147e+04   0.000000e+00   5.343771e+03   3429s
  465248    1.1505147e+04   0.000000e+00   6.319655e+04   3437s
  465638    1.1505148e+04   0.000000e+00   1.676744e+04   3445s
  465978    1.1505148e+04   0.000000e+00   3.490803e+04   3453s
  466308    1.1505148e+04   0.000000e+00   5.301123e+03   3460s
  466668    1.1505148e+04   0.000000e+00   1.204169e+04   3468s
  467018    1.1505148e+04   0.000000e+00   1.781139e+04   3476s
  467398    1.1505148e+04   0.000000e+00   2.255765e+04   3484s
  467778    1.1505148e+04   0.000000e+00   5.310047e+03   3492s
  468108    1.1505148e+04   0.000000e+00   1.036815e+04   3499s
  468438    1.1505148e+04   0.000000e+00   4.096903e+04   3507s
  468768    1.1505148e+04   0.000000e+00   4.012685e+04   3514s
  469108    1.1505148e+04   0.000000e+00   5.684837e+03   3521s
  469438    1.1505148e+04   0.000000e+00   2.390711e+04   3529s
  469768    1.1505148e+04   0.000000e+00   1.628136e+04   3536s
  470108    1.1505148e+04   0.000000e+00   6.107416e+03   3544s
  470458    1.1505148e+04   0.000000e+00   1.986338e+04   3551s
  470828    1.1505148e+04   0.000000e+00   1.444199e+04   3559s
  471178    1.1505148e+04   0.000000e+00   8.992802e+03   3567s
  471528    1.1505148e+04   0.000000e+00   4.712364e+03   3574s
  471858    1.1505149e+04   0.000000e+00   9.757087e+03   3582s
  472198    1.1505149e+04   0.000000e+00   2.085168e+04   3589s
  472538    1.1505149e+04   0.000000e+00   3.390311e+03   3597s
  472858    1.1505149e+04   0.000000e+00   8.134267e+03   3604s
  473208    1.1505149e+04   0.000000e+00   8.977926e+03   3612s
  473558    1.1505149e+04   0.000000e+00   1.710790e+04   3619s
  473888    1.1505149e+04   0.000000e+00   1.755607e+04   3627s
  474238    1.1505149e+04   0.000000e+00   4.237151e+03   3634s
  474578    1.1505149e+04   0.000000e+00   3.613210e+03   3642s
  474928    1.1505149e+04   0.000000e+00   9.767075e+03   3649s
  475318    1.1505149e+04   0.000000e+00   7.939857e+03   3657s
  475678    1.1505149e+04   0.000000e+00   2.151800e+04   3664s
  476028    1.1505149e+04   0.000000e+00   2.925190e+04   3672s
  476388    1.1505149e+04   0.000000e+00   3.435265e+03   3679s
  476778    1.1505149e+04   0.000000e+00   4.319764e+03   3687s
  477118    1.1505149e+04   0.000000e+00   1.155429e+04   3695s
  477458    1.1505149e+04   0.000000e+00   6.982122e+03   3702s
  477788    1.1505150e+04   0.000000e+00   4.193498e+04   3710s
  478138    1.1505150e+04   0.000000e+00   1.399544e+05   3717s
  478478    1.1505150e+04   0.000000e+00   1.102515e+04   3725s
  478818    1.1505150e+04   0.000000e+00   2.772303e+03   3732s
  479268    1.1505150e+04   0.000000e+00   3.060779e+03   3741s
  479638    1.1505150e+04   0.000000e+00   9.843547e+03   3749s
  479998    1.1505150e+04   0.000000e+00   5.117899e+03   3756s
  480328    1.1505150e+04   0.000000e+00   1.960114e+05   3763s
  480688    1.1505150e+04   0.000000e+00   4.913890e+03   3771s
  481028    1.1505150e+04   0.000000e+00   9.431042e+03   3779s
  481398    1.1505150e+04   0.000000e+00   2.788548e+03   3787s
  481728    1.1505150e+04   0.000000e+00   2.813582e+03   3794s
  482058    1.1505150e+04   0.000000e+00   4.180005e+03   3801s
  482388    1.1505150e+04   0.000000e+00   2.297267e+04   3809s
  482728    1.1505150e+04   0.000000e+00   1.871839e+04   3816s
  483068    1.1505150e+04   0.000000e+00   7.374446e+03   3824s
  483448    1.1505150e+04   0.000000e+00   1.316347e+05   3832s
  483788    1.1505150e+04   0.000000e+00   2.722088e+04   3839s
  484208    1.1505150e+04   0.000000e+00   3.837448e+03   3848s
  484648    1.1505150e+04   0.000000e+00   2.880710e+03   3857s
  485098    1.1505150e+04   0.000000e+00   2.253715e+03   3866s
  485548    1.1505150e+04   0.000000e+00   5.672035e+03   3875s
  485878    1.1505150e+04   0.000000e+00   6.881324e+03   3882s
  486228    1.1505150e+04   0.000000e+00   4.211382e+03   3890s
  486578    1.1505150e+04   0.000000e+00   1.028059e+04   3897s
  486918    1.1505151e+04   0.000000e+00   3.750790e+04   3905s
  487268    1.1505151e+04   0.000000e+00   1.004371e+04   3912s
  487608    1.1505151e+04   0.000000e+00   8.377187e+03   3919s
  487988    1.1505151e+04   0.000000e+00   6.150025e+03   3927s
  488338    1.1505151e+04   0.000000e+00   8.651316e+03   3935s
  488678    1.1505151e+04   0.000000e+00   1.023069e+04   3942s
  489128    1.1505151e+04   0.000000e+00   1.521786e+03   3951s
  489478    1.1505151e+04   0.000000e+00   4.003870e+03   3958s
  489838    1.1505151e+04   0.000000e+00   4.586593e+03   3966s
  490188    1.1505151e+04   0.000000e+00   3.380419e+03   3973s
  490578    1.1505151e+04   0.000000e+00   6.720243e+03   3980s
  490928    1.1505151e+04   0.000000e+00   2.721954e+03   3988s
  491288    1.1505151e+04   0.000000e+00   2.359864e+04   3995s
  491658    1.1505151e+04   0.000000e+00   1.220465e+04   4003s
  492008    1.1505151e+04   0.000000e+00   3.082262e+03   4010s
  492358    1.1505151e+04   0.000000e+00   8.302554e+03   4018s
  492708    1.1505151e+04   0.000000e+00   2.060313e+03   4025s
  493068    1.1505151e+04   0.000000e+00   3.860345e+03   4033s
  493428    1.1505151e+04   0.000000e+00   2.420040e+03   4040s
  493788    1.1505151e+04   0.000000e+00   1.143720e+04   4048s
  494148    1.1505151e+04   0.000000e+00   5.775625e+03   4056s
  494498    1.1505151e+04   0.000000e+00   3.981602e+03   4063s
  494848    1.1505151e+04   0.000000e+00   2.288311e+03   4071s
  495178    1.1505151e+04   0.000000e+00   1.680384e+03   4078s
  495518    1.1505151e+04   0.000000e+00   9.083581e+02   4085s
  495858    1.1505151e+04   0.000000e+00   1.966760e+03   4093s
  496208    1.1505151e+04   0.000000e+00   4.117963e+03   4100s
  496548    1.1505151e+04   0.000000e+00   3.276169e+03   4108s
  496888    1.1505151e+04   0.000000e+00   1.065548e+03   4115s
  497228    1.1505151e+04   0.000000e+00   1.622926e+03   4123s
  497558    1.1505151e+04   0.000000e+00   7.839050e+03   4130s
  497898    1.1505151e+04   0.000000e+00   2.772639e+03   4138s
  498238    1.1505152e+04   0.000000e+00   6.789178e+03   4145s
  498568    1.1505152e+04   0.000000e+00   3.589886e+04   4153s
  498898    1.1505152e+04   0.000000e+00   6.347712e+02   4160s
  499238    1.1505152e+04   0.000000e+00   5.067894e+03   4168s
  499598    1.1505152e+04   0.000000e+00   1.037524e+03   4175s
  499948    1.1505152e+04   0.000000e+00   1.924268e+03   4183s
  500288    1.1505152e+04   0.000000e+00   8.001957e+02   4190s
  500628    1.1505152e+04   0.000000e+00   3.163626e+03   4198s
  500978    1.1505152e+04   0.000000e+00   8.944124e+02   4205s
  501318    1.1505152e+04   0.000000e+00   5.467461e+03   4213s
  501668    1.1505152e+04   0.000000e+00   6.248522e+03   4220s
  502118    1.1505152e+04   0.000000e+00   2.366780e+03   4229s
  502458    1.1505152e+04   0.000000e+00   1.152207e+04   4236s
  502788    1.1505152e+04   0.000000e+00   2.368455e+03   4243s
