
Gurobi 10.0.1 (linux64) logging started Mon Mar 10 21:40:28 2025

Set parameter LogFile to value "Results/Conservative_experiment/c1_0.70_c2_0.10.log"
Set parameter TimeLimit to value 36000
Gurobi Optimizer version 10.0.1 build v10.0.1rc0 (linux64)

CPU model: AMD EPYC 9654 96-Core Processor, instruction set [SSE2|AVX|AVX2|AVX512]
Thread count: 192 physical cores, 192 logical processors, using up to 32 threads

Academic license 656792 - for non-commercial use only - registered to b.___@student.vu.nl
Optimize a model with 1498050 rows, 1622512 columns and 5976640 nonzeros
Model fingerprint: 0xe92f6a45
Coefficient statistics:
  Matrix range     [1e-01, 1e+00]
  Objective range  [6e-02, 5e+00]
  Bounds range     [0e+00, 0e+00]
  RHS range        [1e-02, 1e+03]
Presolve removed 955510 rows and 878809 columns (presolve time = 5s) ...
Presolve removed 955510 rows and 878809 columns
Presolve time: 5.11s
Presolved: 542540 rows, 743703 columns, 2508755 nonzeros

Concurrent LP optimizer: primal simplex, dual simplex, and barrier
Showing barrier log only...

Ordering time: 1.35s

Barrier statistics:
 AA' NZ     : 1.721e+06
 Factor NZ  : 1.393e+07 (roughly 250 MB of memory)
 Factor Ops : 7.897e+09 (less than 1 second per iteration)
 Threads    : 30

                  Objective                Residual
Iter       Primal          Dual         Primal    Dual     Compl     Time
   0  -2.09429758e+07  1.63932175e+08  1.72e+06 1.21e+02  3.70e+04     8s
   1  -1.55772402e+07  1.36633263e+08  7.57e+05 1.18e+02  1.44e+04     8s
   2  -1.49518585e+07  8.26488327e+07  1.21e+05 2.68e+01  2.61e+03     8s
   3  -2.68839917e+07  6.23361785e+07  3.18e+04 2.05e+01  1.06e+03     8s
   4  -2.23617615e+07  1.30658702e+07  1.61e+04 2.99e+00  3.64e+02     9s
   5  -1.78922371e+07  5.75795872e+06  1.08e+04 8.87e-01  2.17e+02     9s
   6  -5.99100483e+06  2.45128082e+06  2.42e+03 2.01e-01  5.55e+01     9s
   7  -1.41206445e+06  9.20510918e+05  4.71e+02 2.61e-03  1.23e+01     9s
   8  -2.73184593e+05  3.43546565e+05  8.11e+01 4.55e-12  2.71e+00     9s
   9  -5.51180497e+04  1.45666051e+05  1.82e+01 3.52e-12  7.74e-01     9s
  10  -2.13462001e+04  8.27804928e+04  1.01e+01 4.08e-12  3.83e-01     9s
  11  -7.92157596e+03  5.34885118e+04  5.35e+00 2.22e-12  2.09e-01    10s
  12   1.15279275e+03  3.55014865e+04  2.88e+00 2.91e-12  1.11e-01    10s
  13   5.85752248e+03  3.08244409e+04  1.50e+00 2.56e-12  7.77e-02    10s
  14   5.98248926e+03  2.54201723e+04  1.47e+00 3.89e-12  6.05e-02    10s
  15   9.06836588e+03  1.83477128e+04  5.63e-01 2.81e-12  2.80e-02    10s
  16   9.22774706e+03  1.73640034e+04  5.24e-01 2.99e-12  2.45e-02    10s
  17   1.00888031e+04  1.50934246e+04  3.10e-01 3.79e-12  1.50e-02    10s
  18   1.03776438e+04  1.36542838e+04  2.44e-01 3.58e-12  9.82e-03    11s
  19   1.06096650e+04  1.28560988e+04  1.92e-01 2.32e-12  6.74e-03    11s
  20   1.07482154e+04  1.24455979e+04  1.61e-01 4.05e-12  5.11e-03    11s
  21   1.10334402e+04  1.21329608e+04  9.92e-02 3.55e-12  3.30e-03    11s
  22   1.12110287e+04  1.19545536e+04  6.41e-02 4.20e-12  2.23e-03    11s
  23   1.13567510e+04  1.18157263e+04  3.24e-02 2.66e-12  1.37e-03    11s
  24   1.13849934e+04  1.17536646e+04  2.65e-02 3.18e-12  1.10e-03    12s
  25   1.14074164e+04  1.17043325e+04  2.21e-02 3.93e-12  8.85e-04    12s
  26   1.14260850e+04  1.16860197e+04  1.84e-02 4.00e-12  7.74e-04    12s
  27   1.14414132e+04  1.16652799e+04  1.58e-02 3.33e-12  6.67e-04    12s
  28   1.14796441e+04  1.16520892e+04  1.20e-02 3.44e-12  5.13e-04    12s
  29   1.15194570e+04  1.16261258e+04  7.47e-03 3.89e-12  3.18e-04    12s
  30   1.15302146e+04  1.16142920e+04  6.25e-03 3.38e-12  2.51e-04    13s
  31   1.15534533e+04  1.15950868e+04  3.50e-03 2.94e-12  1.25e-04    13s
  32   1.15720188e+04  1.15907297e+04  1.28e-03 3.43e-12  5.57e-05    13s
  33   1.15767841e+04  1.15875987e+04  7.41e-04 2.95e-12  3.22e-05    13s
  34   1.15803521e+04  1.15865542e+04  3.68e-04 2.98e-12  1.84e-05    13s
  35   1.15819004e+04  1.15853995e+04  2.17e-04 3.06e-12  1.04e-05    13s
  36   1.15825068e+04  1.15844628e+04  1.55e-04 3.18e-12  5.86e-06    14s
  37   1.15828492e+04  1.15843723e+04  8.92e-05 3.18e-12  4.53e-06    14s
  38   1.15830720e+04  1.15843545e+04  6.40e-05 3.59e-12  3.80e-06    14s
  39   1.15832770e+04  1.15842832e+04  5.33e-05 4.87e-12  2.99e-06    14s
  40   1.15838970e+04  1.15841879e+04  1.05e-05 3.47e-12  8.58e-07    14s
  41   1.15840583e+04  1.15840779e+04  1.01e-07 2.92e-12  5.73e-08    14s
  42   1.15840607e+04  1.15840614e+04  8.05e-09 4.11e-12  2.13e-09    14s
  43   1.15840611e+04  1.15840613e+04  7.76e-09 5.81e-12  6.80e-10    15s
  44   1.15840613e+04  1.15840613e+04  2.17e-10 6.18e-12  3.25e-14    15s

Barrier solved model in 44 iterations and 14.77 seconds (12.47 work units)
Optimal objective 1.15840613e+04

Crossover log...

   29024 variables added to crossover basis                       15s

   89190 DPushes remaining with DInf 0.0000000e+00                15s
       0 DPushes remaining with DInf 0.0000000e+00                16s

    2478 PPushes remaining with PInf 0.0000000e+00                16s
       0 PPushes remaining with PInf 0.0000000e+00                16s

  Push phase complete: Pinf 0.0000000e+00, Dinf 3.7535416e-11     16s


Solved with barrier
Iteration    Objective       Primal Inf.    Dual Inf.      Time
   52373    1.1584121e+04   0.000000e+00   7.741126e+02     20s
   56888    1.1584127e+04   0.000000e+00   6.159401e+00     25s
Extra simplex iterations after uncrush: 9011
   57084    1.1584061e+04   0.000000e+00   0.000000e+00     26s

Use crossover to convert LP symmetric solution to basic solution...
Crossover log...

    6298 DPushes remaining with DInf 0.0000000e+00                26s
       0 DPushes remaining with DInf 0.0000000e+00                26s

    4849 PPushes remaining with PInf 0.0000000e+00                26s
       0 PPushes remaining with PInf 0.0000000e+00                27s

  Push phase complete: Pinf 0.0000000e+00, Dinf 1.1024896e-12     27s

Iteration    Objective       Primal Inf.    Dual Inf.      Time
   71175    1.1584095e+04   0.000000e+00   1.654837e+04     30s
   74185    1.1584115e+04   0.000000e+00   4.479412e+04     35s
   75991    1.1584122e+04   0.000000e+00   6.084599e+04     40s
   77797    1.1584127e+04   0.000000e+00   6.475772e+03     45s
   79603    1.1584132e+04   0.000000e+00   1.188411e+05     51s
   81409    1.1584136e+04   0.000000e+00   3.951226e+03     57s
   82613    1.1584139e+04   0.000000e+00   6.465679e+03     61s
   83817    1.1584141e+04   0.000000e+00   4.354446e+03     66s
   85021    1.1584142e+04   0.000000e+00   2.314914e+04     71s
   86225    1.1584143e+04   0.000000e+00   3.816577e+04     76s
   87429    1.1584144e+04   0.000000e+00   3.222269e+04     80s
   89235    1.1584146e+04   0.000000e+00   1.240875e+04     87s
   90439    1.1584147e+04   0.000000e+00   3.801631e+03     91s
   91643    1.1584148e+04   0.000000e+00   5.862766e+03     96s
   92847    1.1584149e+04   0.000000e+00   5.838712e+03    102s
   94051    1.1584150e+04   0.000000e+00   3.300377e+03    107s
   95255    1.1584150e+04   0.000000e+00   3.976620e+03    112s
   96459    1.1584151e+04   0.000000e+00   5.216783e+03    116s
   97663    1.1584152e+04   0.000000e+00   1.923839e+03    121s
   98867    1.1584153e+04   0.000000e+00   3.804836e+03    126s
  100071    1.1584153e+04   0.000000e+00   4.124517e+03    131s
  101275    1.1584154e+04   0.000000e+00   3.353548e+03    137s
  102479    1.1584154e+04   0.000000e+00   9.513249e+02    142s
  103683    1.1584155e+04   0.000000e+00   7.106875e+03    147s
  104887    1.1584155e+04   0.000000e+00   9.420119e+02    152s
  105489    1.1584155e+04   0.000000e+00   6.693183e+03    155s
  106693    1.1584156e+04   0.000000e+00   7.278918e+03    161s
  107897    1.1584156e+04   0.000000e+00   3.420910e+03    166s
  109101    1.1584156e+04   0.000000e+00   7.440553e+02    170s
  110305    1.1584157e+04   0.000000e+00   4.470096e+04    175s
  111509    1.1584157e+04   0.000000e+00   7.882856e+03    181s
  112713    1.1584157e+04   0.000000e+00   1.124762e+04    186s
  113917    1.1584158e+04   0.000000e+00   1.001094e+03    191s
  115121    1.1584158e+04   0.000000e+00   8.436229e+02    196s
  116325    1.1584158e+04   0.000000e+00   1.439864e+03    201s
  117529    1.1584158e+04   0.000000e+00   1.022596e+03    207s
  118733    1.1584158e+04   0.000000e+00   7.018862e+02    213s
  119335    1.1584158e+04   0.000000e+00   1.516097e+03    216s
  120539    1.1584158e+04   0.000000e+00   5.298608e+02    222s
  121743    1.1584158e+04   0.000000e+00   2.789599e+02    227s
  122345    1.1584158e+04   0.000000e+00   2.310380e+02    230s
  123549    1.1584159e+04   0.000000e+00   5.960128e+02    236s
  124753    1.1584159e+04   0.000000e+00   1.583561e+02    242s
  125957    1.1584159e+04   0.000000e+00   2.154150e+02    248s
  126559    1.1584159e+04   0.000000e+00   8.017988e+02    251s
  127763    1.1584159e+04   0.000000e+00   6.241416e+01    256s
  128967    1.1584159e+04   0.000000e+00   8.181899e+01    262s
  130171    1.1584159e+04   0.000000e+00   4.537525e+01    267s
  130773    1.1584159e+04   0.000000e+00   9.965394e+01    270s
  131977    1.1584159e+04   0.000000e+00   3.452311e+01    276s
  133181    1.1584159e+04   0.000000e+00   4.162408e+01    281s
  134385    1.1584159e+04   0.000000e+00   4.253850e+01    288s
  134987    1.1584159e+04   0.000000e+00   3.153504e+02    291s
  136191    1.1584159e+04   0.000000e+00   4.057810e+01    297s
  137395    1.1584159e+04   0.000000e+00   2.817241e+01    303s
  137997    1.1584159e+04   0.000000e+00   3.799490e+01    306s
  139201    1.1584159e+04   0.000000e+00   1.001014e+01    312s
  140405    1.1584159e+04   0.000000e+00   2.515236e+01    318s
  141007    1.1584159e+04   0.000000e+00   1.001576e+01    321s
  142209    1.1584159e+04   0.000000e+00   1.039151e+01    327s
  142811    1.1584159e+04   0.000000e+00   2.916362e+00    330s
  144015    1.1584159e+04   0.000000e+00   1.892337e+00    336s
  145185    1.1584159e+04   0.000000e+00   4.962288e-01    342s
  145765    1.1584159e+04   0.000000e+00   2.157099e-01    345s
  146845    1.1584159e+04   0.000000e+00   8.841200e-02    351s
  147765    1.1584159e+04   0.000000e+00   3.497400e-02    357s
Extra simplex iterations after uncrush: 79850
  148076    1.1584061e+04   0.000000e+00   0.000000e+00    360s

Solved in 148076 iterations and 359.78 seconds (658.88 work units)
Optimal objective  1.158406128e+04
