
Gurobi 10.0.1 (linux64) logging started Mon Mar 10 21:48:34 2025

Set parameter LogFile to value "Results/Conservative_experiment/c1_1.00_c2_0.00.log"
Set parameter TimeLimit to value 36000
Gurobi Optimizer version 10.0.1 build v10.0.1rc0 (linux64)

CPU model: AMD EPYC 9654 96-Core Processor, instruction set [SSE2|AVX|AVX2|AVX512]
Thread count: 192 physical cores, 192 logical processors, using up to 32 threads

Academic license 656792 - for non-commercial use only - registered to b.___@student.vu.nl
Optimize a model with 1498050 rows, 1622512 columns and 5965248 nonzeros
Model fingerprint: 0x62553fc3
Coefficient statistics:
  Matrix range     [1e+00, 1e+00]
  Objective range  [6e-02, 5e+00]
  Bounds range     [0e+00, 0e+00]
  RHS range        [1e-02, 1e+03]
Presolve removed 1137941 rows and 1144695 columns
Presolve time: 3.69s
Presolved: 360109 rows, 477817 columns, 1778097 nonzeros

Concurrent LP optimizer: primal simplex, dual simplex, and barrier
Showing barrier log only...

Ordering time: 0.42s

Barrier statistics:
 AA' NZ     : 3.019e+05
 Factor NZ  : 3.493e+06 (roughly 70 MB of memory)
 Factor Ops : 1.234e+09 (less than 1 second per iteration)
 Threads    : 30

                  Objective                Residual
Iter       Primal          Dual         Primal    Dual     Compl     Time
   0  -9.77902461e+08  1.02297641e+08  7.56e+05 4.37e+01  3.54e+04     5s
   1  -3.44941148e+08  7.97356840e+07  2.58e+05 3.38e+01  1.02e+04     5s
   2  -1.28207422e+08  7.11488775e+07  8.78e+04 2.46e+01  4.54e+03     5s
   3  -4.61496636e+07  1.97515170e+07  2.51e+04 6.45e-01  1.03e+03     5s
   4  -1.36185777e+07  4.90715033e+06  6.70e+03 1.83e-02  2.75e+02     5s
   5  -7.56180516e+06  2.44763950e+06  3.64e+03 5.35e-03  1.45e+02     5s
   6  -4.59667385e+06  2.11708048e+06  2.15e+03 4.21e-03  9.35e+01     5s
   7  -2.23589943e+06  8.60911552e+05  1.02e+03 3.64e-12  4.16e+01     5s
   8  -7.55750972e+05  3.64691769e+05  3.25e+02 3.18e-12  1.41e+01     5s
   9  -2.13680405e+05  2.45694364e+05  1.02e+02 1.82e-12  5.38e+00     5s
  10  -7.40177344e+04  1.13650119e+05  3.55e+01 2.73e-12  2.02e+00     5s
  11  -8.63510432e+03  5.16106025e+04  6.98e+00 1.37e-12  5.88e-01     5s
  12   2.67004422e+03  2.89886315e+04  2.52e+00 1.46e-12  2.47e-01     5s
  13   4.49207343e+03  2.53584985e+04  2.07e+00 1.12e-12  1.94e-01     5s
  14   8.10713454e+03  2.01428006e+04  9.58e-01 1.56e-12  1.12e-01     5s
  15   9.43647614e+03  1.65070564e+04  5.67e-01 1.41e-12  6.56e-02     5s
  16   1.04952362e+04  1.34449359e+04  2.60e-01 1.68e-12  2.70e-02     5s
  17   1.07854417e+04  1.27610868e+04  1.82e-01 2.12e-12  1.80e-02     5s
  18   1.10536204e+04  1.23088761e+04  1.12e-01 1.69e-12  1.15e-02     5s
  19   1.12096040e+04  1.20311797e+04  7.07e-02 1.29e-12  7.53e-03     5s
  20   1.12648202e+04  1.19018631e+04  5.69e-02 2.08e-12  5.82e-03     6s
  21   1.13314538e+04  1.17620473e+04  4.09e-02 1.58e-12  3.91e-03     6s
  22   1.13704382e+04  1.17183473e+04  3.24e-02 1.90e-12  3.17e-03     6s
  23   1.13986090e+04  1.16385189e+04  2.55e-02 1.68e-12  2.16e-03     6s
  24   1.14423475e+04  1.15860873e+04  1.46e-02 1.48e-12  1.30e-03     6s
  25   1.14564481e+04  1.15665884e+04  1.12e-02 2.02e-12  9.95e-04     6s
  26   1.14758428e+04  1.15307300e+04  6.49e-03 2.27e-12  4.88e-04     6s
  27   1.15004338e+04  1.15088384e+04  5.04e-04 1.53e-12  7.91e-05     6s
  28   1.15032272e+04  1.15038441e+04  5.98e-05 2.39e-12  5.61e-06     6s
  29   1.15035528e+04  1.15037027e+04  9.89e-06 2.12e-12  1.40e-06     6s
  30   1.15036030e+04  1.15036282e+04  2.37e-06 1.79e-12  2.30e-07     6s
  31   1.15036194e+04  1.15036195e+04  4.64e-09 3.58e-12  4.09e-10     6s

Barrier solved model in 31 iterations and 6.07 seconds (5.53 work units)
Optimal objective 1.15036194e+04

Crossover log...

   15163 DPushes remaining with DInf 0.0000000e+00                 6s
       0 DPushes remaining with DInf 0.0000000e+00                 6s

   19862 PPushes remaining with PInf 0.0000000e+00                 6s
       0 PPushes remaining with PInf 0.0000000e+00                 7s

  Push phase complete: Pinf 0.0000000e+00, Dinf 4.0354386e-12      7s


Solved with barrier
Extra simplex iterations after uncrush: 1591
Iteration    Objective       Primal Inf.    Dual Inf.      Time
   36362    1.1503619e+04   0.000000e+00   0.000000e+00      7s

Use crossover to convert LP symmetric solution to basic solution...
Crossover log...

    5821 DPushes remaining with DInf 0.0000000e+00                 8s
       0 DPushes remaining with DInf 0.0000000e+00                 8s

    2312 PPushes remaining with PInf 0.0000000e+00                 8s
       0 PPushes remaining with PInf 0.0000000e+00                 8s

  Push phase complete: Pinf 0.0000000e+00, Dinf 3.8610226e-12      8s

Iteration    Objective       Primal Inf.    Dual Inf.      Time
   47215    1.1503651e+04   0.000000e+00   5.230906e+04     10s
   52422    1.1503830e+04   0.000000e+00   2.362118e+05     15s
   56636    1.1503955e+04   0.000000e+00   2.453457e+05     21s
   60248    1.1504049e+04   0.000000e+00   1.055799e+05     26s
   63258    1.1504123e+04   0.000000e+00   2.071531e+05     30s
   66268    1.1504187e+04   0.000000e+00   1.044515e+05     36s
   68676    1.1504246e+04   0.000000e+00   2.073434e+05     40s
   71686    1.1504308e+04   0.000000e+00   2.243588e+05     45s
   74696    1.1504351e+04   0.000000e+00   1.463772e+05     50s
   77734    1.1504397e+04   0.000000e+00   2.199566e+05     55s
   80744    1.1504434e+04   0.000000e+00   3.921569e+06     60s
   83754    1.1504467e+04   0.000000e+00   2.014283e+05     66s
   85560    1.1504487e+04   0.000000e+00   1.033541e+05     71s
   87366    1.1504503e+04   0.000000e+00   3.336647e+05     76s
   89172    1.1504516e+04   0.000000e+00   1.381537e+05     81s
   90978    1.1504526e+04   0.000000e+00   9.890698e+04     86s
   92784    1.1504535e+04   0.000000e+00   1.642517e+05     91s
   94590    1.1504545e+04   0.000000e+00   1.445900e+05     96s
   96396    1.1504554e+04   0.000000e+00   1.660520e+05    101s
   98202    1.1504562e+04   0.000000e+00   2.150788e+05    106s
   99406    1.1504567e+04   0.000000e+00   1.309054e+05    110s
  101212    1.1504579e+04   0.000000e+00   2.579036e+05    117s
  102416    1.1504585e+04   0.000000e+00   4.716726e+05    121s
  103620    1.1504592e+04   0.000000e+00   2.642371e+05    126s
  104824    1.1504599e+04   0.000000e+00   7.042772e+05    130s
  106630    1.1504609e+04   0.000000e+00   3.851078e+05    137s
  107834    1.1504616e+04   0.000000e+00   1.458590e+05    143s
  108436    1.1504620e+04   0.000000e+00   1.349123e+05    145s
  110242    1.1504633e+04   0.000000e+00   1.398371e+05    152s
  110844    1.1504636e+04   0.000000e+00   7.651808e+05    155s
  112048    1.1504642e+04   0.000000e+00   1.010987e+06    160s
  113252    1.1504649e+04   0.000000e+00   2.597280e+05    165s
  114456    1.1504657e+04   0.000000e+00   2.451237e+05    171s
  115660    1.1504662e+04   0.000000e+00   9.117732e+05    176s
  116864    1.1504669e+04   0.000000e+00   9.016280e+05    182s
  118068    1.1504674e+04   0.000000e+00   7.787694e+05    187s
  118670    1.1504678e+04   0.000000e+00   1.744800e+05    191s
  119874    1.1504684e+04   0.000000e+00   5.100375e+05    197s
  121078    1.1504691e+04   0.000000e+00   4.430502e+05    203s
  121680    1.1504693e+04   0.000000e+00   9.294479e+05    206s
  122884    1.1504698e+04   0.000000e+00   4.612414e+05    212s
  123486    1.1504701e+04   0.000000e+00   2.460288e+05    215s
  124690    1.1504705e+04   0.000000e+00   6.398867e+05    221s
  125894    1.1504710e+04   0.000000e+00   7.030572e+05    228s
  126496    1.1504713e+04   0.000000e+00   1.414792e+06    232s
  127098    1.1504715e+04   0.000000e+00   2.294702e+05    236s
  128302    1.1504719e+04   0.000000e+00   2.488686e+05    243s
  128904    1.1504721e+04   0.000000e+00   4.312717e+05    248s
  129506    1.1504724e+04   0.000000e+00   2.455104e+05    251s
  130710    1.1504729e+04   0.000000e+00   2.167011e+05    258s
  131312    1.1504732e+04   0.000000e+00   5.250260e+05    261s
  132516    1.1504736e+04   0.000000e+00   2.691468e+05    268s
  133118    1.1504739e+04   0.000000e+00   1.372808e+05    271s
  134322    1.1504743e+04   0.000000e+00   8.943340e+05    278s
  134924    1.1504745e+04   0.000000e+00   3.382074e+05    281s
  136128    1.1504749e+04   0.000000e+00   2.610680e+05    288s
  136730    1.1504752e+04   0.000000e+00   3.137024e+05    292s
  137934    1.1504757e+04   0.000000e+00   1.367917e+05    299s
  138536    1.1504759e+04   0.000000e+00   2.139579e+05    302s
  139138    1.1504761e+04   0.000000e+00   3.080799e+05    306s
  140342    1.1504764e+04   0.000000e+00   7.022039e+05    313s
  140944    1.1504767e+04   0.000000e+00   2.692975e+05    317s
  141546    1.1504769e+04   0.000000e+00   3.267411e+05    321s
  142750    1.1504774e+04   0.000000e+00   6.572838e+05    327s
  143352    1.1504777e+04   0.000000e+00   1.543855e+05    331s
  144556    1.1504782e+04   0.000000e+00   1.240834e+06    338s
  145158    1.1504783e+04   0.000000e+00   1.191456e+05    342s
  145760    1.1504785e+04   0.000000e+00   2.722747e+05    346s
  146964    1.1504788e+04   0.000000e+00   1.679996e+05    354s
  147566    1.1504791e+04   0.000000e+00   9.353502e+05    358s
  148168    1.1504793e+04   0.000000e+00   2.802208e+05    362s
  148770    1.1504794e+04   0.000000e+00   2.734931e+05    366s
  149974    1.1504798e+04   0.000000e+00   3.196784e+05    374s
  150576    1.1504800e+04   0.000000e+00   1.830697e+05    378s
  151178    1.1504802e+04   0.000000e+00   1.644687e+05    383s
  151780    1.1504804e+04   0.000000e+00   2.199820e+05    387s
  152382    1.1504805e+04   0.000000e+00   1.385358e+05    391s
  152984    1.1504808e+04   0.000000e+00   6.112995e+05    395s
  154188    1.1504813e+04   0.000000e+00   1.770931e+05    404s
  154790    1.1504814e+04   0.000000e+00   9.053748e+05    408s
  155392    1.1504816e+04   0.000000e+00   1.716841e+06    412s
  155994    1.1504818e+04   0.000000e+00   1.828728e+05    416s
  156596    1.1504820e+04   0.000000e+00   2.783160e+05    420s
  157800    1.1504824e+04   0.000000e+00   2.655207e+05    427s
  158402    1.1504826e+04   0.000000e+00   4.062258e+05    431s
  159004    1.1504827e+04   0.000000e+00   8.543849e+05    435s
  159584    1.1504829e+04   0.000000e+00   1.135011e+05    440s
  160776    1.1504833e+04   0.000000e+00   6.116069e+05    449s
  161378    1.1504835e+04   0.000000e+00   4.145922e+05    452s
  161980    1.1504836e+04   0.000000e+00   1.689854e+06    457s
  162570    1.1504837e+04   0.000000e+00   6.751967e+05    461s
  163140    1.1504839e+04   0.000000e+00   3.395329e+05    466s
  163720    1.1504840e+04   0.000000e+00   1.475030e+05    471s
  164300    1.1504842e+04   0.000000e+00   1.538787e+05    475s
  165504    1.1504844e+04   0.000000e+00   2.112761e+05    484s
  166106    1.1504846e+04   0.000000e+00   2.712518e+05    488s
  166708    1.1504847e+04   0.000000e+00   2.298109e+05    492s
  167310    1.1504849e+04   0.000000e+00   1.079149e+06    496s
  167912    1.1504851e+04   0.000000e+00   1.582756e+05    501s
  168514    1.1504853e+04   0.000000e+00   1.803439e+05    505s
  169718    1.1504855e+04   0.000000e+00   2.546484e+05    514s
  170308    1.1504856e+04   0.000000e+00   2.162305e+05    519s
  170910    1.1504858e+04   0.000000e+00   2.032958e+05    523s
  171512    1.1504860e+04   0.000000e+00   4.938116e+05    527s
  172114    1.1504861e+04   0.000000e+00   4.017699e+05    532s
  172664    1.1504863e+04   0.000000e+00   4.091378e+05    537s
  173154    1.1504864e+04   0.000000e+00   3.667244e+05    541s
  173674    1.1504865e+04   0.000000e+00   2.905845e+05    546s
  174244    1.1504866e+04   0.000000e+00   1.210336e+05    551s
  174844    1.1504867e+04   0.000000e+00   1.622146e+05    555s
  175944    1.1504869e+04   0.000000e+00   1.197159e+05    564s
  176484    1.1504871e+04   0.000000e+00   1.681867e+05    569s
  176984    1.1504872e+04   0.000000e+00   1.414404e+05    574s
  177504    1.1504874e+04   0.000000e+00   2.722501e+05    578s
  177994    1.1504875e+04   0.000000e+00   2.088005e+05    583s
  178484    1.1504876e+04   0.000000e+00   2.849097e+05    587s
  179014    1.1504877e+04   0.000000e+00   2.330560e+05    592s
  179554    1.1504878e+04   0.000000e+00   2.179429e+05    596s
  180094    1.1504879e+04   0.000000e+00   2.071541e+05    601s
  180684    1.1504880e+04   0.000000e+00   5.604174e+05    606s
  181214    1.1504881e+04   0.000000e+00   9.957721e+04    610s
  182314    1.1504884e+04   0.000000e+00   2.442019e+05    620s
  182916    1.1504885e+04   0.000000e+00   2.247394e+05    624s
  183466    1.1504886e+04   0.000000e+00   1.908799e+05    629s
  184068    1.1504887e+04   0.000000e+00   1.690227e+05    634s
  184668    1.1504888e+04   0.000000e+00   2.692996e+05    638s
  185258    1.1504889e+04   0.000000e+00   1.531823e+05    643s
  185860    1.1504890e+04   0.000000e+00   1.808581e+05    648s
  186420    1.1504891e+04   0.000000e+00   4.274141e+05    652s
  186960    1.1504892e+04   0.000000e+00   9.416085e+05    657s
  187490    1.1504893e+04   0.000000e+00   3.593873e+06    662s
  188010    1.1504894e+04   0.000000e+00   5.040081e+05    666s
  188570    1.1504896e+04   0.000000e+00   1.034403e+05    671s
  189150    1.1504897e+04   0.000000e+00   3.758987e+05    676s
  189680    1.1504898e+04   0.000000e+00   2.590336e+05    680s
  190720    1.1504900e+04   0.000000e+00   2.631862e+05    689s
  191250    1.1504901e+04   0.000000e+00   2.042675e+05    694s
  191760    1.1504902e+04   0.000000e+00   9.632051e+04    699s
  192250    1.1504903e+04   0.000000e+00   1.249819e+05    703s
  192760    1.1504904e+04   0.000000e+00   1.525565e+05    708s
  193260    1.1504904e+04   0.000000e+00   5.423451e+04    712s
  193862    1.1504906e+04   0.000000e+00   8.230452e+04    717s
  194432    1.1504907e+04   0.000000e+00   2.229684e+05    721s
  194972    1.1504908e+04   0.000000e+00   2.014595e+05    726s
  195492    1.1504909e+04   0.000000e+00   6.300255e+04    731s
  196022    1.1504910e+04   0.000000e+00   1.468371e+05    735s
  197112    1.1504912e+04   0.000000e+00   1.080338e+05    744s
  197622    1.1504913e+04   0.000000e+00   1.121244e+05    749s
  198192    1.1504914e+04   0.000000e+00   8.072213e+04    754s
  198782    1.1504915e+04   0.000000e+00   7.526884e+04    758s
  199302    1.1504916e+04   0.000000e+00   2.983054e+05    763s
  199822    1.1504917e+04   0.000000e+00   2.176268e+05    768s
  200302    1.1504918e+04   0.000000e+00   7.391205e+04    772s
  200772    1.1504919e+04   0.000000e+00   6.665076e+04    777s
  201342    1.1504920e+04   0.000000e+00   8.926735e+04    781s
  201944    1.1504921e+04   0.000000e+00   1.939278e+05    786s
  202546    1.1504922e+04   0.000000e+00   5.130723e+05    790s
  203106    1.1504923e+04   0.000000e+00   5.287351e+04    795s
  204136    1.1504924e+04   0.000000e+00   8.618555e+05    804s
  204656    1.1504925e+04   0.000000e+00   2.396378e+05    809s
  205196    1.1504926e+04   0.000000e+00   5.612241e+05    813s
  205776    1.1504927e+04   0.000000e+00   6.541218e+04    818s
  206306    1.1504928e+04   0.000000e+00   1.568679e+05    823s
  206806    1.1504929e+04   0.000000e+00   4.766603e+05    827s
  207336    1.1504930e+04   0.000000e+00   1.636429e+05    832s
  207846    1.1504932e+04   0.000000e+00   1.288901e+05    836s
  208406    1.1504933e+04   0.000000e+00   7.635721e+04    841s
  208916    1.1504933e+04   0.000000e+00   2.863291e+05    846s
  209446    1.1504934e+04   0.000000e+00   6.110708e+04    850s
  210596    1.1504937e+04   0.000000e+00   2.790838e+05    860s
  211196    1.1504938e+04   0.000000e+00   1.068998e+05    864s
  211756    1.1504938e+04   0.000000e+00   1.092831e+05    869s
  212326    1.1504940e+04   0.000000e+00   2.490011e+05    874s
  212836    1.1504940e+04   0.000000e+00   1.590328e+05    878s
  213426    1.1504941e+04   0.000000e+00   1.272935e+05    883s
  213976    1.1504942e+04   0.000000e+00   3.937656e+05    887s
  214476    1.1504943e+04   0.000000e+00   5.378408e+05    892s
  214966    1.1504944e+04   0.000000e+00   8.289719e+04    897s
  215466    1.1504945e+04   0.000000e+00   1.212317e+05    901s
  215996    1.1504946e+04   0.000000e+00   6.920278e+04    906s
  216496    1.1504946e+04   0.000000e+00   1.100606e+05    910s
  217658    1.1504949e+04   0.000000e+00   2.310834e+05    919s
  218208    1.1504949e+04   0.000000e+00   2.145071e+05    924s
  218748    1.1504950e+04   0.000000e+00   8.636465e+04    929s
  219328    1.1504951e+04   0.000000e+00   4.439272e+05    933s
  219878    1.1504952e+04   0.000000e+00   2.008089e+05    938s
  220408    1.1504953e+04   0.000000e+00   1.382973e+05    943s
  220908    1.1504954e+04   0.000000e+00   1.341467e+05    947s
  221368    1.1504955e+04   0.000000e+00   1.160718e+05    952s
  221888    1.1504956e+04   0.000000e+00   1.597419e+05    956s
  222418    1.1504956e+04   0.000000e+00   9.230849e+04    961s
  222918    1.1504957e+04   0.000000e+00   1.374537e+05    965s
  223498    1.1504958e+04   0.000000e+00   1.645809e+05    970s
  224578    1.1504960e+04   0.000000e+00   2.121817e+05    979s
  225108    1.1504960e+04   0.000000e+00   1.788988e+05    984s
  225628    1.1504961e+04   0.000000e+00   7.652119e+06    989s
  226138    1.1504962e+04   0.000000e+00   8.620709e+04    993s
  226678    1.1504963e+04   0.000000e+00   1.454063e+05    998s
  227268    1.1504964e+04   0.000000e+00   6.301992e+05   1002s
  227868    1.1504965e+04   0.000000e+00   1.769297e+05   1007s
  228388    1.1504966e+04   0.000000e+00   4.429760e+05   1012s
  228888    1.1504967e+04   0.000000e+00   1.127878e+05   1016s
  229398    1.1504968e+04   0.000000e+00   1.619307e+05   1021s
  229898    1.1504968e+04   0.000000e+00   1.937001e+05   1025s
  230958    1.1504970e+04   0.000000e+00   6.355913e+04   1035s
  231558    1.1504971e+04   0.000000e+00   1.374831e+05   1039s
  232118    1.1504972e+04   0.000000e+00   1.880332e+05   1044s
  232688    1.1504973e+04   0.000000e+00   1.572987e+05   1048s
  233248    1.1504974e+04   0.000000e+00   1.207844e+05   1053s
  233838    1.1504975e+04   0.000000e+00   1.526075e+05   1058s
  234348    1.1504975e+04   0.000000e+00   1.042776e+05   1062s
  234848    1.1504976e+04   0.000000e+00   4.655583e+04   1067s
  235348    1.1504977e+04   0.000000e+00   8.251142e+04   1071s
  235908    1.1504978e+04   0.000000e+00   4.152384e+04   1076s
  236510    1.1504979e+04   0.000000e+00   9.118370e+04   1081s
  237080    1.1504980e+04   0.000000e+00   5.432488e+04   1085s
  238140    1.1504981e+04   0.000000e+00   1.081224e+05   1094s
  238630    1.1504982e+04   0.000000e+00   5.772472e+04   1099s
  239140    1.1504982e+04   0.000000e+00   1.163321e+05   1104s
  239670    1.1504983e+04   0.000000e+00   6.186636e+04   1108s
  240210    1.1504984e+04   0.000000e+00   9.707005e+05   1113s
  240790    1.1504985e+04   0.000000e+00   7.032031e+04   1117s
  241390    1.1504985e+04   0.000000e+00   1.456095e+05   1122s
  241930    1.1504986e+04   0.000000e+00   4.752637e+04   1127s
  242460    1.1504986e+04   0.000000e+00   4.732351e+04   1131s
  242960    1.1504987e+04   0.000000e+00   9.374610e+04   1136s
  243470    1.1504987e+04   0.000000e+00   3.375847e+05   1141s
  243970    1.1504988e+04   0.000000e+00   1.106357e+05   1145s
  244920    1.1504989e+04   0.000000e+00   1.681267e+05   1154s
  245410    1.1504990e+04   0.000000e+00   7.368360e+04   1159s
  245870    1.1504990e+04   0.000000e+00   5.148828e+04   1163s
  246350    1.1504991e+04   0.000000e+00   1.530455e+05   1168s
  246810    1.1504991e+04   0.000000e+00   4.319941e+04   1172s
  247260    1.1504991e+04   0.000000e+00   2.693738e+05   1177s
  247770    1.1504992e+04   0.000000e+00   1.297762e+05   1182s
  248280    1.1504993e+04   0.000000e+00   9.053371e+04   1186s
  248770    1.1504993e+04   0.000000e+00   6.121024e+04   1191s
  249260    1.1504994e+04   0.000000e+00   6.884987e+04   1195s
  250290    1.1504995e+04   0.000000e+00   1.042555e+05   1204s
  250760    1.1504995e+04   0.000000e+00   8.553136e+04   1209s
  251220    1.1504996e+04   0.000000e+00   5.748665e+04   1213s
  251700    1.1504996e+04   0.000000e+00   1.110093e+05   1218s
  252170    1.1504997e+04   0.000000e+00   1.456674e+05   1223s
  252720    1.1504998e+04   0.000000e+00   1.941646e+05   1227s
  253220    1.1504998e+04   0.000000e+00   9.548669e+04   1232s
  253720    1.1504999e+04   0.000000e+00   2.049499e+05   1237s
  254270    1.1504999e+04   0.000000e+00   5.810609e+04   1241s
  254800    1.1505000e+04   0.000000e+00   3.776872e+05   1246s
  255310    1.1505000e+04   0.000000e+00   3.272100e+05   1251s
  255850    1.1505001e+04   0.000000e+00   5.622878e+04   1255s
  256960    1.1505002e+04   0.000000e+00   6.391482e+04   1265s
  257460    1.1505003e+04   0.000000e+00   7.225829e+04   1269s
  257960    1.1505003e+04   0.000000e+00   7.505737e+04   1274s
  258460    1.1505004e+04   0.000000e+00   5.384237e+04   1278s
  258980    1.1505004e+04   0.000000e+00   9.909087e+04   1283s
  259440    1.1505004e+04   0.000000e+00   1.002382e+05   1288s
  259880    1.1505005e+04   0.000000e+00   2.565044e+04   1292s
  260320    1.1505005e+04   0.000000e+00   2.278503e+05   1296s
  260760    1.1505006e+04   0.000000e+00   9.698002e+04   1301s
  261230    1.1505006e+04   0.000000e+00   7.293141e+04   1305s
  262230    1.1505007e+04   0.000000e+00   1.004496e+05   1314s
  262710    1.1505007e+04   0.000000e+00   6.082758e+04   1319s
  263250    1.1505008e+04   0.000000e+00   3.178108e+04   1323s
  263760    1.1505008e+04   0.000000e+00   7.997189e+04   1328s
  264250    1.1505009e+04   0.000000e+00   1.103265e+05   1333s
  264760    1.1505009e+04   0.000000e+00   6.326781e+04   1337s
  265320    1.1505010e+04   0.000000e+00   6.735927e+04   1342s
  265870    1.1505010e+04   0.000000e+00   4.318093e+04   1346s
  266370    1.1505011e+04   0.000000e+00   6.770299e+04   1351s
  266880    1.1505011e+04   0.000000e+00   1.542502e+05   1355s
  267390    1.1505012e+04   0.000000e+00   5.169404e+04   1360s
  268450    1.1505013e+04   0.000000e+00   1.277070e+05   1369s
  269000    1.1505013e+04   0.000000e+00   2.566332e+04   1374s
  269540    1.1505014e+04   0.000000e+00   1.271307e+05   1378s
  270040    1.1505015e+04   0.000000e+00   3.845569e+04   1383s
  270580    1.1505015e+04   0.000000e+00   5.893235e+04   1387s
  271090    1.1505016e+04   0.000000e+00   5.011297e+04   1392s
  271630    1.1505016e+04   0.000000e+00   8.473606e+04   1397s
  272100    1.1505017e+04   0.000000e+00   1.386173e+05   1401s
  272600    1.1505017e+04   0.000000e+00   7.718743e+04   1406s
  273070    1.1505017e+04   0.000000e+00   6.299343e+04   1410s
  274030    1.1505018e+04   0.000000e+00   8.503259e+04   1419s
  274540    1.1505019e+04   0.000000e+00   6.471509e+04   1424s
  275000    1.1505019e+04   0.000000e+00   3.618936e+04   1428s
  275490    1.1505019e+04   0.000000e+00   3.272357e+04   1433s
  275920    1.1505020e+04   0.000000e+00   5.101745e+05   1437s
  276370    1.1505020e+04   0.000000e+00   4.970150e+04   1442s
  276840    1.1505021e+04   0.000000e+00   6.479905e+04   1446s
  277370    1.1505021e+04   0.000000e+00   1.224047e+05   1451s
  277870    1.1505022e+04   0.000000e+00   4.298774e+04   1455s
  278810    1.1505022e+04   0.000000e+00   4.953285e+04   1464s
  279320    1.1505023e+04   0.000000e+00   8.201954e+04   1469s
  279840    1.1505023e+04   0.000000e+00   5.094598e+04   1474s
  280340    1.1505024e+04   0.000000e+00   2.424711e+05   1478s
  280840    1.1505024e+04   0.000000e+00   5.737565e+04   1483s
  281370    1.1505025e+04   0.000000e+00   1.328629e+05   1487s
  281840    1.1505025e+04   0.000000e+00   4.039267e+04   1492s
  282290    1.1505025e+04   0.000000e+00   6.869900e+04   1496s
  282750    1.1505026e+04   0.000000e+00   1.240158e+05   1501s
  283240    1.1505026e+04   0.000000e+00   5.347037e+04   1505s
  284140    1.1505027e+04   0.000000e+00   3.027712e+04   1514s
  284610    1.1505027e+04   0.000000e+00   2.262422e+04   1519s
  285100    1.1505028e+04   0.000000e+00   4.465946e+04   1523s
  285570    1.1505028e+04   0.000000e+00   6.048239e+04   1528s
  286040    1.1505028e+04   0.000000e+00   2.275479e+05   1532s
  286550    1.1505029e+04   0.000000e+00   3.781944e+04   1537s
  287010    1.1505029e+04   0.000000e+00   1.814628e+05   1541s
  287490    1.1505030e+04   0.000000e+00   4.473549e+04   1546s
  288000    1.1505030e+04   0.000000e+00   1.225976e+05   1550s
  289050    1.1505031e+04   0.000000e+00   1.437860e+05   1560s
  289520    1.1505031e+04   0.000000e+00   8.678162e+04   1564s
  289970    1.1505032e+04   0.000000e+00   3.705899e+04   1569s
  290390    1.1505032e+04   0.000000e+00   1.003982e+05   1573s
  290840    1.1505032e+04   0.000000e+00   5.905692e+04   1577s
  291300    1.1505033e+04   0.000000e+00   1.335109e+05   1582s
  291800    1.1505033e+04   0.000000e+00   2.422708e+04   1586s
  292300    1.1505033e+04   0.000000e+00   3.434514e+04   1591s
  292830    1.1505034e+04   0.000000e+00   2.452015e+05   1595s
  293770    1.1505035e+04   0.000000e+00   1.340127e+05   1605s
  294260    1.1505035e+04   0.000000e+00   6.979778e+04   1609s
  294760    1.1505035e+04   0.000000e+00   5.031425e+04   1614s
  295250    1.1505036e+04   0.000000e+00   9.241768e+04   1618s
  295740    1.1505036e+04   0.000000e+00   3.042474e+04   1623s
  296260    1.1505036e+04   0.000000e+00   3.482685e+04   1627s
  296730    1.1505037e+04   0.000000e+00   5.573017e+04   1632s
  297190    1.1505037e+04   0.000000e+00   1.293378e+05   1636s
  297640    1.1505037e+04   0.000000e+00   4.477818e+04   1641s
  298120    1.1505038e+04   0.000000e+00   7.285861e+04   1645s
  299090    1.1505039e+04   0.000000e+00   3.893821e+04   1654s
  299570    1.1505039e+04   0.000000e+00   1.376899e+05   1659s
  300080    1.1505039e+04   0.000000e+00   7.793865e+04   1663s
  300590    1.1505040e+04   0.000000e+00   3.729392e+04   1668s
  301070    1.1505040e+04   0.000000e+00   7.783589e+04   1673s
  301550    1.1505041e+04   0.000000e+00   6.345027e+04   1677s
  302030    1.1505041e+04   0.000000e+00   4.329072e+04   1682s
  302510    1.1505041e+04   0.000000e+00   1.018869e+05   1686s
  302990    1.1505042e+04   0.000000e+00   4.329408e+04   1691s
  303530    1.1505042e+04   0.000000e+00   2.508371e+04   1695s
  304580    1.1505043e+04   0.000000e+00   3.194814e+04   1704s
  305110    1.1505043e+04   0.000000e+00   7.105626e+04   1709s
  305630    1.1505044e+04   0.000000e+00   7.002082e+04   1713s
  306200    1.1505044e+04   0.000000e+00   7.409155e+04   1718s
  306730    1.1505045e+04   0.000000e+00   1.095161e+05   1722s
  307220    1.1505045e+04   0.000000e+00   2.323980e+04   1727s
  307680    1.1505045e+04   0.000000e+00   1.567696e+04   1731s
  308130    1.1505046e+04   0.000000e+00   7.191606e+04   1736s
  308610    1.1505046e+04   0.000000e+00   6.753107e+04   1740s
  309630    1.1505047e+04   0.000000e+00   2.487998e+05   1749s
  310110    1.1505047e+04   0.000000e+00   5.538574e+04   1754s
  310590    1.1505047e+04   0.000000e+00   1.126288e+05   1758s
  311090    1.1505048e+04   0.000000e+00   1.499626e+04   1763s
  311630    1.1505048e+04   0.000000e+00   1.061957e+05   1768s
  312200    1.1505048e+04   0.000000e+00   3.713148e+04   1772s
  312760    1.1505049e+04   0.000000e+00   2.793269e+04   1777s
  313270    1.1505049e+04   0.000000e+00   2.348507e+05   1782s
  313810    1.1505049e+04   0.000000e+00   6.174331e+04   1786s
  314330    1.1505050e+04   0.000000e+00   1.619126e+04   1791s
  314820    1.1505050e+04   0.000000e+00   2.645985e+04   1795s
  315960    1.1505051e+04   0.000000e+00   5.070440e+04   1805s
  316500    1.1505052e+04   0.000000e+00   3.781305e+04   1809s
  317060    1.1505052e+04   0.000000e+00   1.052093e+05   1814s
  317560    1.1505052e+04   0.000000e+00   1.027861e+05   1818s
  318090    1.1505053e+04   0.000000e+00   5.990693e+04   1823s
  318610    1.1505053e+04   0.000000e+00   4.372581e+04   1828s
  319130    1.1505054e+04   0.000000e+00   2.534806e+04   1832s
  319710    1.1505054e+04   0.000000e+00   4.781370e+04   1837s
  320270    1.1505054e+04   0.000000e+00   3.510341e+04   1841s
  320790    1.1505055e+04   0.000000e+00   2.018030e+04   1846s
  321310    1.1505055e+04   0.000000e+00   6.095506e+04   1851s
  321820    1.1505055e+04   0.000000e+00   2.721265e+04   1855s
  322960    1.1505056e+04   0.000000e+00   1.264049e+05   1865s
  323490    1.1505057e+04   0.000000e+00   8.025510e+04   1869s
  324000    1.1505057e+04   0.000000e+00   3.812570e+04   1874s
  324510    1.1505057e+04   0.000000e+00   3.502301e+05   1878s
  325090    1.1505058e+04   0.000000e+00   9.080310e+04   1883s
  325640    1.1505058e+04   0.000000e+00   8.669617e+04   1888s
  326160    1.1505059e+04   0.000000e+00   2.273447e+04   1892s
  326680    1.1505059e+04   0.000000e+00   9.750026e+04   1897s
  327200    1.1505059e+04   0.000000e+00   2.624702e+04   1901s
  327690    1.1505059e+04   0.000000e+00   4.555836e+05   1906s
  328190    1.1505060e+04   0.000000e+00   4.392997e+04   1910s
  329170    1.1505060e+04   0.000000e+00   1.614715e+04   1919s
  329630    1.1505061e+04   0.000000e+00   2.972473e+04   1924s
  330140    1.1505061e+04   0.000000e+00   1.433762e+04   1928s
  330640    1.1505061e+04   0.000000e+00   2.350399e+04   1933s
  331190    1.1505062e+04   0.000000e+00   3.127637e+04   1937s
  331700    1.1505062e+04   0.000000e+00   4.849953e+04   1942s
  332150    1.1505062e+04   0.000000e+00   1.211117e+05   1947s
  332620    1.1505062e+04   0.000000e+00   2.001056e+04   1951s
  333120    1.1505063e+04   0.000000e+00   9.210410e+04   1956s
  333580    1.1505063e+04   0.000000e+00   7.104621e+04   1960s
  334540    1.1505064e+04   0.000000e+00   3.661602e+04   1969s
  335030    1.1505064e+04   0.000000e+00   2.529160e+04   1974s
  335540    1.1505064e+04   0.000000e+00   1.544715e+04   1978s
  336120    1.1505065e+04   0.000000e+00   3.296539e+04   1983s
  336620    1.1505065e+04   0.000000e+00   1.493675e+04   1987s
  337150    1.1505065e+04   0.000000e+00   3.006916e+04   1992s
  337690    1.1505066e+04   0.000000e+00   2.669831e+04   1997s
  338170    1.1505066e+04   0.000000e+00   4.660889e+04   2001s
  338660    1.1505066e+04   0.000000e+00   1.271506e+04   2006s
  339140    1.1505066e+04   0.000000e+00   2.857089e+04   2010s
  340110    1.1505067e+04   0.000000e+00   2.544483e+04   2019s
  340610    1.1505067e+04   0.000000e+00   4.065480e+04   2024s
  341060    1.1505068e+04   0.000000e+00   3.581469e+04   2028s
  341580    1.1505068e+04   0.000000e+00   1.617297e+04   2033s
  342050    1.1505068e+04   0.000000e+00   3.087835e+04   2037s
  342600    1.1505069e+04   0.000000e+00   5.078382e+04   2042s
  343090    1.1505069e+04   0.000000e+00   2.731100e+04   2046s
  343550    1.1505069e+04   0.000000e+00   1.278472e+05   2051s
  344070    1.1505069e+04   0.000000e+00   2.633344e+04   2055s
  345210    1.1505070e+04   0.000000e+00   3.736130e+04   2064s
  345740    1.1505071e+04   0.000000e+00   8.849400e+04   2069s
  346260    1.1505071e+04   0.000000e+00   5.241531e+04   2073s
  346740    1.1505071e+04   0.000000e+00   4.289807e+04   2078s
  347220    1.1505071e+04   0.000000e+00   2.134383e+04   2083s
  347690    1.1505072e+04   0.000000e+00   4.407033e+04   2087s
  348170    1.1505072e+04   0.000000e+00   2.559518e+04   2092s
  348670    1.1505072e+04   0.000000e+00   9.551936e+04   2096s
  349150    1.1505072e+04   0.000000e+00   4.290536e+04   2101s
  349650    1.1505073e+04   0.000000e+00   6.172415e+04   2105s
  350630    1.1505073e+04   0.000000e+00   5.645045e+04   2114s
  351150    1.1505074e+04   0.000000e+00   9.183539e+03   2119s
  351650    1.1505074e+04   0.000000e+00   3.655505e+04   2123s
  352150    1.1505074e+04   0.000000e+00   8.766313e+03   2128s
  352620    1.1505074e+04   0.000000e+00   7.020067e+04   2132s
  353120    1.1505075e+04   0.000000e+00   2.357107e+04   2137s
  353640    1.1505075e+04   0.000000e+00   3.924266e+04   2141s
  354180    1.1505075e+04   0.000000e+00   2.892789e+04   2146s
  354680    1.1505076e+04   0.000000e+00   1.846572e+04   2151s
  355160    1.1505076e+04   0.000000e+00   6.296093e+04   2155s
  356070    1.1505076e+04   0.000000e+00   2.312468e+04   2164s
  356540    1.1505077e+04   0.000000e+00   1.460931e+04   2168s
  356990    1.1505077e+04   0.000000e+00   1.730067e+04   2173s
  357480    1.1505077e+04   0.000000e+00   1.978673e+04   2178s
  357960    1.1505077e+04   0.000000e+00   1.840594e+04   2182s
  358420    1.1505077e+04   0.000000e+00   2.665182e+04   2186s
  358870    1.1505078e+04   0.000000e+00   6.524565e+04   2191s
  359350    1.1505078e+04   0.000000e+00   9.165598e+03   2195s
  360280    1.1505078e+04   0.000000e+00   8.645566e+03   2204s
  360740    1.1505079e+04   0.000000e+00   2.032227e+04   2209s
  361240    1.1505079e+04   0.000000e+00   2.758249e+04   2213s
  361730    1.1505079e+04   0.000000e+00   2.483095e+04   2218s
  362180    1.1505079e+04   0.000000e+00   3.203973e+04   2222s
  362650    1.1505080e+04   0.000000e+00   6.614626e+04   2226s
  363120    1.1505080e+04   0.000000e+00   1.670490e+04   2231s
  363610    1.1505080e+04   0.000000e+00   2.994248e+04   2235s
  364660    1.1505080e+04   0.000000e+00   4.602004e+04   2244s
  365140    1.1505081e+04   0.000000e+00   1.875886e+05   2249s
  365630    1.1505081e+04   0.000000e+00   5.033533e+04   2253s
  366130    1.1505081e+04   0.000000e+00   4.018170e+04   2258s
  366630    1.1505081e+04   0.000000e+00   3.316017e+04   2262s
  367120    1.1505082e+04   0.000000e+00   1.209236e+04   2267s
  367630    1.1505082e+04   0.000000e+00   7.486896e+04   2271s
  368120    1.1505082e+04   0.000000e+00   1.191558e+04   2276s
  368620    1.1505082e+04   0.000000e+00   8.340165e+03   2280s
  369620    1.1505083e+04   0.000000e+00   1.576992e+04   2289s
  370120    1.1505083e+04   0.000000e+00   2.417431e+04   2294s
  370670    1.1505083e+04   0.000000e+00   1.619941e+04   2298s
  371150    1.1505083e+04   0.000000e+00   2.516472e+04   2303s
  371670    1.1505084e+04   0.000000e+00   2.344176e+04   2307s
  372200    1.1505084e+04   0.000000e+00   2.781119e+04   2312s
  372670    1.1505084e+04   0.000000e+00   7.661442e+03   2316s
  373150    1.1505084e+04   0.000000e+00   1.037910e+04   2320s
  374100    1.1505085e+04   0.000000e+00   2.812218e+04   2330s
  374560    1.1505085e+04   0.000000e+00   1.012595e+04   2334s
  375040    1.1505085e+04   0.000000e+00   9.059889e+03   2338s
  375530    1.1505085e+04   0.000000e+00   1.896750e+04   2343s
  376020    1.1505086e+04   0.000000e+00   1.444511e+04   2347s
  376530    1.1505086e+04   0.000000e+00   1.521599e+04   2352s
  377080    1.1505086e+04   0.000000e+00   3.399551e+04   2357s
  377560    1.1505086e+04   0.000000e+00   3.504885e+04   2361s
  378040    1.1505086e+04   0.000000e+00   6.722605e+03   2365s
  379020    1.1505087e+04   0.000000e+00   1.162764e+04   2374s
  379500    1.1505087e+04   0.000000e+00   1.790178e+04   2379s
  380030    1.1505087e+04   0.000000e+00   1.407649e+04   2383s
  380540    1.1505087e+04   0.000000e+00   1.300196e+04   2388s
  381050    1.1505087e+04   0.000000e+00   1.709053e+04   2392s
  381540    1.1505087e+04   0.000000e+00   2.859966e+04   2397s
  382040    1.1505088e+04   0.000000e+00   1.009681e+04   2401s
  382600    1.1505088e+04   0.000000e+00   5.463941e+03   2406s
  383130    1.1505088e+04   0.000000e+00   9.720744e+03   2410s
  384170    1.1505088e+04   0.000000e+00   2.375786e+05   2419s
  384640    1.1505089e+04   0.000000e+00   9.875964e+03   2424s
  385160    1.1505089e+04   0.000000e+00   8.009984e+03   2428s
  385670    1.1505089e+04   0.000000e+00   1.947818e+04   2433s
  386180    1.1505089e+04   0.000000e+00   1.641308e+04   2437s
  386760    1.1505090e+04   0.000000e+00   1.866915e+04   2442s
  387360    1.1505090e+04   0.000000e+00   1.529343e+04   2447s
  387870    1.1505090e+04   0.000000e+00   9.887931e+03   2451s
  388360    1.1505090e+04   0.000000e+00   3.710910e+04   2455s
  389420    1.1505091e+04   0.000000e+00   3.173404e+05   2465s
  389980    1.1505091e+04   0.000000e+00   4.689698e+04   2469s
  390530    1.1505091e+04   0.000000e+00   6.208691e+03   2474s
  391040    1.1505091e+04   0.000000e+00   8.407076e+03   2478s
  391530    1.1505091e+04   0.000000e+00   6.160793e+04   2483s
  392000    1.1505092e+04   0.000000e+00   8.547396e+03   2487s
  392490    1.1505092e+04   0.000000e+00   2.346418e+04   2492s
  393040    1.1505092e+04   0.000000e+00   8.144257e+03   2496s
  393600    1.1505092e+04   0.000000e+00   1.514395e+04   2500s
  394140    1.1505092e+04   0.000000e+00   7.029231e+03   2505s
  395280    1.1505093e+04   0.000000e+00   6.397519e+04   2514s
  395780    1.1505093e+04   0.000000e+00   1.161198e+04   2519s
  396280    1.1505093e+04   0.000000e+00   3.404370e+04   2523s
  396760    1.1505093e+04   0.000000e+00   7.762113e+03   2528s
  397230    1.1505093e+04   0.000000e+00   1.149481e+04   2532s
  397730    1.1505094e+04   0.000000e+00   4.044274e+03   2537s
  398210    1.1505094e+04   0.000000e+00   2.188538e+04   2541s
  398740    1.1505094e+04   0.000000e+00   1.076997e+04   2546s
  399220    1.1505094e+04   0.000000e+00   4.668105e+03   2550s
  400180    1.1505094e+04   0.000000e+00   3.042426e+04   2559s
  400680    1.1505095e+04   0.000000e+00   3.064189e+04   2563s
  401180    1.1505095e+04   0.000000e+00   3.957761e+03   2568s
  401680    1.1505095e+04   0.000000e+00   1.036370e+04   2572s
  402150    1.1505095e+04   0.000000e+00   7.862065e+03   2577s
  402640    1.1505095e+04   0.000000e+00   7.293545e+03   2581s
  403150    1.1505095e+04   0.000000e+00   1.189122e+04   2586s
  403660    1.1505095e+04   0.000000e+00   6.350736e+03   2590s
  404660    1.1505096e+04   0.000000e+00   5.923283e+03   2600s
  405150    1.1505096e+04   0.000000e+00   3.796932e+04   2604s
  405610    1.1505096e+04   0.000000e+00   1.052101e+04   2608s
  406080    1.1505096e+04   0.000000e+00   1.535185e+04   2613s
  406560    1.1505096e+04   0.000000e+00   2.565225e+04   2617s
  407040    1.1505097e+04   0.000000e+00   1.869584e+04   2622s
  407530    1.1505097e+04   0.000000e+00   4.840196e+03   2626s
  408020    1.1505097e+04   0.000000e+00   1.805948e+03   2630s
  408980    1.1505097e+04   0.000000e+00   6.420073e+03   2639s
  409470    1.1505097e+04   0.000000e+00   9.387184e+03   2644s
  409960    1.1505097e+04   0.000000e+00   2.886862e+03   2648s
  410460    1.1505097e+04   0.000000e+00   7.353790e+03   2653s
  410910    1.1505097e+04   0.000000e+00   2.668361e+04   2657s
  411370    1.1505098e+04   0.000000e+00   2.376984e+03   2661s
  411870    1.1505098e+04   0.000000e+00   2.153023e+03   2666s
  412370    1.1505098e+04   0.000000e+00   3.442782e+04   2670s
  413400    1.1505098e+04   0.000000e+00   3.766148e+03   2679s
  413900    1.1505098e+04   0.000000e+00   6.840678e+03   2684s
  414440    1.1505098e+04   0.000000e+00   5.921676e+03   2688s
  414990    1.1505099e+04   0.000000e+00   3.984887e+03   2693s
  415540    1.1505099e+04   0.000000e+00   1.022949e+04   2697s
  416080    1.1505099e+04   0.000000e+00   4.047683e+03   2702s
  416580    1.1505099e+04   0.000000e+00   1.068814e+04   2706s
  417060    1.1505099e+04   0.000000e+00   4.401168e+03   2711s
  417520    1.1505099e+04   0.000000e+00   4.497716e+03   2715s
  418440    1.1505100e+04   0.000000e+00   1.289617e+04   2724s
  418930    1.1505100e+04   0.000000e+00   9.029097e+03   2728s
  419490    1.1505100e+04   0.000000e+00   3.311406e+03   2733s
  420010    1.1505100e+04   0.000000e+00   2.263587e+03   2737s
  420530    1.1505100e+04   0.000000e+00   2.759400e+03   2742s
  421070    1.1505100e+04   0.000000e+00   5.407317e+03   2746s
  421560    1.1505100e+04   0.000000e+00   3.647689e+03   2750s
  422520    1.1505101e+04   0.000000e+00   8.594191e+03   2759s
  423010    1.1505101e+04   0.000000e+00   5.747910e+03   2764s
  423570    1.1505101e+04   0.000000e+00   3.441958e+03   2768s
  424110    1.1505101e+04   0.000000e+00   1.197976e+04   2773s
  424660    1.1505101e+04   0.000000e+00   1.833406e+03   2777s
  425210    1.1505101e+04   0.000000e+00   5.310804e+03   2782s
  425680    1.1505101e+04   0.000000e+00   3.495504e+03   2786s
  426170    1.1505101e+04   0.000000e+00   8.984645e+03   2790s
  427220    1.1505102e+04   0.000000e+00   2.265732e+03   2799s
  427720    1.1505102e+04   0.000000e+00   2.239135e+03   2803s
  428230    1.1505102e+04   0.000000e+00   3.078606e+03   2808s
  428750    1.1505102e+04   0.000000e+00   1.826967e+03   2812s
  429230    1.1505102e+04   0.000000e+00   2.159521e+03   2817s
  429670    1.1505102e+04   0.000000e+00   1.666370e+03   2821s
  430150    1.1505102e+04   0.000000e+00   8.022761e+03   2825s
  431160    1.1505102e+04   0.000000e+00   1.201384e+04   2834s
  431670    1.1505102e+04   0.000000e+00   3.749313e+03   2839s
  432180    1.1505103e+04   0.000000e+00   3.634536e+03   2843s
  432720    1.1505103e+04   0.000000e+00   5.526074e+03   2848s
  433240    1.1505103e+04   0.000000e+00   3.085053e+04   2852s
  433730    1.1505103e+04   0.000000e+00   2.896001e+03   2857s
  434210    1.1505103e+04   0.000000e+00   1.006011e+04   2861s
  434730    1.1505103e+04   0.000000e+00   1.256192e+03   2866s
  435650    1.1505103e+04   0.000000e+00   8.416331e+03   2874s
  436130    1.1505103e+04   0.000000e+00   1.599588e+03   2879s
  436600    1.1505103e+04   0.000000e+00   3.106935e+03   2883s
  437100    1.1505103e+04   0.000000e+00   6.839778e+03   2887s
  437540    1.1505103e+04   0.000000e+00   3.926806e+03   2892s
  438000    1.1505104e+04   0.000000e+00   1.208579e+04   2896s
  438500    1.1505104e+04   0.000000e+00   1.685736e+03   2900s
  439520    1.1505104e+04   0.000000e+00   4.594202e+03   2909s
  440040    1.1505104e+04   0.000000e+00   2.465902e+03   2913s
  440550    1.1505104e+04   0.000000e+00   4.801388e+03   2918s
  441030    1.1505104e+04   0.000000e+00   5.826015e+03   2922s
  441480    1.1505104e+04   0.000000e+00   2.814213e+03   2926s
  441940    1.1505104e+04   0.000000e+00   9.793857e+02   2931s
  442840    1.1505104e+04   0.000000e+00   3.771564e+03   2939s
  443320    1.1505104e+04   0.000000e+00   5.166684e+03   2944s
  443790    1.1505104e+04   0.000000e+00   1.044011e+04   2948s
  444230    1.1505104e+04   0.000000e+00   1.118493e+04   2952s
  444690    1.1505104e+04   0.000000e+00   1.589400e+03   2957s
  445180    1.1505105e+04   0.000000e+00   1.979233e+03   2961s
  445680    1.1505105e+04   0.000000e+00   1.407915e+03   2965s
  446680    1.1505105e+04   0.000000e+00   1.826969e+03   2974s
  447180    1.1505105e+04   0.000000e+00   7.807865e+02   2978s
  447710    1.1505105e+04   0.000000e+00   1.140362e+03   2983s
  448190    1.1505105e+04   0.000000e+00   3.550205e+02   2987s
  448690    1.1505105e+04   0.000000e+00   1.523581e+03   2992s
  449190    1.1505105e+04   0.000000e+00   1.071255e+03   2996s
  449700    1.1505105e+04   0.000000e+00   1.767540e+03   3001s
  450190    1.1505105e+04   0.000000e+00   6.871049e+02   3005s
  451160    1.1505105e+04   0.000000e+00   2.464907e+03   3014s
  451610    1.1505105e+04   0.000000e+00   1.835323e+03   3019s
  452090    1.1505105e+04   0.000000e+00   8.098058e+02   3023s
  452600    1.1505105e+04   0.000000e+00   1.813146e+03   3027s
  453100    1.1505106e+04   0.000000e+00   4.083985e+03   3032s
  453560    1.1505106e+04   0.000000e+00   1.663820e+03   3036s
  454010    1.1505106e+04   0.000000e+00   2.219301e+03   3040s
  454910    1.1505106e+04   0.000000e+00   1.304069e+03   3049s
  455380    1.1505106e+04   0.000000e+00   4.877817e+03   3053s
  455830    1.1505106e+04   0.000000e+00   7.528949e+02   3058s
  456270    1.1505106e+04   0.000000e+00   1.043399e+03   3062s
  456720    1.1505106e+04   0.000000e+00   6.928518e+02   3066s
  457190    1.1505106e+04   0.000000e+00   5.112578e+02   3071s
  458230    1.1505106e+04   0.000000e+00   8.648477e+02   3079s
  458740    1.1505106e+04   0.000000e+00   2.707746e+03   3084s
  459250    1.1505106e+04   0.000000e+00   1.389941e+03   3088s
  459740    1.1505106e+04   0.000000e+00   1.216259e+04   3093s
  460200    1.1505106e+04   0.000000e+00   1.630999e+02   3097s
  460650    1.1505106e+04   0.000000e+00   4.041245e+02   3101s
  461100    1.1505106e+04   0.000000e+00   4.659012e+02   3106s
  462010    1.1505106e+04   0.000000e+00   1.076811e+03   3114s
  462450    1.1505106e+04   0.000000e+00   2.223868e+02   3118s
  462920    1.1505106e+04   0.000000e+00   8.056237e+05   3123s
  463430    1.1505106e+04   0.000000e+00   1.234700e+03   3127s
  463900    1.1505106e+04   0.000000e+00   2.209844e+02   3131s
  464380    1.1505107e+04   0.000000e+00   8.510993e+02   3136s
  465260    1.1505107e+04   0.000000e+00   3.997283e+02   3144s
  465690    1.1505107e+04   0.000000e+00   2.959428e+02   3148s
  466130    1.1505107e+04   0.000000e+00   1.362334e+03   3152s
  466580    1.1505107e+04   0.000000e+00   4.009635e+02   3157s
  467030    1.1505107e+04   0.000000e+00   1.040602e+03   3161s
  467490    1.1505107e+04   0.000000e+00   4.923552e+02   3165s
  468440    1.1505107e+04   0.000000e+00   4.171375e+03   3174s
  468930    1.1505107e+04   0.000000e+00   1.582218e+02   3178s
  469390    1.1505107e+04   0.000000e+00   4.017223e+02   3182s
  469860    1.1505107e+04   0.000000e+00   2.566743e+02   3187s
  470280    1.1505107e+04   0.000000e+00   9.495626e+01   3191s
  470800    1.1505107e+04   0.000000e+00   1.227030e+02   3195s
  471800    1.1505107e+04   0.000000e+00   1.169641e+03   3204s
  472300    1.1505107e+04   0.000000e+00   7.327286e+02   3208s
  472810    1.1505107e+04   0.000000e+00   2.711136e+02   3212s
  473290    1.1505107e+04   0.000000e+00   9.079253e+01   3216s
  473830    1.1505107e+04   0.000000e+00   1.979753e+02   3221s
  474750    1.1505107e+04   0.000000e+00   1.864842e+02   3229s
  475200    1.1505107e+04   0.000000e+00   1.817563e+02   3233s
  475650    1.1505107e+04   0.000000e+00   6.539922e+02   3237s
  476100    1.1505107e+04   0.000000e+00   1.004640e+02   3241s
  476560    1.1505107e+04   0.000000e+00   9.088599e+02   3245s
  477540    1.1505107e+04   0.000000e+00   7.271739e+01   3254s
  478090    1.1505107e+04   0.000000e+00   3.993792e+01   3258s
  478670    1.1505107e+04   0.000000e+00   1.055359e+02   3262s
  479190    1.1505107e+04   0.000000e+00   2.659816e+02   3266s
  480140    1.1505107e+04   0.000000e+00   1.781413e+01   3274s
  480680    1.1505107e+04   0.000000e+00   1.146109e+02   3278s
  481220    1.1505107e+04   0.000000e+00   6.819260e+01   3282s
  481750    1.1505107e+04   0.000000e+00   1.654233e+01   3286s
  482770    1.1505107e+04   0.000000e+00   5.550000e-01   3293s
  483290    1.1505107e+04   0.000000e+00   6.245937e-01   3297s
  484160    1.1505107e+04   0.000000e+00   5.080000e-02   3303s
  484520    1.1505107e+04   0.000000e+00   1.087500e-02   3306s
Extra simplex iterations after uncrush: 440323
  484763    1.1503619e+04   0.000000e+00   0.000000e+00   3308s

Solved in 484763 iterations and 3308.19 seconds (5333.97 work units)
Optimal objective  1.150361947e+04
