
Gurobi 10.0.1 (linux64) logging started Mon Mar 10 21:54:05 2025

Set parameter LogFile to value "Results/Conservative_experiment/c1_1.00_c2_0.90.log"
Set parameter TimeLimit to value 36000
Gurobi Optimizer version 10.0.1 build v10.0.1rc0 (linux64)

CPU model: AMD EPYC 9654 96-Core Processor, instruction set [SSE2|AVX|AVX2|AVX512]
Thread count: 192 physical cores, 192 logical processors, using up to 32 threads

Academic license 656792 - for non-commercial use only - registered to b.___@student.vu.nl
Optimize a model with 1498050 rows, 1622512 columns and 5976640 nonzeros
Model fingerprint: 0xb9836a8e
Coefficient statistics:
  Matrix range     [9e-01, 1e+00]
  Objective range  [6e-02, 5e+00]
  Bounds range     [0e+00, 0e+00]
  RHS range        [1e-02, 1e+03]
Presolve removed 955510 rows and 878809 columns (presolve time = 5s) ...
Presolve removed 955510 rows and 878809 columns
Presolve time: 5.14s
Presolved: 542540 rows, 743703 columns, 2508754 nonzeros

Concurrent LP optimizer: primal simplex, dual simplex, and barrier
Showing barrier log only...

Ordering time: 1.43s

Barrier statistics:
 AA' NZ     : 1.721e+06
 Factor NZ  : 1.393e+07 (roughly 250 MB of memory)
 Factor Ops : 7.897e+09 (less than 1 second per iteration)
 Threads    : 30

                  Objective                Residual
Iter       Primal          Dual         Primal    Dual     Compl     Time
   0  -6.68484395e+06  1.27412847e+08  8.26e+05 8.39e+01  1.71e+04     8s
   1  -7.06637475e+06  1.13961300e+08  5.53e+05 1.58e+02  1.15e+04     8s
   2  -9.39209580e+06  9.75665403e+07  1.71e+05 8.99e+01  4.36e+03     8s
   3  -5.22782110e+07  7.56784235e+07  7.19e+04 5.96e+01  2.57e+03     9s
   4  -6.07360264e+07  2.13261057e+07  3.73e+04 8.48e+00  7.37e+02     9s
   5  -2.28974691e+07  6.22223285e+06  9.77e+03 1.91e+00  1.90e+02     9s
   6  -9.06129797e+06  3.33376524e+06  3.10e+03 7.93e-01  6.94e+01     9s
   7  -3.99389133e+06  1.50215420e+06  1.09e+03 2.35e-01  2.61e+01     9s
   8  -1.13739855e+06  5.02395754e+05  2.39e+02 7.14e-03  6.49e+00     9s
   9  -1.38740217e+05  2.21110869e+05  2.66e+01 1.33e-03  1.26e+00     9s
  10  -6.75737230e+04  1.32156788e+05  1.63e+01 1.44e-04  6.83e-01    10s
  11  -3.71108564e+04  8.35799547e+04  1.14e+01 1.36e-12  4.03e-01    10s
  12  -1.15644890e+04  5.77140161e+04  6.01e+00 2.21e-12  2.23e-01    10s
  13  -1.53124304e+03  3.74969425e+04  3.34e+00 1.51e-12  1.22e-01    10s
  14   3.48097672e+03  3.25311720e+04  1.96e+00 1.92e-12  8.94e-02    10s
  15   7.20787560e+03  2.46200676e+04  1.05e+00 1.36e-12  5.29e-02    10s
  16   8.84536101e+03  2.10095838e+04  6.37e-01 1.88e-12  3.66e-02    10s
  17   9.14189668e+03  1.97038721e+04  5.56e-01 1.34e-12  3.17e-02    11s
  18   9.61043399e+03  1.67824056e+04  4.33e-01 1.72e-12  2.15e-02    11s
  19   1.00114222e+04  1.43821323e+04  3.35e-01 1.73e-12  1.32e-02    11s
  20   1.07092813e+04  1.32730572e+04  1.71e-01 1.81e-12  7.67e-03    11s
  21   1.10589000e+04  1.24306005e+04  9.26e-02 1.56e-12  4.10e-03    11s
  22   1.13018531e+04  1.22016528e+04  4.26e-02 1.54e-12  2.67e-03    11s
  23   1.13681877e+04  1.21597121e+04  3.47e-02 1.85e-12  2.34e-03    11s
  24   1.13920066e+04  1.21246592e+04  3.22e-02 2.05e-12  2.17e-03    12s
  25   1.14010766e+04  1.20630095e+04  3.11e-02 1.45e-05  1.96e-03    12s
  26   1.14175075e+04  1.20433363e+04  2.85e-02 7.59e-06  1.85e-03    12s
  27   1.14803078e+04  1.19127881e+04  1.83e-02 1.67e-12  1.28e-03    12s
  28   1.15184656e+04  1.18325036e+04  1.27e-02 1.77e-12  9.29e-04    12s
  29   1.15320189e+04  1.18053877e+04  1.13e-02 2.48e-12  8.09e-04    12s
  30   1.15444088e+04  1.17382044e+04  9.18e-03 2.07e-12  5.74e-04    13s
  31   1.15609994e+04  1.17355441e+04  7.06e-03 2.11e-12  5.16e-04    13s
  32   1.15745742e+04  1.17017901e+04  5.20e-03 1.59e-12  3.76e-04    13s
  33   1.15837360e+04  1.16864796e+04  4.09e-03 1.79e-12  3.04e-04    13s
  34   1.15851382e+04  1.16842275e+04  3.95e-03 2.34e-12  2.93e-04    14s
  35   1.15923838e+04  1.16810006e+04  3.22e-03 2.26e-12  2.62e-04    14s
  36   1.15982816e+04  1.16768634e+04  2.83e-03 2.24e-12  2.32e-04    14s
  37   1.16013236e+04  1.16743658e+04  2.61e-03 2.39e-12  2.16e-04    14s
  38   1.16011786e+04  1.16690635e+04  2.50e-03 3.10e-12  2.00e-04    14s
  39   1.16043925e+04  1.16662661e+04  2.23e-03 3.11e-12  1.83e-04    14s
  40   1.16077764e+04  1.16599787e+04  1.84e-03 2.96e-12  1.54e-04    15s
  41   1.16099651e+04  1.16455424e+04  1.61e-03 2.08e-12  1.05e-04    15s
  42   1.16171542e+04  1.16327186e+04  4.80e-04 2.06e-12  4.59e-05    15s
  43   1.16180761e+04  1.16284848e+04  3.57e-04 1.73e-12  3.07e-05    15s
  44   1.16197112e+04  1.16264036e+04  1.29e-04 1.65e-12  1.97e-05    15s
  45   1.16200146e+04  1.16233240e+04  8.80e-05 1.64e-12  9.75e-06    15s
  46   1.16205066e+04  1.16221617e+04  2.16e-05 1.36e-12  4.85e-06    16s
  47   1.16206056e+04  1.16216572e+04  9.46e-06 1.66e-12  3.08e-06    16s
  48   1.16206610e+04  1.16214074e+04  2.32e-06 2.10e-12  2.18e-06    16s
  49   1.16206871e+04  1.16207915e+04  5.56e-07 1.69e-12  3.05e-07    16s
  50   1.16206914e+04  1.16207278e+04  2.73e-07 2.36e-12  1.06e-07    16s
  51   1.16206937e+04  1.16207178e+04  1.21e-07 2.55e-12  7.03e-08    16s
  52   1.16206957e+04  1.16207043e+04  3.82e-09 2.44e-12  2.49e-08    16s
  53   1.16206961e+04  1.16206962e+04  3.09e-09 3.55e-12  1.74e-10    17s

Barrier solved model in 53 iterations and 16.59 seconds (13.86 work units)
Optimal objective 1.16206961e+04

Crossover log...

   30376 DPushes remaining with DInf 0.0000000e+00                17s
       0 DPushes remaining with DInf 0.0000000e+00                17s

  105422 PPushes remaining with PInf 1.0593838e-05                17s
       0 PPushes remaining with PInf 0.0000000e+00                18s

  Push phase complete: Pinf 0.0000000e+00, Dinf 1.9401369e-11     18s


Solved with barrier
Extra simplex iterations after uncrush: 1058
Iteration    Objective       Primal Inf.    Dual Inf.      Time
  134899    1.1620696e+04   0.000000e+00   0.000000e+00     19s

Use crossover to convert LP symmetric solution to basic solution...
Crossover log...

    3801 DPushes remaining with DInf 0.0000000e+00                19s
       0 DPushes remaining with DInf 0.0000000e+00                19s

    8772 PPushes remaining with PInf 0.0000000e+00                19s
       0 PPushes remaining with PInf 0.0000000e+00                20s

  Push phase complete: Pinf 0.0000000e+00, Dinf 4.8541726e-12     20s

Iteration    Objective       Primal Inf.    Dual Inf.      Time
  147473    1.1620696e+04   0.000000e+00   1.322611e+03     20s
  153512    1.1620726e+04   0.000000e+00   2.886417e+04     26s
  155920    1.1620732e+04   0.000000e+00   7.299377e+03     31s
  157726    1.1620736e+04   0.000000e+00   5.349031e+03     37s
  158930    1.1620738e+04   0.000000e+00   7.331797e+03     41s
  160134    1.1620739e+04   0.000000e+00   4.829900e+03     45s
  161940    1.1620741e+04   0.000000e+00   2.681783e+04     52s
  163144    1.1620743e+04   0.000000e+00   4.850375e+03     57s
  164348    1.1620744e+04   0.000000e+00   4.681035e+03     61s
  165552    1.1620745e+04   0.000000e+00   2.768832e+03     66s
  166756    1.1620745e+04   0.000000e+00   2.138798e+03     72s
  167960    1.1620746e+04   0.000000e+00   1.983330e+03     76s
  169152    1.1620746e+04   0.000000e+00   3.088729e+03     82s
  170344    1.1620746e+04   0.000000e+00   3.144332e+02     87s
  170884    1.1620747e+04   0.000000e+00   2.190384e+03     90s
  172054    1.1620747e+04   0.000000e+00   3.694649e+02     96s
  173186    1.1620747e+04   0.000000e+00   5.126111e+02    101s
  174216    1.1620747e+04   0.000000e+00   2.814166e+02    106s
  175246    1.1620747e+04   0.000000e+00   1.190303e+02    112s
  176236    1.1620747e+04   0.000000e+00   5.793471e+01    117s
  177246    1.1620747e+04   0.000000e+00   3.237420e+02    122s
  178206    1.1620747e+04   0.000000e+00   4.273652e+01    127s
  179266    1.1620747e+04   0.000000e+00   2.973304e+02    132s
  179786    1.1620747e+04   0.000000e+00   2.090880e+02    135s
  180726    1.1620747e+04   0.000000e+00   4.134343e+03    140s
  181656    1.1620747e+04   0.000000e+00   1.057626e+02    145s
  182606    1.1620747e+04   0.000000e+00   6.329500e+01    150s
  183576    1.1620747e+04   0.000000e+00   8.471574e+00    155s
  184486    1.1620747e+04   0.000000e+00   2.091032e+01    161s
  185396    1.1620747e+04   0.000000e+00   8.536887e-01    165s
  186336    1.1620747e+04   0.000000e+00   2.649758e-01    170s
Extra simplex iterations after uncrush: 39542
  187015    1.1620696e+04   0.000000e+00   0.000000e+00    175s

Solved in 187015 iterations and 174.91 seconds (390.76 work units)
Optimal objective  1.162069615e+04
