
Gurobi 10.0.1 (linux64) logging started Mon Mar 10 21:49:06 2025

Set parameter LogFile to value "Results/Conservative_experiment/c1_1.00_c2_0.10.log"
Set parameter TimeLimit to value 36000
Gurobi Optimizer version 10.0.1 build v10.0.1rc0 (linux64)

CPU model: AMD EPYC 9654 96-Core Processor, instruction set [SSE2|AVX|AVX2|AVX512]
Thread count: 192 physical cores, 192 logical processors, using up to 32 threads

Academic license 656792 - for non-commercial use only - registered to b.___@student.vu.nl
Optimize a model with 1498050 rows, 1622512 columns and 5976640 nonzeros
Model fingerprint: 0x04bc7d0e
Coefficient statistics:
  Matrix range     [1e-01, 1e+00]
  Objective range  [6e-02, 5e+00]
  Bounds range     [0e+00, 0e+00]
  RHS range        [1e-02, 1e+03]
Presolve removed 955510 rows and 878809 columns (presolve time = 5s) ...
Presolve removed 955510 rows and 878809 columns
Presolve time: 5.13s
Presolved: 542540 rows, 743703 columns, 2508754 nonzeros

Concurrent LP optimizer: primal simplex, dual simplex, and barrier
Showing barrier log only...

Ordering time: 1.36s

Barrier statistics:
 AA' NZ     : 1.721e+06
 Factor NZ  : 1.393e+07 (roughly 250 MB of memory)
 Factor Ops : 7.897e+09 (less than 1 second per iteration)
 Threads    : 30

                  Objective                Residual
Iter       Primal          Dual         Primal    Dual     Compl     Time
   0  -1.43125452e+07  1.51761008e+08  1.73e+06 1.21e+02  3.43e+04     8s
   1  -1.29122642e+07  1.32758205e+08  8.77e+05 2.06e+02  1.67e+04     8s
   2  -1.43039713e+07  9.32707754e+07  1.50e+05 5.28e+01  3.34e+03     8s
   3  -2.68822023e+07  7.61143809e+07  4.48e+04 4.40e+01  1.61e+03     9s
   4  -3.55832166e+07  1.81387913e+07  1.81e+04 7.73e+00  4.98e+02     9s
   5  -2.01818971e+07  6.70118374e+06  7.55e+03 1.71e+00  1.92e+02     9s
   6  -8.60388077e+06  3.10597247e+06  2.12e+03 3.91e-01  6.44e+01     9s
   7  -1.94024919e+06  9.69644946e+05  3.23e+02 1.72e-01  1.25e+01     9s
   8  -4.64210963e+05  3.79943831e+05  6.61e+01 8.11e-04  3.25e+00     9s
   9  -1.01748780e+05  1.54225621e+05  1.55e+01 3.18e-12  9.15e-01     9s
  10  -3.88275760e+04  8.56454612e+04  8.03e+00 3.82e-12  4.27e-01    10s
  11  -1.52677408e+04  5.99985514e+04  4.77e+00 3.91e-12  2.48e-01    10s
  12  -1.44329845e+03  4.29704213e+04  2.32e+00 3.27e-04  1.40e-01    10s
  13   3.84801083e+03  3.15137435e+04  1.30e+00 2.41e-12  8.51e-02    10s
  14   4.22211014e+03  2.74068607e+04  1.23e+00 3.65e-12  7.12e-02    10s
  15   8.97239050e+03  1.95299603e+04  3.62e-01 3.28e-12  3.15e-02    10s
  16   9.81168419e+03  1.59818056e+04  2.38e-01 3.42e-12  1.84e-02    10s
  17   1.02631257e+04  1.39787565e+04  1.73e-01 3.33e-12  1.11e-02    11s
  18   1.05720050e+04  1.31182975e+04  1.29e-01 3.26e-12  7.57e-03    11s
  19   1.08490888e+04  1.27826540e+04  8.99e-02 3.31e-12  5.74e-03    11s
  20   1.11336508e+04  1.24457623e+04  4.95e-02 3.47e-12  3.88e-03    11s
  21   1.12298572e+04  1.23096617e+04  3.60e-02 4.24e-12  3.19e-03    11s
  22   1.13043377e+04  1.20289006e+04  2.58e-02 3.96e-12  2.14e-03    11s
  23   1.13565197e+04  1.19015096e+04  1.95e-02 3.15e-12  1.61e-03    12s
  24   1.13609817e+04  1.18025346e+04  1.86e-02 4.17e-12  1.31e-03    12s
  25   1.14102152e+04  1.17712696e+04  1.29e-02 3.46e-12  1.07e-03    12s
  26   1.14389917e+04  1.17032733e+04  9.20e-03 4.10e-12  7.80e-04    12s
  27   1.14581695e+04  1.16801842e+04  7.57e-03 4.21e-12  6.55e-04    12s
  28   1.15166812e+04  1.16637303e+04  4.33e-03 4.05e-12  4.33e-04    13s
  29   1.15366875e+04  1.16329505e+04  3.04e-03 3.60e-12  2.84e-04    13s
  30   1.15519849e+04  1.16106694e+04  2.02e-03 3.19e-12  1.73e-04    13s
  31   1.15710601e+04  1.16021225e+04  7.47e-04 2.92e-12  9.14e-05    13s
  32   1.15773003e+04  1.15941139e+04  3.68e-04 2.83e-12  4.94e-05    13s
  33   1.15801184e+04  1.15913618e+04  2.23e-04 2.58e-12  3.30e-05    13s
  34   1.15819632e+04  1.15878239e+04  1.30e-04 6.23e-12  1.72e-05    14s
  35   1.15823169e+04  1.15876220e+04  1.07e-04 6.86e-12  1.56e-05    14s
  36   1.15824229e+04  1.15875260e+04  9.82e-05 4.95e-12  1.50e-05    14s
  37   1.15825042e+04  1.15874537e+04  9.21e-05 6.89e-12  1.45e-05    14s
  38   1.15828604e+04  1.15872112e+04  7.76e-05 7.23e-12  1.28e-05    14s
  39   1.15837437e+04  1.15863210e+04  4.32e-05 3.88e-12  7.57e-06    14s
  40   1.15839615e+04  1.15855104e+04  2.81e-05 4.40e-12  4.55e-06    15s
  41   1.15840857e+04  1.15854366e+04  2.12e-05 6.41e-12  3.96e-06    15s
  42   1.15842652e+04  1.15853944e+04  1.77e-05 5.30e-12  3.31e-06    15s
  43   1.15848151e+04  1.15849257e+04  1.27e-06 4.67e-12  3.24e-07    15s
  44   1.15848843e+04  1.15848848e+04  4.03e-10 5.11e-12  1.46e-09    15s
  45   1.15848846e+04  1.15848847e+04  9.14e-09 7.23e-12  1.79e-10    16s

Barrier solved model in 45 iterations and 15.52 seconds (12.83 work units)
Optimal objective 1.15848846e+04

Crossover log...

   89262 DPushes remaining with DInf 0.0000000e+00                16s
       0 DPushes remaining with DInf 0.0000000e+00                17s

    2502 PPushes remaining with PInf 0.0000000e+00                17s
       0 PPushes remaining with PInf 0.0000000e+00                17s

  Push phase complete: Pinf 0.0000000e+00, Dinf 3.3183584e-11     17s


Solved with barrier
Iteration    Objective       Primal Inf.    Dual Inf.      Time
   50865    1.1584960e+04   0.000000e+00   2.227492e+02     20s
Extra simplex iterations after uncrush: 5341
   52336    1.1584885e+04   0.000000e+00   0.000000e+00     22s

Use crossover to convert LP symmetric solution to basic solution...
Crossover log...

    6035 DPushes remaining with DInf 0.0000000e+00                22s
       0 DPushes remaining with DInf 0.0000000e+00                23s

    5480 PPushes remaining with PInf 0.0000000e+00                23s
       0 PPushes remaining with PInf 0.0000000e+00                23s

  Push phase complete: Pinf 0.0000000e+00, Dinf 1.4271497e-12     23s

Iteration    Objective       Primal Inf.    Dual Inf.      Time
   66611    1.1584885e+04   0.000000e+00   4.401250e+03     25s
   68417    1.1584893e+04   0.000000e+00   1.606846e+04     30s
   70223    1.1584896e+04   0.000000e+00   9.201467e+03     37s
   71427    1.1584897e+04   0.000000e+00   5.011419e+04     41s
   72631    1.1584898e+04   0.000000e+00   4.184382e+03     46s
   73835    1.1584899e+04   0.000000e+00   3.794886e+03     51s
   75039    1.1584900e+04   0.000000e+00   1.303219e+04     55s
   76243    1.1584901e+04   0.000000e+00   5.924611e+03     60s
   77447    1.1584901e+04   0.000000e+00   2.380461e+03     65s
   78651    1.1584902e+04   0.000000e+00   3.596379e+03     70s
   79855    1.1584902e+04   0.000000e+00   1.848926e+03     76s
   81059    1.1584902e+04   0.000000e+00   1.555185e+03     81s
   82263    1.1584903e+04   0.000000e+00   5.418559e+03     86s
   83467    1.1584903e+04   0.000000e+00   5.632196e+03     92s
   84671    1.1584903e+04   0.000000e+00   9.922819e+02     97s
   85273    1.1584904e+04   0.000000e+00   1.648463e+03    100s
   86477    1.1584904e+04   0.000000e+00   4.622855e+02    105s
   87681    1.1584904e+04   0.000000e+00   3.130173e+02    111s
   88885    1.1584904e+04   0.000000e+00   1.458973e+03    116s
   90089    1.1584904e+04   0.000000e+00   2.454902e+02    122s
   91293    1.1584904e+04   0.000000e+00   4.580959e+02    127s
   92497    1.1584904e+04   0.000000e+00   2.061118e+02    133s
   93099    1.1584904e+04   0.000000e+00   5.390909e+02    135s
   94303    1.1584905e+04   0.000000e+00   2.242459e+02    141s
   95507    1.1584905e+04   0.000000e+00   2.373827e+02    146s
   96711    1.1584905e+04   0.000000e+00   7.947690e+01    151s
   97915    1.1584905e+04   0.000000e+00   6.265744e+01    157s
   99119    1.1584905e+04   0.000000e+00   1.101852e+02    163s
   99721    1.1584905e+04   0.000000e+00   1.501182e+01    165s
  100925    1.1584905e+04   0.000000e+00   7.506235e+01    171s
  102129    1.1584905e+04   0.000000e+00   9.722442e+01    177s
  103333    1.1584905e+04   0.000000e+00   1.678466e+01    182s
  103935    1.1584905e+04   0.000000e+00   4.738525e+01    185s
  105139    1.1584905e+04   0.000000e+00   1.010251e+01    191s
  106343    1.1584905e+04   0.000000e+00   5.185566e+00    197s
  107547    1.1584905e+04   0.000000e+00   1.312431e+00    202s
  108127    1.1584905e+04   0.000000e+00   1.954530e-01    205s
  109117    1.1584905e+04   0.000000e+00   3.256327e-02    211s
  109937    1.1584905e+04   0.000000e+00   2.082442e-03    216s
Extra simplex iterations after uncrush: 2
  110017    1.1584885e+04   0.000000e+00   0.000000e+00    218s

Solved in 110017 iterations and 217.58 seconds (405.50 work units)
Optimal objective  1.158488470e+04
