
Gurobi 10.0.1 (linux64) logging started Mon Mar 10 21:56:07 2025

Set parameter LogFile to value "Results/Conservative_experiment/c1_1.00_c2_1.00.log"
Set parameter TimeLimit to value 36000
Gurobi Optimizer version 10.0.1 build v10.0.1rc0 (linux64)

CPU model: AMD EPYC 9654 96-Core Processor, instruction set [SSE2|AVX|AVX2|AVX512]
Thread count: 192 physical cores, 192 logical processors, using up to 32 threads

Academic license 656792 - for non-commercial use only - registered to b.___@student.vu.nl
Optimize a model with 1498050 rows, 1622512 columns and 5976640 nonzeros
Model fingerprint: 0x7c04f02b
Coefficient statistics:
  Matrix range     [1e+00, 1e+00]
  Objective range  [6e-02, 5e+00]
  Bounds range     [0e+00, 0e+00]
  RHS range        [1e-02, 1e+03]
Presolve removed 955510 rows and 878809 columns (presolve time = 5s) ...
Presolve removed 955510 rows and 878809 columns
Presolve time: 5.20s
Presolved: 542540 rows, 743703 columns, 2508754 nonzeros

Concurrent LP optimizer: primal simplex, dual simplex, and barrier
Showing barrier log only...

Ordering time: 1.40s

Barrier statistics:
 AA' NZ     : 1.721e+06
 Factor NZ  : 1.393e+07 (roughly 250 MB of memory)
 Factor Ops : 7.897e+09 (less than 1 second per iteration)
 Threads    : 30

                  Objective                Residual
Iter       Primal          Dual         Primal    Dual     Compl     Time
   0  -1.26366435e+07  2.96991764e+08  1.39e+06 7.78e+01  6.66e+04     8s
   1  -1.24923475e+07  2.82852191e+08  1.18e+06 1.63e+02  5.56e+04     8s
   2  -2.53971016e+07  2.80615275e+08  6.34e+05 1.54e+02  3.56e+04     8s
   3  -1.39757496e+08  2.71673531e+08  4.98e+05 1.33e+02  2.91e+04     9s
   4  -5.63059087e+08  1.65248390e+08  1.20e+05 2.60e+01  7.19e+03     9s
   5  -2.70052678e+08  3.80713567e+07  2.43e+04 1.60e+00  1.38e+03     9s
   6  -8.83335435e+07  1.14001792e+07  6.87e+03 2.37e-01  3.91e+02     9s
   7  -3.47299214e+07  7.42256757e+06  2.50e+03 1.22e-01  1.60e+02     9s
   8  -1.24463974e+07  4.11758834e+06  8.44e+02 5.33e-02  6.02e+01     9s
   9  -4.45285555e+06  2.59789387e+06  2.67e+02 2.97e-02  2.46e+01     9s
  10  -1.54076358e+06  7.35358576e+05  8.42e+01 5.82e-03  7.56e+00    10s
  11  -5.68646904e+05  3.26153686e+05  3.03e+01 1.68e-03  2.91e+00    10s
  12  -1.35810813e+05  1.65415053e+05  8.60e+00 3.63e-04  9.60e-01    10s
  13  -5.27919157e+04  1.09110545e+05  4.78e+00 2.74e-05  5.10e-01    10s
  14  -1.77779846e+04  7.31113944e+04  3.01e+00 1.07e-12  2.83e-01    10s
  15  -1.26809710e+03  3.82546790e+04  1.59e+00 1.49e-12  1.21e-01    10s
  16   4.96477152e+03  3.00666101e+04  7.15e-01 1.34e-12  7.55e-02    11s
  17   5.09300288e+03  2.87618679e+04  7.02e-01 1.37e-12  7.12e-02    11s
  18   7.90572886e+03  2.22131038e+04  4.10e-01 1.86e-12  4.28e-02    11s
  19   8.91218143e+03  1.88150077e+04  2.90e-01 1.52e-12  2.96e-02    11s
  20   9.85493314e+03  1.62631277e+04  1.82e-01 1.70e-12  1.91e-02    11s
  21   1.05087167e+04  1.36202742e+04  1.08e-01 1.26e-12  9.30e-03    11s
  22   1.08787938e+04  1.27372811e+04  6.78e-02 1.58e-12  5.56e-03    12s
  23   1.10642137e+04  1.23377937e+04  4.75e-02 1.92e-12  3.81e-03    12s
  24   1.11851097e+04  1.21853676e+04  3.48e-02 1.40e-12  2.99e-03    12s
  25   1.12722658e+04  1.20998269e+04  2.66e-02 1.49e-12  2.47e-03    12s
  26   1.13216548e+04  1.20680239e+04  2.40e-02 2.17e-12  2.23e-03    12s
  27   1.13453047e+04  1.20426297e+04  2.26e-02 1.60e-12  2.08e-03    12s
  28   1.14423225e+04  1.19830051e+04  1.41e-02 1.88e-12  1.61e-03    12s
  29   1.14798698e+04  1.18645789e+04  1.06e-02 1.55e-12  1.14e-03    13s
  30   1.14978536e+04  1.18199579e+04  9.20e-03 1.64e-12  9.58e-04    13s
  31   1.15281781e+04  1.17849793e+04  6.78e-03 1.65e-12  7.63e-04    13s
  32   1.15336661e+04  1.17701081e+04  6.52e-03 2.21e-12  7.03e-04    13s
  33   1.15427938e+04  1.17427260e+04  5.59e-03 2.15e-12  5.95e-04    13s
  34   1.15542449e+04  1.17406056e+04  4.80e-03 2.77e-12  5.53e-04    14s
  35   1.15638132e+04  1.17010589e+04  4.00e-03 2.21e-12  4.09e-04    14s
  36   1.15773110e+04  1.16846532e+04  2.92e-03 1.75e-12  3.19e-04    14s
  37   1.15848043e+04  1.16747351e+04  2.40e-03 1.64e-12  2.67e-04    14s
  38   1.15897687e+04  1.16675765e+04  2.17e-03 1.69e-12  2.31e-04    14s
  39   1.15978183e+04  1.16662530e+04  1.84e-03 1.92e-12  2.03e-04    14s
  40   1.16001293e+04  1.16622558e+04  1.75e-03 1.76e-12  1.85e-04    15s
  41   1.16016984e+04  1.16608831e+04  1.67e-03 1.86e-12  1.76e-04    15s
  42   1.16028329e+04  1.16581878e+04  1.46e-03 2.62e-12  1.64e-04    15s
  43   1.16072005e+04  1.16519012e+04  1.24e-03 2.49e-12  1.33e-04    15s
  44   1.16099768e+04  1.16424786e+04  1.04e-03 1.91e-12  9.70e-05    15s
  45   1.16154198e+04  1.16310269e+04  5.09e-04 1.30e-12  4.66e-05    16s
  46   1.16180484e+04  1.16271904e+04  2.41e-04 1.23e-12  2.72e-05    16s
  47   1.16187725e+04  1.16231623e+04  1.76e-04 1.37e-12  1.32e-05    16s
  48   1.16191855e+04  1.16214344e+04  1.37e-04 1.53e-12  6.88e-06    16s
  49   1.16195883e+04  1.16211716e+04  1.01e-04 1.38e-12  4.86e-06    16s
  50   1.16201202e+04  1.16211112e+04  5.20e-05 1.86e-12  3.01e-06    16s
  51   1.16204876e+04  1.16207932e+04  1.85e-05 1.83e-12  9.36e-07    16s
  52   1.16206157e+04  1.16207449e+04  7.07e-06 1.85e-12  3.94e-07    17s
  53   1.16206545e+04  1.16207173e+04  3.59e-06 1.52e-12  1.92e-07    17s
  54   1.16206876e+04  1.16207036e+04  7.06e-07 1.76e-12  4.83e-08    17s
  55   1.16206959e+04  1.16206964e+04  1.86e-08 1.82e-12  1.36e-09    17s
  56   1.16206962e+04  1.16206962e+04  4.45e-09 1.82e-12  4.11e-12    17s

Barrier solved model in 56 iterations and 17.15 seconds (14.32 work units)
Optimal objective 1.16206962e+04

Crossover log...

   30357 DPushes remaining with DInf 0.0000000e+00                17s
       0 DPushes remaining with DInf 0.0000000e+00                18s

  105395 PPushes remaining with PInf 0.0000000e+00                18s
       0 PPushes remaining with PInf 0.0000000e+00                18s

  Push phase complete: Pinf 0.0000000e+00, Dinf 8.1539220e-12     18s


Solved with barrier
Extra simplex iterations after uncrush: 1662
Iteration    Objective       Primal Inf.    Dual Inf.      Time
  135461    1.1620696e+04   0.000000e+00   0.000000e+00     19s

Use crossover to convert LP symmetric solution to basic solution...
Crossover log...

    4111 DPushes remaining with DInf 0.0000000e+00                19s
       0 DPushes remaining with DInf 0.0000000e+00                19s

    8558 PPushes remaining with PInf 0.0000000e+00                19s
       0 PPushes remaining with PInf 0.0000000e+00                20s

  Push phase complete: Pinf 0.0000000e+00, Dinf 1.2156609e-11     20s

Iteration    Objective       Primal Inf.    Dual Inf.      Time
  153191    1.1620717e+04   0.000000e+00   2.622629e+04     27s
  154997    1.1620721e+04   0.000000e+00   4.307892e+03     32s
  156201    1.1620722e+04   0.000000e+00   1.132754e+03     35s
  158007    1.1620722e+04   0.000000e+00   8.425566e+01     43s
  158967    1.1620722e+04   0.000000e+00   4.688401e+01     47s
  159967    1.1620722e+04   0.000000e+00   4.762796e+00     52s
  160857    1.1620722e+04   0.000000e+00   1.618700e+01     57s
Extra simplex iterations after uncrush: 13209
  161341    1.1620696e+04   0.000000e+00   0.000000e+00     60s

Solved in 161341 iterations and 59.85 seconds (119.01 work units)
Optimal objective  1.162069615e+04
