
Gurobi 10.0.1 (linux64) logging started Mon Mar 10 21:49:05 2025

Set parameter LogFile to value "Results/Conservative_experiment/c1_1.00_c2_0.20.log"
Set parameter TimeLimit to value 36000
Gurobi Optimizer version 10.0.1 build v10.0.1rc0 (linux64)

CPU model: AMD EPYC 9654 96-Core Processor, instruction set [SSE2|AVX|AVX2|AVX512]
Thread count: 192 physical cores, 192 logical processors, using up to 32 threads

Academic license 656792 - for non-commercial use only - registered to b.___@student.vu.nl
Optimize a model with 1498050 rows, 1622512 columns and 5976640 nonzeros
Model fingerprint: 0x3e30d2ea
Coefficient statistics:
  Matrix range     [2e-01, 1e+00]
  Objective range  [6e-02, 5e+00]
  Bounds range     [0e+00, 0e+00]
  RHS range        [1e-02, 1e+03]
Presolve removed 955510 rows and 878809 columns (presolve time = 5s) ...
Presolve removed 955510 rows and 878809 columns
Presolve time: 5.19s
Presolved: 542540 rows, 743703 columns, 2508754 nonzeros

Concurrent LP optimizer: primal simplex, dual simplex, and barrier
Showing barrier log only...

Ordering time: 1.36s

Barrier statistics:
 AA' NZ     : 1.721e+06
 Factor NZ  : 1.393e+07 (roughly 250 MB of memory)
 Factor Ops : 7.897e+09 (less than 1 second per iteration)
 Threads    : 30

                  Objective                Residual
Iter       Primal          Dual         Primal    Dual     Compl     Time
   0  -1.23903042e+07  1.39501713e+08  9.29e+05 1.21e+02  2.81e+04     8s
   1  -1.11129967e+07  1.24337784e+08  4.33e+05 2.34e+02  1.37e+04     8s
   2  -1.17694546e+07  8.18765744e+07  1.28e+05 5.86e+01  4.12e+03     8s
   3  -2.54628283e+07  7.39217985e+07  4.14e+04 5.24e+01  2.02e+03     9s
   4  -6.17187437e+07  1.51160245e+07  1.46e+04 3.59e+00  5.36e+02     9s
   5  -2.54690001e+07  5.30455756e+06  4.64e+03 3.55e-01  1.70e+02     9s
   6  -1.18596022e+07  3.48177994e+06  1.87e+03 1.43e-01  7.72e+01     9s
   7  -4.48062236e+06  2.02741815e+06  6.19e+02 6.68e-02  2.95e+01     9s
   8  -1.10710160e+06  1.39218366e+06  1.26e+02 4.02e-02  1.01e+01     9s
   9  -2.15105233e+05  3.20241866e+05  2.05e+01 4.27e-03  1.95e+00     9s
  10  -6.51359746e+04  1.45548372e+05  7.17e+00 3.10e-04  7.29e-01    10s
  11  -2.21400114e+04  8.62311195e+04  3.82e+00 3.08e-12  3.62e-01    10s
  12  -6.09522111e+03  5.23577988e+04  2.04e+00 2.71e-12  1.88e-01    10s
  13   1.51476778e+03  3.59026500e+04  1.09e+00 3.01e-12  1.07e-01    10s
  14   4.64225469e+03  2.81533359e+04  7.29e-01 3.04e-12  7.23e-02    10s
  15   8.41030457e+03  2.17930453e+04  3.16e-01 2.94e-12  4.03e-02    10s
  16   9.81590216e+03  1.64569952e+04  1.57e-01 3.17e-12  1.98e-02    11s
  17   1.02462818e+04  1.41697838e+04  1.15e-01 3.01e-12  1.17e-02    11s
  18   1.07042433e+04  1.31844675e+04  7.09e-02 4.26e-12  7.37e-03    11s
  19   1.10350016e+04  1.24332220e+04  4.04e-02 4.66e-12  4.15e-03    11s
  20   1.12325164e+04  1.21719376e+04  2.32e-02 3.04e-12  2.78e-03    11s
  21   1.12749099e+04  1.20148820e+04  1.98e-02 2.88e-12  2.19e-03    11s
  22   1.13846863e+04  1.18772683e+04  1.10e-02 2.56e-12  1.46e-03    11s
  23   1.14663217e+04  1.18371306e+04  4.94e-03 3.39e-12  1.09e-03    12s
  24   1.15129783e+04  1.17838866e+04  3.77e-03 4.12e-12  7.97e-04    12s
  25   1.15188870e+04  1.17470207e+04  3.43e-03 4.30e-12  6.71e-04    12s
  26   1.15464420e+04  1.17098685e+04  2.22e-03 7.90e-12  4.80e-04    12s
  27   1.15646378e+04  1.16852898e+04  1.37e-03 5.55e-12  3.54e-04    12s
  28   1.15759179e+04  1.16756379e+04  7.91e-04 4.07e-12  2.92e-04    13s
  29   1.15794473e+04  1.16641272e+04  7.19e-04 7.00e-12  2.48e-04    13s
  30   1.15861947e+04  1.16525727e+04  5.30e-04 6.90e-12  1.95e-04    13s
  31   1.15906400e+04  1.16471183e+04  4.72e-04 5.57e-12  1.66e-04    13s
  32   1.15913379e+04  1.16396771e+04  4.41e-04 1.38e-06  1.42e-04    13s
  33   1.15952738e+04  1.16336444e+04  3.49e-04 5.64e-12  1.13e-04    14s
  34   1.15979627e+04  1.16253173e+04  2.29e-04 5.59e-12  8.02e-05    14s
  35   1.15989525e+04  1.16241156e+04  1.90e-04 5.79e-12  7.37e-05    14s
  36   1.15995744e+04  1.16222105e+04  1.74e-04 6.68e-12  6.63e-05    14s
  37   1.16018341e+04  1.16171422e+04  1.38e-04 7.61e-12  4.49e-05    14s
  38   1.16029207e+04  1.16150989e+04  9.72e-05 7.41e-12  3.57e-05    14s
  39   1.16035754e+04  1.16140313e+04  6.96e-05 7.33e-12  3.06e-05    15s
  40   1.16037820e+04  1.16132998e+04  6.35e-05 8.19e-12  2.79e-05    15s
  41   1.16045644e+04  1.16112463e+04  4.48e-05 5.39e-12  1.96e-05    15s
  42   1.16059807e+04  1.16104997e+04  2.17e-05 4.42e-12  1.32e-05    15s
  43   1.16066065e+04  1.16101091e+04  1.48e-05 6.12e-12  1.02e-05    15s
  44   1.16070007e+04  1.16093335e+04  1.09e-05 3.71e-12  6.83e-06    16s
  45   1.16077545e+04  1.16090804e+04  3.98e-06 5.79e-12  3.88e-06    16s
  46   1.16080093e+04  1.16089036e+04  1.98e-06 4.84e-12  2.61e-06    16s
  47   1.16080746e+04  1.16087864e+04  1.52e-06 5.48e-12  2.08e-06    16s
  48   1.16081343e+04  1.16085656e+04  1.10e-06 5.33e-12  1.26e-06    16s
  49   1.16082729e+04  1.16084306e+04  2.08e-07 1.46e-11  4.61e-07    17s
  50   1.16083131e+04  1.16083436e+04  2.75e-08 9.87e-12  8.90e-08    17s
  51   1.16083229e+04  1.16083229e+04  1.29e-11 1.50e-11  1.46e-10    17s

Barrier solved model in 51 iterations and 16.86 seconds (14.22 work units)
Optimal objective 1.16083229e+04

Crossover log...

   88540 DPushes remaining with DInf 0.0000000e+00                17s
       0 DPushes remaining with DInf 0.0000000e+00                18s

    2655 PPushes remaining with PInf 0.0000000e+00                18s
       0 PPushes remaining with PInf 0.0000000e+00                18s

  Push phase complete: Pinf 0.0000000e+00, Dinf 2.7479322e-11     18s


Solved with barrier
Extra simplex iterations after uncrush: 2176
Iteration    Objective       Primal Inf.    Dual Inf.      Time
   46977    1.1608323e+04   0.000000e+00   0.000000e+00     20s

Use crossover to convert LP symmetric solution to basic solution...
Crossover log...

    5901 DPushes remaining with DInf 0.0000000e+00                20s
    3153 DPushes remaining with DInf 0.0000000e+00                20s
       0 DPushes remaining with DInf 0.0000000e+00                20s

    5062 PPushes remaining with PInf 0.0000000e+00                20s
       0 PPushes remaining with PInf 0.0000000e+00                21s

  Push phase complete: Pinf 0.0000000e+00, Dinf 3.0345680e-12     21s

Iteration    Objective       Primal Inf.    Dual Inf.      Time
   61974    1.1608333e+04   0.000000e+00   2.597810e+05     26s
   63780    1.1608337e+04   0.000000e+00   1.586676e+03     30s
   65586    1.1608339e+04   0.000000e+00   1.238560e+03     36s
   67392    1.1608341e+04   0.000000e+00   1.119860e+03     41s
   69198    1.1608342e+04   0.000000e+00   4.452353e+02     46s
   71004    1.1608344e+04   0.000000e+00   1.095213e+04     51s
   72810    1.1608344e+04   0.000000e+00   4.934459e+02     56s
   74616    1.1608345e+04   0.000000e+00   9.656780e+02     62s
   75820    1.1608345e+04   0.000000e+00   9.815312e+02     66s
   77024    1.1608346e+04   0.000000e+00   7.225746e+02     70s
   78830    1.1608346e+04   0.000000e+00   3.599138e+02     77s
   80034    1.1608346e+04   0.000000e+00   3.919008e+02     81s
   81238    1.1608346e+04   0.000000e+00   4.566954e+02     85s
   83044    1.1608346e+04   0.000000e+00   6.550476e+01     91s
   84248    1.1608346e+04   0.000000e+00   6.949608e+01     96s
   85452    1.1608346e+04   0.000000e+00   3.640270e+02    100s
   87258    1.1608346e+04   0.000000e+00   1.819352e+01    106s
   89064    1.1608346e+04   0.000000e+00   1.782767e+01    112s
   90268    1.1608346e+04   0.000000e+00   5.689789e+00    116s
   92074    1.1608346e+04   0.000000e+00   1.486554e-01    122s
   92774    1.1608346e+04   0.000000e+00   1.202830e-04    126s
Extra simplex iterations after uncrush: 34846
   92788    1.1608323e+04   0.000000e+00   0.000000e+00    127s

Solved in 92788 iterations and 126.85 seconds (226.80 work units)
Optimal objective  1.160832290e+04
