
Gurobi 10.0.1 (linux64) logging started Mon Mar 10 21:52:04 2025

Set parameter LogFile to value "Results/Conservative_experiment/c1_1.00_c2_0.70.log"
Set parameter TimeLimit to value 36000
Gurobi Optimizer version 10.0.1 build v10.0.1rc0 (linux64)

CPU model: AMD EPYC 9654 96-Core Processor, instruction set [SSE2|AVX|AVX2|AVX512]
Thread count: 192 physical cores, 192 logical processors, using up to 32 threads

Academic license 656792 - for non-commercial use only - registered to b.___@student.vu.nl
Optimize a model with 1498050 rows, 1622512 columns and 5976640 nonzeros
Model fingerprint: 0xf7bc1bd3
Coefficient statistics:
  Matrix range     [7e-01, 1e+00]
  Objective range  [6e-02, 5e+00]
  Bounds range     [0e+00, 0e+00]
  RHS range        [1e-02, 1e+03]
Presolve removed 955510 rows and 878809 columns (presolve time = 5s) ...
Presolve removed 955510 rows and 878809 columns
Presolve time: 5.19s
Presolved: 542540 rows, 743703 columns, 2508754 nonzeros

Concurrent LP optimizer: primal simplex, dual simplex, and barrier
Showing barrier log only...

Ordering time: 1.38s

Barrier statistics:
 AA' NZ     : 1.721e+06
 Factor NZ  : 1.393e+07 (roughly 250 MB of memory)
 Factor Ops : 7.897e+09 (less than 1 second per iteration)
 Threads    : 30

                  Objective                Residual
Iter       Primal          Dual         Primal    Dual     Compl     Time
   0  -7.57938663e+06  1.56082071e+08  9.54e+05 8.39e+01  2.10e+04     8s
   1  -8.11030765e+06  1.34554123e+08  5.77e+05 1.62e+02  1.22e+04     8s
   2  -1.23705439e+07  1.10442392e+08  1.80e+05 8.35e+01  4.49e+03     8s
   3  -9.42768216e+07  9.60061958e+07  6.63e+04 6.88e+01  3.07e+03     9s
   4  -9.49015143e+07  2.38295812e+07  3.95e+04 1.06e+01  9.42e+02     9s
   5  -3.69767802e+07  7.65525628e+06  1.12e+04 2.72e+00  2.64e+02     9s
   6  -1.34544812e+07  2.87763775e+06  3.63e+03 6.51e-01  8.21e+01     9s
   7  -4.20663215e+06  1.07576903e+06  9.10e+02 1.45e-01  2.27e+01     9s
   8  -5.31440035e+05  3.32146638e+05  6.17e+01 2.34e-02  2.98e+00     9s
   9  -8.48618783e+04  1.58869628e+05  1.31e+01 2.52e-04  8.06e-01     9s
  10  -3.22621353e+04  9.96140824e+04  7.71e+00 1.93e-12  4.27e-01     9s
  11  -1.47028515e+04  6.90206227e+04  5.29e+00 1.17e-12  2.66e-01    10s
  12  -1.82029045e+02  4.75163129e+04  2.45e+00 1.36e-12  1.47e-01    10s
  13   5.15197731e+03  3.03552700e+04  1.25e+00 1.42e-12  7.62e-02    10s
  14   5.41218443e+03  2.97690681e+04  1.19e+00 2.06e-12  7.36e-02    10s
  15   8.34855704e+03  2.39826019e+04  6.33e-01 2.19e-12  4.67e-02    10s
  16   9.08595771e+03  2.00117333e+04  4.69e-01 1.50e-12  3.26e-02    10s
  17   9.92758025e+03  1.63921737e+04  2.94e-01 1.56e-12  1.92e-02    10s
  18   1.02735998e+04  1.45752521e+04  2.29e-01 1.55e-12  1.28e-02    11s
  19   1.06043631e+04  1.36797364e+04  1.65e-01 1.64e-12  9.15e-03    11s
  20   1.07586414e+04  1.28912364e+04  1.36e-01 1.42e-12  6.36e-03    11s
  21   1.10347299e+04  1.24547702e+04  8.43e-02 1.56e-12  4.23e-03    11s
  22   1.11754768e+04  1.21620748e+04  5.94e-02 1.48e-12  2.94e-03    11s
  23   1.13093086e+04  1.20480456e+04  3.83e-02 1.33e-12  2.19e-03    11s
  24   1.13478747e+04  1.20319062e+04  3.60e-02 2.08e-12  2.03e-03    12s
  25   1.13628876e+04  1.19880221e+04  3.43e-02 1.96e-12  1.86e-03    12s
  26   1.13918115e+04  1.19042876e+04  2.97e-02 1.81e-12  1.52e-03    12s
  27   1.14163468e+04  1.18715720e+04  2.63e-02 1.49e-12  1.35e-03    12s
  28   1.14766390e+04  1.18215347e+04  1.80e-02 2.06e-12  1.02e-03    12s
  29   1.15044865e+04  1.17739356e+04  1.47e-02 1.90e-12  8.00e-04    13s
  30   1.15248382e+04  1.17678113e+04  1.23e-02 1.93e-12  7.21e-04    13s
  31   1.15418882e+04  1.17239275e+04  9.35e-03 1.78e-12  5.40e-04    13s
  32   1.15601340e+04  1.17017802e+04  7.05e-03 1.90e-12  4.20e-04    13s
  33   1.15653283e+04  1.16929933e+04  6.31e-03 1.81e-12  3.79e-04    13s
  34   1.15790120e+04  1.16781571e+04  4.51e-03 2.31e-12  2.94e-04    14s
  35   1.15852607e+04  1.16732235e+04  3.76e-03 3.03e-12  2.60e-04    14s
  36   1.15925539e+04  1.16653303e+04  3.16e-03 2.25e-12  2.15e-04    14s
  37   1.15979836e+04  1.16638937e+04  2.69e-03 2.01e-12  1.95e-04    14s
  38   1.16029646e+04  1.16608789e+04  2.39e-03 2.55e-12  1.71e-04    14s
  39   1.16035306e+04  1.16607704e+04  2.33e-03 3.50e-07  1.69e-04    15s
  40   1.16054220e+04  1.16590258e+04  2.22e-03 1.66e-07  1.59e-04    15s
  41   1.16055136e+04  1.16568754e+04  2.16e-03 1.17e-07  1.52e-04    15s
  42   1.16104171e+04  1.16521437e+04  1.55e-03 3.92e-12  1.23e-04    15s
  43   1.16127175e+04  1.16483333e+04  1.26e-03 3.04e-12  1.05e-04    16s
  44   1.16133084e+04  1.16452128e+04  1.15e-03 3.11e-12  9.42e-05    16s
  45   1.16155106e+04  1.16411264e+04  8.32e-04 3.37e-12  7.55e-05    16s
  46   1.16169487e+04  1.16389931e+04  5.75e-04 2.57e-12  6.48e-05    16s
  47   1.16194324e+04  1.16301052e+04  1.46e-04 4.35e-12  3.13e-05    16s
  48   1.16203414e+04  1.16276134e+04  3.76e-05 3.09e-12  2.12e-05    16s
  49   1.16204627e+04  1.16257692e+04  2.43e-05 2.48e-12  1.55e-05    17s
  50   1.16204794e+04  1.16249859e+04  2.26e-05 4.12e-12  1.32e-05    17s
  51   1.16204827e+04  1.16239573e+04  2.22e-05 3.00e-12  1.02e-05    17s
  52   1.16205805e+04  1.16226561e+04  1.05e-05 3.19e-12  6.06e-06    17s
  53   1.16206387e+04  1.16219948e+04  3.84e-06 2.72e-12  3.96e-06    17s
  54   1.16206727e+04  1.16217479e+04  6.87e-07 3.20e-12  3.13e-06    17s
  55   1.16206833e+04  1.16210336e+04  3.40e-07 2.87e-12  1.02e-06    18s
  56   1.16206902e+04  1.16208261e+04  1.40e-07 4.24e-12  3.96e-07    18s
  57   1.16206922e+04  1.16207415e+04  8.96e-08 7.88e-12  1.44e-07    18s
  58   1.16206932e+04  1.16207290e+04  6.37e-08 5.92e-12  1.05e-07    18s
  59   1.16206949e+04  1.16207084e+04  2.43e-08 8.60e-12  3.94e-08    18s
  60   1.16206949e+04  1.16207084e+04  5.98e-08 1.39e-11  3.93e-08    18s
  61   1.16206952e+04  1.16206994e+04  1.69e-08 2.89e-11  1.22e-08    18s
  62   1.16206961e+04  1.16206962e+04  1.50e-09 4.04e-11  2.29e-10    19s

Barrier solved model in 62 iterations and 18.63 seconds (15.49 work units)
Optimal objective 1.16206961e+04

Crossover log...

   30347 DPushes remaining with DInf 0.0000000e+00                19s
       0 DPushes remaining with DInf 0.0000000e+00                19s

  105554 PPushes remaining with PInf 6.3608482e-04                19s
       0 PPushes remaining with PInf 0.0000000e+00                20s

  Push phase complete: Pinf 0.0000000e+00, Dinf 4.0000000e-03     20s

Iteration    Objective       Primal Inf.    Dual Inf.      Time
  133943    1.1620696e+04   0.000000e+00   4.000000e-03     20s

Solved with barrier
  133946    1.1620696e+04   0.000000e+00   4.020745e+02     20s
Extra simplex iterations after uncrush: 1348
  135294    1.1620696e+04   0.000000e+00   0.000000e+00     20s

Use crossover to convert LP symmetric solution to basic solution...
Crossover log...

   18781 DPushes remaining with DInf 0.0000000e+00                21s
       0 DPushes remaining with DInf 0.0000000e+00                21s

   43518 PPushes remaining with PInf 0.0000000e+00                21s
       0 PPushes remaining with PInf 0.0000000e+00                21s

  Push phase complete: Pinf 0.0000000e+00, Dinf 2.7241265e-12     22s

Extra simplex iterations after uncrush: 2288
Iteration    Objective       Primal Inf.    Dual Inf.      Time
  199884    1.1620696e+04   0.000000e+00   0.000000e+00     23s

Solved in 199884 iterations and 23.16 seconds (21.53 work units)
Optimal objective  1.162069615e+04
