
Gurobi 10.0.1 (linux64) logging started Mon Mar 10 21:49:37 2025

Set parameter LogFile to value "Results/Conservative_experiment/c1_1.00_c2_0.40.log"
Set parameter TimeLimit to value 36000
Gurobi Optimizer version 10.0.1 build v10.0.1rc0 (linux64)

CPU model: AMD EPYC 9654 96-Core Processor, instruction set [SSE2|AVX|AVX2|AVX512]
Thread count: 192 physical cores, 192 logical processors, using up to 32 threads

Academic license 656792 - for non-commercial use only - registered to b.___@student.vu.nl
Optimize a model with 1498050 rows, 1622512 columns and 5976640 nonzeros
Model fingerprint: 0x893d7b8e
Coefficient statistics:
  Matrix range     [4e-01, 1e+00]
  Objective range  [6e-02, 5e+00]
  Bounds range     [0e+00, 0e+00]
  RHS range        [1e-02, 1e+03]
Presolve removed 955510 rows and 878809 columns (presolve time = 5s) ...
Presolve removed 955510 rows and 878809 columns
Presolve time: 5.17s
Presolved: 542540 rows, 743703 columns, 2508754 nonzeros

Concurrent LP optimizer: primal simplex, dual simplex, and barrier
Showing barrier log only...

Ordering time: 1.45s

Barrier statistics:
 AA' NZ     : 1.721e+06
 Factor NZ  : 1.393e+07 (roughly 250 MB of memory)
 Factor Ops : 7.897e+09 (less than 1 second per iteration)
 Threads    : 30

                  Objective                Residual
Iter       Primal          Dual         Primal    Dual     Compl     Time
   0  -1.23655488e+07  1.20779805e+08  1.00e+06 8.52e+01  2.40e+04     8s
   1  -1.15843984e+07  1.04009671e+08  4.82e+05 1.24e+02  1.08e+04     8s
   2  -1.76476006e+07  8.13440106e+07  8.87e+04 5.95e+01  2.79e+03     8s
   3  -7.45654309e+07  6.77067714e+07  3.04e+04 4.71e+01  1.88e+03     9s
   4  -6.64366354e+07  1.24003445e+07  1.72e+04 5.81e+00  5.27e+02     9s
   5  -2.36721489e+07  4.00880251e+06  4.40e+03 1.23e+00  1.41e+02     9s
   6  -6.95223820e+06  1.57662078e+06  1.02e+03 3.10e-01  3.71e+01     9s
   7  -1.27217737e+06  6.36042008e+05  1.50e+02 8.65e-02  7.29e+00     9s
   8  -1.75913758e+05  2.93607399e+05  2.03e+01 2.13e-02  1.67e+00     9s
   9  -6.06457944e+04  1.31129395e+05  8.72e+00 5.88e-04  6.50e-01    10s
  10  -2.57859730e+04  7.38680576e+04  5.34e+00 2.02e-03  3.26e-01    10s
  11  -6.55905599e+03  4.90807699e+04  2.75e+00 1.28e-12  1.76e-01    10s
  12   4.87549742e+02  3.29391325e+04  1.64e+00 1.28e-12  1.00e-01    10s
  13   2.30943941e+03  3.12570157e+04  1.36e+00 1.74e-12  8.91e-02    10s
  14   2.99234223e+03  2.44300252e+04  1.25e+00 1.50e-12  6.58e-02    10s
  15   7.95117529e+03  2.08836245e+04  4.58e-01 1.74e-12  3.88e-02    10s
  16   9.18310829e+03  1.80976961e+04  3.03e-01 1.73e-12  2.66e-02    11s
  17   1.01634762e+04  1.68376602e+04  1.70e-01 1.67e-12  1.98e-02    11s
  18   1.06519219e+04  1.39721336e+04  1.04e-01 1.75e-12  9.84e-03    11s
  19   1.09548265e+04  1.34195615e+04  6.50e-02 1.83e-12  7.28e-03    11s
  20   1.10938203e+04  1.25441637e+04  4.76e-02 1.72e-12  4.29e-03    11s
  21   1.12118273e+04  1.22130444e+04  3.37e-02 1.37e-12  2.96e-03    11s
  22   1.12752468e+04  1.20850479e+04  2.66e-02 1.92e-12  2.39e-03    11s
  23   1.13561222e+04  1.19850690e+04  1.81e-02 3.22e-12  1.86e-03    12s
  24   1.13993712e+04  1.19491377e+04  1.51e-02 2.41e-12  1.62e-03    12s
  25   1.14323441e+04  1.19418828e+04  1.35e-02 1.83e-12  1.50e-03    12s
  26   1.14600537e+04  1.18981500e+04  1.15e-02 4.77e-06  1.29e-03    12s
  27   1.14614239e+04  1.18292623e+04  1.10e-02 3.28e-06  1.09e-03    12s
  28   1.15077230e+04  1.18031661e+04  7.31e-03 2.06e-12  8.70e-04    12s
  29   1.15199882e+04  1.17700573e+04  6.32e-03 2.67e-12  7.37e-04    13s
  30   1.15415916e+04  1.17500192e+04  4.84e-03 3.69e-12  6.13e-04    13s
  31   1.15489995e+04  1.17231547e+04  4.38e-03 2.53e-12  5.13e-04    13s
  32   1.15534833e+04  1.17196633e+04  4.16e-03 1.91e-12  4.89e-04    13s
  33   1.15582016e+04  1.17001534e+04  3.94e-03 1.72e-12  4.19e-04    13s
  34   1.15741796e+04  1.16941069e+04  2.78e-03 2.69e-12  3.53e-04    14s
  35   1.15791996e+04  1.16794322e+04  2.40e-03 3.04e-12  2.95e-04    14s
  36   1.15874317e+04  1.16693616e+04  1.72e-03 2.37e-12  2.41e-04    14s
  37   1.15881180e+04  1.16599137e+04  1.65e-03 5.04e-12  2.11e-04    14s
  38   1.15906148e+04  1.16563775e+04  1.48e-03 4.54e-12  1.94e-04    14s
  39   1.15910440e+04  1.16536775e+04  1.44e-03 4.66e-12  1.84e-04    15s
  40   1.15935815e+04  1.16465571e+04  1.27e-03 4.36e-12  1.56e-04    15s
  41   1.15964872e+04  1.16440876e+04  1.14e-03 5.01e-12  1.40e-04    15s
  42   1.15995959e+04  1.16410141e+04  1.00e-03 4.16e-12  1.22e-04    15s
  43   1.16041522e+04  1.16398029e+04  8.62e-04 3.78e-12  1.05e-04    15s
  44   1.16079338e+04  1.16363632e+04  7.17e-04 2.95e-12  8.37e-05    16s
  45   1.16099813e+04  1.16351639e+04  6.37e-04 3.64e-12  7.42e-05    16s
  46   1.16131805e+04  1.16336306e+04  5.16e-04 4.65e-12  6.02e-05    16s
  47   1.16143908e+04  1.16320351e+04  4.58e-04 4.40e-12  5.20e-05    16s
  48   1.16150677e+04  1.16296800e+04  4.17e-04 2.91e-12  4.31e-05    17s
  49   1.16164760e+04  1.16287017e+04  2.98e-04 3.32e-12  3.60e-05    17s
  50   1.16183403e+04  1.16277998e+04  1.65e-04 4.47e-12  2.78e-05    17s
  51   1.16188466e+04  1.16257544e+04  1.44e-04 4.88e-12  2.03e-05    17s
  52   1.16189280e+04  1.16252283e+04  1.31e-04 4.21e-12  1.85e-05    17s
  53   1.16189408e+04  1.16250048e+04  1.29e-04 4.16e-12  1.78e-05    18s
  54   1.16192184e+04  1.16246091e+04  1.14e-04 4.51e-12  1.59e-05    18s
  55   1.16195619e+04  1.16244345e+04  9.99e-05 6.38e-12  1.43e-05    18s
  56   1.16196236e+04  1.16239980e+04  9.64e-05 4.99e-12  1.29e-05    18s
  57   1.16202627e+04  1.16223709e+04  2.59e-05 4.31e-12  6.18e-06    18s
  58   1.16205916e+04  1.16221158e+04  6.54e-06 4.05e-12  4.45e-06    19s
  59   1.16206635e+04  1.16212611e+04  8.26e-07 2.73e-12  1.74e-06    19s
  60   1.16206800e+04  1.16212019e+04  3.78e-07 3.76e-12  1.52e-06    19s
  61   1.16206902e+04  1.16208836e+04  1.08e-07 7.39e-12  5.64e-07    19s
  62   1.16206915e+04  1.16208384e+04  7.67e-08 6.63e-12  4.28e-07    19s
  63   1.16206931e+04  1.16207816e+04  4.83e-08 7.94e-12  2.58e-07    19s
  64   1.16206935e+04  1.16207457e+04  3.93e-08 1.21e-11  1.52e-07    20s
  65   1.16206945e+04  1.16207256e+04  1.98e-08 1.49e-11  9.06e-08    20s
  66   1.16206950e+04  1.16207210e+04  1.34e-08 1.38e-11  7.60e-08    20s
  67   1.16206952e+04  1.16207176e+04  1.18e-08 1.44e-11  6.55e-08    20s
  68   1.16206953e+04  1.16207156e+04  1.14e-08 1.82e-11  5.93e-08    20s
  69   1.16206955e+04  1.16207099e+04  8.21e-09 1.44e-11  4.19e-08    20s
  70   1.16206958e+04  1.16207074e+04  1.05e-08 1.97e-11  3.38e-08    21s
  71   1.16206960e+04  1.16206975e+04  1.10e-08 1.66e-11  4.28e-09    21s
  72   1.16206961e+04  1.16206962e+04  9.98e-10 2.08e-11  3.09e-11    21s

Barrier solved model in 72 iterations and 20.89 seconds (17.37 work units)
Optimal objective 1.16206961e+04

Crossover log...

   30152 DPushes remaining with DInf 0.0000000e+00                21s
       0 DPushes remaining with DInf 0.0000000e+00                21s

  105418 PPushes remaining with PInf 0.0000000e+00                21s
       0 PPushes remaining with PInf 0.0000000e+00                22s

  Push phase complete: Pinf 0.0000000e+00, Dinf 2.2284397e-11     22s


Solved with barrier
Extra simplex iterations after uncrush: 1147
Iteration    Objective       Primal Inf.    Dual Inf.      Time
  134760    1.1620696e+04   0.000000e+00   0.000000e+00     22s

Use crossover to convert LP symmetric solution to basic solution...
Crossover log...

   11664 DPushes remaining with DInf 0.0000000e+00                23s
       0 DPushes remaining with DInf 0.0000000e+00                23s

    9354 PPushes remaining with PInf 0.0000000e+00                23s
       0 PPushes remaining with PInf 0.0000000e+00                24s

  Push phase complete: Pinf 0.0000000e+00, Dinf 2.5116298e-12     24s

Extra simplex iterations after uncrush: 2189
Iteration    Objective       Primal Inf.    Dual Inf.      Time
  157968    1.1620696e+04   0.000000e+00   0.000000e+00     25s

Solved in 157968 iterations and 25.36 seconds (23.77 work units)
Optimal objective  1.162069615e+04
