
Gurobi 11.0.3 (mac64[x86]) logging started Wed Apr  9 18:43:19 2025

Set parameter LogFile to value "Results/Conservative_experiment/sanity_check_v35_none.log"
Set parameter TimeLimit to value 84600
Set parameter Method to value 2
Set parameter Crossover to value 0
Set parameter BarConvTol to value 1e-10
Gurobi Optimizer version 11.0.3 build v11.0.3rc0 (mac64[x86] - Darwin 23.4.0 23E214)

CPU model: Intel(R) Core(TM) i7-1060NG7 CPU @ 1.20GHz
Thread count: 4 physical cores, 8 logical processors, using up to 8 threads

Optimize a model with 1494624 rows, 1917920 columns and 7072112 nonzeros
Model fingerprint: 0x4d3320b6
Coefficient statistics:
  Matrix range     [2e-01, 1e+00]
  Objective range  [6e-05, 5e+00]
  Bounds range     [0e+00, 0e+00]
  RHS range        [1e-02, 3e+03]
Presolve removed 1165024 rows and 1237344 columns (presolve time = 5s) ...
Presolve removed 1209680 rows and 1390224 columns
Presolve time: 6.34s
Presolved: 284944 rows, 527792 columns, 1880752 nonzeros
Ordering time: 0.69s

Barrier statistics:
 AA' NZ     : 2.506e+05
 Factor NZ  : 5.334e+06 (roughly 80 MB of memory)
 Factor Ops : 3.271e+09 (less than 1 second per iteration)
 Threads    : 4

                  Objective                Residual
Iter       Primal          Dual         Primal    Dual     Compl     Time
   0   8.91331246e+06  1.79081343e+11  1.71e+04 6.37e+03  4.77e+07     8s
   1  -1.68610612e+07  1.09216675e+11  5.15e+03 7.24e+03  1.63e+07     8s
   2  -1.79937862e+07  1.18786692e+10  1.27e+03 9.33e+02  2.63e+06     8s
   3  -1.62002907e+07  2.11508838e+09  1.05e+02 3.74e+01  1.65e+05     8s
   4  -1.51147408e+07  6.71445926e+08  1.18e+01 3.76e+00  2.46e+04     9s
   5  -1.28724662e+07  9.73343339e+07  5.10e-01 1.26e-01  1.82e+03     9s
   6  -1.89658183e+06  5.83414764e+06  8.71e-03 5.11e-03  1.05e+02     9s
   7  -1.10536061e+05  4.01270927e+05  4.45e-04 1.11e-04  6.88e+00     9s
   8   4.16319176e+03  6.73172687e+04  1.37e-05 1.45e-12  8.37e-01    10s
   9   1.39927157e+04  2.89134123e+04  5.49e-06 2.82e-13  1.92e-01    10s
  10   1.68495773e+04  2.37571365e+04  2.39e-06 1.27e-13  8.79e-02    10s
  11   1.82933986e+04  2.14034044e+04  1.03e-06 5.64e-14  3.94e-02    10s
  12   1.91063408e+04  2.05568721e+04  3.74e-07 2.75e-14  1.83e-02    10s
  13   1.95524333e+04  2.00966148e+04  8.26e-08 1.18e-14  6.86e-03    11s
  14   1.96892097e+04  1.98757168e+04  1.97e-08 4.22e-15  2.35e-03    11s
  15   1.97365382e+04  1.97912686e+04  5.58e-09 3.55e-15  6.90e-04    11s
  16   1.97575335e+04  1.97783387e+04  9.57e-10 1.78e-15  2.62e-04    11s
  17   1.97613035e+04  1.97695493e+04  3.41e-10 9.01e-16  1.04e-04    12s
  18   1.97632356e+04  1.97660118e+04  8.63e-11 7.96e-16  3.50e-05    12s
  19   1.97636647e+04  1.97650991e+04  3.46e-11 3.55e-15  1.81e-05    12s
  20   1.97638788e+04  1.97648001e+04  2.97e-11 1.78e-15  1.16e-05    12s
  21   1.97639744e+04  1.97642510e+04  3.50e-11 1.25e-15  3.49e-06    12s
  22   1.97640355e+04  1.97641459e+04  8.83e-11 1.04e-15  1.39e-06    13s
  23   1.97640584e+04  1.97640774e+04  5.44e-10 3.55e-15  2.40e-07    13s
  24   1.97640664e+04  1.97640677e+04  5.06e-11 9.00e-16  1.67e-08    13s
  25   1.97640670e+04  1.97640672e+04  9.60e-08 3.64e-12  1.90e-09    13s
  26   1.97640671e+04  1.97640672e+04  5.28e-09 2.84e-14  9.20e-12    14s

Barrier solved model in 26 iterations and 13.69 seconds (7.43 work units)
Optimal objective 1.97640671e+04

