
Gurobi 11.0.3 (mac64[x86]) logging started Wed Apr  9 18:45:54 2025

Set parameter LogFile to value "Results/Conservative_experiment/sanity_check_v35_0.log"
Set parameter TimeLimit to value 84600
Set parameter Method to value 2
Set parameter Crossover to value 0
Set parameter BarConvTol to value 1e-10
Gurobi Optimizer version 11.0.3 build v11.0.3rc0 (mac64[x86] - Darwin 23.4.0 23E214)

CPU model: Intel(R) Core(TM) i7-1060NG7 CPU @ 1.20GHz
Thread count: 4 physical cores, 8 logical processors, using up to 8 threads

Optimize a model with 3282976 rows, 3705248 columns and 14414000 nonzeros
Model fingerprint: 0xe643ce29
Coefficient statistics:
  Matrix range     [2e-01, 1e+00]
  Objective range  [6e-05, 5e+00]
  Bounds range     [0e+00, 0e+00]
  RHS range        [1e-02, 3e+03]
Presolve removed 1937776 rows and 2540000 columns (presolve time = 5s) ...
Presolve removed 2935383 rows and 3183616 columns
Presolve time: 10.21s
Presolved: 347593 rows, 521632 columns, 2382663 nonzeros
Ordering time: 0.04s

Barrier statistics:
 AA' NZ     : 1.350e+05
 Factor NZ  : 6.419e+05 (roughly 18 MB of memory)
 Factor Ops : 6.375e+07 (less than 1 second per iteration)
 Threads    : 4

                  Objective                Residual
Iter       Primal          Dual         Primal    Dual     Compl     Time
   0   1.79211235e+07  1.03852766e+08  8.98e+04 5.89e+00  2.67e+05    11s
   1   6.56066812e+06  7.26143738e+07  4.64e+04 4.27e+00  5.82e+04    11s
   2  -5.05215185e+06  3.32171780e+07  9.29e+03 6.78e-02  8.21e+03    11s
   3  -2.13892748e+06  5.84135923e+06  2.29e+03 8.92e-03  2.01e+03    11s
   4  -8.87369168e+05  9.38629703e+05  8.16e+02 5.05e-04  6.68e+02    11s
   5  -2.07181997e+05  2.90672320e+05  1.69e+02 9.22e-05  1.40e+02    11s
   6  -9.53030825e+04  1.56383923e+05  7.13e+01 4.58e-13  6.14e+01    11s
   7  -5.86345571e+04  8.39601849e+04  3.67e+01 2.03e-11  3.36e+01    11s
   8  -5.83201256e+03  5.56576165e+04  7.00e+00 2.45e-11  9.90e+00    11s
   9   7.38076000e+03  3.99254057e+04  2.51e+00 1.69e-11  3.98e+00    11s
  10   1.43708469e+04  3.13596809e+04  8.45e-01 7.04e-12  1.70e+00    11s
  11   1.68395363e+04  2.45502985e+04  3.26e-01 8.69e-12  6.97e-01    11s
  12   1.84899213e+04  2.15509663e+04  1.01e-01 2.59e-13  2.59e-01    11s
  13   1.90559954e+04  2.06783721e+04  4.44e-02 1.53e-13  1.34e-01    11s
  14   1.93533571e+04  2.00854863e+04  1.90e-02 7.46e-14  6.00e-02    11s
  15   1.95329312e+04  1.98444145e+04  7.57e-03 5.33e-14  2.54e-02    11s
  16   1.96385131e+04  1.97619459e+04  2.24e-03 1.78e-14  9.98e-03    11s
  17   1.96836958e+04  1.97313165e+04  6.85e-04 1.42e-14  3.83e-03    11s
  18   1.96968850e+04  1.97214946e+04  3.40e-04 7.11e-15  1.98e-03    11s
  19   1.97048029e+04  1.97159982e+04  1.47e-04 1.07e-14  8.99e-04    11s
  20   1.97100909e+04  1.97125404e+04  2.18e-05 1.42e-14  1.96e-04    11s
  21   1.97110263e+04  1.97116107e+04  6.84e-06 1.27e-14  4.68e-05    11s
  22   1.97113820e+04  1.97115292e+04  1.31e-06 1.07e-14  1.18e-05    11s
  23   1.97114616e+04  1.97115076e+04  3.87e-07 1.07e-14  3.67e-06    11s
  24   1.97114898e+04  1.97114978e+04  5.89e-08 2.13e-14  6.42e-07    11s
  25   1.97114956e+04  1.97114967e+04  9.61e-08 1.42e-14  9.00e-08    11s
  26   1.97114965e+04  1.97114965e+04  2.07e-09 2.38e-14  3.85e-10    11s
  27   1.97114965e+04  1.97114965e+04  1.75e-11 2.26e-14  3.85e-13    11s

Barrier solved model in 27 iterations and 11.35 seconds (6.45 work units)
Optimal objective 1.97114965e+04

