
Gurobi 11.0.3 (mac64[x86]) logging started Wed Apr  9 18:22:49 2025

Set parameter LogFile to value "Results/Conservative_experiment/sanity_check_v34_0.log"
Set parameter TimeLimit to value 84600
Set parameter Method to value 2
Set parameter Crossover to value 0
Set parameter BarConvTol to value 1e-10
Gurobi Optimizer version 11.0.3 build v11.0.3rc0 (mac64[x86] - Darwin 23.4.0 23E214)

CPU model: Intel(R) Core(TM) i7-1060NG7 CPU @ 1.20GHz
Thread count: 4 physical cores, 8 logical processors, using up to 8 threads

Optimize a model with 3282976 rows, 3705248 columns and 14414000 nonzeros
Model fingerprint: 0x77e9a218
Coefficient statistics:
  Matrix range     [2e-01, 1e+00]
  Objective range  [6e-05, 5e+00]
  Bounds range     [0e+00, 0e+00]
  RHS range        [1e-02, 3e+03]
Presolve removed 1311008 rows and 2535312 columns (presolve time = 5s) ...
Presolve removed 2454736 rows and 3081053 columns (presolve time = 10s) ...
Presolve removed 2935383 rows and 3183616 columns
Presolve time: 12.13s
Presolved: 347593 rows, 521632 columns, 2382663 nonzeros
Ordering time: 0.08s

Barrier statistics:
 AA' NZ     : 1.350e+05
 Factor NZ  : 6.419e+05 (roughly 18 MB of memory)
 Factor Ops : 6.375e+07 (less than 1 second per iteration)
 Threads    : 4

                  Objective                Residual
Iter       Primal          Dual         Primal    Dual     Compl     Time
   0   1.87484563e+07  1.02964697e+08  8.98e+04 6.02e+00  2.65e+05    13s
   1   7.12318089e+06  7.20024967e+07  4.64e+04 4.24e+00  5.78e+04    13s
   2  -4.94846393e+06  3.30642588e+07  9.76e+03 8.49e-02  8.51e+03    13s
   3  -2.05453847e+06  7.39611566e+06  2.22e+03 1.13e-02  2.12e+03    13s
   4  -8.49492831e+05  1.15382678e+06  7.65e+02 1.49e-03  6.64e+02    13s
   5  -1.96457138e+05  3.16183336e+05  1.52e+02 2.06e-04  1.34e+02    13s
   6  -1.27202058e+05  1.88814722e+05  8.76e+01 5.15e-05  7.68e+01    13s
   7  -5.80307203e+04  9.23819227e+04  1.87e+01 2.71e-12  2.70e+01    13s
   8  -1.13534537e+03  6.24095286e+04  3.93e+00 6.50e-13  7.93e+00    13s
   9   1.00406473e+04  4.10814334e+04  1.41e+00 2.49e-13  3.19e+00    13s
  10   1.63735580e+04  2.98454547e+04  4.58e-01 1.07e-13  1.21e+00    13s
  11   1.97727978e+04  2.43849233e+04  8.03e-02 1.17e-13  3.80e-01    13s
  12   2.03593381e+04  2.25033025e+04  3.73e-02 6.39e-14  1.75e-01    13s
  13   2.07156159e+04  2.16737391e+04  1.80e-02 3.55e-14  7.78e-02    13s
  14   2.08498228e+04  2.15222091e+04  1.20e-02 4.26e-14  5.45e-02    13s
  15   2.10353254e+04  2.13746082e+04  4.31e-03 1.42e-14  2.73e-02    13s
  16   2.11395148e+04  2.12456549e+04  9.84e-04 1.42e-14  8.48e-03    13s
  17   2.11689148e+04  2.12205529e+04  4.55e-04 1.07e-14  4.12e-03    13s
  18   2.11848156e+04  2.12069658e+04  2.01e-04 1.42e-14  1.77e-03    13s
  19   2.11951234e+04  2.12005025e+04  3.83e-05 1.24e-14  4.29e-04    13s
  20   2.11974492e+04  2.11987837e+04  9.02e-06 1.42e-14  1.06e-04    13s
  21   2.11979940e+04  2.11983987e+04  2.22e-06 1.07e-14  3.22e-05    13s
  22   2.11981768e+04  2.11982476e+04  2.91e-07 1.42e-14  5.62e-06    14s
  23   2.11981998e+04  2.11982226e+04  1.15e-07 1.42e-14  1.81e-06    14s
  24   2.11982104e+04  2.11982188e+04  3.83e-08 7.16e-15  6.72e-07    14s
  25   2.11982158e+04  2.11982166e+04  1.44e-08 1.42e-14  6.22e-08    14s
  26   2.11982163e+04  2.11982163e+04  9.20e-09 1.82e-14  3.96e-10    14s
  27   2.11982163e+04  2.11982163e+04  3.12e-11 2.13e-14  3.96e-13    14s

Barrier solved model in 27 iterations and 13.61 seconds (6.45 work units)
Optimal objective 2.11982163e+04

