
Gurobi 11.0.3 (mac64[x86]) logging started Tue Apr  8 20:47:30 2025

Set parameter LogFile to value "Results/Conservative_experiment/sanity_check_v13.log"
Set parameter TimeLimit to value 84600
Set parameter Method to value 2
Set parameter Crossover to value 0
Set parameter BarConvTol to value 1e-10
Gurobi Optimizer version 11.0.3 build v11.0.3rc0 (mac64[x86] - Darwin 23.4.0 23E214)

CPU model: Intel(R) Core(TM) i7-1060NG7 CPU @ 1.20GHz
Thread count: 4 physical cores, 8 logical processors, using up to 8 threads

Optimize a model with 3282976 rows, 3705248 columns and 14996144 nonzeros
Model fingerprint: 0x5098ac2e
Coefficient statistics:
  Matrix range     [1e-01, 3e+00]
  Objective range  [6e-05, 5e+00]
  Bounds range     [0e+00, 0e+00]
  RHS range        [4e+00, 1e+03]
Presolve removed 1801504 rows and 1850000 columns (presolve time = 5s) ...
Presolve removed 2458348 rows and 2346368 columns (presolve time = 10s) ...
Presolve removed 2625734 rows and 2827086 columns
Presolve time: 12.50s
Presolved: 657242 rows, 878162 columns, 3593400 nonzeros
Ordering time: 2.01s

Barrier statistics:
 AA' NZ     : 1.949e+06
 Factor NZ  : 2.111e+07 (roughly 260 MB of memory)
 Factor Ops : 1.686e+10 (less than 1 second per iteration)
 Threads    : 4

                  Objective                Residual
Iter       Primal          Dual         Primal    Dual     Compl     Time
   0   3.22241319e+06  7.15970484e+06  7.44e+04 3.40e+00  1.10e+04    17s
   1   2.75199063e+06  6.80808916e+06  7.02e+04 5.57e+00  1.01e+04    17s
   2  -4.43193526e+05  5.83855424e+06  4.29e+04 4.28e+00  5.86e+03    18s
   3  -5.31607719e+06  4.25131813e+06  7.93e+03 5.01e-01  1.13e+03    18s
   4  -2.05185220e+06  1.88583291e+06  1.22e+03 8.46e-02  2.03e+02    19s
   5  -3.95115634e+05  3.30173128e+05  1.77e+02 3.57e-03  3.01e+01    20s
   6  -9.56540753e+04  1.06775967e+05  3.76e+01 6.14e-04  6.81e+00    20s
   7  -9.69276196e+03  2.83830880e+04  1.98e+00 3.55e-13  5.92e-01    21s
   8  -1.53996485e+03  6.31992995e+03  2.96e-01 6.75e-14  9.26e-02    22s
   9   4.96966690e+01  1.30734689e+03  4.38e-02 4.55e-14  1.32e-02    23s
  10   2.99057277e+02  6.12426435e+02  7.92e-03 5.47e-14  3.14e-03    23s
  11   3.62241933e+02  4.35229479e+02  2.96e-04 4.07e-14  6.92e-04    24s
  12   3.66252585e+02  3.81178096e+02  2.08e-05 5.17e-14  1.41e-04    25s
  13   3.67076639e+02  3.76928384e+02  1.14e-05 8.84e-14  9.27e-05    26s
  14   3.67458842e+02  3.74093402e+02  7.48e-06 1.15e-13  6.25e-05    26s
  15   3.67651043e+02  3.71801224e+02  5.77e-06 6.28e-14  3.91e-05    27s
  16   3.67679273e+02  3.71603676e+02  5.47e-06 1.02e-13  3.70e-05    28s
  17   3.67906068e+02  3.70159613e+02  3.01e-06 6.48e-14  2.13e-05    28s
  18   3.67996296e+02  3.69774256e+02  1.99e-06 1.06e-13  1.68e-05    29s
  19   3.68003352e+02  3.69748644e+02  1.92e-06 9.87e-14  1.64e-05    30s
  20   3.68100960e+02  3.69600440e+02  1.11e-06 1.13e-13  1.41e-05    31s
  21   3.68108701e+02  3.69588178e+02  1.08e-06 1.22e-13  1.39e-05    31s
  22   3.68124425e+02  3.69550019e+02  1.01e-06 1.28e-13  1.34e-05    32s
  23   3.68138272e+02  3.69345322e+02  9.58e-07 1.33e-13  1.14e-05    33s
  24   3.68250376e+02  3.69232373e+02  6.92e-07 1.12e-13  9.24e-06    34s
  25   3.68282909e+02  3.69194882e+02  6.53e-07 1.38e-13  8.58e-06    34s
  26   3.68559767e+02  3.69172379e+02  3.99e-07 1.53e-13  5.76e-06    35s
  27   3.68653033e+02  3.69148892e+02  3.28e-07 1.33e-13  4.66e-06    36s
  28   3.68663149e+02  3.69138121e+02  3.20e-07 8.94e-14  4.47e-06    37s
  29   3.68686428e+02  3.69132150e+02  3.02e-07 1.21e-13  4.19e-06    37s
  30   3.68708219e+02  3.69130865e+02  2.85e-07 1.32e-13  3.98e-06    38s
  31   3.68756758e+02  3.69121058e+02  2.48e-07 1.17e-13  3.43e-06    39s
  32   3.68762223e+02  3.69119603e+02  2.44e-07 1.16e-13  3.36e-06    40s
  33   3.68814372e+02  3.69100058e+02  2.02e-07 1.95e-13  2.69e-06    40s
  34   3.68815490e+02  3.69099734e+02  2.01e-07 2.31e-13  2.67e-06    41s
  35   3.68815512e+02  3.69099733e+02  2.01e-07 1.76e-13  2.67e-06    42s
  36   3.68816791e+02  3.69099221e+02  1.99e-07 1.02e-13  2.66e-06    43s
  37   3.68871917e+02  3.69083471e+02  1.53e-07 1.51e-13  1.99e-06    43s
  38   3.68884599e+02  3.69061790e+02  1.38e-07 1.27e-13  1.67e-06    44s
  39   3.68891137e+02  3.69056467e+02  1.29e-07 1.46e-13  1.56e-06    45s
  40   3.68905197e+02  3.69043520e+02  1.08e-07 2.16e-13  1.30e-06    46s
  41   3.68910980e+02  3.69032570e+02  9.76e-08 2.14e-13  1.15e-06    46s
  42   3.68918387e+02  3.69021501e+02  8.19e-08 2.54e-13  9.71e-07    47s
  43   3.68921722e+02  3.69017537e+02  7.34e-08 2.77e-13  9.02e-07    48s
  44   3.68923533e+02  3.68973865e+02  4.94e-08 2.65e-13  4.75e-07    49s
  45   3.68928679e+02  3.68956587e+02  2.43e-08 6.85e-13  2.64e-07    50s
  46   3.68933706e+02  3.68951399e+02  1.01e-08 1.04e-12  1.67e-07    51s
  47   3.68935586e+02  3.68945719e+02  6.89e-09 1.01e-12  9.59e-08    51s
  48   3.68936372e+02  3.68941370e+02  1.86e-09 1.17e-12  4.71e-08    52s
  49   3.68936831e+02  3.68939040e+02  5.34e-10 1.29e-12  2.08e-08    54s
  50   3.68936965e+02  3.68938132e+02  8.35e-10 3.11e-12  1.10e-08    55s
  51   3.68936990e+02  3.68937023e+02  4.42e-10 1.79e-12  3.10e-10    56s
  52   3.68937000e+02  3.68937000e+02  1.98e-10 2.16e-12  3.13e-13    56s

Barrier solved model in 52 iterations and 56.28 seconds (43.29 work units)
Optimal objective 3.68937000e+02

