
Gurobi 11.0.3 (mac64[x86]) logging started Wed Apr  9 14:25:08 2025

Set parameter LogFile to value "Results/Conservative_experiment/sanity_check_v28_none.log"
Set parameter TimeLimit to value 84600
Set parameter Method to value 2
Set parameter Crossover to value 0
Set parameter BarConvTol to value 1e-10
Gurobi Optimizer version 11.0.3 build v11.0.3rc0 (mac64[x86] - Darwin 23.4.0 23E214)

CPU model: Intel(R) Core(TM) i7-1060NG7 CPU @ 1.20GHz
Thread count: 4 physical cores, 8 logical processors, using up to 8 threads

Optimize a model with 1494624 rows, 1917920 columns and 7072112 nonzeros
Model fingerprint: 0x9b18e877
Coefficient statistics:
  Matrix range     [2e-01, 1e+00]
  Objective range  [6e-05, 2e+00]
  Bounds range     [0e+00, 0e+00]
  RHS range        [1e-02, 1e+03]
Presolve removed 851296 rows and 1030272 columns (presolve time = 5s) ...
Presolve removed 1197122 rows and 1383357 columns
Presolve time: 10.45s
Presolved: 297502 rows, 534627 columns, 1909361 nonzeros
Ordering time: 0.90s

Barrier statistics:
 AA' NZ     : 3.556e+05
 Factor NZ  : 6.005e+06 (roughly 90 MB of memory)
 Factor Ops : 3.714e+09 (less than 1 second per iteration)
 Threads    : 4

                  Objective                Residual
Iter       Primal          Dual         Primal    Dual     Compl     Time
   0   2.89218082e+06  3.84112450e+09  4.14e+03 2.85e+03  4.98e+06    12s
   1  -2.63905908e+06  3.52112838e+09  9.32e+02 3.18e+03  1.59e+06    13s
   2  -3.17316384e+06  1.63119920e+09  1.34e+02 4.50e+01  6.56e+04    13s
   3  -3.22000704e+06  3.85909336e+08  1.19e+01 3.45e+00  9.09e+03    13s
   4  -3.07574792e+06  6.40495341e+07  6.61e-01 1.08e-01  8.65e+02    13s
   5  -9.83528438e+05  5.55018911e+06  1.41e-03 9.89e-03  7.18e+01    14s
   6  -7.16280369e+03  3.75912813e+05  1.91e-05 2.02e-04  4.19e+00    14s
   7   3.60944387e+04  6.88317771e+04  1.64e-07 2.74e-13  3.52e-01    14s
   8   4.37376363e+04  5.30711347e+04  5.37e-09 8.08e-14  9.82e-02    14s
   9   4.52680112e+04  4.73964500e+04  6.91e-10 1.42e-14  2.21e-02    15s
  10   4.58671491e+04  4.64843554e+04  1.45e-10 4.22e-15  6.39e-03    15s
  11   4.60356813e+04  4.62442733e+04  4.09e-11 3.55e-15  2.16e-03    15s
  12   4.60908195e+04  4.61737179e+04  2.72e-11 3.55e-15  8.57e-04    15s
  13   4.61059291e+04  4.61416055e+04  4.33e-11 3.55e-15  3.69e-04    16s
  14   4.61170068e+04  4.61346039e+04  8.43e-11 7.11e-15  1.82e-04    16s
  15   4.61200228e+04  4.61280063e+04  7.18e-11 3.55e-15  8.25e-05    16s
  16   4.61218482e+04  4.61256485e+04  6.23e-11 3.55e-15  3.93e-05    16s
  17   4.61226498e+04  4.61242823e+04  8.97e-11 3.55e-15  1.69e-05    16s
  18   4.61230578e+04  4.61236599e+04  5.90e-11 3.55e-15  6.22e-06    17s
  19   4.61231935e+04  4.61234825e+04  5.74e-11 3.55e-15  2.99e-06    17s
  20   4.61233181e+04  4.61234119e+04  8.60e-11 7.11e-15  9.70e-07    17s
  21   4.61233420e+04  4.61233842e+04  1.09e-10 3.55e-15  4.36e-07    17s
  22   4.61233516e+04  4.61233696e+04  1.90e-10 3.55e-15  1.86e-07    18s
  23   4.61233598e+04  4.61233634e+04  3.61e-10 1.82e-12  3.72e-08    18s
  24   4.61233627e+04  4.61233629e+04  4.09e-09 3.55e-15  1.97e-09    18s
  25   4.61233627e+04  4.61233629e+04  4.02e-08 1.78e-15  1.82e-09    18s
  26   4.61233629e+04  4.61233629e+04  3.56e-09 1.82e-12  4.42e-12    19s

Barrier solved model in 26 iterations and 18.71 seconds (8.18 work units)
Optimal objective 4.61233629e+04

