
Gurobi 11.0.3 (mac64[x86]) logging started Tue Apr  8 20:24:56 2025

Set parameter LogFile to value "Results/Conservative_experiment/sanity_check_v10.log"
Set parameter TimeLimit to value 84600
Set parameter Method to value 2
Set parameter Crossover to value 0
Set parameter BarConvTol to value 1e-10
Gurobi Optimizer version 11.0.3 build v11.0.3rc0 (mac64[x86] - Darwin 23.4.0 23E214)

CPU model: Intel(R) Core(TM) i7-1060NG7 CPU @ 1.20GHz
Thread count: 4 physical cores, 8 logical processors, using up to 8 threads

Optimize a model with 3282720 rows, 3705248 columns and 14996144 nonzeros
Model fingerprint: 0x224a33b8
Coefficient statistics:
  Matrix range     [1e-01, 3e+00]
  Objective range  [6e-05, 5e+00]
  Bounds range     [0e+00, 0e+00]
  RHS range        [4e+00, 1e+03]
Presolve removed 1322528 rows and 1370000 columns (presolve time = 6s) ...
Presolve removed 1534112 rows and 1581584 columns (presolve time = 10s) ...
Presolve removed 2138646 rows and 2239726 columns
Presolve time: 13.82s
Presolved: 1144074 rows, 1465522 columns, 5615048 nonzeros
Ordering time: 2.73s

Barrier statistics:
 AA' NZ     : 2.827e+06
 Factor NZ  : 2.248e+07 (roughly 300 MB of memory)
 Factor Ops : 1.593e+10 (less than 1 second per iteration)
 Threads    : 4

                  Objective                Residual
Iter       Primal          Dual         Primal    Dual     Compl     Time
   0   2.86004033e+06  7.27260745e+06  7.57e+04 3.52e+00  1.12e+04    20s
   1   1.66116817e+06  6.79655723e+06  6.75e+04 1.27e+01  9.53e+03    20s
   2  -3.84762763e+06  6.72727604e+06  3.36e+04 8.87e+00  5.49e+03    21s
   3  -9.13884076e+06  4.67381915e+06  8.26e+03 7.54e-01  1.12e+03    21s
   4  -6.36559713e+06  2.77676516e+06  1.56e+03 2.31e-01  2.69e+02    22s
   5  -2.05994963e+06  4.59520956e+05  1.90e+02 2.52e-02  3.87e+01    23s
   6  -4.53621174e+05  1.42510200e+05  3.55e+01 4.70e-03  7.98e+00    24s
   7  -4.00769409e+04  2.74294523e+04  1.63e+00 2.70e-13  6.20e-01    25s
   8  -6.71523703e+03  6.80879459e+03  2.45e-01 1.42e-13  1.07e-01    26s
   9  -1.62143527e+01  1.06812723e+03  1.25e-02 7.11e-14  7.78e-03    27s
  10   2.38873820e+02  7.19683325e+02  4.45e-03 6.63e-14  3.41e-03    27s
  11   3.20474499e+02  4.72421995e+02  1.57e-03 4.13e-14  1.08e-03    28s
  12   3.58739809e+02  4.13479892e+02  1.90e-04 8.30e-14  3.81e-04    29s
  13   3.63577413e+02  3.94390202e+02  1.01e-04 6.47e-14  2.15e-04    30s
  14   3.63129925e+02  3.81931762e+02  9.57e-05 5.95e-14  1.32e-04    31s
  15   3.65933546e+02  3.73738175e+02  4.21e-05 6.57e-14  5.48e-05    31s
  16   3.67035744e+02  3.72230773e+02  1.57e-05 6.15e-14  3.62e-05    32s
  17   3.67090806e+02  3.71962510e+02  1.48e-05 8.51e-14  3.39e-05    33s
  18   3.67409634e+02  3.71286322e+02  1.02e-05 7.41e-14  2.70e-05    34s
  19   3.67562926e+02  3.71086607e+02  9.25e-06 9.13e-14  2.45e-05    34s
  20   3.67783145e+02  3.70963365e+02  7.60e-06 6.19e-14  2.21e-05    35s
  21   3.67804644e+02  3.70871993e+02  7.38e-06 8.07e-14  2.13e-05    36s
  22   3.68025562e+02  3.70491987e+02  5.98e-06 8.49e-14  1.72e-05    37s
  23   3.68066975e+02  3.70386813e+02  5.63e-06 1.08e-13  1.61e-05    38s
  24   3.68316907e+02  3.70128521e+02  4.16e-06 8.57e-14  1.26e-05    38s
  25   3.68346421e+02  3.70084906e+02  3.99e-06 7.12e-14  1.21e-05    39s
  26   3.68545092e+02  3.69602430e+02  2.82e-06 1.50e-13  7.37e-06    40s
  27   3.68694513e+02  3.69478744e+02  1.99e-06 1.67e-13  5.46e-06    41s
  28   3.68754951e+02  3.69312438e+02  1.64e-06 1.77e-13  3.89e-06    42s
  29   3.68817392e+02  3.69224278e+02  1.27e-06 1.60e-13  2.84e-06    43s
  30   3.68818294e+02  3.69222286e+02  1.27e-06 1.20e-13  2.82e-06    43s
  31   3.68819407e+02  3.69219730e+02  1.26e-06 1.27e-13  2.80e-06    44s
  32   3.68874783e+02  3.69106576e+02  8.41e-07 1.71e-13  1.62e-06    45s
  33   3.68891598e+02  3.68997303e+02  4.75e-07 1.76e-13  7.44e-07    46s
  34   3.68919984e+02  3.68964053e+02  1.49e-07 2.12e-13  3.09e-07    47s
  35   3.68929571e+02  3.68949327e+02  6.93e-08 2.13e-13  1.39e-07    48s
  36   3.68935090e+02  3.68941608e+02  3.66e-08 2.94e-13  4.56e-08    50s
  37   3.68936728e+02  3.68939409e+02  1.74e-08 2.35e-13  1.86e-08    51s
  38   3.68936832e+02  3.68938136e+02  5.72e-09 3.31e-13  9.05e-09    52s
  39   3.68936941e+02  3.68937508e+02  3.77e-09 3.08e-13  3.93e-09    53s
  40   3.68936991e+02  3.68937049e+02  9.38e-10 5.08e-13  4.11e-10    53s
  41   3.68937000e+02  3.68937000e+02  1.42e-09 4.07e-13  5.52e-13    54s

Barrier solved model in 41 iterations and 54.36 seconds (38.01 work units)
Optimal objective 3.68937000e+02

