
Gurobi 11.0.3 (mac64[x86]) logging started Wed Apr  9 19:02:13 2025

Set parameter LogFile to value "Results/Conservative_experiment/sanity_check_v36_none.log"
Set parameter TimeLimit to value 84600
Set parameter Method to value 2
Set parameter Crossover to value 0
Set parameter BarConvTol to value 1e-10
Gurobi Optimizer version 11.0.3 build v11.0.3rc0 (mac64[x86] - Darwin 23.4.0 23E214)

CPU model: Intel(R) Core(TM) i7-1060NG7 CPU @ 1.20GHz
Thread count: 4 physical cores, 8 logical processors, using up to 8 threads

Optimize a model with 1494624 rows, 1917920 columns and 7072112 nonzeros
Model fingerprint: 0x9ebf7a4d
Coefficient statistics:
  Matrix range     [2e-01, 1e+00]
  Objective range  [6e-05, 5e+00]
  Bounds range     [0e+00, 0e+00]
  RHS range        [1e-02, 3e+03]
Presolve removed 1117680 rows and 1190000 columns (presolve time = 5s) ...
Presolve removed 1208784 rows and 1389424 columns
Presolve time: 8.47s
Presolved: 285840 rows, 528592 columns, 1883792 nonzeros
Ordering time: 0.89s

Barrier statistics:
 AA' NZ     : 2.724e+05
 Factor NZ  : 5.377e+06 (roughly 80 MB of memory)
 Factor Ops : 3.434e+09 (less than 1 second per iteration)
 Threads    : 4

                  Objective                Residual
Iter       Primal          Dual         Primal    Dual     Compl     Time
   0   7.35055111e+06  1.71373077e+11  1.48e+04 6.16e+03  4.02e+07    11s
   1  -1.57317853e+07  8.65756785e+10  4.15e+03 6.79e+03  1.31e+07    11s
   2  -1.70963841e+07  7.62262368e+09  9.85e+02 6.69e+02  1.72e+06    11s
   3  -1.60353460e+07  1.99494700e+09  6.46e+01 2.98e+01  1.12e+05    11s
   4  -1.52568210e+07  4.87454563e+08  7.50e+00 1.35e+00  1.23e+04    12s
   5  -1.07172416e+07  7.99022841e+07  3.96e-01 6.40e-02  1.27e+03    12s
   6  -1.07239596e+06  3.95379846e+06  8.21e-03 1.97e-03  6.13e+01    12s
   7  -5.12204950e+04  3.79743568e+05  3.83e-04 2.18e-05  5.23e+00    12s
   8   1.51129307e+03  6.12865554e+04  2.90e-05 6.37e-13  7.15e-01    13s
   9   1.45866775e+04  2.92057087e+04  5.58e-06 1.65e-13  1.72e-01    13s
  10   1.80801224e+04  2.25148363e+04  7.72e-07 5.46e-14  5.16e-02    13s
  11   1.86580041e+04  2.07628465e+04  3.52e-07 2.53e-14  2.45e-02    13s
  12   1.90366935e+04  2.03309899e+04  1.39e-07 1.78e-14  1.50e-02    14s
  13   1.92100607e+04  1.97670269e+04  6.14e-08 6.88e-15  6.47e-03    14s
  14   1.93519603e+04  1.95095026e+04  1.34e-08 1.67e-15  1.83e-03    14s
  15   1.93971740e+04  1.94476307e+04  3.19e-09 7.91e-16  5.86e-04    14s
  16   1.94155058e+04  1.94271329e+04  3.28e-10 3.55e-15  1.35e-04    15s
  17   1.94178147e+04  1.94212780e+04  1.22e-10 6.18e-16  4.02e-05    15s
  18   1.94186136e+04  1.94201003e+04  5.54e-11 5.24e-16  1.73e-05    15s
  19   1.94189379e+04  1.94199177e+04  4.39e-11 6.90e-16  1.14e-05    16s
  20   1.94191157e+04  1.94196856e+04  6.23e-11 3.55e-15  6.62e-06    16s
  21   1.94193258e+04  1.94194997e+04  1.33e-10 3.55e-15  2.02e-06    16s
  22   1.94193815e+04  1.94194506e+04  2.50e-10 3.55e-15  8.04e-07    16s
  23   1.94193999e+04  1.94194364e+04  2.67e-10 3.55e-15  4.25e-07    17s
  24   1.94194195e+04  1.94194269e+04  3.58e-10 3.64e-12  8.62e-08    17s
  25   1.94194246e+04  1.94194250e+04  2.24e-09 3.64e-12  4.42e-09    17s
  26   1.94194247e+04  1.94194248e+04  1.86e-08 3.64e-12  1.27e-09    18s
  27   1.94194248e+04  1.94194248e+04  3.77e-09 3.64e-12  1.27e-12    18s

Barrier solved model in 27 iterations and 17.79 seconds (7.69 work units)
Optimal objective 1.94194248e+04

