
Gurobi 11.0.3 (mac64[x86]) logging started Wed Apr  9 18:12:15 2025

Set parameter LogFile to value "Results/Conservative_experiment/sanity_check_v33_0.log"
Set parameter TimeLimit to value 84600
Set parameter Method to value 2
Set parameter Crossover to value 0
Set parameter BarConvTol to value 1e-10
Gurobi Optimizer version 11.0.3 build v11.0.3rc0 (mac64[x86] - Darwin 23.4.0 23E214)

CPU model: Intel(R) Core(TM) i7-1060NG7 CPU @ 1.20GHz
Thread count: 4 physical cores, 8 logical processors, using up to 8 threads

Optimize a model with 3282976 rows, 3705248 columns and 14414000 nonzeros
Model fingerprint: 0x69924ed4
Coefficient statistics:
  Matrix range     [2e-01, 1e+00]
  Objective range  [6e-05, 5e+00]
  Bounds range     [0e+00, 0e+00]
  RHS range        [1e-02, 3e+03]
Presolve removed 1933088 rows and 2535312 columns (presolve time = 5s) ...
Presolve removed 2931387 rows and 3183616 columns (presolve time = 10s) ...
Presolve removed 2935383 rows and 3183616 columns
Presolve time: 10.87s
Presolved: 347593 rows, 521632 columns, 2382663 nonzeros
Ordering time: 0.05s

Barrier statistics:
 AA' NZ     : 1.350e+05
 Factor NZ  : 6.419e+05 (roughly 18 MB of memory)
 Factor Ops : 6.375e+07 (less than 1 second per iteration)
 Threads    : 4

                  Objective                Residual
Iter       Primal          Dual         Primal    Dual     Compl     Time
   0   1.94808794e+07  1.03086236e+08  8.98e+04 6.22e+00  2.65e+05    11s
   1   7.56213212e+06  7.20921955e+07  4.64e+04 4.25e+00  5.78e+04    11s
   2  -4.85954551e+06  3.30997755e+07  9.74e+03 8.53e-02  8.51e+03    12s
   3  -2.07347015e+06  7.35492529e+06  2.33e+03 1.14e-02  2.18e+03    12s
   4  -8.40941290e+05  1.15110674e+06  7.85e+02 1.48e-03  6.73e+02    12s
   5  -1.92942241e+05  3.22225166e+05  1.53e+02 2.16e-04  1.34e+02    12s
   6  -1.07476899e+05  1.65073047e+05  8.08e+01 2.69e-05  6.87e+01    12s
   7  -5.33544969e+04  8.17065166e+04  2.95e+01 6.63e-12  2.97e+01    12s
   8   4.98048415e+03  6.30641892e+04  3.80e+00 7.14e-13  7.33e+00    12s
   9   1.30331944e+04  4.24262388e+04  1.49e+00 3.74e-12  3.10e+00    12s
  10   1.75473110e+04  3.30869248e+04  5.91e-01 7.53e-13  1.45e+00    12s
  11   1.99894707e+04  2.60031821e+04  1.89e-01 2.16e-12  5.17e-01    12s
  12   2.10769828e+04  2.36482053e+04  7.35e-02 8.46e-13  2.14e-01    12s
  13   2.15209611e+04  2.28012819e+04  3.82e-02 3.94e-13  1.06e-01    12s
  14   2.18179609e+04  2.24861049e+04  1.75e-02 2.20e-13  5.48e-02    12s
  15   2.20135347e+04  2.22666008e+04  6.12e-03 7.11e-14  2.07e-02    12s
  16   2.21153771e+04  2.21901573e+04  1.67e-03 2.49e-14  6.08e-03    12s
  17   2.21519644e+04  2.21766112e+04  3.59e-04 1.50e-14  1.98e-03    12s
  18   2.21574875e+04  2.21707366e+04  1.96e-04 1.42e-14  1.07e-03    12s
  19   2.21629051e+04  2.21662251e+04  4.37e-05 1.60e-14  2.67e-04    12s
  20   2.21640917e+04  2.21653901e+04  1.55e-05 1.07e-14  1.04e-04    12s
  21   2.21646575e+04  2.21649987e+04  2.74e-06 1.42e-14  2.72e-05    12s
  22   2.21647452e+04  2.21648550e+04  8.08e-07 1.44e-14  8.75e-06    12s
  23   2.21647766e+04  2.21648087e+04  3.15e-07 7.11e-15  2.56e-06    12s
  24   2.21647912e+04  2.21648031e+04  1.08e-07 1.07e-14  9.50e-07    12s
  25   2.21647980e+04  2.21648002e+04  5.67e-08 1.42e-14  1.69e-07    12s
  26   2.21647996e+04  2.21647997e+04  2.62e-08 2.37e-14  5.21e-09    12s
  27   2.21647996e+04  2.21647996e+04  9.35e-09 2.13e-14  5.21e-12    12s

Barrier solved model in 27 iterations and 12.29 seconds (6.45 work units)
Optimal objective 2.21647996e+04

