
Gurobi 11.0.3 (mac64[x86]) logging started Wed Apr  9 19:03:25 2025

Set parameter LogFile to value "Results/Conservative_experiment/sanity_check_v36_0.log"
Set parameter TimeLimit to value 84600
Set parameter Method to value 2
Set parameter Crossover to value 0
Set parameter BarConvTol to value 1e-10
Gurobi Optimizer version 11.0.3 build v11.0.3rc0 (mac64[x86] - Darwin 23.4.0 23E214)

CPU model: Intel(R) Core(TM) i7-1060NG7 CPU @ 1.20GHz
Thread count: 4 physical cores, 8 logical processors, using up to 8 threads

Optimize a model with 3282976 rows, 3705248 columns and 14414000 nonzeros
Model fingerprint: 0xc1b5fede
Coefficient statistics:
  Matrix range     [2e-01, 1e+00]
  Objective range  [6e-05, 5e+00]
  Bounds range     [0e+00, 0e+00]
  RHS range        [1e-02, 3e+03]
Presolve removed 1933088 rows and 2535312 columns (presolve time = 5s) ...
Presolve removed 2931051 rows and 3183568 columns (presolve time = 10s) ...
Presolve removed 2935375 rows and 3183616 columns
Presolve time: 11.43s
Presolved: 347601 rows, 521632 columns, 2382679 nonzeros
Ordering time: 0.06s

Barrier statistics:
 AA' NZ     : 1.352e+05
 Factor NZ  : 6.533e+05 (roughly 20 MB of memory)
 Factor Ops : 6.697e+07 (less than 1 second per iteration)
 Threads    : 4

                  Objective                Residual
Iter       Primal          Dual         Primal    Dual     Compl     Time
   0   1.80480771e+07  1.03844934e+08  9.06e+04 5.97e+00  2.70e+05    12s
   1   6.22724991e+06  7.24181191e+07  4.68e+04 4.30e+00  5.95e+04    12s
   2  -5.22903362e+06  3.31591427e+07  9.17e+03 6.68e-02  8.48e+03    12s
   3  -2.33517382e+06  4.24960848e+06  2.42e+03 8.04e-03  2.15e+03    12s
   4  -3.72413321e+05  6.78056068e+05  2.90e+02 1.66e-04  2.86e+02    12s
   5  -1.09093700e+05  1.75964730e+05  8.11e+01 1.48e-12  7.45e+01    12s
   6  -5.57623172e+04  9.19056409e+04  3.22e+01 7.16e-12  3.22e+01    12s
   7  -1.15296497e+04  6.17992892e+04  7.93e+00 2.29e-12  1.18e+01    12s
   8   2.47403784e+03  4.43522286e+04  3.43e+00 8.88e-13  5.43e+00    12s
   9   1.14377021e+04  3.11256371e+04  1.28e+00 6.15e-13  2.10e+00    12s
  10   1.55390487e+04  2.44639250e+04  5.19e-01 3.45e-13  8.45e-01    12s
  11   1.75157423e+04  2.21661391e+04  2.10e-01 1.60e-13  4.09e-01    12s
  12   1.85827250e+04  2.08354056e+04  7.59e-02 8.88e-14  1.89e-01    12s
  13   1.91037889e+04  1.98174462e+04  1.77e-02 4.62e-14  5.83e-02    12s
  14   1.92168054e+04  1.95224525e+04  9.55e-03 1.07e-14  2.51e-02    12s
  15   1.93029116e+04  1.94637639e+04  4.63e-03 9.56e-15  1.32e-02    13s
  16   1.93675672e+04  1.94286339e+04  1.40e-03 1.07e-14  4.96e-03    13s
  17   1.93898050e+04  1.94094501e+04  4.38e-04 1.07e-14  1.59e-03    13s
  18   1.93996345e+04  1.94044186e+04  9.52e-05 1.42e-14  3.87e-04    13s
  19   1.94020800e+04  1.94034659e+04  2.59e-05 7.11e-15  1.12e-04    13s
  20   1.94025084e+04  1.94031836e+04  1.35e-05 1.42e-14  5.46e-05    13s
  21   1.94027654e+04  1.94030895e+04  6.75e-06 7.11e-15  2.62e-05    13s
  22   1.94030352e+04  1.94030600e+04  3.47e-07 1.42e-14  1.99e-06    13s
  23   1.94030483e+04  1.94030552e+04  9.91e-08 1.64e-14  5.55e-07    13s
  24   1.94030538e+04  1.94030547e+04  1.69e-08 2.26e-14  7.31e-08    13s
  25   1.94030546e+04  1.94030546e+04  2.92e-09 1.84e-14  2.41e-10    13s
  26   1.94030546e+04  1.94030546e+04  7.58e-10 1.47e-14  7.50e-13    13s

Barrier solved model in 26 iterations and 12.78 seconds (6.44 work units)
Optimal objective 1.94030546e+04

