
Gurobi 11.0.3 (mac64[x86]) logging started Thu Apr 10 20:04:03 2025

Set parameter LogFile to value "Results/Conservative_experiment/sanity_check_v37_none.log"
Set parameter TimeLimit to value 84600
Set parameter Method to value 2
Set parameter Crossover to value 0
Set parameter BarConvTol to value 1e-10
Gurobi Optimizer version 11.0.3 build v11.0.3rc0 (mac64[x86] - Darwin 23.4.0 23E214)

CPU model: Intel(R) Core(TM) i7-1060NG7 CPU @ 1.20GHz
Thread count: 4 physical cores, 8 logical processors, using up to 8 threads

Optimize a model with 1494624 rows, 1917920 columns and 7072112 nonzeros
Model fingerprint: 0x18287e12
Coefficient statistics:
  Matrix range     [2e-01, 1e+00]
  Objective range  [6e-05, 5e+00]
  Bounds range     [0e+00, 0e+00]
  RHS range        [1e-02, 3e+03]
Presolve removed 851424 rows and 909440 columns (presolve time = 6s) ...
Presolve removed 1165152 rows and 1237344 columns (presolve time = 10s) ...
Presolve removed 1208784 rows and 1389424 columns
Presolve time: 13.33s
Presolved: 285840 rows, 528592 columns, 1883792 nonzeros
Ordering time: 1.26s

Barrier statistics:
 AA' NZ     : 2.723e+05
 Factor NZ  : 5.435e+06 (roughly 80 MB of memory)
 Factor Ops : 3.499e+09 (less than 1 second per iteration)
 Threads    : 4

                  Objective                Residual
Iter       Primal          Dual         Primal    Dual     Compl     Time
   0   9.28090311e+06  1.71381526e+11  1.65e+04 6.16e+03  4.48e+07    16s
   1  -1.77456272e+07  9.12869845e+10  4.35e+03 6.86e+03  1.46e+07    16s
   2  -1.89555516e+07  8.81482358e+09  1.16e+03 7.05e+02  2.02e+06    17s
   3  -1.78175183e+07  2.12265038e+09  7.28e+01 3.43e+01  1.31e+05    17s
   4  -1.69701998e+07  5.37187300e+08  8.96e+00 1.76e+00  1.52e+04    17s
   5  -1.36720980e+07  9.50203297e+07  1.71e+00 7.71e-02  2.40e+03    18s
   6  -8.19938134e+06  1.57858902e+07  7.55e-01 1.26e-02  7.31e+02    18s
   7  -6.80357235e+06 -3.50518436e+07  6.12e-01 7.64e-03  4.48e+02    18s
   8  -6.68260993e+06 -1.08468007e+10  6.00e-01 1.86e-03  1.01e+03    19s
   9  -6.67193422e+06 -4.59774148e+10  5.99e-01 1.83e-03  2.44e+03    19s
  10  -6.84222763e+06 -6.00891278e+10  2.48e+00 5.85e-01  2.67e+04    20s
  11  -6.81641763e+06 -5.71183005e+10  2.47e+00 5.78e-01  2.68e+04    20s
  12  -6.81507792e+06 -5.71871713e+10  2.42e+00 3.36e-02  2.70e+04    20s
  13  -6.81507611e+06 -6.15072406e+10  2.42e+00 1.44e-03  2.83e+04    21s
  14  -6.81619807e+06 -5.78724476e+10  2.28e+00 1.62e-03  2.55e+04    21s
  15  -6.73131225e+06 -7.37135026e+10  2.27e+00 9.75e-02  2.77e+04    22s
  16  -6.72348119e+06 -7.30704866e+10  2.28e+00 9.78e-02  2.81e+04    22s
  17  -6.72570082e+06 -6.30032891e+10  2.22e+00 6.96e-02  2.46e+04    22s
  18  -6.68408175e+06 -6.21732573e+10  2.17e+00 4.63e-04  2.49e+04    22s
  19  -8.20017432e+06 -6.45306610e+10  2.12e+00 8.32e-03  2.79e+04    23s
  20  -7.97669039e+06 -6.45014698e+10  2.47e+00 2.08e-04  2.76e+04    23s
  21  -7.80207620e+06 -7.74739768e+10  2.24e+00 2.10e-01  3.06e+04    23s
  22  -7.55467941e+06 -8.65021052e+10  4.09e+00 1.99e-01  2.79e+04    24s
  23  -1.12733013e+07 -6.42285791e+10  4.89e+00 1.30e-01  1.51e+04    24s
  24  -1.09973749e+07 -6.42410339e+10  4.59e+00 1.49e-01  1.47e+04    24s
  25  -1.09657352e+07 -6.42470884e+10  4.56e+00 1.49e-01  1.47e+04    24s
  26  -1.18072036e+07 -6.42442207e+10  4.15e+00 7.75e-02  1.34e+04    25s
  27  -1.18047988e+07 -6.42427945e+10  4.19e+00 1.11e-04  1.34e+04    25s
  28  -1.18043657e+07 -6.42341490e+10  4.19e+00 1.08e-04  1.34e+04    25s
  29  -1.14581763e+07 -6.42156446e+10  4.49e+00 1.43e-02  1.24e+04    26s
  30  -1.14574107e+07 -6.42154576e+10  4.49e+00 2.25e-05  1.24e+04    26s
  31  -1.14559721e+07 -6.42173995e+10  4.49e+00 7.41e-05  1.24e+04    26s
  32  -1.14291163e+07 -6.42131657e+10  4.48e+00 7.43e-04  1.23e+04    26s
  33  -1.21153884e+07 -6.36852590e+10  7.36e+00 7.86e-03  1.10e+04    27s
  34  -1.19664715e+07 -6.36850547e+10  7.26e+00 4.98e-05  1.09e+04    27s
  35  -1.16636951e+07 -6.36827364e+10  7.04e+00 3.03e-03  1.05e+04    27s
  36  -1.16356947e+07 -6.36831234e+10  7.03e+00 2.48e-03  1.05e+04    27s
  37  -1.16356590e+07 -6.36831521e+10  7.03e+00 2.48e-03  1.04e+04    28s
  38  -1.16253718e+07 -6.36898620e+10  7.01e+00 2.14e-03  1.04e+04    28s
  39  -1.20737917e+07 -6.36920764e+10  6.14e+00 1.36e-02  9.14e+03    28s
  40  -1.18607979e+07 -6.36917581e+10  5.79e+00 2.96e-03  8.90e+03    29s
  41  -1.18257013e+07 -6.37014978e+10  5.77e+00 2.80e-03  8.87e+03    29s
  42  -1.16595759e+07 -6.36904614e+10  5.52e+00 4.92e-03  8.63e+03    29s
  43  -1.16531854e+07 -6.36898996e+10  5.52e+00 2.24e-05  8.63e+03    29s
  44  -1.16531785e+07 -6.36898566e+10  5.52e+00 2.26e-05  8.63e+03    30s
  45  -1.16531340e+07 -6.36897085e+10  5.52e+00 1.01e-05  8.63e+03    30s
  46  -1.13679247e+07 -6.36865127e+10  5.38e+00 1.03e-02  8.32e+03    30s
  47  -1.13368288e+07 -6.36878093e+10  5.36e+00 1.01e-03  8.30e+03    31s
  48  -1.12145611e+07 -6.36885579e+10  5.21e+00 9.90e-04  8.17e+03    31s
  49  -1.11756169e+07 -6.36883827e+10  5.14e+00 1.38e-04  8.14e+03    31s
  50  -1.11597846e+07 -6.36378286e+10  5.13e+00 1.26e-03  8.12e+03    31s
  51  -1.10047173e+07 -6.36365007e+10  5.07e+00 2.10e-04  7.97e+03    32s
  52  -1.08832855e+07 -6.36637467e+10  5.42e+00 5.97e-03  7.75e+03    32s
  53  -1.07591497e+07 -6.36335492e+10  5.69e+00 5.91e-03  7.66e+03    32s
  54  -1.06413393e+07 -6.36341785e+10  5.64e+00 5.92e-03  7.55e+03    33s
  55  -1.05759579e+07 -6.36347751e+10  5.60e+00 5.93e-03  7.50e+03    33s
  56  -1.05504830e+07 -6.36356848e+10  5.58e+00 6.17e-03  7.47e+03    34s
  57  -1.05504811e+07 -6.36357848e+10  5.58e+00 2.83e-06  7.47e+03    34s
  58  -1.05409136e+07 -6.36355287e+10  5.56e+00 1.41e-05  7.46e+03    34s
  59  -1.05076313e+07 -6.36343173e+10  5.52e+00 1.78e-04  7.43e+03    35s

Barrier performed 59 iterations in 34.62 seconds (14.24 work units)
Numerical trouble encountered

Model may be infeasible or unbounded.  Consider using the
homogeneous algorithm (through parameter 'BarHomogeneous')


Gurobi 11.0.3 (mac64[x86]) logging started Thu Apr 10 20:08:59 2025

Set parameter LogFile to value "Results/Conservative_experiment/sanity_check_v37_none.log"
Set parameter TimeLimit to value 84600
Set parameter Method to value 2
Set parameter Crossover to value 0
Set parameter BarConvTol to value 1e-10
Gurobi Optimizer version 11.0.3 build v11.0.3rc0 (mac64[x86] - Darwin 23.4.0 23E214)

CPU model: Intel(R) Core(TM) i7-1060NG7 CPU @ 1.20GHz
Thread count: 4 physical cores, 8 logical processors, using up to 8 threads

Optimize a model with 1494624 rows, 1917920 columns and 7072112 nonzeros
Model fingerprint: 0x503c4d64
Coefficient statistics:
  Matrix range     [2e-01, 1e+00]
  Objective range  [6e-05, 5e+00]
  Bounds range     [0e+00, 0e+00]
  RHS range        [1e-02, 3e+03]
Presolve removed 1165024 rows and 1237344 columns (presolve time = 5s) ...
Presolve removed 1204784 rows and 1388128 columns
Presolve time: 5.38s

Barrier solved model in 0 iterations and 5.38 seconds (2.66 work units)
Model is infeasible or unbounded

Gurobi 11.0.3 (mac64[x86]) logging started Thu Apr 10 20:11:08 2025

Set parameter LogFile to value "Results/Conservative_experiment/sanity_check_v37_none.log"
Set parameter TimeLimit to value 84600
Set parameter Method to value 2
Set parameter Crossover to value 0
Set parameter BarConvTol to value 1e-10
Gurobi Optimizer version 11.0.3 build v11.0.3rc0 (mac64[x86] - Darwin 23.4.0 23E214)

CPU model: Intel(R) Core(TM) i7-1060NG7 CPU @ 1.20GHz
Thread count: 4 physical cores, 8 logical processors, using up to 8 threads

Optimize a model with 1494624 rows, 1917920 columns and 7072112 nonzeros
Model fingerprint: 0x128aca5b
Coefficient statistics:
  Matrix range     [2e-01, 1e+00]
  Objective range  [6e-05, 5e+00]
  Bounds range     [0e+00, 0e+00]
  RHS range        [1e-02, 3e+03]
Presolve removed 1204784 rows and 1388128 columns
Presolve time: 4.64s

Barrier solved model in 0 iterations and 4.64 seconds (2.66 work units)
Model is infeasible or unbounded

Gurobi 11.0.3 (mac64[x86]) logging started Thu Apr 10 20:13:30 2025

Set parameter LogFile to value "Results/Conservative_experiment/sanity_check_v37_none.log"
Set parameter TimeLimit to value 84600
Set parameter Method to value 2
Set parameter Crossover to value 0
Set parameter BarConvTol to value 1e-10
Gurobi Optimizer version 11.0.3 build v11.0.3rc0 (mac64[x86] - Darwin 23.4.0 23E214)

CPU model: Intel(R) Core(TM) i7-1060NG7 CPU @ 1.20GHz
Thread count: 4 physical cores, 8 logical processors, using up to 8 threads

Optimize a model with 1494624 rows, 1917920 columns and 7072112 nonzeros
Model fingerprint: 0x81462c44
Coefficient statistics:
  Matrix range     [2e-01, 1e+00]
  Objective range  [6e-05, 5e+00]
  Bounds range     [0e+00, 0e+00]
  RHS range        [1e-02, 3e+03]
Presolve removed 1204784 rows and 1388128 columns
Presolve time: 4.32s

Barrier solved model in 0 iterations and 4.32 seconds (2.66 work units)
Model is infeasible or unbounded

Gurobi 11.0.3 (mac64[x86]) logging started Thu Apr 10 20:15:48 2025

Set parameter LogFile to value "Results/Conservative_experiment/sanity_check_v37_none.log"
Set parameter TimeLimit to value 84600
Set parameter Method to value 2
Set parameter Crossover to value 0
Set parameter BarConvTol to value 1e-10
Gurobi Optimizer version 11.0.3 build v11.0.3rc0 (mac64[x86] - Darwin 23.4.0 23E214)

CPU model: Intel(R) Core(TM) i7-1060NG7 CPU @ 1.20GHz
Thread count: 4 physical cores, 8 logical processors, using up to 8 threads

Optimize a model with 1494624 rows, 1917920 columns and 7072112 nonzeros
Model fingerprint: 0x3dee0b11
Coefficient statistics:
  Matrix range     [2e-01, 1e+00]
  Objective range  [6e-05, 5e+00]
  Bounds range     [0e+00, 0e+00]
  RHS range        [1e-02, 3e+03]
Presolve removed 1204784 rows and 1388128 columns
Presolve time: 4.60s

Barrier solved model in 0 iterations and 4.60 seconds (2.66 work units)
Model is infeasible or unbounded

Gurobi 11.0.3 (mac64[x86]) logging started Thu Apr 10 20:17:48 2025

Set parameter LogFile to value "Results/Conservative_experiment/sanity_check_v37_none.log"
Set parameter TimeLimit to value 84600
Set parameter Method to value 2
Set parameter Crossover to value 0
Set parameter BarConvTol to value 1e-10
Gurobi Optimizer version 11.0.3 build v11.0.3rc0 (mac64[x86] - Darwin 23.4.0 23E214)

CPU model: Intel(R) Core(TM) i7-1060NG7 CPU @ 1.20GHz
Thread count: 4 physical cores, 8 logical processors, using up to 8 threads

Optimize a model with 1494624 rows, 1917920 columns and 7072112 nonzeros
Model fingerprint: 0x046f0f0c
Coefficient statistics:
  Matrix range     [2e-01, 1e+00]
  Objective range  [6e-05, 5e+00]
  Bounds range     [0e+00, 0e+00]
  RHS range        [1e-02, 3e+03]
Presolve removed 1204784 rows and 1388128 columns
Presolve time: 4.21s

Barrier solved model in 0 iterations and 4.21 seconds (2.66 work units)
Model is infeasible or unbounded

Gurobi 11.0.3 (mac64[x86]) logging started Fri Apr 11 13:06:10 2025

Set parameter LogFile to value "Results/Conservative_experiment/sanity_check_v37_none.log"
Set parameter TimeLimit to value 84600
Set parameter Method to value 2
Set parameter Crossover to value 0
Set parameter BarConvTol to value 1e-10
Gurobi Optimizer version 11.0.3 build v11.0.3rc0 (mac64[x86] - Darwin 23.4.0 23E214)

CPU model: Intel(R) Core(TM) i7-1060NG7 CPU @ 1.20GHz
Thread count: 4 physical cores, 8 logical processors, using up to 8 threads

Optimize a model with 1494624 rows, 1917920 columns and 7072112 nonzeros
Model fingerprint: 0x0eff2436
Coefficient statistics:
  Matrix range     [2e-01, 1e+00]
  Objective range  [6e-05, 5e+00]
  Bounds range     [0e+00, 0e+00]
  RHS range        [1e-02, 3e+03]
Presolve removed 1165024 rows and 1237344 columns (presolve time = 5s) ...
Presolve removed 1208784 rows and 1389424 columns
Presolve time: 6.10s
Presolved: 285840 rows, 528592 columns, 1883792 nonzeros
Ordering time: 0.63s

Barrier statistics:
 AA' NZ     : 2.724e+05
 Factor NZ  : 5.377e+06 (roughly 80 MB of memory)
 Factor Ops : 3.434e+09 (less than 1 second per iteration)
 Threads    : 4

                  Objective                Residual
Iter       Primal          Dual         Primal    Dual     Compl     Time
   0   8.28701504e+06  1.71373081e+11  1.48e+04 6.16e+03  4.02e+07     8s
   1  -1.53451488e+07  8.65764538e+10  4.15e+03 6.79e+03  1.31e+07     8s
   2  -1.69856850e+07  7.61771123e+09  9.85e+02 6.68e+02  1.72e+06     8s
   3  -1.60175306e+07  1.99602396e+09  6.48e+01 2.97e+01  1.12e+05     8s
   4  -1.52482612e+07  4.90128547e+08  7.59e+00 1.35e+00  1.24e+04     8s
   5  -1.07075039e+07  7.88485439e+07  4.07e-01 6.08e-02  1.25e+03     9s
   6  -1.02522393e+06  4.11472738e+06  7.92e-03 2.02e-03  6.27e+01     9s
   7  -3.91648146e+04  3.90282716e+05  3.81e-04 2.37e-05  5.21e+00     9s
   8   1.30805863e+04  7.52975137e+04  3.02e-05 7.94e-13  7.44e-01     9s
   9   2.65450810e+04  4.10121009e+04  5.13e-06 1.75e-13  1.70e-01    10s
  10   3.00458825e+04  3.44921859e+04  8.55e-07 5.37e-14  5.18e-02    10s
  11   3.07498435e+04  3.28344060e+04  3.89e-07 2.48e-14  2.42e-02    10s
  12   3.11574293e+04  3.23949656e+04  1.48e-07 1.68e-14  1.44e-02    10s
  13   3.13508847e+04  3.18931087e+04  5.92e-08 6.61e-15  6.30e-03    10s
  14   3.14918133e+04  3.16422817e+04  9.87e-09 3.55e-15  1.75e-03    10s
  15   3.15343314e+04  3.15842982e+04  1.48e-09 1.78e-15  5.80e-04    11s
  16   3.15461639e+04  3.15569891e+04  9.28e-11 3.55e-15  1.26e-04    11s
  17   3.15476624e+04  3.15510183e+04  3.76e-11 8.88e-16  3.90e-05    11s
  18   3.15484152e+04  3.15499821e+04  1.65e-11 3.55e-15  1.82e-05    11s
  19   3.15486308e+04  3.15496176e+04  1.47e-11 3.55e-15  1.15e-05    11s
  20   3.15487507e+04  3.15493611e+04  1.22e-11 3.55e-15  7.09e-06    11s
  21   3.15489004e+04  3.15491059e+04  9.08e-11 3.55e-15  2.39e-06    12s
  22   3.15489661e+04  3.15490403e+04  1.69e-10 8.82e-16  8.61e-07    12s
  23   3.15489890e+04  3.15490276e+04  2.63e-10 3.55e-15  4.49e-07    12s
  24   3.15489946e+04  3.15490164e+04  1.83e-10 6.87e-16  2.53e-07    12s
  25   3.15490087e+04  3.15490111e+04  3.46e-10 7.11e-15  2.83e-08    12s
  26   3.15490103e+04  3.15490104e+04  3.74e-08 3.64e-12  1.98e-09    13s
  27   3.15490104e+04  3.15490104e+04  2.53e-08 3.64e-12  1.64e-11    13s

Barrier solved model in 27 iterations and 12.87 seconds (7.73 work units)
Optimal objective 3.15490104e+04


Gurobi 11.0.3 (mac64[x86]) logging started Fri Apr 11 13:09:03 2025

Set parameter LogFile to value "Results/Conservative_experiment/sanity_check_v37_none.log"
Set parameter TimeLimit to value 84600
Set parameter Method to value 2
Set parameter Crossover to value 0
Set parameter BarConvTol to value 1e-10
Gurobi Optimizer version 11.0.3 build v11.0.3rc0 (mac64[x86] - Darwin 23.4.0 23E214)

CPU model: Intel(R) Core(TM) i7-1060NG7 CPU @ 1.20GHz
Thread count: 4 physical cores, 8 logical processors, using up to 8 threads

Optimize a model with 1494624 rows, 1917920 columns and 7072112 nonzeros
Model fingerprint: 0x1ce655e2
Coefficient statistics:
  Matrix range     [2e-01, 1e+00]
  Objective range  [6e-05, 5e+00]
  Bounds range     [0e+00, 0e+00]
  RHS range        [1e-02, 3e+03]
Presolve removed 1208784 rows and 1389424 columns
Presolve time: 5.17s
Presolved: 285840 rows, 528592 columns, 1883792 nonzeros
Ordering time: 0.52s

Barrier statistics:
 AA' NZ     : 2.724e+05
 Factor NZ  : 5.377e+06 (roughly 80 MB of memory)
 Factor Ops : 3.434e+09 (less than 1 second per iteration)
 Threads    : 4

                  Objective                Residual
Iter       Primal          Dual         Primal    Dual     Compl     Time
   0   8.28667715e+06  1.71373081e+11  1.48e+04 6.16e+03  4.02e+07     6s
   1  -1.53445831e+07  8.65766311e+10  4.15e+03 6.79e+03  1.31e+07     7s
   2  -1.69852157e+07  7.63787769e+09  9.85e+02 6.70e+02  1.73e+06     7s
   3  -1.60162094e+07  1.99419417e+09  6.38e+01 2.98e+01  1.11e+05     7s
   4  -1.52294061e+07  4.95194010e+08  7.07e+00 1.43e+00  1.23e+04     7s
   5  -1.11628963e+07  8.07176064e+07  5.97e-01 7.38e-02  1.39e+03     7s
   6  -4.58326337e+06  1.05151150e+07  1.70e-01 5.88e-03  2.12e+02     7s
   7  -3.52008441e+06 -3.38853542e+07  1.29e-01 2.01e-04  5.72e+01     8s
   8  -3.50767985e+06 -3.34615652e+07  1.29e-01 2.01e-04  5.73e+01     8s
   9  -3.49212654e+06 -3.34166141e+07  1.28e-01 2.01e-04  5.76e+01     8s
  10  -3.41864343e+06 -3.21279631e+07  2.91e-01 1.99e-04  6.33e+01     8s
  11  -3.41082933e+06 -3.75821242e+07  2.90e-01 1.98e-04  6.34e+01     8s
  12  -3.41082929e+06 -4.08415534e+07  2.90e-01 1.98e-04  6.34e+01     9s
  13  -3.40582616e+06 -6.99539118e+07  2.90e-01 1.90e-04  6.64e+01     9s
  14  -3.40126122e+06 -7.05168438e+07  2.91e-01 1.90e-04  6.67e+01     9s
  15  -3.39651325e+06 -6.68611865e+07  2.91e-01 1.90e-04  6.92e+01     9s
  16  -3.39642929e+06 -6.56856984e+07  2.91e-01 1.90e-04  6.98e+01     9s
  17  -3.39628214e+06 -6.40919183e+07  2.91e-01 1.90e-04  7.12e+01    10s
  18  -3.25136353e+06 -8.02961654e+07  2.78e-01 1.81e-04  6.57e+01    10s
  19  -3.16471369e+06 -8.07960161e+07  2.66e-01 1.80e-04  6.80e+01    10s
  20  -3.16468483e+06 -8.04767007e+07  2.66e-01 1.80e-04  6.81e+01    10s
  21  -3.10489056e+06 -8.02615219e+07  2.68e-01 1.77e-04  6.66e+01    10s
  22  -3.09940028e+06 -8.13839368e+07  2.48e-01 1.75e-04  6.99e+01    11s
  23  -3.08472929e+06 -1.07677488e+08  2.50e-01 1.67e-04  8.02e+01    11s
  24  -3.06763820e+06 -1.00860338e+08  2.59e-01 1.65e-04  7.88e+01    11s
  25  -3.06731155e+06 -9.85018241e+07  2.87e-01 1.65e-04  8.07e+01    11s
  26  -3.06597939e+06 -9.73284414e+07  2.84e-01 1.65e-04  8.13e+01    11s
  27  -3.05504813e+06 -9.68367748e+07  3.10e-01 1.65e-04  8.37e+01    12s
  28  -3.02978443e+06 -9.12869960e+07  3.09e-01 1.60e-04  8.25e+01    12s
  29  -3.01153874e+06 -8.59922607e+07  3.08e-01 1.58e-04  8.25e+01    12s
  30  -3.01153639e+06 -9.71768012e+07  3.08e-01 1.58e-04  1.01e+02    12s
  31  -2.97574689e+06 -9.70002593e+07  3.09e-01 1.57e-04  9.91e+01    12s
  32  -2.97538373e+06 -9.76079316e+07  3.09e-01 1.57e-04  9.85e+01    13s
  33  -2.97515296e+06 -9.12352562e+07  3.11e-01 1.57e-04  8.94e+01    13s
  34  -2.96815542e+06 -1.06839258e+08  3.11e-01 1.56e-04  8.93e+01    13s
  35  -2.96795774e+06 -1.00771979e+08  3.11e-01 1.56e-04  8.38e+01    13s
  36  -2.96157124e+06 -1.03367745e+08  3.06e-01 1.55e-04  8.60e+01    13s
  37  -2.93431660e+06 -1.10626650e+08  3.05e-01 1.53e-04  9.20e+01    14s
  38  -2.90239160e+06 -1.13814516e+08  3.02e-01 1.52e-04  9.07e+01    14s
  39  -2.84790724e+06 -1.14553568e+08  3.03e-01 1.45e-04  9.22e+01    14s
  40  -2.84731519e+06 -1.14548177e+08  3.03e-01 1.45e-04  9.21e+01    14s
  41  -2.59894872e+06 -1.34096415e+08  3.74e-01 1.30e-04  1.05e+02    14s
  42  -2.52614742e+06 -1.52688618e+08  3.63e-01 1.14e-04  1.13e+02    15s
  43  -2.52440062e+06 -1.52760509e+08  3.63e-01 1.14e-04  1.13e+02    15s
  44  -2.51887623e+06 -1.53643186e+08  3.63e-01 1.13e-04  1.13e+02    15s
  45  -2.46718297e+06 -1.54103024e+08  3.55e-01 1.12e-04  1.15e+02    15s
  46  -2.25703389e+06 -1.52527938e+08  3.68e-01 1.04e-04  9.76e+01    16s
  47  -2.20214816e+06 -1.50288553e+08  3.61e-01 1.03e-04  9.27e+01    16s
  48  -2.19947088e+06 -1.56489927e+08  3.61e-01 9.74e-05  9.83e+01    16s
  49  -2.18783910e+06 -1.48095548e+08  3.54e-01 9.45e-05  9.48e+01    16s
  50  -2.15391524e+06 -1.48243348e+08  3.46e-01 9.44e-05  9.06e+01    16s
  51  -2.02839678e+06 -1.45834614e+08  3.24e-01 9.06e-05  8.74e+01    17s
  52  -1.99303131e+06 -1.44360268e+08  3.09e-01 8.65e-05  8.57e+01    17s
  53  -1.97780754e+06 -1.43777973e+08  3.04e-01 8.63e-05  8.67e+01    17s
  54  -1.93174501e+06 -1.46202205e+08  2.96e-01 8.60e-05  8.25e+01    17s
  55  -1.92212842e+06 -1.49959883e+08  3.09e-01 8.50e-05  8.17e+01    17s
  56  -1.90905129e+06 -1.63432067e+08  3.06e-01 8.22e-05  8.15e+01    18s
  57  -1.85091020e+06 -1.80246572e+08  3.02e-01 5.93e-05  8.58e+01    18s
  58  -1.79297760e+06 -1.73685173e+08  3.45e+00 5.90e-05  8.79e+01    18s
  59  -1.71452969e+06 -1.51331887e+08  3.31e+00 5.69e-05  7.83e+01    18s
  60  -1.69025550e+06 -1.54643786e+08  3.27e+00 5.58e-05  7.75e+01    18s
  61  -1.65683901e+06 -1.55420379e+08  3.20e+00 5.41e-05  8.49e+01    19s
  62  -1.55176053e+06 -1.50941010e+08  3.00e+00 4.14e-05  7.95e+01    19s
  63  -1.49867238e+06 -1.81556214e+08  2.89e+00 3.03e-05  8.27e+01    19s
  64  -1.43777273e+06 -2.34122808e+08  2.78e+00 2.58e-05  8.08e+01    19s
  65  -1.22356818e+06 -2.32572823e+08  2.42e+00 2.42e-05  7.60e+01    19s
  66  -1.17711824e+06 -2.37377391e+08  2.33e+00 9.99e-06  7.23e+01    20s
  67  -1.17457497e+06 -2.44172865e+08  2.33e+00 9.47e-06  7.17e+01    20s
  68  -1.08392648e+06 -2.39211828e+08  2.18e+00 5.04e-05  7.05e+01    20s
  69  -1.03855141e+06 -2.31426110e+08  2.17e+00 6.86e-07  7.23e+01    20s
  70  -7.37673183e+05 -2.31191973e+08  1.27e+00 6.86e-07  6.11e+01    20s
  71  -7.37655765e+05 -2.31185290e+08  1.27e+00 3.21e-08  6.11e+01    21s
  72  -7.38746091e+05 -2.25911522e+08  1.35e+00 1.81e-06  5.84e+01    21s
  73  -6.95502607e+05 -2.19199364e+08  1.28e+00 8.66e-06  4.67e+01    21s
  74  -5.86623225e+05 -2.18339032e+08  1.10e+00 8.10e-06  4.12e+01    21s
  75  -5.86094211e+05 -2.25343748e+08  1.10e+00 8.18e-06  4.33e+01    21s
  76  -5.54894948e+05 -2.34628110e+08  1.07e+00 8.65e-06  4.06e+01    22s
  77  -3.76106376e+05 -2.32211938e+08  8.10e-01 9.67e-06  2.61e+01    22s
  78  -3.31396921e+05 -2.28626138e+08  1.35e+00 7.79e-06  2.38e+01    22s
  79  -3.29670962e+05 -2.23019368e+08  1.35e+00 7.79e-06  2.26e+01    22s
  80  -3.36630497e+05 -2.30240704e+08  9.02e-01 9.92e-06  2.36e+01    22s
  81  -2.61114779e+05 -2.26403851e+08  7.52e-01 9.48e-05  1.79e+01    23s
  82  -2.59013102e+05 -2.26280500e+08  7.85e-01 3.84e-07  1.80e+01    23s
  83  -2.03689871e+05 -2.28124461e+08  6.53e-01 2.05e-05  1.46e+01    23s
  84  -1.15813179e+05 -2.28970650e+08  6.52e-01 7.96e-06  1.03e+01    23s
  85  -1.15326656e+05 -2.27681069e+08  6.52e-01 8.09e-06  1.04e+01    24s
  86  -9.82219105e+04 -2.41973804e+08  7.27e-01 4.68e-05  1.12e+01    24s
  87  -3.39470602e+04 -2.42853060e+08  5.07e-01 1.27e-05  4.83e+00    24s
  88  -3.02446927e+04 -2.49810818e+08  5.13e-01 6.07e-05  7.02e+00    24s
  89  -2.97036854e+04 -2.50185958e+08  5.11e-01 6.06e-05  6.90e+00    24s
  90  -2.93260844e+04 -2.72073971e+08  5.08e-01 4.13e-06  1.00e+01    25s
  91  -2.74832983e+04 -2.72242484e+08  4.70e-01 4.33e-06  9.22e+00    25s
  92  -2.31474874e+04 -2.67152069e+08  9.48e-01 1.22e-06  7.97e+00    25s
  93  -2.26326497e+04 -2.63320945e+08  9.44e-01 1.15e-06  7.95e+00    25s
  94  -1.94934586e+04 -2.85767929e+08  9.45e-01 1.70e-06  7.61e+00    26s
  95  -1.82533358e+04 -2.86903017e+08  9.07e-01 1.16e-07  7.45e+00    26s
  96  -6.73107653e+03 -2.86136268e+08  7.01e-01 3.76e-06  6.29e+00    26s
  97  -6.34012022e+03 -3.10841955e+08  7.06e-01 3.54e-06  6.49e+00    26s
  98  -6.21132472e+03 -3.09272728e+08  6.83e-01 2.81e-06  6.25e+00    26s
  99  -3.46260211e+03 -4.26183744e+08  6.40e-01 2.06e-05  9.85e+00    27s
 100   5.13232773e+03 -4.38918213e+08  9.95e-01 1.97e-05  9.14e+00    27s
 101   5.85893870e+03 -4.38747309e+08  9.71e-01 4.47e-08  9.14e+00    27s

Barrier performed 101 iterations in 27.06 seconds (22.16 work units)
Numerical trouble encountered

Model may be infeasible or unbounded.  Consider using the
homogeneous algorithm (through parameter 'BarHomogeneous')


Gurobi 11.0.3 (mac64[x86]) logging started Fri Apr 11 13:13:01 2025

Set parameter LogFile to value "Results/Conservative_experiment/sanity_check_v37_none.log"
Set parameter TimeLimit to value 84600
Set parameter Method to value 2
Set parameter Crossover to value 0
Set parameter BarHomogeneous to value 1
Set parameter BarConvTol to value 1e-10
Gurobi Optimizer version 11.0.3 build v11.0.3rc0 (mac64[x86] - Darwin 23.4.0 23E214)

CPU model: Intel(R) Core(TM) i7-1060NG7 CPU @ 1.20GHz
Thread count: 4 physical cores, 8 logical processors, using up to 8 threads

Optimize a model with 1494624 rows, 1917920 columns and 7072112 nonzeros
Model fingerprint: 0x1ce655e2
Coefficient statistics:
  Matrix range     [2e-01, 1e+00]
  Objective range  [6e-05, 5e+00]
  Bounds range     [0e+00, 0e+00]
  RHS range        [1e-02, 3e+03]
Presolve removed 1165024 rows and 1237344 columns (presolve time = 5s) ...
Presolve removed 1208784 rows and 1389424 columns
Presolve time: 6.43s
Presolved: 285840 rows, 528592 columns, 1883792 nonzeros
Ordering time: 0.69s

Barrier statistics:
 AA' NZ     : 2.724e+05
 Factor NZ  : 5.377e+06 (roughly 80 MB of memory)
 Factor Ops : 3.434e+09 (less than 1 second per iteration)
 Threads    : 4

                  Objective                Residual
Iter       Primal          Dual         Primal    Dual     Compl     Time
   0   8.28667715e+06  1.71373081e+11  1.48e+04 6.16e+03  4.02e+07     8s
   1  -1.53445831e+07  8.65766311e+10  4.15e+03 6.79e+03  1.31e+07     8s
   2  -1.69852157e+07  7.63787769e+09  9.85e+02 6.70e+02  1.73e+06     8s
   3  -1.60162094e+07  1.99419417e+09  6.38e+01 2.98e+01  1.11e+05     9s
   4  -7.48889540e+06  2.73700826e+08  5.90e+00 3.94e+00  8.38e+03     9s
   5  -4.13297296e+06  1.84424313e+07  4.65e-01 2.41e-01  4.78e+02     9s
   6  -1.87112227e+06  9.27802641e+05  1.59e-01 2.63e-02  4.96e+01     9s
   7  -4.33592777e+06 -6.17683637e+06  1.38e-01 7.53e-03  1.28e+02    10s
   8  -2.29627109e+08 -9.78443656e+07  2.45e-01 4.86e-03  4.66e+03    10s
   9  -2.39095092e+08 -1.10001178e+08  8.03e-01 4.86e-03  4.86e+03    10s
  10  -2.47177760e+08 -1.15620759e+08  9.38e-01 4.76e-03  4.98e+03    10s
  11* -1.11353785e+09 -2.39829537e+08  2.57e-01 1.10e-02  4.91e-01    11s
  12* -6.27895906e+08 -5.79711711e+08  3.48e-02 1.43e-03  8.95e-02    11s
  13* -1.16907047e+10 -1.74442187e+10  4.69e-02 2.52e-04  4.09e-03    11s
  14* -1.16908037e+10 -1.74445800e+10  4.69e-02 2.52e-04  4.09e-03    11s
  15* -1.20054014e+10 -1.74921174e+10  5.94e-02 3.12e-05  4.01e-03    11s
  16* -1.20870250e+10 -1.75878210e+10  5.93e-02 3.11e-05  4.00e-03    12s
  17* -1.20917579e+10 -1.75948157e+10  5.97e-02 3.10e-05  3.99e-03    12s
  18* -1.23712162e+10 -1.79469165e+10  6.02e-02 3.16e-05  3.94e-03    12s
  19* -1.23878925e+10 -1.79553677e+10  6.08e-02 3.10e-05  3.94e-03    12s
  20* -1.24834933e+10 -1.80571695e+10  6.05e-02 3.09e-05  3.92e-03    13s
  21* -1.24832158e+10 -1.80569477e+10  6.07e-02 3.08e-05  3.92e-03    13s
  22* -1.24834958e+10 -1.80572094e+10  6.10e-02 3.08e-05  3.92e-03    13s
  23* -1.24932069e+10 -1.80750191e+10  6.11e-02 3.07e-05  3.92e-03    13s
  24* -1.25357134e+10 -1.81174085e+10  6.11e-02 3.07e-05  3.91e-03    14s
  25* -1.26002929e+10 -1.81581861e+10  6.15e-02 3.04e-05  3.90e-03    14s
  26* -1.26004100e+10 -1.81582787e+10  6.15e-02 3.04e-05  3.90e-03    14s
  27* -1.26009060e+10 -1.81590780e+10  6.16e-02 3.04e-05  3.90e-03    14s
  28* -1.30385004e+10 -1.87340525e+10  6.05e-02 2.99e-05  3.83e-03    15s
  29* -1.31268317e+10 -1.88321101e+10  6.06e-02 2.67e-05  3.81e-03    15s
  30* -1.32696921e+10 -1.94536962e+10  6.01e-02 2.85e-05  3.82e-03    15s
  31* -1.32723491e+10 -1.94560579e+10  6.04e-02 2.30e-05  3.82e-03    15s
  32* -1.34061028e+10 -1.96208979e+10  6.04e-02 2.32e-05  3.80e-03    16s
  33* -1.34264913e+10 -1.96447692e+10  6.03e-02 2.30e-05  3.79e-03    16s
  34* -1.34304164e+10 -1.96468234e+10  6.04e-02 2.30e-05  3.79e-03    16s
  35* -1.34595635e+10 -1.96513626e+10  6.17e-02 2.30e-05  3.79e-03    16s
  36* -1.34682879e+10 -1.96670649e+10  6.18e-02 2.29e-05  3.79e-03    17s
  37* -1.37803546e+10 -1.99640423e+10  7.01e-02 2.33e-05  3.73e-03    17s
  38* -1.42823445e+10 -2.07922821e+10  6.90e-02 2.79e-05  3.67e-03    17s
  39* -1.42858886e+10 -2.07946666e+10  7.20e-02 2.71e-05  3.67e-03    17s
  40* -1.42873983e+10 -2.07974536e+10  7.20e-02 2.71e-05  3.67e-03    18s
  41* -1.43024433e+10 -2.08086477e+10  7.17e-02 2.71e-05  3.67e-03    18s
  42* -1.45511911e+10 -2.10702349e+10  7.16e-02 2.69e-05  3.63e-03    18s
  43* -1.45556373e+10 -2.10745663e+10  7.15e-02 2.67e-05  3.63e-03    18s
  44* -1.45576828e+10 -2.10789237e+10  7.19e-02 2.66e-05  3.63e-03    19s
  45* -1.48326807e+10 -2.12023244e+10  7.18e-02 2.66e-05  3.58e-03    19s
  46* -1.48323260e+10 -2.12020024e+10  7.18e-02 2.66e-05  3.58e-03    19s
  47* -1.70393751e+10 -2.30753261e+10  6.80e-02 4.28e-05  3.27e-03    19s
  48* -1.72852660e+10 -2.67388467e+10  6.74e-02 4.16e-05  3.38e-03    20s
  49* -1.74177768e+10 -2.78581350e+10  6.71e-02 2.76e-05  3.41e-03    20s
  50* -1.74392132e+10 -2.78711409e+10  6.72e-02 2.22e-05  3.41e-03    20s
  51* -1.74399804e+10 -2.78727828e+10  6.83e-02 2.22e-05  3.41e-03    21s

Barrier performed 51 iterations in 20.63 seconds (12.42 work units)
Numerical trouble encountered


Gurobi 11.0.3 (mac64[x86]) logging started Fri Apr 11 13:16:36 2025

Set parameter LogFile to value "Results/Conservative_experiment/sanity_check_v37_none.log"
Set parameter TimeLimit to value 84600
Set parameter Method to value 1
Set parameter Crossover to value 0
Set parameter BarHomogeneous to value 1
Set parameter BarConvTol to value 1e-10
Gurobi Optimizer version 11.0.3 build v11.0.3rc0 (mac64[x86] - Darwin 23.4.0 23E214)

CPU model: Intel(R) Core(TM) i7-1060NG7 CPU @ 1.20GHz
Thread count: 4 physical cores, 8 logical processors, using up to 8 threads

Optimize a model with 1494624 rows, 1917920 columns and 7072112 nonzeros
Model fingerprint: 0x1ce655e2
Coefficient statistics:
  Matrix range     [2e-01, 1e+00]
  Objective range  [6e-05, 5e+00]
  Bounds range     [0e+00, 0e+00]
  RHS range        [1e-02, 3e+03]
Presolve removed 1198937 rows and 1339055 columns (presolve time = 5s) ...
Presolve removed 1234990 rows and 1421764 columns
Presolve time: 6.22s
Presolved: 259634 rows, 496288 columns, 1607664 nonzeros

Iteration    Objective       Primal Inf.    Dual Inf.      Time
       0    3.3119610e+34   4.744475e+34   3.311961e+04      7s
Iteration    Objective       Primal Inf.    Dual Inf.      Time
   94145    4.1274280e+20   7.917750e+33   1.284848e+04     10s
  145998    3.1549900e+04   1.517753e+04   0.000000e+00     15s

Solved in 148073 iterations and 17.00 seconds (10.87 work units)
Infeasible or unbounded model

Gurobi 11.0.3 (mac64[x86]) logging started Fri Apr 11 13:19:09 2025

Set parameter LogFile to value "Results/Conservative_experiment/sanity_check_v37_none.log"
Set parameter TimeLimit to value 84600
Set parameter Method to value 2
Set parameter Crossover to value 0
Set parameter BarHomogeneous to value 1
Set parameter BarConvTol to value 1e-10
Gurobi Optimizer version 11.0.3 build v11.0.3rc0 (mac64[x86] - Darwin 23.4.0 23E214)

CPU model: Intel(R) Core(TM) i7-1060NG7 CPU @ 1.20GHz
Thread count: 4 physical cores, 8 logical processors, using up to 8 threads

Optimize a model with 1494624 rows, 1917920 columns and 7072112 nonzeros
Model fingerprint: 0xdb260fde
Coefficient statistics:
  Matrix range     [2e-01, 1e+00]
  Objective range  [6e-05, 5e+00]
  Bounds range     [0e+00, 0e+00]
  RHS range        [1e-02, 3e+03]
Presolve removed 1206992 rows and 1389312 columns (presolve time = 5s) ...
Presolve removed 1208784 rows and 1389424 columns
Presolve time: 5.65s
Presolved: 285840 rows, 528592 columns, 1883792 nonzeros
Ordering time: 0.56s

Barrier statistics:
 AA' NZ     : 2.724e+05
 Factor NZ  : 5.377e+06 (roughly 80 MB of memory)
 Factor Ops : 3.434e+09 (less than 1 second per iteration)
 Threads    : 4

                  Objective                Residual
Iter       Primal          Dual         Primal    Dual     Compl     Time
   0   8.28640473e+06  1.71373081e+11  1.48e+04 6.16e+03  4.02e+07     7s
   1  -1.53440560e+07  8.65701945e+10  4.15e+03 6.79e+03  1.31e+07     7s
   2  -1.69843751e+07  7.63675771e+09  9.85e+02 6.71e+02  1.73e+06     7s
   3  -1.60155603e+07  1.98839669e+09  6.44e+01 2.99e+01  1.11e+05     7s
   4  -7.53909636e+06  2.72395628e+08  6.09e+00 3.93e+00  8.46e+03     8s
   5  -4.52763839e+06  2.92966343e+07  7.66e-01 3.97e-01  7.73e+02     8s
   6  -2.68192932e+06  2.46894803e+06  3.09e-01 4.78e-02  1.05e+02     8s
   7  -2.53995525e+07 -6.74347881e+06  4.48e-01 2.40e-03  6.53e+02     8s
   8* -1.20385624e+09 -2.02588476e+08  2.35e-01 6.43e-04  6.78e-01     9s
   9* -1.20686596e+09 -2.09024691e+08  2.35e-01 6.45e-04  6.81e-01     9s
  10* -1.16441212e+09 -2.26413946e+08  2.22e-01 5.39e-04  6.45e-01     9s
  11* -8.77920446e+08 -3.42336558e+08  1.29e-01 1.26e-04  3.78e-01     9s
  12* -8.41633982e+08 -3.86718127e+08  1.07e-01 9.72e-05  2.84e-01     9s
  13* -8.41157223e+08 -3.95784215e+08  1.04e-01 9.35e-05  2.74e-01     9s
  14* -8.41786375e+08 -3.96176847e+08  1.04e-01 9.34e-05  2.74e-01    10s
  15* -8.41862293e+08 -3.99803375e+08  1.07e-01 7.57e-05  2.68e-01    10s
  16* -8.41996209e+08 -4.00184183e+08  1.07e-01 7.56e-05  2.67e-01    10s
  17* -8.35568127e+08 -4.73256870e+08  8.73e-02 5.55e-05  2.11e-01    10s
  18* -8.37571461e+08 -4.75953471e+08  8.72e-02 5.49e-05  2.08e-01    11s
  19* -8.37588246e+08 -4.76710935e+08  8.74e-02 5.48e-05  2.08e-01    11s
  20* -8.38119992e+08 -4.76760827e+08  8.82e-02 5.47e-05  2.08e-01    11s
  21* -8.38008330e+08 -4.76595632e+08  8.84e-02 5.47e-05  2.08e-01    11s
  22* -8.50060375e+08 -4.92805339e+08  8.21e-02 5.05e-05  1.87e-01    11s
  23* -8.50189163e+08 -4.92934595e+08  8.27e-02 5.05e-05  1.87e-01    12s
  24* -8.49930021e+08 -4.92644119e+08  8.31e-02 5.04e-05  1.87e-01    12s
  25* -8.49975820e+08 -4.92702864e+08  8.33e-02 5.04e-05  1.87e-01    12s
  26* -8.52228744e+08 -5.01379950e+08  8.28e-02 4.94e-05  1.84e-01    12s
  27* -8.58819683e+08 -5.15763018e+08  8.05e-02 4.75e-05  1.78e-01    12s
  28* -8.59046130e+08 -5.16112114e+08  8.04e-02 4.75e-05  1.78e-01    13s
  29* -8.58937790e+08 -5.16104140e+08  8.55e-02 4.75e-05  1.78e-01    13s
  30* -8.59008087e+08 -5.16643994e+08  8.56e-02 4.74e-05  1.78e-01    13s
  31* -8.76396040e+08 -5.62524008e+08  9.12e-02 4.25e-05  1.64e-01    13s
  32* -8.84379370e+08 -5.65159284e+08  9.88e-02 4.16e-05  1.58e-01    13s
  33* -8.84178232e+08 -5.65094838e+08  9.95e-02 4.16e-05  1.58e-01    14s
  34* -8.83886995e+08 -5.64712022e+08  9.97e-02 4.15e-05  1.58e-01    14s
  35* -8.85575894e+08 -5.64873405e+08  1.03e-01 4.15e-05  1.58e-01    14s
  36* -8.85481360e+08 -5.64847139e+08  1.03e-01 4.15e-05  1.58e-01    14s
  37* -8.85229109e+08 -5.64635026e+08  1.03e-01 4.15e-05  1.58e-01    15s
  38* -8.85123341e+08 -5.64475757e+08  1.04e-01 4.15e-05  1.58e-01    15s
  39* -9.56658189e+08 -5.96470609e+08  1.13e-01 3.41e-05  1.17e-01    15s
  40* -9.89346067e+08 -6.47941011e+08  1.04e-01 3.01e-05  1.03e-01    15s
  41* -9.90721106e+08 -6.49770213e+08  1.04e-01 2.99e-05  1.02e-01    16s
  42* -9.90817983e+08 -6.49825312e+08  1.03e-01 2.99e-05  1.02e-01    16s
  43* -1.04007141e+09 -7.19762238e+08  9.75e-02 2.55e-05  8.79e-02    16s
  44* -1.04093007e+09 -7.19868982e+08  1.02e-01 2.55e-05  8.78e-02    16s
  45* -1.04081376e+09 -7.19710351e+08  1.02e-01 2.55e-05  8.78e-02    17s
  46* -1.04292950e+09 -7.21343119e+08  1.01e-01 2.54e-05  8.74e-02    17s
  47* -1.04370881e+09 -7.22266218e+08  1.04e-01 2.54e-05  8.72e-02    17s
  48* -1.04354758e+09 -7.22050963e+08  1.04e-01 2.54e-05  8.72e-02    17s
  49* -1.04334460e+09 -7.21791055e+08  1.04e-01 2.54e-05  8.72e-02    18s
  50* -1.04357485e+09 -7.22071667e+08  1.04e-01 2.53e-05  8.72e-02    18s
  51* -1.06060277e+09 -7.40221010e+08  1.03e-01 2.43e-05  8.34e-02    18s
  52* -1.06045790e+09 -7.40120127e+08  1.03e-01 2.43e-05  8.34e-02    18s
  53* -1.06058586e+09 -7.40619113e+08  1.03e-01 2.43e-05  8.34e-02    19s

Barrier performed 53 iterations in 18.57 seconds (12.97 work units)
Numerical trouble encountered


Gurobi 11.0.3 (mac64[x86]) logging started Fri Apr 11 13:24:15 2025

Set parameter LogFile to value "Results/Conservative_experiment/sanity_check_v37_none.log"
Set parameter TimeLimit to value 84600
Set parameter Method to value 2
Set parameter Crossover to value 0
Set parameter BarHomogeneous to value 1
Set parameter BarConvTol to value 1e-10
Gurobi Optimizer version 11.0.3 build v11.0.3rc0 (mac64[x86] - Darwin 23.4.0 23E214)

CPU model: Intel(R) Core(TM) i7-1060NG7 CPU @ 1.20GHz
Thread count: 4 physical cores, 8 logical processors, using up to 8 threads

Optimize a model with 1494624 rows, 1917920 columns and 7072112 nonzeros
Model fingerprint: 0x82f4cd96
Coefficient statistics:
  Matrix range     [2e-01, 1e+00]
  Objective range  [6e-05, 5e+00]
  Bounds range     [0e+00, 0e+00]
  RHS range        [1e-02, 3e+03]
Presolve removed 1165024 rows and 1237344 columns (presolve time = 5s) ...
Presolve removed 1204784 rows and 1388128 columns
Presolve time: 5.73s

Barrier solved model in 0 iterations and 5.73 seconds (2.66 work units)
Model is infeasible or unbounded

Gurobi 11.0.3 (mac64[x86]) logging started Fri Apr 11 13:27:21 2025

Set parameter LogFile to value "Results/Conservative_experiment/sanity_check_v37_none.log"
Set parameter TimeLimit to value 84600
Set parameter Method to value 2
Set parameter Crossover to value 0
Set parameter BarHomogeneous to value 1
Set parameter BarConvTol to value 1e-10
Gurobi Optimizer version 11.0.3 build v11.0.3rc0 (mac64[x86] - Darwin 23.4.0 23E214)

CPU model: Intel(R) Core(TM) i7-1060NG7 CPU @ 1.20GHz
Thread count: 4 physical cores, 8 logical processors, using up to 8 threads

Optimize a model with 1494624 rows, 1917920 columns and 7072112 nonzeros
Model fingerprint: 0x9b83342d
Coefficient statistics:
  Matrix range     [2e-01, 1e+00]
  Objective range  [6e-05, 5e+00]
  Bounds range     [0e+00, 0e+00]
  RHS range        [1e-02, 3e+03]
Presolve removed 853216 rows and 909440 columns (presolve time = 5s) ...
Presolve removed 1204576 rows and 1387600 columns
Presolve time: 7.98s

Barrier solved model in 0 iterations and 7.98 seconds (2.65 work units)
Model is infeasible or unbounded

Gurobi 11.0.3 (mac64[x86]) logging started Fri Apr 11 13:30:11 2025

Set parameter LogFile to value "Results/Conservative_experiment/sanity_check_v37_none.log"
Set parameter TimeLimit to value 84600
Set parameter Method to value 2
Set parameter Crossover to value 0
Set parameter BarHomogeneous to value 1
Set parameter BarConvTol to value 1e-10
Gurobi Optimizer version 11.0.3 build v11.0.3rc0 (mac64[x86] - Darwin 23.4.0 23E214)

CPU model: Intel(R) Core(TM) i7-1060NG7 CPU @ 1.20GHz
Thread count: 4 physical cores, 8 logical processors, using up to 8 threads

Optimize a model with 1494624 rows, 1917920 columns and 7072112 nonzeros
Model fingerprint: 0x4ae5f444
Coefficient statistics:
  Matrix range     [2e-01, 1e+00]
  Objective range  [6e-05, 5e+00]
  Bounds range     [0e+00, 0e+00]
  RHS range        [1e-02, 3e+03]
Presolve removed 1208368 rows and 1388800 columns (presolve time = 5s) ...
Presolve removed 1208464 rows and 1388800 columns
Presolve time: 5.42s
Presolved: 286160 rows, 529216 columns, 1885616 nonzeros
Ordering time: 0.28s

Barrier statistics:
 AA' NZ     : 1.005e+05
 Factor NZ  : 1.514e+06 (roughly 30 MB of memory)
 Factor Ops : 4.745e+08 (less than 1 second per iteration)
 Threads    : 4

                  Objective                Residual
Iter       Primal          Dual         Primal    Dual     Compl     Time
   0   9.19210324e+06  8.58795028e+10  1.52e+04 6.16e+03  4.11e+07     6s
   1  -1.49921650e+07  4.04135326e+10  4.96e+03 5.74e+03  1.18e+07     6s
   2  -1.67216779e+07  3.77500850e+09  9.64e+02 5.29e+02  1.41e+06     6s
   3  -1.58400889e+07  1.10510778e+09  5.38e+01 2.63e+01  9.88e+04     6s
   4  -1.09492648e+07  5.20680674e+08  1.21e+01 1.18e+01  3.17e+04     6s
   5  -6.52372127e+06  2.61757820e+07  4.52e-01 4.91e-01  1.39e+03     6s
   6  -1.15054095e+06  1.06470103e+06  3.53e-02 5.90e-02  7.71e+01     7s
   7  -4.64938379e+04  2.19165702e+05  2.49e-03 9.95e-03  9.79e+00     7s
   8   9.77800632e+03  7.90741610e+04  6.52e-04 1.89e-03  2.50e+00     7s
   9   2.29291608e+04  4.90397520e+04  2.26e-04 6.56e-04  9.26e-01     7s
  10   2.80455611e+04  4.04108675e+04  7.24e-05 3.15e-04  4.27e-01     7s
  11   3.07147270e+04  3.51223983e+04  1.36e-05 1.00e-04  1.40e-01     7s
  12   3.15360854e+04  3.29882090e+04  3.76e-06 2.22e-06  4.04e-02     7s
  13   3.18480007e+04  3.24884976e+04  1.72e-06 1.29e-12  1.62e-02     7s
  14   3.19781208e+04  3.23621717e+04  1.08e-06 1.31e-12  9.30e-03     7s
  15   3.20963061e+04  3.23305443e+04  5.24e-07 1.28e-12  5.57e-03     7s
  16   3.21527406e+04  3.23180724e+04  2.96e-07 1.24e-12  3.88e-03     7s
  17   3.22027272e+04  3.22557029e+04  1.04e-07 4.72e-12  1.21e-03     7s
  18   3.22284056e+04  3.22431828e+04  2.02e-08 1.05e-06  3.36e-04     7s
  19   3.22335307e+04  3.22359967e+04  1.14e-08 1.29e-10  5.59e-05     7s
  20   3.22338909e+04  3.22352997e+04  2.27e-08 3.25e-10  3.18e-05     7s
  21   3.22346503e+04  3.22351100e+04  5.01e-09 4.73e-10  1.04e-05     7s
  22   3.22347963e+04  3.22349996e+04  1.61e-09 2.09e-10  4.62e-06     7s
  23   3.22348621e+04  3.22349021e+04  1.86e-10 6.03e-10  9.10e-07     7s
  24   3.22348674e+04  3.22348729e+04  8.94e-11 2.61e-08  1.25e-07     7s
  25   3.22348674e+04  3.22348722e+04  1.94e-09 1.33e-08  1.08e-07     8s
  26   3.22348675e+04  3.22348722e+04  2.09e-09 6.65e-09  1.05e-07     8s
  27   3.22348721e+04  3.22348722e+04  1.75e-09 6.55e-12  2.21e-10     8s
  28   3.22348722e+04  3.22348722e+04  3.36e-10 2.32e-11  2.21e-13     8s

Barrier solved model in 28 iterations and 7.76 seconds (4.65 work units)
Optimal objective 3.22348722e+04


Gurobi 11.0.3 (mac64[x86]) logging started Fri Apr 11 13:36:01 2025

Set parameter LogFile to value "Results/Conservative_experiment/sanity_check_v37_none.log"
Set parameter TimeLimit to value 84600
Set parameter Method to value 2
Set parameter Crossover to value 0
Set parameter BarHomogeneous to value 1
Set parameter BarConvTol to value 1e-10
Gurobi Optimizer version 11.0.3 build v11.0.3rc0 (mac64[x86] - Darwin 23.4.0 23E214)

CPU model: Intel(R) Core(TM) i7-1060NG7 CPU @ 1.20GHz
Thread count: 4 physical cores, 8 logical processors, using up to 8 threads

Optimize a model with 1494624 rows, 1917920 columns and 7072112 nonzeros
Model fingerprint: 0x40eefba6
Coefficient statistics:
  Matrix range     [2e-01, 1e+00]
  Objective range  [6e-05, 5e+00]
  Bounds range     [0e+00, 0e+00]
  RHS range        [1e-02, 3e+03]
Presolve removed 1208368 rows and 1388800 columns (presolve time = 5s) ...
Presolve removed 1208464 rows and 1388800 columns
Presolve time: 5.51s
Presolved: 286160 rows, 529216 columns, 1885616 nonzeros
Ordering time: 0.10s

Barrier statistics:
 AA' NZ     : 4.137e+04
 Factor NZ  : 3.947e+05 (roughly 13 MB of memory)
 Factor Ops : 5.603e+07 (less than 1 second per iteration)
 Threads    : 4

                  Objective                Residual
Iter       Primal          Dual         Primal    Dual     Compl     Time
   0   9.11901340e+06  4.31315818e+10  1.51e+04 6.16e+03  4.05e+07     6s
   1  -1.47028067e+07  1.76674442e+10  4.77e+03 4.13e+03  9.12e+06     6s
   2  -1.65300440e+07  1.57288730e+09  8.06e+02 4.70e+02  1.22e+06     6s
   3  -1.56070447e+07  5.23385154e+08  4.13e+01 2.54e+01  8.46e+04     6s
   4  -1.02033769e+07  2.71621915e+08  6.64e+00 1.28e+01  2.95e+04     6s
   5  -6.63456027e+06  1.97755186e+07  3.33e-01 6.73e-01  2.19e+03     6s
   6  -1.10023563e+06  6.67551171e+05  2.98e-02 7.54e-02  1.12e+02     6s
   7  -8.14352947e+04  1.29849586e+05  3.19e-03 8.14e-03  1.34e+01     6s
   8   1.15750511e+04  7.16379016e+04  6.16e-04 3.21e-03  4.12e+00     6s
   9   2.31323507e+04  4.54662709e+04  2.36e-04 8.73e-04  1.48e+00     6s
  10   2.74909413e+04  3.66406278e+04  1.01e-04 2.79e-04  5.61e-01     6s
  11   3.07667554e+04  3.36977305e+04  1.88e-05 3.91e-05  1.61e-01     6s
  12   3.17132335e+04  3.28153175e+04  6.49e-06 3.56e-13  5.38e-02     6s
  13   3.20033637e+04  3.26063302e+04  3.38e-06 4.75e-13  2.80e-02     6s
  14   3.22438751e+04  3.25333283e+04  9.84e-07 5.60e-13  1.30e-02     6s
  15   3.23465077e+04  3.23918245e+04  1.10e-07 1.88e-06  1.95e-03     6s
  16   3.23626336e+04  3.23751404e+04  2.15e-08 6.60e-07  5.36e-04     6s
  17   3.23656515e+04  3.23705488e+04  7.51e-09 4.35e-07  2.10e-04     6s
  18   3.23666609e+04  3.23686258e+04  3.24e-09 3.46e-11  8.40e-05     6s
  19   3.23669419e+04  3.23677304e+04  1.00e-08 1.52e-10  3.36e-05     6s
  20   3.23674059e+04  3.23675235e+04  1.24e-09 1.93e-10  5.02e-06     6s
  21   3.23674713e+04  3.23674723e+04  2.41e-10 8.98e-10  4.10e-08     6s
  22   3.23674719e+04  3.23674719e+04  7.50e-11 1.40e-13  1.65e-12     6s

Barrier solved model in 22 iterations and 6.36 seconds (3.76 work units)
Optimal objective 3.23674719e+04

