
Gurobi 11.0.3 (mac64[x86]) logging started Wed Apr  9 11:26:48 2025

Set parameter LogFile to value "Results/Conservative_experiment/sanity_check_v18.log"
Set parameter TimeLimit to value 84600
Set parameter Method to value 2
Set parameter Crossover to value 0
Set parameter BarConvTol to value 1e-10
Gurobi Optimizer version 11.0.3 build v11.0.3rc0 (mac64[x86] - Darwin 23.4.0 23E214)

CPU model: Intel(R) Core(TM) i7-1060NG7 CPU @ 1.20GHz
Thread count: 4 physical cores, 8 logical processors, using up to 8 threads

Optimize a model with 3282976 rows, 3705248 columns and 14142128 nonzeros
Model fingerprint: 0xe366d56f
Coefficient statistics:
  Matrix range     [2e-01, 3e+00]
  Objective range  [6e-05, 5e+00]
  Bounds range     [0e+00, 0e+00]
  RHS range        [1e-02, 1e+03]
Presolve removed 1933088 rows and 2656144 columns (presolve time = 6s) ...
Presolve removed 2508680 rows and 3231759 columns (presolve time = 10s) ...
Presolve removed 3080433 rows and 3362254 columns
Presolve time: 13.37s
Presolved: 202543 rows, 342994 columns, 1431292 nonzeros
Ordering time: 0.01s

Barrier statistics:
 AA' NZ     : 8.004e+03
 Factor NZ  : 1.786e+04 (roughly 1 MB of memory)
 Factor Ops : 6.245e+05 (less than 1 second per iteration)
 Threads    : 1

                  Objective                Residual
Iter       Primal          Dual         Primal    Dual     Compl     Time
   0   4.16753747e+05  4.13269946e+05  6.82e+02 6.99e+01  1.35e+04    14s
   1   4.91187106e+04  6.17011780e+05  1.61e+02 1.41e+01  2.87e+03    14s
   2   1.01424243e+04  3.00735202e+05  3.31e+01 7.14e-01  6.44e+02    14s
   3   1.53051134e+04  1.28114940e+05  8.09e+00 5.42e-02  1.86e+02    14s
   4   1.69347205e+04  9.01921659e+04  4.11e+00 2.24e-02  1.02e+02    14s
   5   1.71619314e+04 -2.76537810e+05  3.69e+00 2.00e-12  6.41e+01    14s
   6   1.72313872e+04 -1.28477807e+09  3.60e+00 8.95e-13  1.48e+03    14s
   7   1.72343059e+04 -3.79324755e+16  3.60e+00 4.00e+00  2.13e+10    14s
   8   1.30026980e+04 -3.79324756e+16  3.68e+00 4.00e+00  2.13e+10    14s
   9   1.94071986e+02 -3.79324756e+16  3.73e+00 2.15e+00  2.13e+10    14s
  10  -4.79690809e+04 -3.79324783e+16  3.71e+00 2.00e+00  2.13e+10    14s
  11   4.16753747e+05  4.13269946e+05  6.82e+02 6.99e+01  1.35e+04    14s
  12   6.03413787e+04  8.39377926e+04  3.08e+01 5.02e+00  1.82e+02    14s
  13   4.26520134e+04  4.41391106e+04  1.45e+01 1.46e+00  6.69e+01    14s
  14   2.90845694e+04  2.95614834e+04  4.19e+00 4.41e-01  1.66e+01    14s
  15   1.46423043e+04  2.16553526e+04  6.12e+00 2.08e-01  4.71e+01    14s
  16   5.32315413e+03 -1.99389144e+05  5.51e+00 2.27e-11  4.54e+02    14s
  17  -3.78758275e+05 -4.78921721e+06  8.00e+00 7.60e-09  7.78e+04    14s
  18* -9.92722589e+07 -5.65747748e+07  2.21e-02 8.13e-03  8.25e-01    14s
  19* -3.34013004e+13 -3.80557549e+13  5.04e-08 1.73e-08  2.07e-06    14s
  20* -2.00555618e+19 -3.46160597e+19  4.01e-13 1.51e-09  1.34e-11    14s

Barrier performed 20 iterations in 13.92 seconds (5.96 work units)
Infeasible model

