
Gurobi 11.0.3 (mac64[x86]) logging started Fri Apr 11 14:22:30 2025

Set parameter LogFile to value "Results/Conservative_experiment/sanity_check_v38_none.log"
Set parameter TimeLimit to value 84600
Set parameter Method to value 2
Set parameter Crossover to value 0
Set parameter BarHomogeneous to value 1
Set parameter BarConvTol to value 1e-10
Gurobi Optimizer version 11.0.3 build v11.0.3rc0 (mac64[x86] - Darwin 23.4.0 23E214)

CPU model: Intel(R) Core(TM) i7-1060NG7 CPU @ 1.20GHz
Thread count: 4 physical cores, 8 logical processors, using up to 8 threads

Optimize a model with 1494624 rows, 1917920 columns and 7072112 nonzeros
Model fingerprint: 0x825eefc9
Coefficient statistics:
  Matrix range     [2e-01, 1e+00]
  Objective range  [6e-05, 5e+00]
  Bounds range     [0e+00, 0e+00]
  RHS range        [1e-02, 3e+03]
Presolve removed 1208464 rows and 1388800 columns
Presolve time: 5.06s
Presolved: 286160 rows, 529216 columns, 1885616 nonzeros
Ordering time: 0.28s

Barrier statistics:
 AA' NZ     : 1.005e+05
 Factor NZ  : 1.479e+06 (roughly 30 MB of memory)
 Factor Ops : 4.585e+08 (less than 1 second per iteration)
 Threads    : 4

                  Objective                Residual
Iter       Primal          Dual         Primal    Dual     Compl     Time
   0   9.19338541e+06  8.58795026e+10  1.52e+04 6.16e+03  4.11e+07     6s
   1  -1.49969405e+07  4.04193944e+10  4.96e+03 5.74e+03  1.18e+07     6s
   2  -1.67316572e+07  3.78299142e+09  9.47e+02 5.30e+02  1.40e+06     6s
   3  -1.58431651e+07  1.09829899e+09  5.50e+01 2.62e+01  9.93e+04     6s
   4  -1.05334396e+07  5.22512317e+08  6.71e+00 1.18e+01  2.92e+04     6s
   5  -7.21091184e+06  3.07205666e+07  2.91e-01 6.99e-01  1.62e+03     6s
   6  -1.50664899e+06  1.09781693e+06  2.32e-02 5.95e-02  8.73e+01     6s
   7  -5.28519958e+05  3.25452922e+05  8.50e-03 1.33e-02  2.59e+01     6s
   8  -4.13309933e+04  1.07086216e+05  1.17e-03 2.56e-03  4.73e+00     6s
   9   1.85899544e+04  6.28430908e+04  2.00e-04 8.91e-04  1.47e+00     6s
  10   2.75627503e+04  3.72217766e+04  4.30e-05 2.34e-05  2.95e-01     6s
  11   3.08907950e+04  3.36042319e+04  6.04e-06 6.38e-13  7.56e-02     6s
  12   3.15981025e+04  3.28831099e+04  2.39e-06 4.16e-13  3.34e-02     6s
  13   3.17695509e+04  3.25788579e+04  1.72e-06 1.26e-12  2.01e-02     6s
  14   3.19526355e+04  3.24949035e+04  1.02e-06 7.52e-13  1.31e-02     6s
  15   3.21285177e+04  3.24302077e+04  3.52e-07 5.03e-13  7.11e-03     7s
  16   3.22067745e+04  3.22935763e+04  1.04e-07 2.74e-12  1.99e-03     7s
  17   3.22361656e+04  3.22623795e+04  1.84e-08 6.81e-12  5.96e-04     7s
  18   3.22432918e+04  3.22490218e+04  4.01e-09 6.82e-11  1.30e-04     7s
  19   3.22442458e+04  3.22469840e+04  8.33e-09 2.89e-11  6.21e-05     7s
  20   3.22443286e+04  3.22463734e+04  7.30e-09 2.00e-11  4.64e-05     7s
  21   3.22444534e+04  3.22456268e+04  9.20e-09 7.81e-10  2.66e-05     7s
  22   3.22446529e+04  3.22453051e+04  4.57e-09 6.31e-10  1.48e-05     7s
  23   3.22447741e+04  3.22450375e+04  1.68e-09 1.50e-09  5.97e-06     7s
  24   3.22448276e+04  3.22449144e+04  1.43e-09 7.97e-10  1.97e-06     7s
  25   3.22448489e+04  3.22448655e+04  7.02e-10 6.98e-09  3.76e-07     7s
  26   3.22448525e+04  3.22448532e+04  6.81e-09 5.54e-08  1.61e-08     7s
  27   3.22448527e+04  3.22448531e+04  5.11e-09 2.07e-09  8.60e-09     7s
  28   3.22448531e+04  3.22448531e+04  4.55e-09 6.82e-12  1.87e-11     7s

Barrier solved model in 28 iterations and 7.24 seconds (4.63 work units)
Optimal objective 3.22448531e+04

