
Gurobi 11.0.3 (mac64[x86]) logging started Tue Apr  8 20:13:39 2025

Set parameter LogFile to value "Results/Conservative_experiment/sanity_check_v8.log"
Set parameter TimeLimit to value 84600
Set parameter Method to value 2
Set parameter Crossover to value 0
Set parameter BarConvTol to value 1e-10
Gurobi Optimizer version 11.0.3 build v11.0.3rc0 (mac64[x86] - Darwin 23.4.0 23E214)

CPU model: Intel(R) Core(TM) i7-1060NG7 CPU @ 1.20GHz
Thread count: 4 physical cores, 8 logical processors, using up to 8 threads

Optimize a model with 3282720 rows, 3705248 columns and 14996144 nonzeros
Model fingerprint: 0xaab59ef3
Coefficient statistics:
  Matrix range     [2e-01, 3e+00]
  Objective range  [6e-05, 5e+00]
  Bounds range     [0e+00, 0e+00]
  RHS range        [4e+00, 1e+03]
Presolve removed 1322528 rows and 1370000 columns (presolve time = 6s) ...
Presolve removed 1534112 rows and 1581584 columns (presolve time = 10s) ...
Presolve removed 2138646 rows and 2239726 columns
Presolve time: 14.45s
Presolved: 1144074 rows, 1465522 columns, 5615048 nonzeros
Ordering time: 2.57s

Barrier statistics:
 AA' NZ     : 2.827e+06
 Factor NZ  : 2.248e+07 (roughly 300 MB of memory)
 Factor Ops : 1.593e+10 (less than 1 second per iteration)
 Threads    : 4

                  Objective                Residual
Iter       Primal          Dual         Primal    Dual     Compl     Time
   0   3.10863238e+06  7.25404889e+06  4.56e+04 3.04e+00  1.12e+04    20s
   1   1.25694874e+06  6.80308851e+06  3.97e+04 9.34e+00  8.83e+03    21s
   2  -8.88530783e+06  6.72167973e+06  1.86e+04 7.95e+00  5.50e+03    22s
   3  -1.60193391e+07  5.79417902e+06  6.91e+03 3.28e-01  1.34e+03    22s
   4  -5.87382840e+06  2.72146586e+06  1.17e+03 5.09e-02  2.47e+02    23s
   5  -1.17691916e+06  5.93567438e+05  1.58e+02 1.59e-04  3.72e+01    24s
   6  -4.22561489e+05  4.24954664e+05  5.14e+01 1.42e-13  1.40e+01    25s
   7  -2.03916363e+05  1.98422237e+05  2.09e+01 3.69e-13  6.05e+00    26s
   8  -2.42829194e+04  5.33024025e+04  1.34e+00 5.97e-13  7.16e-01    27s
   9  -2.79823012e+03  1.34446158e+04  1.30e-01 1.85e-13  1.20e-01    28s
  10  -1.35763008e+02  1.74509783e+03  2.26e-02 6.38e-14  1.38e-02    29s
  11   1.94108386e+02  8.88110014e+02  1.05e-02 6.29e-14  5.13e-03    29s
  12   3.07889805e+02  7.05675414e+02  3.37e-03 5.17e-14  2.85e-03    30s
  13   3.19711712e+02  6.54950926e+02  2.64e-03 5.01e-14  2.39e-03    31s
  14   3.43142176e+02  5.29228296e+02  6.62e-04 5.10e-14  1.30e-03    32s
  15   3.55706544e+02  4.83605014e+02  2.45e-04 4.39e-14  8.90e-04    33s
  16   3.61139480e+02  4.35202010e+02  1.48e-04 5.87e-14  5.16e-04    34s
  17   3.60788721e+02  4.17167102e+02  1.41e-04 4.83e-14  3.93e-04    34s
  18   3.61652736e+02  4.07483952e+02  1.18e-04 7.20e-14  3.20e-04    35s
  19   3.66768401e+02  3.77522814e+02  5.86e-06 6.98e-14  7.44e-05    36s
  20   3.67113456e+02  3.75406487e+02  3.92e-06 1.00e-13  5.73e-05    37s
  21   3.67315338e+02  3.74567155e+02  3.20e-06 1.22e-13  5.01e-05    38s
  22   3.67723928e+02  3.72404844e+02  2.25e-06 1.22e-13  3.24e-05    39s
  23   3.67744305e+02  3.72134276e+02  2.20e-06 1.28e-13  3.04e-05    40s
  24   3.67881839e+02  3.71062999e+02  1.77e-06 1.41e-13  2.20e-05    41s
  25   3.67999593e+02  3.70607811e+02  1.18e-06 9.61e-14  1.80e-05    42s
  26   3.68099939e+02  3.70244802e+02  8.61e-07 1.14e-13  1.48e-05    43s
  27   3.68396605e+02  3.70027303e+02  5.14e-07 1.31e-13  1.13e-05    44s
  28   3.68424185e+02  3.69948585e+02  4.91e-07 1.36e-13  1.05e-05    45s
  29   3.68601231e+02  3.69775907e+02  3.67e-07 1.17e-13  8.12e-06    46s
  30   3.68657888e+02  3.69598900e+02  3.27e-07 1.42e-13  6.51e-06    46s
  31   3.68809519e+02  3.69387592e+02  2.26e-07 1.44e-13  4.00e-06    48s
  32   3.68819654e+02  3.69364415e+02  2.18e-07 2.12e-13  3.77e-06    48s
  33   3.68851709e+02  3.69325192e+02  1.91e-07 1.61e-13  3.28e-06    49s
  34   3.68867070e+02  3.69282338e+02  1.78e-07 1.64e-13  2.87e-06    50s
  35   3.68902003e+02  3.69220682e+02  1.37e-07 2.23e-13  2.21e-06    51s
  36   3.68903544e+02  3.69166954e+02  1.30e-07 2.70e-13  1.82e-06    52s
  37   3.68911073e+02  3.69075835e+02  8.69e-08 2.59e-13  1.14e-06    53s
  38   3.68923546e+02  3.69026490e+02  5.41e-08 3.09e-13  7.14e-07    54s
  39   3.68931005e+02  3.68978964e+02  2.56e-08 4.04e-13  3.33e-07    55s
  40   3.68935648e+02  3.68941051e+02  4.50e-09 6.31e-13  3.78e-08    56s
  41   3.68936992e+02  3.68937008e+02  5.15e-10 5.41e-13  1.11e-10    57s
  42   3.68937000e+02  3.68937000e+02  2.62e-11 5.66e-13  6.14e-14    58s

Barrier solved model in 42 iterations and 57.54 seconds (37.51 work units)
Optimal objective 3.68937000e+02

