
Gurobi 11.0.3 (mac64[x86]) logging started Tue Apr  8 20:35:01 2025

Set parameter LogFile to value "Results/Conservative_experiment/sanity_check_v11.log"
Set parameter TimeLimit to value 84600
Set parameter Method to value 2
Set parameter Crossover to value 0
Set parameter BarConvTol to value 1e-10
Gurobi Optimizer version 11.0.3 build v11.0.3rc0 (mac64[x86] - Darwin 23.4.0 23E214)

CPU model: Intel(R) Core(TM) i7-1060NG7 CPU @ 1.20GHz
Thread count: 4 physical cores, 8 logical processors, using up to 8 threads

Optimize a model with 3282720 rows, 3705248 columns and 14996144 nonzeros
Model fingerprint: 0x006c33b3
Coefficient statistics:
  Matrix range     [1e-01, 3e+00]
  Objective range  [6e-05, 5e+00]
  Bounds range     [0e+00, 0e+00]
  RHS range        [4e+00, 1e+03]
Presolve removed 1314208 rows and 1361680 columns (presolve time = 6s) ...
Presolve removed 1534112 rows and 1581584 columns (presolve time = 10s) ...
Presolve removed 2138646 rows and 2239726 columns (presolve time = 15s) ...
Presolve removed 2138646 rows and 2239726 columns
Presolve time: 16.16s
Presolved: 1144074 rows, 1465522 columns, 5615048 nonzeros
Ordering time: 2.66s

Barrier statistics:
 AA' NZ     : 2.827e+06
 Factor NZ  : 2.248e+07 (roughly 300 MB of memory)
 Factor Ops : 1.593e+10 (less than 1 second per iteration)
 Threads    : 4

                  Objective                Residual
Iter       Primal          Dual         Primal    Dual     Compl     Time
   0   2.47584551e+06  9.84940019e+06  6.33e+04 1.68e+00  6.67e+03    22s
   1   1.74069828e+06  9.37402131e+06  5.99e+04 4.04e+00  6.16e+03    23s
   2  -3.13151858e+06  7.86114414e+06  3.88e+04 2.57e+00  3.78e+03    24s
   3  -3.66030427e+07  7.19331582e+06  5.19e+03 1.84e+00  9.29e+02    24s
   4  -1.64363767e+07  2.96913705e+06  8.92e+02 2.91e-01  1.81e+02    25s
   5  -6.64702108e+06  4.93344356e+05  1.53e+02 3.04e-02  3.92e+01    26s
   6  -1.05296812e+06  1.19416546e+05  2.18e+01 3.53e-03  5.99e+00    27s
   7  -7.70950153e+04  3.00428215e+04  1.02e+00 1.42e-13  4.45e-01    28s
   8  -1.62987528e+04  4.93141567e+03  2.09e-01 7.37e-14  8.23e-02    29s
   9  -5.05583640e+02  1.22319525e+03  1.15e-02 8.13e-14  6.31e-03    30s
  10   1.65086807e+02  8.36299162e+02  3.78e-03 9.19e-14  2.42e-03    31s
  11   3.16457229e+02  5.06607786e+02  8.17e-04 1.02e-13  6.71e-04    32s
  12   3.42687491e+02  4.22484667e+02  3.51e-04 9.02e-14  2.81e-04    33s
  13   3.59348533e+02  3.94503321e+02  9.33e-05 9.41e-14  1.23e-04    33s
  14   3.64097420e+02  3.85182394e+02  2.52e-05 1.74e-13  7.31e-05    34s
  15   3.66765022e+02  3.80498163e+02  5.16e-06 1.41e-13  4.74e-05    35s
  16   3.66809113e+02  3.77660204e+02  4.80e-06 1.12e-13  3.75e-05    36s
  17   3.66924848e+02  3.75075146e+02  3.87e-06 2.02e-13  2.82e-05    37s
  18   3.66969963e+02  3.74325331e+02  3.51e-06 1.35e-13  2.54e-05    38s
  19   3.66999957e+02  3.73368449e+02  3.27e-06 1.31e-13  2.20e-05    39s
  20   3.67017955e+02  3.73129512e+02  3.13e-06 1.65e-13  2.11e-05    39s
  21   3.67057416e+02  3.72568964e+02  2.83e-06 1.65e-13  1.91e-05    40s
  22   3.67060438e+02  3.72546077e+02  2.81e-06 1.50e-13  1.90e-05    41s
  23   3.67060673e+02  3.72539891e+02  2.80e-06 1.51e-13  1.89e-05    42s
  24   3.67060876e+02  3.72533810e+02  2.80e-06 1.09e-13  1.89e-05    43s
  25   4.41287584e+06  8.63318352e+08  1.10e+05 3.50e+01  1.00e+06    45s
  26  -4.21283031e+07  1.07532682e+09  2.10e+04 4.70e+02  3.28e+05    46s
  27  -2.04109835e+08  6.93780822e+08  1.87e+03 6.92e+01  4.22e+04    47s
  28  -2.11474759e+08  8.09009188e+07  1.52e+02 2.42e+00  2.98e+03    48s
  29  -5.81802922e+07  8.60846079e+06  1.10e+01 1.21e-02  3.11e+02    50s
  30  -5.22549257e+06  2.78297168e+06  7.40e-01 7.77e-04  3.22e+01    51s
  31  -5.82774350e+05  3.38493288e+05  6.59e-02 6.75e-12  3.36e+00    52s
  32  -2.92066601e+03  2.75206060e+04  1.54e-04 5.74e-12  1.05e-01    53s
  33  -5.68446209e+01  1.43747728e+03  3.05e-05 7.54e-12  5.19e-03    54s
  34   2.07953752e+02  1.02389349e+03  1.68e-05 7.29e-12  2.84e-03    55s
  35   2.78894219e+02  6.82314495e+02  1.12e-05 5.95e-12  1.41e-03    56s
  36   3.00679798e+02  5.87048505e+02  9.03e-06 5.87e-12  1.00e-03    57s
  37   3.38294270e+02  4.82589571e+02  3.76e-06 7.13e-12  5.03e-04    58s
  38   3.42278127e+02  4.54024833e+02  3.22e-06 6.83e-12  3.91e-04    58s
  39   3.44229638e+02  4.36663963e+02  2.96e-06 9.76e-12  3.24e-04    59s
  40   3.52164870e+02  4.10714118e+02  1.86e-06 9.68e-12  2.05e-04    60s
  41   3.54264485e+02  4.00814933e+02  1.57e-06 1.13e-11  1.63e-04    61s
  42   3.59640207e+02  3.88699675e+02  8.62e-07 8.36e-12  1.02e-04    62s
  43   3.61298395e+02  3.84512609e+02  6.64e-07 1.01e-11  8.12e-05    63s
  44   3.62450175e+02  3.78697251e+02  5.34e-07 1.20e-11  5.70e-05    64s
  45   3.65718339e+02  3.71072035e+02  1.88e-07 1.28e-11  1.89e-05    64s
  46   3.67527937e+02  3.69993195e+02  8.78e-09 1.43e-11  8.52e-06    65s
  47   3.67988288e+02  3.69398124e+02  4.69e-09 1.63e-11  4.88e-06    66s
  48   3.68142562e+02  3.69274934e+02  3.41e-09 2.40e-11  3.92e-06    67s
  49   3.68237854e+02  3.69101815e+02  2.74e-09 1.90e-11  2.99e-06    68s
  50   3.68398984e+02  3.69041587e+02  1.90e-09 2.75e-11  2.23e-06    69s
  51   3.68526765e+02  3.68888013e+02  1.22e-09 3.39e-11  1.25e-06    69s
  52   3.68605245e+02  3.68870002e+02  7.60e-10 3.77e-11  9.18e-07    70s
  53   3.68627916e+02  3.68776443e+02  6.31e-10 2.48e-08  5.17e-07    71s
  54   3.68665942e+02  3.68769345e+02  5.80e-10 9.65e-09  3.60e-07    72s
  55   3.68693472e+02  3.68760756e+02  3.36e-10 9.62e-09  2.34e-07    73s
  56   3.68718590e+02  3.68752901e+02  1.39e-10 9.18e-09  1.19e-07    73s
  57   3.68725670e+02  3.68747846e+02  1.48e-08 6.83e-09  7.71e-08    74s
  58   3.68730101e+02  3.68743860e+02  9.24e-09 6.90e-09  4.78e-08    75s
  59   3.68732410e+02  3.68741822e+02  6.44e-09 7.98e-09  3.27e-08    76s
  60   3.68733469e+02  3.68740326e+02  4.84e-09 7.94e-09  2.39e-08    77s
  61   3.68734276e+02  3.68738312e+02  3.64e-09 7.08e-09  1.41e-08    78s
  62   3.68735255e+02  3.68737543e+02  1.72e-09 7.75e-09  7.98e-09    78s
  63   3.68735973e+02  3.68737221e+02  7.41e-10 7.71e-09  4.34e-09    79s
  64   3.68736332e+02  3.68736632e+02  3.01e-10 7.25e-09  1.05e-09    80s
  65   3.68736538e+02  3.68736547e+02  8.88e-11 7.66e-09  2.89e-11    81s
  66   3.68736545e+02  3.68736545e+02  3.08e-09 7.66e-09  2.54e-13    82s

Barrier solved model in 66 iterations and 81.85 seconds (52.24 work units)
Optimal objective 3.68736545e+02

