
Gurobi 11.0.3 (mac64[x86]) logging started Tue Apr  8 20:07:34 2025

Set parameter LogFile to value "Results/Conservative_experiment/sanity_check_v7.log"
Set parameter TimeLimit to value 84600
Set parameter Method to value 2
Set parameter Crossover to value 0
Set parameter BarConvTol to value 1e-10
Gurobi Optimizer version 11.0.3 build v11.0.3rc0 (mac64[x86] - Darwin 23.4.0 23E214)

CPU model: Intel(R) Core(TM) i7-1060NG7 CPU @ 1.20GHz
Thread count: 4 physical cores, 8 logical processors, using up to 8 threads

Optimize a model with 3282720 rows, 3705248 columns and 14996144 nonzeros
Model fingerprint: 0xeca6541e
Coefficient statistics:
  Matrix range     [2e-01, 3e+00]
  Objective range  [6e-05, 5e+00]
  Bounds range     [0e+00, 0e+00]
  RHS range        [4e+00, 1e+03]
Presolve removed 1314208 rows and 1361680 columns (presolve time = 5s) ...
Presolve removed 1534112 rows and 1581584 columns (presolve time = 10s) ...
Presolve removed 2138646 rows and 2239726 columns
Presolve time: 14.66s
Presolved: 1144074 rows, 1465522 columns, 5615048 nonzeros
Ordering time: 2.45s

Barrier statistics:
 AA' NZ     : 2.827e+06
 Factor NZ  : 2.248e+07 (roughly 300 MB of memory)
 Factor Ops : 1.593e+10 (less than 1 second per iteration)
 Threads    : 4

                  Objective                Residual
Iter       Primal          Dual         Primal    Dual     Compl     Time
   0   2.28852196e+06  9.25997190e+06  3.05e+04 3.06e+00  1.27e+04    20s
   1  -2.30420889e+06  8.73721059e+06  2.21e+04 1.16e+01  9.20e+03    21s
   2  -7.91391241e+06  8.67077702e+06  1.65e+04 8.42e+00  6.76e+03    22s
   3  -1.83095733e+07  9.66615807e+06  6.34e+03 8.18e-01  1.88e+03    22s
   4  -1.01323277e+07  4.98758403e+06  1.52e+03 2.85e-02  4.48e+02    23s
   5  -2.22231075e+06  1.48305240e+06  1.95e+02 1.29e-03  7.07e+01    24s
   6  -5.61640286e+05  5.25395542e+05  3.83e+01 6.54e-13  1.62e+01    25s
   7  -2.69899988e+05  3.21441229e+05  1.62e+01 1.25e-12  7.67e+00    26s
   8  -2.87864867e+04  1.18376766e+05  8.46e-01 1.31e-12  1.17e+00    27s
   9  -3.11568549e+03  6.97383959e+03  6.17e-02 3.77e-13  7.36e-02    28s
  10   4.00625655e-02  1.35820464e+03  8.25e-03 1.07e-13  9.86e-03    29s
  11   2.02557260e+02  9.04148873e+02  4.30e-03 9.06e-14  5.09e-03    29s
  12   2.68729720e+02  7.29634329e+02  2.51e-03 9.28e-14  3.32e-03    30s
  13   3.28829735e+02  5.61263626e+02  1.19e-03 7.84e-14  1.67e-03    31s
  14   3.51834048e+02  5.00078348e+02  3.42e-04 7.81e-14  1.04e-03    32s
  15   3.58389951e+02  4.47651861e+02  2.04e-04 9.23e-14  6.28e-04    33s
  16   3.64022070e+02  3.89410744e+02  6.48e-05 1.02e-13  1.79e-04    33s
  17   3.67281469e+02  3.78501708e+02  4.82e-06 7.97e-14  7.77e-05    34s
  18   3.67505234e+02  3.76404005e+02  3.31e-06 1.08e-13  6.16e-05    35s
  19   3.67837643e+02  3.74370980e+02  2.07e-06 1.03e-13  4.52e-05    36s
  20   3.67953553e+02  3.73068852e+02  1.74e-06 1.14e-13  3.54e-05    36s
  21   3.68030488e+02  3.71751224e+02  1.31e-06 1.60e-13  2.58e-05    37s
  22   3.68037982e+02  3.71429875e+02  1.27e-06 1.14e-13  2.35e-05    38s
  23   3.68158418e+02  3.70778312e+02  6.50e-07 1.95e-13  1.81e-05    39s
  24   3.68315203e+02  3.70352437e+02  4.30e-07 1.80e-13  1.41e-05    40s
  25   3.68431182e+02  3.70168152e+02  3.38e-07 1.83e-13  1.20e-05    41s
  26   3.68573972e+02  3.69838757e+02  2.57e-07 1.94e-13  8.76e-06    42s
  27   3.68720686e+02  3.69660757e+02  1.87e-07 1.58e-13  6.51e-06    43s
  28   3.68760903e+02  3.69610390e+02  1.68e-07 2.36e-13  5.88e-06    44s
  29   3.68800287e+02  3.69552857e+02  1.51e-07 2.75e-13  5.21e-06    44s
  30   3.68840997e+02  3.69450101e+02  1.31e-07 1.86e-13  4.22e-06    45s
  31   3.68889406e+02  3.69366374e+02  1.04e-07 2.36e-13  3.30e-06    46s
  32   3.68900566e+02  3.69333283e+02  9.44e-08 1.99e-13  3.00e-06    47s
  33   3.68911894e+02  3.69303138e+02  8.33e-08 3.21e-13  2.71e-06    48s
  34   3.68915720e+02  3.69249989e+02  7.85e-08 2.73e-13  2.32e-06    49s
  35   3.68925506e+02  3.69138152e+02  5.92e-08 1.73e-13  1.48e-06    50s
  36   3.68933445e+02  3.69007915e+02  3.21e-08 4.98e-13  5.17e-07    51s
  37   3.68936457e+02  3.68944075e+02  2.99e-09 1.31e-12  5.30e-08    52s
  38   3.68936997e+02  3.68937007e+02  1.70e-10 1.15e-12  7.12e-11    53s
  39   3.68937000e+02  3.68937000e+02  8.73e-12 1.11e-12  5.47e-14    54s

Barrier solved model in 39 iterations and 53.70 seconds (35.66 work units)
Optimal objective 3.68937000e+02

