
Gurobi 11.0.3 (mac64[x86]) logging started Wed Apr  9 13:43:42 2025

Set parameter LogFile to value "Results/Conservative_experiment/sanity_check_v24_none.log"
Set parameter TimeLimit to value 84600
Set parameter Method to value 2
Set parameter Crossover to value 0
Set parameter BarConvTol to value 1e-10
Gurobi Optimizer version 11.0.3 build v11.0.3rc0 (mac64[x86] - Darwin 23.4.0 23E214)

CPU model: Intel(R) Core(TM) i7-1060NG7 CPU @ 1.20GHz
Thread count: 4 physical cores, 8 logical processors, using up to 8 threads

Optimize a model with 1494624 rows, 1917920 columns and 7072112 nonzeros
Model fingerprint: 0xf17f8ac4
Coefficient statistics:
  Matrix range     [2e-01, 1e+00]
  Objective range  [6e-05, 2e+00]
  Bounds range     [0e+00, 0e+00]
  RHS range        [1e-02, 1e+03]
Presolve removed 1196402 rows and 1383341 columns (presolve time = 5s) ...
Presolve removed 1197122 rows and 1383357 columns
Presolve time: 5.98s
Presolved: 297502 rows, 534627 columns, 1909361 nonzeros
Ordering time: 0.75s

Barrier statistics:
 AA' NZ     : 3.556e+05
 Factor NZ  : 6.005e+06 (roughly 90 MB of memory)
 Factor Ops : 3.714e+09 (less than 1 second per iteration)
 Threads    : 4

                  Objective                Residual
Iter       Primal          Dual         Primal    Dual     Compl     Time
   0   2.89072837e+06  3.85066760e+09  4.14e+03 2.85e+03  4.99e+06     8s
   1  -2.65340941e+06  3.52987653e+09  9.32e+02 3.19e+03  1.60e+06     8s
   2  -3.18468687e+06  1.63525162e+09  1.34e+02 4.51e+01  6.57e+04     8s
   3  -3.23075150e+06  3.86850799e+08  1.19e+01 3.46e+00  9.11e+03     8s
   4  -3.08620012e+06  6.41506761e+07  6.61e-01 1.08e-01  8.66e+02     8s
   5  -9.85625695e+05  5.55695330e+06  1.41e-03 9.88e-03  7.19e+01     9s
   6  -7.33430625e+03  3.76066796e+05  1.93e-05 2.01e-04  4.19e+00     9s
   7   3.60273535e+04  6.87949053e+04  1.67e-07 3.21e-13  3.52e-01     9s
   8   4.37373849e+04  5.30009663e+04  5.47e-09 9.65e-14  9.74e-02     9s
   9   4.52388559e+04  4.72891018e+04  6.95e-10 1.79e-14  2.13e-02    10s
  10   4.58483850e+04  4.64481935e+04  1.29e-10 5.27e-15  6.21e-03    10s
  11   4.60506110e+04  4.62342085e+04  3.68e-11 3.55e-15  1.90e-03    10s
  12   4.60891069e+04  4.61755218e+04  2.50e-11 3.55e-15  8.93e-04    10s
  13   4.61083546e+04  4.61417145e+04  3.90e-11 3.55e-15  3.45e-04    10s
  14   4.61168275e+04  4.61320747e+04  8.94e-11 3.55e-15  1.58e-04    11s
  15   4.61186868e+04  4.61253082e+04  4.86e-11 1.78e-15  6.84e-05    11s
  16   4.61203726e+04  4.61238233e+04  6.31e-11 7.11e-15  3.57e-05    11s
  17   4.61210303e+04  4.61223099e+04  8.67e-11 3.55e-15  1.32e-05    11s
  18   4.61214807e+04  4.61219547e+04  5.71e-11 3.55e-15  4.90e-06    11s
  19   4.61216049e+04  4.61218211e+04  6.95e-11 3.55e-15  2.23e-06    12s
  20   4.61216767e+04  4.61217701e+04  6.99e-11 3.55e-15  9.66e-07    12s
  21   4.61217069e+04  4.61217416e+04  1.45e-10 3.55e-15  3.58e-07    12s
  22   4.61217236e+04  4.61217326e+04  2.56e-10 3.55e-15  9.27e-08    12s
  23   4.61217278e+04  4.61217300e+04  1.15e-08 3.55e-15  2.33e-08    13s
  24   4.61217295e+04  4.61217295e+04  7.98e-09 1.82e-12  9.46e-11    13s
  25   4.61217295e+04  4.61217295e+04  6.57e-10 5.68e-14  5.20e-14    13s

Barrier solved model in 25 iterations and 12.95 seconds (8.01 work units)
Optimal objective 4.61217295e+04

