
Gurobi 10.0.1 (linux64) logging started Fri Mar 21 08:57:37 2025

Set parameter LogFile to value "Results/Conservative_experiment/c1_0.10_c2_0.10.log"
Set parameter TimeLimit to value 7200
Gurobi Optimizer version 10.0.1 build v10.0.1rc0 (linux64)

CPU model: AMD EPYC 9654 96-Core Processor, instruction set [SSE2|AVX|AVX2|AVX512]
Thread count: 192 physical cores, 192 logical processors, using up to 32 threads

Academic license 656792 - for non-commercial use only - registered to b.___@student.vu.nl
Optimize a model with 1503546 rows, 1627952 columns and 5997496 nonzeros
Model fingerprint: 0xf6415a79
Coefficient statistics:
  Matrix range     [1e-01, 1e+00]
  Objective range  [6e-02, 5e+00]
  Bounds range     [0e+00, 0e+00]
  RHS range        [1e-02, 1e+03]
Presolve removed 958973 rows and 882244 columns (presolve time = 5s) ...
Presolve removed 961085 rows and 884356 columns
Presolve time: 5.57s
Presolved: 542461 rows, 743596 columns, 2508821 nonzeros

Concurrent LP optimizer: primal simplex, dual simplex, and barrier
Showing barrier log only...

Ordering time: 1.52s

Barrier statistics:
 AA' NZ     : 1.776e+06
 Factor NZ  : 1.411e+07 (roughly 260 MB of memory)
 Factor Ops : 7.999e+09 (less than 1 second per iteration)
 Threads    : 30

                  Objective                Residual
Iter       Primal          Dual         Primal    Dual     Compl     Time
   0  -1.30779855e+07  1.73984213e+08  9.91e+05 1.57e+02  2.35e+04     9s
   1  -9.71724481e+06  1.24706425e+08  3.56e+05 1.04e+02  7.62e+03     9s
   2  -9.36407057e+06  5.74641257e+07  8.58e+04 1.55e+01  1.83e+03     9s
   3  -9.50313937e+06  1.29832785e+07  2.26e+04 1.20e+00  4.74e+02     9s
   4  -4.96355171e+06  4.49784765e+06  4.87e+03 7.95e-02  1.12e+02     9s
   5  -1.34820202e+06  1.79906570e+06  1.05e+03 9.09e-12  2.66e+01     9s
   6  -4.02082471e+05  6.91399341e+05  2.67e+02 8.19e-12  7.40e+00    10s
   7  -1.18167403e+05  3.84148604e+05  8.08e+01 6.37e-12  2.69e+00    10s
   8  -1.80325477e+04  1.81691031e+05  2.11e+01 3.91e-12  8.76e-01    10s
   9  -6.30006280e+03  7.78412203e+04  5.53e+00 2.33e-12  3.01e-01    10s
  10   4.71245447e+03  5.67296281e+04  2.48e+00 3.63e-12  1.70e-01    10s
  11   6.76793390e+03  3.99818184e+04  1.74e+00 3.08e-12  1.06e-01    11s
  12   8.25963905e+03  3.77737061e+04  1.09e+00 2.57e-12  9.06e-02    11s
  13   8.98693381e+03  2.82004975e+04  8.21e-01 3.09e-12  5.82e-02    11s
  14   1.06178923e+04  2.13212834e+04  2.77e-01 2.33e-12  3.12e-02    11s
  15   1.10961406e+04  1.62241300e+04  1.27e-01 3.20e-12  1.48e-02    11s
  16   1.14154463e+04  1.45864174e+04  4.54e-02 4.46e-12  9.04e-03    11s
  17   1.15055033e+04  1.39522081e+04  2.73e-02 2.84e-12  6.96e-03    12s
  18   1.15558507e+04  1.33426178e+04  1.73e-02 3.87e-12  5.07e-03    12s
  19   1.15983928e+04  1.24721464e+04  1.02e-02 3.66e-12  2.48e-03    12s
  20   1.16334193e+04  1.20206969e+04  6.22e-03 3.75e-12  1.10e-03    12s
  21   1.16398052e+04  1.19888795e+04  5.56e-03 4.74e-12  9.94e-04    12s
  22   1.16409760e+04  1.19439617e+04  5.43e-03 6.82e-12  8.63e-04    12s
  23   1.16536862e+04  1.18662481e+04  4.24e-03 5.58e-12  6.06e-04    13s
  24   1.16692937e+04  1.18079998e+04  2.75e-03 4.99e-12  3.95e-04    13s
  25   1.16801724e+04  1.17813726e+04  2.12e-03 4.57e-12  2.89e-04    13s
  26   1.16820537e+04  1.17748363e+04  2.01e-03 6.04e-12  2.65e-04    13s
  27   1.16866431e+04  1.17708562e+04  1.76e-03 6.46e-12  2.40e-04    13s
  28   1.16932049e+04  1.17592068e+04  1.41e-03 7.76e-12  1.88e-04    14s
  29   1.16962026e+04  1.17545042e+04  1.28e-03 8.56e-12  1.66e-04    14s
  30   1.17048267e+04  1.17474169e+04  8.37e-04 6.73e-12  1.21e-04    14s
  31   1.17104388e+04  1.17401537e+04  5.42e-04 4.82e-12  8.47e-05    14s
  32   1.17136213e+04  1.17346341e+04  3.53e-04 4.79e-12  5.99e-05    14s
  33   1.17149469e+04  1.17319237e+04  2.69e-04 5.17e-12  4.84e-05    15s
  34   1.17173553e+04  1.17281340e+04  1.53e-04 4.62e-12  3.07e-05    15s
  35   1.17186767e+04  1.17235868e+04  9.73e-05 6.51e-12  1.40e-05    15s
  36   1.17198280e+04  1.17223208e+04  5.22e-05 5.07e-12  7.13e-06    15s
  37   1.17207679e+04  1.17217132e+04  1.69e-05 6.42e-12  2.70e-06    15s
  38   1.17210775e+04  1.17214840e+04  6.31e-06 5.25e-12  1.16e-06    16s
  39   1.17212025e+04  1.17213559e+04  2.14e-06 5.52e-12  4.37e-07    16s
  40   1.17212522e+04  1.17213073e+04  5.61e-07 4.99e-12  1.57e-07    16s
  41   1.17212666e+04  1.17212834e+04  1.23e-07 7.39e-12  4.76e-08    16s
  42   1.17212710e+04  1.17212732e+04  1.09e-08 8.87e-12  6.11e-09    16s
  43   1.17212715e+04  1.17212717e+04  3.15e-09 1.28e-11  3.39e-10    16s
  44   1.17212717e+04  1.17212717e+04  2.97e-10 1.76e-11  2.74e-12    16s

Barrier solved model in 44 iterations and 16.49 seconds (12.94 work units)
Optimal objective 1.17212717e+04

Crossover log...

   80889 DPushes remaining with DInf 2.0033095e-01                17s
       0 DPushes remaining with DInf 1.0000000e-02                18s

   53421 PPushes remaining with PInf 0.0000000e+00                18s
       0 PPushes remaining with PInf 0.0000000e+00                18s

  Push phase complete: Pinf 0.0000000e+00, Dinf 1.6923725e+02     18s

Iteration    Objective       Primal Inf.    Dual Inf.      Time
   99588    1.1721272e+04   0.000000e+00   1.692373e+02     18s
  101630    1.1721272e+04   0.000000e+00   6.416311e+01     20s
  104654    1.1721272e+04   0.000000e+00   3.869370e+03     25s
  107462    1.1721272e+04   0.000000e+00   1.430804e+03     30s
  110486    1.1721272e+04   0.000000e+00   3.736313e+02     35s
  113510    1.1721272e+04   0.000000e+00   2.442533e+02     40s
  116966    1.1721272e+04   0.000000e+00   1.623473e+02     45s
  120206    1.1721272e+04   0.000000e+00   3.086344e+01     50s
  123446    1.1721272e+04   0.000000e+00   2.130355e+01     55s
  127118    1.1721272e+04   0.000000e+00   2.028828e+00     60s

Solved with barrier
  133293    1.1721311e+04   0.000000e+00   1.532899e+02     65s
Extra simplex iterations after uncrush: 9648
  137482    1.1721272e+04   0.000000e+00   0.000000e+00     70s

Use crossover to convert LP symmetric solution to basic solution...
Crossover log...

   42553 DPushes remaining with DInf 0.0000000e+00                70s
    6643 DPushes remaining with DInf 0.0000000e+00                75s
       0 DPushes remaining with DInf 0.0000000e+00                77s

    3096 PPushes remaining with PInf 0.0000000e+00                77s
       0 PPushes remaining with PInf 0.0000000e+00                77s

  Push phase complete: Pinf 0.0000000e+00, Dinf 7.4923032e-13     77s

Iteration    Objective       Primal Inf.    Dual Inf.      Time
  186173    1.1721317e+04   0.000000e+00   1.263571e+05     80s
  189509    1.1721356e+04   0.000000e+00   1.426526e+04     86s
  191921    1.1721371e+04   0.000000e+00   3.244463e+04     91s
  194333    1.1721380e+04   0.000000e+00   1.782503e+05     96s
  196142    1.1721386e+04   0.000000e+00   1.860911e+04    101s
  197951    1.1721390e+04   0.000000e+00   8.959948e+03    105s
  199760    1.1721393e+04   0.000000e+00   1.835032e+04    111s
  201569    1.1721395e+04   0.000000e+00   1.101888e+04    117s
  202775    1.1721397e+04   0.000000e+00   1.362554e+04    120s
  204584    1.1721399e+04   0.000000e+00   2.118644e+04    126s
  205790    1.1721400e+04   0.000000e+00   1.848895e+04    130s
  207599    1.1721402e+04   0.000000e+00   5.093170e+04    136s
  208805    1.1721404e+04   0.000000e+00   2.721272e+04    140s
  210614    1.1721406e+04   0.000000e+00   6.597603e+03    147s
  211820    1.1721407e+04   0.000000e+00   3.745908e+05    151s
  213629    1.1721408e+04   0.000000e+00   4.032777e+04    157s
  214835    1.1721409e+04   0.000000e+00   1.823381e+04    162s
  216041    1.1721410e+04   0.000000e+00   1.017362e+04    167s
  217247    1.1721411e+04   0.000000e+00   2.379693e+04    171s
  218453    1.1721411e+04   0.000000e+00   1.523193e+04    176s
  219659    1.1721412e+04   0.000000e+00   1.607272e+04    181s
  220865    1.1721413e+04   0.000000e+00   1.333710e+04    186s
  222071    1.1721413e+04   0.000000e+00   5.661744e+03    192s
  223277    1.1721414e+04   0.000000e+00   3.268129e+04    197s
  223880    1.1721414e+04   0.000000e+00   1.840089e+04    200s
  225086    1.1721415e+04   0.000000e+00   1.977401e+04    205s
  226292    1.1721415e+04   0.000000e+00   6.517458e+03    211s
  227498    1.1721416e+04   0.000000e+00   8.545509e+03    216s
  228704    1.1721416e+04   0.000000e+00   8.772273e+03    221s
  229910    1.1721417e+04   0.000000e+00   2.945393e+03    226s
  231116    1.1721417e+04   0.000000e+00   3.190362e+03    232s
  232322    1.1721418e+04   0.000000e+00   3.833095e+03    237s
  233528    1.1721418e+04   0.000000e+00   1.077154e+04    242s
  234734    1.1721419e+04   0.000000e+00   3.242346e+03    246s
  235940    1.1721419e+04   0.000000e+00   1.587817e+04    251s
  237146    1.1721419e+04   0.000000e+00   1.827196e+03    256s
  238352    1.1721419e+04   0.000000e+00   4.764833e+03    262s
  239558    1.1721420e+04   0.000000e+00   4.653676e+03    267s
  240764    1.1721420e+04   0.000000e+00   9.970387e+03    273s
  241367    1.1721420e+04   0.000000e+00   3.762649e+03    276s
  242573    1.1721420e+04   0.000000e+00   2.731898e+03    281s
  243779    1.1721421e+04   0.000000e+00   8.714265e+03    287s
  244985    1.1721421e+04   0.000000e+00   2.451536e+04    292s
  246191    1.1721421e+04   0.000000e+00   1.992355e+03    298s
  246794    1.1721421e+04   0.000000e+00   3.686462e+03    301s
  248000    1.1721422e+04   0.000000e+00   1.477438e+04    306s
  249206    1.1721422e+04   0.000000e+00   1.167331e+04    311s
  250412    1.1721422e+04   0.000000e+00   2.421989e+03    317s
  251618    1.1721422e+04   0.000000e+00   2.859882e+03    323s
  252221    1.1721422e+04   0.000000e+00   6.312398e+03    325s
  253427    1.1721423e+04   0.000000e+00   1.236586e+03    331s
  254633    1.1721423e+04   0.000000e+00   5.525421e+03    337s
  255839    1.1721423e+04   0.000000e+00   1.377435e+03    342s
  256442    1.1721423e+04   0.000000e+00   1.323946e+03    345s
  257648    1.1721423e+04   0.000000e+00   1.599125e+03    350s
  258854    1.1721423e+04   0.000000e+00   2.027634e+03    356s
  260060    1.1721423e+04   0.000000e+00   5.005550e+03    362s
  261266    1.1721423e+04   0.000000e+00   2.543419e+03    367s
  261869    1.1721423e+04   0.000000e+00   3.368615e+03    371s
  263075    1.1721424e+04   0.000000e+00   1.499947e+03    377s
  264281    1.1721424e+04   0.000000e+00   1.797255e+03    383s
  264884    1.1721424e+04   0.000000e+00   5.616461e+02    386s
  266090    1.1721424e+04   0.000000e+00   1.135745e+03    392s
  266693    1.1721424e+04   0.000000e+00   5.345777e+02    395s
  267899    1.1721424e+04   0.000000e+00   5.134612e+02    401s
  269105    1.1721424e+04   0.000000e+00   7.585169e+02    407s
  269708    1.1721424e+04   0.000000e+00   1.942737e+03    411s
  270914    1.1721424e+04   0.000000e+00   7.319628e+02    417s
  272120    1.1721424e+04   0.000000e+00   1.413702e+03    423s
  272723    1.1721424e+04   0.000000e+00   2.998464e+02    426s
  273929    1.1721424e+04   0.000000e+00   3.062227e+02    432s
  274532    1.1721424e+04   0.000000e+00   7.319810e+02    435s
  275738    1.1721424e+04   0.000000e+00   2.350818e+02    441s
  276944    1.1721424e+04   0.000000e+00   5.169173e+02    447s
  278150    1.1721424e+04   0.000000e+00   6.274885e+02    453s
  278753    1.1721424e+04   0.000000e+00   2.295731e+03    456s
  279959    1.1721424e+04   0.000000e+00   4.422446e+02    462s
  280562    1.1721424e+04   0.000000e+00   3.378989e+03    466s
  281768    1.1721425e+04   0.000000e+00   1.863359e+02    472s
  282974    1.1721425e+04   0.000000e+00   2.163098e+02    478s
  283577    1.1721425e+04   0.000000e+00   9.169061e+01    481s
  284783    1.1721425e+04   0.000000e+00   3.314603e+02    487s
  285989    1.1721425e+04   0.000000e+00   2.069438e+02    493s
  286592    1.1721425e+04   0.000000e+00   1.699980e+02    496s
  287798    1.1721425e+04   0.000000e+00   2.443779e+02    502s
  289004    1.1721425e+04   0.000000e+00   1.383397e+02    508s
  289604    1.1721425e+04   0.000000e+00   9.975102e+01    511s
  290810    1.1721425e+04   0.000000e+00   8.215456e+01    517s
  291413    1.1721425e+04   0.000000e+00   2.260067e+02    520s
  292619    1.1721425e+04   0.000000e+00   5.531544e+01    526s
  293822    1.1721425e+04   0.000000e+00   1.213502e+02    532s
  294425    1.1721425e+04   0.000000e+00   1.558351e+02    535s
  295628    1.1721425e+04   0.000000e+00   3.861136e+01    542s
  296218    1.1721425e+04   0.000000e+00   5.665318e+01    545s
  297381    1.1721425e+04   0.000000e+00   6.270972e+01    551s
  298571    1.1721425e+04   0.000000e+00   6.643005e+01    558s
  299174    1.1721425e+04   0.000000e+00   4.293616e+01    561s
  300380    1.1721425e+04   0.000000e+00   1.161642e+02    567s
  300983    1.1721425e+04   0.000000e+00   1.240493e+02    570s
  302189    1.1721425e+04   0.000000e+00   2.881129e+01    576s
  303395    1.1721425e+04   0.000000e+00   9.884619e+01    582s
  303975    1.1721425e+04   0.000000e+00   2.002877e+01    586s
  305115    1.1721425e+04   0.000000e+00   4.916018e+00    592s
  306295    1.1721425e+04   0.000000e+00   3.619357e+01    598s
  306898    1.1721425e+04   0.000000e+00   2.128407e+01    601s
  308088    1.1721425e+04   0.000000e+00   2.060479e+01    607s
  308658    1.1721425e+04   0.000000e+00   8.449429e+00    610s
  309818    1.1721425e+04   0.000000e+00   4.657207e+00    616s
  310958    1.1721425e+04   0.000000e+00   3.497600e+00    622s
  311508    1.1721425e+04   0.000000e+00   3.015984e+01    625s
  312568    1.1721425e+04   0.000000e+00   2.430917e+00    631s
  313688    1.1721425e+04   0.000000e+00   1.938531e+00    637s
  314198    1.1721425e+04   0.000000e+00   1.118763e+00    640s
  315188    1.1721425e+04   0.000000e+00   4.277679e-01    646s
  316078    1.1721425e+04   0.000000e+00   9.867231e-02    651s
  316998    1.1721425e+04   0.000000e+00   1.932132e-02    656s
  317618    1.1721425e+04   0.000000e+00   5.602374e-02    661s
Extra simplex iterations after uncrush: 134614
  317727    1.1721272e+04   0.000000e+00   0.000000e+00    663s

Solved in 317727 iterations and 662.77 seconds (1252.74 work units)
Optimal objective  1.172127165e+04
