
Gurobi 10.0.1 (linux64) logging started Fri Mar 21 08:57:34 2025

Set parameter LogFile to value "Results/Conservative_experiment/c1_0.30_c2_0.30.log"
Set parameter TimeLimit to value 7200
Gurobi Optimizer version 10.0.1 build v10.0.1rc0 (linux64)

CPU model: AMD EPYC 9654 96-Core Processor, instruction set [SSE2|AVX|AVX2|AVX512]
Thread count: 192 physical cores, 192 logical processors, using up to 32 threads

Academic license 656792 - for non-commercial use only - registered to b.___@student.vu.nl
Optimize a model with 1503546 rows, 1627952 columns and 5997496 nonzeros
Model fingerprint: 0x1361e581
Coefficient statistics:
  Matrix range     [3e-01, 1e+00]
  Objective range  [6e-02, 5e+00]
  Bounds range     [0e+00, 0e+00]
  RHS range        [1e-02, 1e+03]
Presolve removed 961085 rows and 884356 columns (presolve time = 5s) ...
Presolve removed 961085 rows and 884356 columns
Presolve time: 5.23s
Presolved: 542461 rows, 743596 columns, 2508821 nonzeros

Concurrent LP optimizer: primal simplex, dual simplex, and barrier
Showing barrier log only...

Ordering time: 1.51s

Barrier statistics:
 AA' NZ     : 1.776e+06
 Factor NZ  : 1.411e+07 (roughly 260 MB of memory)
 Factor Ops : 7.999e+09 (less than 1 second per iteration)
 Threads    : 30

                  Objective                Residual
Iter       Primal          Dual         Primal    Dual     Compl     Time
   0  -1.24599144e+07  1.75035525e+08  1.82e+06 1.21e+02  3.45e+04     8s
   1  -1.07916606e+07  1.35418655e+08  7.14e+05 9.27e+01  1.19e+04     8s
   2  -1.29535030e+07  8.35755613e+07  1.66e+05 3.18e+01  3.07e+03     9s
   3  -3.22369111e+07  7.68697862e+07  4.90e+04 3.06e+01  1.48e+03     9s
   4  -3.76989224e+07  1.75703114e+07  2.61e+04 5.55e+00  5.31e+02     9s
   5  -2.07492379e+07  5.51577822e+06  9.70e+03 1.11e+00  1.88e+02     9s
   6  -8.99442268e+06  3.93614639e+06  3.25e+03 6.95e-01  7.66e+01     9s
   7  -3.21709888e+06  2.03915244e+06  8.85e+02 2.49e-01  2.53e+01     9s
   8  -6.97652707e+05  7.69600026e+05  1.20e+02 2.67e-02  5.68e+00    10s
   9  -8.00488971e+04  2.66410525e+05  1.49e+01 5.53e-03  1.20e+00    10s
  10  -2.57350885e+04  1.12357712e+05  6.56e+00 5.46e-04  4.54e-01    10s
  11  -1.07870750e+04  8.20377896e+04  3.97e+00 2.10e-12  2.95e-01    10s
  12  -3.05207129e+03  5.52473498e+04  2.48e+00 2.98e-12  1.80e-01    10s
  13   3.67431738e+03  3.91172640e+04  1.20e+00 2.85e-12  1.06e-01    10s
  14   6.16255760e+03  2.74470115e+04  7.91e-01 2.90e-12  6.30e-02    10s
  15   9.21085211e+03  2.14709662e+04  3.09e-01 3.94e-12  3.56e-02    11s
  16   1.02020506e+04  1.63693535e+04  1.72e-01 2.89e-12  1.78e-02    11s
  17   1.03623286e+04  1.49195361e+04  1.52e-01 3.72e-12  1.31e-02    11s
  18   1.08667526e+04  1.37139483e+04  9.19e-02 3.51e-12  8.18e-03    11s
  19   1.11123450e+04  1.32345318e+04  6.43e-02 5.09e-12  6.09e-03    11s
  20   1.13001747e+04  1.27401017e+04  4.31e-02 4.20e-12  4.13e-03    11s
  21   1.14621394e+04  1.24239994e+04  2.49e-02 5.04e-12  2.75e-03    12s
  22   1.15225123e+04  1.21460197e+04  1.87e-02 4.62e-12  1.78e-03    12s
  23   1.15788602e+04  1.20809534e+04  1.29e-02 4.10e-12  1.43e-03    12s
  24   1.15888590e+04  1.20144410e+04  1.19e-02 4.33e-12  1.22e-03    12s
  25   1.16072709e+04  1.19464766e+04  1.01e-02 5.42e-12  9.71e-04    12s
  26   1.16496267e+04  1.18837349e+04  6.38e-03 3.79e-12  6.69e-04    12s
  27   1.16548985e+04  1.18742128e+04  5.97e-03 5.49e-12  6.27e-04    13s
  28   1.16782018e+04  1.18433644e+04  4.12e-03 5.45e-12  4.72e-04    13s
  29   1.16888118e+04  1.18133022e+04  3.34e-03 5.60e-12  3.56e-04    13s
  30   1.16981463e+04  1.17986746e+04  2.68e-03 6.01e-12  2.87e-04    13s
  31   1.17085138e+04  1.17909809e+04  2.05e-03 4.51e-12  2.36e-04    13s
  32   1.17092689e+04  1.17842732e+04  1.98e-03 5.93e-12  2.14e-04    14s
  33   1.17111709e+04  1.17840380e+04  1.86e-03 6.21e-12  2.08e-04    14s
  34   1.17132665e+04  1.17757627e+04  1.64e-03 8.16e-12  1.79e-04    14s
  35   1.17194996e+04  1.17747894e+04  1.15e-03 5.75e-12  1.58e-04    14s
  36   1.17219193e+04  1.17651977e+04  9.43e-04 9.33e-12  1.23e-04    14s
  37   1.17237816e+04  1.17605475e+04  8.36e-04 7.20e-12  1.05e-04    15s
  38   1.17245676e+04  1.17575478e+04  7.92e-04 8.25e-12  9.42e-05    15s
  39   1.17264155e+04  1.17564290e+04  6.86e-04 6.93e-12  8.57e-05    15s
  40   1.17270677e+04  1.17541380e+04  6.59e-04 7.40e-12  7.73e-05    15s
  41   1.17271439e+04  1.17528174e+04  6.47e-04 6.64e-12  7.33e-05    15s
  42   1.17288743e+04  1.17504089e+04  5.45e-04 5.66e-12  6.15e-05    16s
  43   1.17315549e+04  1.17485269e+04  4.22e-04 5.28e-12  4.85e-05    16s
  44   1.17340793e+04  1.17455531e+04  3.18e-04 4.45e-12  3.28e-05    16s
  45   1.17350730e+04  1.17439659e+04  2.43e-04 5.08e-12  2.54e-05    16s
  46   1.17369098e+04  1.17402604e+04  5.71e-05 6.86e-12  9.54e-06    17s
  47   1.17372595e+04  1.17401874e+04  4.03e-05 7.07e-12  8.33e-06    17s
  48   1.17373763e+04  1.17399753e+04  3.45e-05 7.73e-12  7.39e-06    17s
  49   1.17374471e+04  1.17398545e+04  3.13e-05 7.48e-12  6.85e-06    17s
  50   1.17374686e+04  1.17397079e+04  3.04e-05 8.12e-12  6.37e-06    17s
  51   1.17376359e+04  1.17395653e+04  2.17e-05 6.47e-12  5.48e-06    17s
  52   1.17377131e+04  1.17395323e+04  1.97e-05 7.06e-12  5.17e-06    17s
  53   1.17378112e+04  1.17394095e+04  1.84e-05 1.05e-11  4.54e-06    18s
  54   1.17378031e+04  1.17394017e+04  1.58e-05 9.79e-12  4.54e-06    18s
  55   1.17378685e+04  1.17390061e+04  9.80e-06 8.36e-12  3.23e-06    18s
  56   1.17380996e+04  1.17387817e+04  1.28e-06 6.87e-12  1.93e-06    18s
  57   1.17381254e+04  1.17383203e+04  4.10e-07 9.47e-12  5.52e-07    19s
  58   1.17381306e+04  1.17382111e+04  2.85e-07 1.59e-11  2.28e-07    19s
  59   1.17381347e+04  1.17382035e+04  1.84e-07 1.06e-11  1.95e-07    19s
  60   1.17381387e+04  1.17381871e+04  9.70e-08 1.40e-11  1.37e-07    19s
  61   1.17381390e+04  1.17381771e+04  9.01e-08 1.18e-11  1.08e-07    19s
  62   1.17381404e+04  1.17381739e+04  6.41e-08 1.26e-11  9.48e-08    19s
  63   1.17381428e+04  1.17381547e+04  1.18e-08 1.68e-11  3.38e-08    20s
  64   1.17381429e+04  1.17381541e+04  1.48e-08 1.48e-11  3.20e-08    20s
  65   1.17381433e+04  1.17381475e+04  5.85e-09 2.27e-11  1.18e-08    20s
  66   1.17381434e+04  1.17381460e+04  1.60e-08 1.86e-11  7.39e-09    20s
  67   1.17381434e+04  1.17381458e+04  4.47e-08 2.66e-11  6.80e-09    20s
  68   1.17381435e+04  1.17381447e+04  4.01e-08 2.80e-11  3.25e-09    21s
  69   1.17381437e+04  1.17381441e+04  1.27e-08 2.68e-11  1.04e-09    21s
  70   1.17381438e+04  1.17381438e+04  1.18e-09 2.63e-11  1.37e-11    21s

Barrier solved model in 70 iterations and 20.93 seconds (16.98 work units)
Optimal objective 1.17381438e+04

Crossover log...

   34438 DPushes remaining with DInf 0.0000000e+00                21s
       0 DPushes remaining with DInf 0.0000000e+00                21s

  107173 PPushes remaining with PInf 5.5035205e-05                21s
       0 PPushes remaining with PInf 0.0000000e+00                22s

  Push phase complete: Pinf 0.0000000e+00, Dinf 2.0333069e-11     22s


Solved with barrier
Extra simplex iterations after uncrush: 1515
Iteration    Objective       Primal Inf.    Dual Inf.      Time
  141213    1.1738144e+04   0.000000e+00   0.000000e+00     22s

Use crossover to convert LP symmetric solution to basic solution...
Crossover log...

   10008 DPushes remaining with DInf 0.0000000e+00                23s
       0 DPushes remaining with DInf 0.0000000e+00                23s

    6317 PPushes remaining with PInf 0.0000000e+00                23s
       0 PPushes remaining with PInf 0.0000000e+00                23s

  Push phase complete: Pinf 0.0000000e+00, Dinf 6.0523808e-13     23s

Extra simplex iterations after uncrush: 2388
Iteration    Objective       Primal Inf.    Dual Inf.      Time
  159926    1.1738144e+04   0.000000e+00   0.000000e+00     25s

Solved in 159926 iterations and 24.87 seconds (22.78 work units)
Optimal objective  1.173814376e+04
