
Gurobi 10.0.1 (linux64) logging started Fri Mar 21 08:57:36 2025

Set parameter LogFile to value "Results/Conservative_experiment/c1_0.00_c2_0.00.log"
Set parameter TimeLimit to value 7200
Gurobi Optimizer version 10.0.1 build v10.0.1rc0 (linux64)

CPU model: AMD EPYC 9654 96-Core Processor, instruction set [SSE2|AVX|AVX2|AVX512]
Thread count: 192 physical cores, 192 logical processors, using up to 32 threads

Academic license 656792 - for non-commercial use only - registered to b.___@student.vu.nl
Optimize a model with 1503546 rows, 1627952 columns and 5974584 nonzeros
Model fingerprint: 0x0f9964ff
Coefficient statistics:
  Matrix range     [1e+00, 1e+00]
  Objective range  [6e-02, 5e+00]
  Bounds range     [0e+00, 0e+00]
  RHS range        [1e-02, 1e+03]
Presolve removed 1446932 rows and 1547991 columns
Presolve time: 2.53s
Presolved: 56614 rows, 79961 columns, 356516 nonzeros

Concurrent LP optimizer: primal simplex, dual simplex, and barrier
Showing barrier log only...

Ordering time: 0.01s

Barrier statistics:
 AA' NZ     : 5.021e+04
 Factor NZ  : 2.826e+05 (roughly 10 MB of memory)
 Factor Ops : 2.606e+07 (less than 1 second per iteration)
 Threads    : 30

                  Objective                Residual
Iter       Primal          Dual         Primal    Dual     Compl     Time
   0  -1.25663905e+06  7.38881761e+06  1.01e+04 6.52e+00  1.47e+04     3s
   1  -2.62349875e+06  6.29499509e+06  3.59e+03 1.61e+00  3.97e+03     3s
   2  -1.66122103e+06  3.95430459e+06  5.99e+02 4.97e-14  7.39e+02     3s
   3  -5.46352827e+05  1.01531533e+06  1.51e+02 2.01e-13  1.90e+02     3s
   4  -1.42263948e+05  2.94497904e+05  3.06e+01 2.28e-12  4.72e+01     3s
   5  -6.00867947e+04  2.04519020e+05  1.38e+01 2.33e-12  2.38e+01     3s
   6  -1.62643937e+04  8.82866498e+04  4.47e+00 7.33e-12  8.38e+00     3s
   7  -1.26681459e+02  5.79512327e+04  1.24e+00 2.22e-12  3.99e+00     3s
   8   6.00299924e+03  3.06936955e+04  5.03e-01 1.22e-12  1.61e+00     3s
   9   9.32092454e+03  1.89248158e+04  1.72e-01 5.70e-13  6.02e-01     3s
  10   1.10262044e+04  1.60223855e+04  3.07e-02 3.53e-13  2.90e-01     3s

Barrier performed 10 iterations in 2.76 seconds (2.95 work units)
Barrier solve interrupted - model solved by another algorithm


Solved with primal simplex
Extra simplex iterations after uncrush: 196
Iteration    Objective       Primal Inf.    Dual Inf.      Time
    7362    1.1691921e+04   0.000000e+00   0.000000e+00      3s

Use crossover to convert LP symmetric solution to basic solution...
Crossover log...

       0 DPushes remaining with DInf 0.0000000e+00                 3s

     365 PPushes remaining with PInf 0.0000000e+00                 3s
       0 PPushes remaining with PInf 0.0000000e+00                 3s

  Push phase complete: Pinf 0.0000000e+00, Dinf 7.5387752e-12      3s

Iteration    Objective       Primal Inf.    Dual Inf.      Time
   25093    1.1691921e+04   0.000000e+00   2.005309e+05      5s
   33958    1.1692492e+04   0.000000e+00   2.554083e+05     10s
   39461    1.1692661e+04   0.000000e+00   3.832602e+05     16s
   44020    1.1692775e+04   0.000000e+00   8.500755e+05     21s
   49054    1.1692863e+04   0.000000e+00   6.123112e+05     26s
   51466    1.1692911e+04   0.000000e+00   4.226577e+05     31s
   53275    1.1692946e+04   0.000000e+00   4.190745e+05     35s
   55687    1.1693006e+04   0.000000e+00   2.683932e+07     41s
   57496    1.1693054e+04   0.000000e+00   1.195306e+06     45s
   59908    1.1693106e+04   0.000000e+00   7.087851e+05     50s
   62320    1.1693161e+04   0.000000e+00   1.778279e+06     56s
   64129    1.1693195e+04   0.000000e+00   2.090643e+06     61s
   66541    1.1693253e+04   0.000000e+00   6.636228e+05     66s
   68350    1.1693279e+04   0.000000e+00   6.658232e+05     71s
   70159    1.1693301e+04   0.000000e+00   7.276261e+05     76s
   71968    1.1693317e+04   0.000000e+00   1.034771e+06     81s
   73777    1.1693336e+04   0.000000e+00   1.564418e+06     85s
   76189    1.1693361e+04   0.000000e+00   6.478551e+06     91s
   78601    1.1693380e+04   0.000000e+00   7.856101e+05     96s
   80410    1.1693397e+04   0.000000e+00   1.385808e+06    101s
   81616    1.1693412e+04   0.000000e+00   6.174188e+05    105s
   83425    1.1693436e+04   0.000000e+00   9.635099e+05    111s
   85234    1.1693456e+04   0.000000e+00   1.179042e+06    117s
   86440    1.1693470e+04   0.000000e+00   1.243125e+07    121s
   88249    1.1693491e+04   0.000000e+00   1.850890e+06    127s
   89455    1.1693499e+04   0.000000e+00   5.971214e+05    132s
   90661    1.1693521e+04   0.000000e+00   1.397529e+06    137s
   91867    1.1693538e+04   0.000000e+00   1.208040e+06    142s
   93073    1.1693552e+04   0.000000e+00   1.373610e+07    146s
   94279    1.1693566e+04   0.000000e+00   2.751372e+06    150s
   96088    1.1693585e+04   0.000000e+00   1.620233e+06    157s
   97294    1.1693599e+04   0.000000e+00   6.825468e+06    162s
   98500    1.1693610e+04   0.000000e+00   6.502531e+05    168s
   99103    1.1693620e+04   0.000000e+00   3.502554e+06    171s
  100309    1.1693634e+04   0.000000e+00   1.473244e+06    176s
  101515    1.1693646e+04   0.000000e+00   7.924862e+05    181s
  102721    1.1693660e+04   0.000000e+00   5.348011e+05    186s
  103927    1.1693671e+04   0.000000e+00   1.281223e+06    191s
  105133    1.1693686e+04   0.000000e+00   4.578755e+05    197s
  106339    1.1693697e+04   0.000000e+00   8.630353e+05    203s
  106942    1.1693702e+04   0.000000e+00   5.518158e+05    206s
  108148    1.1693712e+04   0.000000e+00   4.271745e+06    212s
  109354    1.1693723e+04   0.000000e+00   3.289544e+07    218s
  109957    1.1693728e+04   0.000000e+00   1.913916e+06    221s
  111163    1.1693741e+04   0.000000e+00   2.938217e+08    227s
  112369    1.1693751e+04   0.000000e+00   9.618679e+05    232s
  112972    1.1693757e+04   0.000000e+00   2.039265e+06    235s
  114178    1.1693770e+04   0.000000e+00   1.021110e+06    241s
  115384    1.1693780e+04   0.000000e+00   1.890085e+06    246s
  116590    1.1693788e+04   0.000000e+00   7.163891e+05    252s
  117193    1.1693791e+04   0.000000e+00   9.213065e+05    255s
  118399    1.1693803e+04   0.000000e+00   8.248714e+05    261s
  119605    1.1693813e+04   0.000000e+00   7.476165e+05    267s
  120208    1.1693816e+04   0.000000e+00   1.434857e+06    270s
  121414    1.1693828e+04   0.000000e+00   4.003481e+08    277s
  122017    1.1693831e+04   0.000000e+00   2.685700e+06    281s
  123223    1.1693842e+04   0.000000e+00   1.448525e+06    289s
  123826    1.1693848e+04   0.000000e+00   1.149162e+06    292s
  124429    1.1693853e+04   0.000000e+00   2.722305e+06    295s
  125635    1.1693865e+04   0.000000e+00   1.696977e+06    302s
  126238    1.1693870e+04   0.000000e+00   5.509209e+05    305s
  127444    1.1693880e+04   0.000000e+00   1.977469e+06    312s
  128047    1.1693884e+04   0.000000e+00   1.002530e+06    315s
  129253    1.1693895e+04   0.000000e+00   8.867481e+05    322s
  129856    1.1693900e+04   0.000000e+00   3.089819e+06    325s
  131062    1.1693908e+04   0.000000e+00   1.355236e+07    332s
  131665    1.1693912e+04   0.000000e+00   1.379358e+06    336s
  132871    1.1693925e+04   0.000000e+00   2.876016e+06    342s
  133474    1.1693931e+04   0.000000e+00   9.220877e+05    345s
  134680    1.1693943e+04   0.000000e+00   8.338040e+05    352s
  135283    1.1693947e+04   0.000000e+00   7.873345e+05    356s
  136489    1.1693955e+04   0.000000e+00   6.745401e+05    363s
  137092    1.1693959e+04   0.000000e+00   3.747785e+06    367s
  137695    1.1693962e+04   0.000000e+00   6.428753e+05    372s
  138298    1.1693966e+04   0.000000e+00   2.367736e+06    376s
  138901    1.1693970e+04   0.000000e+00   1.689539e+06    380s
  140107    1.1693979e+04   0.000000e+00   4.554477e+05    389s
  140710    1.1693983e+04   0.000000e+00   3.700675e+06    393s
  141313    1.1693987e+04   0.000000e+00   1.046058e+06    398s
  141916    1.1693990e+04   0.000000e+00   2.877161e+06    402s
  142519    1.1693995e+04   0.000000e+00   1.161624e+06    406s
  143122    1.1694000e+04   0.000000e+00   1.564782e+06    410s
  143725    1.1694005e+04   0.000000e+00   2.101401e+06    415s
  144931    1.1694013e+04   0.000000e+00   1.916949e+06    424s
  145534    1.1694017e+04   0.000000e+00   6.927399e+05    428s
  146137    1.1694021e+04   0.000000e+00   1.069897e+06    432s
  146717    1.1694025e+04   0.000000e+00   1.319548e+06    437s
  147317    1.1694030e+04   0.000000e+00   9.713090e+05    441s
  147920    1.1694035e+04   0.000000e+00   4.779547e+05    446s
  148510    1.1694038e+04   0.000000e+00   6.651549e+05    450s
  149670    1.1694046e+04   0.000000e+00   8.718663e+05    459s
  150260    1.1694049e+04   0.000000e+00   4.715264e+05    464s
  150830    1.1694054e+04   0.000000e+00   1.571235e+07    469s
  151433    1.1694062e+04   0.000000e+00   6.275392e+05    473s
  151983    1.1694066e+04   0.000000e+00   6.974254e+05    478s
  152586    1.1694069e+04   0.000000e+00   7.038810e+05    482s
  153116    1.1694072e+04   0.000000e+00   3.695050e+06    487s
  153706    1.1694076e+04   0.000000e+00   4.302344e+06    491s
  154309    1.1694082e+04   0.000000e+00   9.163565e+05    496s
  154912    1.1694088e+04   0.000000e+00   9.164807e+06    500s
  156032    1.1694095e+04   0.000000e+00   1.234410e+06    509s
  156635    1.1694099e+04   0.000000e+00   7.028025e+05    514s
  157238    1.1694103e+04   0.000000e+00   8.686564e+07    518s
  157808    1.1694107e+04   0.000000e+00   1.685924e+06    523s
  158411    1.1694112e+04   0.000000e+00   1.263844e+06    527s
  159014    1.1694117e+04   0.000000e+00   1.533814e+06    532s
  159617    1.1694123e+04   0.000000e+00   1.614319e+06    536s
  160220    1.1694127e+04   0.000000e+00   1.153927e+07    540s
  161426    1.1694136e+04   0.000000e+00   2.488195e+06    549s
  162029    1.1694141e+04   0.000000e+00   1.466275e+07    554s
  162632    1.1694146e+04   0.000000e+00   2.817777e+06    558s
  163235    1.1694150e+04   0.000000e+00   2.381915e+06    562s
  163815    1.1694155e+04   0.000000e+00   1.228689e+06    567s
  164418    1.1694160e+04   0.000000e+00   4.043497e+06    571s
  165021    1.1694164e+04   0.000000e+00   7.299890e+06    576s
  165611    1.1694167e+04   0.000000e+00   6.411501e+05    580s
  166754    1.1694175e+04   0.000000e+00   1.710058e+06    589s
  167334    1.1694178e+04   0.000000e+00   5.787933e+05    594s
  167924    1.1694181e+04   0.000000e+00   8.801466e+05    598s
  168514    1.1694184e+04   0.000000e+00   5.002353e+05    603s
  169074    1.1694189e+04   0.000000e+00   1.333998e+06    607s
  169614    1.1694193e+04   0.000000e+00   1.032355e+06    612s
  170217    1.1694197e+04   0.000000e+00   2.529114e+06    617s
  170817    1.1694200e+04   0.000000e+00   9.182104e+05    621s
  171367    1.1694203e+04   0.000000e+00   6.668610e+05    626s
  171867    1.1694205e+04   0.000000e+00   2.861002e+06    630s
  172397    1.1694212e+04   0.000000e+00   8.783792e+05    635s
  173477    1.1694219e+04   0.000000e+00   3.917542e+05    644s
  174017    1.1694221e+04   0.000000e+00   5.953500e+05    649s
  174577    1.1694225e+04   0.000000e+00   7.773376e+05    654s
  175177    1.1694227e+04   0.000000e+00   3.611229e+06    658s
  175707    1.1694230e+04   0.000000e+00   9.559494e+05    663s
  176207    1.1694235e+04   0.000000e+00   6.973594e+05    667s
  176727    1.1694238e+04   0.000000e+00   1.274430e+06    672s
  177237    1.1694241e+04   0.000000e+00   4.657031e+05    676s
  177757    1.1694245e+04   0.000000e+00   1.274278e+06    681s
  178277    1.1694249e+04   0.000000e+00   6.238946e+05    686s
  178777    1.1694254e+04   0.000000e+00   6.803744e+05    690s
  179857    1.1694263e+04   0.000000e+00   2.129181e+06    699s
  180387    1.1694268e+04   0.000000e+00   1.184202e+06    704s
  180957    1.1694271e+04   0.000000e+00   1.177764e+06    709s
  181547    1.1694275e+04   0.000000e+00   1.013838e+06    713s
  182047    1.1694277e+04   0.000000e+00   5.233691e+05    718s
  182557    1.1694280e+04   0.000000e+00   7.521576e+05    722s
  183047    1.1694282e+04   0.000000e+00   4.482427e+05    727s
  183577    1.1694286e+04   0.000000e+00   7.376922e+05    732s
  184127    1.1694290e+04   0.000000e+00   8.655113e+05    736s
  184707    1.1694292e+04   0.000000e+00   5.404354e+05    741s
  185227    1.1694295e+04   0.000000e+00   1.464201e+06    745s
  185727    1.1694297e+04   0.000000e+00   6.527788e+05    750s
  186777    1.1694303e+04   0.000000e+00   4.733772e+05    759s
  187287    1.1694305e+04   0.000000e+00   1.827842e+06    764s
  187767    1.1694308e+04   0.000000e+00   8.275716e+05    769s
  188307    1.1694311e+04   0.000000e+00   1.836943e+06    773s
  188857    1.1694316e+04   0.000000e+00   5.141615e+05    778s
  189417    1.1694319e+04   0.000000e+00   7.132136e+05    783s
  190017    1.1694322e+04   0.000000e+00   7.430540e+05    788s
  190557    1.1694324e+04   0.000000e+00   1.556675e+06    792s
  191077    1.1694327e+04   0.000000e+00   1.789659e+07    797s
  191617    1.1694331e+04   0.000000e+00   1.976742e+06    802s
  192157    1.1694335e+04   0.000000e+00   8.073605e+05    806s
  192677    1.1694338e+04   0.000000e+00   5.768886e+06    811s
  193217    1.1694341e+04   0.000000e+00   8.430965e+05    816s
  193717    1.1694343e+04   0.000000e+00   1.016978e+06    820s
  194677    1.1694348e+04   0.000000e+00   4.969050e+05    829s
  195167    1.1694350e+04   0.000000e+00   7.101001e+05    834s
  195627    1.1694352e+04   0.000000e+00   1.121136e+06    839s
  196097    1.1694354e+04   0.000000e+00   1.044107e+07    843s
  196607    1.1694357e+04   0.000000e+00   7.286358e+05    848s
  197187    1.1694361e+04   0.000000e+00   1.231111e+06    852s
  197747    1.1694363e+04   0.000000e+00   1.146718e+06    857s
  198247    1.1694365e+04   0.000000e+00   1.542078e+06    862s
  198737    1.1694367e+04   0.000000e+00   5.471153e+05    866s
  199217    1.1694370e+04   0.000000e+00   9.835249e+05    871s
  199647    1.1694372e+04   0.000000e+00   5.459689e+05    875s
  200097    1.1694374e+04   0.000000e+00   1.087758e+06    880s
  201177    1.1694380e+04   0.000000e+00   2.074519e+06    889s
  201697    1.1694383e+04   0.000000e+00   7.755295e+05    894s
  202207    1.1694386e+04   0.000000e+00   7.774013e+05    899s
  202727    1.1694389e+04   0.000000e+00   9.344268e+05    903s
  203227    1.1694392e+04   0.000000e+00   1.487648e+06    908s
  203667    1.1694394e+04   0.000000e+00   1.293025e+06    912s
  204117    1.1694396e+04   0.000000e+00   5.177185e+05    917s
  204607    1.1694397e+04   0.000000e+00   1.035752e+06    921s
  205077    1.1694400e+04   0.000000e+00   5.753288e+05    926s
  205557    1.1694401e+04   0.000000e+00   2.282617e+06    931s
  206037    1.1694404e+04   0.000000e+00   1.350060e+06    935s
  206557    1.1694407e+04   0.000000e+00   6.153701e+05    940s
  207527    1.1694412e+04   0.000000e+00   2.532959e+06    949s
  208007    1.1694415e+04   0.000000e+00   7.723097e+05    954s
  208467    1.1694418e+04   0.000000e+00   1.040322e+06    958s
  208977    1.1694423e+04   0.000000e+00   9.767811e+05    963s
  209427    1.1694426e+04   0.000000e+00   1.525318e+06    968s
  209877    1.1694428e+04   0.000000e+00   9.804653e+05    972s
  210337    1.1694430e+04   0.000000e+00   5.808110e+05    977s
  210807    1.1694433e+04   0.000000e+00   1.113160e+06    982s
  211257    1.1694435e+04   0.000000e+00   6.128131e+05    986s
  211677    1.1694436e+04   0.000000e+00   3.606505e+06    991s
  212107    1.1694439e+04   0.000000e+00   8.933670e+06    995s
  213257    1.1694456e+04   0.000000e+00   1.820903e+06   1005s
  213807    1.1694463e+04   0.000000e+00   2.616687e+06   1009s
  214297    1.1694465e+04   0.000000e+00   5.701932e+05   1014s
  214747    1.1694467e+04   0.000000e+00   1.516826e+06   1018s
  215297    1.1694472e+04   0.000000e+00   1.000679e+06   1023s
  215867    1.1694475e+04   0.000000e+00   4.978404e+05   1028s
  216387    1.1694479e+04   0.000000e+00   5.018430e+05   1032s
  216887    1.1694482e+04   0.000000e+00   5.745306e+05   1037s
  217397    1.1694486e+04   0.000000e+00   9.326960e+05   1042s
  217877    1.1694489e+04   0.000000e+00   7.306893e+06   1046s
  218427    1.1694492e+04   0.000000e+00   7.938936e+06   1051s
  218967    1.1694494e+04   0.000000e+00   1.661307e+06   1056s
  219457    1.1694497e+04   0.000000e+00   9.728514e+05   1060s
  220437    1.1694502e+04   0.000000e+00   6.354628e+05   1070s
  220877    1.1694504e+04   0.000000e+00   1.921770e+06   1074s
  221397    1.1694507e+04   0.000000e+00   3.126394e+06   1079s
  221947    1.1694510e+04   0.000000e+00   6.668406e+05   1084s
  222447    1.1694513e+04   0.000000e+00   9.751940e+05   1088s
  222967    1.1694515e+04   0.000000e+00   8.200711e+05   1093s
  223417    1.1694518e+04   0.000000e+00   1.041780e+06   1097s
  223917    1.1694522e+04   0.000000e+00   8.087360e+05   1102s
  224457    1.1694525e+04   0.000000e+00   5.990173e+06   1107s
  224947    1.1694528e+04   0.000000e+00   9.992478e+06   1111s
  225457    1.1694530e+04   0.000000e+00   1.177021e+07   1116s
  225977    1.1694534e+04   0.000000e+00   1.495569e+06   1121s
  226497    1.1694536e+04   0.000000e+00   4.120017e+05   1125s
  227587    1.1694541e+04   0.000000e+00   1.703873e+06   1135s
  228067    1.1694545e+04   0.000000e+00   8.760252e+05   1139s
  228607    1.1694547e+04   0.000000e+00   1.743433e+06   1144s
  229187    1.1694549e+04   0.000000e+00   6.912828e+05   1149s
  229687    1.1694551e+04   0.000000e+00   6.411152e+06   1153s
  230217    1.1694557e+04   0.000000e+00   9.503363e+05   1158s
  230767    1.1694564e+04   0.000000e+00   1.176778e+06   1162s
  231237    1.1694565e+04   0.000000e+00   1.347358e+06   1167s
  231727    1.1694567e+04   0.000000e+00   4.147043e+05   1172s
  232227    1.1694570e+04   0.000000e+00   9.193394e+05   1176s
  232737    1.1694572e+04   0.000000e+00   5.884819e+05   1181s
  233237    1.1694574e+04   0.000000e+00   5.743148e+06   1185s
  233797    1.1694582e+04   0.000000e+00   1.184187e+06   1190s
  234767    1.1694588e+04   0.000000e+00   1.731183e+06   1200s
  235197    1.1694591e+04   0.000000e+00   5.573314e+05   1204s
  235617    1.1694592e+04   0.000000e+00   9.248726e+05   1209s
  236047    1.1694594e+04   0.000000e+00   1.815417e+06   1213s
  236497    1.1694597e+04   0.000000e+00   3.336390e+06   1218s
  236957    1.1694598e+04   0.000000e+00   4.990698e+05   1222s
  237417    1.1694601e+04   0.000000e+00   1.570091e+06   1227s
  237847    1.1694603e+04   0.000000e+00   1.810044e+06   1231s
  238277    1.1694605e+04   0.000000e+00   6.470293e+05   1236s
  238697    1.1694607e+04   0.000000e+00   7.204749e+05   1241s
  239117    1.1694609e+04   0.000000e+00   1.592041e+06   1245s
  239987    1.1694613e+04   0.000000e+00   1.209591e+06   1254s
  240427    1.1694615e+04   0.000000e+00   2.711095e+06   1259s
  240887    1.1694618e+04   0.000000e+00   5.349873e+05   1263s
  241337    1.1694620e+04   0.000000e+00   1.197425e+06   1268s
  241857    1.1694623e+04   0.000000e+00   9.094410e+05   1273s
  242337    1.1694626e+04   0.000000e+00   1.334042e+06   1277s
  242907    1.1694629e+04   0.000000e+00   5.294731e+05   1282s
  243387    1.1694631e+04   0.000000e+00   4.429085e+06   1287s
  243877    1.1694633e+04   0.000000e+00   5.136013e+06   1291s
  244367    1.1694635e+04   0.000000e+00   1.808467e+06   1296s
  244897    1.1694639e+04   0.000000e+00   1.096685e+06   1300s
  245867    1.1694644e+04   0.000000e+00   1.502345e+06   1310s
  246417    1.1694654e+04   0.000000e+00   5.981267e+05   1314s
  246877    1.1694656e+04   0.000000e+00   1.363543e+06   1319s
  247297    1.1694658e+04   0.000000e+00   1.911218e+06   1323s
  247717    1.1694660e+04   0.000000e+00   9.747246e+05   1328s
  248177    1.1694664e+04   0.000000e+00   1.721379e+06   1332s
  248657    1.1694666e+04   0.000000e+00   1.453840e+06   1337s
  249087    1.1694667e+04   0.000000e+00   4.579407e+05   1341s
  249497    1.1694669e+04   0.000000e+00   1.228653e+06   1346s
  249897    1.1694670e+04   0.000000e+00   9.748773e+05   1350s
  250867    1.1694682e+04   0.000000e+00   1.033606e+06   1359s
  251407    1.1694685e+04   0.000000e+00   1.061045e+06   1364s
  251927    1.1694687e+04   0.000000e+00   1.575149e+06   1369s
  252447    1.1694692e+04   0.000000e+00   1.256960e+06   1373s
  252967    1.1694695e+04   0.000000e+00   5.091943e+05   1378s
  253487    1.1694697e+04   0.000000e+00   3.664224e+05   1383s
  253977    1.1694700e+04   0.000000e+00   4.570823e+05   1387s
  254477    1.1694702e+04   0.000000e+00   7.877970e+05   1392s
  255037    1.1694704e+04   0.000000e+00   7.522783e+05   1396s
  255607    1.1694707e+04   0.000000e+00   1.294817e+06   1401s
  256127    1.1694708e+04   0.000000e+00   1.006658e+06   1406s
  256607    1.1694711e+04   0.000000e+00   9.571844e+05   1410s
  257597    1.1694716e+04   0.000000e+00   7.625116e+05   1419s
  258117    1.1694718e+04   0.000000e+00   6.436042e+05   1424s
  258607    1.1694720e+04   0.000000e+00   4.899576e+05   1429s
  259097    1.1694723e+04   0.000000e+00   1.215196e+06   1433s
  259597    1.1694725e+04   0.000000e+00   7.844885e+06   1438s
  260097    1.1694729e+04   0.000000e+00   8.128062e+05   1443s
  260577    1.1694732e+04   0.000000e+00   2.270505e+06   1447s
  261077    1.1694734e+04   0.000000e+00   1.051269e+06   1452s
  261587    1.1694736e+04   0.000000e+00   4.036286e+05   1456s
  262077    1.1694738e+04   0.000000e+00   1.113856e+06   1461s
  262557    1.1694740e+04   0.000000e+00   1.223035e+06   1466s
  263017    1.1694742e+04   0.000000e+00   1.408654e+06   1470s
  263917    1.1694746e+04   0.000000e+00   1.659598e+06   1479s
  264327    1.1694748e+04   0.000000e+00   4.943766e+05   1484s
  264757    1.1694751e+04   0.000000e+00   1.043104e+06   1488s
  265197    1.1694754e+04   0.000000e+00   1.454894e+06   1493s
  265597    1.1694755e+04   0.000000e+00   1.181220e+06   1497s
  265997    1.1694757e+04   0.000000e+00   9.875109e+05   1502s
  266407    1.1694759e+04   0.000000e+00   6.431017e+05   1506s
  266837    1.1694760e+04   0.000000e+00   8.356790e+05   1511s
  267247    1.1694761e+04   0.000000e+00   6.623545e+05   1516s
  267687    1.1694763e+04   0.000000e+00   1.004633e+06   1520s
  268517    1.1694766e+04   0.000000e+00   5.178099e+05   1529s
  268907    1.1694767e+04   0.000000e+00   1.027857e+06   1534s
  269317    1.1694769e+04   0.000000e+00   2.256476e+06   1538s
  269737    1.1694771e+04   0.000000e+00   5.236159e+05   1543s
  270167    1.1694773e+04   0.000000e+00   2.037952e+07   1547s
  270627    1.1694779e+04   0.000000e+00   1.327753e+06   1552s
  271047    1.1694781e+04   0.000000e+00   5.496795e+05   1556s
  271497    1.1694784e+04   0.000000e+00   2.492897e+06   1561s
  271927    1.1694786e+04   0.000000e+00   4.411959e+05   1566s
  272347    1.1694789e+04   0.000000e+00   6.226197e+05   1570s
  273217    1.1694793e+04   0.000000e+00   1.092311e+06   1579s
  273727    1.1694795e+04   0.000000e+00   5.576040e+05   1584s
  274197    1.1694797e+04   0.000000e+00   8.669240e+06   1588s
  274647    1.1694798e+04   0.000000e+00   6.941743e+06   1593s
  275157    1.1694800e+04   0.000000e+00   8.123348e+05   1598s
  275637    1.1694802e+04   0.000000e+00   4.758025e+06   1602s
  276097    1.1694804e+04   0.000000e+00   9.443712e+05   1607s
  276537    1.1694805e+04   0.000000e+00   5.544551e+05   1611s
  276997    1.1694807e+04   0.000000e+00   7.218883e+05   1616s
  277407    1.1694809e+04   0.000000e+00   2.514666e+06   1620s
  277807    1.1694810e+04   0.000000e+00   9.076318e+05   1625s
  278707    1.1694813e+04   0.000000e+00   4.328377e+06   1634s
  279187    1.1694815e+04   0.000000e+00   5.963787e+05   1639s
  279647    1.1694817e+04   0.000000e+00   9.241482e+05   1643s
  280147    1.1694819e+04   0.000000e+00   6.456484e+05   1648s
  280617    1.1694820e+04   0.000000e+00   1.475357e+06   1653s
  281047    1.1694821e+04   0.000000e+00   5.719800e+05   1657s
  281477    1.1694823e+04   0.000000e+00   1.417093e+06   1662s
  281867    1.1694825e+04   0.000000e+00   1.480721e+07   1666s
  282277    1.1694826e+04   0.000000e+00   4.928380e+05   1671s
  282697    1.1694828e+04   0.000000e+00   7.014844e+05   1675s
  283557    1.1694831e+04   0.000000e+00   1.430135e+06   1684s
  283967    1.1694833e+04   0.000000e+00   4.952133e+05   1689s
  284417    1.1694834e+04   0.000000e+00   3.547977e+05   1693s
  284837    1.1694836e+04   0.000000e+00   5.223029e+05   1698s
  285317    1.1694838e+04   0.000000e+00   4.507258e+05   1702s
  285797    1.1694839e+04   0.000000e+00   1.023746e+06   1707s
  286227    1.1694841e+04   0.000000e+00   8.143228e+05   1712s
  286627    1.1694842e+04   0.000000e+00   9.029360e+05   1716s
  287147    1.1694843e+04   0.000000e+00   1.933598e+06   1721s
  287587    1.1694845e+04   0.000000e+00   3.301807e+05   1725s
  288467    1.1694848e+04   0.000000e+00   1.002240e+06   1734s
  288937    1.1694850e+04   0.000000e+00   6.679064e+05   1739s
  289387    1.1694851e+04   0.000000e+00   4.776761e+05   1743s
  289867    1.1694854e+04   0.000000e+00   1.578054e+07   1748s
  290287    1.1694856e+04   0.000000e+00   6.050997e+05   1752s
  290707    1.1694857e+04   0.000000e+00   7.181260e+05   1757s
  291157    1.1694859e+04   0.000000e+00   3.079804e+05   1761s
  291607    1.1694861e+04   0.000000e+00   4.189361e+05   1766s
  292047    1.1694863e+04   0.000000e+00   3.995185e+05   1771s
  292467    1.1694866e+04   0.000000e+00   6.151436e+05   1775s
  293277    1.1694868e+04   0.000000e+00   8.196400e+05   1784s
  293717    1.1694873e+04   0.000000e+00   9.555419e+05   1789s
  294167    1.1694879e+04   0.000000e+00   7.542308e+05   1793s
  294587    1.1694882e+04   0.000000e+00   2.290329e+06   1798s
  294977    1.1694883e+04   0.000000e+00   6.213662e+05   1802s
  295427    1.1694885e+04   0.000000e+00   1.016335e+06   1807s
  295837    1.1694887e+04   0.000000e+00   7.610550e+05   1812s
  296267    1.1694888e+04   0.000000e+00   9.437917e+05   1816s
  296727    1.1694889e+04   0.000000e+00   1.604924e+06   1821s
  297177    1.1694891e+04   0.000000e+00   6.259881e+05   1825s
  297637    1.1694892e+04   0.000000e+00   3.866018e+05   1830s
  298567    1.1694896e+04   0.000000e+00   7.736637e+05   1839s
  298977    1.1694897e+04   0.000000e+00   6.491887e+05   1844s
  299377    1.1694899e+04   0.000000e+00   1.403447e+06   1848s
  299767    1.1694900e+04   0.000000e+00   7.314088e+06   1853s
  300157    1.1694902e+04   0.000000e+00   1.438128e+06   1858s
  300577    1.1694903e+04   0.000000e+00   1.107939e+06   1862s
  300957    1.1694905e+04   0.000000e+00   7.274792e+05   1866s
  301327    1.1694906e+04   0.000000e+00   8.071916e+05   1871s
  301797    1.1694907e+04   0.000000e+00   1.510605e+06   1875s
  302227    1.1694909e+04   0.000000e+00   3.787416e+05   1880s
  302857    1.1694912e+04   0.000000e+00   7.513034e+06   1891s
  303147    1.1694915e+04   0.000000e+00   1.422770e+06   1898s
  303437    1.1694917e+04   0.000000e+00   1.893882e+06   1905s
  303687    1.1694918e+04   0.000000e+00   6.979536e+05   1911s
  303917    1.1694919e+04   0.000000e+00   6.594359e+05   1917s
  304147    1.1694920e+04   0.000000e+00   1.120008e+06   1923s
  304437    1.1694922e+04   0.000000e+00   1.710001e+06   1930s
  304767    1.1694925e+04   0.000000e+00   1.997883e+06   1938s
  305307    1.1694937e+04   0.000000e+00   1.359279e+06   1946s
  305647    1.1694940e+04   0.000000e+00   1.803097e+06   1953s
  305987    1.1694942e+04   0.000000e+00   1.323643e+06   1961s
  306257    1.1694945e+04   0.000000e+00   5.683875e+06   1967s
  306507    1.1694946e+04   0.000000e+00   6.575677e+06   1973s
  306747    1.1694947e+04   0.000000e+00   2.895389e+06   1980s
  307047    1.1694949e+04   0.000000e+00   2.790471e+06   1986s
  307307    1.1694950e+04   0.000000e+00   3.369926e+06   1992s
  307547    1.1694951e+04   0.000000e+00   2.262982e+06   1998s
  307797    1.1694952e+04   0.000000e+00   8.515183e+05   2005s
  308037    1.1694953e+04   0.000000e+00   8.332742e+05   2011s
  308277    1.1694954e+04   0.000000e+00   1.825596e+06   2017s
  308517    1.1694955e+04   0.000000e+00   2.242529e+06   2024s
  308757    1.1694957e+04   0.000000e+00   2.291902e+06   2030s
  309007    1.1694958e+04   0.000000e+00   3.917218e+06   2036s
  309247    1.1694959e+04   0.000000e+00   2.235930e+06   2042s
  309507    1.1694960e+04   0.000000e+00   1.561961e+06   2049s
  309787    1.1694963e+04   0.000000e+00   2.571302e+06   2056s
  310077    1.1694965e+04   0.000000e+00   3.611209e+06   2063s
  310377    1.1694967e+04   0.000000e+00   3.119724e+06   2070s
  310677    1.1694969e+04   0.000000e+00   1.145708e+06   2077s
  310907    1.1694971e+04   0.000000e+00   1.616317e+06   2083s
  311187    1.1694980e+04   0.000000e+00   1.626913e+06   2090s
  311487    1.1694982e+04   0.000000e+00   4.727573e+06   2097s
  311787    1.1694984e+04   0.000000e+00   2.415081e+06   2104s
  312097    1.1694986e+04   0.000000e+00   3.790129e+06   2111s
  312377    1.1694988e+04   0.000000e+00   7.489572e+06   2118s
  312607    1.1694989e+04   0.000000e+00   1.320946e+06   2125s
  312857    1.1694990e+04   0.000000e+00   1.045386e+06   2131s
  313167    1.1694995e+04   0.000000e+00   2.123853e+06   2138s
  313457    1.1694997e+04   0.000000e+00   3.319981e+06   2145s
  313907    1.1695005e+04   0.000000e+00   1.510506e+06   2153s
  314257    1.1695007e+04   0.000000e+00   1.343953e+06   2160s
  314487    1.1695008e+04   0.000000e+00   1.036812e+06   2167s
  314737    1.1695009e+04   0.000000e+00   1.378085e+06   2173s
  314997    1.1695011e+04   0.000000e+00   4.050869e+06   2180s
  315257    1.1695012e+04   0.000000e+00   6.439876e+05   2187s
  315547    1.1695013e+04   0.000000e+00   1.354854e+06   2194s
  315857    1.1695014e+04   0.000000e+00   1.032388e+06   2201s
  316167    1.1695015e+04   0.000000e+00   4.654504e+06   2208s
  316447    1.1695017e+04   0.000000e+00   2.445010e+06   2215s
  316697    1.1695018e+04   0.000000e+00   1.039978e+06   2222s
  317057    1.1695021e+04   0.000000e+00   1.377073e+06   2229s
  317437    1.1695024e+04   0.000000e+00   1.210361e+06   2237s
  317667    1.1695026e+04   0.000000e+00   3.144530e+06   2243s
  317897    1.1695027e+04   0.000000e+00   1.228915e+06   2250s
  318137    1.1695029e+04   0.000000e+00   1.341101e+06   2256s
  318367    1.1695030e+04   0.000000e+00   1.375324e+06   2262s
  318607    1.1695031e+04   0.000000e+00   2.563550e+06   2269s
  318837    1.1695032e+04   0.000000e+00   1.577685e+06   2275s
  319067    1.1695033e+04   0.000000e+00   1.907936e+06   2281s
  319307    1.1695033e+04   0.000000e+00   1.048015e+06   2287s
  319537    1.1695034e+04   0.000000e+00   2.441262e+06   2294s
  319767    1.1695035e+04   0.000000e+00   1.136935e+06   2300s
  320007    1.1695036e+04   0.000000e+00   2.234010e+06   2306s
  320247    1.1695038e+04   0.000000e+00   1.171661e+06   2313s
  320487    1.1695038e+04   0.000000e+00   2.696004e+06   2319s
  320737    1.1695040e+04   0.000000e+00   1.394434e+06   2326s
  320967    1.1695041e+04   0.000000e+00   4.517640e+06   2332s
  321197    1.1695042e+04   0.000000e+00   2.142620e+06   2338s
  321427    1.1695043e+04   0.000000e+00   1.173163e+06   2345s
  321687    1.1695046e+04   0.000000e+00   5.485175e+06   2352s
  321977    1.1695048e+04   0.000000e+00   4.244044e+06   2359s
  322247    1.1695049e+04   0.000000e+00   2.253445e+06   2366s
  322467    1.1695051e+04   0.000000e+00   1.432039e+06   2372s
  322717    1.1695052e+04   0.000000e+00   8.334008e+05   2378s
  322947    1.1695053e+04   0.000000e+00   9.240085e+05   2385s
  323187    1.1695055e+04   0.000000e+00   1.174958e+06   2391s
  323427    1.1695057e+04   0.000000e+00   1.842303e+06   2397s
  323687    1.1695058e+04   0.000000e+00   1.811496e+06   2404s
  323987    1.1695059e+04   0.000000e+00   1.348200e+06   2411s
  324257    1.1695061e+04   0.000000e+00   6.561707e+05   2418s
  324497    1.1695061e+04   0.000000e+00   1.205200e+06   2425s
  324757    1.1695064e+04   0.000000e+00   2.978225e+06   2431s
  324997    1.1695065e+04   0.000000e+00   3.481988e+06   2438s
  325237    1.1695066e+04   0.000000e+00   1.041162e+07   2444s
  325467    1.1695067e+04   0.000000e+00   7.822241e+06   2450s
  325697    1.1695069e+04   0.000000e+00   3.287431e+06   2457s
  325987    1.1695071e+04   0.000000e+00   1.665367e+06   2464s
  326297    1.1695076e+04   0.000000e+00   1.288615e+06   2471s
  326577    1.1695077e+04   0.000000e+00   1.183225e+06   2478s
  326857    1.1695078e+04   0.000000e+00   2.666383e+06   2485s
  327087    1.1695080e+04   0.000000e+00   9.136175e+05   2491s
  327317    1.1695081e+04   0.000000e+00   9.218925e+05   2498s
  327557    1.1695081e+04   0.000000e+00   3.652690e+06   2504s
  327777    1.1695083e+04   0.000000e+00   1.432084e+06   2511s
  328027    1.1695086e+04   0.000000e+00   1.490301e+06   2517s
  328287    1.1695087e+04   0.000000e+00   3.380663e+06   2524s
  328547    1.1695088e+04   0.000000e+00   5.157342e+07   2530s
  328797    1.1695089e+04   0.000000e+00   2.956650e+06   2537s
  329027    1.1695091e+04   0.000000e+00   1.740758e+06   2543s
  329267    1.1695092e+04   0.000000e+00   1.713983e+06   2549s
  329507    1.1695092e+04   0.000000e+00   7.772908e+06   2556s
  329737    1.1695093e+04   0.000000e+00   5.291920e+05   2562s
  329967    1.1695094e+04   0.000000e+00   1.215065e+06   2568s
  330257    1.1695095e+04   0.000000e+00   1.525736e+06   2576s
  330527    1.1695096e+04   0.000000e+00   1.257213e+06   2583s
  330767    1.1695097e+04   0.000000e+00   1.546721e+06   2589s
  331027    1.1695099e+04   0.000000e+00   1.954597e+06   2596s
  331287    1.1695099e+04   0.000000e+00   8.130413e+05   2602s
  331557    1.1695100e+04   0.000000e+00   1.614981e+06   2609s
  331787    1.1695102e+04   0.000000e+00   1.476968e+06   2615s
  332017    1.1695102e+04   0.000000e+00   1.619919e+06   2621s
  332257    1.1695104e+04   0.000000e+00   4.783884e+06   2628s
  332507    1.1695105e+04   0.000000e+00   1.791067e+06   2634s
  332777    1.1695106e+04   0.000000e+00   1.558308e+06   2641s
  333047    1.1695107e+04   0.000000e+00   2.360679e+06   2648s
  333277    1.1695107e+04   0.000000e+00   6.498912e+06   2654s
  333517    1.1695108e+04   0.000000e+00   2.328676e+06   2661s
  333747    1.1695109e+04   0.000000e+00   1.359112e+06   2667s
  333977    1.1695110e+04   0.000000e+00   1.625252e+06   2673s
  334287    1.1695121e+04   0.000000e+00   1.649065e+06   2680s
  334817    1.1695142e+04   0.000000e+00   4.939847e+06   2688s
  335097    1.1695143e+04   0.000000e+00   1.362185e+06   2695s
  335447    1.1695148e+04   0.000000e+00   2.767586e+06   2703s
  335737    1.1695152e+04   0.000000e+00   2.138825e+06   2710s
  335957    1.1695155e+04   0.000000e+00   3.585737e+06   2716s
  336177    1.1695157e+04   0.000000e+00   3.586055e+06   2723s
  336427    1.1695158e+04   0.000000e+00   2.128779e+06   2729s
  336707    1.1695164e+04   0.000000e+00   4.765702e+06   2737s
  337187    1.1695192e+04   0.000000e+00   6.748488e+06   2745s
  337707    1.1695204e+04   0.000000e+00   1.526527e+06   2753s
  337917    1.1695206e+04   0.000000e+00   2.682830e+06   2759s
  338137    1.1695208e+04   0.000000e+00   8.810027e+06   2766s
  338357    1.1695210e+04   0.000000e+00   1.020199e+06   2772s
  338577    1.1695211e+04   0.000000e+00   4.344375e+06   2779s
  338827    1.1695213e+04   0.000000e+00   6.670231e+06   2786s
  339117    1.1695217e+04   0.000000e+00   3.528229e+06   2793s
  339397    1.1695219e+04   0.000000e+00   1.914357e+06   2800s
  339667    1.1695220e+04   0.000000e+00   2.093309e+06   2808s
  339927    1.1695222e+04   0.000000e+00   5.784874e+06   2815s
  340137    1.1695224e+04   0.000000e+00   1.849814e+06   2821s
  340347    1.1695226e+04   0.000000e+00   2.106823e+06   2827s
  340557    1.1695227e+04   0.000000e+00   2.424437e+06   2834s
  340777    1.1695228e+04   0.000000e+00   2.514049e+06   2840s
  340987    1.1695230e+04   0.000000e+00   1.132400e+07   2847s
  341207    1.1695231e+04   0.000000e+00   1.689331e+06   2853s
  341427    1.1695232e+04   0.000000e+00   3.650039e+06   2860s
  341637    1.1695234e+04   0.000000e+00   1.491390e+06   2866s
  341887    1.1695238e+04   0.000000e+00   2.913925e+06   2873s
  342217    1.1695244e+04   0.000000e+00   2.024486e+06   2881s
  342517    1.1695251e+04   0.000000e+00   3.358770e+06   2888s
  342797    1.1695253e+04   0.000000e+00   3.141242e+06   2896s
  343077    1.1695255e+04   0.000000e+00   2.165228e+06   2903s
  343287    1.1695257e+04   0.000000e+00   1.910456e+06   2910s
  343527    1.1695258e+04   0.000000e+00   1.871432e+06   2916s
  343787    1.1695260e+04   0.000000e+00   2.601191e+06   2924s
  344107    1.1695267e+04   0.000000e+00   4.117814e+06   2931s
  344517    1.1695280e+04   0.000000e+00   3.406142e+06   2940s
  344897    1.1695287e+04   0.000000e+00   1.199046e+06   2949s
  345237    1.1695289e+04   0.000000e+00   2.026388e+06   2957s
  345487    1.1695290e+04   0.000000e+00   3.115365e+06   2964s
  345697    1.1695291e+04   0.000000e+00   1.008827e+07   2970s
  345917    1.1695292e+04   0.000000e+00   2.513103e+06   2977s
  346137    1.1695294e+04   0.000000e+00   1.663999e+06   2984s
  346357    1.1695295e+04   0.000000e+00   9.445565e+05   2990s
  346587    1.1695297e+04   0.000000e+00   5.027161e+06   2997s
  346817    1.1695299e+04   0.000000e+00   2.910823e+06   3004s
  347067    1.1695301e+04   0.000000e+00   5.800777e+06   3011s
  347307    1.1695303e+04   0.000000e+00   2.175608e+06   3017s
  347567    1.1695304e+04   0.000000e+00   1.059180e+06   3024s
  347827    1.1695307e+04   0.000000e+00   2.088175e+06   3032s
  348097    1.1695309e+04   0.000000e+00   2.561273e+06   3039s
  348307    1.1695311e+04   0.000000e+00   3.934224e+06   3045s
  348637    1.1695320e+04   0.000000e+00   2.018259e+06   3053s
  348997    1.1695322e+04   0.000000e+00   1.159614e+07   3061s
  349277    1.1695324e+04   0.000000e+00   1.833554e+06   3069s
  349507    1.1695324e+04   0.000000e+00   2.578152e+06   3076s
  349727    1.1695325e+04   0.000000e+00   3.097076e+06   3083s
  349937    1.1695327e+04   0.000000e+00   2.123094e+06   3089s
  350157    1.1695328e+04   0.000000e+00   1.887957e+06   3096s
  350387    1.1695330e+04   0.000000e+00   7.635928e+06   3102s
  350697    1.1695333e+04   0.000000e+00   8.696775e+06   3110s
  350947    1.1695335e+04   0.000000e+00   5.079245e+06   3117s
  351237    1.1695338e+04   0.000000e+00   8.026669e+06   3125s
  351577    1.1695349e+04   0.000000e+00   2.425061e+06   3132s
  351827    1.1695351e+04   0.000000e+00   3.776186e+06   3139s
  352067    1.1695352e+04   0.000000e+00   2.209860e+06   3146s
  352287    1.1695353e+04   0.000000e+00   2.455059e+06   3153s
  352527    1.1695354e+04   0.000000e+00   2.933739e+06   3160s
  352747    1.1695355e+04   0.000000e+00   1.886137e+06   3167s
  352957    1.1695356e+04   0.000000e+00   4.821328e+06   3173s
  353167    1.1695357e+04   0.000000e+00   2.442830e+06   3180s
  353427    1.1695358e+04   0.000000e+00   2.918904e+06   3187s
  353647    1.1695359e+04   0.000000e+00   1.705337e+06   3194s
  353867    1.1695360e+04   0.000000e+00   1.092945e+06   3200s
  354077    1.1695362e+04   0.000000e+00   1.403101e+06   3207s
  354287    1.1695363e+04   0.000000e+00   1.461093e+06   3213s
  354497    1.1695364e+04   0.000000e+00   2.762590e+06   3220s
  354807    1.1695367e+04   0.000000e+00   1.829858e+06   3228s
  355037    1.1695369e+04   0.000000e+00   6.224279e+06   3234s
  355247    1.1695370e+04   0.000000e+00   1.876270e+06   3241s
  355467    1.1695372e+04   0.000000e+00   1.292304e+06   3248s
  355687    1.1695373e+04   0.000000e+00   2.376424e+06   3254s
  355917    1.1695374e+04   0.000000e+00   4.038036e+06   3261s
  356187    1.1695377e+04   0.000000e+00   2.048711e+06   3268s
  356447    1.1695378e+04   0.000000e+00   8.163363e+05   3276s
  356677    1.1695378e+04   0.000000e+00   1.420085e+06   3283s
  356907    1.1695379e+04   0.000000e+00   2.955581e+06   3290s
  357147    1.1695380e+04   0.000000e+00   1.411702e+06   3296s
  357397    1.1695381e+04   0.000000e+00   1.466232e+06   3304s
  357627    1.1695381e+04   0.000000e+00   7.982968e+05   3310s
  357847    1.1695382e+04   0.000000e+00   8.947154e+05   3317s
  358087    1.1695383e+04   0.000000e+00   7.507766e+05   3324s
  358307    1.1695384e+04   0.000000e+00   7.226041e+05   3331s
  358517    1.1695384e+04   0.000000e+00   7.850256e+05   3337s
  358737    1.1695385e+04   0.000000e+00   8.986415e+05   3344s
  358957    1.1695386e+04   0.000000e+00   1.895113e+06   3351s
  359177    1.1695387e+04   0.000000e+00   1.614159e+06   3358s
  359387    1.1695388e+04   0.000000e+00   1.257639e+06   3364s
  359607    1.1695389e+04   0.000000e+00   1.440368e+06   3371s
  359847    1.1695391e+04   0.000000e+00   7.166993e+06   3378s
  360147    1.1695394e+04   0.000000e+00   2.313064e+07   3386s
  360357    1.1695395e+04   0.000000e+00   3.516673e+06   3392s
  360577    1.1695397e+04   0.000000e+00   1.424004e+06   3399s
  360847    1.1695401e+04   0.000000e+00   6.293555e+06   3407s
  361197    1.1695405e+04   0.000000e+00   2.177943e+06   3415s
  361457    1.1695408e+04   0.000000e+00   1.968212e+06   3422s
  361737    1.1695409e+04   0.000000e+00   3.827623e+06   3430s
  361957    1.1695410e+04   0.000000e+00   1.716907e+06   3437s
  362177    1.1695411e+04   0.000000e+00   1.761911e+06   3443s
  362417    1.1695413e+04   0.000000e+00   1.529572e+06   3451s
  362647    1.1695415e+04   0.000000e+00   1.003683e+06   3457s
  362907    1.1695417e+04   0.000000e+00   2.633372e+06   3465s
  363187    1.1695420e+04   0.000000e+00   2.680885e+06   3472s
  363437    1.1695422e+04   0.000000e+00   1.815664e+06   3479s
  363647    1.1695424e+04   0.000000e+00   1.041085e+07   3486s
  363867    1.1695425e+04   0.000000e+00   3.070725e+06   3493s
  364077    1.1695426e+04   0.000000e+00   4.057129e+06   3499s
  364357    1.1695433e+04   0.000000e+00   3.463131e+06   3507s
  364627    1.1695434e+04   0.000000e+00   1.045565e+07   3514s
  364927    1.1695439e+04   0.000000e+00   2.984747e+07   3522s
  365207    1.1695442e+04   0.000000e+00   6.960406e+06   3529s
  365417    1.1695443e+04   0.000000e+00   1.896724e+07   3536s
  365687    1.1695449e+04   0.000000e+00   2.929385e+06   3543s
  365957    1.1695450e+04   0.000000e+00   2.397771e+06   3551s
  366217    1.1695451e+04   0.000000e+00   1.900832e+06   3558s
  366477    1.1695453e+04   0.000000e+00   1.125663e+06   3566s
  366747    1.1695454e+04   0.000000e+00   2.436093e+06   3574s
  367027    1.1695456e+04   0.000000e+00   5.103784e+06   3581s
  367277    1.1695458e+04   0.000000e+00   8.862215e+06   3589s
  367487    1.1695460e+04   0.000000e+00   2.696648e+06   3596s
  367707    1.1695461e+04   0.000000e+00   4.354203e+06   3602s
  367927    1.1695462e+04   0.000000e+00   3.649667e+06   3609s
  368147    1.1695463e+04   0.000000e+00   4.233847e+06   3616s
  368367    1.1695464e+04   0.000000e+00   8.694684e+05   3623s
  368587    1.1695464e+04   0.000000e+00   1.793552e+06   3630s
  368797    1.1695465e+04   0.000000e+00   9.342620e+05   3637s
  369017    1.1695466e+04   0.000000e+00   1.283889e+06   3644s
  369237    1.1695467e+04   0.000000e+00   5.620583e+05   3651s
  369457    1.1695468e+04   0.000000e+00   8.135472e+05   3657s
  369677    1.1695468e+04   0.000000e+00   6.109975e+05   3664s
  369897    1.1695469e+04   0.000000e+00   8.422201e+05   3671s
  370117    1.1695470e+04   0.000000e+00   7.890300e+05   3678s
  370337    1.1695471e+04   0.000000e+00   8.301300e+05   3685s
  370557    1.1695471e+04   0.000000e+00   9.568270e+05   3691s
  370767    1.1695472e+04   0.000000e+00   1.873281e+06   3698s
  370987    1.1695474e+04   0.000000e+00   3.727955e+06   3705s
  371207    1.1695475e+04   0.000000e+00   1.858727e+06   3711s
  371427    1.1695477e+04   0.000000e+00   1.565947e+06   3718s
  371657    1.1695478e+04   0.000000e+00   5.743261e+06   3725s
  371917    1.1695481e+04   0.000000e+00   1.842372e+06   3732s
  372147    1.1695482e+04   0.000000e+00   2.166536e+06   3740s
  372377    1.1695483e+04   0.000000e+00   1.687657e+06   3747s
  372617    1.1695484e+04   0.000000e+00   1.716658e+06   3754s
  372837    1.1695486e+04   0.000000e+00   2.162749e+06   3761s
  373057    1.1695487e+04   0.000000e+00   3.803074e+06   3767s
  373267    1.1695488e+04   0.000000e+00   1.126297e+06   3774s
  373477    1.1695489e+04   0.000000e+00   2.215255e+06   3781s
  373697    1.1695490e+04   0.000000e+00   9.974481e+05   3787s
  373917    1.1695491e+04   0.000000e+00   8.746427e+05   3794s
  374137    1.1695492e+04   0.000000e+00   6.201803e+05   3801s
  374357    1.1695493e+04   0.000000e+00   8.964913e+05   3808s
  374577    1.1695494e+04   0.000000e+00   1.034473e+07   3815s
  374797    1.1695495e+04   0.000000e+00   2.211009e+06   3822s
  375017    1.1695496e+04   0.000000e+00   1.153599e+06   3828s
  375237    1.1695497e+04   0.000000e+00   4.658242e+06   3835s
  375467    1.1695499e+04   0.000000e+00   3.132871e+06   3842s
  375707    1.1695500e+04   0.000000e+00   1.920271e+06   3849s
  375927    1.1695501e+04   0.000000e+00   2.070995e+06   3856s
  376147    1.1695502e+04   0.000000e+00   7.937254e+05   3863s
  376357    1.1695502e+04   0.000000e+00   1.511022e+06   3870s
  376567    1.1695503e+04   0.000000e+00   1.772353e+06   3876s
  376777    1.1695504e+04   0.000000e+00   1.059570e+06   3883s
  376987    1.1695505e+04   0.000000e+00   1.247904e+06   3890s
  377207    1.1695506e+04   0.000000e+00   2.717764e+06   3896s
  377417    1.1695507e+04   0.000000e+00   1.034707e+06   3903s
  377627    1.1695508e+04   0.000000e+00   1.394979e+06   3909s
  377837    1.1695508e+04   0.000000e+00   1.380747e+06   3916s
  378047    1.1695509e+04   0.000000e+00   1.130809e+06   3923s
  378267    1.1695511e+04   0.000000e+00   2.704277e+06   3930s
  378487    1.1695512e+04   0.000000e+00   1.863124e+06   3936s
  378767    1.1695518e+04   0.000000e+00   2.802549e+06   3944s
  379027    1.1695519e+04   0.000000e+00   1.980820e+06   3951s
  379247    1.1695521e+04   0.000000e+00   2.953235e+06   3958s
  379507    1.1695522e+04   0.000000e+00   6.728677e+05   3965s
  379787    1.1695524e+04   0.000000e+00   1.248249e+06   3973s
  380077    1.1695525e+04   0.000000e+00   4.757634e+05   3981s
  380307    1.1695526e+04   0.000000e+00   1.339967e+06   3988s
  380577    1.1695528e+04   0.000000e+00   6.914434e+05   3995s
  380797    1.1695529e+04   0.000000e+00   1.181931e+06   4002s
  381007    1.1695531e+04   0.000000e+00   1.837781e+06   4009s
  381227    1.1695532e+04   0.000000e+00   1.226031e+06   4015s
  381457    1.1695534e+04   0.000000e+00   3.489311e+06   4022s
  381677    1.1695535e+04   0.000000e+00   1.804545e+06   4029s
  381897    1.1695536e+04   0.000000e+00   2.851642e+07   4036s
  382157    1.1695537e+04   0.000000e+00   1.173383e+06   4043s
  382417    1.1695539e+04   0.000000e+00   4.044189e+06   4050s
  382667    1.1695540e+04   0.000000e+00   1.514857e+06   4058s
  382907    1.1695541e+04   0.000000e+00   1.595075e+06   4065s
  383157    1.1695542e+04   0.000000e+00   1.178990e+06   4072s
  383397    1.1695544e+04   0.000000e+00   8.889184e+06   4079s
  383617    1.1695545e+04   0.000000e+00   1.150052e+06   4086s
  383907    1.1695546e+04   0.000000e+00   1.282370e+06   4093s
  384147    1.1695548e+04   0.000000e+00   1.796705e+06   4101s
  384367    1.1695549e+04   0.000000e+00   3.178711e+06   4107s
  384597    1.1695550e+04   0.000000e+00   4.947647e+06   4114s
  384817    1.1695551e+04   0.000000e+00   2.699227e+07   4121s
  385057    1.1695553e+04   0.000000e+00   1.965809e+06   4128s
  385277    1.1695554e+04   0.000000e+00   1.396834e+06   4134s
  385497    1.1695555e+04   0.000000e+00   3.696462e+06   4141s
  385717    1.1695556e+04   0.000000e+00   9.352040e+05   4148s
  385937    1.1695556e+04   0.000000e+00   2.448612e+06   4155s
  386157    1.1695557e+04   0.000000e+00   2.207171e+06   4162s
  386387    1.1695558e+04   0.000000e+00   7.472448e+05   4169s
  386607    1.1695559e+04   0.000000e+00   1.185678e+06   4176s
  386827    1.1695560e+04   0.000000e+00   8.796687e+05   4183s
  387047    1.1695560e+04   0.000000e+00   6.766637e+05   4189s
  387307    1.1695561e+04   0.000000e+00   2.072136e+06   4196s
  387527    1.1695562e+04   0.000000e+00   9.421778e+05   4203s
  387747    1.1695563e+04   0.000000e+00   8.319463e+05   4210s
  387977    1.1695564e+04   0.000000e+00   1.419489e+06   4217s
  388187    1.1695565e+04   0.000000e+00   1.291467e+06   4223s
  388397    1.1695566e+04   0.000000e+00   1.629197e+06   4230s
  388607    1.1695567e+04   0.000000e+00   1.345721e+06   4236s
  388817    1.1695568e+04   0.000000e+00   3.495837e+06   4243s
  389037    1.1695569e+04   0.000000e+00   7.427034e+05   4250s
  389267    1.1695571e+04   0.000000e+00   8.390492e+05   4256s
  389477    1.1695572e+04   0.000000e+00   3.135695e+06   4263s
  389707    1.1695574e+04   0.000000e+00   1.222443e+06   4269s
  389917    1.1695574e+04   0.000000e+00   1.325092e+06   4276s
  390137    1.1695575e+04   0.000000e+00   3.896295e+06   4283s
  390387    1.1695576e+04   0.000000e+00   9.979940e+05   4290s
  390607    1.1695577e+04   0.000000e+00   1.932132e+06   4296s
  390827    1.1695577e+04   0.000000e+00   3.032395e+06   4303s
  391047    1.1695578e+04   0.000000e+00   1.611157e+06   4310s
  391257    1.1695579e+04   0.000000e+00   6.554450e+06   4317s
  391477    1.1695580e+04   0.000000e+00   1.492051e+06   4323s
  391697    1.1695581e+04   0.000000e+00   3.821597e+06   4330s
  391917    1.1695582e+04   0.000000e+00   1.381494e+06   4337s
  392147    1.1695583e+04   0.000000e+00   2.169423e+06   4344s
  392367    1.1695584e+04   0.000000e+00   9.077669e+05   4350s
  392577    1.1695585e+04   0.000000e+00   2.244334e+06   4357s
  392787    1.1695586e+04   0.000000e+00   1.823543e+06   4363s
  393007    1.1695587e+04   0.000000e+00   5.996106e+06   4370s
  393227    1.1695587e+04   0.000000e+00   2.541521e+06   4377s
  393437    1.1695589e+04   0.000000e+00   1.705255e+06   4384s
  393647    1.1695590e+04   0.000000e+00   1.800132e+06   4390s
  393867    1.1695591e+04   0.000000e+00   2.283916e+06   4397s
  394087    1.1695592e+04   0.000000e+00   1.010110e+06   4404s
  394417    1.1695595e+04   0.000000e+00   3.118040e+06   4412s
  394677    1.1695596e+04   0.000000e+00   2.106590e+06   4420s
  394887    1.1695597e+04   0.000000e+00   1.857985e+06   4426s
  395147    1.1695599e+04   0.000000e+00   1.358398e+06   4434s
  395367    1.1695599e+04   0.000000e+00   5.774553e+06   4441s
  395597    1.1695601e+04   0.000000e+00   2.049227e+06   4448s
  395817    1.1695602e+04   0.000000e+00   1.886172e+06   4454s
  396027    1.1695602e+04   0.000000e+00   9.907112e+05   4461s
  396237    1.1695604e+04   0.000000e+00   6.962901e+06   4468s
  396457    1.1695605e+04   0.000000e+00   1.679338e+06   4474s
  396677    1.1695606e+04   0.000000e+00   1.410754e+06   4481s
  396897    1.1695607e+04   0.000000e+00   1.830840e+06   4488s
  397117    1.1695608e+04   0.000000e+00   1.627289e+06   4495s
  397337    1.1695610e+04   0.000000e+00   2.241825e+06   4502s
  397547    1.1695611e+04   0.000000e+00   1.318327e+06   4509s
  397767    1.1695612e+04   0.000000e+00   1.394705e+06   4516s
  397987    1.1695613e+04   0.000000e+00   1.819311e+06   4523s
  398207    1.1695614e+04   0.000000e+00   2.995715e+06   4530s
  398427    1.1695615e+04   0.000000e+00   2.978743e+06   4537s
  398677    1.1695616e+04   0.000000e+00   2.516867e+06   4544s
  398917    1.1695617e+04   0.000000e+00   8.905800e+06   4551s
  399177    1.1695619e+04   0.000000e+00   1.805865e+06   4559s
  399447    1.1695621e+04   0.000000e+00   3.290713e+06   4567s
  399767    1.1695623e+04   0.000000e+00   7.913869e+05   4574s
  400037    1.1695625e+04   0.000000e+00   1.958369e+06   4582s
  400337    1.1695625e+04   0.000000e+00   5.860271e+05   4590s
  400557    1.1695626e+04   0.000000e+00   9.945538e+05   4597s
  400797    1.1695627e+04   0.000000e+00   1.690463e+06   4604s
  401007    1.1695628e+04   0.000000e+00   2.909272e+06   4610s
  401247    1.1695630e+04   0.000000e+00   1.904453e+06   4618s
  401457    1.1695630e+04   0.000000e+00   1.851727e+06   4624s
  401697    1.1695632e+04   0.000000e+00   9.618049e+05   4631s
  401967    1.1695633e+04   0.000000e+00   2.336699e+06   4638s
  402217    1.1695634e+04   0.000000e+00   3.405597e+06   4646s
  402497    1.1695636e+04   0.000000e+00   1.225218e+06   4653s
  402767    1.1695637e+04   0.000000e+00   3.219215e+06   4661s
  402977    1.1695638e+04   0.000000e+00   1.013724e+06   4668s
  403217    1.1695640e+04   0.000000e+00   3.266502e+06   4675s
  403437    1.1695642e+04   0.000000e+00   7.108421e+05   4682s
  403657    1.1695643e+04   0.000000e+00   1.698435e+06   4689s
  403877    1.1695644e+04   0.000000e+00   1.484377e+06   4695s
  404087    1.1695645e+04   0.000000e+00   2.839857e+06   4702s
  404307    1.1695646e+04   0.000000e+00   1.151826e+06   4709s
  404537    1.1695647e+04   0.000000e+00   1.789877e+06   4716s
  404757    1.1695648e+04   0.000000e+00   1.540092e+06   4723s
  404967    1.1695648e+04   0.000000e+00   9.409672e+05   4729s
  405187    1.1695649e+04   0.000000e+00   1.345464e+06   4736s
  405397    1.1695650e+04   0.000000e+00   1.016323e+06   4743s
  405637    1.1695651e+04   0.000000e+00   8.782396e+05   4750s
  405857    1.1695652e+04   0.000000e+00   1.067099e+06   4757s
  406067    1.1695652e+04   0.000000e+00   5.115629e+06   4764s
  406287    1.1695653e+04   0.000000e+00   1.240655e+06   4770s
  406507    1.1695654e+04   0.000000e+00   5.267386e+06   4777s
  406747    1.1695655e+04   0.000000e+00   1.081611e+06   4784s
  406967    1.1695656e+04   0.000000e+00   1.499905e+06   4791s
  407187    1.1695657e+04   0.000000e+00   1.308187e+06   4798s
  407407    1.1695657e+04   0.000000e+00   1.189853e+06   4805s
  407617    1.1695658e+04   0.000000e+00   1.031221e+06   4811s
  407837    1.1695660e+04   0.000000e+00   3.534817e+06   4818s
  408057    1.1695661e+04   0.000000e+00   7.264971e+06   4825s
  408287    1.1695662e+04   0.000000e+00   1.476744e+06   4832s
  408507    1.1695664e+04   0.000000e+00   8.868130e+05   4839s
  408727    1.1695665e+04   0.000000e+00   7.632342e+05   4846s
  408947    1.1695666e+04   0.000000e+00   7.821668e+05   4852s
  409167    1.1695667e+04   0.000000e+00   3.088361e+06   4859s
  409387    1.1695668e+04   0.000000e+00   7.185517e+05   4866s
  409617    1.1695669e+04   0.000000e+00   1.659669e+06   4873s
  409827    1.1695669e+04   0.000000e+00   1.628496e+06   4879s
  410057    1.1695670e+04   0.000000e+00   1.715618e+06   4886s
  410287    1.1695671e+04   0.000000e+00   1.481104e+06   4893s
  410507    1.1695672e+04   0.000000e+00   6.591810e+05   4900s
  410747    1.1695673e+04   0.000000e+00   8.109102e+05   4907s
  410967    1.1695673e+04   0.000000e+00   1.534093e+06   4914s
  411187    1.1695674e+04   0.000000e+00   1.619352e+06   4921s
  411407    1.1695675e+04   0.000000e+00   2.204174e+06   4927s
  411627    1.1695675e+04   0.000000e+00   5.221825e+05   4934s
  411857    1.1695676e+04   0.000000e+00   1.422460e+06   4941s
  412077    1.1695677e+04   0.000000e+00   2.434076e+06   4947s
  412297    1.1695678e+04   0.000000e+00   5.774116e+06   4954s
  412517    1.1695679e+04   0.000000e+00   1.313441e+06   4961s
  412737    1.1695680e+04   0.000000e+00   8.061184e+05   4968s
  412957    1.1695681e+04   0.000000e+00   8.279010e+06   4975s
  413177    1.1695682e+04   0.000000e+00   7.629138e+05   4982s
  413397    1.1695683e+04   0.000000e+00   1.366584e+06   4989s
  413617    1.1695683e+04   0.000000e+00   1.583107e+06   4995s
  413827    1.1695684e+04   0.000000e+00   1.631714e+06   5002s
  414047    1.1695685e+04   0.000000e+00   1.233172e+06   5009s
  414267    1.1695686e+04   0.000000e+00   1.458481e+06   5016s
  414477    1.1695687e+04   0.000000e+00   1.031023e+06   5022s
  414697    1.1695687e+04   0.000000e+00   3.059165e+06   5029s
  414917    1.1695688e+04   0.000000e+00   1.779805e+06   5036s
  415167    1.1695689e+04   0.000000e+00   7.274999e+05   5044s
  415437    1.1695690e+04   0.000000e+00   7.675525e+05   5051s
  415677    1.1695691e+04   0.000000e+00   6.281468e+05   5058s
  415887    1.1695692e+04   0.000000e+00   1.048671e+06   5065s
  416107    1.1695693e+04   0.000000e+00   1.065225e+06   5072s
  416327    1.1695693e+04   0.000000e+00   8.420870e+05   5078s
  416537    1.1695694e+04   0.000000e+00   2.123367e+06   5085s
  416747    1.1695695e+04   0.000000e+00   1.310902e+06   5092s
  416957    1.1695696e+04   0.000000e+00   1.129155e+06   5098s
  417177    1.1695697e+04   0.000000e+00   2.535088e+06   5105s
  417387    1.1695698e+04   0.000000e+00   1.050118e+06   5112s
  417607    1.1695699e+04   0.000000e+00   1.876141e+06   5118s
  417837    1.1695700e+04   0.000000e+00   2.404280e+06   5125s
  418057    1.1695701e+04   0.000000e+00   1.238332e+06   5132s
  418277    1.1695702e+04   0.000000e+00   2.086354e+06   5139s
  418507    1.1695703e+04   0.000000e+00   1.755900e+06   5146s
  418727    1.1695703e+04   0.000000e+00   2.045079e+06   5153s
  418937    1.1695704e+04   0.000000e+00   3.416493e+06   5159s
  419147    1.1695705e+04   0.000000e+00   2.622460e+06   5166s
  419367    1.1695706e+04   0.000000e+00   7.765329e+05   5173s
  419647    1.1695708e+04   0.000000e+00   2.665531e+06   5181s
  419987    1.1695711e+04   0.000000e+00   7.602491e+05   5189s
  420357    1.1695712e+04   0.000000e+00   9.897656e+05   5198s
  420687    1.1695714e+04   0.000000e+00   2.049067e+06   5207s
  420907    1.1695715e+04   0.000000e+00   3.061202e+06   5213s
  421167    1.1695718e+04   0.000000e+00   6.388545e+06   5221s
  421387    1.1695720e+04   0.000000e+00   1.600463e+06   5227s
  421677    1.1695721e+04   0.000000e+00   1.327924e+06   5235s
  421967    1.1695723e+04   0.000000e+00   7.964809e+05   5243s
  422277    1.1695725e+04   0.000000e+00   8.504574e+05   5251s
  422487    1.1695726e+04   0.000000e+00   8.398812e+06   5257s
  422707    1.1695727e+04   0.000000e+00   8.231026e+06   5264s
  422927    1.1695728e+04   0.000000e+00   8.166772e+05   5271s
  423187    1.1695730e+04   0.000000e+00   2.453321e+06   5279s
  423457    1.1695732e+04   0.000000e+00   7.979789e+05   5287s
  423717    1.1695733e+04   0.000000e+00   1.862272e+06   5294s
  423977    1.1695734e+04   0.000000e+00   2.133917e+06   5302s
  424267    1.1695736e+04   0.000000e+00   3.624430e+06   5309s
  424597    1.1695738e+04   0.000000e+00   1.139071e+06   5318s
  424917    1.1695739e+04   0.000000e+00   2.388588e+06   5326s
  425227    1.1695740e+04   0.000000e+00   1.005976e+06   5335s
  425487    1.1695741e+04   0.000000e+00   3.588363e+06   5342s
  425697    1.1695742e+04   0.000000e+00   1.962663e+06   5349s
  425907    1.1695743e+04   0.000000e+00   1.650553e+08   5356s
  426127    1.1695744e+04   0.000000e+00   1.668834e+06   5363s
  426347    1.1695746e+04   0.000000e+00   1.136664e+06   5369s
  426557    1.1695746e+04   0.000000e+00   1.321319e+06   5376s
  426777    1.1695747e+04   0.000000e+00   8.389297e+05   5383s
  426997    1.1695748e+04   0.000000e+00   2.469692e+06   5389s
  427207    1.1695749e+04   0.000000e+00   9.784349e+05   5396s
  427417    1.1695750e+04   0.000000e+00   1.702353e+06   5403s
  427627    1.1695751e+04   0.000000e+00   1.098485e+06   5410s
  427857    1.1695752e+04   0.000000e+00   7.798698e+05   5417s
  428077    1.1695753e+04   0.000000e+00   1.289872e+06   5424s
  428287    1.1695754e+04   0.000000e+00   1.016643e+06   5430s
  428507    1.1695755e+04   0.000000e+00   9.590340e+05   5437s
  428727    1.1695755e+04   0.000000e+00   3.780143e+06   5444s
  428957    1.1695756e+04   0.000000e+00   5.953657e+05   5451s
  429177    1.1695757e+04   0.000000e+00   8.532893e+05   5458s
  429387    1.1695758e+04   0.000000e+00   1.081555e+06   5465s
  429597    1.1695758e+04   0.000000e+00   6.103081e+05   5472s
  429827    1.1695759e+04   0.000000e+00   1.264566e+06   5479s
  430047    1.1695760e+04   0.000000e+00   1.466184e+06   5486s
  430307    1.1695761e+04   0.000000e+00   3.745388e+06   5493s
  430527    1.1695762e+04   0.000000e+00   6.975801e+05   5500s
  430777    1.1695763e+04   0.000000e+00   3.893236e+06   5507s
  431027    1.1695764e+04   0.000000e+00   8.777117e+05   5514s
  431247    1.1695765e+04   0.000000e+00   6.676008e+05   5521s
  431457    1.1695765e+04   0.000000e+00   2.778159e+06   5528s
  431667    1.1695766e+04   0.000000e+00   1.675695e+06   5535s
  431887    1.1695768e+04   0.000000e+00   4.298127e+06   5542s
  432127    1.1695770e+04   0.000000e+00   1.596726e+06   5549s
  432397    1.1695772e+04   0.000000e+00   1.051648e+06   5557s
  432667    1.1695773e+04   0.000000e+00   3.614271e+06   5565s
  432927    1.1695774e+04   0.000000e+00   1.341785e+06   5573s
  433197    1.1695776e+04   0.000000e+00   9.863775e+05   5580s
  433427    1.1695777e+04   0.000000e+00   1.131404e+06   5588s
  433647    1.1695778e+04   0.000000e+00   9.224177e+05   5595s
  433887    1.1695778e+04   0.000000e+00   1.466043e+06   5602s
  434107    1.1695779e+04   0.000000e+00   6.474543e+05   5609s
  434337    1.1695781e+04   0.000000e+00   1.250427e+06   5616s
  434557    1.1695782e+04   0.000000e+00   2.701100e+06   5623s
  434777    1.1695783e+04   0.000000e+00   7.575722e+05   5630s
  434997    1.1695784e+04   0.000000e+00   8.039766e+05   5637s
  435217    1.1695784e+04   0.000000e+00   1.036003e+06   5644s
  435427    1.1695785e+04   0.000000e+00   5.543734e+05   5650s
  435637    1.1695786e+04   0.000000e+00   7.342495e+05   5657s
  435847    1.1695787e+04   0.000000e+00   2.074083e+06   5664s
  436067    1.1695788e+04   0.000000e+00   1.932707e+06   5671s
  436287    1.1695789e+04   0.000000e+00   8.171894e+05   5677s
  436507    1.1695789e+04   0.000000e+00   1.341250e+06   5684s
  436717    1.1695790e+04   0.000000e+00   1.189426e+06   5691s
  436947    1.1695791e+04   0.000000e+00   6.021098e+05   5698s
  437157    1.1695792e+04   0.000000e+00   1.280799e+06   5705s
  437387    1.1695793e+04   0.000000e+00   1.056838e+06   5712s
  437657    1.1695794e+04   0.000000e+00   1.275084e+06   5720s
  437907    1.1695795e+04   0.000000e+00   1.202060e+06   5727s
  438157    1.1695796e+04   0.000000e+00   1.386648e+06   5735s
  438367    1.1695797e+04   0.000000e+00   1.083700e+06   5742s
  438577    1.1695799e+04   0.000000e+00   3.589517e+06   5748s
  438787    1.1695800e+04   0.000000e+00   1.868465e+06   5755s
  438997    1.1695801e+04   0.000000e+00   2.747998e+06   5762s
  439227    1.1695803e+04   0.000000e+00   7.262744e+05   5768s
  439467    1.1695805e+04   0.000000e+00   1.422244e+06   5775s
  439787    1.1695808e+04   0.000000e+00   7.357570e+06   5782s
  440007    1.1695809e+04   0.000000e+00   1.717879e+06   5789s
  440207    1.1695810e+04   0.000000e+00   2.208615e+06   5796s
  440417    1.1695811e+04   0.000000e+00   3.457364e+06   5802s
  440627    1.1695812e+04   0.000000e+00   1.542680e+06   5809s
  440837    1.1695813e+04   0.000000e+00   1.998138e+06   5815s
  441047    1.1695815e+04   0.000000e+00   1.636874e+06   5822s
  441267    1.1695817e+04   0.000000e+00   1.733092e+06   5829s
  441507    1.1695821e+04   0.000000e+00   1.983843e+06   5835s
  441717    1.1695822e+04   0.000000e+00   1.010414e+06   5842s
  441927    1.1695822e+04   0.000000e+00   1.273783e+07   5849s
  442187    1.1695828e+04   0.000000e+00   1.452286e+06   5856s
  442397    1.1695829e+04   0.000000e+00   7.519219e+05   5862s
  442607    1.1695830e+04   0.000000e+00   1.228473e+06   5869s
  442837    1.1695832e+04   0.000000e+00   6.099018e+06   5876s
  443047    1.1695833e+04   0.000000e+00   1.195208e+06   5883s
  443257    1.1695834e+04   0.000000e+00   9.317503e+05   5889s
  443467    1.1695834e+04   0.000000e+00   4.488861e+06   5896s
  443677    1.1695835e+04   0.000000e+00   1.373784e+06   5903s
  443907    1.1695837e+04   0.000000e+00   2.203117e+06   5910s
  444117    1.1695838e+04   0.000000e+00   4.954264e+06   5917s
  444337    1.1695839e+04   0.000000e+00   6.692409e+05   5923s
  444557    1.1695840e+04   0.000000e+00   1.076334e+06   5930s
  444787    1.1695841e+04   0.000000e+00   1.028280e+06   5937s
  445007    1.1695842e+04   0.000000e+00   3.766535e+06   5943s
  445217    1.1695843e+04   0.000000e+00   2.089503e+06   5950s
  445427    1.1695844e+04   0.000000e+00   1.028388e+06   5957s
  445637    1.1695845e+04   0.000000e+00   1.149336e+06   5963s
  445857    1.1695847e+04   0.000000e+00   6.466577e+05   5970s
  446077    1.1695848e+04   0.000000e+00   1.040137e+06   5977s
  446297    1.1695849e+04   0.000000e+00   2.625001e+06   5984s
  446517    1.1695850e+04   0.000000e+00   5.885495e+05   5991s
  446747    1.1695852e+04   0.000000e+00   2.470528e+06   5998s
  446967    1.1695852e+04   0.000000e+00   4.421442e+06   6005s
  447187    1.1695853e+04   0.000000e+00   1.234454e+06   6012s
  447437    1.1695854e+04   0.000000e+00   2.384750e+06   6019s
  447667    1.1695855e+04   0.000000e+00   4.242913e+06   6026s
  447927    1.1695857e+04   0.000000e+00   9.519118e+05   6033s
  448147    1.1695857e+04   0.000000e+00   6.491531e+05   6040s
  448367    1.1695858e+04   0.000000e+00   1.781736e+06   6047s
  448587    1.1695858e+04   0.000000e+00   1.760168e+06   6053s
  448797    1.1695859e+04   0.000000e+00   6.579235e+06   6060s
  449007    1.1695860e+04   0.000000e+00   1.619022e+06   6067s
  449217    1.1695861e+04   0.000000e+00   1.121027e+06   6073s
  449427    1.1695861e+04   0.000000e+00   1.468632e+06   6080s
  449647    1.1695862e+04   0.000000e+00   1.166716e+06   6087s
  449857    1.1695863e+04   0.000000e+00   8.452011e+05   6093s
  450077    1.1695863e+04   0.000000e+00   9.263463e+05   6100s
  450297    1.1695864e+04   0.000000e+00   8.527848e+05   6107s
  450517    1.1695865e+04   0.000000e+00   1.485721e+06   6114s
  450727    1.1695866e+04   0.000000e+00   1.870798e+06   6121s
  450947    1.1695866e+04   0.000000e+00   1.069472e+06   6128s
  451157    1.1695867e+04   0.000000e+00   6.441786e+05   6134s
  451367    1.1695868e+04   0.000000e+00   7.275747e+05   6141s
  451577    1.1695868e+04   0.000000e+00   2.331611e+06   6148s
  451787    1.1695869e+04   0.000000e+00   2.130301e+06   6155s
  451997    1.1695870e+04   0.000000e+00   1.385487e+06   6161s
  452217    1.1695872e+04   0.000000e+00   2.548456e+06   6168s
  452427    1.1695872e+04   0.000000e+00   2.116598e+06   6175s
  452647    1.1695873e+04   0.000000e+00   1.154632e+06   6182s
  452867    1.1695874e+04   0.000000e+00   1.456801e+06   6188s
  453097    1.1695875e+04   0.000000e+00   3.322172e+06   6195s
  453307    1.1695875e+04   0.000000e+00   2.182050e+06   6202s
  453517    1.1695876e+04   0.000000e+00   2.284530e+06   6209s
  453727    1.1695877e+04   0.000000e+00   1.186412e+06   6216s
  453947    1.1695877e+04   0.000000e+00   1.806542e+06   6223s
  454167    1.1695878e+04   0.000000e+00   1.025150e+06   6230s
  454377    1.1695879e+04   0.000000e+00   1.558080e+06   6237s
  454587    1.1695879e+04   0.000000e+00   4.972135e+05   6243s
  454797    1.1695880e+04   0.000000e+00   2.009984e+06   6250s
  455007    1.1695881e+04   0.000000e+00   4.371172e+07   6257s
  455227    1.1695882e+04   0.000000e+00   1.187628e+06   6264s
  455487    1.1695883e+04   0.000000e+00   9.693655e+05   6271s
  455697    1.1695884e+04   0.000000e+00   1.225632e+06   6278s
  455917    1.1695885e+04   0.000000e+00   5.087170e+06   6284s
  456127    1.1695886e+04   0.000000e+00   1.338239e+06   6291s
  456347    1.1695886e+04   0.000000e+00   1.021656e+06   6298s
  456557    1.1695887e+04   0.000000e+00   6.156878e+05   6305s
  456777    1.1695888e+04   0.000000e+00   5.387079e+05   6311s
  456987    1.1695888e+04   0.000000e+00   1.775206e+06   6318s
  457197    1.1695889e+04   0.000000e+00   1.684851e+06   6325s
  457417    1.1695890e+04   0.000000e+00   1.884669e+06   6331s
  457627    1.1695891e+04   0.000000e+00   3.397407e+06   6338s
  457837    1.1695892e+04   0.000000e+00   1.715018e+06   6345s
  458057    1.1695893e+04   0.000000e+00   7.935131e+05   6351s
  458277    1.1695894e+04   0.000000e+00   1.314173e+06   6358s
  458497    1.1695895e+04   0.000000e+00   1.416451e+06   6365s
  458717    1.1695896e+04   0.000000e+00   2.450257e+06   6372s
  458937    1.1695896e+04   0.000000e+00   8.505242e+06   6378s
  459157    1.1695897e+04   0.000000e+00   1.382738e+06   6385s
  459377    1.1695898e+04   0.000000e+00   9.360162e+05   6392s
  459587    1.1695899e+04   0.000000e+00   8.446387e+05   6399s
  459797    1.1695900e+04   0.000000e+00   1.123583e+06   6405s
  460017    1.1695900e+04   0.000000e+00   9.084634e+05   6412s
  460237    1.1695901e+04   0.000000e+00   9.836172e+05   6419s
  460447    1.1695902e+04   0.000000e+00   4.467700e+05   6425s
  460657    1.1695902e+04   0.000000e+00   1.019280e+06   6432s
  460867    1.1695903e+04   0.000000e+00   1.034445e+06   6439s
  461107    1.1695904e+04   0.000000e+00   6.948022e+05   6445s
  461317    1.1695905e+04   0.000000e+00   8.084217e+05   6452s
  461527    1.1695905e+04   0.000000e+00   2.082898e+06   6459s
  461737    1.1695906e+04   0.000000e+00   1.042839e+06   6466s
  461967    1.1695906e+04   0.000000e+00   6.994913e+05   6472s
  462187    1.1695907e+04   0.000000e+00   8.099819e+06   6479s
  462407    1.1695909e+04   0.000000e+00   1.506072e+06   6486s
  462627    1.1695910e+04   0.000000e+00   1.011720e+06   6493s
  462837    1.1695910e+04   0.000000e+00   9.142812e+05   6500s
  463047    1.1695911e+04   0.000000e+00   3.700289e+06   6506s
  463277    1.1695912e+04   0.000000e+00   4.876142e+06   6513s
  463537    1.1695913e+04   0.000000e+00   8.968474e+05   6521s
  463827    1.1695914e+04   0.000000e+00   1.327214e+06   6529s
  464117    1.1695915e+04   0.000000e+00   2.390372e+06   6537s
  464387    1.1695916e+04   0.000000e+00   1.825696e+06   6545s
  464697    1.1695917e+04   0.000000e+00   9.428457e+05   6553s
  465047    1.1695918e+04   0.000000e+00   1.794034e+06   6562s
  465307    1.1695918e+04   0.000000e+00   8.619686e+05   6570s
  465517    1.1695920e+04   0.000000e+00   2.529312e+06   6577s
  465727    1.1695921e+04   0.000000e+00   1.376130e+06   6583s
  465947    1.1695922e+04   0.000000e+00   6.511850e+05   6590s
  466157    1.1695923e+04   0.000000e+00   1.847753e+06   6597s
  466377    1.1695924e+04   0.000000e+00   1.307175e+06   6604s
  466637    1.1695925e+04   0.000000e+00   2.907771e+06   6611s
  466967    1.1695926e+04   0.000000e+00   7.343693e+05   6619s
  467277    1.1695928e+04   0.000000e+00   1.166982e+06   6628s
  467617    1.1695929e+04   0.000000e+00   8.496150e+05   6636s
  467827    1.1695930e+04   0.000000e+00   1.181628e+06   6643s
  468037    1.1695931e+04   0.000000e+00   3.651531e+06   6650s
  468247    1.1695932e+04   0.000000e+00   3.224219e+06   6656s
  468457    1.1695933e+04   0.000000e+00   1.360537e+06   6663s
  468677    1.1695933e+04   0.000000e+00   1.199909e+06   6670s
  468897    1.1695934e+04   0.000000e+00   2.996718e+06   6677s
  469107    1.1695935e+04   0.000000e+00   6.711273e+06   6683s
  469317    1.1695936e+04   0.000000e+00   1.661680e+06   6690s
  469527    1.1695936e+04   0.000000e+00   9.051624e+05   6697s
  469737    1.1695937e+04   0.000000e+00   1.414064e+06   6704s
  469957    1.1695938e+04   0.000000e+00   2.028689e+06   6711s
  470177    1.1695938e+04   0.000000e+00   2.681176e+06   6718s
  470387    1.1695939e+04   0.000000e+00   6.796897e+05   6724s
  470607    1.1695940e+04   0.000000e+00   5.987473e+05   6731s
  470867    1.1695940e+04   0.000000e+00   4.982240e+05   6739s
  471087    1.1695941e+04   0.000000e+00   2.725601e+06   6746s
  471297    1.1695942e+04   0.000000e+00   1.138038e+06   6752s
  471507    1.1695943e+04   0.000000e+00   1.178139e+06   6759s
  471717    1.1695944e+04   0.000000e+00   3.316746e+06   6766s
  471927    1.1695945e+04   0.000000e+00   1.316399e+06   6773s
  472177    1.1695946e+04   0.000000e+00   2.673994e+06   6780s
  472397    1.1695947e+04   0.000000e+00   1.077589e+06   6787s
  472617    1.1695948e+04   0.000000e+00   1.927997e+06   6794s
  472847    1.1695949e+04   0.000000e+00   1.261720e+06   6801s
  473057    1.1695950e+04   0.000000e+00   3.371077e+06   6808s
  473277    1.1695952e+04   0.000000e+00   5.935276e+06   6814s
  473487    1.1695953e+04   0.000000e+00   3.211623e+06   6821s
  473707    1.1695955e+04   0.000000e+00   2.862555e+06   6828s
  473917    1.1695957e+04   0.000000e+00   1.067556e+07   6835s
  474147    1.1695958e+04   0.000000e+00   3.496839e+06   6841s
  474357    1.1695959e+04   0.000000e+00   3.819837e+06   6848s
  474577    1.1695960e+04   0.000000e+00   2.459256e+06   6855s
  474827    1.1695961e+04   0.000000e+00   2.147930e+06   6862s
  475087    1.1695962e+04   0.000000e+00   9.955829e+05   6870s
  475347    1.1695963e+04   0.000000e+00   6.746500e+05   6877s
  475607    1.1695964e+04   0.000000e+00   8.349608e+05   6885s
  475827    1.1695965e+04   0.000000e+00   2.036353e+06   6892s
  476057    1.1695965e+04   0.000000e+00   6.016071e+05   6899s
  476317    1.1695966e+04   0.000000e+00   5.778288e+05   6907s
  476567    1.1695967e+04   0.000000e+00   7.131782e+05   6914s
  476777    1.1695968e+04   0.000000e+00   1.475485e+06   6921s
  476997    1.1695969e+04   0.000000e+00   1.796158e+06   6928s
  477217    1.1695970e+04   0.000000e+00   1.584021e+06   6935s
  477437    1.1695971e+04   0.000000e+00   1.074755e+06   6942s
  477647    1.1695972e+04   0.000000e+00   1.299636e+06   6949s
  477857    1.1695972e+04   0.000000e+00   1.271065e+06   6955s
  478077    1.1695973e+04   0.000000e+00   7.260005e+05   6962s
  478287    1.1695974e+04   0.000000e+00   9.250798e+05   6969s
  478497    1.1695974e+04   0.000000e+00   1.102353e+06   6976s
  478707    1.1695976e+04   0.000000e+00   2.280891e+06   6982s
  478917    1.1695977e+04   0.000000e+00   6.807667e+05   6989s
  479127    1.1695978e+04   0.000000e+00   1.505656e+06   6996s
  479337    1.1695979e+04   0.000000e+00   8.010822e+05   7002s
  479547    1.1695979e+04   0.000000e+00   9.451222e+05   7009s
  479757    1.1695980e+04   0.000000e+00   8.107915e+05   7016s
  479967    1.1695981e+04   0.000000e+00   1.189429e+06   7023s
  480177    1.1695982e+04   0.000000e+00   1.319589e+06   7030s
  480397    1.1695983e+04   0.000000e+00   6.479473e+06   7037s
  480617    1.1695984e+04   0.000000e+00   9.799959e+05   7043s
  480837    1.1695986e+04   0.000000e+00   2.148674e+06   7050s
  481047    1.1695986e+04   0.000000e+00   2.326203e+06   7057s
  481257    1.1695987e+04   0.000000e+00   2.785274e+06   7064s
  481467    1.1695988e+04   0.000000e+00   9.986399e+05   7071s
  481677    1.1695989e+04   0.000000e+00   1.478826e+06   7078s
  481887    1.1695990e+04   0.000000e+00   1.012727e+06   7084s
  482097    1.1695991e+04   0.000000e+00   1.979764e+06   7091s
  482307    1.1695992e+04   0.000000e+00   1.879253e+06   7098s
  482517    1.1695993e+04   0.000000e+00   1.395381e+06   7105s
  482737    1.1695993e+04   0.000000e+00   8.667971e+05   7112s
  482977    1.1695994e+04   0.000000e+00   1.634341e+06   7119s
  483187    1.1695995e+04   0.000000e+00   4.482296e+06   7126s
  483397    1.1695996e+04   0.000000e+00   7.267973e+05   7133s
  483607    1.1695996e+04   0.000000e+00   1.007439e+07   7139s
  483817    1.1695998e+04   0.000000e+00   2.141277e+06   7146s
  484027    1.1695999e+04   0.000000e+00   1.109899e+06   7153s
  484237    1.1696000e+04   0.000000e+00   1.256397e+06   7160s
  484447    1.1696001e+04   0.000000e+00   2.822919e+06   7167s
  484657    1.1696002e+04   0.000000e+00   6.000271e+06   7173s
  484877    1.1696003e+04   0.000000e+00   1.559913e+06   7180s
  485107    1.1696005e+04   0.000000e+00   5.332144e+06   7188s
  485327    1.1696006e+04   0.000000e+00   1.258393e+06   7195s
Extra simplex iterations after uncrush: 469629

Stopped in 485505 iterations and 7200.02 seconds (9390.56 work units)
Time limit reached
