
Gurobi 10.0.1 (linux64) logging started Fri Mar 21 08:57:34 2025

Set parameter LogFile to value "Results/Conservative_experiment/c1_0.20_c2_0.20.log"
Set parameter TimeLimit to value 7200
Gurobi Optimizer version 10.0.1 build v10.0.1rc0 (linux64)

CPU model: AMD EPYC 9654 96-Core Processor, instruction set [SSE2|AVX|AVX2|AVX512]
Thread count: 192 physical cores, 192 logical processors, using up to 32 threads

Academic license 656792 - for non-commercial use only - registered to b.___@student.vu.nl
Optimize a model with 1503546 rows, 1627952 columns and 5997496 nonzeros
Model fingerprint: 0x9ee332fa
Coefficient statistics:
  Matrix range     [2e-01, 1e+00]
  Objective range  [6e-02, 5e+00]
  Bounds range     [0e+00, 0e+00]
  RHS range        [1e-02, 1e+03]
Presolve removed 961085 rows and 884356 columns (presolve time = 5s) ...
Presolve removed 961085 rows and 884356 columns
Presolve time: 5.29s
Presolved: 542461 rows, 743596 columns, 2508821 nonzeros

Concurrent LP optimizer: primal simplex, dual simplex, and barrier
Showing barrier log only...

Ordering time: 1.54s

Barrier statistics:
 AA' NZ     : 1.776e+06
 Factor NZ  : 1.411e+07 (roughly 260 MB of memory)
 Factor Ops : 7.999e+09 (less than 1 second per iteration)
 Threads    : 30

                  Objective                Residual
Iter       Primal          Dual         Primal    Dual     Compl     Time
   0  -2.08973874e+07  1.81297263e+08  1.53e+06 1.21e+02  3.73e+04     8s
   1  -1.53589694e+07  1.43731033e+08  7.02e+05 1.13e+02  1.51e+04     9s
   2  -1.38135237e+07  8.31539212e+07  1.38e+05 2.44e+01  3.15e+03     9s
   3  -2.25994630e+07  5.85186113e+07  3.02e+04 1.55e+01  1.01e+03     9s
   4  -2.56861956e+07  1.32251029e+07  1.64e+04 2.17e+00  4.02e+02     9s
   5  -1.35225407e+07  4.59630194e+06  6.54e+03 3.14e-01  1.54e+02     9s
   6  -5.68885676e+06  1.94911316e+06  2.18e+03 2.32e-03  5.32e+01     9s
   7  -1.16415016e+06  7.54407064e+05  3.60e+02 1.09e-11  1.04e+01     9s
   8  -2.45016404e+05  3.11601923e+05  7.14e+01 6.37e-12  2.50e+00    10s
   9  -3.98821209e+04  1.37361205e+05  1.73e+01 3.57e-12  7.08e-01    10s
  10  -1.54070126e+04  9.41374936e+04  8.75e+00 3.83e-12  3.98e-01    10s
  11  -2.25812778e+03  6.50464664e+04  4.86e+00 2.86e-12  2.28e-01    10s
  12   2.91821988e+03  5.19935755e+04  2.97e+00 3.99e-12  1.58e-01    10s
  13   6.08649927e+03  3.52293573e+04  1.78e+00 3.25e-12  9.01e-02    10s
  14   8.61122154e+03  3.22516234e+04  8.64e-01 2.97e-12  7.02e-02    11s
  15   9.02433106e+03  2.08890978e+04  7.53e-01 3.43e-12  3.53e-02    11s
  16   1.06283901e+04  1.91118285e+04  2.21e-01 2.85e-12  2.44e-02    11s
  17   1.10210539e+04  1.52112825e+04  1.26e-01 3.10e-12  1.20e-02    11s
  18   1.12284185e+04  1.39484787e+04  8.50e-02 3.14e-12  7.81e-03    11s
  19   1.13552740e+04  1.34847075e+04  6.04e-02 3.45e-12  6.10e-03    11s
  20   1.13667430e+04  1.28241613e+04  5.77e-02 2.74e-12  4.19e-03    11s
  21   1.14934837e+04  1.23740142e+04  3.45e-02 2.48e-12  2.53e-03    12s
  22   1.15846661e+04  1.21652161e+04  1.87e-02 2.90e-12  1.66e-03    12s
  23   1.15924306e+04  1.20917774e+04  1.72e-02 3.32e-12  1.43e-03    12s
  24   1.16074160e+04  1.19944458e+04  1.47e-02 3.01e-12  1.11e-03    12s
  25   1.16433693e+04  1.18974326e+04  8.68e-03 3.57e-12  7.28e-04    12s
  26   1.16653474e+04  1.18745621e+04  5.62e-03 5.09e-12  5.98e-04    12s
  27   1.16713167e+04  1.18579049e+04  4.94e-03 4.83e-12  5.33e-04    13s
  28   1.16858656e+04  1.18355177e+04  3.41e-03 5.35e-12  4.27e-04    13s
  29   1.16898846e+04  1.18138386e+04  3.06e-03 4.73e-12  3.54e-04    13s
  30   1.16966574e+04  1.17968090e+04  2.52e-03 4.46e-12  2.86e-04    13s
  31   1.17033903e+04  1.17853364e+04  1.88e-03 3.89e-12  2.34e-04    13s
  32   1.17064031e+04  1.17843454e+04  1.70e-03 6.39e-12  2.22e-04    14s
  33   1.17163363e+04  1.17672461e+04  1.02e-03 3.83e-12  1.45e-04    14s
  34   1.17130443e+04  1.17607092e+04  9.85e-04 6.25e-12  1.36e-04    14s
  35   1.17166147e+04  1.17593227e+04  8.35e-04 4.28e-12  1.22e-04    14s
  36   1.17219240e+04  1.17510852e+04  5.96e-04 6.26e-12  8.32e-05    14s
  37   1.17234272e+04  1.17494417e+04  5.40e-04 5.25e-12  7.42e-05    15s
  38   1.17250903e+04  1.17439857e+04  4.70e-04 5.68e-12  5.40e-05    15s
  39   1.17266228e+04  1.17413280e+04  4.09e-04 5.11e-12  4.21e-05    15s
  40   1.17275558e+04  1.17399582e+04  3.65e-04 4.32e-12  3.55e-05    15s
  41   1.17291104e+04  1.17392980e+04  2.63e-04 4.67e-12  2.91e-05    16s
  42   1.17297318e+04  1.17384452e+04  2.28e-04 4.58e-12  2.49e-05    16s
  43   1.17299661e+04  1.17378221e+04  2.17e-04 3.93e-12  2.25e-05    16s
  44   1.17306235e+04  1.17371649e+04  1.59e-04 4.14e-12  1.87e-05    16s
  45   1.17314362e+04  1.17369436e+04  1.30e-04 5.11e-12  1.57e-05    16s
  46   1.17321843e+04  1.17360708e+04  1.04e-04 5.26e-12  1.11e-05    17s
  47   1.17322174e+04  1.17357848e+04  1.02e-04 5.54e-12  1.02e-05    17s
  48   1.17325348e+04  1.17356305e+04  8.69e-05 5.45e-12  8.87e-06    17s
  49   1.17329082e+04  1.17354625e+04  7.11e-05 5.44e-12  7.31e-06    17s
  50   1.17338199e+04  1.17351744e+04  3.55e-05 4.80e-12  3.88e-06    18s
  51   1.17340837e+04  1.17351275e+04  2.55e-05 5.56e-12  2.99e-06    18s
  52   1.17342823e+04  1.17351092e+04  1.87e-05 6.51e-12  2.36e-06    18s
  53   1.17346315e+04  1.17349617e+04  6.75e-06 5.11e-12  9.43e-07    18s
  54   1.17347808e+04  1.17348857e+04  2.10e-06 5.94e-12  3.00e-07    19s
  55   1.17348406e+04  1.17348636e+04  3.47e-07 6.48e-12  6.54e-08    19s
  56   1.17348528e+04  1.17348584e+04  1.94e-08 7.13e-12  1.56e-08    19s
  57   1.17348537e+04  1.17348552e+04  2.85e-09 7.32e-12  4.14e-09    19s
  58   1.17348538e+04  1.17348541e+04  2.03e-09 1.01e-11  7.71e-10    19s
  59   1.17348538e+04  1.17348541e+04  1.61e-08 1.27e-11  7.62e-10    19s
  60   1.17348538e+04  1.17348541e+04  1.70e-08 1.14e-11  7.30e-10    20s
  61   1.17348538e+04  1.17348541e+04  3.35e-08 9.55e-12  5.94e-10    20s
  62   1.17348538e+04  1.17348540e+04  3.19e-08 1.25e-11  5.33e-10    20s
  63   1.17348538e+04  1.17348540e+04  2.59e-08 7.65e-12  3.52e-10    20s
  64   1.17348539e+04  1.17348539e+04  8.54e-10 1.44e-11  1.79e-12    20s

Barrier solved model in 64 iterations and 20.33 seconds (16.38 work units)
Optimal objective 1.17348539e+04

Crossover log...

   79281 DPushes remaining with DInf 0.0000000e+00                21s
       0 DPushes remaining with DInf 0.0000000e+00                22s

   53365 PPushes remaining with PInf 1.8249483e-05                22s
       0 PPushes remaining with PInf 0.0000000e+00                22s

  Push phase complete: Pinf 0.0000000e+00, Dinf 8.2209530e+00     22s

Iteration    Objective       Primal Inf.    Dual Inf.      Time
   97339    1.1734854e+04   0.000000e+00   8.220953e+00     22s

Solved with barrier
  102659    1.1734886e+04   0.000000e+00   3.979348e+01     25s
Extra simplex iterations after uncrush: 8164
  106181    1.1734854e+04   0.000000e+00   0.000000e+00     28s

Use crossover to convert LP symmetric solution to basic solution...
Crossover log...

   42472 DPushes remaining with DInf 0.0000000e+00                29s
       0 DPushes remaining with DInf 0.0000000e+00                30s

    3737 PPushes remaining with PInf 0.0000000e+00                30s
      10 PPushes remaining with PInf 0.0000000e+00                30s
       0 PPushes remaining with PInf 0.0000000e+00                30s

  Push phase complete: Pinf 0.0000000e+00, Dinf 9.2636098e-13     30s

Iteration    Objective       Primal Inf.    Dual Inf.      Time
  157783    1.1734889e+04   0.000000e+00   3.779052e+04     36s
  160195    1.1734902e+04   0.000000e+00   1.496325e+04     40s
  162607    1.1734910e+04   0.000000e+00   8.311728e+04     45s
  165019    1.1734915e+04   0.000000e+00   2.196779e+04     50s
  167431    1.1734920e+04   0.000000e+00   2.267189e+04     56s
  169240    1.1734923e+04   0.000000e+00   3.050460e+04     61s
  171049    1.1734926e+04   0.000000e+00   2.722776e+04     66s
  172858    1.1734928e+04   0.000000e+00   1.833198e+04     70s
  174667    1.1734930e+04   0.000000e+00   9.228021e+04     76s
  175873    1.1734932e+04   0.000000e+00   1.028043e+04     80s
  177682    1.1734934e+04   0.000000e+00   3.033540e+04     86s
  179491    1.1734936e+04   0.000000e+00   1.727932e+04     91s
  180697    1.1734937e+04   0.000000e+00   7.057163e+03     95s
  182506    1.1734938e+04   0.000000e+00   2.125569e+04    101s
  184315    1.1734940e+04   0.000000e+00   2.807324e+04    106s
  186124    1.1734941e+04   0.000000e+00   8.043991e+03    111s
  187330    1.1734942e+04   0.000000e+00   1.670195e+04    115s
  189139    1.1734943e+04   0.000000e+00   9.888296e+03    122s
  190345    1.1734944e+04   0.000000e+00   1.314969e+04    126s
  192154    1.1734945e+04   0.000000e+00   6.540009e+03    132s
  193360    1.1734946e+04   0.000000e+00   2.501641e+04    137s
  194566    1.1734946e+04   0.000000e+00   5.614508e+03    141s
  195772    1.1734947e+04   0.000000e+00   2.846392e+03    146s
  196978    1.1734947e+04   0.000000e+00   9.234459e+03    151s
  198184    1.1734948e+04   0.000000e+00   1.603370e+04    155s
  199390    1.1734948e+04   0.000000e+00   7.229573e+03    161s
  200596    1.1734949e+04   0.000000e+00   6.906084e+03    165s
  202405    1.1734950e+04   0.000000e+00   6.330196e+03    172s
  203611    1.1734950e+04   0.000000e+00   3.418816e+03    176s
  204817    1.1734950e+04   0.000000e+00   5.550163e+03    180s
  206626    1.1734951e+04   0.000000e+00   1.263826e+04    187s
  207832    1.1734951e+04   0.000000e+00   3.102631e+03    192s
  209038    1.1734952e+04   0.000000e+00   1.023133e+04    196s
  210244    1.1734952e+04   0.000000e+00   6.331535e+03    200s
  212053    1.1734953e+04   0.000000e+00   6.192675e+03    207s
  213259    1.1734954e+04   0.000000e+00   1.029129e+04    211s
  214465    1.1734954e+04   0.000000e+00   7.413429e+03    215s
  216274    1.1734955e+04   0.000000e+00   5.269832e+03    222s
  217480    1.1734955e+04   0.000000e+00   1.847003e+03    226s
  219289    1.1734955e+04   0.000000e+00   2.794607e+03    232s
  220495    1.1734956e+04   0.000000e+00   1.036219e+04    236s
  221701    1.1734956e+04   0.000000e+00   2.642073e+03    241s
  222907    1.1734956e+04   0.000000e+00   1.691615e+03    246s
  224113    1.1734956e+04   0.000000e+00   1.533736e+03    251s
  225319    1.1734957e+04   0.000000e+00   2.095056e+03    255s
  227128    1.1734957e+04   0.000000e+00   2.857319e+03    262s
  228334    1.1734957e+04   0.000000e+00   3.865185e+03    266s
  229540    1.1734958e+04   0.000000e+00   1.984560e+03    271s
  230746    1.1734958e+04   0.000000e+00   2.717791e+04    276s
  231952    1.1734958e+04   0.000000e+00   6.392201e+03    281s
  233158    1.1734958e+04   0.000000e+00   1.572893e+03    286s
  234364    1.1734958e+04   0.000000e+00   1.651985e+03    290s
  235570    1.1734958e+04   0.000000e+00   2.485473e+03    295s
  237379    1.1734959e+04   0.000000e+00   7.085952e+02    302s
  238585    1.1734959e+04   0.000000e+00   2.010879e+03    306s
  239791    1.1734959e+04   0.000000e+00   2.409234e+02    310s
  241600    1.1734959e+04   0.000000e+00   6.183953e+02    317s
  242806    1.1734959e+04   0.000000e+00   1.142248e+03    321s
  244012    1.1734959e+04   0.000000e+00   8.664574e+01    325s
  245821    1.1734959e+04   0.000000e+00   1.075998e+02    332s
  247027    1.1734959e+04   0.000000e+00   3.371309e+02    336s
  248836    1.1734959e+04   0.000000e+00   2.175238e+02    342s
  250042    1.1734959e+04   0.000000e+00   3.001810e+02    346s
  251248    1.1734959e+04   0.000000e+00   1.440278e+02    350s
  253057    1.1734960e+04   0.000000e+00   4.755517e+01    356s
  254263    1.1734960e+04   0.000000e+00   3.106623e+01    360s
  256072    1.1734960e+04   0.000000e+00   9.698872e+02    367s
  257278    1.1734960e+04   0.000000e+00   3.862211e+01    372s
  258484    1.1734960e+04   0.000000e+00   1.897318e+01    376s
  259690    1.1734960e+04   0.000000e+00   1.082298e+01    380s
  261499    1.1734960e+04   0.000000e+00   4.101493e+00    387s
  262705    1.1734960e+04   0.000000e+00   8.445979e+00    392s
  263911    1.1734960e+04   0.000000e+00   1.669479e+00    396s
  265117    1.1734960e+04   0.000000e+00   1.941843e+00    401s
  266323    1.1734960e+04   0.000000e+00   2.777678e+00    406s
  267529    1.1734960e+04   0.000000e+00   1.335759e+00    411s
  268622    1.1734960e+04   0.000000e+00   9.241713e-03    415s
Extra simplex iterations after uncrush: 116535
  268919    1.1734854e+04   0.000000e+00   0.000000e+00    417s

Solved in 268919 iterations and 417.16 seconds (794.88 work units)
Optimal objective  1.173485386e+04
