
Gurobi 10.0.1 (linux64) logging started Fri Mar 21 08:57:35 2025

Set parameter LogFile to value "Results/Conservative_experiment/c1_0.80_c2_0.80.log"
Set parameter TimeLimit to value 7200
Gurobi Optimizer version 10.0.1 build v10.0.1rc0 (linux64)

CPU model: AMD EPYC 9654 96-Core Processor, instruction set [SSE2|AVX|AVX2|AVX512]
Thread count: 192 physical cores, 192 logical processors, using up to 32 threads

Academic license 656792 - for non-commercial use only - registered to b.___@student.vu.nl
Optimize a model with 1503546 rows, 1627952 columns and 5997496 nonzeros
Model fingerprint: 0xa20abc6e
Coefficient statistics:
  Matrix range     [8e-01, 1e+00]
  Objective range  [6e-02, 5e+00]
  Bounds range     [0e+00, 0e+00]
  RHS range        [1e-02, 1e+03]
Presolve removed 958973 rows and 882244 columns (presolve time = 5s) ...
Presolve removed 961085 rows and 884356 columns
Presolve time: 5.48s
Presolved: 542461 rows, 743596 columns, 2508821 nonzeros

Concurrent LP optimizer: primal simplex, dual simplex, and barrier
Showing barrier log only...

Ordering time: 1.54s

Barrier statistics:
 AA' NZ     : 1.776e+06
 Factor NZ  : 1.411e+07 (roughly 260 MB of memory)
 Factor Ops : 7.999e+09 (less than 1 second per iteration)
 Threads    : 30

                  Objective                Residual
Iter       Primal          Dual         Primal    Dual     Compl     Time
   0  -1.24970266e+07  4.43175785e+08  1.38e+06 5.80e+01  7.76e+04     9s
   1  -1.20458619e+07  4.23941915e+08  1.19e+06 2.63e+02  6.74e+04     9s
   2  -1.62794727e+07  4.14674838e+08  6.91e+05 2.40e+02  4.45e+04     9s
   3  -1.04044771e+09  3.32288259e+08  1.55e+05 1.16e+02  2.22e+04     9s
   4  -7.86881784e+08  7.79456574e+07  5.44e+04 7.97e+00  4.06e+03     9s
   5  -2.60784387e+08  2.58222491e+07  1.56e+04 1.82e+00  1.13e+03     9s
   6  -6.47050201e+07  9.71381323e+06  3.50e+03 3.69e-01  2.72e+02    10s
   7  -1.33748475e+07  3.04977897e+06  6.54e+02 4.75e-02  5.56e+01    10s
   8  -2.92378201e+06  6.07008280e+05  1.26e+02 2.37e-03  1.11e+01    10s
   9  -6.46511639e+05  2.12236942e+05  2.64e+01 1.66e-04  2.63e+00    10s
  10  -2.01645029e+05  1.50677559e+05  9.34e+00 1.39e-12  1.07e+00    10s
  11  -6.71732239e+04  9.82489206e+04  4.24e+00 1.22e-12  4.96e-01    10s
  12  -2.32394618e+04  6.94306206e+04  2.45e+00 1.41e-12  2.76e-01    11s
  13  -5.53343483e+03  4.86069687e+04  1.39e+00 1.16e-12  1.59e-01    11s
  14   3.77696120e+03  3.29500954e+04  6.18e-01 1.67e-12  8.45e-02    11s
  15   7.12566125e+03  2.76754634e+04  3.54e-01 1.13e-12  5.92e-02    11s
  16   9.61444553e+03  2.07956022e+04  1.77e-01 1.54e-12  3.21e-02    11s
  17   9.93191463e+03  1.69023048e+04  1.49e-01 1.07e-12  2.01e-02    11s
  18   1.06791064e+04  1.54876919e+04  8.35e-02 1.32e-12  1.38e-02    12s
  19   1.08911026e+04  1.40129704e+04  6.56e-02 1.14e-12  8.98e-03    12s
  20   1.10187122e+04  1.32267911e+04  5.54e-02 1.49e-12  6.37e-03    12s
  21   1.12557656e+04  1.28157502e+04  3.59e-02 1.95e-12  4.49e-03    12s
  22   1.14069630e+04  1.23257455e+04  2.36e-02 1.52e-12  2.65e-03    12s
  23   1.14824372e+04  1.22056584e+04  1.80e-02 1.76e-12  2.09e-03    12s
  24   1.15098633e+04  1.20641182e+04  1.61e-02 1.80e-12  1.60e-03    13s
  25   1.15547893e+04  1.20430323e+04  1.29e-02 2.04e-12  1.41e-03    13s
  26   1.15645115e+04  1.19864320e+04  1.23e-02 1.98e-12  1.22e-03    13s
  27   1.16256806e+04  1.19319125e+04  7.94e-03 2.21e-12  8.84e-04    13s
  28   1.16508369e+04  1.18927887e+04  6.24e-03 1.55e-12  6.98e-04    14s
  29   1.16605422e+04  1.18587023e+04  5.53e-03 1.65e-12  5.73e-04    14s
  30   1.16691083e+04  1.18481214e+04  4.96e-03 1.69e-12  5.17e-04    14s
  31   1.16779434e+04  1.18285578e+04  4.36e-03 1.71e-12  4.36e-04    14s
  32   1.16940725e+04  1.18114716e+04  3.30e-03 1.81e-12  3.40e-04    14s
  33   1.16990532e+04  1.17971555e+04  3.00e-03 1.44e-12  2.84e-04    15s
  34   1.17076849e+04  1.17778327e+04  2.38e-03 1.56e-12  2.04e-04    15s
  35   1.17345438e+04  1.17622417e+04  1.91e-04 1.57e-12  7.87e-05    15s
  36   1.17354498e+04  1.17577859e+04  1.47e-04 1.62e-12  6.35e-05    15s
  37   1.17357486e+04  1.17543718e+04  1.32e-04 1.67e-12  5.30e-05    16s
  38   1.17358120e+04  1.17540302e+04  1.29e-04 1.77e-12  5.18e-05    16s
  39   1.17358655e+04  1.17534129e+04  1.26e-04 1.96e-12  4.99e-05    16s
  40   1.17363646e+04  1.17501297e+04  9.90e-05 2.23e-12  3.91e-05    16s
  41   1.17377855e+04  1.17458299e+04  1.35e-05 1.67e-12  2.28e-05    16s
  42   1.17379936e+04  1.17395189e+04  4.53e-06 2.06e-12  4.33e-06    17s
  43   1.17380452e+04  1.17388266e+04  2.73e-06 2.98e-12  2.22e-06    17s
  44   1.17380896e+04  1.17384949e+04  1.39e-06 3.85e-12  1.15e-06    17s
  45   1.17381076e+04  1.17383260e+04  8.86e-07 3.20e-12  6.22e-07    17s
  46   1.17381257e+04  1.17382380e+04  4.19e-07 3.35e-12  3.20e-07    17s
  47   1.17381356e+04  1.17381745e+04  1.70e-07 3.48e-12  1.11e-07    17s
  48   1.17381426e+04  1.17381506e+04  2.07e-08 3.95e-12  2.28e-08    18s
  49   1.17381435e+04  1.17381443e+04  1.89e-08 6.12e-12  2.23e-09    18s
  50   1.17381437e+04  1.17381438e+04  2.86e-09 5.79e-12  7.44e-11    18s

Barrier solved model in 50 iterations and 17.91 seconds (13.75 work units)
Optimal objective 1.17381437e+04

Crossover log...

   35176 DPushes remaining with DInf 0.0000000e+00                18s
       0 DPushes remaining with DInf 0.0000000e+00                18s

  110005 PPushes remaining with PInf 6.4978319e-04                19s
       0 PPushes remaining with PInf 0.0000000e+00                19s

  Push phase complete: Pinf 0.0000000e+00, Dinf 7.6037500e-01     19s

Iteration    Objective       Primal Inf.    Dual Inf.      Time
  143273    1.1738144e+04   0.000000e+00   7.603750e-01     19s

Solved with barrier
Extra simplex iterations after uncrush: 1302
  144774    1.1738144e+04   0.000000e+00   0.000000e+00     20s

Use crossover to convert LP symmetric solution to basic solution...
Crossover log...

    1905 DPushes remaining with DInf 0.0000000e+00                20s
     484 DPushes remaining with DInf 0.0000000e+00                20s
       0 DPushes remaining with DInf 0.0000000e+00                20s

    7621 PPushes remaining with PInf 0.0000000e+00                20s
       0 PPushes remaining with PInf 0.0000000e+00                20s

  Push phase complete: Pinf 0.0000000e+00, Dinf 7.6100237e-13     20s

Extra simplex iterations after uncrush: 2449
Iteration    Objective       Primal Inf.    Dual Inf.      Time
  156749    1.1738144e+04   0.000000e+00   0.000000e+00     22s

Solved in 156749 iterations and 22.03 seconds (24.80 work units)
Optimal objective  1.173814376e+04
