
Gurobi 10.0.1 (linux64) logging started Fri Mar 21 08:57:36 2025

Set parameter LogFile to value "Results/Conservative_experiment/c1_0.50_c2_0.50.log"
Set parameter TimeLimit to value 7200
Gurobi Optimizer version 10.0.1 build v10.0.1rc0 (linux64)

CPU model: AMD EPYC 9654 96-Core Processor, instruction set [SSE2|AVX|AVX2|AVX512]
Thread count: 192 physical cores, 192 logical processors, using up to 32 threads

Academic license 656792 - for non-commercial use only - registered to b.___@student.vu.nl
Optimize a model with 1503546 rows, 1627952 columns and 5997496 nonzeros
Model fingerprint: 0x444e62b0
Coefficient statistics:
  Matrix range     [5e-01, 1e+00]
  Objective range  [6e-02, 5e+00]
  Bounds range     [0e+00, 0e+00]
  RHS range        [1e-02, 1e+03]
Presolve removed 961085 rows and 884356 columns (presolve time = 5s) ...
Presolve removed 961085 rows and 884356 columns
Presolve time: 5.24s
Presolved: 542461 rows, 743596 columns, 2508821 nonzeros

Concurrent LP optimizer: primal simplex, dual simplex, and barrier
Showing barrier log only...

Ordering time: 1.60s

Barrier statistics:
 AA' NZ     : 1.776e+06
 Factor NZ  : 1.411e+07 (roughly 260 MB of memory)
 Factor Ops : 7.999e+09 (less than 1 second per iteration)
 Threads    : 30

                  Objective                Residual
Iter       Primal          Dual         Primal    Dual     Compl     Time
   0  -1.28680730e+07  1.43192978e+08  9.25e+05 1.21e+02  3.08e+04     8s
   1  -1.16513482e+07  1.10731409e+08  5.05e+05 1.10e+02  1.52e+04     9s
   2  -1.45165682e+07  9.22740787e+07  1.01e+05 6.87e+01  3.99e+03     9s
   3  -7.18328986e+07  8.80206599e+07  3.44e+04 6.65e+01  2.62e+03     9s
   4  -7.25761834e+07  1.87643619e+07  1.46e+04 9.24e+00  6.58e+02     9s
   5  -3.26549702e+07  6.68201932e+06  4.59e+03 2.42e+00  2.11e+02     9s
   6  -2.08544786e+07  4.54761023e+06  2.71e+03 1.43e+00  1.28e+02     9s
   7  -1.09349700e+07  1.56748860e+06  1.22e+03 2.16e-01  5.30e+01    10s
   8  -2.02541329e+06  4.89026519e+05  1.92e+02 5.82e-03  9.37e+00    10s
   9  -3.34202524e+05  2.29856678e+05  2.89e+01 1.01e-04  1.92e+00    10s
  10  -6.30674849e+04  1.56429174e+05  7.94e+00 2.73e-12  7.09e-01    10s
  11  -2.36852910e+04  1.12116085e+05  5.05e+00 1.59e-12  4.32e-01    10s
  12  -6.25045101e+03  9.06635013e+04  3.16e+00 1.49e-12  3.00e-01    10s
  13  -1.64812342e+03  7.05936728e+04  2.15e+00 1.57e-12  2.19e-01    10s
  14   3.96740167e+03  3.77347501e+04  1.14e+00 2.21e-12  9.99e-02    11s
  15   8.12649127e+03  3.13276629e+04  4.78e-01 1.38e-12  6.72e-02    11s
  16   8.23532121e+03  2.63178650e+04  4.62e-01 2.88e-12  5.25e-02    11s
  17   9.52759667e+03  2.14128812e+04  3.28e-01 2.05e-12  3.44e-02    11s
  18   1.01985854e+04  1.74305651e+04  2.16e-01 3.60e-12  2.09e-02    11s
  19   1.06313823e+04  1.56350708e+04  1.51e-01 2.62e-12  1.44e-02    12s
  20   1.11552885e+04  1.36548012e+04  7.39e-02 2.32e-12  7.19e-03    12s
  21   1.12579378e+04  1.28047723e+04  5.96e-02 3.02e-12  4.47e-03    12s
  22   1.13121394e+04  1.26774750e+04  5.21e-02 5.80e-12  3.94e-03    12s
  23   1.13751844e+04  1.24742618e+04  4.36e-02 3.18e-12  3.18e-03    12s
  24   1.14875545e+04  1.22260931e+04  2.82e-02 3.08e-12  2.13e-03    12s
  25   1.15927180e+04  1.20506853e+04  1.46e-02 3.30e-12  1.32e-03    13s
  26   1.16041462e+04  1.19825212e+04  1.35e-02 2.83e-12  1.09e-03    13s
  27   1.16378272e+04  1.19507288e+04  9.77e-03 3.44e-12  9.00e-04    13s
  28   1.16494333e+04  1.19346668e+04  8.70e-03 4.01e-12  8.20e-04    13s
  29   1.16584349e+04  1.19286241e+04  7.72e-03 4.03e-12  7.76e-04    13s
  30   1.16656863e+04  1.19095228e+04  7.12e-03 5.85e-12  7.01e-04    13s
  31   1.16815877e+04  1.18648455e+04  5.50e-03 5.02e-12  5.27e-04    14s
  32   1.16901542e+04  1.18434092e+04  4.81e-03 4.93e-12  4.41e-04    14s
  33   1.17029152e+04  1.18175053e+04  3.46e-03 3.65e-12  3.29e-04    14s
  34   1.17083366e+04  1.18140532e+04  2.93e-03 3.73e-12  3.04e-04    14s
  35   1.17131129e+04  1.18066479e+04  2.49e-03 4.91e-12  2.68e-04    15s
  36   1.17146794e+04  1.18001113e+04  2.34e-03 4.40e-12  2.45e-04    15s
  37   1.17225538e+04  1.17846361e+04  1.54e-03 3.26e-12  1.78e-04    15s
  38   1.17280608e+04  1.17744036e+04  1.16e-03 3.80e-12  1.33e-04    15s
  39   1.17290081e+04  1.17658828e+04  1.05e-03 3.11e-12  1.06e-04    15s
  40   1.17305305e+04  1.17503044e+04  8.28e-04 2.87e-12  5.72e-05    16s
  41   1.17356335e+04  1.17497522e+04  2.94e-04 2.91e-12  4.04e-05    16s
  42   1.17362848e+04  1.17471135e+04  2.15e-04 3.38e-12  3.10e-05    16s
  43   1.17366055e+04  1.17461012e+04  1.78e-04 3.31e-12  2.71e-05    16s
  44   1.17367563e+04  1.17454799e+04  1.68e-04 3.63e-12  2.49e-05    17s
  45   1.17375411e+04  1.17431421e+04  7.13e-05 4.11e-12  1.59e-05    17s
  46   1.17379941e+04  1.17389815e+04  1.12e-05 2.46e-12  2.81e-06    17s
  47   1.17380711e+04  1.17384524e+04  5.03e-06 2.06e-12  1.09e-06    17s
  48   1.17381022e+04  1.17383943e+04  2.79e-06 3.16e-12  8.31e-07    17s
  49   1.17381162e+04  1.17382764e+04  1.78e-06 3.12e-12  4.57e-07    18s
  50   1.17381320e+04  1.17382285e+04  7.16e-07 3.77e-12  2.74e-07    18s
  51   1.17381324e+04  1.17382105e+04  6.93e-07 2.72e-12  2.22e-07    18s
  52   1.17381342e+04  1.17381650e+04  5.76e-07 2.84e-12  8.81e-08    18s
  53   1.17381405e+04  1.17381537e+04  1.91e-07 3.48e-12  3.78e-08    18s
  54   1.17381433e+04  1.17381456e+04  2.62e-08 5.37e-12  6.82e-09    18s
  55   1.17381435e+04  1.17381440e+04  1.40e-08 4.46e-12  1.22e-09    18s
  56   1.17381437e+04  1.17381438e+04  1.44e-08 4.83e-12  5.22e-11    19s

Barrier solved model in 56 iterations and 18.69 seconds (14.78 work units)
Optimal objective 1.17381437e+04

Crossover log...

   35187 DPushes remaining with DInf 0.0000000e+00                19s
       0 DPushes remaining with DInf 0.0000000e+00                19s

  108013 PPushes remaining with PInf 2.3187818e-04                19s
       0 PPushes remaining with PInf 0.0000000e+00                20s

  Push phase complete: Pinf 0.0000000e+00, Dinf 1.2000000e-02     20s

Iteration    Objective       Primal Inf.    Dual Inf.      Time
  141276    1.1738144e+04   0.000000e+00   1.200000e-02     20s

Solved with barrier
Extra simplex iterations after uncrush: 1054
  142336    1.1738144e+04   0.000000e+00   0.000000e+00     20s

Use crossover to convert LP symmetric solution to basic solution...
Crossover log...

    9649 DPushes remaining with DInf 0.0000000e+00                21s
       0 DPushes remaining with DInf 0.0000000e+00                21s

    6011 PPushes remaining with PInf 0.0000000e+00                21s
       0 PPushes remaining with PInf 0.0000000e+00                21s

  Push phase complete: Pinf 0.0000000e+00, Dinf 2.1439794e-12     21s

Extra simplex iterations after uncrush: 2135
Iteration    Objective       Primal Inf.    Dual Inf.      Time
  160134    1.1738144e+04   0.000000e+00   0.000000e+00     23s

Solved in 160134 iterations and 22.83 seconds (19.57 work units)
Optimal objective  1.173814376e+04
