
Gurobi 10.0.1 (linux64) logging started Fri Mar 21 08:57:34 2025

Set parameter LogFile to value "Results/Conservative_experiment/c1_0.90_c2_0.90.log"
Set parameter TimeLimit to value 7200
Gurobi Optimizer version 10.0.1 build v10.0.1rc0 (linux64)

CPU model: AMD EPYC 9654 96-Core Processor, instruction set [SSE2|AVX|AVX2|AVX512]
Thread count: 192 physical cores, 192 logical processors, using up to 32 threads

Academic license 656792 - for non-commercial use only - registered to b.___@student.vu.nl
Optimize a model with 1503546 rows, 1627952 columns and 5997496 nonzeros
Model fingerprint: 0xe07b819c
Coefficient statistics:
  Matrix range     [9e-01, 1e+00]
  Objective range  [6e-02, 5e+00]
  Bounds range     [0e+00, 0e+00]
  RHS range        [1e-02, 1e+03]
Presolve removed 961085 rows and 884356 columns (presolve time = 5s) ...
Presolve removed 961085 rows and 884356 columns
Presolve time: 5.25s
Presolved: 542461 rows, 743596 columns, 2508821 nonzeros

Concurrent LP optimizer: primal simplex, dual simplex, and barrier
Showing barrier log only...

Ordering time: 1.48s

Barrier statistics:
 AA' NZ     : 1.776e+06
 Factor NZ  : 1.411e+07 (roughly 260 MB of memory)
 Factor Ops : 7.999e+09 (less than 1 second per iteration)
 Threads    : 30

                  Objective                Residual
Iter       Primal          Dual         Primal    Dual     Compl     Time
   0  -6.58313302e+06  1.43784736e+08  8.37e+05 8.39e+01  1.92e+04     8s
   1  -7.27274188e+06  1.27572500e+08  4.79e+05 1.73e+02  1.15e+04     8s
   2  -9.78154490e+06  1.07785437e+08  1.35e+05 1.01e+02  4.24e+03     9s
   3  -4.61585528e+07  1.00827234e+08  6.91e+04 9.29e+01  3.32e+03     9s
   4  -7.06560945e+07  1.81223564e+07  2.11e+04 6.63e+00  5.92e+02     9s
   5  -2.13909929e+07  4.59735484e+06  3.83e+03 8.35e-01  1.19e+02     9s
   6  -1.15451795e+07  1.56520205e+06  1.96e+03 1.04e-01  5.37e+01     9s
   7  -3.18521231e+06  7.50833603e+05  4.56e+02 8.56e-03  1.46e+01     9s
   8  -6.38664309e+05  3.94144389e+05  8.26e+01 2.80e-04  3.52e+00    10s
   9  -1.76954923e+05  2.28264704e+05  2.81e+01 2.50e-12  1.34e+00    10s
  10  -5.34419226e+04  1.82982498e+05  1.30e+01 1.82e-12  7.60e-01    10s
  11  -1.54163056e+04  1.17335831e+05  8.48e+00 4.22e-04  4.24e-01    10s
  12  -1.16588596e+04  1.05287853e+05  7.47e+00 2.14e-12  3.70e-01    10s
  13  -4.70033436e+03  7.29607604e+04  5.06e+00 1.74e-12  2.40e-01    10s
  14   2.06115870e+03  4.82835092e+04  2.83e+00 1.75e-12  1.39e-01    10s
  15   5.54819217e+03  3.43632827e+04  1.71e+00 1.92e-12  8.52e-02    11s
  16   7.83692413e+03  3.10286656e+04  9.77e-01 1.62e-12  6.76e-02    11s
  17   8.32143302e+03  2.09558158e+04  8.67e-01 1.32e-12  3.70e-02    11s
  18   9.25296938e+03  2.01891599e+04  6.42e-01 2.30e-12  3.19e-02    11s
  19   1.06495837e+04  1.66691373e+04  2.39e-01 1.64e-12  1.73e-02    11s
  20   1.09739764e+04  1.45281522e+04  1.60e-01 1.29e-12  1.02e-02    12s
  21   1.11270198e+04  1.33986040e+04  1.26e-01 1.09e-12  6.57e-03    12s
  22   1.11830333e+04  1.28988568e+04  1.14e-01 1.77e-12  4.98e-03    12s
  23   1.13211718e+04  1.26358690e+04  8.39e-02 1.64e-12  3.81e-03    12s
  24   1.14358120e+04  1.22769831e+04  6.01e-02 1.51e-12  2.44e-03    12s
  25   1.15411880e+04  1.21535968e+04  3.82e-02 1.51e-12  1.77e-03    12s
  26   1.15661335e+04  1.21028373e+04  3.37e-02 1.44e-12  1.55e-03    13s
  27   1.15806457e+04  1.20760859e+04  3.07e-02 1.84e-12  1.43e-03    13s
  28   1.16053147e+04  1.19760236e+04  2.58e-02 1.81e-12  1.08e-03    13s
  29   1.16508758e+04  1.19136294e+04  1.73e-02 1.48e-12  7.62e-04    13s
  30   1.16678460e+04  1.18860667e+04  1.41e-02 1.80e-12  6.32e-04    13s
  31   1.16781709e+04  1.18707543e+04  1.21e-02 1.89e-12  5.58e-04    14s
  32   1.16838275e+04  1.18485430e+04  1.10e-02 1.77e-12  4.78e-04    14s
  33   1.17016716e+04  1.18188151e+04  7.64e-03 1.84e-12  3.40e-04    14s
  34   1.17090927e+04  1.18048751e+04  6.11e-03 1.97e-12  2.77e-04    14s
  35   1.17134256e+04  1.17697012e+04  5.31e-03 1.60e-12  1.65e-04    14s
  36   1.17328047e+04  1.17637013e+04  1.03e-03 2.04e-12  8.85e-05    15s
  37   1.17331565e+04  1.17604619e+04  9.64e-04 2.42e-12  7.82e-05    15s
  38   1.17348522e+04  1.17592111e+04  6.38e-04 2.17e-12  6.96e-05    15s
  39   1.17372425e+04  1.17551826e+04  1.37e-04 2.03e-12  5.09e-05    15s
  40   1.17377597e+04  1.17443267e+04  2.77e-05 2.13e-12  1.86e-05    15s
  41   1.17378804e+04  1.17405960e+04  1.50e-05 2.15e-12  7.70e-06    16s
  42   1.17380626e+04  1.17389121e+04  3.29e-06 2.68e-12  2.41e-06    16s
  43   1.17381034e+04  1.17385739e+04  1.41e-06 3.05e-12  1.33e-06    16s
  44   1.17381247e+04  1.17383085e+04  5.56e-07 3.99e-12  5.21e-07    16s
  45   1.17381364e+04  1.17382129e+04  1.81e-07 7.42e-12  2.17e-07    16s
  46   1.17381419e+04  1.17381609e+04  3.47e-08 6.86e-12  5.37e-08    16s
  47   1.17381434e+04  1.17381487e+04  6.35e-09 6.41e-12  1.51e-08    17s
  48   1.17381436e+04  1.17381441e+04  3.86e-08 9.29e-12  1.14e-09    17s
  49   1.17381437e+04  1.17381438e+04  1.07e-07 1.14e-11  1.05e-10    17s

Barrier solved model in 49 iterations and 16.91 seconds (13.90 work units)
Optimal objective 1.17381437e+04

Crossover log...

   35507 DPushes remaining with DInf 0.0000000e+00                17s
       0 DPushes remaining with DInf 0.0000000e+00                17s

  109164 PPushes remaining with PInf 2.2210119e-04                18s
       0 PPushes remaining with PInf 0.0000000e+00                18s

  Push phase complete: Pinf 0.0000000e+00, Dinf 3.1950000e-01     18s

Iteration    Objective       Primal Inf.    Dual Inf.      Time
  142761    1.1738144e+04   0.000000e+00   3.195000e-01     18s

Solved with barrier
Extra simplex iterations after uncrush: 2033
  144830    1.1738144e+04   0.000000e+00   0.000000e+00     19s

Use crossover to convert LP symmetric solution to basic solution...
Crossover log...

    2306 DPushes remaining with DInf 0.0000000e+00                19s
       0 DPushes remaining with DInf 0.0000000e+00                19s

    6783 PPushes remaining with PInf 0.0000000e+00                19s
       0 PPushes remaining with PInf 0.0000000e+00                20s

  Push phase complete: Pinf 0.0000000e+00, Dinf 6.2994054e-13     20s

Iteration    Objective       Primal Inf.    Dual Inf.      Time
  153920    1.1738144e+04   0.000000e+00   1.222154e+03     20s
  160133    1.1738165e+04   0.000000e+00   1.317447e+03     26s
  162545    1.1738168e+04   0.000000e+00   1.980667e+03     31s
  164957    1.1738171e+04   0.000000e+00   4.790223e+04     36s
  166766    1.1738173e+04   0.000000e+00   7.793867e+02     40s
  169178    1.1738174e+04   0.000000e+00   6.337808e+02     46s
  170987    1.1738174e+04   0.000000e+00   3.580058e+02     50s
  172796    1.1738174e+04   0.000000e+00   7.576010e+02     55s
  174605    1.1738174e+04   0.000000e+00   8.453437e-01     61s
  175715    1.1738174e+04   0.000000e+00   2.120066e-02     65s
Extra simplex iterations after uncrush: 22324
  176244    1.1738144e+04   0.000000e+00   0.000000e+00     68s

Solved in 176244 iterations and 68.20 seconds (137.93 work units)
Optimal objective  1.173814376e+04
