
Gurobi 10.0.1 (linux64) logging started Fri Mar 21 08:57:35 2025

Set parameter LogFile to value "Results/Conservative_experiment/c1_0.60_c2_0.60.log"
Set parameter TimeLimit to value 7200
Gurobi Optimizer version 10.0.1 build v10.0.1rc0 (linux64)

CPU model: AMD EPYC 9654 96-Core Processor, instruction set [SSE2|AVX|AVX2|AVX512]
Thread count: 192 physical cores, 192 logical processors, using up to 32 threads

Academic license 656792 - for non-commercial use only - registered to b.___@student.vu.nl
Optimize a model with 1503546 rows, 1627952 columns and 5997496 nonzeros
Model fingerprint: 0x604caaeb
Coefficient statistics:
  Matrix range     [6e-01, 1e+00]
  Objective range  [6e-02, 5e+00]
  Bounds range     [0e+00, 0e+00]
  RHS range        [1e-02, 1e+03]
Presolve removed 961085 rows and 884356 columns (presolve time = 5s) ...
Presolve removed 961085 rows and 884356 columns
Presolve time: 5.21s
Presolved: 542461 rows, 743596 columns, 2508821 nonzeros

Concurrent LP optimizer: primal simplex, dual simplex, and barrier
Showing barrier log only...

Ordering time: 1.50s

Barrier statistics:
 AA' NZ     : 1.776e+06
 Factor NZ  : 1.411e+07 (roughly 260 MB of memory)
 Factor Ops : 7.999e+09 (less than 1 second per iteration)
 Threads    : 30

                  Objective                Residual
Iter       Primal          Dual         Primal    Dual     Compl     Time
   0  -1.21083835e+07  1.43455208e+08  9.39e+05 8.47e+01  2.42e+04     8s
   1  -1.10474907e+07  1.19801982e+08  5.69e+05 1.31e+02  1.34e+04     8s
   2  -1.22741900e+07  9.71233864e+07  1.38e+05 5.98e+01  3.86e+03     9s
   3  -2.62144684e+07  9.18064372e+07  4.90e+04 5.45e+01  2.19e+03     9s
   4  -4.86391985e+07  2.60654947e+07  2.92e+04 1.18e+01  7.75e+02     9s
   5  -2.30036147e+07  8.01497891e+06  7.30e+03 2.69e+00  2.07e+02     9s
   6  -8.17589807e+06  2.85426436e+06  1.83e+03 5.99e-01  5.61e+01     9s
   7  -1.84301905e+06  9.97082452e+05  2.95e+02 7.85e-02  1.16e+01     9s
   8  -3.63075387e+05  3.39927371e+05  5.37e+01 4.04e-03  2.57e+00    10s
   9  -4.30981149e+04  1.35685896e+05  7.74e+00 5.23e-03  5.97e-01    10s
  10  -1.20329965e+04  5.74385627e+04  2.84e+00 1.45e-12  2.18e-01    10s
  11  -1.74207042e+03  4.12533332e+04  1.56e+00 1.73e-12  1.32e-01    10s
  12  -9.52116454e+02  2.92380573e+04  1.46e+00 1.74e-12  9.17e-02    10s
  13   5.65882840e+03  2.30133334e+04  6.75e-01 1.50e-12  5.17e-02    10s
  14   9.07711637e+03  2.00346691e+04  2.52e-01 1.16e-12  3.20e-02    11s
  15   9.28394800e+03  1.86266973e+04  2.33e-01 2.02e-12  2.73e-02    11s
  16   1.04684627e+04  1.55373012e+04  1.06e-01 1.45e-12  1.46e-02    11s
  17   1.08915534e+04  1.43339722e+04  6.71e-02 1.51e-12  9.90e-03    11s
  18   1.10909894e+04  1.37217160e+04  4.95e-02 3.09e-12  7.55e-03    11s
  19   1.12024099e+04  1.31141846e+04  4.00e-02 1.77e-12  5.49e-03    11s
  20   1.13793945e+04  1.24611561e+04  2.50e-02 2.09e-12  3.10e-03    12s
  21   1.14725714e+04  1.22103728e+04  1.79e-02 2.50e-12  2.12e-03    12s
  22   1.15351134e+04  1.21116575e+04  1.32e-02 2.61e-12  1.65e-03    12s
  23   1.15475843e+04  1.21003868e+04  1.24e-02 3.19e-12  1.58e-03    12s
  24   1.15721703e+04  1.20445863e+04  1.08e-02 4.47e-12  1.35e-03    12s
  25   1.16044880e+04  1.20290147e+04  8.51e-03 2.93e-12  1.21e-03    12s
  26   1.16228255e+04  1.19537799e+04  7.34e-03 2.24e-12  9.48e-04    13s
  27   1.16582981e+04  1.18959032e+04  5.03e-03 2.55e-12  6.80e-04    13s
  28   1.16752521e+04  1.18689140e+04  3.96e-03 2.57e-12  5.54e-04    13s
  29   1.16821226e+04  1.18431746e+04  3.53e-03 2.34e-12  4.61e-04    13s
  30   1.16928272e+04  1.18273571e+04  2.88e-03 3.44e-12  3.85e-04    13s
  31   1.17049925e+04  1.18071384e+04  2.13e-03 3.67e-12  2.92e-04    14s
  32   1.17151910e+04  1.17938327e+04  1.58e-03 4.14e-12  2.25e-04    14s
  33   1.17187190e+04  1.17844615e+04  1.30e-03 3.61e-12  1.88e-04    14s
  34   1.17213118e+04  1.17775200e+04  1.10e-03 4.21e-12  1.61e-04    14s
  35   1.17309269e+04  1.17604057e+04  4.62e-04 3.36e-12  8.41e-05    14s
  36   1.17362419e+04  1.17550311e+04  1.03e-04 2.80e-12  5.34e-05    15s
  37   1.17364678e+04  1.17527671e+04  9.18e-05 3.40e-12  4.63e-05    15s
  38   1.17367393e+04  1.17516729e+04  7.87e-05 3.17e-12  4.24e-05    15s
  39   1.17368199e+04  1.17496714e+04  7.42e-05 2.83e-12  3.65e-05    15s
  40   1.17370805e+04  1.17489128e+04  5.71e-05 3.63e-12  3.36e-05    15s
  41   1.17378653e+04  1.17434216e+04  4.34e-06 2.73e-12  1.57e-05    16s
  42   1.17380209e+04  1.17397004e+04  1.18e-06 1.18e-11  4.76e-06    16s
  43   1.17381024e+04  1.17386987e+04  2.35e-07 1.38e-11  1.69e-06    16s
  44   1.17381172e+04  1.17383993e+04  1.29e-07 2.31e-11  8.00e-07    16s
  45   1.17381314e+04  1.17382761e+04  5.16e-08 3.74e-11  4.10e-07    16s
  46   1.17381380e+04  1.17381938e+04  1.99e-08 6.46e-11  1.58e-07    16s
  47   1.17381416e+04  1.17381561e+04  6.21e-09 4.49e-11  4.12e-08    17s
  48   1.17381435e+04  1.17381459e+04  5.99e-10 4.96e-11  6.90e-09    17s
  49   1.17381437e+04  1.17381449e+04  3.52e-09 6.59e-11  3.40e-09    17s
  50   1.17381438e+04  1.17381438e+04  1.02e-09 2.18e-10  9.51e-11    17s

Barrier solved model in 50 iterations and 17.08 seconds (13.62 work units)
Optimal objective 1.17381438e+04

Crossover log...

   35393 DPushes remaining with DInf 0.0000000e+00                17s
       0 DPushes remaining with DInf 0.0000000e+00                18s

  107378 PPushes remaining with PInf 5.8459824e-05                18s
       0 PPushes remaining with PInf 0.0000000e+00                18s

  Push phase complete: Pinf 0.0000000e+00, Dinf 1.6137314e-11     18s


Solved with barrier
Extra simplex iterations after uncrush: 1033
Iteration    Objective       Primal Inf.    Dual Inf.      Time
  141627    1.1738144e+04   0.000000e+00   0.000000e+00     19s

Use crossover to convert LP symmetric solution to basic solution...
Crossover log...

    9976 DPushes remaining with DInf 0.0000000e+00                19s
       0 DPushes remaining with DInf 0.0000000e+00                19s

    6804 PPushes remaining with PInf 0.0000000e+00                20s
       0 PPushes remaining with PInf 0.0000000e+00                20s

  Push phase complete: Pinf 0.0000000e+00, Dinf 7.9125595e-13     20s

Extra simplex iterations after uncrush: 3023
Iteration    Objective       Primal Inf.    Dual Inf.      Time
  161431    1.1738144e+04   0.000000e+00   0.000000e+00     24s

Solved in 161431 iterations and 24.29 seconds (27.23 work units)
Optimal objective  1.173814376e+04
