
Gurobi 10.0.1 (linux64) logging started Fri Mar 21 08:57:34 2025

Set parameter LogFile to value "Results/Conservative_experiment/c1_1.00_c2_1.00.log"
Set parameter TimeLimit to value 7200
Gurobi Optimizer version 10.0.1 build v10.0.1rc0 (linux64)

CPU model: AMD EPYC 9654 96-Core Processor, instruction set [SSE2|AVX|AVX2|AVX512]
Thread count: 192 physical cores, 192 logical processors, using up to 32 threads

Academic license 656792 - for non-commercial use only - registered to b.___@student.vu.nl
Optimize a model with 1503546 rows, 1627952 columns and 5997496 nonzeros
Model fingerprint: 0x5ffb05bc
Coefficient statistics:
  Matrix range     [1e+00, 1e+00]
  Objective range  [6e-02, 5e+00]
  Bounds range     [0e+00, 0e+00]
  RHS range        [1e-02, 1e+03]
Presolve removed 961085 rows and 884356 columns (presolve time = 5s) ...
Presolve removed 961085 rows and 884356 columns
Presolve time: 5.23s
Presolved: 542461 rows, 743596 columns, 2508820 nonzeros

Concurrent LP optimizer: primal simplex, dual simplex, and barrier
Showing barrier log only...

Ordering time: 1.52s

Barrier statistics:
 AA' NZ     : 1.776e+06
 Factor NZ  : 1.411e+07 (roughly 260 MB of memory)
 Factor Ops : 7.999e+09 (less than 1 second per iteration)
 Threads    : 30

                  Objective                Residual
Iter       Primal          Dual         Primal    Dual     Compl     Time
   0  -1.22281358e+07  2.97927717e+08  1.45e+06 7.60e+01  6.53e+04     8s
   1  -1.26988194e+07  2.81791430e+08  1.11e+06 1.56e+02  4.99e+04     8s
   2  -2.59607430e+08  2.79610520e+08  3.69e+05 1.49e+02  2.79e+04     9s
   3  -5.14183018e+08  1.30861056e+08  8.34e+04 6.69e+00  3.67e+03     9s
   4  -1.85505622e+08  2.89944867e+07  2.43e+04 5.41e-01  9.48e+02     9s
   5  -5.97822802e+07  1.14951762e+07  7.20e+03 1.32e-01  2.93e+02     9s
   6  -3.08573993e+07  6.29228990e+06  3.53e+03 5.49e-02  1.47e+02     9s
   7  -1.15707609e+07  2.21127771e+06  1.24e+03 6.06e-03  5.19e+01     9s
   8  -2.94296965e+06  6.93558012e+05  2.64e+02 5.23e-12  1.26e+01     9s
   9  -7.56239433e+05  2.76750892e+05  5.94e+01 3.18e-12  3.39e+00    10s
  10  -1.80954050e+05  1.85971665e+05  1.64e+01 1.93e-12  1.16e+00    10s
  11  -4.40947219e+04  1.45274082e+05  7.31e+00 1.59e-12  5.87e-01    10s
  12  -1.43764732e+04  1.09698454e+05  5.17e+00 1.63e-12  3.85e-01    10s
  13  -8.73788126e+03  9.30140308e+04  4.77e+00 1.37e-12  3.16e-01    10s
  14  -2.27698054e+03  7.22295377e+04  3.18e+00 1.25e-12  2.26e-01    10s
  15   3.76042641e+03  5.06672754e+04  1.70e+00 1.03e-12  1.39e-01    11s
  16   8.09476858e+03  4.14894052e+04  6.35e-01 1.90e-12  9.65e-02    11s
  17   8.71442781e+03  3.10438319e+04  4.85e-01 1.38e-12  6.44e-02    11s
  18   8.80576495e+03  2.62061182e+04  4.69e-01 1.23e-12  5.04e-02    11s
  19   9.94490711e+03  2.33131756e+04  3.02e-01 1.52e-12  3.85e-02    11s
  20   1.03351471e+04  1.86420715e+04  2.29e-01 1.07e-12  2.40e-02    11s
  21   1.11101213e+04  1.49705554e+04  8.18e-02 1.26e-12  1.11e-02    11s
  22   1.12558319e+04  1.36387240e+04  6.09e-02 1.58e-12  6.86e-03    12s
  23   1.13607351e+04  1.32759474e+04  4.63e-02 1.21e-12  5.51e-03    12s
  24   1.13942286e+04  1.28449421e+04  4.15e-02 2.26e-12  4.18e-03    12s
  25   1.14394727e+04  1.27488755e+04  3.55e-02 1.75e-12  3.77e-03    12s
  26   1.14679535e+04  1.24780209e+04  3.19e-02 1.55e-12  2.92e-03    12s
  27   1.15407037e+04  1.21870431e+04  2.29e-02 1.48e-12  1.87e-03    12s
  28   1.15930293e+04  1.21389172e+04  1.70e-02 1.56e-12  1.58e-03    13s
  29   1.16123057e+04  1.20865420e+04  1.48e-02 1.77e-12  1.37e-03    13s
  30   1.16484701e+04  1.19976144e+04  1.03e-02 1.61e-12  1.01e-03    13s
  31   1.16643831e+04  1.19343734e+04  8.65e-03 1.35e-12  7.80e-04    13s
  32   1.16789266e+04  1.19020696e+04  7.13e-03 1.96e-12  6.45e-04    13s
  33   1.16814540e+04  1.18936949e+04  6.85e-03 1.44e-12  6.14e-04    14s
  34   1.16943004e+04  1.18699243e+04  5.29e-03 1.69e-12  5.07e-04    14s
  35   1.17005835e+04  1.18560581e+04  4.57e-03 1.80e-12  4.49e-04    14s
  36   1.17107063e+04  1.18321176e+04  3.47e-03 2.12e-12  3.50e-04    14s
  37   1.17135140e+04  1.18206663e+04  3.19e-03 1.86e-12  3.09e-04    15s
  38   1.17163913e+04  1.18100816e+04  2.77e-03 1.73e-12  2.70e-04    15s
  39   1.17171122e+04  1.18071629e+04  2.65e-03 2.32e-12  2.60e-04    15s
  40   1.17211316e+04  1.17745062e+04  2.25e-03 1.42e-12  1.55e-04    15s
  41   1.17347692e+04  1.17665745e+04  3.31e-04 1.71e-12  9.06e-05    15s
  42   1.17351569e+04  1.17619592e+04  2.97e-04 2.04e-12  7.64e-05    15s
  43   1.17361360e+04  1.17572524e+04  2.02e-04 1.89e-12  6.01e-05    16s
  44   1.17376497e+04  1.17464921e+04  3.74e-05 1.69e-12  2.51e-05    16s
  45   1.17380236e+04  1.17393889e+04  4.89e-06 1.77e-12  3.87e-06    16s
  46   1.17380836e+04  1.17386767e+04  2.07e-06 2.31e-12  1.68e-06    17s
  47   1.17381162e+04  1.17384235e+04  8.18e-07 2.44e-12  8.71e-07    17s
  48   1.17381321e+04  1.17382425e+04  2.86e-07 2.77e-12  3.13e-07    17s
  49   1.17381396e+04  1.17381743e+04  8.95e-08 4.11e-12  9.84e-08    17s
  50   1.17381427e+04  1.17381549e+04  2.25e-08 2.91e-12  3.48e-08    17s
  51   1.17381429e+04  1.17381531e+04  5.80e-08 5.00e-12  2.91e-08    17s
  52   1.17381436e+04  1.17381443e+04  2.10e-08 4.73e-12  1.85e-09    18s
  53   1.17381438e+04  1.17381438e+04  1.49e-09 5.43e-12  3.83e-11    18s

Barrier solved model in 53 iterations and 17.75 seconds (14.40 work units)
Optimal objective 1.17381438e+04

Crossover log...

   35333 DPushes remaining with DInf 0.0000000e+00                18s
       0 DPushes remaining with DInf 0.0000000e+00                18s

  109300 PPushes remaining with PInf 1.4361725e-04                18s
       0 PPushes remaining with PInf 0.0000000e+00                19s

  Push phase complete: Pinf 0.0000000e+00, Dinf 6.4000000e-02     19s

Iteration    Objective       Primal Inf.    Dual Inf.      Time
  142618    1.1738144e+04   0.000000e+00   6.400000e-02     19s

Solved with barrier
Extra simplex iterations after uncrush: 1224
  143859    1.1738144e+04   0.000000e+00   0.000000e+00     20s

Use crossover to convert LP symmetric solution to basic solution...
Crossover log...

    3111 DPushes remaining with DInf 0.0000000e+00                20s
       0 DPushes remaining with DInf 0.0000000e+00                20s

    7214 PPushes remaining with PInf 0.0000000e+00                20s
       0 PPushes remaining with PInf 0.0000000e+00                20s

  Push phase complete: Pinf 0.0000000e+00, Dinf 1.7464363e-12     20s

Iteration    Objective       Primal Inf.    Dual Inf.      Time
  160365    1.1738169e+04   0.000000e+00   2.459205e+03     26s
  163380    1.1738176e+04   0.000000e+00   4.368290e+04     31s
  165189    1.1738178e+04   0.000000e+00   1.408577e+05     35s
  166998    1.1738181e+04   0.000000e+00   2.118442e+04     40s
  168807    1.1738183e+04   0.000000e+00   4.470477e+03     45s
  171219    1.1738184e+04   0.000000e+00   2.597539e+03     51s
  173028    1.1738185e+04   0.000000e+00   2.638994e+03     56s
  174837    1.1738186e+04   0.000000e+00   2.007903e+03     61s
  176646    1.1738187e+04   0.000000e+00   1.141027e+03     67s
  177852    1.1738187e+04   0.000000e+00   3.786197e+03     71s
  179058    1.1738187e+04   0.000000e+00   2.753820e+03     76s
  180867    1.1738188e+04   0.000000e+00   6.015880e+02     82s
  182073    1.1738188e+04   0.000000e+00   5.740824e+02     86s
  183279    1.1738188e+04   0.000000e+00   4.585360e+02     91s
  184485    1.1738188e+04   0.000000e+00   6.119293e+01     95s
  186294    1.1738188e+04   0.000000e+00   3.666874e+01    102s
  187447    1.1738188e+04   0.000000e+00   1.277280e+01    108s
  188047    1.1738188e+04   0.000000e+00   8.142571e-01    111s
  189253    1.1738188e+04   0.000000e+00   2.994375e-01    116s
  190283    1.1738188e+04   0.000000e+00   2.187500e-03    122s
Extra simplex iterations after uncrush: 36288
  190474    1.1738144e+04   0.000000e+00   0.000000e+00    124s

Solved in 190474 iterations and 123.66 seconds (262.28 work units)
Optimal objective  1.173814376e+04
