
Gurobi 10.0.1 (linux64) logging started Wed Apr  2 15:59:54 2025

Set parameter LogFile to value "Results/FullCheck/with_nine_hydrogen_with_storage.log"
Set parameter TimeLimit to value 84600
Gurobi Optimizer version 10.0.1 build v10.0.1rc0 (linux64)

CPU model: AMD EPYC 9654 96-Core Processor, instruction set [SSE2|AVX|AVX2|AVX512]
Thread count: 192 physical cores, 192 logical processors, using up to 32 threads

Academic license 656792 - for non-commercial use only - registered to b.___@student.vu.nl
Optimize a model with 12498080 rows, 14789088 columns and 56370352 nonzeros
Model fingerprint: 0x5e1933e3
Coefficient statistics:
  Matrix range     [2e-01, 1e+00]
  Objective range  [4e-06, 5e+00]
  Bounds range     [0e+00, 0e+00]
  RHS range        [1e-02, 1e+03]
Presolve removed 8234576 rows and 7265536 columns (presolve time = 5s) ...
Presolve removed 8235088 rows and 7513600 columns (presolve time = 10s) ...
Presolve removed 8243184 rows and 8810000 columns (presolve time = 16s) ...
Presolve removed 9778454 rows and 10242610 columns (presolve time = 21s) ...
Presolve removed 9894370 rows and 10358526 columns (presolve time = 26s) ...
Presolve removed 9894370 rows and 10358526 columns (presolve time = 31s) ...
Presolve removed 10651300 rows and 11530509 columns (presolve time = 35s) ...
Presolve removed 10655685 rows and 11531825 columns
Presolve time: 39.51s
Presolved: 1842395 rows, 3257309 columns, 12795866 nonzeros

Concurrent LP optimizer: primal simplex, dual simplex, and barrier
Showing barrier log only...

Elapsed ordering time = 5s
Elapsed ordering time = 40s
Elapsed ordering time = 45s
Elapsed ordering time = 50s
Elapsed ordering time = 55s
Elapsed ordering time = 60s
Elapsed ordering time = 65s
Elapsed ordering time = 76s
Elapsed ordering time = 80s
Elapsed ordering time = 85s
Elapsed ordering time = 90s
Elapsed ordering time = 95s
Elapsed ordering time = 100s
Elapsed ordering time = 105s
Elapsed ordering time = 114s
Elapsed ordering time = 116s
Elapsed ordering time = 120s
Elapsed ordering time = 125s
Elapsed ordering time = 130s
Elapsed ordering time = 135s
Elapsed ordering time = 140s
Elapsed ordering time = 145s
Elapsed ordering time = 153s
Elapsed ordering time = 156s
Elapsed ordering time = 160s
Elapsed ordering time = 165s
Elapsed ordering time = 170s
Elapsed ordering time = 175s
Ordering time: 188.21s

Barrier statistics:
 AA' NZ     : 2.684e+07
 Factor NZ  : 2.455e+09 (roughly 20.0 GB of memory)
 Factor Ops : 3.908e+13 (roughly 100 seconds per iteration)
 Threads    : 30

                  Objective                Residual
Iter       Primal          Dual         Primal    Dual     Compl     Time
   0  -4.84925104e+05  1.73718350e+08  8.74e+03 2.61e+01  1.25e+04   277s
   1  -7.67982621e+06  1.57897178e+08  4.08e+03 1.51e+01  6.72e+03   302s
   2  -1.22885170e+07  9.33254958e+07  1.22e+03 1.52e+00  1.35e+03   328s
   3  -9.16835445e+06  3.48990921e+07  2.11e+02 1.46e-01  2.50e+02   354s
   4  -3.66378478e+06  1.09056856e+07  5.19e+01 2.18e-02  6.35e+01   380s
   5  -6.95663224e+05  2.65291889e+06  6.88e+00 2.92e-03  1.11e+01   406s
   6  -6.26186425e+04  4.87730300e+05  4.34e-01 2.96e-04  1.37e+00   433s
   7   3.57472203e+03  1.08014312e+05  1.60e-02 4.38e-05  2.35e-01   481s
   8   1.37689897e+04  3.66528620e+04  2.23e-03 6.95e-06  5.02e-02   529s
   9   1.70303052e+04  3.04528431e+04  1.03e-03 4.41e-06  2.92e-02   576s
  10   1.93291742e+04  2.46619793e+04  4.50e-04 1.55e-06  1.15e-02   626s
  11   2.08789521e+04  2.23105069e+04  1.04e-04 3.18e-07  3.08e-03   675s
  12   2.13986911e+04  2.17951569e+04  2.54e-05 7.05e-08  8.52e-04   723s
  13   2.15187947e+04  2.16738719e+04  1.13e-05 1.82e-08  3.34e-04   771s
  14   2.15732061e+04  2.16446889e+04  5.52e-06 6.43e-09  1.54e-04   818s
  15   2.16171870e+04  2.16353870e+04  1.05e-06 2.56e-09  3.92e-05   865s
  16   2.16205922e+04  2.16325007e+04  7.27e-07 1.47e-09  2.56e-05   911s
  17   2.16239430e+04  2.16308132e+04  4.20e-07 8.26e-10  1.48e-05   957s
  18   2.16258519e+04  2.16300983e+04  2.47e-07 5.58e-10  9.14e-06  1003s
  19   2.16271231e+04  2.16294733e+04  1.31e-07 3.16e-10  5.06e-06  1048s
  20   2.16276259e+04  2.16291431e+04  8.70e-08 1.91e-10  3.27e-06  1093s
  21   2.16277806e+04  2.16290495e+04  7.37e-08 1.56e-10  2.73e-06  1138s
  22   2.16280835e+04  2.16289428e+04  4.77e-08 1.15e-10  1.85e-06  1185s
  23   2.16282711e+04  2.16288711e+04  8.48e-08 8.73e-11  1.29e-06  1231s
  24   2.16283591e+04  2.16287810e+04  6.50e-08 5.24e-11  9.09e-07  1276s
  25   2.16284253e+04  2.16287401e+04  5.04e-08 3.68e-11  6.79e-07  1323s
  26   2.16285168e+04  2.16287167e+04  2.98e-08 2.75e-11  4.31e-07  1369s
  27   2.16285488e+04  2.16286979e+04  2.25e-08 2.00e-11  3.21e-07  1415s
  28   2.16286035e+04  2.16286696e+04  1.02e-08 8.96e-12  1.42e-07  1464s
  29   2.16286123e+04  2.16286663e+04  8.17e-09 7.66e-12  1.16e-07  1512s
  30   2.16286192e+04  2.16286636e+04  6.54e-09 6.57e-12  9.56e-08  1559s
  31   2.16286202e+04  2.16286604e+04  6.30e-09 5.32e-12  8.67e-08  1605s
  32   2.16286232e+04  2.16286590e+04  5.59e-09 4.74e-12  7.70e-08  1653s
  33   2.16286283e+04  2.16286557e+04  1.76e-08 3.43e-12  5.91e-08  1700s

Barrier performed 33 iterations in 1735.04 seconds (2476.22 work units)
Barrier solve interrupted - model solved by another algorithm


Solved with dual simplex
Extra simplex iterations after uncrush: 55
Iteration    Objective       Primal Inf.    Dual Inf.      Time
 1625117    2.1628647e+04   0.000000e+00   0.000000e+00   1736s

Use crossover to convert LP symmetric solution to basic solution...
Crossover log...

   47471 DPushes remaining with DInf 0.0000000e+00              1739s
   24451 DPushes remaining with DInf 0.0000000e+00              1740s
       0 DPushes remaining with DInf 0.0000000e+00              1743s

   36595 PPushes remaining with PInf 0.0000000e+00              1743s
   18982 PPushes remaining with PInf 0.0000000e+00              1745s
       0 PPushes remaining with PInf 0.0000000e+00              1749s

  Push phase complete: Pinf 0.0000000e+00, Dinf 3.2519430e-11   1749s

Iteration    Objective       Primal Inf.    Dual Inf.      Time
 1706159    2.1628647e+04   0.000000e+00   9.753594e+04   1756s
 1733273    2.1628647e+04   0.000000e+00   4.179159e+06   1766s
 1734835    2.1628647e+04   0.000000e+00   3.874601e+06   1784s
 1736397    2.1628647e+04   0.000000e+00   3.886228e+06   1794s
 1737959    2.1628647e+04   0.000000e+00   4.406073e+06   1807s
 1739521    2.1628649e+04   0.000000e+00   6.150407e+06   1825s
 1741083    2.1628651e+04   0.000000e+00   9.026740e+06   1837s
 1742645    2.1628652e+04   0.000000e+00   3.082090e+06   1852s
 1744207    2.1628657e+04   0.000000e+00   4.701883e+06   1870s
 1745769    2.1628659e+04   0.000000e+00   2.738306e+07   1884s
 1747331    2.1628663e+04   0.000000e+00   1.138447e+07   1894s
 1748893    2.1628665e+04   0.000000e+00   8.237838e+06   1906s
 1750455    2.1628669e+04   0.000000e+00   1.240178e+07   1919s
 1752017    2.1628673e+04   0.000000e+00   1.364275e+07   1931s
 1753579    2.1628676e+04   0.000000e+00   4.822052e+06   1943s
 1755141    2.1628680e+04   0.000000e+00   2.144946e+07   1956s
 1756703    2.1628684e+04   0.000000e+00   2.336946e+07   1968s
 1758265    2.1628687e+04   0.000000e+00   7.067018e+06   1980s
 1759827    2.1628697e+04   0.000000e+00   1.278514e+07   1993s
 1761389    2.1628703e+04   0.000000e+00   2.991417e+07   2004s
 1762951    2.1628710e+04   0.000000e+00   8.911262e+06   2014s
 1764513    2.1628714e+04   0.000000e+00   8.153165e+06   2034s
 1766075    2.1628717e+04   0.000000e+00   9.141659e+06   2049s
 1767637    2.1628720e+04   0.000000e+00   9.983638e+06   2066s
 1769199    2.1628723e+04   0.000000e+00   1.087044e+08   2081s
 1777178    2.1628730e+04   0.000000e+00   1.742825e+07   2103s
 1778740    2.1628733e+04   0.000000e+00   6.738044e+06   2133s
 1781617    2.1628737e+04   0.000000e+00   4.894211e+07   2160s
 1783179    2.1628740e+04   0.000000e+00   6.626184e+06   2174s
 1784741    2.1628741e+04   0.000000e+00   1.606524e+07   2192s
 1786303    2.1628744e+04   0.000000e+00   4.746774e+06   2205s
 1787865    2.1628745e+04   0.000000e+00   9.399179e+06   2230s
 1789427    2.1628747e+04   0.000000e+00   9.689817e+06   2246s
 1790989    2.1628748e+04   0.000000e+00   5.071029e+06   2263s
 1792551    2.1628750e+04   0.000000e+00   5.448833e+07   2280s
 1795399    2.1628752e+04   0.000000e+00   1.186120e+07   2295s
 1796961    2.1628754e+04   0.000000e+00   1.024895e+07   2322s
 1803369    2.1628758e+04   0.000000e+00   1.295977e+08   2362s
 1804931    2.1628759e+04   0.000000e+00   8.507970e+06   2379s
 1806493    2.1628760e+04   0.000000e+00   4.216753e+07   2398s
 1809699    2.1628762e+04   0.000000e+00   3.037639e+07   2416s
 1811261    2.1628763e+04   0.000000e+00   3.436629e+06   2434s
 1812823    2.1628763e+04   0.000000e+00   4.412464e+06   2453s
 1814385    2.1628764e+04   0.000000e+00   4.251908e+06   2471s
 1815947    2.1628765e+04   0.000000e+00   5.326776e+06   2491s
 1817509    2.1628766e+04   0.000000e+00   7.704175e+06   2509s
 1819071    2.1628766e+04   0.000000e+00   5.450236e+06   2526s
 1820633    2.1628767e+04   0.000000e+00   4.544262e+06   2548s
 1822195    2.1628767e+04   0.000000e+00   5.677150e+06   2571s
 1823757    2.1628768e+04   0.000000e+00   6.311139e+06   2590s
 1825319    2.1628769e+04   0.000000e+00   5.699692e+06   2611s
 1826881    2.1628769e+04   0.000000e+00   3.972514e+06   2632s
 1828443    2.1628770e+04   0.000000e+00   3.355263e+06   2652s
 1830005    2.1628770e+04   0.000000e+00   5.936161e+06   2674s
 1831567    2.1628771e+04   0.000000e+00   8.830411e+06   2694s
 1833129    2.1628772e+04   0.000000e+00   8.694928e+06   2709s
 1834691    2.1628772e+04   0.000000e+00   8.435564e+06   2727s
 1836253    2.1628773e+04   0.000000e+00   2.081126e+07   2747s
 1837815    2.1628774e+04   0.000000e+00   8.729020e+06   2764s
 1839377    2.1628774e+04   0.000000e+00   1.434925e+07   2784s
 1840939    2.1628775e+04   0.000000e+00   8.800028e+06   2803s
 1842501    2.1628776e+04   0.000000e+00   1.187073e+07   2822s
 1844063    2.1628776e+04   0.000000e+00   1.131969e+07   2842s
 1845625    2.1628777e+04   0.000000e+00   1.162156e+07   2859s
 1847187    2.1628778e+04   0.000000e+00   5.358822e+06   2876s
 1848749    2.1628778e+04   0.000000e+00   1.384488e+07   2898s
 1850311    2.1628779e+04   0.000000e+00   8.256557e+06   2919s
 1851873    2.1628783e+04   0.000000e+00   4.774165e+06   2939s
 1853435    2.1628794e+04   0.000000e+00   2.979205e+07   2961s
 1854997    2.1628795e+04   0.000000e+00   1.536331e+07   2977s
 1856559    2.1628795e+04   0.000000e+00   4.110211e+06   2995s
 1858121    2.1628797e+04   0.000000e+00   7.103330e+06   3016s
 1859683    2.1628802e+04   0.000000e+00   1.043950e+07   3033s
 1861245    2.1628804e+04   0.000000e+00   7.285679e+06   3051s
 1862807    2.1628805e+04   0.000000e+00   8.240412e+06   3069s
 1864369    2.1628805e+04   0.000000e+00   6.942027e+07   3087s
 1865931    2.1628807e+04   0.000000e+00   1.291842e+07   3105s
 1867493    2.1628807e+04   0.000000e+00   1.007652e+07   3127s
 1869055    2.1628808e+04   0.000000e+00   1.023092e+07   3149s
 1870617    2.1628808e+04   0.000000e+00   2.986687e+07   3169s
 1872179    2.1628809e+04   0.000000e+00   7.123940e+06   3186s
 1873741    2.1628809e+04   0.000000e+00   2.220750e+07   3208s
 1879194    2.1628810e+04   0.000000e+00   1.980443e+07   3238s
 1880756    2.1628810e+04   0.000000e+00   4.526207e+06   3269s
 1887758    2.1628811e+04   0.000000e+00   1.094454e+07   3337s
 1889320    2.1628812e+04   0.000000e+00   5.190859e+06   3385s
 1890882    2.1628812e+04   0.000000e+00   4.417846e+06   3422s
 1895239    2.1628813e+04   0.000000e+00   9.658626e+07   3478s
 1896801    2.1628813e+04   0.000000e+00   1.153003e+07   3508s
 1898363    2.1628813e+04   0.000000e+00   1.375470e+07   3536s
 1899925    2.1628814e+04   0.000000e+00   1.014981e+07   3563s
 1901487    2.1628814e+04   0.000000e+00   1.392884e+07   3591s
 1903049    2.1628814e+04   0.000000e+00   8.695504e+06   3621s
 1904611    2.1628814e+04   0.000000e+00   2.173660e+07   3651s
 1906173    2.1628814e+04   0.000000e+00   5.505500e+06   3678s
 1907735    2.1628814e+04   0.000000e+00   1.647564e+07   3709s
 1909297    2.1628815e+04   0.000000e+00   4.547014e+07   3738s
 1910859    2.1628815e+04   0.000000e+00   9.639628e+07   3769s
 1912421    2.1628815e+04   0.000000e+00   6.322991e+06   3804s
 1913983    2.1628815e+04   0.000000e+00   7.395447e+06   3838s
 1915545    2.1628815e+04   0.000000e+00   8.964321e+06   3872s
 1917107    2.1628815e+04   0.000000e+00   7.610032e+06   3902s
 1918669    2.1628815e+04   0.000000e+00   2.371150e+07   3937s
 1920231    2.1628815e+04   0.000000e+00   5.542710e+06   3967s
 1921793    2.1628816e+04   0.000000e+00   4.168718e+07   3999s
 1923355    2.1628816e+04   0.000000e+00   7.137001e+06   4029s
 1924917    2.1628816e+04   0.000000e+00   1.427388e+07   4057s
 1926479    2.1628816e+04   0.000000e+00   8.750227e+06   4085s
 1928041    2.1628816e+04   0.000000e+00   4.090433e+07   4113s
 1932443    2.1628816e+04   0.000000e+00   5.470351e+06   4170s
 1934005    2.1628816e+04   0.000000e+00   4.461508e+06   4212s
 1935567    2.1628817e+04   0.000000e+00   6.505487e+06   4253s
 1937129    2.1628817e+04   0.000000e+00   7.507758e+06   4299s
 1938691    2.1628817e+04   0.000000e+00   6.528346e+06   4334s
 1940253    2.1628818e+04   0.000000e+00   1.192695e+07   4369s
 1941815    2.1628818e+04   0.000000e+00   7.745630e+06   4411s
 1943377    2.1628818e+04   0.000000e+00   4.501512e+06   4447s
 1944939    2.1628819e+04   0.000000e+00   7.173799e+06   4478s
 1946501    2.1628819e+04   0.000000e+00   1.292482e+07   4512s
 1948063    2.1628819e+04   0.000000e+00   8.190660e+06   4540s
 1949625    2.1628819e+04   0.000000e+00   9.788177e+06   4574s
 1951187    2.1628820e+04   0.000000e+00   1.571785e+07   4609s
 1952749    2.1628820e+04   0.000000e+00   8.458970e+06   4638s
 1954311    2.1628820e+04   0.000000e+00   1.296161e+07   4677s
 1955873    2.1628821e+04   0.000000e+00   1.022410e+07   4715s
 1957435    2.1628821e+04   0.000000e+00   1.496543e+07   4754s
 1958997    2.1628821e+04   0.000000e+00   9.740925e+06   4792s
 1960559    2.1628822e+04   0.000000e+00   8.925262e+06   4841s
 1962121    2.1628822e+04   0.000000e+00   9.358057e+06   4884s
 1963683    2.1628822e+04   0.000000e+00   4.616618e+06   4930s
 1965245    2.1628823e+04   0.000000e+00   5.877629e+06   4968s
 1966807    2.1628823e+04   0.000000e+00   5.909566e+06   5015s
 1968369    2.1628823e+04   0.000000e+00   1.082842e+07   5060s
 1969931    2.1628824e+04   0.000000e+00   8.386196e+06   5102s
 1971493    2.1628824e+04   0.000000e+00   5.417078e+06   5147s
 1973055    2.1628824e+04   0.000000e+00   7.132046e+06   5182s
 1974617    2.1628824e+04   0.000000e+00   5.903712e+06   5235s
 1976179    2.1628825e+04   0.000000e+00   7.788758e+06   5270s
 1977741    2.1628825e+04   0.000000e+00   2.746474e+07   5318s
 1979303    2.1628825e+04   0.000000e+00   8.648691e+06   5353s
 1980865    2.1628825e+04   0.000000e+00   5.206922e+06   5404s
 1982427    2.1628825e+04   0.000000e+00   6.847970e+06   5444s
 1983989    2.1628826e+04   0.000000e+00   7.522940e+06   5496s
 1985551    2.1628826e+04   0.000000e+00   6.411093e+06   5534s
 1987113    2.1628826e+04   0.000000e+00   5.069504e+06   5589s
 1988675    2.1628826e+04   0.000000e+00   5.675781e+06   5628s
 1990237    2.1628826e+04   0.000000e+00   1.268893e+07   5685s
 1991799    2.1628827e+04   0.000000e+00   2.447967e+07   5720s
 1993361    2.1628827e+04   0.000000e+00   4.669218e+07   5769s
 1994923    2.1628827e+04   0.000000e+00   2.358192e+07   5816s
 1996485    2.1628827e+04   0.000000e+00   1.516533e+07   5859s
 1998047    2.1628827e+04   0.000000e+00   3.153739e+07   5907s
 1999609    2.1628828e+04   0.000000e+00   1.122359e+07   5954s
 2001171    2.1628828e+04   0.000000e+00   1.794398e+07   6007s
 2002733    2.1628828e+04   0.000000e+00   1.180645e+07   6046s
 2004295    2.1628828e+04   0.000000e+00   1.105858e+07   6099s
 2005857    2.1628828e+04   0.000000e+00   1.770753e+07   6133s
 2007419    2.1628828e+04   0.000000e+00   9.924512e+06   6182s
 2008981    2.1628829e+04   0.000000e+00   1.046906e+07   6220s
 2010543    2.1628829e+04   0.000000e+00   1.366865e+07   6270s
 2012105    2.1628829e+04   0.000000e+00   1.395567e+07   6309s
 2013667    2.1628829e+04   0.000000e+00   1.259404e+07   6356s
 2015229    2.1628829e+04   0.000000e+00   1.366087e+07   6391s
 2016791    2.1628830e+04   0.000000e+00   1.138840e+07   6447s
 2018353    2.1628830e+04   0.000000e+00   8.291979e+06   6488s
 2019915    2.1628830e+04   0.000000e+00   9.323578e+06   6533s
 2021477    2.1628831e+04   0.000000e+00   2.633818e+07   6578s
 2023039    2.1628831e+04   0.000000e+00   8.259280e+06   6628s
 2024601    2.1628832e+04   0.000000e+00   2.526165e+07   6682s
 2026163    2.1628832e+04   0.000000e+00   3.565626e+07   6737s
 2027725    2.1628833e+04   0.000000e+00   2.113657e+07   6788s
 2029287    2.1628833e+04   0.000000e+00   9.296329e+06   6841s
 2030849    2.1628833e+04   0.000000e+00   5.648278e+06   6900s
 2032411    2.1628833e+04   0.000000e+00   7.006603e+06   6958s
 2033973    2.1628834e+04   0.000000e+00   1.099994e+07   7019s
 2035535    2.1628834e+04   0.000000e+00   4.756802e+07   7073s
 2037097    2.1628835e+04   0.000000e+00   8.582722e+06   7130s
 2038659    2.1628835e+04   0.000000e+00   6.904597e+07   7186s
 2040221    2.1628836e+04   0.000000e+00   1.519784e+07   7241s
 2041783    2.1628836e+04   0.000000e+00   8.940366e+06   7297s
 2043345    2.1628837e+04   0.000000e+00   1.106136e+07   7356s
 2044907    2.1628837e+04   0.000000e+00   2.341414e+07   7415s
 2046469    2.1628838e+04   0.000000e+00   1.257766e+07   7481s
 2048031    2.1628838e+04   0.000000e+00   1.301895e+07   7540s
 2049593    2.1628838e+04   0.000000e+00   1.755609e+07   7600s
 2051155    2.1628839e+04   0.000000e+00   1.629666e+07   7661s
 2052717    2.1628839e+04   0.000000e+00   4.546429e+07   7725s
 2054279    2.1628840e+04   0.000000e+00   5.820366e+06   7798s
 2055841    2.1628840e+04   0.000000e+00   8.872180e+06   7857s
 2057403    2.1628840e+04   0.000000e+00   1.151589e+07   7923s
 2058965    2.1628841e+04   0.000000e+00   7.915667e+06   7989s
 2060527    2.1628841e+04   0.000000e+00   6.633438e+06   8057s
 2062089    2.1628841e+04   0.000000e+00   5.972099e+06   8124s
 2063651    2.1628842e+04   0.000000e+00   1.941341e+07   8191s
 2065213    2.1628842e+04   0.000000e+00   1.067537e+07   8258s
 2066775    2.1628842e+04   0.000000e+00   1.273381e+07   8331s
 2068337    2.1628842e+04   0.000000e+00   7.138572e+06   8396s
 2069899    2.1628842e+04   0.000000e+00   1.156408e+07   8464s
 2071461    2.1628843e+04   0.000000e+00   1.478998e+07   8527s
 2073023    2.1628843e+04   0.000000e+00   1.554043e+07   8601s
 2074585    2.1628843e+04   0.000000e+00   1.246327e+07   8666s
 2076147    2.1628843e+04   0.000000e+00   1.133535e+07   8741s
 2077709    2.1628843e+04   0.000000e+00   1.518348e+07   8811s
 2079271    2.1628844e+04   0.000000e+00   1.770671e+07   8879s
 2080833    2.1628844e+04   0.000000e+00   3.059454e+07   8942s
 2082395    2.1628844e+04   0.000000e+00   1.872926e+07   9018s
 2083957    2.1628845e+04   0.000000e+00   1.184971e+07   9093s
 2085519    2.1628845e+04   0.000000e+00   8.722926e+06   9173s
 2087081    2.1628845e+04   0.000000e+00   1.015140e+07   9243s
 2088631    2.1628845e+04   0.000000e+00   1.092745e+07   9330s
 2090141    2.1628845e+04   0.000000e+00   2.462269e+07   9411s
 2091551    2.1628846e+04   0.000000e+00   1.685207e+07   9491s
 2093031    2.1628846e+04   0.000000e+00   1.632598e+07   9574s
 2094501    2.1628846e+04   0.000000e+00   9.015481e+06   9658s
 2096041    2.1628846e+04   0.000000e+00   1.174739e+07   9741s
 2097601    2.1628846e+04   0.000000e+00   2.473621e+07   9825s
 2099111    2.1628847e+04   0.000000e+00   9.940576e+06   9909s
 2100521    2.1628847e+04   0.000000e+00   1.212874e+07   9990s
 2102071    2.1628848e+04   0.000000e+00   2.661386e+07  10075s
 2103633    2.1628848e+04   0.000000e+00   3.296163e+07  10159s
 2105073    2.1628849e+04   0.000000e+00   1.224499e+07  10242s
 2106635    2.1628849e+04   0.000000e+00   1.497656e+07  10322s
 2108035    2.1628849e+04   0.000000e+00   1.438966e+07  10403s
 2109597    2.1628849e+04   0.000000e+00   6.277404e+06  10482s
 2111159    2.1628849e+04   0.000000e+00   3.131386e+06  10566s
 2112699    2.1628849e+04   0.000000e+00   1.035049e+07  10648s
 2114261    2.1628850e+04   0.000000e+00   7.912142e+06  10726s
 2115761    2.1628850e+04   0.000000e+00   8.466182e+06  10812s
 2117301    2.1628851e+04   0.000000e+00   1.332637e+07  10897s
 2118863    2.1628851e+04   0.000000e+00   1.305531e+07  10977s
 2120425    2.1628851e+04   0.000000e+00   9.937278e+06  11053s
 2121987    2.1628851e+04   0.000000e+00   7.369051e+06  11134s
 2123527    2.1628852e+04   0.000000e+00   2.291635e+07  11220s
 2125087    2.1628852e+04   0.000000e+00   8.379827e+06  11303s
 2126649    2.1628852e+04   0.000000e+00   1.125493e+07  11382s
 2128119    2.1628853e+04   0.000000e+00   8.192380e+06  11465s
 2129681    2.1628853e+04   0.000000e+00   1.809352e+07  11544s
 2131191    2.1628853e+04   0.000000e+00   7.418001e+06  11631s
 2132731    2.1628853e+04   0.000000e+00   2.577392e+07  11715s
 2134293    2.1628853e+04   0.000000e+00   6.682111e+06  11796s
 2135843    2.1628854e+04   0.000000e+00   9.143639e+06  11878s
 2137303    2.1628854e+04   0.000000e+00   3.107464e+07  11960s
 2138743    2.1628854e+04   0.000000e+00   7.160771e+06  12042s
 2140305    2.1628854e+04   0.000000e+00   6.207190e+06  12122s
 2141575    2.1628854e+04   0.000000e+00   1.783743e+07  12202s
 2142785    2.1628854e+04   0.000000e+00   7.302635e+07  12279s
 2144065    2.1628855e+04   0.000000e+00   9.364564e+06  12355s
 2145405    2.1628855e+04   0.000000e+00   1.545047e+07  12434s
 2146765    2.1628855e+04   0.000000e+00   3.861587e+07  12515s
 2148085    2.1628855e+04   0.000000e+00   1.288265e+07  12597s
 2149515    2.1628856e+04   0.000000e+00   2.627165e+07  12680s
 2150955    2.1628856e+04   0.000000e+00   1.228416e+07  12761s
 2152475    2.1628856e+04   0.000000e+00   7.448501e+06  12845s
 2153845    2.1628856e+04   0.000000e+00   1.046627e+07  12927s
 2155085    2.1628856e+04   0.000000e+00   5.840779e+06  13008s
 2156475    2.1628856e+04   0.000000e+00   1.365079e+07  13088s
 2157875    2.1628856e+04   0.000000e+00   1.278983e+07  13169s
 2159235    2.1628857e+04   0.000000e+00   9.484817e+06  13250s
 2160595    2.1628857e+04   0.000000e+00   2.762532e+07  13329s
 2161875    2.1628857e+04   0.000000e+00   1.874883e+07  13410s
 2163185    2.1628857e+04   0.000000e+00   1.737930e+07  13491s
 2164645    2.1628857e+04   0.000000e+00   9.980879e+06  13573s
 2165975    2.1628858e+04   0.000000e+00   8.502862e+06  13651s
 2167475    2.1628858e+04   0.000000e+00   5.917649e+07  13733s
 2168795    2.1628858e+04   0.000000e+00   7.727023e+06  13816s
 2170295    2.1628858e+04   0.000000e+00   8.807176e+06  13897s
 2171857    2.1628858e+04   0.000000e+00   7.660741e+06  13979s
 2173419    2.1628858e+04   0.000000e+00   3.049863e+07  14061s
 2174829    2.1628859e+04   0.000000e+00   2.102275e+07  14143s
 2176079    2.1628859e+04   0.000000e+00   1.706228e+07  14223s
 2177449    2.1628859e+04   0.000000e+00   1.706456e+07  14304s
 2178849    2.1628859e+04   0.000000e+00   8.259604e+06  14386s
 2180309    2.1628859e+04   0.000000e+00   1.568491e+07  14471s
 2181819    2.1628859e+04   0.000000e+00   6.947400e+06  14556s
 2183179    2.1628859e+04   0.000000e+00   1.291941e+07  14636s
 2184639    2.1628859e+04   0.000000e+00   2.256984e+07  14720s
 2186089    2.1628860e+04   0.000000e+00   1.431104e+07  14803s
 2187629    2.1628860e+04   0.000000e+00   8.242498e+06  14887s
 2189139    2.1628860e+04   0.000000e+00   2.222305e+07  14970s
 2190619    2.1628860e+04   0.000000e+00   5.741433e+06  15053s
 2192181    2.1628860e+04   0.000000e+00   4.610813e+06  15132s
 2193581    2.1628860e+04   0.000000e+00   5.507934e+06  15212s
 2195091    2.1628861e+04   0.000000e+00   1.832064e+07  15294s
 2196481    2.1628861e+04   0.000000e+00   9.480639e+06  15376s
 2197841    2.1628861e+04   0.000000e+00   1.904486e+07  15461s
 2199161    2.1628861e+04   0.000000e+00   1.430887e+07  15543s
 2200441    2.1628861e+04   0.000000e+00   2.826324e+07  15622s
 2201651    2.1628862e+04   0.000000e+00   1.545633e+07  15700s
 2202841    2.1628862e+04   0.000000e+00   1.029598e+07  15778s
 2204151    2.1628862e+04   0.000000e+00   1.297118e+07  15860s
 2205601    2.1628862e+04   0.000000e+00   1.050700e+07  15941s
 2206961    2.1628862e+04   0.000000e+00   1.228887e+07  16022s
 2208281    2.1628862e+04   0.000000e+00   9.853122e+06  16103s
 2209601    2.1628863e+04   0.000000e+00   7.263530e+06  16185s
 2211071    2.1628863e+04   0.000000e+00   9.003083e+06  16268s
 2212411    2.1628863e+04   0.000000e+00   9.389477e+06  16350s
 2213801    2.1628863e+04   0.000000e+00   1.483527e+07  16433s
 2215221    2.1628863e+04   0.000000e+00   6.979225e+06  16511s
 2216561    2.1628863e+04   0.000000e+00   7.978069e+06  16594s
 2217841    2.1628863e+04   0.000000e+00   4.770318e+06  16675s
 2219031    2.1628863e+04   0.000000e+00   1.186816e+07  16754s
 2220261    2.1628864e+04   0.000000e+00   2.296451e+08  16832s
 2221471    2.1628864e+04   0.000000e+00   1.618518e+07  16910s
 2222751    2.1628865e+04   0.000000e+00   2.132207e+07  16989s
 2224131    2.1628865e+04   0.000000e+00   2.143168e+07  17072s
 2225511    2.1628866e+04   0.000000e+00   1.260463e+07  17154s
 2226721    2.1628866e+04   0.000000e+00   7.998807e+06  17234s
 2228041    2.1628866e+04   0.000000e+00   8.223276e+06  17314s
 2229351    2.1628866e+04   0.000000e+00   1.436017e+07  17396s
 2230611    2.1628866e+04   0.000000e+00   7.465074e+06  17476s
 2232011    2.1628866e+04   0.000000e+00   1.019612e+07  17555s
 2233461    2.1628866e+04   0.000000e+00   8.882830e+06  17638s
 2235023    2.1628866e+04   0.000000e+00   6.577320e+06  17722s
 2236443    2.1628867e+04   0.000000e+00   8.343712e+06  17804s
 2237733    2.1628867e+04   0.000000e+00   2.086540e+07  17885s
 2239063    2.1628867e+04   0.000000e+00   5.060756e+07  17965s
 2240563    2.1628867e+04   0.000000e+00   3.255305e+07  18048s
 2241883    2.1628867e+04   0.000000e+00   6.605629e+06  18128s
 2243323    2.1628867e+04   0.000000e+00   1.515850e+07  18211s
 2244703    2.1628867e+04   0.000000e+00   1.347356e+07  18294s
 2246113    2.1628867e+04   0.000000e+00   1.393043e+07  18378s
 2247503    2.1628868e+04   0.000000e+00   1.048936e+07  18461s
 2248773    2.1628868e+04   0.000000e+00   7.148331e+06  18543s
 2249983    2.1628868e+04   0.000000e+00   1.459970e+07  18622s
 2251223    2.1628868e+04   0.000000e+00   9.271711e+06  18703s
 2252553    2.1628868e+04   0.000000e+00   6.644929e+06  18784s
 2253763    2.1628868e+04   0.000000e+00   1.113684e+07  18864s
 2255083    2.1628868e+04   0.000000e+00   9.545392e+06  18946s
 2256323    2.1628868e+04   0.000000e+00   7.572216e+06  19030s
 2257593    2.1628868e+04   0.000000e+00   8.043421e+07  19113s
 2258903    2.1628869e+04   0.000000e+00   7.154307e+06  19196s
 2260363    2.1628869e+04   0.000000e+00   5.244171e+06  19281s
 2261803    2.1628869e+04   0.000000e+00   1.521981e+07  19364s
 2263113    2.1628869e+04   0.000000e+00   7.817916e+06  19447s
 2264373    2.1628869e+04   0.000000e+00   7.761885e+06  19529s
 2265543    2.1628869e+04   0.000000e+00   4.031961e+06  19609s
 2266913    2.1628869e+04   0.000000e+00   9.222304e+06  19691s
 2268343    2.1628869e+04   0.000000e+00   1.370357e+07  19773s
 2269593    2.1628869e+04   0.000000e+00   5.511196e+06  19853s
 2270753    2.1628870e+04   0.000000e+00   1.236755e+07  19935s
 2272103    2.1628870e+04   0.000000e+00   6.074620e+06  20015s
 2273393    2.1628870e+04   0.000000e+00   7.618510e+06  20095s
 2274643    2.1628870e+04   0.000000e+00   6.969116e+06  20175s
 2275963    2.1628870e+04   0.000000e+00   1.698763e+07  20257s
 2277293    2.1628870e+04   0.000000e+00   4.890418e+06  20341s
 2278643    2.1628870e+04   0.000000e+00   1.075906e+07  20424s
 2280013    2.1628870e+04   0.000000e+00   5.437908e+06  20506s
 2281443    2.1628871e+04   0.000000e+00   1.019641e+07  20588s
 2282753    2.1628871e+04   0.000000e+00   7.589816e+06  20671s
 2283993    2.1628871e+04   0.000000e+00   1.821104e+07  20754s
 2285303    2.1628871e+04   0.000000e+00   4.696694e+06  20837s
 2286623    2.1628871e+04   0.000000e+00   9.453799e+06  20918s
 2287783    2.1628871e+04   0.000000e+00   1.215247e+07  20996s
 2288963    2.1628871e+04   0.000000e+00   8.590059e+06  21074s
 2290273    2.1628871e+04   0.000000e+00   8.557360e+06  21154s
 2291573    2.1628871e+04   0.000000e+00   1.025615e+07  21237s
 2292893    2.1628871e+04   0.000000e+00   1.243644e+07  21319s
 2294173    2.1628872e+04   0.000000e+00   1.424769e+07  21400s
 2295343    2.1628872e+04   0.000000e+00   4.796980e+06  21481s
 2296483    2.1628872e+04   0.000000e+00   8.225039e+06  21560s
 2297693    2.1628872e+04   0.000000e+00   1.274777e+07  21639s
 2299073    2.1628872e+04   0.000000e+00   7.922071e+06  21721s
 2300353    2.1628872e+04   0.000000e+00   9.651325e+06  21802s
 2301623    2.1628872e+04   0.000000e+00   1.475152e+07  21882s
 2302863    2.1628872e+04   0.000000e+00   7.087829e+06  21964s
 2304043    2.1628872e+04   0.000000e+00   7.822983e+06  22044s
 2305463    2.1628872e+04   0.000000e+00   1.075204e+07  22125s
 2306863    2.1628873e+04   0.000000e+00   1.713736e+07  22208s
 2308283    2.1628873e+04   0.000000e+00   1.379021e+07  22290s
 2309713    2.1628873e+04   0.000000e+00   1.459866e+07  22374s
 2311073    2.1628873e+04   0.000000e+00   7.315968e+07  22458s
 2312433    2.1628873e+04   0.000000e+00   7.715567e+06  22538s
 2313543    2.1628873e+04   0.000000e+00   8.450647e+06  22618s
 2314793    2.1628873e+04   0.000000e+00   9.652214e+06  22699s
 2316033    2.1628873e+04   0.000000e+00   7.646447e+06  22781s
 2317383    2.1628873e+04   0.000000e+00   2.020154e+07  22864s
 2318803    2.1628873e+04   0.000000e+00   7.578876e+06  22944s
 2320073    2.1628874e+04   0.000000e+00   2.394380e+07  23025s
 2321233    2.1628874e+04   0.000000e+00   2.213977e+07  23105s
 2322453    2.1628874e+04   0.000000e+00   2.130150e+07  23186s
 2323593    2.1628874e+04   0.000000e+00   1.140879e+07  23263s
 2324863    2.1628874e+04   0.000000e+00   1.618390e+07  23342s
 2326063    2.1628874e+04   0.000000e+00   8.068555e+06  23424s
 2327423    2.1628874e+04   0.000000e+00   3.293426e+07  23507s
 2328713    2.1628874e+04   0.000000e+00   7.861339e+06  23592s
 2329863    2.1628874e+04   0.000000e+00   1.453106e+07  23673s
 2331123    2.1628874e+04   0.000000e+00   5.258526e+06  23754s
 2332463    2.1628875e+04   0.000000e+00   1.285289e+07  23835s
 2333633    2.1628875e+04   0.000000e+00   7.369439e+06  23918s
 2334733    2.1628875e+04   0.000000e+00   5.433243e+06  23998s
 2336113    2.1628875e+04   0.000000e+00   1.225889e+07  24078s
 2337563    2.1628875e+04   0.000000e+00   1.450610e+07  24163s
 2338843    2.1628875e+04   0.000000e+00   4.882740e+06  24248s
 2340053    2.1628875e+04   0.000000e+00   6.782255e+07  24331s
 2341153    2.1628875e+04   0.000000e+00   1.994887e+07  24414s
 2342303    2.1628875e+04   0.000000e+00   1.007506e+07  24494s
 2343483    2.1628875e+04   0.000000e+00   7.567373e+06  24572s
 2344753    2.1628875e+04   0.000000e+00   1.072420e+07  24651s
 2345933    2.1628876e+04   0.000000e+00   5.298074e+07  24733s
 2347323    2.1628876e+04   0.000000e+00   1.504149e+07  24816s
 2348563    2.1628876e+04   0.000000e+00   3.023009e+07  24897s
 2349753    2.1628876e+04   0.000000e+00   1.331571e+07  24980s
 2350813    2.1628876e+04   0.000000e+00   1.354369e+07  25059s
 2351963    2.1628876e+04   0.000000e+00   6.604892e+06  25138s
 2353163    2.1628876e+04   0.000000e+00   1.089801e+07  25221s
 2354503    2.1628876e+04   0.000000e+00   2.102831e+07  25302s
 2355793    2.1628876e+04   0.000000e+00   3.655883e+06  25384s
 2357003    2.1628876e+04   0.000000e+00   8.163140e+06  25465s
 2358273    2.1628877e+04   0.000000e+00   2.678628e+07  25548s
 2359563    2.1628877e+04   0.000000e+00   8.676779e+06  25633s
 2360753    2.1628877e+04   0.000000e+00   9.698677e+06  25713s
 2361913    2.1628877e+04   0.000000e+00   5.184651e+06  25795s
 2363033    2.1628877e+04   0.000000e+00   1.227033e+07  25875s
 2364253    2.1628877e+04   0.000000e+00   9.379769e+06  25957s
 2365443    2.1628877e+04   0.000000e+00   9.457813e+06  26041s
 2366693    2.1628877e+04   0.000000e+00   1.165318e+07  26122s
 2367983    2.1628877e+04   0.000000e+00   3.845784e+06  26203s
 2369323    2.1628877e+04   0.000000e+00   4.677906e+06  26287s
 2370653    2.1628877e+04   0.000000e+00   7.234091e+06  26372s
 2371793    2.1628878e+04   0.000000e+00   8.726712e+06  26455s
 2373013    2.1628878e+04   0.000000e+00   1.913781e+07  26535s
 2374043    2.1628878e+04   0.000000e+00   5.633051e+06  26614s
 2375083    2.1628878e+04   0.000000e+00   7.942990e+06  26695s
 2376233    2.1628878e+04   0.000000e+00   5.771781e+06  26775s
 2377373    2.1628878e+04   0.000000e+00   1.371812e+07  26855s
 2378453    2.1628878e+04   0.000000e+00   6.107895e+06  26934s
 2379543    2.1628878e+04   0.000000e+00   8.232855e+06  27011s
 2380653    2.1628878e+04   0.000000e+00   2.849348e+07  27089s
 2381963    2.1628878e+04   0.000000e+00   1.321854e+07  27172s
 2383333    2.1628878e+04   0.000000e+00   1.759310e+07  27255s
 2384483    2.1628879e+04   0.000000e+00   5.948996e+07  27338s
 2385563    2.1628879e+04   0.000000e+00   1.201695e+07  27416s
 2386713    2.1628879e+04   0.000000e+00   1.378540e+07  27493s
 2387763    2.1628879e+04   0.000000e+00   3.599963e+06  27571s
 2388823    2.1628879e+04   0.000000e+00   3.263377e+06  27650s
 2389873    2.1628879e+04   0.000000e+00   5.434793e+06  27728s
 2391033    2.1628879e+04   0.000000e+00   3.764031e+06  27806s
 2392143    2.1628879e+04   0.000000e+00   1.346650e+07  27885s
 2393203    2.1628879e+04   0.000000e+00   7.316748e+06  27964s
 2394363    2.1628879e+04   0.000000e+00   6.369139e+06  28046s
 2395543    2.1628879e+04   0.000000e+00   1.183553e+07  28126s
 2396743    2.1628879e+04   0.000000e+00   1.846278e+07  28206s
 2397893    2.1628880e+04   0.000000e+00   8.106551e+06  28285s
 2399053    2.1628880e+04   0.000000e+00   7.298398e+06  28364s
 2400303    2.1628880e+04   0.000000e+00   6.127459e+06  28447s
 2401633    2.1628880e+04   0.000000e+00   9.591652e+06  28527s
 2402913    2.1628880e+04   0.000000e+00   5.787411e+06  28608s
 2404183    2.1628880e+04   0.000000e+00   7.058165e+06  28688s
 2405383    2.1628880e+04   0.000000e+00   7.976460e+06  28770s
 2406523    2.1628880e+04   0.000000e+00   1.245778e+07  28853s
 2407683    2.1628880e+04   0.000000e+00   6.962408e+06  28933s
 2408893    2.1628880e+04   0.000000e+00   5.690617e+06  29014s
 2410193    2.1628880e+04   0.000000e+00   1.013864e+07  29096s
 2411413    2.1628880e+04   0.000000e+00   7.987075e+06  29179s
 2412613    2.1628881e+04   0.000000e+00   8.319681e+06  29263s
 2413783    2.1628881e+04   0.000000e+00   5.500079e+06  29345s
 2415003    2.1628881e+04   0.000000e+00   7.386510e+06  29426s
 2416303    2.1628881e+04   0.000000e+00   2.777469e+07  29510s
 2417463    2.1628881e+04   0.000000e+00   6.845979e+06  29593s
 2418763    2.1628881e+04   0.000000e+00   1.094290e+07  29677s
 2420073    2.1628881e+04   0.000000e+00   4.623765e+06  29758s
 2421293    2.1628881e+04   0.000000e+00   1.406235e+08  29836s
 2422433    2.1628881e+04   0.000000e+00   4.451871e+07  29915s
 2423563    2.1628881e+04   0.000000e+00   9.029369e+06  29993s
 2424753    2.1628881e+04   0.000000e+00   6.245811e+06  30076s
 2425933    2.1628881e+04   0.000000e+00   5.679556e+06  30160s
 2427113    2.1628882e+04   0.000000e+00   1.466559e+07  30243s
 2428343    2.1628882e+04   0.000000e+00   7.391485e+06  30326s
 2429713    2.1628882e+04   0.000000e+00   4.977096e+06  30409s
 2431003    2.1628882e+04   0.000000e+00   6.880071e+06  30493s
 2432253    2.1628882e+04   0.000000e+00   8.740246e+06  30572s
 2433493    2.1628882e+04   0.000000e+00   5.061282e+07  30655s
 2434613    2.1628882e+04   1.000000e-06   1.560429e+10  30736s
 2435773    2.1628882e+04   0.000000e+00   2.352545e+07  30817s
 2437043    2.1628882e+04   0.000000e+00   8.131644e+06  30901s
 2438343    2.1628882e+04   0.000000e+00   6.102873e+06  30982s
 2439423    2.1628883e+04   0.000000e+00   8.934691e+06  31061s
 2440543    2.1628883e+04   0.000000e+00   1.166864e+07  31140s
 2441573    2.1628883e+04   0.000000e+00   7.922171e+06  31220s
 2442733    2.1628883e+04   0.000000e+00   8.348569e+06  31301s
 2443913    2.1628883e+04   0.000000e+00   1.751047e+07  31380s
 2445073    2.1628883e+04   0.000000e+00   9.069369e+06  31459s
 2446193    2.1628883e+04   0.000000e+00   1.257329e+07  31539s
 2447233    2.1628883e+04   0.000000e+00   6.470914e+06  31617s
 2448303    2.1628883e+04   0.000000e+00   9.049458e+06  31698s
 2449373    2.1628883e+04   0.000000e+00   5.466768e+06  31775s
 2450403    2.1628883e+04   0.000000e+00   9.001881e+06  31854s
 2451443    2.1628883e+04   0.000000e+00   7.932031e+06  31933s
 2452453    2.1628884e+04   0.000000e+00   1.917475e+07  32010s
 2453623    2.1628884e+04   0.000000e+00   9.890364e+06  32092s
 2454853    2.1628884e+04   0.000000e+00   1.836721e+07  32174s
 2456053    2.1628884e+04   0.000000e+00   4.142640e+07  32252s
 2457133    2.1628884e+04   0.000000e+00   7.197954e+06  32330s
 2458193    2.1628884e+04   0.000000e+00   7.252309e+06  32409s
 2459473    2.1628884e+04   0.000000e+00   5.043473e+06  32492s
 2460753    2.1628884e+04   0.000000e+00   8.364246e+06  32573s
 2461913    2.1628884e+04   0.000000e+00   9.247643e+06  32652s
 2462973    2.1628884e+04   0.000000e+00   8.211484e+06  32731s
 2464063    2.1628884e+04   0.000000e+00   6.381700e+06  32811s
 2465193    2.1628885e+04   0.000000e+00   8.775075e+06  32892s
 2466493    2.1628885e+04   0.000000e+00   2.958836e+07  32971s
 2467783    2.1628885e+04   0.000000e+00   1.017970e+07  33055s
 2469033    2.1628885e+04   0.000000e+00   6.518489e+06  33137s
 2470213    2.1628885e+04   0.000000e+00   5.963948e+06  33217s
 2471543    2.1628885e+04   0.000000e+00   5.527411e+06  33303s
 2472723    2.1628885e+04   0.000000e+00   1.342212e+07  33383s
 2473793    2.1628885e+04   0.000000e+00   1.707196e+07  33462s
 2474883    2.1628885e+04   0.000000e+00   5.219471e+06  33541s
 2475983    2.1628885e+04   0.000000e+00   9.236729e+06  33621s
 2477113    2.1628885e+04   0.000000e+00   7.747815e+06  33701s
 2478263    2.1628885e+04   0.000000e+00   7.161178e+06  33781s
 2479403    2.1628886e+04   0.000000e+00   7.310098e+06  33861s
 2480523    2.1628886e+04   0.000000e+00   1.845456e+07  33940s
 2481633    2.1628886e+04   0.000000e+00   6.984515e+06  34021s
 2482853    2.1628886e+04   0.000000e+00   5.610042e+06  34102s
 2484013    2.1628886e+04   0.000000e+00   1.040865e+07  34180s
 2485283    2.1628886e+04   0.000000e+00   9.352694e+06  34261s
 2486623    2.1628886e+04   0.000000e+00   5.102879e+06  34344s
 2487903    2.1628886e+04   0.000000e+00   1.988150e+07  34428s
 2489153    2.1628886e+04   0.000000e+00   2.054320e+07  34513s
 2490403    2.1628886e+04   0.000000e+00   1.951683e+07  34595s
 2491603    2.1628886e+04   0.000000e+00   5.325827e+06  34675s
 2492723    2.1628886e+04   0.000000e+00   1.422298e+07  34754s
 2493843    2.1628886e+04   0.000000e+00   3.123905e+07  34838s
 2494973    2.1628887e+04   0.000000e+00   5.441743e+06  34922s
 2496123    2.1628887e+04   0.000000e+00   9.577922e+06  35000s
 2497143    2.1628887e+04   0.000000e+00   6.586434e+06  35078s
 2498323    2.1628887e+04   0.000000e+00   4.211851e+06  35159s
 2499443    2.1628887e+04   0.000000e+00   7.866580e+06  35239s
 2500553    2.1628887e+04   0.000000e+00   5.962348e+06  35323s
 2501623    2.1628887e+04   0.000000e+00   4.387967e+06  35403s
 2502743    2.1628887e+04   0.000000e+00   5.234382e+06  35483s
 2503903    2.1628887e+04   0.000000e+00   1.253579e+07  35563s
 2504923    2.1628887e+04   0.000000e+00   2.163829e+06  35644s
 2506063    2.1628887e+04   0.000000e+00   8.443537e+06  35727s
 2507283    2.1628887e+04   0.000000e+00   6.482865e+06  35809s
 2508503    2.1628887e+04   0.000000e+00   9.478918e+06  35889s
 2509743    2.1628888e+04   0.000000e+00   4.143019e+06  35969s
 2511133    2.1628888e+04   0.000000e+00   1.046523e+07  36051s
 2512453    2.1628888e+04   0.000000e+00   4.134218e+06  36137s
 2513673    2.1628888e+04   0.000000e+00   8.206367e+06  36219s
 2514883    2.1628888e+04   0.000000e+00   3.925401e+06  36303s
 2516013    2.1628888e+04   0.000000e+00   1.270000e+07  36385s
 2517463    2.1628888e+04   0.000000e+00   8.870121e+06  36471s
 2518693    2.1628888e+04   0.000000e+00   7.558243e+06  36555s
 2519833    2.1628888e+04   0.000000e+00   8.128241e+06  36636s
 2520963    2.1628888e+04   0.000000e+00   5.874793e+06  36714s
 2522163    2.1628888e+04   0.000000e+00   7.507806e+06  36794s
 2523363    2.1628888e+04   0.000000e+00   2.710822e+06  36876s
 2524593    2.1628888e+04   0.000000e+00   2.751483e+06  36959s
 2525723    2.1628888e+04   0.000000e+00   1.320265e+07  37039s
 2526843    2.1628889e+04   0.000000e+00   8.205019e+06  37121s
 2527943    2.1628889e+04   0.000000e+00   9.270363e+06  37202s
 2529013    2.1628889e+04   0.000000e+00   7.495201e+06  37281s
 2530153    2.1628889e+04   0.000000e+00   1.792430e+07  37362s
 2531243    2.1628889e+04   0.000000e+00   5.000651e+06  37443s
 2532373    2.1628889e+04   0.000000e+00   3.578479e+06  37523s
 2533713    2.1628889e+04   0.000000e+00   1.237659e+07  37606s
 2534973    2.1628889e+04   0.000000e+00   1.230071e+07  37691s
 2536093    2.1628889e+04   0.000000e+00   4.880313e+06  37773s
 2537253    2.1628889e+04   0.000000e+00   5.505317e+06  37854s
 2538523    2.1628890e+04   0.000000e+00   1.102860e+07  37937s
 2539753    2.1628890e+04   0.000000e+00   1.161613e+07  38018s
 2540913    2.1628890e+04   0.000000e+00   8.692443e+06  38100s
 2542103    2.1628890e+04   0.000000e+00   7.920383e+06  38185s
 2543263    2.1628890e+04   0.000000e+00   1.415955e+07  38268s
 2544403    2.1628890e+04   0.000000e+00   1.801521e+07  38349s
 2545453    2.1628890e+04   0.000000e+00   7.918319e+06  38430s
 2546583    2.1628890e+04   0.000000e+00   9.231302e+06  38512s
 2547743    2.1628890e+04   0.000000e+00   6.195747e+06  38594s
 2549043    2.1628890e+04   0.000000e+00   2.323271e+07  38675s
 2550383    2.1628890e+04   0.000000e+00   5.206899e+06  38758s
 2551693    2.1628890e+04   0.000000e+00   8.381016e+06  38842s
 2552893    2.1628891e+04   0.000000e+00   1.696425e+07  38922s
 2554003    2.1628891e+04   0.000000e+00   6.930118e+06  39002s
 2555223    2.1628891e+04   0.000000e+00   7.454475e+06  39082s
 2556363    2.1628891e+04   0.000000e+00   3.430086e+06  39162s
 2557643    2.1628891e+04   0.000000e+00   2.703412e+06  39243s
 2558893    2.1628891e+04   0.000000e+00   4.172416e+06  39327s
 2560013    2.1628891e+04   0.000000e+00   5.767196e+06  39411s
 2561283    2.1628891e+04   0.000000e+00   2.932460e+07  39493s
 2562453    2.1628891e+04   0.000000e+00   5.350840e+06  39575s
 2563653    2.1628891e+04   0.000000e+00   6.743923e+06  39659s
 2564843    2.1628891e+04   0.000000e+00   4.447944e+06  39741s
 2566083    2.1628892e+04   0.000000e+00   2.430738e+06  39825s
 2567263    2.1628892e+04   0.000000e+00   1.572482e+07  39907s
 2568463    2.1628892e+04   0.000000e+00   5.948171e+06  39989s
 2569683    2.1628892e+04   0.000000e+00   7.976445e+06  40072s
 2570963    2.1628892e+04   0.000000e+00   5.016742e+06  40156s
 2572233    2.1628892e+04   0.000000e+00   7.085217e+06  40243s
 2573373    2.1628892e+04   0.000000e+00   1.030159e+07  40324s
 2574593    2.1628892e+04   0.000000e+00   8.685372e+06  40407s
 2575663    2.1628893e+04   0.000000e+00   4.264855e+06  40490s
 2576823    2.1628893e+04   0.000000e+00   7.401194e+06  40571s
 2578153    2.1628893e+04   0.000000e+00   4.682359e+06  40656s
 2579343    2.1628893e+04   0.000000e+00   9.737807e+06  40738s
 2580553    2.1628893e+04   0.000000e+00   2.919214e+06  40820s
 2581883    2.1628893e+04   0.000000e+00   1.864696e+07  40903s
 2583073    2.1628893e+04   0.000000e+00   1.990721e+07  40987s
 2584223    2.1628893e+04   0.000000e+00   7.145849e+06  41070s
 2585283    2.1628893e+04   0.000000e+00   4.978615e+06  41152s
 2586403    2.1628894e+04   0.000000e+00   1.171214e+07  41234s
 2587533    2.1628894e+04   0.000000e+00   2.971956e+06  41317s
 2588623    2.1628894e+04   0.000000e+00   9.471054e+06  41398s
 2589753    2.1628894e+04   0.000000e+00   4.540037e+06  41484s
 2590953    2.1628894e+04   0.000000e+00   1.136527e+07  41566s
 2592053    2.1628894e+04   0.000000e+00   1.105568e+07  41650s
 2593183    2.1628894e+04   0.000000e+00   2.144509e+07  41732s
 2594343    2.1628894e+04   0.000000e+00   8.541336e+06  41814s
 2595463    2.1628894e+04   0.000000e+00   1.477629e+07  41899s
 2596653    2.1628894e+04   0.000000e+00   3.143953e+06  41980s
 2597833    2.1628894e+04   0.000000e+00   7.387185e+06  42063s
 2599063    2.1628894e+04   0.000000e+00   8.814105e+06  42145s
 2600313    2.1628894e+04   0.000000e+00   1.030726e+07  42227s
 2601463    2.1628895e+04   0.000000e+00   7.205904e+06  42312s
 2602563    2.1628895e+04   0.000000e+00   4.244581e+06  42395s
 2603693    2.1628895e+04   0.000000e+00   2.338313e+07  42477s
 2604923    2.1628895e+04   0.000000e+00   7.947410e+06  42560s
 2605983    2.1628895e+04   0.000000e+00   4.129336e+06  42645s
 2607043    2.1628895e+04   0.000000e+00   1.096765e+07  42729s
 2608083    2.1628895e+04   0.000000e+00   1.041742e+07  42810s
 2609213    2.1628895e+04   0.000000e+00   5.694180e+06  42892s
 2610393    2.1628895e+04   0.000000e+00   7.223772e+06  42973s
 2611513    2.1628895e+04   0.000000e+00   3.168739e+06  43056s
 2612733    2.1628895e+04   0.000000e+00   4.267483e+06  43140s
 2613863    2.1628895e+04   0.000000e+00   6.520520e+06  43223s
 2614953    2.1628895e+04   0.000000e+00   3.267628e+06  43304s
 2616053    2.1628895e+04   0.000000e+00   4.641660e+06  43386s
 2617243    2.1628895e+04   0.000000e+00   3.217947e+06  43470s
 2618363    2.1628895e+04   0.000000e+00   1.268486e+07  43554s
 2619513    2.1628896e+04   0.000000e+00   3.350274e+06  43636s
 2620673    2.1628896e+04   0.000000e+00   5.058043e+06  43719s
 2621843    2.1628896e+04   0.000000e+00   5.166919e+06  43800s
 2622873    2.1628896e+04   0.000000e+00   5.196184e+06  43881s
 2623983    2.1628896e+04   0.000000e+00   3.568714e+06  43962s
 2625233    2.1628896e+04   0.000000e+00   3.549894e+06  44044s
 2626523    2.1628896e+04   0.000000e+00   4.540225e+06  44130s
 2627723    2.1628896e+04   0.000000e+00   4.937848e+06  44213s
 2628923    2.1628896e+04   0.000000e+00   2.525452e+06  44296s
 2630033    2.1628896e+04   0.000000e+00   7.310285e+06  44380s
 2631163    2.1628896e+04   0.000000e+00   1.422384e+07  44462s
 2632293    2.1628896e+04   0.000000e+00   8.515823e+06  44545s
 2633333    2.1628896e+04   0.000000e+00   4.243326e+06  44625s
 2634493    2.1628896e+04   0.000000e+00   2.200057e+06  44711s
 2635533    2.1628896e+04   0.000000e+00   1.090234e+07  44796s
 2636633    2.1628896e+04   0.000000e+00   1.961693e+06  44878s
 2637923    2.1628896e+04   0.000000e+00   2.031740e+07  44962s
 2639063    2.1628896e+04   0.000000e+00   4.280075e+06  45047s
 2640243    2.1628896e+04   0.000000e+00   1.079260e+07  45130s
 2641373    2.1628896e+04   0.000000e+00   4.260069e+06  45215s
 2642523    2.1628897e+04   0.000000e+00   1.844057e+06  45297s
 2643783    2.1628897e+04   0.000000e+00   6.972321e+06  45382s
 2644953    2.1628897e+04   0.000000e+00   7.202942e+06  45467s
 2646203    2.1628897e+04   0.000000e+00   7.080142e+06  45553s
 2647383    2.1628897e+04   0.000000e+00   2.398744e+06  45640s
 2648653    2.1628897e+04   0.000000e+00   3.082863e+06  45724s
 2649903    2.1628897e+04   0.000000e+00   3.440064e+06  45810s
 2651133    2.1628897e+04   0.000000e+00   7.980659e+06  45894s
 2652483    2.1628897e+04   0.000000e+00   5.195389e+06  45981s
 2653863    2.1628897e+04   0.000000e+00   1.494707e+06  46068s
 2655193    2.1628897e+04   0.000000e+00   1.255987e+07  46154s
 2656423    2.1628897e+04   0.000000e+00   1.372506e+07  46238s
 2657613    2.1628897e+04   0.000000e+00   6.372724e+06  46321s
 2658993    2.1628897e+04   0.000000e+00   6.304217e+06  46407s
 2660283    2.1628897e+04   0.000000e+00   3.922620e+06  46492s
 2661573    2.1628897e+04   0.000000e+00   4.071452e+06  46577s
 2662783    2.1628897e+04   0.000000e+00   4.491381e+06  46662s
 2663893    2.1628897e+04   0.000000e+00   7.276516e+06  46743s
 2665043    2.1628898e+04   0.000000e+00   6.340132e+06  46825s
 2666283    2.1628898e+04   0.000000e+00   8.901295e+06  46910s
 2667533    2.1628898e+04   0.000000e+00   5.148603e+06  46992s
 2668673    2.1628898e+04   0.000000e+00   6.514277e+06  47075s
 2669973    2.1628898e+04   0.000000e+00   5.485726e+06  47161s
 2671073    2.1628898e+04   0.000000e+00   5.821856e+06  47246s
 2672203    2.1628898e+04   0.000000e+00   3.780944e+06  47328s
 2673363    2.1628898e+04   0.000000e+00   2.878228e+06  47409s
 2674583    2.1628898e+04   0.000000e+00   3.109674e+06  47493s
 2675783    2.1628898e+04   0.000000e+00   3.991943e+06  47577s
 2676983    2.1628898e+04   0.000000e+00   7.532046e+06  47662s
 2678083    2.1628898e+04   0.000000e+00   3.680689e+06  47748s
 2679283    2.1628898e+04   0.000000e+00   3.360959e+06  47832s
 2680413    2.1628898e+04   0.000000e+00   7.039060e+06  47915s
 2681553    2.1628898e+04   0.000000e+00   6.121916e+06  47995s
 2682803    2.1628898e+04   0.000000e+00   2.785518e+06  48078s
 2684153    2.1628898e+04   0.000000e+00   2.801429e+06  48165s
 2685673    2.1628898e+04   0.000000e+00   3.148040e+06  48251s
 2687053    2.1628899e+04   0.000000e+00   1.214207e+07  48336s
 2688383    2.1628899e+04   0.000000e+00   2.496377e+06  48420s
 2689743    2.1628899e+04   0.000000e+00   8.638742e+06  48506s
 2690983    2.1628899e+04   0.000000e+00   1.662773e+06  48593s
 2692193    2.1628899e+04   0.000000e+00   3.004711e+06  48679s
 2693333    2.1628899e+04   0.000000e+00   2.506301e+06  48763s
 2694443    2.1628899e+04   0.000000e+00   5.242503e+06  48847s
 2695613    2.1628899e+04   0.000000e+00   4.667416e+06  48933s
 2696813    2.1628899e+04   0.000000e+00   6.755881e+06  49020s
 2698193    2.1628899e+04   0.000000e+00   7.203613e+06  49107s
 2699473    2.1628899e+04   0.000000e+00   2.609748e+06  49193s
 2700793    2.1628899e+04   0.000000e+00   1.892011e+06  49278s
 2702023    2.1628899e+04   0.000000e+00   2.412122e+06  49365s
 2703313    2.1628899e+04   0.000000e+00   4.084249e+06  49452s
 2704613    2.1628899e+04   0.000000e+00   4.207826e+06  49536s
 2705763    2.1628899e+04   0.000000e+00   1.739368e+07  49622s
 2706913    2.1628899e+04   0.000000e+00   3.307289e+06  49704s
 2708123    2.1628899e+04   0.000000e+00   1.340428e+06  49787s
 2709313    2.1628900e+04   0.000000e+00   2.728920e+06  49872s
 2710423    2.1628900e+04   0.000000e+00   5.068657e+06  49955s
 2711513    2.1628900e+04   0.000000e+00   6.265745e+06  50037s
 2712663    2.1628900e+04   0.000000e+00   6.657016e+06  50118s
 2713863    2.1628900e+04   0.000000e+00   7.136585e+06  50202s
 2715053    2.1628900e+04   0.000000e+00   4.624810e+06  50287s
 2716243    2.1628900e+04   0.000000e+00   5.268480e+06  50370s
 2717373    2.1628900e+04   0.000000e+00   4.394847e+06  50453s
 2718433    2.1628900e+04   0.000000e+00   1.381730e+06  50534s
 2719563    2.1628900e+04   0.000000e+00   5.672260e+06  50618s
 2720813    2.1628900e+04   0.000000e+00   2.465382e+06  50703s
 2721913    2.1628900e+04   0.000000e+00   4.864213e+06  50785s
 2723073    2.1628900e+04   0.000000e+00   1.697633e+06  50865s
 2724253    2.1628900e+04   0.000000e+00   2.584299e+06  50948s
 2725453    2.1628900e+04   0.000000e+00   1.852105e+06  51030s
 2726613    2.1628900e+04   0.000000e+00   3.663783e+06  51115s
 2727713    2.1628900e+04   0.000000e+00   2.101890e+06  51197s
 2728883    2.1628900e+04   0.000000e+00   2.260986e+06  51280s
 2730013    2.1628900e+04   0.000000e+00   2.029572e+06  51362s
 2731243    2.1628900e+04   0.000000e+00   7.832053e+05  51446s
 2732503    2.1628900e+04   0.000000e+00   1.681620e+06  51531s
 2733783    2.1628900e+04   0.000000e+00   3.534389e+06  51616s
 2735103    2.1628900e+04   0.000000e+00   1.226144e+06  51703s
 2736383    2.1628900e+04   0.000000e+00   2.125205e+06  51790s
 2737703    2.1628900e+04   0.000000e+00   3.110036e+06  51874s
 2738903    2.1628900e+04   0.000000e+00   3.262880e+06  51959s
 2740073    2.1628900e+04   0.000000e+00   1.239351e+06  52043s
 2741183    2.1628901e+04   0.000000e+00   1.074291e+06  52126s
 2742263    2.1628901e+04   0.000000e+00   2.761574e+06  52208s
 2743523    2.1628901e+04   0.000000e+00   1.803250e+06  52292s
 2744853    2.1628901e+04   0.000000e+00   3.445279e+06  52379s
 2746133    2.1628901e+04   0.000000e+00   5.324935e+06  52465s
 2747433    2.1628901e+04   0.000000e+00   1.948861e+06  52550s
 2748733    2.1628901e+04   0.000000e+00   1.129962e+07  52634s
 2750013    2.1628901e+04   0.000000e+00   1.872826e+06  52720s
 2751233    2.1628901e+04   0.000000e+00   2.047025e+06  52807s
 2752503    2.1628901e+04   0.000000e+00   8.863001e+05  52892s
 2753833    2.1628901e+04   0.000000e+00   2.399603e+06  52977s
 2754923    2.1628901e+04   0.000000e+00   1.662508e+06  53060s
 2756063    2.1628901e+04   0.000000e+00   2.045851e+06  53141s
 2757093    2.1628901e+04   0.000000e+00   2.559609e+06  53226s
 2758133    2.1628901e+04   0.000000e+00   3.816923e+06  53307s
 2759143    2.1628901e+04   0.000000e+00   5.865976e+06  53385s
 2760243    2.1628901e+04   0.000000e+00   4.265551e+06  53466s
 2761333    2.1628901e+04   0.000000e+00   3.962025e+06  53548s
 2762513    2.1628901e+04   0.000000e+00   6.084155e+06  53634s
 2763713    2.1628901e+04   0.000000e+00   2.809646e+06  53720s
 2764913    2.1628901e+04   0.000000e+00   2.733741e+06  53805s
 2766093    2.1628901e+04   0.000000e+00   2.265431e+06  53889s
 2767243    2.1628901e+04   0.000000e+00   2.135609e+06  53975s
 2768423    2.1628901e+04   0.000000e+00   1.122493e+06  54061s
 2769663    2.1628901e+04   0.000000e+00   5.537287e+06  54145s
 2770943    2.1628901e+04   0.000000e+00   1.011094e+06  54228s
 2772113    2.1628901e+04   0.000000e+00   3.850869e+06  54310s
 2773233    2.1628901e+04   0.000000e+00   2.025913e+06  54393s
 2774313    2.1628901e+04   0.000000e+00   1.094970e+06  54477s
 2775373    2.1628901e+04   0.000000e+00   8.965919e+06  54559s
 2776393    2.1628902e+04   0.000000e+00   3.399552e+06  54642s
 2777453    2.1628902e+04   0.000000e+00   3.081072e+06  54723s
 2778653    2.1628902e+04   0.000000e+00   5.119736e+06  54809s
 2779703    2.1628902e+04   0.000000e+00   1.750211e+06  54892s
 2780743    2.1628902e+04   0.000000e+00   2.065002e+06  54972s
 2781903    2.1628902e+04   0.000000e+00   5.265181e+05  55055s
 2782973    2.1628902e+04   0.000000e+00   8.989151e+05  55137s
 2784063    2.1628902e+04   0.000000e+00   1.441657e+06  55219s
 2785213    2.1628902e+04   0.000000e+00   1.604129e+06  55305s
 2786453    2.1628902e+04   0.000000e+00   2.009139e+06  55391s
 2787763    2.1628902e+04   0.000000e+00   4.483630e+06  55477s
 2789033    2.1628902e+04   0.000000e+00   1.298649e+06  55563s
 2790233    2.1628902e+04   0.000000e+00   1.800374e+06  55649s
 2791353    2.1628902e+04   0.000000e+00   4.567343e+06  55735s
 2792573    2.1628902e+04   0.000000e+00   2.363237e+06  55819s
 2793903    2.1628902e+04   0.000000e+00   3.677591e+06  55904s
 2795413    2.1628902e+04   0.000000e+00   3.662675e+06  55989s
 2796713    2.1628902e+04   0.000000e+00   2.128039e+06  56078s
 2797923    2.1628902e+04   0.000000e+00   1.383940e+06  56165s
 2799153    2.1628902e+04   0.000000e+00   1.349171e+06  56250s
 2800323    2.1628902e+04   0.000000e+00   9.262451e+05  56332s
 2801473    2.1628902e+04   0.000000e+00   1.811040e+06  56415s
 2802593    2.1628902e+04   0.000000e+00   1.094171e+06  56501s
 2803773    2.1628902e+04   0.000000e+00   1.747740e+06  56587s
 2804843    2.1628902e+04   0.000000e+00   2.791733e+06  56670s
 2806063    2.1628902e+04   0.000000e+00   1.999293e+06  56754s
 2807243    2.1628902e+04   0.000000e+00   1.427567e+06  56837s
 2808473    2.1628902e+04   0.000000e+00   9.823286e+05  56923s
 2809743    2.1628902e+04   0.000000e+00   1.614575e+06  57012s
 2810963    2.1628902e+04   0.000000e+00   1.760463e+06  57099s
 2812083    2.1628902e+04   0.000000e+00   2.710478e+06  57183s
 2813293    2.1628902e+04   0.000000e+00   1.905338e+06  57266s
 2814423    2.1628903e+04   0.000000e+00   1.883719e+06  57350s
 2815483    2.1628903e+04   0.000000e+00   3.679253e+06  57434s
 2816583    2.1628903e+04   0.000000e+00   6.012119e+05  57518s
 2817633    2.1628903e+04   0.000000e+00   9.654768e+05  57599s
 2818653    2.1628903e+04   0.000000e+00   2.853531e+06  57681s
 2819743    2.1628903e+04   0.000000e+00   1.699096e+06  57764s
 2820813    2.1628903e+04   0.000000e+00   1.190270e+06  57850s
 2821893    2.1628903e+04   0.000000e+00   2.102582e+06  57930s
 2822923    2.1628903e+04   0.000000e+00   1.638712e+06  58010s
 2823933    2.1628903e+04   0.000000e+00   1.412464e+06  58090s
 2824923    2.1628903e+04   0.000000e+00   3.406415e+06  58170s
 2825913    2.1628903e+04   0.000000e+00   1.356640e+06  58253s
 2827083    2.1628903e+04   0.000000e+00   9.445005e+05  58336s
 2828163    2.1628903e+04   0.000000e+00   6.045360e+06  58417s
 2829203    2.1628903e+04   0.000000e+00   3.607775e+06  58497s
 2830363    2.1628903e+04   0.000000e+00   1.731305e+06  58580s
 2831583    2.1628903e+04   0.000000e+00   1.411498e+06  58666s
 2832883    2.1628903e+04   0.000000e+00   3.881926e+06  58752s
 2834093    2.1628903e+04   0.000000e+00   2.088251e+06  58839s
 2835233    2.1628903e+04   0.000000e+00   1.490995e+06  58924s
 2836353    2.1628903e+04   0.000000e+00   1.217574e+06  59008s
 2837423    2.1628903e+04   0.000000e+00   9.921844e+05  59091s
 2838523    2.1628903e+04   0.000000e+00   2.094611e+06  59172s
 2839663    2.1628903e+04   0.000000e+00   3.553164e+06  59254s
 2840863    2.1628903e+04   0.000000e+00   1.407366e+06  59337s
 2842043    2.1628903e+04   0.000000e+00   1.301700e+06  59423s
 2843153    2.1628903e+04   0.000000e+00   4.034585e+06  59508s
 2844203    2.1628903e+04   0.000000e+00   1.797959e+06  59590s
 2845333    2.1628903e+04   0.000000e+00   1.396488e+06  59670s
 2846383    2.1628903e+04   0.000000e+00   1.681329e+06  59751s
 2847443    2.1628903e+04   0.000000e+00   5.249039e+06  59834s
 2848533    2.1628903e+04   0.000000e+00   1.239124e+06  59919s
 2849673    2.1628903e+04   0.000000e+00   2.036594e+06  60004s
 2850733    2.1628903e+04   0.000000e+00   6.276807e+06  60085s
 2851773    2.1628903e+04   0.000000e+00   1.281270e+06  60166s
 2852823    2.1628903e+04   0.000000e+00   2.047528e+06  60249s
 2853863    2.1628903e+04   0.000000e+00   3.463192e+06  60330s
 2854933    2.1628904e+04   0.000000e+00   3.476465e+06  60412s
 2856023    2.1628904e+04   0.000000e+00   1.492489e+06  60493s
 2857203    2.1628904e+04   0.000000e+00   4.362469e+06  60576s
 2858303    2.1628904e+04   0.000000e+00   8.367797e+05  60659s
 2859513    2.1628904e+04   0.000000e+00   1.501101e+06  60747s
 2860613    2.1628904e+04   0.000000e+00   2.636823e+06  60830s
 2861713    2.1628904e+04   0.000000e+00   1.682764e+06  60913s
 2862833    2.1628904e+04   0.000000e+00   1.925270e+06  60997s
 2863903    2.1628904e+04   0.000000e+00   3.214205e+06  61081s
 2864963    2.1628904e+04   0.000000e+00   2.696806e+06  61165s
 2866023    2.1628904e+04   0.000000e+00   1.165874e+06  61248s
 2867203    2.1628904e+04   0.000000e+00   9.195216e+05  61331s
 2868343    2.1628904e+04   0.000000e+00   5.480042e+05  61414s
 2869593    2.1628904e+04   0.000000e+00   1.847777e+06  61499s
 2870793    2.1628904e+04   0.000000e+00   1.459273e+06  61585s
 2871983    2.1628904e+04   0.000000e+00   9.049429e+05  61669s
 2873153    2.1628904e+04   0.000000e+00   1.064538e+06  61755s
 2874293    2.1628904e+04   0.000000e+00   8.643186e+05  61841s
 2875413    2.1628904e+04   0.000000e+00   1.846401e+06  61925s
 2876493    2.1628904e+04   0.000000e+00   6.758295e+06  62010s
 2877573    2.1628904e+04   0.000000e+00   2.006305e+06  62092s
 2878563    2.1628904e+04   0.000000e+00   1.133084e+06  62174s
 2879643    2.1628904e+04   0.000000e+00   3.989283e+06  62255s
 2880803    2.1628904e+04   0.000000e+00   9.802613e+05  62338s
 2881873    2.1628904e+04   0.000000e+00   1.190968e+06  62426s
 2882983    2.1628904e+04   0.000000e+00   2.132120e+06  62508s
 2884003    2.1628904e+04   0.000000e+00   8.685531e+05  62590s
 2885103    2.1628904e+04   0.000000e+00   2.581962e+06  62670s
 2886223    2.1628904e+04   0.000000e+00   9.167954e+05  62753s
 2887353    2.1628904e+04   0.000000e+00   2.095734e+06  62837s
 2888353    2.1628904e+04   0.000000e+00   3.808154e+06  62919s
 2889403    2.1628904e+04   0.000000e+00   1.202307e+06  62999s
 2890473    2.1628904e+04   0.000000e+00   1.464989e+06  63082s
 2891513    2.1628904e+04   0.000000e+00   1.453246e+06  63166s
 2892553    2.1628904e+04   0.000000e+00   3.585943e+06  63249s
 2893733    2.1628904e+04   0.000000e+00   1.032620e+06  63334s
 2894833    2.1628904e+04   0.000000e+00   1.378195e+06  63416s
 2895933    2.1628904e+04   0.000000e+00   5.719460e+05  63501s
 2897123    2.1628904e+04   0.000000e+00   7.680683e+05  63586s
 2898303    2.1628904e+04   0.000000e+00   1.633357e+06  63671s
 2899453    2.1628904e+04   0.000000e+00   6.204147e+05  63753s
 2900423    2.1628905e+04   0.000000e+00   1.318489e+06  63834s
 2901523    2.1628905e+04   0.000000e+00   2.448442e+06  63915s
 2902533    2.1628905e+04   0.000000e+00   1.792071e+06  63997s
 2903633    2.1628905e+04   0.000000e+00   4.392123e+06  64082s
 2904603    2.1628905e+04   0.000000e+00   1.719007e+06  64165s
 2905563    2.1628905e+04   0.000000e+00   3.014745e+06  64245s
 2906633    2.1628905e+04   0.000000e+00   1.135041e+06  64327s
 2907783    2.1628905e+04   0.000000e+00   2.141442e+06  64411s
 2908813    2.1628905e+04   0.000000e+00   1.172315e+06  64496s
 2909893    2.1628905e+04   0.000000e+00   1.081657e+06  64577s
 2910963    2.1628905e+04   0.000000e+00   2.389831e+06  64661s
 2912033    2.1628905e+04   0.000000e+00   1.339933e+06  64743s
 2913173    2.1628905e+04   0.000000e+00   1.537756e+06  64829s
 2914323    2.1628905e+04   0.000000e+00   2.501079e+06  64915s
 2915373    2.1628905e+04   0.000000e+00   6.770953e+05  64998s
 2916343    2.1628905e+04   0.000000e+00   1.257489e+06  65081s
 2917443    2.1628905e+04   0.000000e+00   1.615953e+06  65163s
 2918503    2.1628905e+04   0.000000e+00   1.035437e+06  65246s
 2919543    2.1628905e+04   0.000000e+00   1.792329e+06  65332s
 2920613    2.1628905e+04   0.000000e+00   1.186811e+06  65414s
 2921683    2.1628905e+04   0.000000e+00   1.566507e+06  65496s
 2922723    2.1628905e+04   0.000000e+00   8.190677e+05  65579s
 2923793    2.1628905e+04   0.000000e+00   2.646853e+06  65664s
 2924883    2.1628905e+04   0.000000e+00   4.223311e+06  65750s
 2925903    2.1628905e+04   0.000000e+00   1.556588e+06  65835s
 2926903    2.1628905e+04   0.000000e+00   3.980398e+05  65917s
 2928003    2.1628905e+04   0.000000e+00   1.113142e+06  66002s
 2929083    2.1628905e+04   0.000000e+00   1.859024e+06  66088s
 2930173    2.1628905e+04   0.000000e+00   8.349858e+05  66173s
 2931253    2.1628905e+04   0.000000e+00   2.588014e+06  66257s
 2932253    2.1628905e+04   0.000000e+00   1.254429e+06  66340s
 2933323    2.1628905e+04   0.000000e+00   7.051241e+05  66423s
 2934493    2.1628905e+04   0.000000e+00   5.888309e+05  66510s
 2935623    2.1628905e+04   0.000000e+00   1.330010e+06  66597s
 2936723    2.1628905e+04   0.000000e+00   8.357305e+05  66681s
 2937713    2.1628905e+04   0.000000e+00   4.780352e+06  66761s
 2938793    2.1628905e+04   0.000000e+00   1.047785e+06  66843s
 2939773    2.1628905e+04   0.000000e+00   8.607705e+05  66927s
 2940783    2.1628905e+04   0.000000e+00   1.486766e+06  67010s
 2941803    2.1628905e+04   0.000000e+00   9.945356e+06  67092s
 2942913    2.1628905e+04   0.000000e+00   3.113039e+06  67175s
 2943983    2.1628905e+04   0.000000e+00   1.341983e+06  67259s
 2945193    2.1628905e+04   0.000000e+00   8.444531e+05  67342s
 2946263    2.1628905e+04   0.000000e+00   8.107630e+05  67426s
 2947283    2.1628905e+04   0.000000e+00   7.931794e+05  67507s
 2948243    2.1628905e+04   0.000000e+00   1.441764e+06  67587s
 2949253    2.1628905e+04   0.000000e+00   6.452018e+05  67667s
 2950283    2.1628905e+04   0.000000e+00   9.729688e+05  67748s
 2951453    2.1628905e+04   0.000000e+00   5.327790e+05  67835s
 2952583    2.1628905e+04   0.000000e+00   5.254735e+06  67919s
 2953673    2.1628905e+04   0.000000e+00   1.379183e+06  68002s
 2954683    2.1628906e+04   0.000000e+00   2.330423e+06  68083s
 2955843    2.1628906e+04   0.000000e+00   2.462950e+06  68167s
 2957013    2.1628906e+04   0.000000e+00   3.120883e+05  68251s
 2958143    2.1628906e+04   0.000000e+00   6.216932e+06  68334s
 2959303    2.1628906e+04   0.000000e+00   7.492413e+05  68419s
 2960473    2.1628906e+04   0.000000e+00   5.020340e+05  68504s
 2961723    2.1628906e+04   0.000000e+00   1.049256e+06  68589s
 2962973    2.1628906e+04   0.000000e+00   5.434154e+05  68675s
 2964233    2.1628906e+04   0.000000e+00   1.562481e+06  68760s
 2965483    2.1628906e+04   0.000000e+00   1.643260e+06  68846s
 2966573    2.1628906e+04   0.000000e+00   1.231225e+06  68926s
 2967753    2.1628906e+04   0.000000e+00   4.693653e+05  69007s
 2968923    2.1628906e+04   0.000000e+00   9.026370e+05  69092s
 2970093    2.1628906e+04   0.000000e+00   1.722668e+06  69174s
 2971183    2.1628906e+04   0.000000e+00   5.223636e+05  69255s
 2972243    2.1628906e+04   0.000000e+00   3.320526e+05  69335s
 2973313    2.1628906e+04   0.000000e+00   1.043158e+06  69418s
 2974453    2.1628906e+04   0.000000e+00   2.103031e+06  69502s
 2975543    2.1628906e+04   0.000000e+00   6.668065e+05  69585s
 2976643    2.1628906e+04   0.000000e+00   1.253088e+06  69668s
 2977703    2.1628906e+04   0.000000e+00   2.789345e+05  69752s
 2978693    2.1628906e+04   0.000000e+00   1.067709e+06  69835s
 2979743    2.1628906e+04   0.000000e+00   4.098777e+05  69918s
 2980783    2.1628906e+04   0.000000e+00   5.376673e+05  69999s
 2981823    2.1628906e+04   0.000000e+00   3.864297e+06  70080s
 2982833    2.1628906e+04   0.000000e+00   7.693037e+05  70159s
 2983953    2.1628906e+04   0.000000e+00   8.930905e+05  70240s
 2985093    2.1628906e+04   0.000000e+00   5.258550e+05  70323s
 2986233    2.1628906e+04   0.000000e+00   2.816631e+06  70404s
 2987363    2.1628906e+04   0.000000e+00   5.358602e+05  70486s
 2988513    2.1628906e+04   0.000000e+00   6.159083e+05  70567s
 2989693    2.1628906e+04   0.000000e+00   2.672559e+05  70649s
 2990853    2.1628906e+04   0.000000e+00   2.470155e+07  70733s
 2992013    2.1628906e+04   0.000000e+00   4.630275e+05  70814s
 2993323    2.1628906e+04   0.000000e+00   1.263158e+06  70898s
 2994433    2.1628906e+04   0.000000e+00   1.370496e+06  70979s
 2995513    2.1628906e+04   0.000000e+00   1.242618e+06  71061s
 2996723    2.1628906e+04   0.000000e+00   8.756945e+05  71147s
 2997953    2.1628906e+04   0.000000e+00   3.247480e+06  71229s
 2999163    2.1628906e+04   0.000000e+00   4.570660e+05  71311s
 3000353    2.1628906e+04   0.000000e+00   1.563592e+06  71395s
 3001473    2.1628906e+04   0.000000e+00   1.730604e+06  71479s
 3002523    2.1628906e+04   0.000000e+00   2.434863e+06  71562s
 3003613    2.1628906e+04   0.000000e+00   1.001514e+06  71642s
 3004663    2.1628906e+04   0.000000e+00   1.372529e+06  71725s
 3005783    2.1628906e+04   0.000000e+00   3.840569e+05  71806s
 3006903    2.1628906e+04   0.000000e+00   3.963373e+05  71893s
 3007943    2.1628906e+04   0.000000e+00   4.213064e+05  71977s
 3008973    2.1628906e+04   0.000000e+00   4.856684e+05  72057s
 3010103    2.1628906e+04   0.000000e+00   9.465996e+05  72138s
 3011233    2.1628906e+04   0.000000e+00   1.689475e+06  72221s
 3012243    2.1628906e+04   0.000000e+00   4.582609e+05  72303s
 3013223    2.1628906e+04   0.000000e+00   7.930404e+06  72384s
 3014193    2.1628906e+04   0.000000e+00   7.129505e+05  72464s
 3015213    2.1628906e+04   0.000000e+00   5.341682e+05  72544s
 3016243    2.1628906e+04   0.000000e+00   6.175170e+05  72626s
 3017343    2.1628906e+04   0.000000e+00   1.640002e+06  72708s
 3018413    2.1628906e+04   0.000000e+00   7.230901e+05  72792s
 3019523    2.1628906e+04   0.000000e+00   5.081254e+05  72874s
 3020613    2.1628906e+04   0.000000e+00   5.921545e+05  72958s
 3021723    2.1628906e+04   0.000000e+00   8.418337e+05  73040s
 3022773    2.1628907e+04   0.000000e+00   2.416297e+06  73120s
 3023783    2.1628907e+04   0.000000e+00   9.454160e+05  73203s
 3024793    2.1628907e+04   0.000000e+00   2.123829e+06  73285s
 3025943    2.1628907e+04   0.000000e+00   9.486738e+05  73368s
 3027043    2.1628907e+04   0.000000e+00   2.624444e+06  73450s
 3027993    2.1628907e+04   0.000000e+00   4.947682e+05  73532s
 3028993    2.1628907e+04   0.000000e+00   1.958155e+06  73614s
 3029943    2.1628907e+04   0.000000e+00   1.172528e+06  73694s
 3031003    2.1628907e+04   0.000000e+00   2.283441e+05  73773s
 3032023    2.1628907e+04   0.000000e+00   1.569352e+06  73857s
 3033043    2.1628907e+04   0.000000e+00   6.115578e+05  73937s
 3034103    2.1628907e+04   0.000000e+00   2.104458e+06  74019s
 3035133    2.1628907e+04   0.000000e+00   1.640119e+06  74100s
 3036233    2.1628907e+04   0.000000e+00   1.207581e+06  74181s
 3037223    2.1628907e+04   0.000000e+00   9.551068e+05  74261s
 3038293    2.1628907e+04   0.000000e+00   1.136344e+06  74342s
 3039443    2.1628907e+04   0.000000e+00   9.258229e+05  74425s
 3040503    2.1628907e+04   0.000000e+00   1.475224e+06  74506s
 3041653    2.1628907e+04   0.000000e+00   3.628869e+05  74589s
 3042823    2.1628907e+04   0.000000e+00   1.270270e+06  74672s
 3044023    2.1628907e+04   0.000000e+00   7.346682e+05  74754s
 3045173    2.1628907e+04   0.000000e+00   6.712289e+05  74838s
 3046253    2.1628907e+04   0.000000e+00   4.258440e+05  74919s
 3047373    2.1628907e+04   0.000000e+00   5.764061e+05  75000s
 3048523    2.1628907e+04   0.000000e+00   2.802955e+06  75084s
 3049593    2.1628907e+04   0.000000e+00   4.356069e+05  75167s
 3050783    2.1628907e+04   0.000000e+00   1.157537e+06  75253s
 3051903    2.1628907e+04   0.000000e+00   5.765303e+05  75336s
 3052963    2.1628907e+04   0.000000e+00   6.982797e+05  75418s
 3054153    2.1628907e+04   0.000000e+00   4.562306e+05  75501s
 3055413    2.1628907e+04   0.000000e+00   3.121669e+06  75586s
 3056553    2.1628907e+04   0.000000e+00   6.451491e+05  75671s
 3057643    2.1628907e+04   0.000000e+00   4.678202e+05  75751s
 3058763    2.1628907e+04   0.000000e+00   2.043752e+05  75830s
 3059893    2.1628907e+04   0.000000e+00   6.509679e+05  75913s
 3061063    2.1628907e+04   0.000000e+00   5.662821e+05  75995s
 3062213    2.1628907e+04   0.000000e+00   4.357678e+05  76081s
 3063393    2.1628907e+04   0.000000e+00   2.728054e+05  76165s
 3064503    2.1628907e+04   0.000000e+00   6.420220e+05  76248s
 3065563    2.1628907e+04   0.000000e+00   8.734378e+05  76329s
 3066663    2.1628907e+04   0.000000e+00   1.106023e+06  76411s
 3067693    2.1628907e+04   0.000000e+00   3.979100e+05  76494s
 3068753    2.1628907e+04   0.000000e+00   4.749271e+05  76574s
 3070013    2.1628907e+04   0.000000e+00   3.021154e+05  76658s
 3071073    2.1628907e+04   0.000000e+00   2.491115e+05  76741s
 3072173    2.1628907e+04   0.000000e+00   7.225869e+05  76824s
 3073323    2.1628907e+04   0.000000e+00   5.309611e+05  76910s
 3074393    2.1628907e+04   0.000000e+00   1.411333e+06  76995s
 3075563    2.1628907e+04   0.000000e+00   5.824264e+05  77075s
 3076773    2.1628907e+04   0.000000e+00   3.223957e+05  77157s
 3077883    2.1628907e+04   0.000000e+00   3.062601e+05  77240s
 3079063    2.1628907e+04   0.000000e+00   4.378424e+05  77325s
 3080173    2.1628907e+04   0.000000e+00   3.348617e+05  77410s
 3081363    2.1628907e+04   0.000000e+00   2.707700e+05  77494s
 3082433    2.1628907e+04   0.000000e+00   1.026779e+06  77576s
 3083553    2.1628907e+04   0.000000e+00   2.941216e+05  77660s
 3084593    2.1628907e+04   0.000000e+00   5.100323e+05  77744s
 3085703    2.1628907e+04   0.000000e+00   6.426604e+05  77824s
 3086803    2.1628907e+04   0.000000e+00   6.999589e+05  77906s
 3087883    2.1628907e+04   0.000000e+00   4.784528e+05  77987s
 3088923    2.1628907e+04   0.000000e+00   5.695970e+05  78069s
 3089933    2.1628907e+04   0.000000e+00   3.418547e+05  78152s
 3090983    2.1628907e+04   0.000000e+00   1.013449e+06  78234s
 3092013    2.1628907e+04   0.000000e+00   1.056595e+06  78315s
 3093043    2.1628907e+04   0.000000e+00   3.889392e+05  78395s
 3094263    2.1628907e+04   0.000000e+00   1.523677e+05  78478s
 3095493    2.1628907e+04   0.000000e+00   2.577091e+05  78563s
 3096653    2.1628907e+04   0.000000e+00   2.792305e+05  78646s
 3097773    2.1628907e+04   0.000000e+00   4.996808e+05  78727s
 3098953    2.1628907e+04   0.000000e+00   1.520359e+06  78808s
 3100163    2.1628907e+04   0.000000e+00   2.427455e+05  78891s
 3101293    2.1628907e+04   0.000000e+00   2.511155e+05  78975s
 3102423    2.1628907e+04   0.000000e+00   2.040504e+05  79056s
 3103473    2.1628907e+04   0.000000e+00   2.475882e+05  79137s
 3104533    2.1628907e+04   0.000000e+00   1.590287e+05  79216s
 3105563    2.1628907e+04   0.000000e+00   4.774195e+05  79295s
 3106693    2.1628907e+04   0.000000e+00   5.655271e+05  79377s
 3107823    2.1628908e+04   0.000000e+00   2.495179e+05  79461s
 3108943    2.1628908e+04   0.000000e+00   5.019128e+05  79540s
 3110023    2.1628908e+04   0.000000e+00   1.905729e+05  79621s
 3111123    2.1628908e+04   0.000000e+00   4.098452e+05  79702s
 3112293    2.1628908e+04   0.000000e+00   3.017649e+05  79786s
 3113423    2.1628908e+04   0.000000e+00   4.697276e+05  79868s
 3114493    2.1628908e+04   0.000000e+00   2.753244e+05  79948s
 3115593    2.1628908e+04   0.000000e+00   4.983571e+05  80028s
 3116693    2.1628908e+04   0.000000e+00   4.649013e+05  80111s
 3117753    2.1628908e+04   0.000000e+00   4.377357e+05  80195s
 3118943    2.1628908e+04   0.000000e+00   3.015051e+05  80279s
 3120073    2.1628908e+04   0.000000e+00   2.166098e+05  80361s
 3121193    2.1628908e+04   0.000000e+00   2.636452e+05  80442s
 3122383    2.1628908e+04   0.000000e+00   2.432652e+05  80526s
 3123533    2.1628908e+04   0.000000e+00   1.780670e+05  80611s
 3124633    2.1628908e+04   0.000000e+00   3.284582e+05  80694s
 3125653    2.1628908e+04   0.000000e+00   6.138447e+05  80773s
 3126773    2.1628908e+04   0.000000e+00   1.149577e+05  80853s
 3127973    2.1628908e+04   0.000000e+00   1.154579e+05  80934s
 3129123    2.1628908e+04   0.000000e+00   1.443081e+05  81016s
 3130213    2.1628908e+04   0.000000e+00   2.231108e+05  81095s
 3131293    2.1628908e+04   0.000000e+00   3.429720e+05  81175s
 3132403    2.1628908e+04   0.000000e+00   2.064242e+05  81257s
 3133543    2.1628908e+04   0.000000e+00   2.775715e+05  81336s
 3134733    2.1628908e+04   0.000000e+00   9.533822e+04  81420s
 3135813    2.1628908e+04   0.000000e+00   5.314773e+05  81502s
 3136843    2.1628908e+04   0.000000e+00   7.301674e+05  81584s
 3137923    2.1628908e+04   0.000000e+00   8.529718e+05  81664s
 3138883    2.1628908e+04   0.000000e+00   2.301432e+05  81745s
 3139933    2.1628908e+04   0.000000e+00   3.718903e+05  81827s
 3140943    2.1628908e+04   0.000000e+00   3.388815e+05  81906s
 3142113    2.1628908e+04   0.000000e+00   4.899972e+05  81988s
 3143163    2.1628908e+04   0.000000e+00   4.478626e+05  82070s
 3144213    2.1628908e+04   0.000000e+00   2.148306e+05  82150s
 3145363    2.1628908e+04   0.000000e+00   2.642138e+05  82235s
 3146453    2.1628908e+04   0.000000e+00   1.209215e+06  82318s
 3147443    2.1628908e+04   0.000000e+00   3.702033e+05  82397s
 3148583    2.1628908e+04   0.000000e+00   3.937101e+05  82479s
 3149693    2.1628908e+04   0.000000e+00   2.546428e+05  82561s
 3150793    2.1628908e+04   0.000000e+00   1.910501e+05  82643s
 3151863    2.1628908e+04   0.000000e+00   3.894663e+05  82722s
 3153013    2.1628908e+04   0.000000e+00   3.566791e+05  82802s
 3154043    2.1628908e+04   0.000000e+00   1.445935e+05  82883s
 3155183    2.1628908e+04   0.000000e+00   1.306130e+05  82964s
 3156263    2.1628908e+04   0.000000e+00   2.608575e+05  83046s
 3157283    2.1628908e+04   0.000000e+00   3.566318e+05  83124s
 3158283    2.1628908e+04   0.000000e+00   2.636420e+05  83203s
 3159273    2.1628908e+04   0.000000e+00   2.417870e+05  83282s
 3160313    2.1628908e+04   0.000000e+00   1.736116e+05  83362s
 3161413    2.1628908e+04   0.000000e+00   3.190026e+05  83444s
 3162463    2.1628908e+04   0.000000e+00   2.763388e+05  83525s
 3163613    2.1628908e+04   0.000000e+00   2.108994e+05  83608s
 3164793    2.1628908e+04   0.000000e+00   8.207293e+05  83693s
 3165893    2.1628908e+04   0.000000e+00   1.443855e+05  83778s
 3166933    2.1628908e+04   0.000000e+00   8.854251e+04  83861s
 3168033    2.1628908e+04   0.000000e+00   1.283317e+05  83942s
 3169173    2.1628908e+04   0.000000e+00   8.371213e+04  84026s
 3170293    2.1628908e+04   0.000000e+00   3.349219e+05  84110s
 3171343    2.1628908e+04   0.000000e+00   2.089607e+05  84191s
 3172483    2.1628908e+04   0.000000e+00   4.097722e+05  84274s
 3173533    2.1628908e+04   0.000000e+00   1.666170e+05  84355s
 3174593    2.1628908e+04   0.000000e+00   3.217645e+05  84435s
 3175703    2.1628908e+04   0.000000e+00   1.551760e+05  84517s
 3176753    2.1628908e+04   0.000000e+00   1.564785e+05  84597s
Extra simplex iterations after uncrush: 1470631

Stopped in 3176790 iterations and 84600.00 seconds (85747.47 work units)
Time limit reached
