
Gurobi 11.0.3 (mac64[x86]) logging started Fri Mar 28 13:51:16 2025

Set parameter LogFile to value "Results/WithoutHydrogen/first_try.log"
Set parameter TimeLimit to value 12600
Gurobi Optimizer version 11.0.3 build v11.0.3rc0 (mac64[x86] - Darwin 23.4.0 23E214)

CPU model: Intel(R) Core(TM) i7-1060NG7 CPU @ 1.20GHz
Thread count: 4 physical cores, 8 logical processors, using up to 8 threads

Optimize a model with 1522944 rows, 1789536 columns and 6286704 nonzeros
Model fingerprint: 0x28d3a423
Coefficient statistics:
  Matrix range     [1e+00, 4e+00]
  Objective range  [6e-03, 5e+00]
  Bounds range     [0e+00, 0e+00]
  RHS range        [1e-02, 1e+03]
Presolve removed 1266221 rows and 1308525 columns (presolve time = 5s) ...
Presolve removed 1298865 rows and 1373989 columns
Presolve time: 5.91s
Presolved: 224079 rows, 415567 columns, 1358018 nonzeros

Concurrent LP optimizer: dual simplex and barrier
Showing barrier log only...

Ordering time: 0.94s

Barrier statistics:
 AA' NZ     : 2.969e+05
 Factor NZ  : 6.938e+06 (roughly 110 MB of memory)
 Factor Ops : 7.244e+09 (less than 1 second per iteration)
 Threads    : 3

                  Objective                Residual
Iter       Primal          Dual         Primal    Dual     Compl     Time
   0  -3.27138244e+06  5.90891182e+07  1.87e+04 5.26e+00  1.61e+04     8s
   1  -8.94174728e+06  4.66040768e+07  4.48e+03 3.34e+00  3.25e+03     8s
   2  -7.79004052e+06  1.97338350e+07  8.24e+02 1.89e-01  5.15e+02     9s
   3  -3.19742687e+06  4.36171557e+06  1.52e+02 1.60e-02  9.94e+01     9s
   4  -6.17797507e+05  1.16857627e+06  2.53e+01 1.42e-03  1.87e+01     9s
   5  -5.79352104e+04  2.10371396e+05  2.20e+00 1.88e-05  2.19e+00    10s
   6   7.29817717e+03  4.42003212e+04  1.44e-01 2.98e-13  2.61e-01    10s
   7   1.77148069e+04  2.41056414e+04  1.62e-02 6.73e-14  4.38e-02    10s
   8   1.98938012e+04  2.14901528e+04  1.68e-03 8.90e-14  1.07e-02    11s
   9   2.02033291e+04  2.08587810e+04  5.65e-04 8.44e-14  4.41e-03    11s
  10   2.03629825e+04  2.05949303e+04  1.22e-04 1.05e-13  1.55e-03    12s
  11   2.04052058e+04  2.05371253e+04  5.51e-05 1.65e-13  8.84e-04    12s
  12   2.04308029e+04  2.05086165e+04  2.36e-05 1.70e-13  5.21e-04    13s
  13   2.04436747e+04  2.04904407e+04  1.11e-05 2.05e-13  3.13e-04    13s
  14   2.04499098e+04  2.04849179e+04  6.15e-06 1.92e-13  2.34e-04    13s
  15   2.04506456e+04  2.04776258e+04  5.56e-06 3.51e-13  1.81e-04    14s
  16   2.04547426e+04  2.04682043e+04  2.43e-06 2.59e-13  9.01e-05    14s
  17   2.04570738e+04  2.04617199e+04  9.80e-07 3.80e-13  3.11e-05    14s
  18   2.04581784e+04  2.04598518e+04  3.70e-07 3.21e-13  1.12e-05    15s
  19   2.04586276e+04  2.04593056e+04  1.59e-07 4.28e-13  4.56e-06    15s
  20   2.04588549e+04  2.04591330e+04  6.05e-08 3.40e-13  1.87e-06    16s
  21   2.04589799e+04  2.04590122e+04  5.80e-09 5.48e-13  2.17e-07    16s
  22   2.04590008e+04  2.04590027e+04  1.42e-10 6.49e-13  1.33e-08    16s
  23   2.04590016e+04  2.04590020e+04  4.62e-08 8.32e-13  2.88e-09    17s
  24   2.04590018e+04  2.04590018e+04  4.62e-09 9.54e-13  3.97e-11    17s

Barrier solved model in 24 iterations and 17.27 seconds (12.29 work units)
Optimal objective 2.04590018e+04

Crossover log...

   21371 DPushes remaining with DInf 1.6437500e-02                17s
       0 DPushes remaining with DInf 1.6437500e-02                18s

    6844 PPushes remaining with PInf 6.5979730e-04                18s

Solved with dual simplex
Extra simplex iterations after uncrush: 131
Iteration    Objective       Primal Inf.    Dual Inf.      Time
   93740    2.0459002e+04   0.000000e+00   0.000000e+00     18s

Use crossover to convert LP symmetric solution to basic solution...
Crossover log...

   11598 DPushes remaining with DInf 0.0000000e+00                18s
       0 DPushes remaining with DInf 0.0000000e+00                19s

    1300 PPushes remaining with PInf 0.0000000e+00                19s
       0 PPushes remaining with PInf 0.0000000e+00                19s

  Push phase complete: Pinf 0.0000000e+00, Dinf 1.1256551e-12     19s

Iteration    Objective       Primal Inf.    Dual Inf.      Time
  106627    2.0459002e+04   0.000000e+00   1.293459e+04     20s
  124431    2.0459106e+04   0.000000e+00   8.712827e+04     25s
  128993    2.0459144e+04   0.000000e+00   1.295344e+04     31s
  132099    2.0459154e+04   0.000000e+00   1.374586e+04     36s
  134756    2.0459159e+04   0.000000e+00   8.807962e+03     41s
  136820    2.0459165e+04   0.000000e+00   5.302452e+03     46s
  138694    2.0459168e+04   0.000000e+00   2.736192e+04     51s
  140694    2.0459171e+04   0.000000e+00   1.946506e+04     57s
  141906    2.0459172e+04   0.000000e+00   2.043257e+03     62s
  143162    2.0459173e+04   0.000000e+00   1.393651e+04     71s
  143916    2.0459174e+04   0.000000e+00   8.800951e+03     76s
  145128    2.0459175e+04   0.000000e+00   3.194345e+03     81s
  146340    2.0459175e+04   0.000000e+00   6.288176e+02     86s
  147552    2.0459176e+04   0.000000e+00   2.050454e+04     91s
  148764    2.0459176e+04   0.000000e+00   3.459447e+04     95s
  149976    2.0459177e+04   0.000000e+00   2.630362e+03    101s
  151188    2.0459177e+04   0.000000e+00   1.075405e+03    107s
  151794    2.0459177e+04   0.000000e+00   2.037033e+04    110s
  153006    2.0459177e+04   0.000000e+00   8.752668e+02    117s
  153612    2.0459177e+04   0.000000e+00   9.557528e+02    121s
  154824    2.0459178e+04   0.000000e+00   5.742064e+02    128s
  155430    2.0459178e+04   0.000000e+00   8.161521e+02    131s
  156642    2.0459178e+04   0.000000e+00   1.251047e+03    138s
  157248    2.0459178e+04   0.000000e+00   8.684423e+02    141s
  158460    2.0459178e+04   0.000000e+00   2.112728e+03    147s
  159066    2.0459178e+04   0.000000e+00   2.023562e+02    151s
  160278    2.0459178e+04   0.000000e+00   3.100214e+02    157s
  161490    2.0459178e+04   0.000000e+00   1.415473e+02    162s
  162702    2.0459179e+04   0.000000e+00   1.919628e+02    167s
  163914    2.0459179e+04   0.000000e+00   2.785940e+02    173s
  164520    2.0459179e+04   0.000000e+00   1.572535e+02    178s
  165126    2.0459179e+04   0.000000e+00   5.517527e+02    182s
  165732    2.0459179e+04   0.000000e+00   3.595808e+02    186s
  166944    2.0459179e+04   0.000000e+00   1.259492e+02    194s
  167550    2.0459179e+04   0.000000e+00   1.997352e+02    198s
  168156    2.0459179e+04   0.000000e+00   6.096641e+01    201s
  169368    2.0459179e+04   0.000000e+00   1.669933e+01    208s
  169974    2.0459179e+04   0.000000e+00   7.427737e+01    212s
  170580    2.0459179e+04   0.000000e+00   2.600504e+01    215s
  171792    2.0459179e+04   0.000000e+00   8.743185e+00    222s
  172398    2.0459179e+04   0.000000e+00   7.353469e+00    225s
Extra simplex iterations after uncrush: 66433
  173060    2.0459002e+04   0.000000e+00   0.000000e+00    230s

Solved in 173060 iterations and 229.90 seconds (152.59 work units)
Optimal objective  2.045900176e+04

Gurobi 11.0.3 (mac64[x86]) logging started Fri Mar 28 17:07:02 2025

Set parameter LogFile to value "Results/WithoutHydrogen/first_try.log"
Set parameter TimeLimit to value 12600
Gurobi Optimizer version 11.0.3 build v11.0.3rc0 (mac64[x86] - Darwin 23.4.0 23E214)

CPU model: Intel(R) Core(TM) i7-1060NG7 CPU @ 1.20GHz
Thread count: 4 physical cores, 8 logical processors, using up to 8 threads

Optimize a model with 1522944 rows, 1789536 columns and 6286704 nonzeros
Model fingerprint: 0xd6e1938e
Coefficient statistics:
  Matrix range     [1e+00, 4e+00]
  Objective range  [6e-05, 5e+00]
  Bounds range     [0e+00, 0e+00]
  RHS range        [1e-02, 1e+03]
Presolve removed 1283645 rows and 1347685 columns (presolve time = 5s) ...
Presolve removed 1297345 rows and 1372469 columns
Presolve time: 5.60s
Presolved: 225599 rows, 417087 columns, 1362178 nonzeros

Concurrent LP optimizer: dual simplex and barrier
Showing barrier log only...

Ordering time: 0.91s

Barrier statistics:
 AA' NZ     : 3.023e+05
 Factor NZ  : 6.457e+06 (roughly 110 MB of memory)
 Factor Ops : 5.527e+09 (less than 1 second per iteration)
 Threads    : 3

                  Objective                Residual
Iter       Primal          Dual         Primal    Dual     Compl     Time
   0  -3.26605890e+06  6.01482857e+07  1.88e+04 1.05e+01  3.23e+04     8s
   1  -8.95251065e+06  4.75729824e+07  4.48e+03 6.71e+00  6.54e+03     8s
   2  -7.81352623e+06  2.03848260e+07  8.25e+02 3.76e-01  1.04e+03     8s
   3  -3.17126234e+06  4.53633327e+06  1.47e+02 3.12e-02  1.98e+02     8s
   4  -6.07186439e+05  1.19586070e+06  2.40e+01 2.70e-03  3.68e+01     9s
   5  -5.71781816e+04  2.02048641e+05  2.12e+00 1.91e-05  4.19e+00     9s
   6   7.26375569e+03  4.41719718e+04  1.41e-01 7.25e-13  5.17e-01     9s
   7   1.87737282e+04  2.45126269e+04  3.48e-03 2.03e-13  7.61e-02    10s
   8   1.99190115e+04  2.15727747e+04  6.33e-04 1.87e-13  2.19e-02    10s
   9   2.01634691e+04  2.09453517e+04  3.02e-04 2.13e-13  1.03e-02    11s
  10   2.03004370e+04  2.07365061e+04  1.26e-04 2.92e-13  5.77e-03    11s
  11   2.03883177e+04  2.06041965e+04  3.67e-05 2.83e-13  2.85e-03    11s
  12   2.04129395e+04  2.05587802e+04  2.01e-05 4.42e-13  1.93e-03    11s
  13   2.04257279e+04  2.05226988e+04  1.31e-05 4.21e-13  1.28e-03    12s
  14   2.04378921e+04  2.05065496e+04  7.54e-06 6.27e-13  9.06e-04    12s
  15   2.04445885e+04  2.04890972e+04  4.80e-06 7.45e-13  5.88e-04    12s
  16   2.04500569e+04  2.04790354e+04  2.68e-06 6.00e-13  3.83e-04    13s
  17   2.04552018e+04  2.04637309e+04  7.95e-07 9.29e-13  1.13e-04    13s
  18   2.04567484e+04  2.04618383e+04  3.96e-07 1.26e-12  6.73e-05    13s
  19   2.04577753e+04  2.04592494e+04  1.64e-07 1.53e-12  1.96e-05    14s
  20   2.04582030e+04  2.04590011e+04  8.28e-08 1.65e-12  1.06e-05    14s
  21   2.04585016e+04  2.04587700e+04  2.87e-08 1.60e-12  3.57e-06    15s
  22   2.04585834e+04  2.04587084e+04  1.44e-08 1.49e-12  1.67e-06    15s
  23   2.04586522e+04  2.04586875e+04  3.39e-09 1.62e-12  4.71e-07    15s
  24   2.04586705e+04  2.04586773e+04  7.01e-10 2.09e-12  9.00e-08    16s
  25   2.04586753e+04  2.04586757e+04  1.50e-09 2.34e-12  5.06e-09    16s
  26   2.04586754e+04  2.04586755e+04  1.85e-06 2.22e-12  1.45e-09    16s

Barrier solved model in 26 iterations and 16.17 seconds (11.13 work units)
Optimal objective 2.04586754e+04

Crossover log...

   23049 DPushes remaining with DInf 0.0000000e+00                16s
       0 DPushes remaining with DInf 0.0000000e+00                16s

   14594 PPushes remaining with PInf 2.2317985e-04                16s
       0 PPushes remaining with PInf 0.0000000e+00                17s

  Push phase complete: Pinf 0.0000000e+00, Dinf 3.3314313e+00     17s

Iteration    Objective       Primal Inf.    Dual Inf.      Time
   36717    2.0458676e+04   0.000000e+00   3.331431e+00     17s

Solved with barrier
Extra simplex iterations after uncrush: 1599
   38867    2.0458676e+04   0.000000e+00   0.000000e+00     17s

Use crossover to convert LP symmetric solution to basic solution...
Crossover log...

    3542 DPushes remaining with DInf 0.0000000e+00                18s
       0 DPushes remaining with DInf 0.0000000e+00                18s

     795 PPushes remaining with PInf 0.0000000e+00                18s
       0 PPushes remaining with PInf 0.0000000e+00                18s

  Push phase complete: Pinf 0.0000000e+00, Dinf 1.0432988e-11     18s

Iteration    Objective       Primal Inf.    Dual Inf.      Time
   55394    2.0458676e+04   0.000000e+00   6.295097e+04     21s
   79900    2.0458871e+04   0.000000e+00   7.658064e+04     25s
   84244    2.0458946e+04   0.000000e+00   2.840469e+05     30s
   88822    2.0458969e+04   0.000000e+00   8.940330e+04     36s
   92761    2.0458976e+04   0.000000e+00   1.998799e+04     41s
   95154    2.0458980e+04   0.000000e+00   1.601660e+04     46s
   96494    2.0458982e+04   0.000000e+00   9.018066e+03     50s
   98469    2.0458984e+04   0.000000e+00   6.063252e+03     56s
   99840    2.0458985e+04   0.000000e+00   3.961290e+04     60s
  101979    2.0458987e+04   0.000000e+00   1.535641e+04     67s
  103247    2.0458988e+04   0.000000e+00   1.047981e+04     71s
  104459    2.0458989e+04   0.000000e+00   4.834934e+03     77s
  105810    2.0458990e+04   0.000000e+00   2.389661e+04     81s
  107884    2.0458991e+04   0.000000e+00   3.991353e+03     87s
  109098    2.0458992e+04   0.000000e+00   2.674043e+03     92s
  110347    2.0458992e+04   0.000000e+00   3.726561e+03     97s
  111568    2.0458993e+04   0.000000e+00   8.807111e+03    101s
  112780    2.0458993e+04   0.000000e+00   7.997298e+04    106s
  113992    2.0458993e+04   0.000000e+00   2.446379e+03    111s
  115262    2.0458994e+04   0.000000e+00   2.084687e+04    115s
  117113    2.0458994e+04   0.000000e+00   1.117670e+03    120s
  118974    2.0458995e+04   0.000000e+00   4.580344e+03    126s
  120186    2.0458995e+04   0.000000e+00   9.657347e+02    131s
  121398    2.0458995e+04   0.000000e+00   1.042827e+04    135s
  123242    2.0458996e+04   0.000000e+00   3.667468e+03    141s
  125244    2.0458996e+04   0.000000e+00   8.820422e+02    147s
  126561    2.0458996e+04   0.000000e+00   4.165948e+02    151s
  128397    2.0458996e+04   0.000000e+00   9.810162e+02    156s
  130287    2.0458996e+04   0.000000e+00   4.579988e+02    161s
  132105    2.0458997e+04   0.000000e+00   1.086345e+02    166s
  133933    2.0458997e+04   0.000000e+00   9.003722e+02    172s
  135145    2.0458997e+04   0.000000e+00   1.804256e+03    176s
  136357    2.0458997e+04   0.000000e+00   1.723403e+02    181s
  138296    2.0458997e+04   0.000000e+00   3.281438e+01    186s
  138902    2.0458997e+04   0.000000e+00   3.517676e+01    190s
  140762    2.0458997e+04   0.000000e+00   1.915217e+01    196s
Extra simplex iterations after uncrush: 98422
  141502    2.0458676e+04   0.000000e+00   0.000000e+00    199s

Solved in 141502 iterations and 199.28 seconds (144.48 work units)
Optimal objective  2.045867554e+04

Gurobi 11.0.3 (mac64[x86]) logging started Fri Mar 28 18:25:56 2025

Set parameter LogFile to value "Results/WithoutHydrogen/first_try.log"
Set parameter TimeLimit to value 12600
Gurobi Optimizer version 11.0.3 build v11.0.3rc0 (mac64[x86] - Darwin 23.4.0 23E214)

CPU model: Intel(R) Core(TM) i7-1060NG7 CPU @ 1.20GHz
Thread count: 4 physical cores, 8 logical processors, using up to 8 threads

Optimize a model with 1522944 rows, 1789536 columns and 6286704 nonzeros
Model fingerprint: 0xa497c0dc
Coefficient statistics:
  Matrix range     [1e+00, 4e+00]
  Objective range  [6e-05, 5e+00]
  Bounds range     [0e+00, 0e+00]
  RHS range        [1e-02, 1e+03]
Presolve removed 1199613 rows and 1205453 columns (presolve time = 5s) ...
Presolve removed 1265213 rows and 1317461 columns (presolve time = 10s) ...
Presolve removed 1297345 rows and 1372469 columns
Presolve time: 12.36s
Presolved: 225599 rows, 417087 columns, 1362178 nonzeros

Concurrent LP optimizer: dual simplex and barrier
Showing barrier log only...

Elapsed ordering time = 5s
Ordering time: 5.18s

Barrier statistics:
 AA' NZ     : 3.839e+05
 Factor NZ  : 1.020e+07 (roughly 150 MB of memory)
 Factor Ops : 1.277e+10 (less than 1 second per iteration)
 Threads    : 3

                  Objective                Residual
Iter       Primal          Dual         Primal    Dual     Compl     Time
   0  -3.26750067e+06  7.39575481e+07  1.88e+04 1.05e+01  3.22e+04    21s
   1  -9.88615755e+06  5.70603043e+07  2.61e+03 5.08e+00  4.53e+03    22s
   2  -7.83928438e+06  1.85866445e+07  5.07e+02 2.72e-01  7.12e+02    23s
   3  -2.85832334e+06  4.26599167e+06  9.36e+01 2.25e-02  1.41e+02    23s
   4  -5.39181989e+05  1.08119500e+06  1.20e+01 9.84e-04  2.45e+01    24s
   5  -1.36563435e+05  5.74635583e+05  3.02e+00 3.15e-04  9.20e+00    24s
   6  -4.52233699e+03  8.69875927e+04  2.14e-01 1.51e-12  1.06e+00    25s
   7   1.51615474e+04  2.74829061e+04  1.61e-02 2.34e-13  1.37e-01    26s
   8   1.96494153e+04  2.19095786e+04  8.41e-04 3.64e-13  2.48e-02    27s
   9   2.01373354e+04  2.07918994e+04  2.72e-04 3.19e-13  7.19e-03    29s
  10   2.03542223e+04  2.06089111e+04  8.36e-05 4.10e-13  2.80e-03    30s
  11   2.04565523e+04  2.05323640e+04  1.54e-05 4.61e-13  8.31e-04    32s
  12   2.04793243e+04  2.05119248e+04  5.00e-06 6.49e-13  3.57e-04    32s
  13   2.04891244e+04  2.04994835e+04  1.13e-06 1.22e-12  1.14e-04    33s
  14   2.04910031e+04  2.04960600e+04  6.43e-07 8.97e-13  5.55e-05    34s
  15   2.04921937e+04  2.04946699e+04  3.42e-07 9.09e-13  2.72e-05    35s
  16   2.04929198e+04  2.04939420e+04  1.60e-07 9.22e-13  1.13e-05    36s
  17   2.04932392e+04  2.04937482e+04  8.58e-08 9.99e-13  5.62e-06    36s
  18   2.04934444e+04  2.04937058e+04  3.90e-08 1.22e-12  2.88e-06    37s
  19   2.04935336e+04  2.04936627e+04  1.96e-08 1.16e-12  1.43e-06    38s
  20   2.04936033e+04  2.04936449e+04  4.87e-09 1.40e-12  4.59e-07    39s

Barrier performed 20 iterations in 40.19 seconds (16.16 work units)
Barrier solve interrupted - model solved by another algorithm


Solved with dual simplex
Extra simplex iterations after uncrush: 2167
Iteration    Objective       Primal Inf.    Dual Inf.      Time
  117810    2.0493628e+04   0.000000e+00   0.000000e+00     42s

Use crossover to convert LP symmetric solution to basic solution...
Crossover log...

   14618 DPushes remaining with DInf 0.0000000e+00                43s
       0 DPushes remaining with DInf 0.0000000e+00                43s

     670 PPushes remaining with PInf 0.0000000e+00                43s
       0 PPushes remaining with PInf 0.0000000e+00                44s

  Push phase complete: Pinf 0.0000000e+00, Dinf 1.0280721e-11     44s

Iteration    Objective       Primal Inf.    Dual Inf.      Time
  152990    2.0493628e+04   0.000000e+00   6.732039e+04     51s
  163019    2.0493716e+04   0.000000e+00   3.974964e+04     56s
  166086    2.0493724e+04   0.000000e+00   1.385104e+05     60s
  168858    2.0493731e+04   0.000000e+00   3.834564e+04     65s
  171358    2.0493736e+04   0.000000e+00   5.724646e+04     71s
  174263    2.0493739e+04   0.000000e+00   7.325535e+03     76s
  176374    2.0493740e+04   0.000000e+00   1.340380e+04     81s
  177701    2.0493741e+04   0.000000e+00   2.087037e+04     85s
  179914    2.0493742e+04   0.000000e+00   5.388162e+04     91s
  181452    2.0493742e+04   0.000000e+00   1.095861e+04     95s
  183372    2.0493743e+04   0.000000e+00   2.869545e+04    102s
  184584    2.0493743e+04   0.000000e+00   3.981853e+03    106s
  185796    2.0493744e+04   0.000000e+00   5.525193e+03    112s
  186402    2.0493744e+04   0.000000e+00   3.520639e+03    115s
  187614    2.0493744e+04   0.000000e+00   8.537375e+03    122s
  188826    2.0493744e+04   0.000000e+00   1.922777e+03    127s
  190038    2.0493745e+04   0.000000e+00   3.914591e+03    132s
  190644    2.0493745e+04   0.000000e+00   3.448202e+03    135s
  191856    2.0493745e+04   0.000000e+00   1.121436e+03    140s
  193674    2.0493745e+04   0.000000e+00   4.987507e+03    148s
  194280    2.0493745e+04   0.000000e+00   7.529316e+03    152s
  194895    2.0493745e+04   0.000000e+00   5.985052e+02    156s
  196107    2.0493745e+04   0.000000e+00   3.591681e+03    162s
  197319    2.0493745e+04   0.000000e+00   5.413997e+02    167s
  198015    2.0493745e+04   0.000000e+00   7.150430e+02    172s
  198621    2.0493745e+04   0.000000e+00   3.587169e+02    179s
  199227    2.0493746e+04   0.000000e+00   3.626375e+02    183s
  199833    2.0493746e+04   0.000000e+00   2.871447e+02    185s
  201732    2.0493746e+04   0.000000e+00   1.152327e+02    191s
  202966    2.0493746e+04   0.000000e+00   2.088165e+02    196s
  204178    2.0493746e+04   0.000000e+00   3.841547e+02    200s
  206122    2.0493746e+04   0.000000e+00   7.504306e+02    207s
  207481    2.0493746e+04   0.000000e+00   1.966580e+01    210s
  209539    2.0493628e+04   0.000000e+00   0.000000e+00    218s
Extra simplex iterations after uncrush: 79025

Solved in 209539 iterations and 218.55 seconds (116.79 work units)
Optimal objective  2.049362842e+04

Gurobi 11.0.3 (mac64[x86]) logging started Fri Mar 28 18:40:03 2025

Set parameter LogFile to value "Results/WithoutHydrogen/first_try.log"
Set parameter TimeLimit to value 12600
Gurobi Optimizer version 11.0.3 build v11.0.3rc0 (mac64[x86] - Darwin 23.4.0 23E214)

CPU model: Intel(R) Core(TM) i7-1060NG7 CPU @ 1.20GHz
Thread count: 4 physical cores, 8 logical processors, using up to 8 threads

Optimize a model with 1522944 rows, 1789536 columns and 6286704 nonzeros
Model fingerprint: 0x97ae2018
Coefficient statistics:
  Matrix range     [1e+00, 4e+00]
  Objective range  [6e-05, 5e+00]
  Bounds range     [0e+00, 0e+00]
  RHS range        [1e-02, 1e+03]
Presolve removed 1199613 rows and 1205453 columns (presolve time = 5s) ...
Presolve removed 1297345 rows and 1372469 columns
Presolve time: 6.47s
Presolved: 225599 rows, 417087 columns, 1362178 nonzeros

Concurrent LP optimizer: dual simplex and barrier
Showing barrier log only...

Ordering time: 3.07s

Barrier statistics:
 AA' NZ     : 3.839e+05
 Factor NZ  : 1.020e+07 (roughly 150 MB of memory)
 Factor Ops : 1.277e+10 (less than 1 second per iteration)
 Threads    : 3

                  Objective                Residual
Iter       Primal          Dual         Primal    Dual     Compl     Time
   0  -3.26750069e+06  7.39575480e+07  1.88e+04 1.05e+01  3.22e+04    11s
   1  -9.88615729e+06  5.70604819e+07  2.61e+03 5.08e+00  4.53e+03    12s
   2  -7.83939214e+06  1.85867790e+07  5.07e+02 2.72e-01  7.12e+02    12s
   3  -2.85742743e+06  4.25830305e+06  9.35e+01 2.24e-02  1.41e+02    13s
   4  -4.92039187e+05  1.20410017e+06  1.01e+01 1.55e-03  2.45e+01    14s
   5  -1.15779086e+05  5.92923907e+05  2.43e+00 5.21e-04  8.95e+00    15s
   6  -3.98041962e+03  7.78049993e+04  1.91e-01 1.24e-12  9.47e-01    15s
   7   1.52745636e+04  2.73896353e+04  1.59e-02 2.79e-13  1.35e-01    16s
   8   1.96670435e+04  2.20478775e+04  7.44e-04 2.26e-13  2.61e-02    17s
   9   2.01477553e+04  2.08742224e+04  2.31e-04 3.84e-13  7.97e-03    18s
  10   2.03601544e+04  2.06867526e+04  5.81e-05 3.88e-13  3.57e-03    19s
  11   2.04417325e+04  2.05647773e+04  1.55e-05 5.81e-13  1.35e-03    20s
  12   2.04704466e+04  2.05240669e+04  5.77e-06 8.36e-13  5.87e-04    21s
  13   2.04807566e+04  2.05096923e+04  2.99e-06 1.01e-12  3.17e-04    21s
  14   2.04870671e+04  2.05012312e+04  1.40e-06 1.25e-12  1.55e-04    22s
  15   2.04904873e+04  2.04977510e+04  5.98e-07 9.58e-13  7.97e-05    23s
  16   2.04917075e+04  2.04966130e+04  3.41e-07 1.38e-12  5.38e-05    23s
  17   2.04924639e+04  2.04948619e+04  1.93e-07 1.36e-12  2.63e-05    24s
  18   2.04930851e+04  2.04942891e+04  8.53e-08 1.35e-12  1.32e-05    25s
  19   2.04933843e+04  2.04938525e+04  3.65e-08 1.53e-12  5.15e-06    25s
  20   2.04935834e+04  2.04937113e+04  5.99e-09 1.85e-12  1.40e-06    26s

Barrier performed 20 iterations in 26.11 seconds (15.53 work units)
Barrier solve interrupted - model solved by another algorithm


Solved with dual simplex
Extra simplex iterations after uncrush: 153
Iteration    Objective       Primal Inf.    Dual Inf.      Time
  115189    2.0493628e+04   0.000000e+00   0.000000e+00     26s

Use crossover to convert LP symmetric solution to basic solution...
Crossover log...

   14702 DPushes remaining with DInf 0.0000000e+00                27s
       0 DPushes remaining with DInf 0.0000000e+00                28s

     659 PPushes remaining with PInf 0.0000000e+00                28s
       0 PPushes remaining with PInf 0.0000000e+00                28s

  Push phase complete: Pinf 0.0000000e+00, Dinf 1.0848489e-11     28s

Iteration    Objective       Primal Inf.    Dual Inf.      Time
  139652    2.0493628e+04   0.000000e+00   1.155097e+05     30s
  153653    2.0493708e+04   0.000000e+00   9.173254e+04     36s
  156800    2.0493740e+04   0.000000e+00   1.036428e+05     41s
  159975    2.0493753e+04   0.000000e+00   9.101530e+04     46s
  162294    2.0493760e+04   0.000000e+00   5.542012e+05     51s
  166854    2.0493766e+04   0.000000e+00   3.134850e+04     57s
  168708    2.0493769e+04   0.000000e+00   4.595305e+04     60s
  171939    2.0493773e+04   0.000000e+00   2.577824e+04     67s
  173484    2.0493775e+04   0.000000e+00   8.237597e+03     70s
  175490    2.0493776e+04   0.000000e+00   6.506109e+03     76s
  176788    2.0493777e+04   0.000000e+00   1.167797e+04     82s
  178165    2.0493777e+04   0.000000e+00   3.551279e+04     87s
  179377    2.0493778e+04   0.000000e+00   2.654763e+04     94s
  179983    2.0493778e+04   0.000000e+00   4.597902e+03     98s
  180721    2.0493779e+04   0.000000e+00   1.069110e+04    103s
  181350    2.0493779e+04   0.000000e+00   8.223466e+03    105s
  183292    2.0493780e+04   0.000000e+00   1.422441e+04    111s
  185652    2.0493781e+04   0.000000e+00   1.799932e+03    116s
  187728    2.0493781e+04   0.000000e+00   1.210546e+03    121s
  188995    2.0493781e+04   0.000000e+00   1.209069e+04    125s
  190847    2.0493782e+04   0.000000e+00   4.702473e+03    133s
  192174    2.0493782e+04   0.000000e+00   1.828775e+03    136s
  193386    2.0493782e+04   0.000000e+00   3.857535e+03    140s
  194598    2.0493782e+04   0.000000e+00   1.147604e+03    146s
  195824    2.0493782e+04   0.000000e+00   7.729942e+02    154s
  196430    2.0493782e+04   0.000000e+00   4.501773e+02    156s
  197662    2.0493783e+04   0.000000e+00   5.215045e+02    161s
  198874    2.0493783e+04   0.000000e+00   6.586714e+02    168s
  200177    2.0493783e+04   0.000000e+00   3.092053e+02    172s
  201883    2.0493783e+04   0.000000e+00   3.583672e+03    175s
  204312    2.0493783e+04   0.000000e+00   1.159678e+01    181s
Extra simplex iterations after uncrush: 77203
  205025    2.0493628e+04   0.000000e+00   0.000000e+00    184s

Solved in 205025 iterations and 184.06 seconds (103.07 work units)
Optimal objective  2.049362842e+04
