
Gurobi 11.0.3 (mac64[x86]) logging started Thu Mar 20 12:01:41 2025

Set parameter LogFile to value "Results/conservative_temp_storage.log"
Set parameter TimeLimit to value 36000
Gurobi Optimizer version 11.0.3 build v11.0.3rc0 (mac64[x86] - Darwin 23.4.0 23E214)

CPU model: Intel(R) Core(TM) i7-1060NG7 CPU @ 1.20GHz
Thread count: 4 physical cores, 8 logical processors, using up to 8 threads

Optimize a model with 1505986 rows, 1627952 columns and 5994104 nonzeros
Model fingerprint: 0x6b7f07cc
Coefficient statistics:
  Matrix range     [1e+00, 1e+00]
  Objective range  [6e-02, 5e+00]
  Bounds range     [0e+00, 0e+00]
  RHS range        [1e-02, 1e+03]
Presolve removed 1447260 rows and 1545131 columns (presolve time = 5s) ...
Presolve removed 1449372 rows and 1547991 columns
Presolve time: 5.39s
Presolved: 56614 rows, 79961 columns, 356516 nonzeros

Concurrent LP optimizer: dual simplex and barrier
Showing barrier log only...

Ordering time: 0.02s

Barrier statistics:
 AA' NZ     : 5.021e+04
 Factor NZ  : 2.827e+05 (roughly 10 MB of memory)
 Factor Ops : 2.553e+07 (less than 1 second per iteration)
 Threads    : 3

                  Objective                Residual
Iter       Primal          Dual         Primal    Dual     Compl     Time
   0  -1.25663905e+06  7.38881761e+06  1.01e+04 6.52e+00  1.47e+04     6s
   1  -2.62349875e+06  6.29499509e+06  3.59e+03 1.61e+00  3.97e+03     6s
   2  -1.66122103e+06  3.95430459e+06  5.99e+02 3.55e-14  7.39e+02     6s
   3  -5.46352827e+05  1.01531533e+06  1.51e+02 1.11e-12  1.90e+02     6s
   4  -1.42263948e+05  2.94497904e+05  3.06e+01 2.38e-11  4.72e+01     6s
   5  -6.00867947e+04  2.04519020e+05  1.38e+01 1.05e-11  2.38e+01     6s
   6  -1.61898739e+04  8.28038655e+04  4.32e+00 6.17e-12  8.04e+00     6s
   7   3.72934220e+03  3.13545944e+04  6.61e-01 3.53e-12  1.89e+00     6s
   8   8.08856233e+03  2.19310984e+04  2.55e-01 1.64e-12  8.84e-01     6s
   9   9.58652352e+03  1.60202502e+04  1.41e-01 6.38e-13  4.11e-01     6s
  10   1.02946709e+04  1.41319013e+04  8.92e-02 3.50e-13  2.45e-01     6s
  11   1.12464334e+04  1.30722663e+04  2.18e-02 1.88e-13  1.09e-01     6s
  12   1.14504315e+04  1.26003952e+04  1.02e-02 1.23e-13  6.76e-02     6s
  13   1.15235232e+04  1.22544496e+04  6.66e-03 7.64e-14  4.31e-02     6s
  14   1.15572100e+04  1.21415322e+04  5.30e-03 7.64e-14  3.44e-02     6s
  15   1.16113519e+04  1.19146212e+04  2.75e-03 8.44e-14  1.79e-02     6s
  16   1.16540303e+04  1.17498526e+04  1.14e-03 9.20e-14  5.75e-03     6s
  17   1.16856318e+04  1.17024436e+04  9.36e-05 1.12e-13  9.74e-04     6s
  18   1.16917053e+04  1.16937794e+04  6.15e-07 9.99e-14  1.16e-04     6s
  19   1.16918067e+04  1.16929183e+04  1.90e-07 1.33e-13  6.23e-05     6s
  20   1.16918698e+04  1.16921381e+04  1.91e-08 7.60e-13  1.50e-05     6s
  21   1.16918941e+04  1.16920056e+04  4.52e-09 8.98e-13  6.25e-06     6s
  22   1.16919150e+04  1.16919372e+04  1.79e-10 2.29e-12  1.25e-06     6s
  23   1.16919202e+04  1.16919231e+04  7.62e-10 1.46e-11  1.62e-07     6s
  24   1.16919208e+04  1.16919209e+04  1.06e-09 1.25e-11  2.14e-09     6s

Barrier solved model in 24 iterations and 5.95 seconds (3.08 work units)
Optimal objective 1.16919208e+04

Crossover log...

    3934 DPushes remaining with DInf 0.0000000e+00                 6s
       0 DPushes remaining with DInf 0.0000000e+00                 6s

     388 PPushes remaining with PInf 0.0000000e+00                 6s
       0 PPushes remaining with PInf 0.0000000e+00                 6s

  Push phase complete: Pinf 0.0000000e+00, Dinf 5.0000000e-03      6s

Iteration    Objective       Primal Inf.    Dual Inf.      Time
    4036    1.1691921e+04   0.000000e+00   5.000000e-03      6s

Solved with barrier
Extra simplex iterations after uncrush: 163
    4201    1.1691921e+04   0.000000e+00   0.000000e+00      6s

Use crossover to convert LP symmetric solution to basic solution...
Crossover log...

       0 DPushes remaining with DInf 7.9375000e-03                 7s

     225 PPushes remaining with PInf 0.0000000e+00                 7s
       0 PPushes remaining with PInf 0.0000000e+00                 7s

  Push phase complete: Pinf 0.0000000e+00, Dinf 1.3375000e-02      7s

Iteration    Objective       Primal Inf.    Dual Inf.      Time
   11091    1.1691921e+04   0.000000e+00   1.337500e-02      7s
   16370    1.1691921e+04   0.000000e+00   2.850057e+05     11s
   23814    1.1692247e+04   0.000000e+00   2.025809e+05     16s
   26818    1.1692377e+04   0.000000e+00   1.857138e+05     20s
   31279    1.1692523e+04   0.000000e+00   2.155415e+06     26s
   33562    1.1692607e+04   0.000000e+00   3.830090e+05     33s
   34165    1.1692635e+04   0.000000e+00   5.612238e+05     39s
   35313    1.1692686e+04   0.000000e+00   3.006263e+05     42s
   37908    1.1692773e+04   0.000000e+00   2.936317e+05     46s
   40109    1.1692834e+04   0.000000e+00   4.120522e+05     50s
   42997    1.1692894e+04   0.000000e+00   5.614868e+05     55s
   46068    1.1692953e+04   0.000000e+00   8.112901e+06     61s
   49242    1.1693009e+04   0.000000e+00   6.361741e+06     66s
   51051    1.1693047e+04   0.000000e+00   5.179377e+05     70s
   54184    1.1693118e+04   0.000000e+00   4.906012e+05     76s
   55390    1.1693152e+04   0.000000e+00   9.537654e+05     81s
   56596    1.1693187e+04   0.000000e+00   4.356956e+05     86s
   57802    1.1693207e+04   0.000000e+00   4.547728e+06     91s
   59611    1.1693243e+04   0.000000e+00   1.478343e+06     97s
   61420    1.1693274e+04   0.000000e+00   6.417523e+05    101s
   62626    1.1693293e+04   0.000000e+00   3.889181e+05    105s
   64435    1.1693318e+04   0.000000e+00   5.262057e+06    111s
   66244    1.1693343e+04   0.000000e+00   3.933603e+05    117s
   67450    1.1693355e+04   0.000000e+00   1.590878e+06    120s
   69259    1.1693374e+04   0.000000e+00   1.670242e+06    126s
   71068    1.1693385e+04   0.000000e+00   5.939993e+05    132s
   72274    1.1693395e+04   0.000000e+00   1.016430e+06    135s
   74083    1.1693415e+04   0.000000e+00   1.290683e+06    141s
   75289    1.1693434e+04   0.000000e+00   2.917282e+05    145s
   76495    1.1693449e+04   0.000000e+00   9.634331e+05    150s
   78304    1.1693479e+04   0.000000e+00   3.479071e+05    157s
   79510    1.1693495e+04   0.000000e+00   7.189248e+05    161s
   80716    1.1693513e+04   0.000000e+00   5.188633e+05    166s
   81922    1.1693530e+04   0.000000e+00   2.485520e+06    170s
   83731    1.1693555e+04   0.000000e+00   4.300598e+05    177s
   84937    1.1693575e+04   0.000000e+00   4.552286e+05    181s
   86143    1.1693588e+04   0.000000e+00   2.445667e+06    186s
   87349    1.1693605e+04   0.000000e+00   3.957714e+05    191s
   88555    1.1693620e+04   0.000000e+00   1.072365e+06    196s
   89761    1.1693632e+04   0.000000e+00   5.820653e+05    200s
   91570    1.1693646e+04   0.000000e+00   5.816566e+05    207s
   92776    1.1693656e+04   0.000000e+00   4.161707e+05    213s
   93379    1.1693662e+04   0.000000e+00   1.216140e+06    216s
   94585    1.1693672e+04   0.000000e+00   5.651477e+05    221s
   95791    1.1693681e+04   0.000000e+00   6.799585e+05    227s
   96394    1.1693689e+04   0.000000e+00   8.886015e+05    230s
   97600    1.1693702e+04   0.000000e+00   4.552521e+05    236s
   98806    1.1693714e+04   0.000000e+00   8.544549e+05    241s
  100012    1.1693726e+04   0.000000e+00   7.863984e+06    247s
  100615    1.1693730e+04   0.000000e+00   8.609112e+05    250s
  101821    1.1693741e+04   0.000000e+00   1.361172e+06    256s
  103027    1.1693753e+04   0.000000e+00   6.833870e+05    263s
  103630    1.1693760e+04   0.000000e+00   2.929074e+06    266s
  104836    1.1693772e+04   0.000000e+00   8.405940e+05    272s
  105439    1.1693778e+04   0.000000e+00   5.616267e+05    276s
  106645    1.1693786e+04   0.000000e+00   4.087162e+05    282s
  107248    1.1693793e+04   0.000000e+00   2.276431e+06    285s
  108454    1.1693806e+04   0.000000e+00   1.047623e+06    291s
  109660    1.1693817e+04   0.000000e+00   1.053289e+06    297s
  110263    1.1693822e+04   0.000000e+00   4.889663e+05    300s
  111469    1.1693831e+04   0.000000e+00   5.269128e+05    306s
  112675    1.1693844e+04   0.000000e+00   6.940762e+05    313s
  113278    1.1693850e+04   0.000000e+00   9.556817e+05    316s
  114484    1.1693862e+04   0.000000e+00   1.155983e+06    324s
  115087    1.1693875e+04   0.000000e+00   6.792496e+05    328s
  115690    1.1693879e+04   0.000000e+00   4.397052e+05    331s
  116293    1.1693884e+04   0.000000e+00   5.159891e+05    335s
  117499    1.1693895e+04   0.000000e+00   2.717481e+06    343s
  118102    1.1693901e+04   0.000000e+00   4.836400e+05    347s
  118705    1.1693908e+04   0.000000e+00   6.636543e+05    351s
  119911    1.1693916e+04   0.000000e+00   3.442756e+05    358s
  120514    1.1693921e+04   0.000000e+00   6.952459e+05    361s
  121720    1.1693929e+04   0.000000e+00   3.740047e+05    368s
  122323    1.1693933e+04   0.000000e+00   3.961262e+05    372s
  122926    1.1693938e+04   0.000000e+00   1.147048e+06    376s
  124132    1.1693947e+04   0.000000e+00   2.195866e+05    384s
  124735    1.1693952e+04   0.000000e+00   1.641421e+06    390s
  125338    1.1693958e+04   0.000000e+00   8.863104e+05    394s
  125941    1.1693964e+04   0.000000e+00   1.066246e+06    399s
  126544    1.1693967e+04   0.000000e+00   1.873419e+06    403s
  127147    1.1693970e+04   0.000000e+00   9.260216e+05    408s
  127750    1.1693976e+04   0.000000e+00   8.286439e+05    412s
  128353    1.1693981e+04   0.000000e+00   6.098497e+05    417s
  128956    1.1693984e+04   0.000000e+00   5.890013e+05    423s
  129556    1.1693990e+04   0.000000e+00   1.811757e+06    429s
  130159    1.1693996e+04   0.000000e+00   3.693466e+06    435s
  130762    1.1694001e+04   0.000000e+00   3.889337e+06    441s
  131365    1.1694005e+04   0.000000e+00   3.246932e+05    446s
  131968    1.1694009e+04   0.000000e+00   8.885084e+05    451s
  132571    1.1694013e+04   0.000000e+00   2.280486e+07    456s
  133174    1.1694018e+04   0.000000e+00   9.537054e+05    461s
  133777    1.1694021e+04   0.000000e+00   1.152945e+06    466s
  134380    1.1694024e+04   0.000000e+00   3.547213e+05    471s
  134983    1.1694027e+04   0.000000e+00   3.417334e+05    476s
  135586    1.1694032e+04   0.000000e+00   3.225035e+06    482s
  136189    1.1694037e+04   0.000000e+00   1.030050e+06    487s
  136792    1.1694041e+04   0.000000e+00   1.042097e+06    492s
  137395    1.1694045e+04   0.000000e+00   9.977518e+05    497s
  137998    1.1694049e+04   0.000000e+00   8.467516e+05    503s
  138601    1.1694055e+04   0.000000e+00   6.664034e+05    508s
  139204    1.1694059e+04   0.000000e+00   8.590684e+05    514s
  139807    1.1694064e+04   0.000000e+00   8.452800e+05    518s
  140410    1.1694068e+04   0.000000e+00   6.898772e+05    524s
  141013    1.1694072e+04   0.000000e+00   7.875750e+05    529s
  141616    1.1694077e+04   0.000000e+00   5.290121e+05    534s
  142219    1.1694080e+04   0.000000e+00   6.956553e+05    539s
  142822    1.1694082e+04   0.000000e+00   3.124750e+06    544s
  143425    1.1694085e+04   0.000000e+00   5.577905e+05    548s
  144028    1.1694090e+04   0.000000e+00   7.522209e+06    554s
  144631    1.1694096e+04   0.000000e+00   2.905313e+06    559s
  145201    1.1694100e+04   0.000000e+00   8.314817e+05    564s
  145801    1.1694103e+04   0.000000e+00   6.428131e+05    570s
  146404    1.1694107e+04   0.000000e+00   4.863983e+05    575s
  147610    1.1694114e+04   0.000000e+00   9.212848e+05    585s
  148213    1.1694118e+04   0.000000e+00   5.901670e+05    590s
  148813    1.1694122e+04   0.000000e+00   1.213393e+06    595s
  149413    1.1694125e+04   0.000000e+00   1.313746e+06    601s
  150013    1.1694129e+04   0.000000e+00   7.121083e+05    607s
  150616    1.1694139e+04   0.000000e+00   7.076082e+06    612s
  151219    1.1694143e+04   0.000000e+00   9.305508e+05    617s
  151822    1.1694148e+04   0.000000e+00   5.595227e+05    622s
  152425    1.1694151e+04   0.000000e+00   4.171102e+05    626s
  153028    1.1694155e+04   0.000000e+00   4.008783e+05    632s
  153631    1.1694159e+04   0.000000e+00   4.152610e+06    636s
  154837    1.1694171e+04   0.000000e+00   1.906242e+06    643s
  155440    1.1694177e+04   0.000000e+00   5.487168e+05    646s
  156646    1.1694185e+04   0.000000e+00   2.733473e+05    654s
  157249    1.1694188e+04   0.000000e+00   2.364755e+05    657s
  157852    1.1694192e+04   0.000000e+00   5.913571e+05    661s
  158455    1.1694198e+04   0.000000e+00   6.550920e+05    666s
  159661    1.1694208e+04   0.000000e+00   9.979662e+05    673s
  160264    1.1694212e+04   0.000000e+00   3.826868e+05    677s
  160867    1.1694215e+04   0.000000e+00   9.486124e+06    681s
  161470    1.1694219e+04   0.000000e+00   4.031795e+07    685s
  162676    1.1694228e+04   0.000000e+00   3.662196e+05    693s
  163279    1.1694232e+04   0.000000e+00   3.673169e+06    697s
  163882    1.1694236e+04   0.000000e+00   8.941871e+05    701s
  164485    1.1694240e+04   0.000000e+00   4.914196e+05    706s
  165691    1.1694249e+04   0.000000e+00   2.573963e+05    714s
  166294    1.1694253e+04   0.000000e+00   4.775994e+05    719s
  166864    1.1694257e+04   0.000000e+00   7.554615e+05    723s
  167444    1.1694260e+04   0.000000e+00   4.792443e+05    728s
  168034    1.1694264e+04   0.000000e+00   4.067532e+05    733s
  168624    1.1694268e+04   0.000000e+00   1.195876e+06    737s
  169194    1.1694270e+04   0.000000e+00   4.190957e+05    742s
  169797    1.1694273e+04   0.000000e+00   5.529969e+05    746s
  170387    1.1694277e+04   0.000000e+00   5.833755e+05    750s
  170977    1.1694280e+04   0.000000e+00   5.637983e+05    755s
  172107    1.1694287e+04   0.000000e+00   4.859424e+05    764s
  172657    1.1694290e+04   0.000000e+00   4.146403e+05    769s
  173197    1.1694294e+04   0.000000e+00   1.796662e+06    773s
  173737    1.1694296e+04   0.000000e+00   6.917046e+05    778s
  174317    1.1694300e+04   0.000000e+00   7.095145e+05    782s
  174847    1.1694304e+04   0.000000e+00   6.681877e+05    787s
  175427    1.1694308e+04   0.000000e+00   4.413103e+05    792s
  176027    1.1694313e+04   0.000000e+00   4.365232e+05    796s
  176630    1.1694316e+04   0.000000e+00   4.903018e+06    800s
  177230    1.1694319e+04   0.000000e+00   9.523862e+05    805s
  178403    1.1694326e+04   0.000000e+00   3.187033e+06    814s
  178993    1.1694329e+04   0.000000e+00   4.698365e+06    819s
  179596    1.1694332e+04   0.000000e+00   1.203084e+06    824s
  180156    1.1694335e+04   0.000000e+00   6.824361e+06    828s
  180726    1.1694340e+04   0.000000e+00   8.487765e+05    833s
  181296    1.1694343e+04   0.000000e+00   3.737725e+06    837s
  181899    1.1694347e+04   0.000000e+00   3.501167e+05    842s
  182502    1.1694350e+04   0.000000e+00   1.952873e+06    846s
  183072    1.1694356e+04   0.000000e+00   1.137634e+06    851s
  183675    1.1694360e+04   0.000000e+00   4.366151e+05    855s
  184881    1.1694367e+04   0.000000e+00   3.472420e+05    863s
  185484    1.1694370e+04   0.000000e+00   8.302584e+05    868s
  186054    1.1694373e+04   0.000000e+00   6.951679e+05    873s
  186657    1.1694377e+04   0.000000e+00   4.214233e+05    877s
  187247    1.1694380e+04   0.000000e+00   2.197708e+07    882s
  187847    1.1694387e+04   0.000000e+00   9.598703e+05    886s
  188387    1.1694390e+04   0.000000e+00   9.264058e+05    891s
  188947    1.1694397e+04   0.000000e+00   2.249492e+05    895s
  190077    1.1694404e+04   0.000000e+00   6.944296e+05    904s
  190597    1.1694406e+04   0.000000e+00   6.184655e+05    909s
  191200    1.1694409e+04   0.000000e+00   8.436884e+05    913s
  191760    1.1694415e+04   0.000000e+00   5.021718e+06    918s
  192350    1.1694421e+04   0.000000e+00   6.071860e+05    923s
  192880    1.1694424e+04   0.000000e+00   4.111856e+05    927s
  193370    1.1694426e+04   0.000000e+00   3.389758e+05    932s
  193970    1.1694429e+04   0.000000e+00   9.118924e+05    937s
  194550    1.1694432e+04   0.000000e+00   4.263871e+06    941s
  195110    1.1694435e+04   0.000000e+00   3.464861e+05    946s
  195713    1.1694437e+04   0.000000e+00   7.752025e+05    950s
  196773    1.1694442e+04   0.000000e+00   4.556705e+05    959s
  197223    1.1694444e+04   0.000000e+00   5.677389e+05    964s
  197713    1.1694448e+04   0.000000e+00   1.295753e+06    968s
  198263    1.1694450e+04   0.000000e+00   3.541849e+05    973s
  198793    1.1694453e+04   0.000000e+00   7.805477e+05    977s
  199293    1.1694455e+04   0.000000e+00   4.062234e+06    982s
  199853    1.1694457e+04   0.000000e+00   3.806595e+05    986s
  200413    1.1694460e+04   0.000000e+00   9.069958e+05    991s
  200883    1.1694462e+04   0.000000e+00   5.683967e+05    996s
  201383    1.1694472e+04   0.000000e+00   1.895966e+06   1000s
  202383    1.1694478e+04   0.000000e+00   4.071206e+06   1009s
  202893    1.1694482e+04   0.000000e+00   8.049537e+05   1014s
  203403    1.1694483e+04   0.000000e+00   5.206382e+05   1019s
  203863    1.1694486e+04   0.000000e+00   4.553776e+05   1023s
  204323    1.1694488e+04   0.000000e+00   9.273320e+06   1028s
  204783    1.1694489e+04   0.000000e+00   7.623864e+05   1032s
  205293    1.1694491e+04   0.000000e+00   5.170249e+05   1037s
  205793    1.1694493e+04   0.000000e+00   5.903908e+05   1041s
  206313    1.1694495e+04   0.000000e+00   5.476641e+05   1046s
  206813    1.1694497e+04   0.000000e+00   4.555381e+05   1051s
  207743    1.1694501e+04   0.000000e+00   3.056033e+05   1059s
  208263    1.1694503e+04   0.000000e+00   5.074002e+05   1064s
  208773    1.1694506e+04   0.000000e+00   1.396449e+06   1068s
  209313    1.1694509e+04   0.000000e+00   5.945624e+05   1073s
  209833    1.1694514e+04   0.000000e+00   7.341364e+05   1077s
  210413    1.1694518e+04   0.000000e+00   7.775841e+05   1082s
  210913    1.1694520e+04   0.000000e+00   3.186162e+05   1087s
  211433    1.1694523e+04   0.000000e+00   6.366282e+05   1091s
  211903    1.1694525e+04   0.000000e+00   3.262095e+05   1096s
  212393    1.1694528e+04   0.000000e+00   5.172686e+05   1100s
  213523    1.1694533e+04   0.000000e+00   6.306594e+05   1109s
  214083    1.1694535e+04   0.000000e+00   4.707475e+05   1114s
  214663    1.1694537e+04   0.000000e+00   4.729951e+06   1119s
  215253    1.1694541e+04   0.000000e+00   3.742239e+05   1123s
  215783    1.1694544e+04   0.000000e+00   2.394158e+07   1128s
  216283    1.1694547e+04   0.000000e+00   3.287597e+05   1132s
  216853    1.1694550e+04   0.000000e+00   2.325980e+06   1137s
  217433    1.1694552e+04   0.000000e+00   9.302026e+05   1142s
  217963    1.1694554e+04   0.000000e+00   3.370313e+05   1146s
  218483    1.1694556e+04   0.000000e+00   1.449477e+06   1151s
  218983    1.1694558e+04   0.000000e+00   4.228942e+05   1155s
  219923    1.1694562e+04   0.000000e+00   4.675405e+05   1164s
  220353    1.1694563e+04   0.000000e+00   4.357184e+05   1169s
  220823    1.1694564e+04   0.000000e+00   4.081943e+05   1173s
  221273    1.1694566e+04   0.000000e+00   4.742542e+05   1178s
  221743    1.1694568e+04   0.000000e+00   4.938750e+05   1182s
  222193    1.1694570e+04   0.000000e+00   4.400805e+05   1187s
  222643    1.1694572e+04   0.000000e+00   4.714702e+05   1191s
  223113    1.1694574e+04   0.000000e+00   7.419547e+05   1196s
  223603    1.1694576e+04   0.000000e+00   7.210705e+05   1200s
  224623    1.1694580e+04   0.000000e+00   5.871081e+05   1209s
  225083    1.1694582e+04   0.000000e+00   6.409459e+05   1214s
  225513    1.1694584e+04   0.000000e+00   4.247474e+05   1218s
  225923    1.1694585e+04   0.000000e+00   4.846629e+05   1222s
  226343    1.1694587e+04   0.000000e+00   8.284008e+05   1227s
  226743    1.1694589e+04   0.000000e+00   6.731443e+05   1231s
  227173    1.1694591e+04   0.000000e+00   2.104420e+05   1236s
  227593    1.1694592e+04   0.000000e+00   3.376370e+05   1240s
  228533    1.1694595e+04   0.000000e+00   3.832734e+05   1249s
  228983    1.1694597e+04   0.000000e+00   2.541290e+05   1253s
  229393    1.1694598e+04   0.000000e+00   8.511849e+05   1258s
  229863    1.1694600e+04   0.000000e+00   5.612291e+05   1262s
  230273    1.1694601e+04   0.000000e+00   5.403788e+05   1267s
  230693    1.1694602e+04   0.000000e+00   5.218039e+05   1271s
  231103    1.1694603e+04   0.000000e+00   2.322617e+05   1276s
  232003    1.1694606e+04   0.000000e+00   3.114259e+05   1284s
  232443    1.1694607e+04   0.000000e+00   6.737760e+05   1291s
  232863    1.1694609e+04   0.000000e+00   3.373529e+05   1296s
  233303    1.1694610e+04   0.000000e+00   1.152313e+06   1301s
  233713    1.1694611e+04   0.000000e+00   3.099765e+05   1306s
  234133    1.1694612e+04   0.000000e+00   7.931265e+05   1311s
  234533    1.1694614e+04   0.000000e+00   7.503604e+05   1316s
  235003    1.1694617e+04   0.000000e+00   4.010940e+05   1321s
  235503    1.1694619e+04   0.000000e+00   1.501218e+06   1327s
  235943    1.1694621e+04   0.000000e+00   9.482390e+05   1332s
  236383    1.1694622e+04   0.000000e+00   2.770445e+05   1337s
  236853    1.1694625e+04   0.000000e+00   6.526850e+05   1342s
  237343    1.1694627e+04   0.000000e+00   5.557532e+05   1348s
  237763    1.1694630e+04   0.000000e+00   5.638584e+05   1353s
  238173    1.1694632e+04   0.000000e+00   1.513947e+06   1358s
  238583    1.1694634e+04   0.000000e+00   4.425143e+05   1364s
  239043    1.1694635e+04   0.000000e+00   3.696812e+07   1369s
  239513    1.1694637e+04   0.000000e+00   5.877183e+05   1375s
  240003    1.1694639e+04   0.000000e+00   5.954504e+05   1380s
  240453    1.1694640e+04   0.000000e+00   6.595443e+05   1385s
  240883    1.1694642e+04   0.000000e+00   9.901245e+05   1391s
  241373    1.1694645e+04   0.000000e+00   7.864160e+05   1397s
  241873    1.1694647e+04   0.000000e+00   3.743113e+05   1404s
  242353    1.1694649e+04   0.000000e+00   4.567237e+05   1410s
  242793    1.1694650e+04   0.000000e+00   2.649166e+05   1415s
  243253    1.1694651e+04   0.000000e+00   3.624220e+05   1420s
  243723    1.1694653e+04   0.000000e+00   2.531938e+05   1426s
  244223    1.1694654e+04   0.000000e+00   2.660217e+05   1431s
  244683    1.1694656e+04   0.000000e+00   7.221377e+05   1437s
  245103    1.1694657e+04   0.000000e+00   4.902861e+05   1442s
  245543    1.1694659e+04   0.000000e+00   6.748358e+05   1448s
  246013    1.1694660e+04   0.000000e+00   1.651619e+06   1453s
  246453    1.1694662e+04   0.000000e+00   3.172261e+05   1459s
  246893    1.1694663e+04   0.000000e+00   3.209327e+05   1465s
  247323    1.1694665e+04   0.000000e+00   3.257613e+05   1470s
  247853    1.1694667e+04   0.000000e+00   4.995355e+05   1476s
  248303    1.1694669e+04   0.000000e+00   4.075337e+05   1481s
  248723    1.1694670e+04   0.000000e+00   4.249498e+05   1487s
  249183    1.1694672e+04   0.000000e+00   3.342131e+05   1492s
  249573    1.1694673e+04   0.000000e+00   6.979327e+05   1497s
  250013    1.1694675e+04   0.000000e+00   5.083178e+05   1503s
  250493    1.1694677e+04   0.000000e+00   3.951420e+05   1508s
  250933    1.1694679e+04   0.000000e+00   6.253300e+05   1514s
  251443    1.1694682e+04   0.000000e+00   1.090190e+06   1520s
  251923    1.1694684e+04   0.000000e+00   1.776217e+06   1525s
  252453    1.1694686e+04   0.000000e+00   3.166260e+05   1531s
  252933    1.1694687e+04   0.000000e+00   1.018611e+06   1536s
  253373    1.1694688e+04   0.000000e+00   3.798464e+06   1542s
  253783    1.1694689e+04   0.000000e+00   8.849923e+06   1547s
  254273    1.1694692e+04   0.000000e+00   2.210666e+06   1553s
  254853    1.1694697e+04   0.000000e+00   6.143513e+05   1558s
  255383    1.1694699e+04   0.000000e+00   3.892432e+05   1564s
  255843    1.1694700e+04   0.000000e+00   5.750897e+05   1569s
  256343    1.1694702e+04   0.000000e+00   5.913015e+05   1575s
  256793    1.1694703e+04   0.000000e+00   3.975204e+05   1580s
  257253    1.1694705e+04   0.000000e+00   5.843783e+05   1586s
  257733    1.1694708e+04   0.000000e+00   3.890082e+05   1592s
  258243    1.1694711e+04   0.000000e+00   5.213632e+05   1597s
  258673    1.1694712e+04   0.000000e+00   1.098066e+06   1603s
  259043    1.1694714e+04   0.000000e+00   5.963125e+05   1609s
  259213    1.1694715e+04   0.000000e+00   2.813875e+06   1614s
  259343    1.1694720e+04   0.000000e+00   3.066004e+06   1617s
  259573    1.1694721e+04   0.000000e+00   2.035499e+06   1623s
  259713    1.1694722e+04   0.000000e+00   1.102582e+06   1626s
  259993    1.1694724e+04   0.000000e+00   7.967533e+05   1634s
  260153    1.1694725e+04   0.000000e+00   1.582253e+06   1639s
  260313    1.1694725e+04   0.000000e+00   9.794745e+05   1645s
  260483    1.1694726e+04   0.000000e+00   3.484998e+06   1650s
  260643    1.1694727e+04   0.000000e+00   1.428769e+06   1655s
  260793    1.1694727e+04   0.000000e+00   1.854677e+06   1660s
  260953    1.1694728e+04   0.000000e+00   9.171638e+05   1665s
  261123    1.1694729e+04   0.000000e+00   5.979674e+06   1671s
  261283    1.1694730e+04   0.000000e+00   2.319117e+06   1676s
  261463    1.1694731e+04   0.000000e+00   2.374207e+06   1682s
  261703    1.1694733e+04   0.000000e+00   1.292382e+06   1687s
  261873    1.1694734e+04   0.000000e+00   2.944177e+06   1692s
  262043    1.1694735e+04   0.000000e+00   1.581559e+06   1698s
  262213    1.1694736e+04   0.000000e+00   1.451442e+06   1703s
  262313    1.1694737e+04   0.000000e+00   2.547949e+06   1706s
  262513    1.1694738e+04   0.000000e+00   5.065670e+06   1712s
  262713    1.1694739e+04   0.000000e+00   2.504599e+06   1718s
  262823    1.1694739e+04   0.000000e+00   4.063750e+06   1721s
  263113    1.1694742e+04   0.000000e+00   3.494252e+06   1729s
  263283    1.1694743e+04   0.000000e+00   2.311796e+06   1734s
  263443    1.1694745e+04   0.000000e+00   2.518263e+06   1740s
  263603    1.1694748e+04   0.000000e+00   3.654047e+06   1746s
  263853    1.1694769e+04   0.000000e+00   9.598015e+05   1752s
  264053    1.1694771e+04   0.000000e+00   2.301794e+06   1758s
  264153    1.1694772e+04   0.000000e+00   3.605606e+06   1761s
  264433    1.1694776e+04   0.000000e+00   5.125426e+06   1768s
  264563    1.1694779e+04   0.000000e+00   4.196755e+06   1772s
  264713    1.1694781e+04   0.000000e+00   2.882468e+06   1776s
  265003    1.1694783e+04   0.000000e+00   1.633238e+06   1783s
  265173    1.1694786e+04   0.000000e+00   1.222834e+06   1787s
  265323    1.1694787e+04   0.000000e+00   6.882644e+06   1791s
  265603    1.1694790e+04   0.000000e+00   5.813371e+06   1800s
  265803    1.1694795e+04   0.000000e+00   1.486124e+06   1807s
  265963    1.1694797e+04   0.000000e+00   2.512382e+06   1812s
  266123    1.1694798e+04   0.000000e+00   1.656005e+07   1818s
  266283    1.1694799e+04   0.000000e+00   1.345571e+06   1823s
  266443    1.1694801e+04   0.000000e+00   1.648658e+06   1828s
  266593    1.1694802e+04   0.000000e+00   5.081449e+06   1834s
  266753    1.1694804e+04   0.000000e+00   2.453225e+06   1839s
  266913    1.1694806e+04   0.000000e+00   2.012291e+06   1845s
  267073    1.1694807e+04   0.000000e+00   3.366350e+06   1850s
  267233    1.1694809e+04   0.000000e+00   5.849907e+06   1856s
  267393    1.1694810e+04   0.000000e+00   2.005612e+06   1861s
  267613    1.1694811e+04   0.000000e+00   1.495762e+06   1868s
  267723    1.1694812e+04   0.000000e+00   2.061708e+06   1871s
  267963    1.1694815e+04   0.000000e+00   5.467531e+06   1878s
  268093    1.1694817e+04   0.000000e+00   2.746269e+06   1882s
  268253    1.1694818e+04   0.000000e+00   2.486771e+06   1888s
  268403    1.1694819e+04   0.000000e+00   1.897371e+06   1893s
  268513    1.1694827e+04   0.000000e+00   2.821437e+07   1896s
  268843    1.1694833e+04   0.000000e+00   3.541195e+07   1906s
  269003    1.1694834e+04   0.000000e+00   3.699571e+06   1910s
  269273    1.1694842e+04   0.000000e+00   3.152563e+06   1918s
  269393    1.1694843e+04   0.000000e+00   1.677073e+06   1920s
  269743    1.1694848e+04   0.000000e+00   8.245639e+05   1930s
  269903    1.1694850e+04   0.000000e+00   8.625259e+05   1936s
  270063    1.1694851e+04   0.000000e+00   1.048672e+06   1942s
  270223    1.1694852e+04   0.000000e+00   2.620201e+06   1947s
  270363    1.1694853e+04   0.000000e+00   1.399907e+06   1953s
  270523    1.1694854e+04   0.000000e+00   2.018257e+06   1959s
  270703    1.1694857e+04   0.000000e+00   4.371697e+06   1965s
  270823    1.1694863e+04   0.000000e+00   3.153733e+06   1968s
  271033    1.1694865e+04   0.000000e+00   5.600437e+06   1974s
  271183    1.1694870e+04   0.000000e+00   5.867803e+06   1978s
  271303    1.1694872e+04   0.000000e+00   1.152250e+07   1981s
  271443    1.1694873e+04   0.000000e+00   4.300193e+06   1985s
  271753    1.1694876e+04   0.000000e+00   2.083702e+06   1994s
  271893    1.1694877e+04   0.000000e+00   3.200434e+06   1998s
  272013    1.1694878e+04   0.000000e+00   1.020903e+06   2001s
  272283    1.1694881e+04   0.000000e+00   5.443816e+06   2011s
  272433    1.1694882e+04   0.000000e+00   5.934915e+06   2016s
  272593    1.1694884e+04   0.000000e+00   1.093357e+06   2022s
  272773    1.1694887e+04   0.000000e+00   3.253675e+07   2028s
  272943    1.1694890e+04   0.000000e+00   1.358382e+07   2033s
  273053    1.1694893e+04   0.000000e+00   2.790726e+06   2037s
  273203    1.1694894e+04   0.000000e+00   2.528786e+06   2042s
  273363    1.1694895e+04   0.000000e+00   1.289293e+06   2048s
  273563    1.1694902e+04   0.000000e+00   1.622401e+06   2055s
  273713    1.1694903e+04   0.000000e+00   1.454558e+06   2060s
  273863    1.1694904e+04   0.000000e+00   9.197802e+05   2066s
  274023    1.1694905e+04   0.000000e+00   8.127462e+06   2072s
  274183    1.1694906e+04   0.000000e+00   3.701066e+06   2077s
  274323    1.1694907e+04   0.000000e+00   2.526755e+06   2083s
  274473    1.1694908e+04   0.000000e+00   2.630230e+06   2089s
  274633    1.1694910e+04   0.000000e+00   2.355523e+06   2094s
  274783    1.1694911e+04   0.000000e+00   1.127694e+06   2100s
  274953    1.1694914e+04   0.000000e+00   7.213854e+06   2106s
  275153    1.1694917e+04   0.000000e+00   3.924238e+06   2113s
  275343    1.1694918e+04   0.000000e+00   4.064580e+06   2119s
  275523    1.1694919e+04   0.000000e+00   1.069815e+06   2125s
  275683    1.1694920e+04   0.000000e+00   6.197811e+06   2131s
  275843    1.1694922e+04   0.000000e+00   2.657103e+06   2137s
  276023    1.1694924e+04   0.000000e+00   5.451748e+06   2144s
  276233    1.1694925e+04   0.000000e+00   3.740716e+06   2150s
  276483    1.1694927e+04   0.000000e+00   3.545990e+06   2158s
  276603    1.1694928e+04   0.000000e+00   1.107467e+06   2162s
  276903    1.1694930e+04   0.000000e+00   1.924387e+06   2171s
  277053    1.1694934e+04   0.000000e+00   1.604287e+06   2176s
  277213    1.1694936e+04   0.000000e+00   3.013046e+06   2183s
  277363    1.1694937e+04   0.000000e+00   3.417596e+06   2189s
  277503    1.1694938e+04   0.000000e+00   1.405263e+06   2195s
  277643    1.1694940e+04   0.000000e+00   7.028134e+05   2200s
  277803    1.1694940e+04   0.000000e+00   4.687123e+06   2206s
  277973    1.1694942e+04   0.000000e+00   1.019659e+06   2213s
  278113    1.1694943e+04   0.000000e+00   1.712796e+06   2218s
  278273    1.1694944e+04   0.000000e+00   1.457698e+06   2224s
  278423    1.1694945e+04   0.000000e+00   1.223708e+06   2230s
  278573    1.1694945e+04   0.000000e+00   1.587717e+06   2236s
  278723    1.1694946e+04   0.000000e+00   9.919819e+06   2241s
  278863    1.1694947e+04   0.000000e+00   1.412261e+06   2247s
  279013    1.1694948e+04   0.000000e+00   2.240590e+06   2252s
  279163    1.1694949e+04   0.000000e+00   4.829232e+06   2258s
  279323    1.1694950e+04   0.000000e+00   8.142750e+05   2264s
  279463    1.1694951e+04   0.000000e+00   6.839570e+06   2270s
  279613    1.1694952e+04   0.000000e+00   1.881381e+06   2275s
  279753    1.1694953e+04   0.000000e+00   3.470893e+06   2281s
  279903    1.1694954e+04   0.000000e+00   6.260715e+06   2286s
  280053    1.1694955e+04   0.000000e+00   1.661092e+06   2292s
  280203    1.1694956e+04   0.000000e+00   2.923196e+06   2298s
  280343    1.1694957e+04   0.000000e+00   1.732674e+06   2303s
  280483    1.1694957e+04   0.000000e+00   1.015971e+06   2309s
  280623    1.1694958e+04   0.000000e+00   1.456826e+06   2315s
  280793    1.1694960e+04   0.000000e+00   1.367495e+06   2321s
  280933    1.1694961e+04   0.000000e+00   6.643481e+06   2326s
  281083    1.1694962e+04   0.000000e+00   1.689999e+06   2332s
  281223    1.1694962e+04   0.000000e+00   1.369332e+06   2338s
  281393    1.1694963e+04   0.000000e+00   1.737595e+06   2344s
  281493    1.1694964e+04   0.000000e+00   1.650571e+06   2347s
  281613    1.1694965e+04   0.000000e+00   2.949918e+06   2351s
  281743    1.1694966e+04   0.000000e+00   1.273827e+07   2355s
  281933    1.1694968e+04   0.000000e+00   5.321292e+06   2362s
  282133    1.1694970e+04   0.000000e+00   3.152151e+06   2368s
  282293    1.1694971e+04   0.000000e+00   1.675429e+06   2374s
  282443    1.1694972e+04   0.000000e+00   1.954459e+06   2380s
  282583    1.1694973e+04   0.000000e+00   4.702587e+06   2386s
  282723    1.1694974e+04   0.000000e+00   3.445710e+06   2397s
  282873    1.1694975e+04   0.000000e+00   7.063441e+06   2403s
  283043    1.1694976e+04   0.000000e+00   2.697344e+06   2409s
  283143    1.1694976e+04   0.000000e+00   1.129216e+06   2411s
  283343    1.1694978e+04   0.000000e+00   3.290104e+06   2417s
  283443    1.1694978e+04   0.000000e+00   4.430609e+06   2420s
  283643    1.1694979e+04   0.000000e+00   2.511505e+06   2426s
  283843    1.1694980e+04   0.000000e+00   2.007096e+06   2432s
  284093    1.1694982e+04   0.000000e+00   2.798378e+06   2438s
  284193    1.1694983e+04   0.000000e+00   1.902459e+06   2441s
  284483    1.1694985e+04   0.000000e+00   1.307186e+06   2449s
  284583    1.1694985e+04   0.000000e+00   9.324555e+05   2452s
  284753    1.1694986e+04   0.000000e+00   1.048534e+06   2457s
  284913    1.1694986e+04   0.000000e+00   1.758817e+06   2462s
  285073    1.1694987e+04   0.000000e+00   1.974024e+06   2467s
  285233    1.1694988e+04   0.000000e+00   1.967376e+06   2472s
  285373    1.1694989e+04   0.000000e+00   9.177347e+07   2476s
  285513    1.1694990e+04   0.000000e+00   2.593290e+06   2481s
  285653    1.1694991e+04   0.000000e+00   1.660814e+06   2485s
  285813    1.1694992e+04   0.000000e+00   1.361203e+06   2490s
  286103    1.1694993e+04   0.000000e+00   9.891885e+05   2499s
  286263    1.1694994e+04   0.000000e+00   1.023934e+07   2505s
  286403    1.1694994e+04   0.000000e+00   2.766935e+06   2509s
  286553    1.1694995e+04   0.000000e+00   3.597986e+06   2514s
  286703    1.1694996e+04   0.000000e+00   1.643245e+06   2519s
  286843    1.1694996e+04   0.000000e+00   1.942276e+07   2523s
  286983    1.1694997e+04   0.000000e+00   2.942728e+06   2528s
  287143    1.1694998e+04   0.000000e+00   1.692187e+06   2533s
  287303    1.1694999e+04   0.000000e+00   7.858611e+05   2538s
  287443    1.1694999e+04   0.000000e+00   3.049730e+06   2543s
  287583    1.1695000e+04   0.000000e+00   8.969426e+05   2548s
  287723    1.1695000e+04   0.000000e+00   1.184369e+06   2553s
  287873    1.1695002e+04   0.000000e+00   7.607492e+05   2558s
  288033    1.1695003e+04   0.000000e+00   1.307173e+06   2563s
  288193    1.1695004e+04   0.000000e+00   1.343814e+06   2568s
  288333    1.1695004e+04   0.000000e+00   1.200539e+06   2573s
Extra simplex iterations after uncrush: 277299

Stopped in 288469 iterations and 2576.83 seconds (2432.88 work units)
Solve interrupted
