
Gurobi 11.0.3 (mac64[x86]) logging started Wed Nov 27 09:22:10 2024

Set parameter LogFile to value "Results/result14.log"
Set parameter TimeLimit to value 36000
Gurobi Optimizer version 11.0.3 build v11.0.3rc0 (mac64[x86] - Darwin 23.4.0 23E214)

CPU model: Intel(R) Core(TM) i7-1060NG7 CPU @ 1.20GHz
Thread count: 4 physical cores, 8 logical processors, using up to 8 threads

Optimize a model with 353588 rows, 452592 columns and 1853004 nonzeros
Model fingerprint: 0x83241ec2
Coefficient statistics:
  Matrix range     [1e+00, 1e+00]
  Objective range  [3e-03, 2e+01]
  Bounds range     [0e+00, 0e+00]
  RHS range        [1e-02, 3e+02]
Presolve removed 322845 rows and 412009 columns
Presolve time: 3.61s
Presolved: 30743 rows, 40583 columns, 164694 nonzeros

Concurrent LP optimizer: dual simplex and barrier
Showing barrier log only...

Ordering time: 1.45s

Barrier performed 0 iterations in 5.28 seconds (1.16 work units)
Barrier solve interrupted - model solved by another algorithm


Solved with dual simplex
Iteration    Objective       Primal Inf.    Dual Inf.      Time
   30482    8.3982043e+03   0.000000e+00   1.847479e+04     10s
   38404    8.3984272e+03   0.000000e+00   4.102750e+03     17s
   41143    8.3984804e+03   0.000000e+00   1.533160e+03     21s
   45142    8.3984980e+03   0.000000e+00   1.718734e+02     26s
Extra simplex iterations after uncrush: 27553
   45451    8.3980641e+03   0.000000e+00   0.000000e+00     27s

Solved in 45451 iterations and 27.30 seconds (6.09 work units)
Optimal objective  8.398064069e+03

Gurobi 11.0.3 (mac64[x86]) logging started Wed Nov 27 09:44:47 2024

Set parameter LogFile to value "Results/result14.log"
Set parameter TimeLimit to value 36000
Gurobi Optimizer version 11.0.3 build v11.0.3rc0 (mac64[x86] - Darwin 23.4.0 23E214)

CPU model: Intel(R) Core(TM) i7-1060NG7 CPU @ 1.20GHz
Thread count: 4 physical cores, 8 logical processors, using up to 8 threads

Optimize a model with 353588 rows, 452592 columns and 1853004 nonzeros
Model fingerprint: 0x08645bf8
Coefficient statistics:
  Matrix range     [1e+00, 1e+00]
  Objective range  [3e-03, 2e+01]
  Bounds range     [0e+00, 0e+00]
  RHS range        [1e-02, 3e+02]
Presolve removed 323118 rows and 412533 columns
Presolve time: 2.61s
Presolved: 30470 rows, 40059 columns, 160797 nonzeros

Concurrent LP optimizer: dual simplex and barrier
Showing barrier log only...

Ordering time: 1.38s

Barrier performed 0 iterations in 4.27 seconds (1.21 work units)
Barrier solve interrupted - model solved by another algorithm


Solved with dual simplex
Iteration    Objective       Primal Inf.    Dual Inf.      Time
   23507    1.5745963e+04   0.000000e+00   6.513173e+03      6s
   38982    1.5746407e+04   0.000000e+00   3.798459e+02     10s
Extra simplex iterations after uncrush: 23085
   41318    1.5745963e+04   0.000000e+00   0.000000e+00     12s

Solved in 41318 iterations and 11.72 seconds (5.30 work units)
Optimal objective  1.574596295e+04

Gurobi 11.0.3 (mac64[x86]) logging started Wed Nov 27 09:55:25 2024

Set parameter LogFile to value "Results/result14.log"
Set parameter TimeLimit to value 36000
Gurobi Optimizer version 11.0.3 build v11.0.3rc0 (mac64[x86] - Darwin 23.4.0 23E214)

CPU model: Intel(R) Core(TM) i7-1060NG7 CPU @ 1.20GHz
Thread count: 4 physical cores, 8 logical processors, using up to 8 threads

Optimize a model with 353420 rows, 451248 columns and 1848972 nonzeros
Model fingerprint: 0x3a8e6b2d
Coefficient statistics:
  Matrix range     [1e+00, 1e+00]
  Objective range  [3e-03, 2e+01]
  Bounds range     [0e+00, 0e+00]
  RHS range        [1e-02, 3e+02]
Presolve removed 322801 rows and 410871 columns
Presolve time: 2.37s
Presolved: 30619 rows, 40377 columns, 162020 nonzeros

Concurrent LP optimizer: dual simplex and barrier
Showing barrier log only...

Ordering time: 0.90s

Barrier performed 0 iterations in 3.43 seconds (1.16 work units)
Barrier solve interrupted - model solved by another algorithm


Solved with dual simplex
Iteration    Objective       Primal Inf.    Dual Inf.      Time
   25207    1.5745963e+04   0.000000e+00   8.547848e+03      5s
Extra simplex iterations after uncrush: 22853
   40892    1.5745963e+04   0.000000e+00   0.000000e+00     10s

Solved in 40892 iterations and 9.99 seconds (4.77 work units)
Optimal objective  1.574596295e+04

Gurobi 11.0.3 (mac64[x86]) logging started Wed Nov 27 10:30:34 2024

Set parameter LogFile to value "Results/result14.log"
Set parameter TimeLimit to value 36000
Gurobi Optimizer version 11.0.3 build v11.0.3rc0 (mac64[x86] - Darwin 23.4.0 23E214)

CPU model: Intel(R) Core(TM) i7-1060NG7 CPU @ 1.20GHz
Thread count: 4 physical cores, 8 logical processors, using up to 8 threads

Optimize a model with 353420 rows, 451248 columns and 1848972 nonzeros
Model fingerprint: 0xa650b3ca
Coefficient statistics:
  Matrix range     [1e+00, 1e+00]
  Objective range  [3e-03, 2e+01]
  Bounds range     [0e+00, 0e+00]
  RHS range        [1e-02, 3e+02]
Presolve removed 322801 rows and 410871 columns
Presolve time: 4.09s
Presolved: 30619 rows, 40377 columns, 162020 nonzeros

Concurrent LP optimizer: dual simplex and barrier
Showing barrier log only...

Ordering time: 1.58s

Barrier performed 0 iterations in 5.93 seconds (1.16 work units)
Barrier solve interrupted - model solved by another algorithm


Solved with dual simplex
Iteration    Objective       Primal Inf.    Dual Inf.      Time
   33815    1.5857292e+04   0.000000e+00   2.093169e+04     11s
   45309    1.5857582e+04   0.000000e+00   6.771533e+02     15s
Extra simplex iterations after uncrush: 28540
   46651    1.5857158e+04   0.000000e+00   0.000000e+00     17s

Solved in 46651 iterations and 16.93 seconds (5.23 work units)
Optimal objective  1.585715754e+04

Gurobi 11.0.3 (mac64[x86]) logging started Wed Nov 27 10:35:30 2024

Set parameter LogFile to value "Results/result14.log"
Set parameter TimeLimit to value 36000
Gurobi Optimizer version 11.0.3 build v11.0.3rc0 (mac64[x86] - Darwin 23.4.0 23E214)

CPU model: Intel(R) Core(TM) i7-1060NG7 CPU @ 1.20GHz
Thread count: 4 physical cores, 8 logical processors, using up to 8 threads

Optimize a model with 353420 rows, 451248 columns and 1848972 nonzeros
Model fingerprint: 0x3a8e6b2d
Coefficient statistics:
  Matrix range     [1e+00, 1e+00]
  Objective range  [3e-03, 2e+01]
  Bounds range     [0e+00, 0e+00]
  RHS range        [1e-02, 3e+02]
Presolve removed 322801 rows and 410871 columns
Presolve time: 2.48s
Presolved: 30619 rows, 40377 columns, 162020 nonzeros

Concurrent LP optimizer: dual simplex and barrier
Showing barrier log only...

Ordering time: 0.87s

Barrier performed 0 iterations in 3.51 seconds (1.16 work units)
Barrier solve interrupted - model solved by another algorithm


Solved with dual simplex
Iteration    Objective       Primal Inf.    Dual Inf.      Time
   25207    1.5745963e+04   0.000000e+00   8.547848e+03      5s
Extra simplex iterations after uncrush: 22853
   40892    1.5745963e+04   0.000000e+00   0.000000e+00     10s

Solved in 40892 iterations and 9.80 seconds (4.77 work units)
Optimal objective  1.574596295e+04

Gurobi 11.0.3 (mac64[x86]) logging started Wed Nov 27 10:47:53 2024

Set parameter LogFile to value "Results/result14.log"
Set parameter TimeLimit to value 36000
Gurobi Optimizer version 11.0.3 build v11.0.3rc0 (mac64[x86] - Darwin 23.4.0 23E214)

CPU model: Intel(R) Core(TM) i7-1060NG7 CPU @ 1.20GHz
Thread count: 4 physical cores, 8 logical processors, using up to 8 threads

Optimize a model with 353588 rows, 452592 columns and 1853004 nonzeros
Model fingerprint: 0x53635540
Coefficient statistics:
  Matrix range     [1e+00, 1e+00]
  Objective range  [3e-03, 2e+01]
  Bounds range     [0e+00, 0e+00]
  RHS range        [1e-02, 3e+02]
Presolve removed 323703 rows and 413106 columns
Presolve time: 2.30s
Presolved: 29885 rows, 39486 columns, 157905 nonzeros

Concurrent LP optimizer: dual simplex and barrier
Showing barrier log only...

Ordering time: 1.49s

Barrier performed 0 iterations in 3.94 seconds (1.21 work units)
Barrier solve interrupted - model solved by another algorithm


Solved with dual simplex
Iteration    Objective       Primal Inf.    Dual Inf.      Time
   26117    1.5767280e+04   0.000000e+00   8.053986e+03      6s
   45058    1.5767610e+04   0.000000e+00   9.132727e+02     10s
Extra simplex iterations after uncrush: 28295
   47326    1.5767280e+04   0.000000e+00   0.000000e+00     12s

Solved in 47326 iterations and 11.53 seconds (5.84 work units)
Optimal objective  1.576728045e+04

Gurobi 11.0.3 (mac64[x86]) logging started Wed Nov 27 10:50:19 2024

Set parameter LogFile to value "Results/result14.log"
Set parameter TimeLimit to value 36000
Gurobi Optimizer version 11.0.3 build v11.0.3rc0 (mac64[x86] - Darwin 23.4.0 23E214)

CPU model: Intel(R) Core(TM) i7-1060NG7 CPU @ 1.20GHz
Thread count: 4 physical cores, 8 logical processors, using up to 8 threads

Optimize a model with 353588 rows, 452592 columns and 1853004 nonzeros
Model fingerprint: 0x53635540
Coefficient statistics:
  Matrix range     [1e+00, 1e+00]
  Objective range  [3e-03, 2e+01]
  Bounds range     [0e+00, 0e+00]
  RHS range        [1e-02, 3e+02]
Presolve removed 323703 rows and 413106 columns
Presolve time: 2.32s
Presolved: 29885 rows, 39486 columns, 157905 nonzeros

Concurrent LP optimizer: dual simplex and barrier
Showing barrier log only...

Ordering time: 1.48s

Barrier performed 0 iterations in 3.95 seconds (1.21 work units)
Barrier solve interrupted - model solved by another algorithm


Solved with dual simplex
Iteration    Objective       Primal Inf.    Dual Inf.      Time
   26117    1.5767280e+04   0.000000e+00   8.053986e+03      5s
   47100    1.5767631e+04   0.000000e+00   5.725664e+01     11s
Extra simplex iterations after uncrush: 28295
   47326    1.5767280e+04   0.000000e+00   0.000000e+00     11s

Solved in 47326 iterations and 11.45 seconds (5.84 work units)
Optimal objective  1.576728045e+04

Gurobi 11.0.3 (mac64[x86]) logging started Wed Nov 27 11:02:19 2024

Set parameter LogFile to value "Results/result14.log"
Set parameter TimeLimit to value 36000
Gurobi Optimizer version 11.0.3 build v11.0.3rc0 (mac64[x86] - Darwin 23.4.0 23E214)

CPU model: Intel(R) Core(TM) i7-1060NG7 CPU @ 1.20GHz
Thread count: 4 physical cores, 8 logical processors, using up to 8 threads

Optimize a model with 349388 rows, 418992 columns and 1752204 nonzeros
Model fingerprint: 0xbe52a85a
Coefficient statistics:
  Matrix range     [1e+00, 1e+00]
  Objective range  [3e-03, 2e+01]
  Bounds range     [0e+00, 0e+00]
  RHS range        [1e-02, 3e+02]
Presolve removed 319971 rows and 380238 columns
Presolve time: 2.18s
Presolved: 29417 rows, 38754 columns, 155296 nonzeros

Concurrent LP optimizer: dual simplex and barrier
Showing barrier log only...

Ordering time: 1.45s

Barrier performed 0 iterations in 3.78 seconds (1.19 work units)
Barrier solve interrupted - model solved by another algorithm


Solved with dual simplex
Iteration    Objective       Primal Inf.    Dual Inf.      Time
   26353    1.5767280e+04   0.000000e+00   8.876101e+03      5s
   45913    1.5767280e+04   0.000000e+00   0.000000e+00     10s
Extra simplex iterations after uncrush: 27152

Solved in 45913 iterations and 10.25 seconds (5.04 work units)
Optimal objective  1.576728045e+04

Gurobi 11.0.3 (mac64[x86]) logging started Wed Nov 27 11:18:47 2024

Set parameter LogFile to value "Results/result14.log"
Set parameter TimeLimit to value 36000
Gurobi Optimizer version 11.0.3 build v11.0.3rc0 (mac64[x86] - Darwin 23.4.0 23E214)

CPU model: Intel(R) Core(TM) i7-1060NG7 CPU @ 1.20GHz
Thread count: 4 physical cores, 8 logical processors, using up to 8 threads

Optimize a model with 349472 rows, 419664 columns and 1754220 nonzeros
Model fingerprint: 0x74bdb3a8
Coefficient statistics:
  Matrix range     [1e+00, 1e+00]
  Objective range  [3e-03, 2e+01]
  Bounds range     [0e+00, 0e+00]
  RHS range        [1e-02, 3e+02]
Presolve removed 317434 rows and 376998 columns
Presolve time: 2.33s
Presolved: 32038 rows, 42666 columns, 171713 nonzeros

Concurrent LP optimizer: dual simplex and barrier
Showing barrier log only...

Ordering time: 1.74s

Barrier performed 0 iterations in 4.24 seconds (1.23 work units)
Barrier solve interrupted - model solved by another algorithm


Solved with dual simplex
Iteration    Objective       Primal Inf.    Dual Inf.      Time
   28352    1.6541174e+04   0.000000e+00   5.200947e+03      5s
Extra simplex iterations after uncrush: 27572
   48473    1.6541174e+04   0.000000e+00   0.000000e+00     10s

Solved in 48473 iterations and 9.92 seconds (4.83 work units)
Optimal objective  1.654117435e+04

Gurobi 11.0.3 (mac64[x86]) logging started Wed Nov 27 11:27:18 2024

Set parameter LogFile to value "Results/result14.log"
Set parameter TimeLimit to value 36000
Gurobi Optimizer version 11.0.3 build v11.0.3rc0 (mac64[x86] - Darwin 23.4.0 23E214)

CPU model: Intel(R) Core(TM) i7-1060NG7 CPU @ 1.20GHz
Thread count: 4 physical cores, 8 logical processors, using up to 8 threads

Optimize a model with 349556 rows, 420336 columns and 1756236 nonzeros
Model fingerprint: 0x314597e8
Coefficient statistics:
  Matrix range     [1e+00, 1e+00]
  Objective range  [3e-03, 2e+01]
  Bounds range     [0e+00, 0e+00]
  RHS range        [1e-02, 3e+02]
Presolve removed 316763 rows and 376209 columns
Presolve time: 2.27s
Presolved: 32793 rows, 44127 columns, 176907 nonzeros

Concurrent LP optimizer: dual simplex and barrier
Showing barrier log only...

Ordering time: 1.99s

Barrier performed 0 iterations in 4.40 seconds (1.25 work units)
Barrier solve interrupted - model solved by another algorithm


Solved with dual simplex
Iteration    Objective       Primal Inf.    Dual Inf.      Time
   29964    1.6822050e+04   0.000000e+00   1.565992e+04      6s
   40991    1.6822050e+04   0.000000e+00   0.000000e+00     10s
Extra simplex iterations after uncrush: 18309

Solved in 40991 iterations and 10.47 seconds (4.33 work units)
Optimal objective  1.682205005e+04

Gurobi 11.0.3 (mac64[x86]) logging started Wed Nov 27 11:49:19 2024

Set parameter LogFile to value "Results/result14.log"
Set parameter TimeLimit to value 36000
Gurobi Optimizer version 11.0.3 build v11.0.3rc0 (mac64[x86] - Darwin 23.4.0 23E214)

CPU model: Intel(R) Core(TM) i7-1060NG7 CPU @ 1.20GHz
Thread count: 4 physical cores, 8 logical processors, using up to 8 threads

Optimize a model with 349556 rows, 420336 columns and 1756236 nonzeros
Model fingerprint: 0x314597e8
Coefficient statistics:
  Matrix range     [1e+00, 1e+00]
  Objective range  [3e-03, 2e+01]
  Bounds range     [0e+00, 0e+00]
  RHS range        [1e-02, 3e+02]
Presolve removed 316763 rows and 376209 columns
Presolve time: 2.35s
Presolved: 32793 rows, 44127 columns, 176907 nonzeros

Concurrent LP optimizer: dual simplex and barrier
Showing barrier log only...

Ordering time: 2.02s

Barrier performed 0 iterations in 4.53 seconds (1.25 work units)
Barrier solve interrupted - model solved by another algorithm


Solved with dual simplex
Iteration    Objective       Primal Inf.    Dual Inf.      Time
   22682    1.6822050e+04   0.000000e+00   4.612583e+03      5s
Extra simplex iterations after uncrush: 18309
   40991    1.6822050e+04   0.000000e+00   0.000000e+00     10s

Solved in 40991 iterations and 9.78 seconds (4.33 work units)
Optimal objective  1.682205005e+04

Gurobi 11.0.3 (mac64[x86]) logging started Wed Nov 27 11:53:45 2024

Set parameter LogFile to value "Results/result14.log"
Set parameter TimeLimit to value 36000
Gurobi Optimizer version 11.0.3 build v11.0.3rc0 (mac64[x86] - Darwin 23.4.0 23E214)

CPU model: Intel(R) Core(TM) i7-1060NG7 CPU @ 1.20GHz
Thread count: 4 physical cores, 8 logical processors, using up to 8 threads

Optimize a model with 349724 rows, 421680 columns and 1760268 nonzeros
Model fingerprint: 0x62d98364
Coefficient statistics:
  Matrix range     [1e+00, 1e+00]
  Objective range  [3e-03, 2e+01]
  Bounds range     [0e+00, 0e+00]
  RHS range        [1e-02, 1e+03]
Presolve removed 325713 rows and 390043 columns
Presolve time: 2.22s
Presolved: 24011 rows, 31637 columns, 120309 nonzeros

Concurrent LP optimizer: dual simplex and barrier
Showing barrier log only...

Ordering time: 1.15s

Barrier performed 0 iterations in 3.44 seconds (1.14 work units)
Barrier solve interrupted - model solved by another algorithm


Solved with dual simplex
Iteration    Objective       Primal Inf.    Dual Inf.      Time
   30680    5.1777504e+03   0.000000e+00   1.512395e+04      6s
   49195    5.1784457e+03   0.000000e+00   5.071256e+03     11s
   53537    5.1777504e+03   0.000000e+00   0.000000e+00     16s
Extra simplex iterations after uncrush: 38051

Solved in 53537 iterations and 15.59 seconds (8.47 work units)
Optimal objective  5.177750379e+03

Gurobi 11.0.3 (mac64[x86]) logging started Wed Nov 27 12:49:10 2024

Set parameter LogFile to value "Results/result14.log"
Set parameter TimeLimit to value 36000
Gurobi Optimizer version 11.0.3 build v11.0.3rc0 (mac64[x86] - Darwin 23.4.0 23E214)

CPU model: Intel(R) Core(TM) i7-1060NG7 CPU @ 1.20GHz
Thread count: 4 physical cores, 8 logical processors, using up to 8 threads

Optimize a model with 349724 rows, 421680 columns and 1760268 nonzeros
Model fingerprint: 0xbd58ef83
Coefficient statistics:
  Matrix range     [1e+00, 1e+00]
  Objective range  [3e-03, 2e+01]
  Bounds range     [0e+00, 0e+00]
  RHS range        [1e-02, 1e+03]
Presolve removed 319748 rows and 382177 columns
Presolve time: 2.23s
Presolved: 29976 rows, 39503 columns, 154527 nonzeros

Concurrent LP optimizer: dual simplex and barrier
Showing barrier log only...

Ordering time: 1.30s

Barrier performed 0 iterations in 3.62 seconds (1.19 work units)
Barrier solve interrupted - model solved by another algorithm


Solved with dual simplex
Iteration    Objective       Primal Inf.    Dual Inf.      Time
   33241    1.6833563e+04   0.000000e+00   7.905674e+03      6s
Extra simplex iterations after uncrush: 26707
   45697    1.6833563e+04   0.000000e+00   0.000000e+00      9s

Solved in 45697 iterations and 9.07 seconds (4.33 work units)
Optimal objective  1.683356313e+04

Gurobi 11.0.3 (mac64[x86]) logging started Wed Nov 27 13:26:53 2024

Set parameter LogFile to value "Results/result14.log"
Set parameter TimeLimit to value 36000
Gurobi Optimizer version 11.0.3 build v11.0.3rc0 (mac64[x86] - Darwin 23.4.0 23E214)

CPU model: Intel(R) Core(TM) i7-1060NG7 CPU @ 1.20GHz
Thread count: 4 physical cores, 8 logical processors, using up to 8 threads

Optimize a model with 349724 rows, 421680 columns and 1760268 nonzeros
Model fingerprint: 0xe9ac3220
Coefficient statistics:
  Matrix range     [1e+00, 1e+00]
  Objective range  [3e-03, 2e+01]
  Bounds range     [0e+00, 0e+00]
  RHS range        [1e-02, 1e+03]
Presolve removed 319741 rows and 382170 columns
Presolve time: 2.49s
Presolved: 29983 rows, 39510 columns, 154525 nonzeros

Concurrent LP optimizer: dual simplex and barrier
Showing barrier log only...

Ordering time: 1.62s

Barrier performed 0 iterations in 4.24 seconds (1.21 work units)
Barrier solve interrupted - model solved by another algorithm


Solved with dual simplex
Iteration    Objective       Primal Inf.    Dual Inf.      Time
   26561    1.6821176e+04   0.000000e+00   5.981076e+03      5s
   47754    1.6821176e+04   0.000000e+00   0.000000e+00     11s
Extra simplex iterations after uncrush: 28375

Solved in 47754 iterations and 10.68 seconds (4.70 work units)
Optimal objective  1.682117563e+04

Gurobi 11.0.3 (mac64[x86]) logging started Wed Nov 27 13:32:31 2024

Set parameter LogFile to value "Results/result14.log"
Set parameter TimeLimit to value 36000
Gurobi Optimizer version 11.0.3 build v11.0.3rc0 (mac64[x86] - Darwin 23.4.0 23E214)

CPU model: Intel(R) Core(TM) i7-1060NG7 CPU @ 1.20GHz
Thread count: 4 physical cores, 8 logical processors, using up to 8 threads

Optimize a model with 349640 rows, 421680 columns and 1760184 nonzeros
Model fingerprint: 0xcafb5403
Coefficient statistics:
  Matrix range     [1e+00, 1e+00]
  Objective range  [3e-03, 2e+01]
  Bounds range     [0e+00, 0e+00]
  RHS range        [1e-02, 1e+03]
Presolve removed 318087 rows and 380034 columns
Presolve time: 4.27s
Presolved: 31553 rows, 41646 columns, 163815 nonzeros

Concurrent LP optimizer: dual simplex and barrier
Showing barrier log only...

Ordering time: 2.03s

Barrier performed 0 iterations in 6.46 seconds (1.20 work units)
Barrier solve interrupted - model solved by another algorithm


Solved with dual simplex
Iteration    Objective       Primal Inf.    Dual Inf.      Time
   34385    2.0456576e+04   0.000000e+00   1.576086e+04     10s
   47450    2.0456939e+04   0.000000e+00   7.926611e+02     15s
Extra simplex iterations after uncrush: 28791
   48415    2.0456576e+04   0.000000e+00   0.000000e+00     16s

Solved in 48415 iterations and 16.45 seconds (4.68 work units)
Optimal objective  2.045657563e+04

Gurobi 11.0.3 (mac64[x86]) logging started Wed Nov 27 13:40:53 2024

Set parameter LogFile to value "Results/result14.log"
Set parameter TimeLimit to value 36000
Gurobi Optimizer version 11.0.3 build v11.0.3rc0 (mac64[x86] - Darwin 23.4.0 23E214)

CPU model: Intel(R) Core(TM) i7-1060NG7 CPU @ 1.20GHz
Thread count: 4 physical cores, 8 logical processors, using up to 8 threads

Optimize a model with 349640 rows, 421680 columns and 1760184 nonzeros
Model fingerprint: 0x328266e5
Coefficient statistics:
  Matrix range     [1e+00, 1e+00]
  Objective range  [3e-03, 2e+01]
  Bounds range     [0e+00, 0e+00]
  RHS range        [1e-02, 1e+03]
Presolve removed 318087 rows and 380034 columns
Presolve time: 2.57s
Presolved: 31553 rows, 41646 columns, 163815 nonzeros

Concurrent LP optimizer: dual simplex and barrier
Showing barrier log only...

Ordering time: 1.76s

Barrier performed 0 iterations in 4.42 seconds (1.21 work units)
Barrier solve interrupted - model solved by another algorithm


Solved with dual simplex
Iteration    Objective       Primal Inf.    Dual Inf.      Time
   27311    2.0583176e+04   0.000000e+00   8.240778e+03      6s
   43378    2.0583597e+04   0.000000e+00   9.913120e+02     11s
Extra simplex iterations after uncrush: 26539
   46254    2.0583176e+04   0.000000e+00   0.000000e+00     13s

Solved in 46254 iterations and 12.61 seconds (4.97 work units)
Optimal objective  2.058317563e+04

Gurobi 11.0.3 (mac64[x86]) logging started Wed Nov 27 13:49:45 2024

Set parameter LogFile to value "Results/result14.log"
Set parameter TimeLimit to value 36000
Gurobi Optimizer version 11.0.3 build v11.0.3rc0 (mac64[x86] - Darwin 23.4.0 23E214)

CPU model: Intel(R) Core(TM) i7-1060NG7 CPU @ 1.20GHz
Thread count: 4 physical cores, 8 logical processors, using up to 8 threads

Optimize a model with 254512 rows, 371376 columns and 1195056 nonzeros
Model fingerprint: 0xa6ffe892
Coefficient statistics:
  Matrix range     [1e+00, 1e+00]
  Objective range  [3e-03, 1e+00]
  Bounds range     [0e+00, 0e+00]
  RHS range        [1e-02, 1e+03]
Presolve removed 240415 rows and 343108 columns
Presolve time: 1.77s
Presolved: 14097 rows, 28268 columns, 68884 nonzeros

Concurrent LP optimizer: dual simplex and barrier
Showing barrier log only...

Ordering time: 0.02s

Barrier statistics:
 Free vars  : 81
 AA' NZ     : 2.866e+04
 Factor NZ  : 2.053e+05 (roughly 11 MB of memory)
 Factor Ops : 1.017e+07 (less than 1 second per iteration)
 Threads    : 3

                  Objective                Residual
Iter       Primal          Dual         Primal    Dual     Compl     Time
   0   5.24353824e+04  6.76391428e+05  3.47e+03 9.13e-01  3.74e+02     2s
   1   1.11026393e+04  4.05001307e+05  8.92e+02 3.10e-01  9.20e+01     2s
   2   6.61281611e+02  1.16324643e+05  1.32e+02 2.01e-02  1.41e+01     2s
   3   3.59504532e+02  4.23885197e+04  2.69e+01 4.01e-03  3.61e+00     2s
   4   2.87876851e+03  2.32312448e+04  1.88e+00 1.26e-03  1.35e+00     2s
   5   4.45753886e+03  1.56774420e+04  8.25e-01 4.68e-04  7.27e-01     2s
   6   5.96430319e+03  1.26526129e+04  2.75e-01 7.56e-06  4.25e-01     2s
   7   6.85732618e+03  9.93604759e+03  8.04e-02 3.84e-06  1.93e-01     2s

Barrier performed 7 iterations in 2.11 seconds (0.78 work units)
Barrier solve interrupted - model solved by another algorithm


Solved with dual simplex
Iteration    Objective       Primal Inf.    Dual Inf.      Time
    8216    7.6249921e+03   0.000000e+00   0.000000e+00      2s

Use crossover to convert LP symmetric solution to basic solution...
Crossover log...

       0 DPushes remaining with DInf 0.0000000e+00                 2s

     479 PPushes remaining with PInf 0.0000000e+00                 2s
       0 PPushes remaining with PInf 0.0000000e+00                 2s

  Push phase complete: Pinf 0.0000000e+00, Dinf 8.8664319e-14      2s

Extra simplex iterations after uncrush: 103
Iteration    Objective       Primal Inf.    Dual Inf.      Time
    9617    7.6249921e+03   0.000000e+00   0.000000e+00      3s

Solved in 9617 iterations and 2.87 seconds (1.03 work units)
Optimal objective  7.624992126e+03

Gurobi 11.0.3 (mac64[x86]) logging started Wed Nov 27 15:42:09 2024

Set parameter LogFile to value "Results/result14.log"
Set parameter TimeLimit to value 36000
Gurobi Optimizer version 11.0.3 build v11.0.3rc0 (mac64[x86] - Darwin 23.4.0 23E214)

CPU model: Intel(R) Core(TM) i7-1060NG7 CPU @ 1.20GHz
Thread count: 4 physical cores, 8 logical processors, using up to 8 threads

Optimize a model with 254512 rows, 371376 columns and 1195056 nonzeros
Model fingerprint: 0x0d0cc2be
Coefficient statistics:
  Matrix range     [1e+00, 1e+00]
  Objective range  [3e-03, 1e+00]
  Bounds range     [0e+00, 0e+00]
  RHS range        [1e-02, 1e+03]
Presolve removed 240119 rows and 342525 columns
Presolve time: 0.95s
Presolved: 14393 rows, 28851 columns, 70877 nonzeros

Concurrent LP optimizer: dual simplex and barrier
Showing barrier log only...

Ordering time: 0.02s

Barrier statistics:
 Free vars  : 81
 AA' NZ     : 3.108e+04
 Factor NZ  : 2.090e+05 (roughly 12 MB of memory)
 Factor Ops : 9.021e+06 (less than 1 second per iteration)
 Threads    : 3

                  Objective                Residual
Iter       Primal          Dual         Primal    Dual     Compl     Time
   0   1.02071339e+05  1.13594913e+06  5.57e+03 1.40e+00  9.80e+02     1s
   1   1.72355912e+04  8.24786500e+05  1.29e+03 4.50e-01  2.25e+02     1s
   2  -5.06133677e+02  2.90068008e+05  2.03e+02 2.88e-02  3.69e+01     1s
   3  -1.85312335e+03  8.29219491e+04  3.25e+01 2.11e-03  7.14e+00     1s
   4   1.56773622e+03  3.40085054e+04  2.33e+00 1.17e-05  2.04e+00     1s
   5   3.02733353e+03  2.36375952e+04  1.18e+00 3.55e-06  1.27e+00     1s
   6   4.34307819e+03  1.75312666e+04  6.74e-01 2.35e-06  8.03e-01     1s
   7   5.95930722e+03  1.30634117e+04  2.40e-01 1.50e-06  4.28e-01     1s
   8   6.53079416e+03  9.86699977e+03  1.39e-01 1.33e-06  2.01e-01     1s

Barrier performed 8 iterations in 1.14 seconds (0.79 work units)
Barrier solve interrupted - model solved by another algorithm


Solved with dual simplex
Iteration    Objective       Primal Inf.    Dual Inf.      Time
    8790    7.6249921e+03   0.000000e+00   0.000000e+00      1s

Use crossover to convert LP symmetric solution to basic solution...
Crossover log...

       0 DPushes remaining with DInf 0.0000000e+00                 1s

     476 PPushes remaining with PInf 0.0000000e+00                 1s
       0 PPushes remaining with PInf 0.0000000e+00                 1s

  Push phase complete: Pinf 0.0000000e+00, Dinf 9.6217305e-14      1s

Extra simplex iterations after uncrush: 23
Iteration    Objective       Primal Inf.    Dual Inf.      Time
   10107    7.6249921e+03   0.000000e+00   0.000000e+00      2s

Solved in 10107 iterations and 1.53 seconds (1.02 work units)
Optimal objective  7.624992126e+03
