
Gurobi 11.0.3 (mac64[x86]) logging started Tue Jan 21 16:26:23 2025

Set parameter LogFile to value "Results/result_B30.9.log"
Set parameter TimeLimit to value 36000
Gurobi Optimizer version 11.0.3 build v11.0.3rc0 (mac64[x86] - Darwin 23.4.0 23E214)

CPU model: Intel(R) Core(TM) i7-1060NG7 CPU @ 1.20GHz
Thread count: 4 physical cores, 8 logical processors, using up to 8 threads

Optimize a model with 328020 rows, 407064 columns and 1384872 nonzeros
Model fingerprint: 0x69331792
Coefficient statistics:
  Matrix range     [1e+00, 1e+00]
  Objective range  [2e-01, 2e+01]
  Bounds range     [0e+00, 0e+00]
  RHS range        [1e-02, 1e+03]
Presolve removed 299841 rows and 351376 columns
Presolve time: 1.24s
Presolved: 28179 rows, 55688 columns, 145886 nonzeros

Concurrent LP optimizer: dual simplex and barrier
Showing barrier log only...

Ordering time: 0.37s

Barrier statistics:
 Free vars  : 27
 AA' NZ     : 8.758e+04
 Factor NZ  : 8.657e+05 (roughly 34 MB of memory)
 Factor Ops : 1.121e+08 (less than 1 second per iteration)
 Threads    : 3

                  Objective                Residual
Iter       Primal          Dual         Primal    Dual     Compl     Time
   0  -2.60433288e+06  2.24472686e+07  1.99e+04 1.34e+01  1.08e+04     2s
   1  -3.35983827e+06  1.74653976e+07  5.02e+03 1.99e+00  2.47e+03     2s
   2  -2.79973464e+06  9.74230110e+06  7.44e+02 3.31e-01  4.73e+02     2s
   3  -1.21845481e+06  2.10488768e+06  1.04e+02 8.20e-03  7.24e+01     2s
   4  -4.12459345e+05  6.30789064e+05  3.18e+01 1.10e-03  2.04e+01     2s
   5  -1.59280414e+05  3.53513596e+05  1.18e+01 5.53e-04  8.95e+00     2s
   6  -4.98358030e+04  1.57305078e+05  3.74e+00 2.00e-04  3.34e+00     2s
   7  -1.14346199e+04  6.80566856e+04  1.32e+00 6.37e-05  1.24e+00     2s
   8   3.43219365e+03  4.32252485e+04  6.09e-01 2.97e-05  6.10e-01     2s
   9   1.03622423e+04  3.34562072e+04  3.23e-01 1.68e-05  3.51e-01     2s
  10   1.37380471e+04  2.84580408e+04  2.03e-01 1.05e-05  2.23e-01     2s
  11   1.74809688e+04  2.38475299e+04  7.92e-02 6.87e-06  9.58e-02     2s
  12   1.87749213e+04  2.20744291e+04  4.46e-02 5.10e-06  4.99e-02     2s
  13   1.94071129e+04  2.15710200e+04  2.84e-02 3.83e-06  3.27e-02     3s
  14   1.97846521e+04  2.12428940e+04  1.92e-02 2.80e-06  2.21e-02     3s
  15   2.01604445e+04  2.09727074e+04  1.01e-02 2.09e-06  1.23e-02     3s
  16   2.03786045e+04  2.07352353e+04  4.79e-03 1.40e-06  5.43e-03     3s
  17   2.04840980e+04  2.06682021e+04  2.46e-03 8.37e-07  2.81e-03     3s

Barrier performed 17 iterations in 2.73 seconds (1.41 work units)
Barrier solve interrupted - model solved by another algorithm


Solved with dual simplex
Extra simplex iterations after uncrush: 5699
Iteration    Objective       Primal Inf.    Dual Inf.      Time
   30619    2.0604713e+04   0.000000e+00   0.000000e+00      3s

Use crossover to convert LP symmetric solution to basic solution...
Crossover log...

       0 DPushes remaining with DInf 0.0000000e+00                 3s

    1319 PPushes remaining with PInf 0.0000000e+00                 3s
       0 PPushes remaining with PInf 0.0000000e+00                 3s

  Push phase complete: Pinf 0.0000000e+00, Dinf 0.0000000e+00      3s

Iteration    Objective       Primal Inf.    Dual Inf.      Time
   39129    2.0605037e+04   0.000000e+00   7.728972e+04      5s
   43192    2.0605312e+04   0.000000e+00   7.459297e+04     10s
   45928    2.0605407e+04   0.000000e+00   6.010281e+04     15s
   49058    2.0605502e+04   0.000000e+00   3.941112e+04     20s
   52396    2.0605581e+04   0.000000e+00   1.229735e+05     25s
   55877    2.0605640e+04   0.000000e+00   4.413066e+04     30s
   59482    2.0605691e+04   0.000000e+00   2.078145e+04     35s
   62522    2.0605717e+04   0.000000e+00   1.920065e+04     41s
   64650    2.0605731e+04   0.000000e+00   8.241066e+04     45s
   66474    2.0605739e+04   0.000000e+00   4.847952e+04     51s
   67386    2.0605743e+04   0.000000e+00   5.569995e+04     57s
   68602    2.0605748e+04   0.000000e+00   1.338770e+04     60s
   70730    2.0605758e+04   0.000000e+00   1.001773e+04     65s
   72554    2.0605764e+04   0.000000e+00   2.098234e+04     71s
   74378    2.0605770e+04   0.000000e+00   8.825600e+03     75s
   76506    2.0605776e+04   0.000000e+00   1.610495e+04     80s
   78634    2.0605782e+04   0.000000e+00   2.402457e+05     85s
   80458    2.0605785e+04   0.000000e+00   2.192606e+04     91s
   81978    2.0605787e+04   0.000000e+00   5.424846e+03     95s
   83498    2.0605792e+04   0.000000e+00   1.208012e+04    100s
   85322    2.0605794e+04   0.000000e+00   2.282429e+04    105s
   87450    2.0605797e+04   0.000000e+00   1.119505e+04    111s
   88970    2.0605799e+04   0.000000e+00   3.676879e+03    116s
   90794    2.0605802e+04   0.000000e+00   3.708993e+03    121s
   92618    2.0605804e+04   0.000000e+00   2.573974e+03    126s
   94746    2.0605808e+04   0.000000e+00   2.586264e+04    131s
   96570    2.0605810e+04   0.000000e+00   1.867973e+03    135s
   98698    2.0605812e+04   0.000000e+00   2.284138e+03    140s
  101130    2.0605816e+04   0.000000e+00   2.737885e+03    145s
  104170    2.0605821e+04   0.000000e+00   1.193919e+03    150s
  109738    2.0605831e+04   0.000000e+00   1.393125e+03    155s
Extra simplex iterations after uncrush: 82295
  114251    2.0604713e+04   0.000000e+00   0.000000e+00    159s

Solved in 114251 iterations and 159.14 seconds (97.12 work units)
Optimal objective  2.060471318e+04
