
Gurobi 11.0.3 (mac64[x86]) logging started Wed Jan 22 13:14:35 2025

Set parameter LogFile to value "Results/result_C4.log"
Set parameter TimeLimit to value 36000
Gurobi Optimizer version 11.0.3 build v11.0.3rc0 (mac64[x86] - Darwin 23.4.0 23E214)

CPU model: Intel(R) Core(TM) i7-1060NG7 CPU @ 1.20GHz
Thread count: 4 physical cores, 8 logical processors, using up to 8 threads

Optimize a model with 267384 rows, 357816 columns and 1175096 nonzeros
Model fingerprint: 0x2e1703a2
Coefficient statistics:
  Matrix range     [1e+00, 1e+00]
  Objective range  [2e-01, 5e+00]
  Bounds range     [0e+00, 0e+00]
  RHS range        [1e-02, 1e+03]
Presolve removed 241140 rows and 307406 columns
Presolve time: 1.40s
Presolved: 26244 rows, 50410 columns, 129852 nonzeros

Concurrent LP optimizer: dual simplex and barrier
Showing barrier log only...

Ordering time: 0.40s

Barrier statistics:
 Free vars  : 1020
 AA' NZ     : 8.655e+04
 Factor NZ  : 7.924e+05 (roughly 40 MB of memory)
 Factor Ops : 8.075e+07 (less than 1 second per iteration)
 Threads    : 3

                  Objective                Residual
Iter       Primal          Dual         Primal    Dual     Compl     Time
   0  -5.57504540e+06  1.08262874e+07  1.43e+04 2.72e+00  6.04e+03     2s
   1  -5.87054580e+06  9.07509400e+06  3.01e+03 1.57e+00  1.40e+03     2s
   2  -3.53491844e+06  4.98769869e+06  4.99e+02 1.25e-01  2.51e+02     2s
   3  -9.96809606e+05  1.04520810e+06  4.95e+01 1.08e-03  3.74e+01     2s
   4  -3.51258979e+05  3.56662835e+05  1.38e+01 2.36e-04  1.21e+01     2s
   5  -6.43303954e+04  1.97607413e+05  2.20e+00 1.28e-04  3.73e+00     2s
   6  -1.37441150e+04  4.43609579e+04  4.09e-01 2.98e-05  7.92e-01     2s
   7  -5.62613334e+03  2.94421306e+04  1.97e-01 2.04e-05  4.71e-01     2s
   8   1.21071564e+02  1.34376858e+04  7.74e-02 8.45e-06  1.80e-01     2s
   9   2.62635068e+03  8.97267148e+03  3.96e-02 3.67e-06  8.64e-02     2s
  10   4.16419275e+03  7.86864541e+03  1.95e-02 2.88e-06  4.98e-02     2s
  11   4.66602606e+03  7.23124002e+03  1.34e-02 2.19e-06  3.45e-02     2s
  12   4.88241458e+03  7.15384405e+03  1.09e-02 2.08e-06  3.04e-02     2s
  13   5.32379087e+03  6.67170582e+03  5.91e-03 1.73e-06  1.80e-02     2s
  14   5.75253470e+03  6.24382405e+03  1.27e-03 1.96e-06  6.40e-03     3s
  15   5.84565030e+03  6.11423707e+03  4.42e-04 3.18e-06  3.46e-03     3s
  16   5.86408297e+03  6.00694842e+03  2.92e-04 2.57e-06  1.85e-03     3s
  17   5.88025740e+03  5.96116840e+03  1.76e-04 2.08e-06  1.05e-03     3s
  18   5.89782986e+03  5.94242811e+03  5.11e-05 1.66e-06  5.71e-04     3s
  19   5.90579097e+03  5.90979179e+03  4.87e-06 3.06e-07  5.14e-05     3s
  20   5.90719806e+03  5.90723868e+03  7.46e-08 2.93e-08  5.29e-07     3s
  21   5.90723280e+03  5.90723284e+03  4.83e-10 6.00e-10  5.52e-10     3s

Barrier solved model in 21 iterations and 2.85 seconds (1.23 work units)
Optimal objective 5.90723280e+03

Crossover log...

    6268 DPushes remaining with DInf 0.0000000e+00                 3s
       0 DPushes remaining with DInf 0.0000000e+00                 3s

    1278 PPushes remaining with PInf 1.1576941e-04                 3s
       0 PPushes remaining with PInf 0.0000000e+00                 3s

  Push phase complete: Pinf 0.0000000e+00, Dinf 0.0000000e+00      3s


Solved with barrier
Iteration    Objective       Primal Inf.    Dual Inf.      Time
   14789    5.9074031e+03   0.000000e+00   1.109875e+04      5s
   18564    5.9074742e+03   0.000000e+00   3.151938e+03     11s
   24525    5.9075151e+03   0.000000e+00   4.398125e+02     15s
   28987    5.9075224e+03   0.000000e+00   1.526250e+02     20s
Extra simplex iterations after uncrush: 23105
   30621    5.9072328e+03   0.000000e+00   0.000000e+00     22s

Solved in 30621 iterations and 22.41 seconds (11.78 work units)
Optimal objective  5.907232834e+03
