
Gurobi 11.0.3 (mac64[x86]) logging started Mon Jan 27 21:55:17 2025

Set parameter LogFile to value "Results/result_E_true_low_flow_costs_low_entry_costs.log"
Set parameter TimeLimit to value 36000
Gurobi Optimizer version 11.0.3 build v11.0.3rc0 (mac64[x86] - Darwin 23.4.0 23E214)

CPU model: Intel(R) Core(TM) i7-1060NG7 CPU @ 1.20GHz
Thread count: 4 physical cores, 8 logical processors, using up to 8 threads

Optimize a model with 328020 rows, 407064 columns and 1384872 nonzeros
Model fingerprint: 0x6d4d5427
Coefficient statistics:
  Matrix range     [1e+00, 1e+00]
  Objective range  [6e-02, 3e+01]
  Bounds range     [0e+00, 0e+00]
  RHS range        [1e-02, 1e+03]
Presolve removed 298361 rows and 348345 columns
Presolve time: 1.17s
Presolved: 29659 rows, 58719 columns, 155495 nonzeros

Concurrent LP optimizer: dual simplex and barrier
Showing barrier log only...

Ordering time: 0.45s

Barrier statistics:
 Free vars  : 40
 AA' NZ     : 1.103e+05
 Factor NZ  : 1.101e+06 (roughly 45 MB of memory)
 Factor Ops : 1.310e+08 (less than 1 second per iteration)
 Threads    : 3

                  Objective                Residual
Iter       Primal          Dual         Primal    Dual     Compl     Time
   0  -9.69446090e+05  4.11358012e+07  1.99e+04 8.96e+00  1.74e+04     2s
   1  -3.76505976e+06  3.53000897e+07  4.04e+03 3.71e+00  3.69e+03     2s
   2  -3.81688172e+06  1.94374481e+07  6.48e+02 5.18e-01  7.24e+02     2s
   3  -2.11358296e+06  4.71220172e+06  6.48e+01 1.58e-03  1.10e+02     2s
   4  -8.99371500e+05  2.12746858e+06  1.52e+01 4.54e-04  4.40e+01     2s
   5  -2.63676915e+05  1.34925729e+06  4.19e+00 2.53e-04  1.99e+01     2s
   6  -2.24391397e+04  5.09778494e+05  4.21e-01 8.84e-05  5.80e+00     2s
   7   1.50690380e+04  1.39731623e+05  7.91e-02 2.18e-05  1.34e+00     2s
   8   2.79283552e+04  1.00870032e+05  3.49e-02 1.53e-05  7.81e-01     2s
   9   3.29227252e+04  7.40478572e+04  2.19e-02 1.07e-05  4.42e-01     2s
  10   3.65746665e+04  6.06150424e+04  1.36e-02 6.28e-06  2.60e-01     2s
  11   3.99913772e+04  5.39850750e+04  6.70e-03 4.09e-06  1.51e-01     2s
  12   4.22173082e+04  4.91226372e+04  2.65e-03 2.34e-06  7.41e-02     2s
  13   4.30378905e+04  4.64166443e+04  1.56e-03 1.15e-06  3.65e-02     2s
  14   4.35386023e+04  4.55241609e+04  9.66e-04 1.52e-06  2.15e-02     2s
  15   4.39212681e+04  4.49964350e+04  5.38e-04 1.52e-06  1.17e-02     2s
  16   4.42618493e+04  4.46116311e+04  1.68e-04 1.09e-06  3.81e-03     2s
  17   4.43208826e+04  4.44715902e+04  1.10e-04 4.58e-07  1.68e-03     3s
  18   4.43873685e+04  4.44385108e+04  4.07e-05 2.65e-07  5.75e-04     3s
  19   4.44288845e+04  4.44306646e+04  8.79e-07 7.60e-08  1.95e-05     3s
  20   4.44303210e+04  4.44303222e+04  1.61e-10 2.58e-09  1.30e-08     3s
  21   4.44303216e+04  4.44303219e+04  3.15e-07 4.68e-11  3.10e-09     3s

Barrier solved model in 21 iterations and 2.72 seconds (1.54 work units)
Optimal objective 4.44303216e+04

Crossover log...

    5003 DPushes remaining with DInf 0.0000000e+00                 3s
       0 DPushes remaining with DInf 0.0000000e+00                 3s

    1769 PPushes remaining with PInf 2.3888288e-04                 3s
       0 PPushes remaining with PInf 0.0000000e+00                 3s

  Push phase complete: Pinf 0.0000000e+00, Dinf 0.0000000e+00      3s


Solved with barrier
Iteration    Objective       Primal Inf.    Dual Inf.      Time
   12023    4.4430725e+04   0.000000e+00   6.562742e+05      5s
   15631    4.4431108e+04   0.000000e+00   2.804689e+05     10s
   18949    4.4431297e+04   0.000000e+00   2.591555e+05     15s
   21685    4.4431417e+04   0.000000e+00   3.927891e+05     20s
   25215    4.4431523e+04   0.000000e+00   9.350010e+04     25s
   27647    4.4431593e+04   0.000000e+00   4.701915e+05     30s
   29775    4.4431640e+04   0.000000e+00   1.868504e+05     36s
   31599    4.4431665e+04   0.000000e+00   1.010863e+05     41s
   33119    4.4431696e+04   0.000000e+00   2.433867e+05     46s
   34639    4.4431726e+04   0.000000e+00   1.558334e+05     50s
   36159    4.4431750e+04   0.000000e+00   2.088494e+05     59s
   36463    4.4431754e+04   0.000000e+00   2.251041e+05     62s
   37375    4.4431766e+04   0.000000e+00   1.826069e+05     66s
   38287    4.4431776e+04   0.000000e+00   3.742465e+05     71s
   39195    4.4431786e+04   0.000000e+00   1.307677e+05     75s
   40411    4.4431804e+04   0.000000e+00   8.846192e+05     81s
   41627    4.4431824e+04   0.000000e+00   1.210434e+05     85s
   43451    4.4431853e+04   0.000000e+00   1.317251e+06     90s
   44971    4.4431875e+04   0.000000e+00   1.228094e+05     95s
   46795    4.4431899e+04   0.000000e+00   8.003383e+05    100s
   49531    4.4431950e+04   0.000000e+00   1.052306e+05    105s
   51659    4.4431984e+04   0.000000e+00   4.794634e+04    111s
   53787    4.4432016e+04   0.000000e+00   1.947846e+05    116s
   54699    4.4432036e+04   0.000000e+00   1.402657e+05    120s
   55915    4.4432059e+04   0.000000e+00   2.966674e+05    126s
   57435    4.4432080e+04   0.000000e+00   1.353188e+05    130s
   59259    4.4432101e+04   0.000000e+00   5.543018e+04    136s
   60779    4.4432121e+04   0.000000e+00   3.613254e+04    140s
   62603    4.4432137e+04   0.000000e+00   3.455033e+04    145s
   65339    4.4432165e+04   0.000000e+00   3.971847e+04    150s
   68683    4.4432189e+04   0.000000e+00   2.208743e+04    155s
   71419    4.4432201e+04   0.000000e+00   4.877706e+03    160s
   74459    4.4432214e+04   0.000000e+00   6.466257e+03    165s
   77499    4.4432221e+04   0.000000e+00   2.865265e+03    170s
   80235    4.4432225e+04   0.000000e+00   1.356424e+03    176s
   81451    4.4432226e+04   0.000000e+00   2.897670e+02    180s
   83275    4.4432227e+04   0.000000e+00   3.788750e+02    185s
Extra simplex iterations after uncrush: 77514
   84212    4.4430322e+04   0.000000e+00   0.000000e+00    189s

Solved in 84212 iterations and 188.94 seconds (107.16 work units)
Optimal objective  4.443032190e+04

Gurobi 11.0.3 (mac64[x86]) logging started Mon Jan 27 22:03:12 2025

Set parameter LogFile to value "Results/result_E_true_low_flow_costs_low_entry_costs.log"
Set parameter TimeLimit to value 36000
Gurobi Optimizer version 11.0.3 build v11.0.3rc0 (mac64[x86] - Darwin 23.4.0 23E214)

CPU model: Intel(R) Core(TM) i7-1060NG7 CPU @ 1.20GHz
Thread count: 4 physical cores, 8 logical processors, using up to 8 threads

Optimize a model with 328020 rows, 407064 columns and 1384872 nonzeros
Model fingerprint: 0xcb61677f
Coefficient statistics:
  Matrix range     [1e+00, 1e+00]
  Objective range  [6e-02, 3e+01]
  Bounds range     [0e+00, 0e+00]
  RHS range        [1e-02, 1e+03]
Presolve removed 298361 rows and 348345 columns
Presolve time: 1.21s
Presolved: 29659 rows, 58719 columns, 155495 nonzeros

Concurrent LP optimizer: dual simplex and barrier
Showing barrier log only...

Ordering time: 0.43s

Barrier statistics:
 Free vars  : 40
 AA' NZ     : 1.103e+05
 Factor NZ  : 1.101e+06 (roughly 45 MB of memory)
 Factor Ops : 1.310e+08 (less than 1 second per iteration)
 Threads    : 3

                  Objective                Residual
Iter       Primal          Dual         Primal    Dual     Compl     Time
   0  -9.89784559e+05  4.04206204e+07  1.99e+04 8.91e+00  1.71e+04     2s
   1  -3.63533827e+06  3.46890636e+07  4.05e+03 3.66e+00  3.63e+03     2s
   2  -3.66843079e+06  1.91304184e+07  6.52e+02 5.15e-01  7.14e+02     2s
   3  -2.05341220e+06  4.63150082e+06  6.52e+01 1.62e-03  1.08e+02     2s
   4  -8.75144291e+05  2.10722436e+06  1.53e+01 4.73e-04  4.34e+01     2s
   5  -2.56892939e+05  1.33416881e+06  4.21e+00 2.62e-04  1.96e+01     2s
   6  -2.32560171e+04  4.97470771e+05  4.51e-01 8.74e-05  5.69e+00     2s
   7   1.42591643e+04  1.38829836e+05  9.23e-02 2.22e-05  1.35e+00     2s
   8   2.78030279e+04  9.20516776e+04  4.03e-02 1.41e-05  6.93e-01     2s
   9   3.32408138e+04  7.00188455e+04  2.46e-02 1.00e-05  3.98e-01     2s
  10   3.66125429e+04  5.80762037e+04  1.60e-02 5.81e-06  2.33e-01     2s
  11   4.00200582e+04  5.33059319e+04  8.39e-03 4.24e-06  1.44e-01     2s
  12   4.17669666e+04  4.80456610e+04  4.62e-03 2.14e-06  6.84e-02     2s
  13   4.28364717e+04  4.61222252e+04  2.67e-03 1.21e-06  3.60e-02     2s
  14   4.36178590e+04  4.52291095e+04  1.31e-03 1.14e-06  1.77e-02     2s
  15   4.40258172e+04  4.48521847e+04  6.36e-04 9.65e-07  9.07e-03     3s
  16   4.42766982e+04  4.46187568e+04  2.32e-04 6.53e-07  3.74e-03     3s
  17   4.43124715e+04  4.44990239e+04  1.77e-04 3.46e-07  2.08e-03     3s
  18   4.43823951e+04  4.44392408e+04  6.60e-05 1.51e-07  6.45e-04     3s
  19   4.44292475e+04  4.44305597e+04  1.25e-06 4.94e-08  1.47e-05     3s
  20   4.44303212e+04  4.44303221e+04  1.74e-10 1.13e-09  9.80e-09     3s
  21   4.44303219e+04  4.44303219e+04  8.25e-07 4.22e-12  4.03e-10     3s

Barrier solved model in 21 iterations and 2.81 seconds (1.54 work units)
Optimal objective 4.44303219e+04

Crossover log...

    4859 DPushes remaining with DInf 0.0000000e+00                 3s
       0 DPushes remaining with DInf 0.0000000e+00                 3s

    1718 PPushes remaining with PInf 0.0000000e+00                 3s
       0 PPushes remaining with PInf 0.0000000e+00                 3s

  Push phase complete: Pinf 0.0000000e+00, Dinf 5.0914828e-13      3s


Solved with barrier
Iteration    Objective       Primal Inf.    Dual Inf.      Time
   12142    4.4430935e+04   0.000000e+00   1.433115e+06      5s
   17572    4.4431283e+04   0.000000e+00   9.245752e+05     10s
   20032    4.4431390e+04   0.000000e+00   2.554474e+05     16s
   22209    4.4431470e+04   0.000000e+00   3.784311e+05     20s
   23987    4.4431524e+04   0.000000e+00   2.533007e+05     26s
   25003    4.4431554e+04   0.000000e+00   2.088334e+05     31s
   25915    4.4431577e+04   0.000000e+00   3.784756e+05     35s
   28043    4.4431636e+04   0.000000e+00   9.795249e+04     40s
   30171    4.4431677e+04   0.000000e+00   5.739767e+04     45s
   32299    4.4431713e+04   0.000000e+00   1.260159e+06     51s
   33819    4.4431737e+04   0.000000e+00   8.401610e+04     55s
   35643    4.4431759e+04   0.000000e+00   7.611847e+04     60s
   37467    4.4431782e+04   0.000000e+00   7.184992e+04     66s
   38987    4.4431801e+04   0.000000e+00   1.747736e+05     70s
   40811    4.4431821e+04   0.000000e+00   2.090205e+05     76s
   42331    4.4431839e+04   0.000000e+00   2.410897e+05     80s
   44155    4.4431858e+04   0.000000e+00   1.354519e+05     86s
   45675    4.4431874e+04   0.000000e+00   1.452280e+05     90s
   47499    4.4431893e+04   0.000000e+00   1.252002e+05     95s
   49323    4.4431910e+04   0.000000e+00   5.544133e+04    101s
   50843    4.4431923e+04   0.000000e+00   2.211451e+04    105s
   52971    4.4431945e+04   0.000000e+00   9.151519e+04    111s
   54795    4.4431961e+04   0.000000e+00   8.048728e+04    115s
   57227    4.4431984e+04   0.000000e+00   6.533880e+04    121s
   59051    4.4432000e+04   0.000000e+00   4.954946e+04    125s
   61179    4.4432019e+04   0.000000e+00   8.913815e+04    132s
   61787    4.4432025e+04   0.000000e+00   1.026685e+05    135s
   63915    4.4432050e+04   0.000000e+00   8.106785e+04    141s
   66043    4.4432074e+04   0.000000e+00   1.191455e+05    146s
   67563    4.4432094e+04   0.000000e+00   5.325339e+04    151s
   69387    4.4432116e+04   0.000000e+00   1.119879e+04    155s
   71515    4.4432129e+04   0.000000e+00   9.245489e+03    160s
   73947    4.4432141e+04   0.000000e+00   6.466473e+03    166s
   76379    4.4432151e+04   0.000000e+00   2.281521e+03    170s
   79115    4.4432157e+04   0.000000e+00   1.941848e+04    175s
   81547    4.4432161e+04   0.000000e+00   4.789987e+03    181s
   83067    4.4432163e+04   0.000000e+00   9.424108e+02    185s
   85814    4.4432165e+04   0.000000e+00   7.875000e+00    190s
Extra simplex iterations after uncrush: 79654
   86131    4.4430322e+04   0.000000e+00   0.000000e+00    191s

Solved in 86131 iterations and 191.25 seconds (112.43 work units)
Optimal objective  4.443032190e+04
