
Gurobi 11.0.3 (mac64[x86]) logging started Mon Jan 20 12:31:33 2025

Set parameter LogFile to value "Results/result_A9.log"
Set parameter TimeLimit to value 36000
Gurobi Optimizer version 11.0.3 build v11.0.3rc0 (mac64[x86] - Darwin 23.4.0 23E214)

CPU model: Intel(R) Core(TM) i7-1060NG7 CPU @ 1.20GHz
Thread count: 4 physical cores, 8 logical processors, using up to 8 threads

Optimize a model with 267384 rows, 357816 columns and 1175096 nonzeros
Model fingerprint: 0xf4b7fef4
Coefficient statistics:
  Matrix range     [1e+00, 1e+00]
  Objective range  [6e-03, 2e+00]
  Bounds range     [0e+00, 0e+00]
  RHS range        [1e-02, 7e+02]
Presolve removed 241217 rows and 310454 columns
Presolve time: 0.98s
Presolved: 26167 rows, 47362 columns, 126658 nonzeros

Concurrent LP optimizer: dual simplex and barrier
Showing barrier log only...

Ordering time: 0.32s

Barrier statistics:
 Free vars  : 1013
 AA' NZ     : 8.655e+04
 Factor NZ  : 8.204e+05 (roughly 36 MB of memory)
 Factor Ops : 1.005e+08 (less than 1 second per iteration)
 Threads    : 3

                  Objective                Residual
Iter       Primal          Dual         Primal    Dual     Compl     Time
   0   1.62640069e+06  3.10197148e+06  1.18e+04 1.26e+00  1.43e+03     1s
   1   3.94978386e+04  2.73855524e+06  2.49e+03 7.88e-01  3.88e+02     1s
   2  -3.13502799e+05  1.32866193e+06  3.85e+02 7.28e-02  6.31e+01     1s
   3  -1.50516643e+05  2.93969841e+05  3.57e+01 3.42e-03  9.00e+00     2s
   4  -5.18167289e+04  1.08139356e+05  1.15e+01 5.51e-04  3.04e+00     2s
   5   5.77092338e+03  6.00881447e+04  2.52e+00 1.20e-04  8.86e-01     2s
   6   2.17437347e+04  3.60309583e+04  5.45e-01 1.76e-05  2.19e-01     2s
   7   2.61390899e+04  3.02450479e+04  8.16e-02 9.64e-06  5.90e-02     2s
   8   2.72252489e+04  2.88010370e+04  1.51e-02 1.30e-05  2.16e-02     2s
   9   2.73586979e+04  2.83674199e+04  9.85e-03 1.25e-05  1.39e-02     2s
  10   2.74782918e+04  2.80295593e+04  5.79e-03 9.90e-06  7.64e-03     2s
  11   2.76118277e+04  2.78280968e+04  1.64e-03 1.03e-05  2.95e-03     2s
  12   2.76441393e+04  2.77659796e+04  8.21e-04 7.74e-06  1.66e-03     2s
  13   2.76761554e+04  2.77087193e+04  8.06e-05 3.90e-06  4.33e-04     2s
  14   2.76815139e+04  2.76853604e+04  9.80e-06 8.44e-07  5.13e-05     2s
  15   2.76827076e+04  2.76827702e+04  3.01e-07 1.34e-07  8.50e-07     2s

Barrier performed 15 iterations in 1.92 seconds (1.11 work units)
Barrier solve interrupted - model solved by another algorithm


Solved with dual simplex
Extra simplex iterations after uncrush: 11152
Iteration    Objective       Primal Inf.    Dual Inf.      Time
   36198    2.7682759e+04   0.000000e+00   0.000000e+00      4s

Solved in 36198 iterations and 3.95 seconds (2.71 work units)
Optimal objective  2.768275907e+04
