
Gurobi 11.0.3 (mac64[x86]) logging started Thu Nov 21 11:50:20 2024

Set parameter LogFile to value "Results/result4.log"
Set parameter TimeLimit to value 36000
Gurobi Optimizer version 11.0.3 build v11.0.3rc0 (mac64[x86] - Darwin 23.4.0 23E214)

CPU model: Intel(R) Core(TM) i7-1060NG7 CPU @ 1.20GHz
Thread count: 4 physical cores, 8 logical processors, using up to 8 threads

Optimize a model with 353756 rows, 452592 columns and 1853172 nonzeros
Model fingerprint: 0xe1ae0c4c
Coefficient statistics:
  Matrix range     [1e+00, 1e+00]
  Objective range  [3e-03, 2e+01]
  Bounds range     [0e+00, 0e+00]
  RHS range        [1e-01, 3e+02]
Presolve removed 172484 rows and 252588 columns
Presolve time: 1.03s

Solved in 0 iterations and 1.03 seconds (0.40 work units)
Infeasible or unbounded model

Gurobi 11.0.3 (mac64[x86]) logging started Thu Nov 21 11:51:35 2024

Set parameter LogFile to value "Results/result4.log"
Set parameter TimeLimit to value 36000
Gurobi Optimizer version 11.0.3 build v11.0.3rc0 (mac64[x86] - Darwin 23.4.0 23E214)

CPU model: Intel(R) Core(TM) i7-1060NG7 CPU @ 1.20GHz
Thread count: 4 physical cores, 8 logical processors, using up to 8 threads

Optimize a model with 353756 rows, 452592 columns and 1853172 nonzeros
Model fingerprint: 0x44bfcb6d
Coefficient statistics:
  Matrix range     [1e+00, 1e+00]
  Objective range  [3e-03, 2e+01]
  Bounds range     [0e+00, 0e+00]
  RHS range        [1e-01, 3e+02]
Presolve removed 351042 rows and 448615 columns
Presolve time: 2.08s
Presolved: 2714 rows, 3977 columns, 9030 nonzeros

Concurrent LP optimizer: dual simplex and barrier
Showing barrier log only...

Ordering time: 0.01s

Barrier statistics:
 Free vars  : 35
 AA' NZ     : 7.285e+03
 Factor NZ  : 4.116e+04 (roughly 3 MB of memory)
 Factor Ops : 7.533e+05 (less than 1 second per iteration)
 Threads    : 1

                  Objective                Residual
Iter       Primal          Dual         Primal    Dual     Compl     Time
   0   2.21017080e+05  8.57961217e+05  2.72e+02 6.53e+01  4.47e+03     2s

Barrier performed 0 iterations in 2.11 seconds (0.89 work units)
Barrier solve interrupted - model solved by another algorithm


Solved with dual simplex
Iteration    Objective       Primal Inf.    Dual Inf.      Time
   35536    7.3816988e+03   0.000000e+00   1.343018e+04      6s
   44969    7.3817750e+03   0.000000e+00   6.052484e+02     10s
Extra simplex iterations after uncrush: 42953
   45499    7.3814923e+03   0.000000e+00   0.000000e+00     11s

Solved in 45499 iterations and 11.30 seconds (6.55 work units)
Optimal objective  7.381492271e+03
