
Gurobi 11.0.3 (mac64[x86]) logging started Tue Feb  4 14:12:26 2025

Set parameter LogFile to value "Results/result_F0.9.log"
Set parameter TimeLimit to value 36000
Gurobi Optimizer version 11.0.3 build v11.0.3rc0 (mac64[x86] - Darwin 23.4.0 23E214)

CPU model: Intel(R) Core(TM) i7-1060NG7 CPU @ 1.20GHz
Thread count: 4 physical cores, 8 logical processors, using up to 8 threads

Optimize a model with 267384 rows, 357816 columns and 1175096 nonzeros
Model fingerprint: 0xd0bc4b95
Coefficient statistics:
  Matrix range     [1e+00, 1e+00]
  Objective range  [6e-02, 5e+00]
  Bounds range     [0e+00, 0e+00]
  RHS range        [1e-02, 9e+02]
Presolve removed 240084 rows and 305145 columns
Presolve time: 1.00s
Presolved: 27300 rows, 52671 columns, 137092 nonzeros

Concurrent LP optimizer: dual simplex and barrier
Showing barrier log only...

Ordering time: 0.32s

Barrier statistics:
 Free vars  : 105
 AA' NZ     : 7.437e+04
 Factor NZ  : 6.821e+05 (roughly 30 MB of memory)
 Factor Ops : 6.860e+07 (less than 1 second per iteration)
 Threads    : 3

                  Objective                Residual
Iter       Primal          Dual         Primal    Dual     Compl     Time
   0  -1.40900554e+06  2.71248312e+06  2.30e+04 9.01e-01  1.52e+03     2s
   1  -1.50965385e+06  2.20986512e+06  5.15e+03 4.61e-01  3.90e+02     2s
   2  -1.05538800e+06  1.02918535e+06  7.02e+02 7.65e-03  6.27e+01     2s
   3  -1.38438460e+05  2.29842759e+05  6.77e+01 5.33e-05  8.25e+00     2s
   4  -4.50022309e+04  6.99130997e+04  2.19e+01 4.29e-05  2.42e+00     2s
   5  -1.79740245e+04  3.52492113e+04  9.45e+00 3.89e-05  1.04e+00     2s
   6  -2.79644021e+03  2.29971604e+04  3.05e+00 3.10e-05  4.62e-01     2s
   7  -3.34997512e+02  1.76398036e+04  2.14e+00 2.06e-05  3.18e-01     2s
   8   3.97088662e+03  1.16457167e+04  6.89e-01 8.88e-06  1.30e-01     2s
   9   5.89346027e+03  8.81808575e+03  1.45e-01 6.38e-06  4.76e-02     2s
  10   6.40618531e+03  8.05678221e+03  5.06e-02 5.14e-06  2.65e-02     2s
  11   6.54480930e+03  7.43304468e+03  3.16e-02 3.03e-06  1.43e-02     2s
  12   6.66009730e+03  7.18340368e+03  1.87e-02 2.00e-06  8.46e-03     2s
  13   6.83021325e+03  7.03921751e+03  2.24e-03 1.89e-06  3.30e-03     2s
  14   6.86930492e+03  6.93965720e+03  2.84e-04 1.05e-06  1.11e-03     2s

Barrier performed 14 iterations in 2.11 seconds (1.13 work units)
Barrier solve interrupted - model solved by another algorithm


Solved with dual simplex
Extra simplex iterations after uncrush: 1513
Iteration    Objective       Primal Inf.    Dual Inf.      Time
   19608    6.8792089e+03   0.000000e+00   0.000000e+00      2s

Use crossover to convert LP symmetric solution to basic solution...
Crossover log...

       0 DPushes remaining with DInf 0.0000000e+00                 2s

    1011 PPushes remaining with PInf 0.0000000e+00                 2s
       0 PPushes remaining with PInf 0.0000000e+00                 2s

  Push phase complete: Pinf 0.0000000e+00, Dinf 3.2307490e-14      2s

Iteration    Objective       Primal Inf.    Dual Inf.      Time
   34677    6.8792089e+03   0.000000e+00   0.000000e+00      5s
Extra simplex iterations after uncrush: 14052

Solved in 34677 iterations and 5.38 seconds (4.07 work units)
Optimal objective  6.879208927e+03
