
Gurobi 11.0.3 (mac64[x86]) logging started Mon Jan 27 21:59:08 2025

Set parameter LogFile to value "Results/result_E_false_low_flow_costs_low_entry_costs.log"
Set parameter TimeLimit to value 36000
Gurobi Optimizer version 11.0.3 build v11.0.3rc0 (mac64[x86] - Darwin 23.4.0 23E214)

CPU model: Intel(R) Core(TM) i7-1060NG7 CPU @ 1.20GHz
Thread count: 4 physical cores, 8 logical processors, using up to 8 threads

Optimize a model with 267384 rows, 357816 columns and 1175096 nonzeros
Model fingerprint: 0x766a3cca
Coefficient statistics:
  Matrix range     [1e+00, 1e+00]
  Objective range  [6e-02, 5e+00]
  Bounds range     [0e+00, 0e+00]
  RHS range        [1e-02, 1e+03]
Presolve removed 240100 rows and 305133 columns
Presolve time: 1.02s
Presolved: 27284 rows, 52683 columns, 136988 nonzeros

Concurrent LP optimizer: dual simplex and barrier
Showing barrier log only...

Ordering time: 0.30s

Barrier statistics:
 Free vars  : 106
 AA' NZ     : 7.441e+04
 Factor NZ  : 7.049e+05 (roughly 30 MB of memory)
 Factor Ops : 7.727e+07 (less than 1 second per iteration)
 Threads    : 3

                  Objective                Residual
Iter       Primal          Dual         Primal    Dual     Compl     Time
   0  -1.85496735e+06  2.84782325e+06  2.55e+04 9.89e-01  1.70e+03     2s
   1  -1.85489625e+06  2.33285562e+06  5.39e+03 4.41e-01  4.18e+02     2s
   2  -1.18807208e+06  1.09015682e+06  7.33e+02 3.72e-03  6.68e+01     2s
   3  -1.55256415e+05  2.50253702e+05  7.31e+01 4.10e-05  9.06e+00     2s
   4  -5.29633329e+04  9.70546450e+04  2.43e+01 7.42e-05  3.07e+00     2s
   5  -1.81132694e+04  5.44583020e+04  8.62e+00 5.27e-05  1.35e+00     2s
   6  -2.93772124e+03  2.42475479e+04  2.68e+00 2.12e-05  4.76e-01     2s
   7   1.48987791e+03  1.62784785e+04  1.33e+00 1.15e-05  2.53e-01     2s
   8   4.33706682e+03  1.05015153e+04  5.72e-01 5.55e-06  1.04e-01     2s
   9   6.00485734e+03  8.21481644e+03  1.71e-01 2.90e-06  3.67e-02     2s
  10   6.75894294e+03  7.59268443e+03  3.20e-02 1.75e-06  1.34e-02     2s
  11   6.89936211e+03  7.28960757e+03  1.44e-02 8.69e-07  6.28e-03     2s
  12   6.95505276e+03  7.18310078e+03  8.66e-03 5.04e-07  3.68e-03     2s
  13   7.01742577e+03  7.07385230e+03  2.45e-03 1.27e-07  9.16e-04     2s
  14   7.03472324e+03  7.04655764e+03  8.47e-04 3.45e-08  1.97e-04     2s
  15   7.04450573e+03  7.04461811e+03  3.41e-06 1.67e-08  1.80e-06     2s
  16   7.04457385e+03  7.04457386e+03  5.89e-09 5.36e-11  2.27e-10     2s

Barrier solved model in 16 iterations and 2.10 seconds (1.17 work units)
Optimal objective 7.04457385e+03

Crossover log...

   10331 DPushes remaining with DInf 0.0000000e+00                 2s
       0 DPushes remaining with DInf 0.0000000e+00                 2s

    1303 PPushes remaining with PInf 0.0000000e+00                 2s
       0 PPushes remaining with PInf 0.0000000e+00                 2s

  Push phase complete: Pinf 0.0000000e+00, Dinf 0.0000000e+00      2s


Solved with barrier
Extra simplex iterations after uncrush: 754
Iteration    Objective       Primal Inf.    Dual Inf.      Time
   11655    7.0445739e+03   0.000000e+00   0.000000e+00      2s

Use crossover to convert LP symmetric solution to basic solution...
Crossover log...

       0 DPushes remaining with DInf 0.0000000e+00                 2s

    1366 PPushes remaining with PInf 0.0000000e+00                 2s
       0 PPushes remaining with PInf 0.0000000e+00                 2s

  Push phase complete: Pinf 0.0000000e+00, Dinf 0.0000000e+00      2s

Iteration    Objective       Primal Inf.    Dual Inf.      Time
   23984    7.0448179e+03   0.000000e+00   3.712188e+03      5s
Extra simplex iterations after uncrush: 15601
   29061    7.0445739e+03   0.000000e+00   0.000000e+00      8s

Solved in 29061 iterations and 8.47 seconds (6.73 work units)
Optimal objective  7.044573858e+03

Gurobi 11.0.3 (mac64[x86]) logging started Mon Jan 27 22:01:49 2025

Set parameter LogFile to value "Results/result_E_false_low_flow_costs_low_entry_costs.log"
Set parameter TimeLimit to value 36000
Gurobi Optimizer version 11.0.3 build v11.0.3rc0 (mac64[x86] - Darwin 23.4.0 23E214)

CPU model: Intel(R) Core(TM) i7-1060NG7 CPU @ 1.20GHz
Thread count: 4 physical cores, 8 logical processors, using up to 8 threads

Optimize a model with 267384 rows, 357816 columns and 1175096 nonzeros
Model fingerprint: 0x12efe47b
Coefficient statistics:
  Matrix range     [1e+00, 1e+00]
  Objective range  [6e-02, 5e+00]
  Bounds range     [0e+00, 0e+00]
  RHS range        [1e-02, 1e+03]
Presolve removed 240100 rows and 305145 columns
Presolve time: 1.28s
Presolved: 27284 rows, 52671 columns, 136964 nonzeros

Concurrent LP optimizer: dual simplex and barrier
Showing barrier log only...

Ordering time: 0.31s

Barrier statistics:
 Free vars  : 105
 AA' NZ     : 7.437e+04
 Factor NZ  : 6.821e+05 (roughly 30 MB of memory)
 Factor Ops : 6.860e+07 (less than 1 second per iteration)
 Threads    : 3

                  Objective                Residual
Iter       Primal          Dual         Primal    Dual     Compl     Time
   0  -1.55552132e+06  2.81067448e+06  2.55e+04 8.99e-01  1.68e+03     2s
   1  -1.67136254e+06  2.30720520e+06  5.59e+03 4.59e-01  4.25e+02     2s
   2  -1.15602806e+06  1.09516847e+06  7.31e+02 5.24e-03  6.61e+01     2s
   3  -1.52045410e+05  2.51263783e+05  7.34e+01 3.39e-05  9.03e+00     2s
   4  -5.09424879e+04  7.90342451e+04  2.45e+01 3.60e-05  2.74e+00     2s
   5  -2.06882395e+04  3.89326160e+04  1.06e+01 3.70e-05  1.18e+00     2s
   6  -3.93122390e+03  2.31559541e+04  3.58e+00 3.07e-05  4.94e-01     2s
   7  -1.97072868e+03  1.65594205e+04  2.86e+00 1.77e-05  3.38e-01     2s
   8   3.37589143e+03  1.15040083e+04  1.04e+00 1.31e-05  1.42e-01     2s
   9   6.19357350e+03  8.83134588e+03  1.54e-01 7.10e-06  4.32e-02     2s
  10   6.84062343e+03  7.98879623e+03  3.40e-02 4.76e-06  1.84e-02     2s
  11   7.02669003e+03  7.65179885e+03  1.35e-02 3.07e-06  9.95e-03     2s
  12   7.09612373e+03  7.43240517e+03  7.59e-03 1.63e-06  5.37e-03     2s

Barrier performed 12 iterations in 2.23 seconds (1.10 work units)
Barrier solve interrupted - model solved by another algorithm


Solved with dual simplex
Extra simplex iterations after uncrush: 2462
Iteration    Objective       Primal Inf.    Dual Inf.      Time
   20333    7.2115461e+03   0.000000e+00   0.000000e+00      2s

Use crossover to convert LP symmetric solution to basic solution...
Crossover log...

       0 DPushes remaining with DInf 0.0000000e+00                 2s

     885 PPushes remaining with PInf 0.0000000e+00                 2s
       0 PPushes remaining with PInf 0.0000000e+00                 2s

  Push phase complete: Pinf 0.0000000e+00, Dinf 3.1863401e-14      2s

Iteration    Objective       Primal Inf.    Dual Inf.      Time
   34247    7.2116095e+03   0.000000e+00   5.048750e+01      5s
Extra simplex iterations after uncrush: 15801
   37025    7.2115461e+03   0.000000e+00   0.000000e+00      8s

Solved in 37025 iterations and 8.32 seconds (5.16 work units)
Optimal objective  7.211546113e+03
