
Gurobi 11.0.3 (mac64[x86]) logging started Tue Jan 21 16:19:41 2025

Set parameter LogFile to value "Results/result_B30.75.log"
Set parameter TimeLimit to value 36000
Gurobi Optimizer version 11.0.3 build v11.0.3rc0 (mac64[x86] - Darwin 23.4.0 23E214)

CPU model: Intel(R) Core(TM) i7-1060NG7 CPU @ 1.20GHz
Thread count: 4 physical cores, 8 logical processors, using up to 8 threads

Optimize a model with 328020 rows, 407064 columns and 1384872 nonzeros
Model fingerprint: 0x9022f317
Coefficient statistics:
  Matrix range     [1e+00, 1e+00]
  Objective range  [2e-01, 2e+01]
  Bounds range     [0e+00, 0e+00]
  RHS range        [1e-02, 1e+03]
Presolve removed 299839 rows and 351376 columns
Presolve time: 2.39s
Presolved: 28181 rows, 55688 columns, 145890 nonzeros

Concurrent LP optimizer: dual simplex and barrier
Showing barrier log only...

Ordering time: 0.82s

Barrier statistics:
 Free vars  : 27
 AA' NZ     : 8.761e+04
 Factor NZ  : 8.656e+05 (roughly 34 MB of memory)
 Factor Ops : 1.109e+08 (less than 1 second per iteration)
 Threads    : 3

                  Objective                Residual
Iter       Primal          Dual         Primal    Dual     Compl     Time
   0  -2.60427040e+06  2.24372170e+07  1.99e+04 1.34e+01  1.08e+04     4s
   1  -3.35637564e+06  1.74556224e+07  5.07e+03 2.00e+00  2.49e+03     4s
   2  -2.80118846e+06  9.78139486e+06  7.57e+02 3.34e-01  4.78e+02     4s
   3  -1.22272654e+06  2.12802499e+06  1.05e+02 8.34e-03  7.32e+01     4s
   4  -4.07041601e+05  6.46417513e+05  3.16e+01 1.16e-03  2.06e+01     4s
   5  -1.59096223e+05  3.70090537e+05  1.19e+01 6.01e-04  9.21e+00     4s
   6  -5.65400601e+04  1.64238266e+05  4.10e+00 2.17e-04  3.57e+00     4s
   7  -1.29975998e+04  7.27215802e+04  1.42e+00 7.50e-05  1.33e+00     5s
   8   1.94490897e+03  5.08171576e+04  6.89e-01 4.43e-05  7.45e-01     5s
   9   7.75872320e+03  3.62020811e+04  4.41e-01 2.34e-05  4.35e-01     5s
  10   1.17291479e+04  3.04538341e+04  2.88e-01 1.51e-05  2.86e-01     5s
  11   1.66586577e+04  2.50762328e+04  1.11e-01 6.78e-06  1.27e-01     5s
  12   1.85801800e+04  2.24227358e+04  5.20e-02 5.28e-06  5.81e-02     5s
  13   1.92903182e+04  2.15840517e+04  3.19e-02 3.54e-06  3.48e-02     5s
  14   1.97463950e+04  2.13329266e+04  2.01e-02 2.93e-06  2.39e-02     5s
  15   2.00900282e+04  2.09859451e+04  1.13e-02 1.92e-06  1.35e-02     5s
  16   2.02832112e+04  2.07679892e+04  6.46e-03 1.43e-06  7.35e-03     5s
  17   2.04713152e+04  2.06371981e+04  2.00e-03 7.81e-07  2.50e-03     5s

Barrier performed 17 iterations in 5.44 seconds (1.40 work units)
Barrier solve interrupted - model solved by another algorithm


Solved with dual simplex
Extra simplex iterations after uncrush: 4651
Iteration    Objective       Primal Inf.    Dual Inf.      Time
   28736    2.0570686e+04   0.000000e+00   0.000000e+00      6s

Use crossover to convert LP symmetric solution to basic solution...
Crossover log...

      12 DPushes remaining with DInf 0.0000000e+00                 6s
       0 DPushes remaining with DInf 0.0000000e+00                 6s

    1325 PPushes remaining with PInf 0.0000000e+00                 6s
       0 PPushes remaining with PInf 0.0000000e+00                 6s

  Push phase complete: Pinf 0.0000000e+00, Dinf 0.0000000e+00      6s

Iteration    Objective       Primal Inf.    Dual Inf.      Time
   37208    2.0570896e+04   0.000000e+00   1.765601e+05     10s
   42318    2.0571318e+04   0.000000e+00   1.059784e+05     15s
   45804    2.0571445e+04   0.000000e+00   1.373968e+05     20s
   49560    2.0571532e+04   0.000000e+00   4.649424e+04     25s
   52904    2.0571579e+04   0.000000e+00   3.135051e+04     30s
   56178    2.0571619e+04   0.000000e+00   3.392967e+04     35s
   58914    2.0571644e+04   0.000000e+00   4.627719e+04     40s
   60738    2.0571657e+04   0.000000e+00   4.827872e+04     45s
   62562    2.0571669e+04   0.000000e+00   3.219583e+04     51s
   64690    2.0571682e+04   0.000000e+00   2.480470e+04     55s
   66514    2.0571693e+04   0.000000e+00   8.422982e+03     60s
   68642    2.0571703e+04   0.000000e+00   2.403426e+04     66s
   70466    2.0571710e+04   0.000000e+00   6.251521e+03     71s
   72290    2.0571716e+04   0.000000e+00   1.424914e+04     76s
   73810    2.0571720e+04   0.000000e+00   3.003915e+04     80s
   75634    2.0571723e+04   0.000000e+00   3.695001e+03     86s
   77458    2.0571729e+04   0.000000e+00   6.874641e+03     90s
   79586    2.0571733e+04   0.000000e+00   1.530408e+04     96s
   81410    2.0571736e+04   0.000000e+00   2.547201e+04    100s
   83842    2.0571740e+04   0.000000e+00   5.198551e+03    105s
   86274    2.0571743e+04   0.000000e+00   6.369136e+03    110s
   89010    2.0571748e+04   0.000000e+00   2.230609e+03    115s
   92369    2.0571753e+04   0.000000e+00   1.399009e+03    120s
   96085    2.0571759e+04   0.000000e+00   7.198625e+03    125s
   99474    2.0571766e+04   0.000000e+00   6.343203e+02    130s
Extra simplex iterations after uncrush: 72626
  102702    2.0570686e+04   0.000000e+00   0.000000e+00    133s

Solved in 102702 iterations and 133.09 seconds (80.76 work units)
Optimal objective  2.057068568e+04
