
Gurobi 11.0.3 (mac64[x86]) logging started Tue Jan 21 15:13:12 2025

Set parameter LogFile to value "Results/result_B0.75.log"
Set parameter TimeLimit to value 36000
Gurobi Optimizer version 11.0.3 build v11.0.3rc0 (mac64[x86] - Darwin 23.4.0 23E214)

CPU model: Intel(R) Core(TM) i7-1060NG7 CPU @ 1.20GHz
Thread count: 4 physical cores, 8 logical processors, using up to 8 threads

Optimize a model with 267384 rows, 357816 columns and 1175096 nonzeros
Model fingerprint: 0x548734ab
Coefficient statistics:
  Matrix range     [1e+00, 1e+00]
  Objective range  [2e-01, 5e+00]
  Bounds range     [0e+00, 0e+00]
  RHS range        [1e-02, 8e+02]
Presolve removed 241069 rows and 307406 columns
Presolve time: 1.04s
Presolved: 26315 rows, 50410 columns, 130122 nonzeros

Concurrent LP optimizer: dual simplex and barrier
Showing barrier log only...

Ordering time: 0.38s

Barrier statistics:
 Free vars  : 1013
 AA' NZ     : 8.721e+04
 Factor NZ  : 7.856e+05 (roughly 40 MB of memory)
 Factor Ops : 7.984e+07 (less than 1 second per iteration)
 Threads    : 3

                  Objective                Residual
Iter       Primal          Dual         Primal    Dual     Compl     Time
   0  -4.43651930e+06  9.81142026e+06  1.26e+04 2.72e+00  4.82e+03     2s
   1  -4.62406793e+06  8.21402313e+06  2.64e+03 1.75e+00  1.17e+03     2s
   2  -2.88197663e+06  4.01905109e+06  4.05e+02 1.65e-01  2.02e+02     2s
   3  -8.15672004e+05  7.90292273e+05  3.26e+01 8.25e-04  2.78e+01     2s
   4  -3.06347930e+05  2.47516614e+05  1.00e+01 1.53e-04  9.10e+00     2s
   5  -5.84645327e+04  1.09816100e+05  1.69e+00 7.09e-05  2.42e+00     2s
   6  -1.63851237e+04  3.06024004e+04  4.19e-01 2.55e-05  6.53e-01     2s
   7  -6.81792696e+03  1.82031933e+04  1.96e-01 1.63e-05  3.45e-01     2s
   8   8.82679881e+02  1.06480199e+04  5.92e-02 9.58e-06  1.32e-01     2s
   9   3.46730916e+03  7.22754804e+03  2.30e-02 4.77e-06  5.11e-02     2s
  10   4.59671546e+03  6.76176610e+03  9.27e-03 3.80e-06  2.87e-02     2s
  11   5.04190338e+03  6.26951989e+03  4.64e-03 2.45e-06  1.62e-02     2s
  12   5.27286191e+03  5.86669000e+03  2.47e-03 1.23e-06  7.89e-03     2s
  13   5.51376257e+03  5.73522216e+03  4.29e-04 3.79e-06  2.85e-03     2s
  14   5.57538753e+03  5.60819976e+03  5.14e-06 1.73e-06  4.12e-04     2s
  15   5.57894359e+03  5.58564210e+03  3.05e-07 3.30e-07  8.41e-05     2s
  16   5.57930127e+03  5.57943350e+03  1.13e-08 8.94e-09  1.66e-06     2s
  17   5.57932322e+03  5.57932341e+03  1.96e-11 1.87e-10  2.39e-09     2s
  18   5.57932326e+03  5.57932326e+03  1.56e-11 2.80e-13  3.69e-14     2s

Barrier solved model in 18 iterations and 2.29 seconds (1.16 work units)
Optimal objective 5.57932326e+03

Crossover log...

    6990 DPushes remaining with DInf 0.0000000e+00                 2s
       0 DPushes remaining with DInf 0.0000000e+00                 2s

     805 PPushes remaining with PInf 0.0000000e+00                 2s
       0 PPushes remaining with PInf 0.0000000e+00                 2s

  Push phase complete: Pinf 0.0000000e+00, Dinf 0.0000000e+00      2s


Solved with barrier
Iteration    Objective       Primal Inf.    Dual Inf.      Time
   11384    5.5794582e+03   0.000000e+00   1.350569e+04      5s
   17805    5.5795454e+03   0.000000e+00   3.949912e+03     10s
   21441    5.5795566e+03   0.000000e+00   6.047896e+03     15s
   23934    5.5795603e+03   0.000000e+00   6.326134e+02     20s
   26704    5.5795629e+03   0.000000e+00   5.841022e+02     25s
   29197    5.5795646e+03   0.000000e+00   6.982973e+02     30s
   31136    5.5795653e+03   0.000000e+00   1.962973e+02     35s
   31967    5.5795656e+03   0.000000e+00   2.530114e+02     40s
Extra simplex iterations after uncrush: 25526
   33298    5.5793233e+03   0.000000e+00   0.000000e+00     44s

Solved in 33298 iterations and 44.29 seconds (25.42 work units)
Optimal objective  5.579323255e+03
