
Gurobi 11.0.3 (mac64[x86]) logging started Thu Nov 21 11:58:31 2024

Set parameter LogFile to value "Results/result7.log"
Set parameter TimeLimit to value 36000
Gurobi Optimizer version 11.0.3 build v11.0.3rc0 (mac64[x86] - Darwin 23.4.0 23E214)

CPU model: Intel(R) Core(TM) i7-1060NG7 CPU @ 1.20GHz
Thread count: 4 physical cores, 8 logical processors, using up to 8 threads

Optimize a model with 353756 rows, 452592 columns and 1853172 nonzeros
Model fingerprint: 0xee81607f
Coefficient statistics:
  Matrix range     [1e+00, 1e+00]
  Objective range  [3e-03, 2e+01]
  Bounds range     [0e+00, 0e+00]
  RHS range        [1e-01, 3e+02]
Presolve removed 351042 rows and 448615 columns
Presolve time: 2.02s
Presolved: 2714 rows, 3977 columns, 9030 nonzeros

Concurrent LP optimizer: dual simplex and barrier
Showing barrier log only...

Ordering time: 0.01s

Barrier statistics:
 Free vars  : 35
 AA' NZ     : 7.285e+03
 Factor NZ  : 4.116e+04 (roughly 3 MB of memory)
 Factor Ops : 7.533e+05 (less than 1 second per iteration)
 Threads    : 1

                  Objective                Residual
Iter       Primal          Dual         Primal    Dual     Compl     Time
   0   1.51493594e+05  8.26790433e+05  1.83e+02 6.53e+01  3.05e+03     2s
   1   2.32058285e+04  7.51134518e+05  1.67e+01 2.54e+01  6.79e+02     2s
   2   6.21937105e+03  3.46087621e+05  2.44e+00 2.60e+00  1.03e+02     2s

Barrier performed 2 iterations in 2.05 seconds (0.89 work units)
Barrier solve interrupted - model solved by another algorithm


Solved with dual simplex
Iteration    Objective       Primal Inf.    Dual Inf.      Time
   37228    7.1952728e+03   0.000000e+00   9.272648e+03      5s
Extra simplex iterations after uncrush: 41168
   43829    7.1950825e+03   0.000000e+00   0.000000e+00      8s

Solved in 43829 iterations and 8.15 seconds (5.10 work units)
Optimal objective  7.195082454e+03
