
Gurobi 11.0.3 (mac64[x86]) logging started Mon Jan 20 12:26:50 2025

Set parameter LogFile to value "Results/result_A7.log"
Set parameter TimeLimit to value 36000
Gurobi Optimizer version 11.0.3 build v11.0.3rc0 (mac64[x86] - Darwin 23.4.0 23E214)

CPU model: Intel(R) Core(TM) i7-1060NG7 CPU @ 1.20GHz
Thread count: 4 physical cores, 8 logical processors, using up to 8 threads

Optimize a model with 267384 rows, 357816 columns and 1175096 nonzeros
Model fingerprint: 0xa1bca2b6
Coefficient statistics:
  Matrix range     [1e+00, 1e+00]
  Objective range  [6e-03, 2e+00]
  Bounds range     [0e+00, 0e+00]
  RHS range        [1e-02, 8e+02]
Presolve removed 241249 rows and 310454 columns
Presolve time: 1.04s
Presolved: 26135 rows, 47362 columns, 126594 nonzeros

Concurrent LP optimizer: dual simplex and barrier
Showing barrier log only...

Ordering time: 0.35s

Barrier statistics:
 Free vars  : 1013
 AA' NZ     : 8.639e+04
 Factor NZ  : 7.693e+05 (roughly 36 MB of memory)
 Factor Ops : 7.308e+07 (less than 1 second per iteration)
 Threads    : 3

                  Objective                Residual
Iter       Primal          Dual         Primal    Dual     Compl     Time
   0   1.85776725e+06  3.25979808e+06  1.35e+04 1.26e+00  1.63e+03     1s
   1   4.35744417e+04  2.90825154e+06  2.80e+03 7.85e-01  4.37e+02     2s
   2  -3.58777980e+05  1.44384653e+06  4.15e+02 6.12e-02  6.73e+01     2s
   3  -1.61558100e+05  3.32665823e+05  3.80e+01 3.17e-03  1.00e+01     2s
   4  -5.59101790e+04  1.28744580e+05  1.30e+01 5.80e-04  3.51e+00     2s
   5   6.46014676e+03  6.14930211e+04  2.83e+00 6.81e-05  9.14e-01     2s
   6   2.23642829e+04  4.30330244e+04  8.35e-01 2.29e-05  3.20e-01     2s
   7   2.84838019e+04  3.46597942e+04  1.12e-01 9.93e-06  8.75e-02     2s
   8   2.98758426e+04  3.18637985e+04  8.21e-03 1.25e-05  2.66e-02     2s
   9   3.00073034e+04  3.09674430e+04  5.32e-03 1.02e-05  1.30e-02     2s
  10   3.01383919e+04  3.06889491e+04  3.02e-03 9.53e-06  7.46e-03     2s
  11   3.02281012e+04  3.05219941e+04  1.52e-03 9.67e-06  3.98e-03     2s
  12   3.02752446e+04  3.04142968e+04  8.33e-04 7.43e-06  1.90e-03     2s
  13   3.03313853e+04  3.03587207e+04  6.44e-05 4.90e-06  3.64e-04     2s
  14   3.03375529e+04  3.03452726e+04  7.01e-06 1.79e-06  1.02e-04     2s
  15   3.03385087e+04  3.03389186e+04  6.06e-07 1.08e-07  5.45e-06     2s
  16   3.03386417e+04  3.03386515e+04  3.96e-08 1.18e-08  1.35e-07     2s
  17   3.03386510e+04  3.03386510e+04  9.46e-11 7.67e-10  1.76e-10     2s

Barrier solved model in 17 iterations and 2.05 seconds (1.12 work units)
Optimal objective 3.03386510e+04

Crossover log...

    6144 DPushes remaining with DInf 0.0000000e+00                 2s

Solved with dual simplex
Extra simplex iterations after uncrush: 13688
Iteration    Objective       Primal Inf.    Dual Inf.      Time
   38705    3.0338651e+04   0.000000e+00   0.000000e+00      4s

Solved in 38705 iterations and 3.76 seconds (2.35 work units)
Optimal objective  3.033865101e+04
