
Gurobi 11.0.3 (mac64[x86]) logging started Tue Jan 21 16:22:12 2025

Set parameter LogFile to value "Results/result_B30.8.log"
Set parameter TimeLimit to value 36000
Gurobi Optimizer version 11.0.3 build v11.0.3rc0 (mac64[x86] - Darwin 23.4.0 23E214)

CPU model: Intel(R) Core(TM) i7-1060NG7 CPU @ 1.20GHz
Thread count: 4 physical cores, 8 logical processors, using up to 8 threads

Optimize a model with 328020 rows, 407064 columns and 1384872 nonzeros
Model fingerprint: 0xf778f878
Coefficient statistics:
  Matrix range     [1e+00, 1e+00]
  Objective range  [2e-01, 2e+01]
  Bounds range     [0e+00, 0e+00]
  RHS range        [1e-02, 1e+03]
Presolve removed 299841 rows and 351376 columns
Presolve time: 1.22s
Presolved: 28179 rows, 55688 columns, 145886 nonzeros

Concurrent LP optimizer: dual simplex and barrier
Showing barrier log only...

Ordering time: 0.39s

Barrier statistics:
 Free vars  : 27
 AA' NZ     : 8.758e+04
 Factor NZ  : 8.657e+05 (roughly 34 MB of memory)
 Factor Ops : 1.121e+08 (less than 1 second per iteration)
 Threads    : 3

                  Objective                Residual
Iter       Primal          Dual         Primal    Dual     Compl     Time
   0  -2.60427209e+06  2.24442860e+07  1.99e+04 1.34e+01  1.08e+04     2s
   1  -3.35902830e+06  1.74622105e+07  5.03e+03 1.99e+00  2.48e+03     2s
   2  -2.80010175e+06  9.75605797e+06  7.48e+02 3.32e-01  4.75e+02     2s
   3  -1.21970282e+06  2.11595951e+06  1.04e+02 8.21e-03  7.27e+01     2s
   4  -4.10800423e+05  6.36557659e+05  3.18e+01 1.12e-03  2.05e+01     2s
   5  -1.59635380e+05  3.59693415e+05  1.19e+01 5.67e-04  9.06e+00     2s
   6  -5.00959383e+04  1.60062041e+05  3.76e+00 2.06e-04  3.38e+00     2s
   7  -1.63596715e+04  6.83357382e+04  1.63e+00 6.57e-05  1.34e+00     2s
   8   2.07722597e+03  4.65043694e+04  7.02e-01 3.52e-05  6.83e-01     2s
   9   8.66234436e+03  3.51781853e+04  4.14e-01 1.96e-05  4.06e-01     2s
  10   1.22079791e+04  2.99315410e+04  2.75e-01 1.28e-05  2.71e-01     2s
  11   1.65727749e+04  2.48973057e+04  1.14e-01 6.77e-06  1.26e-01     2s
  12   1.82660206e+04  2.21603751e+04  6.29e-02 5.40e-06  5.97e-02     2s
  13   1.92661286e+04  2.15940238e+04  3.47e-02 4.22e-06  3.55e-02     3s
  14   1.97300054e+04  2.13884263e+04  2.20e-02 3.66e-06  2.51e-02     3s
  15   2.01224253e+04  2.10130085e+04  1.14e-02 2.41e-06  1.35e-02     3s
  16   2.02800873e+04  2.07298095e+04  7.25e-03 1.51e-06  6.92e-03     3s
  17   2.04511448e+04  2.06352452e+04  2.96e-03 8.99e-07  2.84e-03     3s

Barrier performed 17 iterations in 2.69 seconds (1.41 work units)
Barrier solve interrupted - model solved by another algorithm


Solved with dual simplex
Extra simplex iterations after uncrush: 4087
Iteration    Objective       Primal Inf.    Dual Inf.      Time
   28980    2.0582028e+04   0.000000e+00   0.000000e+00      3s

Use crossover to convert LP symmetric solution to basic solution...
Crossover log...

       0 DPushes remaining with DInf 0.0000000e+00                 3s

    1290 PPushes remaining with PInf 0.0000000e+00                 3s
       0 PPushes remaining with PInf 0.0000000e+00                 3s

  Push phase complete: Pinf 0.0000000e+00, Dinf 0.0000000e+00      3s

Iteration    Objective       Primal Inf.    Dual Inf.      Time
   37811    2.0582441e+04   0.000000e+00   7.105261e+04      5s
   40429    2.0582595e+04   0.000000e+00   6.454570e+04     10s
   44056    2.0582733e+04   0.000000e+00   7.585554e+04     15s
   47096    2.0582802e+04   0.000000e+00   2.341588e+04     20s
   50310    2.0582851e+04   0.000000e+00   4.851730e+04     26s
   52742    2.0582878e+04   0.000000e+00   4.295535e+04     30s
   55174    2.0582903e+04   0.000000e+00   4.404865e+05     35s
   57606    2.0582928e+04   0.000000e+00   1.144349e+05     40s
   60342    2.0582951e+04   0.000000e+00   1.832390e+04     45s
   62774    2.0582965e+04   0.000000e+00   3.107408e+04     50s
   64598    2.0582973e+04   0.000000e+00   1.768087e+04     55s
   67334    2.0582988e+04   0.000000e+00   2.466650e+04     60s
   69766    2.0582999e+04   0.000000e+00   4.364679e+04     65s
   71590    2.0583005e+04   0.000000e+00   5.106842e+03     70s
   73110    2.0583008e+04   0.000000e+00   4.670225e+03     76s
   74022    2.0583010e+04   0.000000e+00   1.812760e+04     81s
   75846    2.0583015e+04   0.000000e+00   1.715001e+04     86s
   77670    2.0583019e+04   0.000000e+00   5.127593e+03     90s
   79190    2.0583022e+04   0.000000e+00   5.145496e+03     95s
   81318    2.0583025e+04   0.000000e+00   2.004076e+03    102s
   81926    2.0583026e+04   0.000000e+00   2.978190e+03    105s
   82838    2.0583027e+04   0.000000e+00   2.067142e+03    111s
   84358    2.0583029e+04   0.000000e+00   4.226763e+03    115s
   86486    2.0583032e+04   0.000000e+00   1.947368e+04    120s
   89240    2.0583036e+04   0.000000e+00   3.270906e+03    126s
   92462    2.0583041e+04   0.000000e+00   4.151094e+02    130s
Extra simplex iterations after uncrush: 65693
   95978    2.0582028e+04   0.000000e+00   0.000000e+00    134s

Solved in 95978 iterations and 134.37 seconds (72.84 work units)
Optimal objective  2.058202818e+04
