
Gurobi 11.0.3 (mac64[x86]) logging started Tue Feb  4 14:11:18 2025

Set parameter LogFile to value "Results/result_F0.4.log"
Set parameter TimeLimit to value 36000
Gurobi Optimizer version 11.0.3 build v11.0.3rc0 (mac64[x86] - Darwin 23.4.0 23E214)

CPU model: Intel(R) Core(TM) i7-1060NG7 CPU @ 1.20GHz
Thread count: 4 physical cores, 8 logical processors, using up to 8 threads

Optimize a model with 267384 rows, 357816 columns and 1175096 nonzeros
Model fingerprint: 0x73828e33
Coefficient statistics:
  Matrix range     [1e+00, 1e+00]
  Objective range  [6e-02, 5e+00]
  Bounds range     [0e+00, 0e+00]
  RHS range        [1e-02, 4e+02]
Presolve removed 240028 rows and 305166 columns
Presolve time: 1.52s
Presolved: 27356 rows, 52650 columns, 137303 nonzeros

Concurrent LP optimizer: dual simplex and barrier
Showing barrier log only...

Ordering time: 0.31s

Barrier statistics:
 Free vars  : 105
 AA' NZ     : 7.511e+04
 Factor NZ  : 6.913e+05 (roughly 30 MB of memory)
 Factor Ops : 7.171e+07 (less than 1 second per iteration)
 Threads    : 3

                  Objective                Residual
Iter       Primal          Dual         Primal    Dual     Compl     Time
   0  -7.05366933e+05  2.18162503e+06  8.42e+03 9.00e-01  7.23e+02     2s
   1  -7.27547816e+05  1.61506625e+06  2.12e+03 4.94e-01  2.06e+02     2s
   2  -5.55324578e+05  5.86184073e+05  3.67e+02 3.24e-02  3.78e+01     2s
   3  -9.39039229e+04  1.17900315e+05  3.34e+01 9.28e-04  4.54e+00     2s
   4  -2.99071657e+04  3.91013115e+04  1.03e+01 1.10e-04  1.35e+00     2s
   5  -1.07045092e+04  2.14824144e+04  4.02e+00 3.54e-05  5.88e-01     2s
   6  -1.80976257e+03  1.22966990e+04  1.29e+00 2.08e-05  2.43e-01     2s
   7   8.48091937e+02  9.32222696e+03  5.37e-01 1.51e-05  1.41e-01     2s
   8   2.30230039e+03  5.63954896e+03  2.12e-01 9.03e-06  5.51e-02     2s
   9   3.19693442e+03  5.24474687e+03  5.74e-02 7.75e-06  3.28e-02     2s
  10   3.52828812e+03  4.34855540e+03  1.72e-02 3.50e-06  1.31e-02     3s
  11   3.61989257e+03  4.03912714e+03  9.26e-03 1.79e-06  6.69e-03     3s
  12   3.66792515e+03  3.95914786e+03  5.56e-03 1.62e-06  4.64e-03     3s
  13   3.70332857e+03  3.84791619e+03  3.20e-03 8.68e-07  2.31e-03     3s
  14   3.74330934e+03  3.77366618e+03  6.45e-04 2.66e-07  4.86e-04     3s
  15   3.75674137e+03  3.75755314e+03  1.52e-05 9.41e-08  1.30e-05     3s
  16   3.75724965e+03  3.75726673e+03  4.57e-07 2.46e-09  2.75e-07     3s
  17   3.75726593e+03  3.75726594e+03  8.91e-11 1.67e-10  1.40e-10     3s

Barrier solved model in 17 iterations and 2.76 seconds (1.18 work units)
Optimal objective 3.75726593e+03

Crossover log...

   11401 DPushes remaining with DInf 0.0000000e+00                 3s

Solved with dual simplex
Extra simplex iterations after uncrush: 2053
Iteration    Objective       Primal Inf.    Dual Inf.      Time
   20802    3.7572659e+03   0.000000e+00   0.000000e+00      3s

Use crossover to convert LP symmetric solution to basic solution...
Crossover log...

       0 DPushes remaining with DInf 0.0000000e+00                 3s

    1080 PPushes remaining with PInf 0.0000000e+00                 3s
       0 PPushes remaining with PInf 0.0000000e+00                 3s

  Push phase complete: Pinf 0.0000000e+00, Dinf 1.4133139e-13      3s

Iteration    Objective       Primal Inf.    Dual Inf.      Time
   29250    3.7574515e+03   0.000000e+00   2.600900e+03      5s
   36492    3.7574773e+03   0.000000e+00   4.706602e+01     10s
Extra simplex iterations after uncrush: 15350
   37238    3.7572659e+03   0.000000e+00   0.000000e+00     11s

Solved in 37238 iterations and 11.25 seconds (8.33 work units)
Optimal objective  3.757265938e+03
