
Gurobi 11.0.3 (mac64[x86]) logging started Thu Nov 28 10:05:43 2024

Set parameter LogFile to value "Results/result16.log"
Set parameter TimeLimit to value 36000
Gurobi Optimizer version 11.0.3 build v11.0.3rc0 (mac64[x86] - Darwin 23.4.0 23E214)

CPU model: Intel(R) Core(TM) i7-1060NG7 CPU @ 1.20GHz
Thread count: 4 physical cores, 8 logical processors, using up to 8 threads

Optimize a model with 295596 rows, 407064 columns and 1352448 nonzeros
Model fingerprint: 0x75b2cdf2
Coefficient statistics:
  Matrix range     [1e+00, 1e+00]
  Objective range  [3e-03, 2e+01]
  Bounds range     [0e+00, 0e+00]
  RHS range        [1e-02, 1e+03]
Presolve removed 275215 rows and 359420 columns
Presolve time: 1.30s
Presolved: 20381 rows, 47644 columns, 126699 nonzeros

Concurrent LP optimizer: dual simplex and barrier
Showing barrier log only...

Ordering time: 0.43s

Barrier statistics:
 Free vars  : 2
 AA' NZ     : 9.194e+04
 Factor NZ  : 1.428e+06 (roughly 30 MB of memory)
 Factor Ops : 4.183e+08 (less than 1 second per iteration)
 Threads    : 3

                  Objective                Residual
Iter       Primal          Dual         Primal    Dual     Compl     Time
   0   7.63779106e+05  2.25149280e+07  1.06e+04 1.10e+01  5.81e+03     2s

Barrier performed 0 iterations in 2.09 seconds (1.01 work units)
Barrier solve interrupted - model solved by another algorithm


Solved with dual simplex
Iteration    Objective       Primal Inf.    Dual Inf.      Time
   20471    2.3507601e+04   0.000000e+00   0.000000e+00      2s

Use crossover to convert LP symmetric solution to basic solution...
Crossover log...

       0 DPushes remaining with DInf 0.0000000e+00                 2s

     474 PPushes remaining with PInf 0.0000000e+00                 2s
       0 PPushes remaining with PInf 0.0000000e+00                 2s

  Push phase complete: Pinf 0.0000000e+00, Dinf 7.1301472e-13      2s

Iteration    Objective       Primal Inf.    Dual Inf.      Time
   34451    2.3507708e+04   0.000000e+00   1.537995e+03      5s
Extra simplex iterations after uncrush: 17937
   38936    2.3507601e+04   0.000000e+00   0.000000e+00      8s

Solved in 38936 iterations and 7.50 seconds (5.41 work units)
Optimal objective  2.350760114e+04
