
Gurobi 11.0.3 (mac64[x86]) logging started Mon Jan 20 12:13:55 2025

Set parameter LogFile to value "Results/result_A1.log"
Set parameter TimeLimit to value 36000
Gurobi Optimizer version 11.0.3 build v11.0.3rc0 (mac64[x86] - Darwin 23.4.0 23E214)

CPU model: Intel(R) Core(TM) i7-1060NG7 CPU @ 1.20GHz
Thread count: 4 physical cores, 8 logical processors, using up to 8 threads

Optimize a model with 267384 rows, 357816 columns and 1175096 nonzeros
Model fingerprint: 0x72001475
Coefficient statistics:
  Matrix range     [1e+00, 1e+00]
  Objective range  [6e-03, 2e+00]
  Bounds range     [0e+00, 0e+00]
  RHS range        [1e-02, 1e+03]
Presolve removed 241281 rows and 310454 columns
Presolve time: 1.06s
Presolved: 26103 rows, 47362 columns, 126338 nonzeros

Concurrent LP optimizer: dual simplex and barrier
Showing barrier log only...

Ordering time: 0.33s

Barrier statistics:
 Free vars  : 1013
 AA' NZ     : 8.575e+04
 Factor NZ  : 7.869e+05 (roughly 36 MB of memory)
 Factor Ops : 8.201e+07 (less than 1 second per iteration)
 Threads    : 3

                  Objective                Residual
Iter       Primal          Dual         Primal    Dual     Compl     Time
   0   2.20266165e+06  3.49188442e+06  1.58e+04 1.26e+00  1.91e+03     1s
   1   3.32767996e+04  3.13085830e+06  3.15e+03 7.82e-01  5.01e+02     2s
   2  -4.19326721e+05  1.60821252e+06  4.82e+02 5.56e-02  7.69e+01     2s
   3  -1.87875506e+05  3.85285878e+05  5.19e+01 3.02e-03  1.24e+01     2s
   4  -6.01966780e+04  1.45559457e+05  1.69e+01 4.88e-04  4.12e+00     2s
   5   1.25514268e+04  7.60716624e+04  2.73e+00 8.58e-05  1.03e+00     2s
   6   2.75762254e+04  4.41569670e+04  5.41e-01 1.90e-05  2.49e-01     2s
   7   3.07440093e+04  3.94344918e+04  1.73e-01 8.71e-06  1.24e-01     2s
   8   3.21446338e+04  3.58283729e+04  3.65e-02 1.34e-05  5.05e-02     2s
   9   3.25943628e+04  3.40803620e+04  1.03e-02 1.69e-05  2.02e-02     2s
  10   3.28057833e+04  3.34055621e+04  2.86e-03 1.11e-05  8.06e-03     2s
  11   3.28485237e+04  3.32878415e+04  1.85e-03 8.77e-06  5.89e-03     2s
  12   3.28652967e+04  3.31436960e+04  1.52e-03 6.58e-06  3.77e-03     2s
  13   3.28969601e+04  3.31024162e+04  9.30e-04 5.94e-06  2.76e-03     2s
  14   3.29304342e+04  3.29973582e+04  2.61e-04 3.69e-06  8.99e-04     2s
  15   3.29509545e+04  3.29662475e+04  1.36e-05 1.90e-06  2.01e-04     2s
  16   3.29528625e+04  3.29539029e+04  1.17e-06 2.61e-07  1.37e-05     2s
  17   3.29530692e+04  3.29530893e+04  8.87e-08 2.03e-08  2.72e-07     2s
  18   3.29530864e+04  3.29530864e+04  1.56e-10 1.51e-09  5.73e-10     2s

Barrier solved model in 18 iterations and 2.12 seconds (1.15 work units)
Optimal objective 3.29530864e+04

Crossover log...


Solved with dual simplex
Extra simplex iterations after uncrush: 11236
Iteration    Objective       Primal Inf.    Dual Inf.      Time
   37465    3.2953086e+04   0.000000e+00   0.000000e+00      4s

Solved in 37465 iterations and 3.53 seconds (2.24 work units)
Optimal objective  3.295308643e+04
