
Gurobi 11.0.3 (mac64[x86]) logging started Wed Jan 22 13:22:58 2025

Set parameter LogFile to value "Results/result_C8.log"
Set parameter TimeLimit to value 36000
Gurobi Optimizer version 11.0.3 build v11.0.3rc0 (mac64[x86] - Darwin 23.4.0 23E214)

CPU model: Intel(R) Core(TM) i7-1060NG7 CPU @ 1.20GHz
Thread count: 4 physical cores, 8 logical processors, using up to 8 threads

Optimize a model with 267384 rows, 357816 columns and 1175096 nonzeros
Model fingerprint: 0x1802e099
Coefficient statistics:
  Matrix range     [1e+00, 1e+00]
  Objective range  [2e-01, 5e+00]
  Bounds range     [0e+00, 0e+00]
  RHS range        [1e-02, 1e+03]
Presolve removed 241140 rows and 307414 columns
Presolve time: 3.64s
Presolved: 26244 rows, 50402 columns, 129868 nonzeros

Concurrent LP optimizer: dual simplex and barrier
Showing barrier log only...

Ordering time: 1.09s

Barrier statistics:
 Free vars  : 1020
 AA' NZ     : 8.660e+04
 Factor NZ  : 7.786e+05 (roughly 40 MB of memory)
 Factor Ops : 7.676e+07 (less than 1 second per iteration)
 Threads    : 3

                  Objective                Residual
Iter       Primal          Dual         Primal    Dual     Compl     Time
   0  -5.57211815e+06  1.08094786e+07  1.43e+04 2.72e+00  6.04e+03     5s
   1  -5.86961787e+06  9.03441616e+06  3.01e+03 1.57e+00  1.40e+03     5s
   2  -3.54624643e+06  4.93188881e+06  5.11e+02 1.30e-01  2.52e+02     5s
   3  -9.68830176e+05  1.04532728e+06  5.22e+01 1.72e-03  3.71e+01     6s
   4  -3.17551670e+05  4.15725090e+05  1.32e+01 4.98e-04  1.22e+01     6s
   5  -9.18515819e+04  2.50297270e+05  3.23e+00 2.74e-04  4.99e+00     6s
   6  -3.50839427e+04  6.80225611e+04  1.09e+00 6.40e-05  1.47e+00     6s
   7  -6.64940263e+03  2.86899595e+04  1.97e-01 2.39e-05  4.75e-01     6s
   8  -5.21141086e+02  1.39072939e+04  6.83e-02 1.10e-05  1.92e-01     6s
   9   2.59107780e+03  9.19466362e+03  2.02e-02 6.15e-06  8.62e-02     7s
  10   3.23294353e+03  6.98702629e+03  1.25e-02 3.63e-06  4.92e-02     7s
  11   3.63527974e+03  6.16454025e+03  8.12e-03 2.58e-06  3.32e-02     7s
  12   4.03029312e+03  5.90629099e+03  4.20e-03 2.23e-06  2.43e-02     7s
  13   4.32867581e+03  4.98661146e+03  1.60e-03 7.93e-07  8.57e-03     7s
  14   4.46960350e+03  4.83534557e+03  6.77e-04 1.59e-06  4.73e-03     7s
  15   4.48824893e+03  4.75357835e+03  5.58e-04 2.26e-06  3.45e-03     7s
  16   4.53881474e+03  4.64501226e+03  2.44e-04 2.77e-06  1.39e-03     7s
  17   4.57709046e+03  4.60658337e+03  1.46e-05 1.72e-06  3.74e-04     7s
  18   4.57921753e+03  4.59476588e+03  7.07e-06 9.41e-07  1.97e-04     7s
  19   4.58133528e+03  4.58156981e+03  2.01e-07 4.30e-08  3.00e-06     8s
  20   4.58149598e+03  4.58149736e+03  6.85e-10 2.52e-09  1.75e-08     8s
  21   4.58149689e+03  4.58149701e+03  9.41e-07 5.34e-11  1.56e-09     8s
  22   4.58149700e+03  4.58149700e+03  2.86e-10 1.68e-12  1.73e-12     8s

Barrier solved model in 22 iterations and 7.86 seconds (1.25 work units)
Optimal objective 4.58149700e+03

Crossover log...

    6319 DPushes remaining with DInf 0.0000000e+00                 8s
       0 DPushes remaining with DInf 0.0000000e+00                 8s

    1667 PPushes remaining with PInf 0.0000000e+00                 8s

Solved with dual simplex
Iteration    Objective       Primal Inf.    Dual Inf.      Time
   36655    4.5816929e+03   0.000000e+00   8.026938e+03     10s
   43723    4.5817474e+03   0.000000e+00   2.350000e+01     15s
Extra simplex iterations after uncrush: 15559
   44370    4.5814970e+03   0.000000e+00   0.000000e+00     16s

Solved in 44370 iterations and 16.35 seconds (6.86 work units)
Optimal objective  4.581497002e+03
