
Gurobi 11.0.3 (mac64[x86]) logging started Tue Jan 21 15:01:18 2025

Set parameter LogFile to value "Results/result_B0.2.log"
Set parameter TimeLimit to value 36000
Gurobi Optimizer version 11.0.3 build v11.0.3rc0 (mac64[x86] - Darwin 23.4.0 23E214)

CPU model: Intel(R) Core(TM) i7-1060NG7 CPU @ 1.20GHz
Thread count: 4 physical cores, 8 logical processors, using up to 8 threads

Optimize a model with 267384 rows, 357816 columns and 1175096 nonzeros
Model fingerprint: 0x80f3fd19
Coefficient statistics:
  Matrix range     [1e+00, 1e+00]
  Objective range  [2e-01, 5e+00]
  Bounds range     [0e+00, 0e+00]
  RHS range        [1e-02, 2e+02]
Presolve removed 241003 rows and 307356 columns
Presolve time: 1.04s
Presolved: 26381 rows, 50460 columns, 130410 nonzeros

Concurrent LP optimizer: dual simplex and barrier
Showing barrier log only...

Ordering time: 0.43s

Barrier statistics:
 Free vars  : 1013
 AA' NZ     : 8.774e+04
 Factor NZ  : 7.955e+05 (roughly 40 MB of memory)
 Factor Ops : 8.099e+07 (less than 1 second per iteration)
 Threads    : 3

                  Objective                Residual
Iter       Primal          Dual         Primal    Dual     Compl     Time
   0  -1.85136715e+06  7.71849549e+06  5.19e+03 2.72e+00  2.03e+03     2s
   1  -1.93066591e+06  5.56762581e+06  1.28e+03 1.86e+00  5.57e+02     2s
   2  -1.23307821e+06  1.83553787e+06  1.32e+02 3.09e-01  8.78e+01     2s
   3  -4.21416817e+05  2.59380612e+05  9.36e+00 2.11e-03  1.04e+01     2s
   4  -1.48347415e+05  7.31524597e+04  1.90e+00 4.12e-04  3.19e+00     2s
   5  -2.46445450e+04  2.45270594e+04  2.49e-01 1.26e-04  6.64e-01     2s
   6  -3.63000189e+03  1.01585310e+04  3.44e-02 4.44e-05  1.79e-01     2s
   7  -1.08145756e+03  5.92497022e+03  1.55e-02 2.21e-05  9.06e-02     2s
   8   9.13449547e+02  3.41105822e+03  3.48e-03 8.33e-06  3.20e-02     2s
   9   1.60790406e+03  2.37442605e+03  4.31e-04 2.64e-06  9.70e-03     2s
  10   1.70795721e+03  2.21325355e+03  2.22e-04 1.98e-06  6.38e-03     2s
  11   1.76220612e+03  2.06213946e+03  1.28e-04 1.23e-06  3.79e-03     2s
  12   1.82536115e+03  1.97262013e+03  3.53e-05 1.70e-06  1.86e-03     2s
  13   1.85545756e+03  1.89338493e+03  2.71e-06 1.20e-06  4.76e-04     2s
  14   1.86050043e+03  1.86541168e+03  1.28e-07 2.44e-07  6.17e-05     2s
  15   1.86102573e+03  1.86108692e+03  4.55e-09 9.17e-09  7.74e-07     2s
  16   1.86106434e+03  1.86106436e+03  1.02e-12 3.84e-10  1.83e-10     2s

Barrier solved model in 16 iterations and 2.35 seconds (1.13 work units)
Optimal objective 1.86106434e+03

Crossover log...

    7313 DPushes remaining with DInf 0.0000000e+00                 2s
       0 DPushes remaining with DInf 0.0000000e+00                 3s

     707 PPushes remaining with PInf 0.0000000e+00                 3s
       0 PPushes remaining with PInf 0.0000000e+00                 3s

  Push phase complete: Pinf 0.0000000e+00, Dinf 6.5725203e-14      3s


Solved with barrier
Iteration    Objective       Primal Inf.    Dual Inf.      Time
   10712    1.8611719e+03   0.000000e+00   1.449709e+05      5s
   14680    1.8612570e+03   0.000000e+00   2.119303e+04     10s
   18281    1.8612897e+03   0.000000e+00   9.361344e+03     15s
   21328    1.8613042e+03   0.000000e+00   1.457187e+04     20s
   24098    1.8613114e+03   0.000000e+00   2.171895e+04     25s
   26591    1.8613162e+03   0.000000e+00   7.959690e+03     30s
   28807    1.8613196e+03   0.000000e+00   3.029347e+03     35s
   30469    1.8613212e+03   0.000000e+00   2.927749e+03     40s
   32685    1.8613231e+03   0.000000e+00   8.838726e+02     45s
   34624    1.8613244e+03   0.000000e+00   1.162374e+03     50s
   36563    1.8613253e+03   0.000000e+00   6.162254e+02     55s
   38502    1.8613260e+03   0.000000e+00   7.367113e+02     60s
   40441    1.8613265e+03   0.000000e+00   3.665267e+02     65s
   42380    1.8613269e+03   0.000000e+00   1.630483e+02     70s
   44596    1.8613272e+03   0.000000e+00   2.171875e+01     75s
Extra simplex iterations after uncrush: 38524
   46523    1.8610644e+03   0.000000e+00   0.000000e+00     80s

Solved in 46523 iterations and 80.21 seconds (52.01 work units)
Optimal objective  1.861064353e+03
