
Gurobi 11.0.3 (mac64[x86]) logging started Mon Jan 20 12:47:46 2025

Set parameter LogFile to value "Results/result_A12.log"
Set parameter TimeLimit to value 36000
Gurobi Optimizer version 11.0.3 build v11.0.3rc0 (mac64[x86] - Darwin 23.4.0 23E214)

CPU model: Intel(R) Core(TM) i7-1060NG7 CPU @ 1.20GHz
Thread count: 4 physical cores, 8 logical processors, using up to 8 threads

Optimize a model with 267384 rows, 357816 columns and 1175096 nonzeros
Model fingerprint: 0x9e6b0684
Coefficient statistics:
  Matrix range     [1e+00, 1e+00]
  Objective range  [6e-03, 2e+00]
  Bounds range     [0e+00, 0e+00]
  RHS range        [1e-02, 6e+02]
Presolve removed 241217 rows and 310454 columns
Presolve time: 1.28s
Presolved: 26167 rows, 47362 columns, 126658 nonzeros

Concurrent LP optimizer: dual simplex and barrier
Showing barrier log only...

Ordering time: 0.37s

Barrier statistics:
 Free vars  : 1013
 AA' NZ     : 8.655e+04
 Factor NZ  : 8.204e+05 (roughly 36 MB of memory)
 Factor Ops : 1.005e+08 (less than 1 second per iteration)
 Threads    : 3

                  Objective                Residual
Iter       Primal          Dual         Primal    Dual     Compl     Time
   0   1.28185493e+06  2.91379598e+06  9.41e+03 1.26e+00  1.15e+03     2s
   1   3.79313300e+04  2.51038179e+06  2.05e+03 7.94e-01  3.17e+02     2s
   2  -2.47158506e+05  1.11753868e+06  3.27e+02 9.59e-02  5.52e+01     2s
   3  -1.23032339e+05  2.37026649e+05  3.15e+01 4.85e-03  7.39e+00     2s
   4  -3.67703211e+04  9.61079565e+04  7.71e+00 1.06e-03  2.41e+00     2s
   5   7.36933076e+03  5.64996296e+04  1.42e+00 3.94e-04  7.59e-01     2s
   6   1.95088303e+04  3.03205981e+04  1.57e-01 1.67e-05  1.54e-01     2s
   7   2.18654617e+04  2.55530992e+04  4.07e-02 8.09e-06  5.11e-02     2s
   8   2.27139355e+04  2.38472605e+04  6.70e-03 9.66e-06  1.53e-02     2s
   9   2.28513105e+04  2.36269816e+04  3.50e-03 8.48e-06  1.04e-02     2s
  10   2.28770809e+04  2.34886659e+04  3.02e-03 8.33e-06  8.24e-03     2s
  11   2.29763780e+04  2.32037455e+04  1.13e-03 1.12e-05  3.07e-03     2s
  12   2.30114921e+04  2.31688091e+04  5.88e-04 9.80e-06  2.11e-03     2s
  13   2.30408937e+04  2.30960273e+04  1.72e-04 5.32e-06  7.38e-04     2s
  14   2.30542827e+04  2.30667711e+04  1.55e-05 2.38e-06  1.65e-04     2s
  15   2.30564483e+04  2.30590562e+04  2.51e-07 6.52e-07  3.42e-05     2s
  16   2.30565752e+04  2.30566562e+04  1.31e-08 3.21e-08  1.06e-06     2s

Barrier performed 16 iterations in 2.48 seconds (1.13 work units)
Barrier solve interrupted - model solved by another algorithm


Solved with dual simplex
Iteration    Objective       Primal Inf.    Dual Inf.      Time
   35929    2.3056684e+04   0.000000e+00   3.875000e-01      5s
Extra simplex iterations after uncrush: 10947
   36313    2.3056584e+04   0.000000e+00   0.000000e+00      6s

Solved in 36313 iterations and 5.70 seconds (3.63 work units)
Optimal objective  2.305658433e+04
