
Gurobi 11.0.3 (mac64[x86]) logging started Wed Jan 22 13:44:42 2025

Set parameter LogFile to value "Results/result_C7.log"
Set parameter TimeLimit to value 36000
Gurobi Optimizer version 11.0.3 build v11.0.3rc0 (mac64[x86] - Darwin 23.4.0 23E214)

CPU model: Intel(R) Core(TM) i7-1060NG7 CPU @ 1.20GHz
Thread count: 4 physical cores, 8 logical processors, using up to 8 threads

Optimize a model with 267384 rows, 357816 columns and 1175096 nonzeros
Model fingerprint: 0x4316a185
Coefficient statistics:
  Matrix range     [1e+00, 1e+00]
  Objective range  [2e-01, 5e+00]
  Bounds range     [0e+00, 0e+00]
  RHS range        [1e-02, 1e+03]
Presolve removed 240065 rows and 305094 columns
Presolve time: 1.24s
Presolved: 27319 rows, 52722 columns, 137121 nonzeros

Concurrent LP optimizer: dual simplex and barrier
Showing barrier log only...

Ordering time: 0.48s

Barrier statistics:
 Free vars  : 1020
 AA' NZ     : 9.272e+04
 Factor NZ  : 8.880e+05 (roughly 40 MB of memory)
 Factor Ops : 1.099e+08 (less than 1 second per iteration)
 Threads    : 3

                  Objective                Residual
Iter       Primal          Dual         Primal    Dual     Compl     Time
   0  -6.15272732e+06  1.06389342e+07  1.90e+04 2.72e+00  6.03e+03     2s
   1  -6.11873003e+06  9.21242054e+06  3.76e+03 1.70e+00  1.40e+03     2s
   2  -3.75867512e+06  5.05899812e+06  6.54e+02 1.56e-01  2.53e+02     2s
   3  -1.07727133e+06  1.14121730e+06  6.74e+01 1.98e-03  3.80e+01     2s
   4  -3.78778790e+05  4.86900487e+05  1.77e+01 6.33e-04  1.34e+01     2s
   5  -1.11907568e+05  2.82868742e+05  4.36e+00 3.35e-04  5.46e+00     2s
   6  -2.65056793e+04  6.76028070e+04  6.03e-01 6.36e-05  1.22e+00     2s
   7  -6.78748561e+03  2.76260292e+04  1.49e-01 2.32e-05  4.34e-01     2s
   8  -1.01112532e+03  1.41460809e+04  5.96e-02 1.06e-05  1.90e-01     2s
   9   9.27705036e+02  1.00458633e+04  3.73e-02 6.66e-06  1.15e-01     2s
  10   2.26630405e+03  7.70686540e+03  2.34e-02 4.85e-06  6.86e-02     2s
  11   3.42988424e+03  7.32781075e+03  1.22e-02 4.35e-06  4.85e-02     2s
  12   3.90315186e+03  6.66629869e+03  7.77e-03 3.44e-06  3.43e-02     3s
  13   4.45865793e+03  5.89361059e+03  2.99e-03 2.15e-06  1.77e-02     3s
  14   4.72125608e+03  5.32757945e+03  1.11e-03 9.88e-07  7.46e-03     3s
  15   4.83743359e+03  5.13026419e+03  4.45e-04 6.50e-07  3.60e-03     3s
  16   4.85076543e+03  5.06868460e+03  3.77e-04 5.40e-07  2.68e-03     3s
  17   4.86501184e+03  5.00901306e+03  2.97e-04 9.37e-07  1.79e-03     3s
  18   4.89684712e+03  4.96497714e+03  1.39e-04 1.14e-06  8.48e-04     3s
  19   4.92548446e+03  4.93063960e+03  4.54e-06 6.42e-07  6.29e-05     3s
  20   4.92727598e+03  4.92738077e+03  1.38e-07 7.07e-08  1.29e-06     3s
  21   4.92736486e+03  4.92736577e+03  4.22e-09 2.98e-09  1.11e-08     3s
  22   4.92736556e+03  4.92736556e+03  1.12e-09 1.37e-11  8.15e-13     3s

Barrier solved model in 22 iterations and 3.02 seconds (1.30 work units)
Optimal objective 4.92736556e+03

Crossover log...

    6491 DPushes remaining with DInf 0.0000000e+00                 3s
       0 DPushes remaining with DInf 0.0000000e+00                 3s

    1667 PPushes remaining with PInf 0.0000000e+00                 3s
       0 PPushes remaining with PInf 0.0000000e+00                 3s

  Push phase complete: Pinf 0.0000000e+00, Dinf 0.0000000e+00      3s


Solved with barrier
Iteration    Objective       Primal Inf.    Dual Inf.      Time
   13956    4.9274785e+03   0.000000e+00   1.252375e+04      5s
   21811    4.9275799e+03   0.000000e+00   4.326500e+03     11s
   23509    4.9275848e+03   0.000000e+00   4.865577e+02     16s
   24617    4.9275866e+03   0.000000e+00   5.015357e+02     20s
   28495    4.9275901e+03   0.000000e+00   1.864167e+02     25s
Extra simplex iterations after uncrush: 22038
   30184    4.9273656e+03   0.000000e+00   0.000000e+00     28s

Solved in 30184 iterations and 27.79 seconds (13.23 work units)
Optimal objective  4.927365564e+03
