
Gurobi 11.0.3 (mac64[x86]) logging started Mon Jan 27 21:40:12 2025

Set parameter LogFile to value "Results/result_E_false_low_flow_costs.log"
Set parameter TimeLimit to value 36000
Gurobi Optimizer version 11.0.3 build v11.0.3rc0 (mac64[x86] - Darwin 23.4.0 23E214)

CPU model: Intel(R) Core(TM) i7-1060NG7 CPU @ 1.20GHz
Thread count: 4 physical cores, 8 logical processors, using up to 8 threads

Optimize a model with 267384 rows, 357816 columns and 1175096 nonzeros
Model fingerprint: 0x425268a0
Coefficient statistics:
  Matrix range     [1e+00, 1e+00]
  Objective range  [6e-02, 5e+00]
  Bounds range     [0e+00, 0e+00]
  RHS range        [1e-02, 1e+03]
Presolve removed 240100 rows and 305128 columns
Presolve time: 1.00s
Presolved: 27284 rows, 52688 columns, 137003 nonzeros

Concurrent LP optimizer: dual simplex and barrier
Showing barrier log only...

Ordering time: 0.25s

Barrier statistics:
 Free vars  : 106
 AA' NZ     : 7.444e+04
 Factor NZ  : 6.931e+05 (roughly 30 MB of memory)
 Factor Ops : 7.131e+07 (less than 1 second per iteration)
 Threads    : 3

                  Objective                Residual
Iter       Primal          Dual         Primal    Dual     Compl     Time
   0  -3.29511265e+06  8.35992952e+06  2.55e+04 3.19e+00  4.91e+03     1s
   1  -2.91334186e+06  6.83295938e+06  5.62e+03 1.44e+00  1.24e+03     2s
   2  -2.13811252e+06  3.64068735e+06  7.96e+02 4.89e-02  1.99e+02     2s
   3  -4.31855601e+05  8.22113834e+05  8.10e+01 2.89e-04  2.84e+01     2s
   4  -1.41813105e+05  2.32133868e+05  2.46e+01 1.18e-04  7.86e+00     2s
   5  -7.22935214e+04  8.38141691e+04  1.22e+01 4.82e-05  3.17e+00     2s
   6  -1.54880711e+04  3.71390957e+04  2.84e+00 2.88e-05  9.56e-01     2s
   7  -6.43722910e+03  2.82028960e+04  1.59e+00 2.05e-05  6.07e-01     2s
   8   1.00966030e+03  1.33985182e+04  6.17e-01 1.00e-05  2.13e-01     2s
   9   5.34219295e+03  9.51760033e+03  1.23e-01 5.30e-06  6.89e-02     2s
  10   6.28732134e+03  8.02766438e+03  4.45e-02 2.55e-06  2.85e-02     2s
  11   6.62261883e+03  7.55142330e+03  2.29e-02 1.43e-06  1.52e-02     2s
  12   6.82331889e+03  7.27899350e+03  1.12e-02 7.22e-07  7.46e-03     2s
  13   6.99648040e+03  7.16599742e+03  1.87e-03 3.91e-07  2.71e-03     2s
  14   7.02050925e+03  7.07279147e+03  8.71e-04 1.47e-07  8.45e-04     2s
  15   7.04303418e+03  7.04602081e+03  1.78e-05 3.73e-08  4.73e-05     2s
  16   7.04457208e+03  7.04459145e+03  2.45e-08 1.73e-09  3.04e-07     2s
  17   7.04457244e+03  7.04458611e+03  7.81e-07 1.21e-09  2.14e-07     2s
  18   7.04457385e+03  7.04457387e+03  2.11e-09 8.64e-13  2.51e-10     2s

Barrier solved model in 18 iterations and 1.96 seconds (1.20 work units)
Optimal objective 7.04457385e+03

Crossover log...

   10341 DPushes remaining with DInf 0.0000000e+00                 2s
       0 DPushes remaining with DInf 0.0000000e+00                 2s

    1303 PPushes remaining with PInf 0.0000000e+00                 2s
       0 PPushes remaining with PInf 0.0000000e+00                 2s

  Push phase complete: Pinf 0.0000000e+00, Dinf 2.9698466e-14      2s


Solved with barrier
Extra simplex iterations after uncrush: 2320
Iteration    Objective       Primal Inf.    Dual Inf.      Time
   13755    7.0445739e+03   0.000000e+00   0.000000e+00      3s

Use crossover to convert LP symmetric solution to basic solution...
Crossover log...

       0 DPushes remaining with DInf 0.0000000e+00                 3s

     719 PPushes remaining with PInf 0.0000000e+00                 3s
       0 PPushes remaining with PInf 0.0000000e+00                 3s

  Push phase complete: Pinf 0.0000000e+00, Dinf 0.0000000e+00      3s

Iteration    Objective       Primal Inf.    Dual Inf.      Time
   18793    7.0446743e+03   0.000000e+00   7.784145e+04      5s
   24612    7.0447855e+03   0.000000e+00   3.281975e+04     10s
   27936    7.0448046e+03   0.000000e+00   3.847504e+03     15s
   30983    7.0448093e+03   0.000000e+00   9.560791e+02     20s
   33753    7.0448110e+03   0.000000e+00   3.247917e+02     25s
Extra simplex iterations after uncrush: 18964
   34979    7.0445739e+03   0.000000e+00   0.000000e+00     27s

Solved in 34979 iterations and 27.01 seconds (23.43 work units)
Optimal objective  7.044573858e+03
