
Gurobi 11.0.3 (mac64[x86]) logging started Mon Jan  6 10:24:51 2025

Set parameter LogFile to value "Results/result_v2_1.log"
Set parameter TimeLimit to value 36000
Gurobi Optimizer version 11.0.3 build v11.0.3rc0 (mac64[x86] - Darwin 23.4.0 23E214)

CPU model: Intel(R) Core(TM) i7-1060NG7 CPU @ 1.20GHz
Thread count: 4 physical cores, 8 logical processors, using up to 8 threads

Optimize a model with 328020 rows, 407064 columns and 1384872 nonzeros
Model fingerprint: 0x23ca5fb3
Coefficient statistics:
  Matrix range     [1e+00, 1e+00]
  Objective range  [2e-03, 2e+01]
  Bounds range     [0e+00, 0e+00]
  RHS range        [1e-02, 1e+03]
Presolve removed 309952 rows and 371452 columns
Presolve time: 3.86s
Presolved: 18068 rows, 35612 columns, 99731 nonzeros

Concurrent LP optimizer: dual simplex and barrier
Showing barrier log only...

Ordering time: 0.54s

Barrier statistics:
 Free vars  : 5
 AA' NZ     : 7.609e+04
 Factor NZ  : 6.624e+05 (roughly 20 MB of memory)
 Factor Ops : 7.742e+07 (less than 1 second per iteration)
 Threads    : 3

                  Objective                Residual
Iter       Primal          Dual         Primal    Dual     Compl     Time
   0   8.84161171e+05  1.43437563e+07  8.30e+03 4.86e+01  2.84e+04     5s
   1   2.33883392e+05  1.25944469e+07  2.39e+03 8.09e+00  8.48e+03     5s
   2   4.03364107e+04  8.08859267e+06  4.72e+02 8.52e-01  1.83e+03     5s
   3   7.19151129e+03  2.37546234e+06  6.99e+01 2.38e-02  3.04e+02     5s
   4   5.81127576e+03  8.05627268e+05  2.24e+01 3.94e-03  8.91e+01     5s

Barrier performed 4 iterations in 5.12 seconds (0.93 work units)
Barrier solve interrupted - model solved by another algorithm


Solved with dual simplex
Iteration    Objective       Primal Inf.    Dual Inf.      Time
   17802    2.5953078e+04   0.000000e+00   0.000000e+00      5s

Use crossover to convert LP symmetric solution to basic solution...
Crossover log...

     269 DPushes remaining with DInf 0.0000000e+00                 5s
       0 DPushes remaining with DInf 0.0000000e+00                 5s

     540 PPushes remaining with PInf 0.0000000e+00                 5s
       0 PPushes remaining with PInf 0.0000000e+00                 5s

  Push phase complete: Pinf 0.0000000e+00, Dinf 1.5484506e-12      5s

Iteration    Objective       Primal Inf.    Dual Inf.      Time
   38699    2.5953232e+04   0.000000e+00   1.918806e+04     10s
   44472    2.5953310e+04   0.000000e+00   2.036862e+01     15s
Extra simplex iterations after uncrush: 25963
   44500    2.5953078e+04   0.000000e+00   0.000000e+00     16s

Solved in 44500 iterations and 15.78 seconds (4.68 work units)
Optimal objective  2.595307797e+04

Gurobi 11.0.3 (mac64[x86]) logging started Mon Jan  6 10:29:11 2025

Set parameter LogFile to value "Results/result_v2_1.log"
Set parameter TimeLimit to value 36000
Gurobi Optimizer version 11.0.3 build v11.0.3rc0 (mac64[x86] - Darwin 23.4.0 23E214)

CPU model: Intel(R) Core(TM) i7-1060NG7 CPU @ 1.20GHz
Thread count: 4 physical cores, 8 logical processors, using up to 8 threads

Optimize a model with 328020 rows, 407064 columns and 1384872 nonzeros
Model fingerprint: 0x65886adb
Coefficient statistics:
  Matrix range     [1e+00, 1e+00]
  Objective range  [2e-03, 2e+01]
  Bounds range     [0e+00, 0e+00]
  RHS range        [1e-02, 1e+03]
Presolve removed 309952 rows and 371452 columns
Presolve time: 1.47s
Presolved: 18068 rows, 35612 columns, 99731 nonzeros

Concurrent LP optimizer: dual simplex and barrier
Showing barrier log only...

Ordering time: 0.37s

Barrier statistics:
 Free vars  : 5
 AA' NZ     : 7.609e+04
 Factor NZ  : 6.624e+05 (roughly 20 MB of memory)
 Factor Ops : 7.742e+07 (less than 1 second per iteration)
 Threads    : 3

                  Objective                Residual
Iter       Primal          Dual         Primal    Dual     Compl     Time
   0  -2.29936410e+06  2.05573561e+07  8.30e+03 6.73e+01  4.07e+04     2s
   1  -7.62576444e+05  1.80390084e+07  2.15e+03 1.14e+01  1.17e+04     2s
   2  -2.04134866e+05  1.12909585e+07  5.38e+02 1.20e+00  2.87e+03     2s

Barrier performed 2 iterations in 2.22 seconds (0.89 work units)
Barrier solve interrupted - model solved by another algorithm


Solved with dual simplex
Iteration    Objective       Primal Inf.    Dual Inf.      Time
   16855    2.4486850e+04   0.000000e+00   0.000000e+00      2s

Use crossover to convert LP symmetric solution to basic solution...
Crossover log...

       0 DPushes remaining with DInf 0.0000000e+00                 2s

     530 PPushes remaining with PInf 0.0000000e+00                 2s
       0 PPushes remaining with PInf 0.0000000e+00                 2s

  Push phase complete: Pinf 0.0000000e+00, Dinf 1.7889518e-12      2s

Iteration    Objective       Primal Inf.    Dual Inf.      Time
   38322    2.4487126e+04   0.000000e+00   7.933698e+04      5s
Extra simplex iterations after uncrush: 29778
   47349    2.4486850e+04   0.000000e+00   0.000000e+00      9s

Solved in 47349 iterations and 9.06 seconds (4.56 work units)
Optimal objective  2.448685017e+04

Gurobi 11.0.3 (mac64[x86]) logging started Mon Jan  6 11:07:20 2025

Set parameter LogFile to value "Results/result_v2_1.log"
Set parameter TimeLimit to value 36000
Gurobi Optimizer version 11.0.3 build v11.0.3rc0 (mac64[x86] - Darwin 23.4.0 23E214)

CPU model: Intel(R) Core(TM) i7-1060NG7 CPU @ 1.20GHz
Thread count: 4 physical cores, 8 logical processors, using up to 8 threads

Optimize a model with 267384 rows, 357816 columns and 1175096 nonzeros
Model fingerprint: 0x65ba99b9
Coefficient statistics:
  Matrix range     [1e+00, 1e+00]
  Objective range  [2e-03, 1e+00]
  Bounds range     [0e+00, 0e+00]
  RHS range        [1e-02, 1e+03]
Presolve removed 249704 rows and 323619 columns
Presolve time: 0.90s
Presolved: 17680 rows, 34197 columns, 91749 nonzeros

Concurrent LP optimizer: dual simplex and barrier
Showing barrier log only...

Ordering time: 0.04s

Barrier statistics:
 Free vars  : 84
 AA' NZ     : 5.323e+04
 Factor NZ  : 3.803e+05 (roughly 16 MB of memory)
 Factor Ops : 3.103e+07 (less than 1 second per iteration)
 Threads    : 3

                  Objective                Residual
Iter       Primal          Dual         Primal    Dual     Compl     Time
   0  -4.18789617e+05  2.10142159e+06  3.99e+03 3.87e+01  2.57e+04     1s
   1  -1.46060111e+05  1.63548710e+06  1.13e+03 1.16e+01  7.39e+03     1s
   2  -2.62657031e+04  7.29233490e+05  1.20e+02 1.07e+00  1.11e+03     1s
   3  -9.26971978e+03  2.01652163e+05  2.77e+01 9.93e-02  2.44e+02     1s
   4  -2.17232853e+03  8.79605733e+04  5.72e+00 2.84e-02  8.07e+01     1s
   5   1.73801057e+03  4.43358174e+04  1.42e+00 6.78e-03  3.42e+01     1s
   6   5.06280761e+03  2.50217012e+04  4.03e-01 3.33e-04  1.53e+01     1s
   7   7.06518856e+03  1.72659839e+04  7.03e-02 1.77e-04  7.64e+00     1s
   8   7.92137685e+03  1.20155966e+04  6.78e-03 6.75e-05  3.04e+00     1s
   9   8.16900726e+03  9.95709775e+03  1.48e-03 2.84e-05  1.33e+00     1s

Barrier performed 9 iterations in 1.24 seconds (0.81 work units)
Barrier solve interrupted - model solved by another algorithm


Solved with dual simplex
Iteration    Objective       Primal Inf.    Dual Inf.      Time
   12984    8.3585423e+03   0.000000e+00   0.000000e+00      1s

Use crossover to convert LP symmetric solution to basic solution...
Crossover log...

       0 DPushes remaining with DInf 0.0000000e+00                 1s

     576 PPushes remaining with PInf 0.0000000e+00                 1s
       0 PPushes remaining with PInf 0.0000000e+00                 1s

  Push phase complete: Pinf 0.0000000e+00, Dinf 3.6564415e-13      1s

Extra simplex iterations after uncrush: 15455
Iteration    Objective       Primal Inf.    Dual Inf.      Time
   29834    8.3585423e+03   0.000000e+00   0.000000e+00      2s

Solved in 29834 iterations and 2.47 seconds (1.66 work units)
Optimal objective  8.358542309e+03

Gurobi 11.0.3 (mac64[x86]) logging started Mon Jan  6 11:08:47 2025

Set parameter LogFile to value "Results/result_v2_1.log"
Set parameter TimeLimit to value 36000
Gurobi Optimizer version 11.0.3 build v11.0.3rc0 (mac64[x86] - Darwin 23.4.0 23E214)

CPU model: Intel(R) Core(TM) i7-1060NG7 CPU @ 1.20GHz
Thread count: 4 physical cores, 8 logical processors, using up to 8 threads

Optimize a model with 267384 rows, 357816 columns and 1175096 nonzeros
Model fingerprint: 0x7f75af0e
Coefficient statistics:
  Matrix range     [1e+00, 1e+00]
  Objective range  [2e-03, 3e+01]
  Bounds range     [0e+00, 0e+00]
  RHS range        [1e-02, 1e+03]
Presolve removed 249704 rows and 323619 columns
Presolve time: 0.95s
Presolved: 17680 rows, 34197 columns, 91749 nonzeros

Concurrent LP optimizer: dual simplex and barrier
Showing barrier log only...

Ordering time: 0.04s

Barrier statistics:
 Free vars  : 84
 AA' NZ     : 5.323e+04
 Factor NZ  : 3.803e+05 (roughly 16 MB of memory)
 Factor Ops : 3.103e+07 (less than 1 second per iteration)
 Threads    : 3

                  Objective                Residual
Iter       Primal          Dual         Primal    Dual     Compl     Time
   0  -4.22467241e+07  5.26046094e+07  3.98e+03 1.62e+00  2.08e+04     1s
   1  -1.18942007e+07  4.25757205e+07  9.68e+02 1.07e+01  5.49e+03     1s
   2  -1.87559053e+06  1.66978256e+07  1.09e+02 8.09e-01  8.13e+02     1s
   3  -5.98294927e+05  4.98894656e+06  2.30e+01 1.15e-01  1.86e+02     1s
   4  -2.50630548e+05  1.72428769e+06  5.21e+00 2.95e-02  5.54e+01     1s
   5  -1.12495246e+05  6.15449719e+05  1.16e+00 8.46e-03  1.84e+01     1s
   6  -5.78793665e+04  2.89400870e+05  4.37e-01 3.35e-03  8.55e+00     1s
   7  -1.48485842e+04  1.54200510e+05  4.10e-02 1.27e-03  4.00e+00     1s
   8   7.23390116e+02  2.67668237e+04  5.61e-03 4.64e-07  6.12e-01     1s
   9   6.63350252e+03  1.19990956e+04  5.85e-04 1.41e-07  1.25e-01     1s

Barrier performed 9 iterations in 1.31 seconds (0.81 work units)
Barrier solve interrupted - model solved by another algorithm


Solved with dual simplex
Iteration    Objective       Primal Inf.    Dual Inf.      Time
   12492    7.8804487e+03   0.000000e+00   0.000000e+00      1s

Use crossover to convert LP symmetric solution to basic solution...
Crossover log...

       0 DPushes remaining with DInf 0.0000000e+00                 1s

     515 PPushes remaining with PInf 0.0000000e+00                 1s
       0 PPushes remaining with PInf 0.0000000e+00                 1s

  Push phase complete: Pinf 0.0000000e+00, Dinf 5.9550455e-13      1s

Extra simplex iterations after uncrush: 16642
Iteration    Objective       Primal Inf.    Dual Inf.      Time
   31214    7.8804487e+03   0.000000e+00   0.000000e+00      3s

Solved in 31214 iterations and 2.82 seconds (1.73 work units)
Optimal objective  7.880448720e+03

Gurobi 11.0.3 (mac64[x86]) logging started Mon Jan  6 11:10:38 2025

Set parameter LogFile to value "Results/result_v2_1.log"
Set parameter TimeLimit to value 36000
Gurobi Optimizer version 11.0.3 build v11.0.3rc0 (mac64[x86] - Darwin 23.4.0 23E214)

CPU model: Intel(R) Core(TM) i7-1060NG7 CPU @ 1.20GHz
Thread count: 4 physical cores, 8 logical processors, using up to 8 threads

Optimize a model with 267384 rows, 357816 columns and 1175096 nonzeros
Model fingerprint: 0xd4916f2a
Coefficient statistics:
  Matrix range     [1e+00, 1e+00]
  Objective range  [2e-03, 1e+00]
  Bounds range     [0e+00, 0e+00]
  RHS range        [1e-02, 1e+03]
Presolve removed 242057 rows and 308594 columns
Presolve time: 1.05s
Presolved: 25327 rows, 49222 columns, 125945 nonzeros

Concurrent LP optimizer: dual simplex and barrier
Showing barrier log only...

Ordering time: 0.06s

Barrier statistics:
 Free vars  : 83
 AA' NZ     : 6.161e+04
 Factor NZ  : 4.884e+05 (roughly 24 MB of memory)
 Factor Ops : 3.325e+07 (less than 1 second per iteration)
 Threads    : 3

                  Objective                Residual
Iter       Primal          Dual         Primal    Dual     Compl     Time
   0  -8.79380256e+05  2.13042784e+06  1.39e+04 8.76e-01  1.18e+03     1s
   1  -7.20390879e+05  1.69268526e+06  3.09e+03 3.08e-01  2.88e+02     1s
   2  -4.71409999e+05  7.14921746e+05  4.49e+02 1.87e-02  4.81e+01     1s
   3  -9.54241189e+04  1.83234634e+05  4.52e+01 4.74e-04  7.39e+00     1s
   4  -3.01990425e+04  6.10384171e+04  1.36e+01 5.15e-05  2.18e+00     1s
   5  -1.24338622e+04  3.94531435e+04  6.49e+00 2.26e-06  1.15e+00     1s
   6  -6.97146054e+02  2.29988706e+04  2.20e+00 7.16e-07  4.88e-01     1s
   7   5.61793192e+03  1.40972356e+04  4.48e-01 2.16e-07  1.64e-01     2s
   8   7.50364834e+03  1.17414735e+04  6.47e-02 8.67e-07  7.87e-02     2s
   9   7.94581716e+03  9.97241049e+03  1.98e-02 2.23e-06  3.75e-02     2s
  10   8.12749852e+03  9.11662190e+03  8.84e-03 3.25e-06  1.83e-02     2s
  11   8.25384615e+03  8.66753988e+03  2.84e-03 2.07e-06  7.64e-03     2s
  12   8.30137995e+03  8.48962239e+03  1.41e-03 2.00e-06  3.49e-03     2s
  13   8.32271519e+03  8.40086209e+03  8.51e-04 1.92e-06  1.46e-03     2s
  14   8.35101290e+03  8.37334606e+03  1.24e-04 1.37e-06  4.14e-04     2s
  15   8.35359825e+03  8.36987007e+03  7.23e-05 1.12e-06  3.01e-04     2s
  16   8.35684985e+03  8.36210251e+03  2.31e-05 4.64e-07  9.72e-05     2s
  17   8.35730075e+03  8.36090761e+03  1.49e-05 3.33e-07  6.67e-05     2s
  18   8.35807725e+03  8.35919802e+03  5.20e-06 1.20e-07  2.08e-05     2s
  19   8.35853022e+03  8.35859460e+03  1.44e-08 2.62e-08  1.18e-06     2s
  20   8.35854216e+03  8.35854251e+03  3.64e-11 9.83e-10  6.54e-09     2s
  21   8.35854231e+03  8.35854231e+03  5.51e-11 1.59e-11  1.19e-11     2s

Barrier solved model in 21 iterations and 1.88 seconds (1.11 work units)
Optimal objective 8.35854231e+03

Crossover log...

   10139 DPushes remaining with DInf 0.0000000e+00                 2s
       0 DPushes remaining with DInf 0.0000000e+00                 2s

     385 PPushes remaining with PInf 0.0000000e+00                 2s
       0 PPushes remaining with PInf 0.0000000e+00                 2s

  Push phase complete: Pinf 0.0000000e+00, Dinf 2.6641016e-14      2s


Solved with barrier
Extra simplex iterations after uncrush: 359
Iteration    Objective       Primal Inf.    Dual Inf.      Time
   10526    8.3585423e+03   0.000000e+00   0.000000e+00      2s

Use crossover to convert LP symmetric solution to basic solution...
Crossover log...

       0 DPushes remaining with DInf 0.0000000e+00                 2s

     512 PPushes remaining with PInf 0.0000000e+00                 2s
       0 PPushes remaining with PInf 0.0000000e+00                 2s

  Push phase complete: Pinf 0.0000000e+00, Dinf 4.9080531e-14      2s

Extra simplex iterations after uncrush: 21829
Iteration    Objective       Primal Inf.    Dual Inf.      Time
   33599    8.3585423e+03   0.000000e+00   0.000000e+00      4s

Solved in 33599 iterations and 3.88 seconds (2.41 work units)
Optimal objective  8.358542309e+03

Gurobi 11.0.3 (mac64[x86]) logging started Mon Jan  6 11:55:04 2025

Set parameter LogFile to value "Results/result_v2_1.log"
Set parameter TimeLimit to value 36000
Gurobi Optimizer version 11.0.3 build v11.0.3rc0 (mac64[x86] - Darwin 23.4.0 23E214)

CPU model: Intel(R) Core(TM) i7-1060NG7 CPU @ 1.20GHz
Thread count: 4 physical cores, 8 logical processors, using up to 8 threads

Optimize a model with 267384 rows, 357816 columns and 1175096 nonzeros
Model fingerprint: 0xb7d11ab6
Coefficient statistics:
  Matrix range     [1e+00, 1e+00]
  Objective range  [2e-03, 1e+00]
  Bounds range     [0e+00, 0e+00]
  RHS range        [1e-02, 1e+03]
Presolve removed 242057 rows and 308594 columns
Presolve time: 1.09s
Presolved: 25327 rows, 49222 columns, 125945 nonzeros

Concurrent LP optimizer: dual simplex and barrier
Showing barrier log only...

Ordering time: 0.04s

Barrier statistics:
 Free vars  : 83
 AA' NZ     : 6.161e+04
 Factor NZ  : 4.884e+05 (roughly 24 MB of memory)
 Factor Ops : 3.325e+07 (less than 1 second per iteration)
 Threads    : 3

                  Objective                Residual
Iter       Primal          Dual         Primal    Dual     Compl     Time
   0  -8.79377659e+05  2.13039685e+06  1.39e+04 8.76e-01  1.18e+03     1s
   1  -7.20693640e+05  1.77112098e+06  3.12e+03 3.64e-01  2.90e+02     1s
   2  -4.73004516e+05  7.40983739e+05  4.64e+02 2.12e-02  4.95e+01     1s
   3  -9.98237096e+04  1.97816325e+05  4.65e+01 5.93e-04  7.82e+00     1s
   4  -3.09285483e+04  7.06886135e+04  1.38e+01 5.21e-06  2.38e+00     1s
   5  -8.96981726e+03  4.03857734e+04  4.91e+00 2.15e-06  1.05e+00     1s
   6   1.14413456e+03  2.23626614e+04  1.58e+00 6.32e-07  4.24e-01     1s
   7   4.85429558e+03  1.47038390e+04  5.70e-01 1.99e-07  1.91e-01     2s
   8   7.36494257e+03  1.14371442e+04  9.95e-02 8.28e-07  7.63e-02     2s
   9   8.00926012e+03  9.92170595e+03  2.10e-02 2.76e-06  3.54e-02     2s
  10   8.17747279e+03  9.10324038e+03  8.16e-03 2.82e-06  1.71e-02     2s
  11   8.26840010e+03  8.62060839e+03  3.16e-03 4.58e-06  6.52e-03     2s
  12   8.31312934e+03  8.46470143e+03  1.40e-03 3.73e-06  2.81e-03     2s
  13   8.33315739e+03  8.41053807e+03  7.32e-04 2.74e-06  1.44e-03     2s
  14   8.35085529e+03  8.36830670e+03  1.70e-04 1.45e-06  3.26e-04     2s
  15   8.35588026e+03  8.36050280e+03  5.21e-05 6.02e-07  8.67e-05     2s
  16   8.35752260e+03  8.35960180e+03  1.74e-05 3.98e-07  3.87e-05     2s
  17   8.35829168e+03  8.35890430e+03  3.45e-06 1.73e-07  1.14e-05     2s
  18   8.35852682e+03  8.35860214e+03  1.33e-07 3.81e-08  1.38e-06     2s
  19   8.35854220e+03  8.35854260e+03  1.01e-10 1.08e-09  7.26e-09     2s
  20   8.35854231e+03  8.35854231e+03  8.10e-12 1.09e-11  1.14e-11     2s

Barrier solved model in 20 iterations and 1.85 seconds (1.09 work units)
Optimal objective 8.35854231e+03

Crossover log...

   10139 DPushes remaining with DInf 0.0000000e+00                 2s
       0 DPushes remaining with DInf 0.0000000e+00                 2s

     380 PPushes remaining with PInf 0.0000000e+00                 2s
       0 PPushes remaining with PInf 0.0000000e+00                 2s

  Push phase complete: Pinf 0.0000000e+00, Dinf 2.7062554e-14      2s


Solved with barrier
Extra simplex iterations after uncrush: 363
Iteration    Objective       Primal Inf.    Dual Inf.      Time
   10516    8.3585423e+03   0.000000e+00   0.000000e+00      2s

Use crossover to convert LP symmetric solution to basic solution...
Crossover log...

       0 DPushes remaining with DInf 0.0000000e+00                 2s

     510 PPushes remaining with PInf 0.0000000e+00                 2s
       0 PPushes remaining with PInf 0.0000000e+00                 2s

  Push phase complete: Pinf 0.0000000e+00, Dinf 4.9576662e-14      2s

Extra simplex iterations after uncrush: 22761
Iteration    Objective       Primal Inf.    Dual Inf.      Time
   34519    8.3585423e+03   0.000000e+00   0.000000e+00      4s

Solved in 34519 iterations and 4.10 seconds (2.65 work units)
Optimal objective  8.358542309e+03

Gurobi 11.0.3 (mac64[x86]) logging started Tue Jan  7 09:34:24 2025

Set parameter LogFile to value "Results/result_v2_1.log"
Set parameter TimeLimit to value 36000
Gurobi Optimizer version 11.0.3 build v11.0.3rc0 (mac64[x86] - Darwin 23.4.0 23E214)

CPU model: Intel(R) Core(TM) i7-1060NG7 CPU @ 1.20GHz
Thread count: 4 physical cores, 8 logical processors, using up to 8 threads

Optimize a model with 267384 rows, 357816 columns and 1175096 nonzeros
Model fingerprint: 0xc51a740f
Coefficient statistics:
  Matrix range     [1e+00, 1e+00]
  Objective range  [2e-03, 1e+00]
  Bounds range     [0e+00, 0e+00]
  RHS range        [1e-02, 1e+03]
Presolve removed 242057 rows and 308594 columns
Presolve time: 0.87s
Presolved: 25327 rows, 49222 columns, 125945 nonzeros

Concurrent LP optimizer: dual simplex and barrier
Showing barrier log only...

Ordering time: 0.04s

Barrier statistics:
 Free vars  : 83
 AA' NZ     : 6.161e+04
 Factor NZ  : 4.884e+05 (roughly 24 MB of memory)
 Factor Ops : 3.325e+07 (less than 1 second per iteration)
 Threads    : 3

                  Objective                Residual
Iter       Primal          Dual         Primal    Dual     Compl     Time
   0  -8.79379518e+05  2.13039890e+06  1.39e+04 8.76e-01  1.18e+03     1s
   1  -7.20671129e+05  1.69195012e+06  3.12e+03 3.07e-01  2.89e+02     1s
   2  -4.70418415e+05  7.17098109e+05  4.53e+02 1.78e-02  4.83e+01     1s
   3  -9.77802296e+04  1.82526186e+05  4.93e+01 5.34e-04  7.60e+00     1s
   4  -2.92433893e+04  6.07300275e+04  1.41e+01 3.05e-06  2.17e+00     1s
   5  -1.06882538e+04  3.81810491e+04  6.22e+00 1.29e-06  1.09e+00     1s
   6  -3.79279568e+02  2.24239307e+04  2.34e+00 3.68e-07  4.74e-01     1s
   7   5.57351510e+03  1.41886411e+04  5.16e-01 1.63e-07  1.68e-01     1s
   8   7.47107381e+03  1.16810591e+04  7.62e-02 9.15e-07  7.84e-02     1s
   9   7.95563261e+03  1.01612938e+04  2.20e-02 2.00e-06  4.08e-02     1s
  10   8.09635439e+03  9.38118994e+03  1.14e-02 1.32e-06  2.37e-02     1s
  11   8.21172601e+03  8.79376865e+03  5.09e-03 5.09e-07  1.08e-02     1s
  12   8.28475371e+03  8.50962154e+03  2.01e-03 5.86e-07  4.17e-03     1s
  13   8.32262041e+03  8.41652599e+03  8.96e-04 6.02e-07  1.75e-03     1s
  14   8.34879901e+03  8.38297241e+03  1.55e-04 3.95e-07  6.31e-04     1s
  15   8.35372046e+03  8.36387245e+03  6.86e-05 2.11e-07  1.89e-04     1s
  16   8.35641382e+03  8.36068693e+03  2.95e-05 1.91e-07  7.97e-05     1s
  17   8.35767819e+03  8.35997396e+03  9.62e-06 1.54e-07  4.25e-05     1s
  18   8.35848275e+03  8.35914864e+03  3.37e-07 8.21e-08  1.22e-05     1s
  19   8.35853855e+03  8.35854720e+03  8.04e-09 4.51e-09  1.59e-07     1s
  20   8.35854230e+03  8.35854231e+03  2.87e-12 3.51e-10  1.82e-10     2s

Barrier solved model in 20 iterations and 1.50 seconds (1.09 work units)
Optimal objective 8.35854230e+03

Crossover log...

   10139 DPushes remaining with DInf 0.0000000e+00                 2s
       0 DPushes remaining with DInf 0.0000000e+00                 2s

     437 PPushes remaining with PInf 0.0000000e+00                 2s
       0 PPushes remaining with PInf 0.0000000e+00                 2s

  Push phase complete: Pinf 0.0000000e+00, Dinf 2.5732021e-14      2s


Solved with barrier
Extra simplex iterations after uncrush: 355
Iteration    Objective       Primal Inf.    Dual Inf.      Time
   10568    8.3585423e+03   0.000000e+00   0.000000e+00      2s

Use crossover to convert LP symmetric solution to basic solution...
Crossover log...

       0 DPushes remaining with DInf 0.0000000e+00                 2s

     499 PPushes remaining with PInf 0.0000000e+00                 2s
       0 PPushes remaining with PInf 0.0000000e+00                 2s

  Push phase complete: Pinf 0.0000000e+00, Dinf 4.8617360e-14      2s

Extra simplex iterations after uncrush: 21586
Iteration    Objective       Primal Inf.    Dual Inf.      Time
   33385    8.3585423e+03   0.000000e+00   0.000000e+00      3s

Solved in 33385 iterations and 3.18 seconds (2.39 work units)
Optimal objective  8.358542309e+03
