
Gurobi 11.0.3 (mac64[x86]) logging started Tue Jan 21 16:58:44 2025

Set parameter LogFile to value "Results/result_B40.98.log"
Set parameter TimeLimit to value 36000
Gurobi Optimizer version 11.0.3 build v11.0.3rc0 (mac64[x86] - Darwin 23.4.0 23E214)

CPU model: Intel(R) Core(TM) i7-1060NG7 CPU @ 1.20GHz
Thread count: 4 physical cores, 8 logical processors, using up to 8 threads

Optimize a model with 267384 rows, 357816 columns and 1175096 nonzeros
Model fingerprint: 0x5920a386
Coefficient statistics:
  Matrix range     [1e+00, 1e+00]
  Objective range  [2e-01, 5e+00]
  Bounds range     [0e+00, 0e+00]
  RHS range        [1e-02, 1e+03]
Presolve removed 241133 rows and 307406 columns
Presolve time: 1.13s
Presolved: 26251 rows, 50410 columns, 129802 nonzeros

Concurrent LP optimizer: dual simplex and barrier
Showing barrier log only...

Ordering time: 0.44s

Barrier statistics:
 Free vars  : 1013
 AA' NZ     : 8.641e+04
 Factor NZ  : 7.745e+05 (roughly 40 MB of memory)
 Factor Ops : 7.419e+07 (less than 1 second per iteration)
 Threads    : 3

                  Objective                Residual
Iter       Primal          Dual         Primal    Dual     Compl     Time
   0  -5.43803404e+06  1.07128115e+07  1.55e+04 2.72e+00  5.91e+03     2s
   1  -5.75429032e+06  9.04254463e+06  3.24e+03 1.73e+00  1.43e+03     2s
   2  -3.52867559e+06  4.98433376e+06  4.69e+02 1.50e-01  2.49e+02     2s
   3  -1.07730201e+06  1.04540433e+06  4.53e+01 1.24e-03  3.84e+01     2s
   4  -3.82098828e+05  3.39408617e+05  1.39e+01 2.50e-04  1.22e+01     2s
   5  -7.37309657e+04  1.33964451e+05  2.40e+00 9.28e-05  3.05e+00     2s
   6  -2.20164301e+04  4.68618337e+04  6.79e-01 3.22e-05  9.67e-01     2s
   7  -5.42788742e+03  2.98331962e+04  2.26e-01 2.20e-05  4.77e-01     2s
   8   2.11711338e+03  1.34742214e+04  5.68e-02 8.78e-06  1.52e-01     2s
   9   4.41042645e+03  9.79290488e+03  2.61e-02 4.92e-06  7.21e-02     2s
  10   4.95385503e+03  9.13958378e+03  1.98e-02 4.14e-06  5.60e-02     2s
  11   5.37506301e+03  8.97933442e+03  1.54e-02 3.92e-06  4.79e-02     2s
  12   5.73381167e+03  8.36488631e+03  1.18e-02 2.99e-06  3.51e-02     2s
  13   6.22934739e+03  8.26583228e+03  7.04e-03 2.83e-06  2.68e-02     2s
  14   6.69823469e+03  7.48824419e+03  2.37e-03 1.34e-06  1.03e-02     2s
  15   6.83977893e+03  7.31327655e+03  1.14e-03 3.06e-06  6.15e-03     2s
  16   6.94859539e+03  7.21511480e+03  2.77e-04 2.79e-06  3.40e-03     2s
  17   6.99308776e+03  7.04118312e+03  2.27e-05 9.76e-07  6.08e-04     2s
  18   6.99838674e+03  7.02187888e+03  6.53e-06 5.25e-07  2.96e-04     2s
  19   7.00077645e+03  7.00155979e+03  2.93e-07 7.31e-08  9.92e-06     2s
  20   7.00100305e+03  7.00100853e+03  5.70e-09 4.23e-09  7.06e-08     3s
  21   7.00100790e+03  7.00100790e+03  2.54e-09 8.66e-11  2.75e-11     3s

Barrier solved model in 21 iterations and 2.61 seconds (1.23 work units)
Optimal objective 7.00100790e+03

Crossover log...

    6899 DPushes remaining with DInf 0.0000000e+00                 3s
       0 DPushes remaining with DInf 0.0000000e+00                 3s

     835 PPushes remaining with PInf 0.0000000e+00                 3s

Solved with dual simplex
Iteration    Objective       Primal Inf.    Dual Inf.      Time
   34278    7.0011526e+03   0.000000e+00   1.866119e+04      5s
   41127    7.0012318e+03   0.000000e+00   1.630812e+03     10s
   46587    7.0012441e+03   0.000000e+00   1.004638e+03     15s
   50188    7.0012478e+03   0.000000e+00   1.529378e+03     20s
   53789    7.0012503e+03   0.000000e+00   3.610000e+02     25s
   57390    7.0012522e+03   0.000000e+00   1.921172e+02     30s
   60160    7.0012531e+03   0.000000e+00   3.387500e+01     35s
Extra simplex iterations after uncrush: 33683
   62045    7.0010079e+03   0.000000e+00   0.000000e+00     38s

Solved in 62045 iterations and 37.61 seconds (27.86 work units)
Optimal objective  7.001007903e+03
