
Gurobi 11.0.3 (mac64[x86]) logging started Thu Jan 23 12:59:52 2025

Set parameter LogFile to value "Results/result_B40.log"
Set parameter TimeLimit to value 36000
Gurobi Optimizer version 11.0.3 build v11.0.3rc0 (mac64[x86] - Darwin 23.4.0 23E214)

CPU model: Intel(R) Core(TM) i7-1060NG7 CPU @ 1.20GHz
Thread count: 4 physical cores, 8 logical processors, using up to 8 threads

Optimize a model with 267384 rows, 357816 columns and 1175096 nonzeros
Model fingerprint: 0x80a2412c
Coefficient statistics:
  Matrix range     [1e+00, 1e+00]
  Objective range  [2e-01, 5e+00]
  Bounds range     [0e+00, 0e+00]
  RHS range        [1e-02, 1e+02]
Presolve removed 259198 rows and 343759 columns
Presolve time: 4.41s
Presolved: 8186 rows, 14057 columns, 36142 nonzeros

Concurrent LP optimizer: dual simplex and barrier
Showing barrier log only...

Ordering time: 0.00s

Barrier statistics:
 Free vars  : 74
 AA' NZ     : 8.876e+03
 Factor NZ  : 4.997e+04 (roughly 4 MB of memory)
 Factor Ops : 8.556e+05 (less than 1 second per iteration)
 Threads    : 1

Barrier performed 0 iterations in 4.49 seconds (0.57 work units)
Barrier solve interrupted - model solved by another algorithm


Solved with dual simplex
Extra simplex iterations after uncrush: 16
Iteration    Objective       Primal Inf.    Dual Inf.      Time
    1349   -0.0000000e+00   0.000000e+00   0.000000e+00      5s

Use crossover to convert LP symmetric solution to basic solution...
Crossover log...

       0 DPushes remaining with DInf 0.0000000e+00                 5s

     516 PPushes remaining with PInf 0.0000000e+00                 5s
       0 PPushes remaining with PInf 0.0000000e+00                 5s

  Push phase complete: Pinf 0.0000000e+00, Dinf 0.0000000e+00      5s

Extra simplex iterations after uncrush: 761
Iteration    Objective       Primal Inf.    Dual Inf.      Time
    3106   -0.0000000e+00   0.000000e+00   0.000000e+00      5s

Solved in 3106 iterations and 5.10 seconds (0.96 work units)
Optimal objective -0.000000000e+00
