
Gurobi 11.0.3 (mac64[x86]) logging started Tue Jan 21 15:04:14 2025

Set parameter LogFile to value "Results/result_B0.30000000000000004.log"
Set parameter TimeLimit to value 36000
Gurobi Optimizer version 11.0.3 build v11.0.3rc0 (mac64[x86] - Darwin 23.4.0 23E214)

CPU model: Intel(R) Core(TM) i7-1060NG7 CPU @ 1.20GHz
Thread count: 4 physical cores, 8 logical processors, using up to 8 threads

Optimize a model with 267384 rows, 357816 columns and 1175096 nonzeros
Model fingerprint: 0x15ce8014
Coefficient statistics:
  Matrix range     [1e+00, 1e+00]
  Objective range  [2e-01, 5e+00]
  Bounds range     [0e+00, 0e+00]
  RHS range        [1e-02, 3e+02]
Presolve removed 241003 rows and 307356 columns
Presolve time: 1.04s
Presolved: 26381 rows, 50460 columns, 130410 nonzeros

Concurrent LP optimizer: dual simplex and barrier
Showing barrier log only...

Ordering time: 0.37s

Barrier statistics:
 Free vars  : 1013
 AA' NZ     : 8.774e+04
 Factor NZ  : 7.955e+05 (roughly 40 MB of memory)
 Factor Ops : 8.099e+07 (less than 1 second per iteration)
 Threads    : 3

                  Objective                Residual
Iter       Primal          Dual         Primal    Dual     Compl     Time
   0  -1.93592692e+06  8.08503414e+06  5.43e+03 2.72e+00  2.13e+03     2s
   1  -2.01800410e+06  5.86110509e+06  1.32e+03 1.87e+00  5.78e+02     2s
   2  -1.30690888e+06  2.10489060e+06  1.71e+02 2.50e-01  9.72e+01     2s
   3  -4.18039094e+05  3.30705994e+05  1.23e+01 1.39e-03  1.18e+01     2s
   4  -1.44078429e+05  9.14408742e+04  2.71e+00 2.10e-04  3.50e+00     2s
   5  -3.15675085e+04  3.25597802e+04  4.81e-01 6.51e-05  8.94e-01     2s
   6  -5.16988983e+03  1.08297004e+04  7.55e-02 1.95e-05  2.13e-01     2s
   7  -1.68961975e+03  6.74206739e+03  3.81e-02 1.11e-05  1.12e-01     2s
   8   8.68574495e+02  4.72403454e+03  1.26e-02 6.77e-06  5.05e-02     2s
   9   1.95501704e+03  3.71037043e+03  4.12e-03 4.00e-06  2.27e-02     2s
  10   2.41957462e+03  3.13188171e+03  1.22e-03 1.95e-06  9.15e-03     2s
  11   2.55758039e+03  2.93424900e+03  5.20e-04 1.86e-06  4.83e-03     2s
  12   2.60492498e+03  2.76690217e+03  3.09e-04 2.45e-06  2.10e-03     2s
  13   2.67640710e+03  2.73012568e+03  2.15e-05 2.15e-06  6.77e-04     2s
  14   2.68397111e+03  2.68947762e+03  4.68e-07 4.51e-07  6.91e-05     2s
  15   2.68511986e+03  2.68518017e+03  1.66e-08 3.72e-08  7.61e-07     2s
  16   2.68517085e+03  2.68517090e+03  1.48e-11 1.37e-09  6.85e-10     2s
  17   2.68517090e+03  2.68517090e+03  1.77e-11 1.26e-12  5.57e-15     2s

Barrier solved model in 17 iterations and 2.28 seconds (1.14 work units)
Optimal objective 2.68517090e+03

Crossover log...

    7211 DPushes remaining with DInf 0.0000000e+00                 2s
       0 DPushes remaining with DInf 0.0000000e+00                 2s

     757 PPushes remaining with PInf 0.0000000e+00                 2s
       0 PPushes remaining with PInf 0.0000000e+00                 3s

  Push phase complete: Pinf 0.0000000e+00, Dinf 4.0634163e-14      3s


Solved with barrier
Iteration    Objective       Primal Inf.    Dual Inf.      Time
   11728    2.6853071e+03   0.000000e+00   4.221439e+04      5s
   16830    2.6853870e+03   0.000000e+00   7.662448e+03     10s
   19600    2.6854104e+03   0.000000e+00   1.243972e+04     15s
   22688    2.6854203e+03   0.000000e+00   4.954939e+03     20s
   25458    2.6854259e+03   0.000000e+00   5.524361e+03     26s
   27120    2.6854285e+03   0.000000e+00   1.871229e+04     30s
   29336    2.6854310e+03   0.000000e+00   1.703217e+03     36s
   31275    2.6854326e+03   0.000000e+00   2.207562e+02     41s
   33214    2.6854337e+03   0.000000e+00   2.782969e+02     45s
   35430    2.6854345e+03   0.000000e+00   1.051344e+02     50s
Extra simplex iterations after uncrush: 29271
   37211    2.6851709e+03   0.000000e+00   0.000000e+00     55s

Solved in 37211 iterations and 54.71 seconds (28.55 work units)
Optimal objective  2.685170895e+03
