
Gurobi 11.0.3 (mac64[x86]) logging started Mon Jan 20 12:25:06 2025

Set parameter LogFile to value "Results/result_A5.log"
Set parameter TimeLimit to value 36000
Gurobi Optimizer version 11.0.3 build v11.0.3rc0 (mac64[x86] - Darwin 23.4.0 23E214)

CPU model: Intel(R) Core(TM) i7-1060NG7 CPU @ 1.20GHz
Thread count: 4 physical cores, 8 logical processors, using up to 8 threads

Optimize a model with 267384 rows, 357816 columns and 1175096 nonzeros
Model fingerprint: 0x56652b04
Coefficient statistics:
  Matrix range     [1e+00, 1e+00]
  Objective range  [6e-03, 2e+00]
  Bounds range     [0e+00, 0e+00]
  RHS range        [1e-02, 1e+03]
Presolve removed 241281 rows and 310454 columns
Presolve time: 1.00s
Presolved: 26103 rows, 47362 columns, 126338 nonzeros

Concurrent LP optimizer: dual simplex and barrier
Showing barrier log only...

Ordering time: 0.30s

Barrier statistics:
 Free vars  : 1013
 AA' NZ     : 8.575e+04
 Factor NZ  : 7.869e+05 (roughly 36 MB of memory)
 Factor Ops : 8.201e+07 (less than 1 second per iteration)
 Threads    : 3

                  Objective                Residual
Iter       Primal          Dual         Primal    Dual     Compl     Time
   0   2.09118498e+06  3.43466372e+06  1.51e+04 1.26e+00  1.82e+03     1s
   1   3.59508396e+04  3.06931898e+06  3.03e+03 7.83e-01  4.80e+02     1s
   2  -3.99402154e+05  1.56080260e+06  4.58e+02 5.75e-02  7.39e+01     1s
   3  -1.80871532e+05  3.67212631e+05  4.80e+01 3.07e-03  1.17e+01     2s
   4  -5.94175009e+04  1.37827120e+05  1.60e+01 4.91e-04  3.92e+00     2s
   5   1.25411020e+04  7.13220383e+04  2.57e+00 7.90e-05  9.51e-01     2s
   6   2.88496818e+04  4.45457816e+04  3.17e-01 2.19e-05  2.25e-01     2s
   7   3.07608566e+04  3.76491728e+04  1.16e-01 1.44e-05  9.69e-02     2s
   8   3.15473421e+04  3.48616950e+04  5.41e-02 1.51e-05  4.67e-02     2s
   9   3.21627270e+04  3.34724101e+04  1.66e-02 2.67e-05  1.83e-02     2s
  10   3.23997084e+04  3.29646859e+04  6.48e-03 2.17e-05  7.86e-03     2s
  11   3.24658085e+04  3.28242219e+04  4.05e-03 1.50e-05  4.99e-03     2s
  12   3.25020711e+04  3.27301458e+04  2.89e-03 9.58e-06  3.20e-03     2s
  13   3.25392779e+04  3.26500111e+04  1.70e-03 8.13e-06  1.58e-03     2s
  14   3.25925243e+04  3.26187707e+04  1.06e-04 6.13e-06  3.52e-04     2s
  15   3.25973577e+04  3.25988567e+04  2.36e-06 4.89e-07  1.98e-05     2s
  16   3.25977397e+04  3.25977923e+04  1.70e-07 4.70e-08  7.04e-07     2s
  17   3.25977708e+04  3.25977710e+04  8.57e-10 3.08e-09  3.49e-09     2s

Barrier solved model in 17 iterations and 1.93 seconds (1.13 work units)
Optimal objective 3.25977708e+04

Crossover log...

    5937 DPushes remaining with DInf 0.0000000e+00                 2s

Solved with dual simplex
Extra simplex iterations after uncrush: 12230
Iteration    Objective       Primal Inf.    Dual Inf.      Time
   37891    3.2597771e+04   0.000000e+00   0.000000e+00      3s

Solved in 37891 iterations and 3.19 seconds (2.17 work units)
Optimal objective  3.259777099e+04
