
Gurobi 11.0.3 (mac64[x86]) logging started Wed Jan 22 11:19:41 2025

Set parameter LogFile to value "Results/result_B40.35000000000000003.log"
Set parameter TimeLimit to value 36000
Gurobi Optimizer version 11.0.3 build v11.0.3rc0 (mac64[x86] - Darwin 23.4.0 23E214)

CPU model: Intel(R) Core(TM) i7-1060NG7 CPU @ 1.20GHz
Thread count: 4 physical cores, 8 logical processors, using up to 8 threads

Optimize a model with 267384 rows, 357816 columns and 1175096 nonzeros
Model fingerprint: 0x25240411
Coefficient statistics:
  Matrix range     [1e+00, 1e+00]
  Objective range  [2e-01, 5e+00]
  Bounds range     [0e+00, 0e+00]
  RHS range        [1e-02, 4e+02]
Presolve removed 241024 rows and 307380 columns
Presolve time: 1.04s
Presolved: 26360 rows, 50436 columns, 130257 nonzeros

Concurrent LP optimizer: dual simplex and barrier
Showing barrier log only...

Ordering time: 0.34s

Barrier statistics:
 Free vars  : 1013
 AA' NZ     : 8.745e+04
 Factor NZ  : 8.049e+05 (roughly 40 MB of memory)
 Factor Ops : 8.661e+07 (less than 1 second per iteration)
 Threads    : 3

                  Objective                Residual
Iter       Primal          Dual         Primal    Dual     Compl     Time
   0  -2.19019844e+06  8.26047190e+06  6.16e+03 2.72e+00  2.40e+03     1s
   1  -2.28339573e+06  6.16912423e+06  1.44e+03 1.85e+00  6.37e+02     2s
   2  -1.47785564e+06  2.30126888e+06  2.19e+02 2.37e-01  1.12e+02     2s
   3  -4.63194803e+05  3.90211605e+05  1.54e+01 1.51e-03  1.38e+01     2s
   4  -1.71657398e+05  1.16572556e+05  3.85e+00 2.52e-04  4.40e+00     2s
   5  -3.48790378e+04  4.55059962e+04  6.13e-01 8.69e-05  1.13e+00     2s
   6  -6.34137422e+03  1.39227731e+04  1.04e-01 2.18e-05  2.71e-01     2s
   7  -2.94794894e+03  8.93820685e+03  6.12e-02 1.36e-05  1.59e-01     2s
   8   8.01583165e+02  5.17377173e+03  1.85e-02 1.10e-05  5.79e-02     2s
   9   2.39903294e+03  3.78707046e+03  3.94e-03 4.17e-06  1.81e-02     2s
  10   2.75047420e+03  3.55964940e+03  1.60e-03 3.03e-06  1.04e-02     2s
  11   2.93050288e+03  3.20232158e+03  5.81e-04 2.75e-06  3.52e-03     2s
  12   3.01826143e+03  3.15435397e+03  1.53e-04 2.61e-06  1.74e-03     2s
  13   3.05345684e+03  3.08510049e+03  5.02e-06 1.44e-06  3.97e-04     2s
  14   3.05717227e+03  3.05914016e+03  2.45e-07 1.88e-07  2.48e-05     2s
  15   3.05752616e+03  3.05755252e+03  9.91e-09 3.92e-08  3.39e-07     2s
  16   3.05754501e+03  3.05754501e+03  1.18e-11 1.61e-09  1.08e-10     2s

Barrier solved model in 16 iterations and 2.04 seconds (1.13 work units)
Optimal objective 3.05754501e+03

Crossover log...

    7008 DPushes remaining with DInf 0.0000000e+00                 2s
       0 DPushes remaining with DInf 0.0000000e+00                 2s

     831 PPushes remaining with PInf 0.0000000e+00                 2s
       0 PPushes remaining with PInf 0.0000000e+00                 2s

  Push phase complete: Pinf 0.0000000e+00, Dinf 0.0000000e+00      2s


Solved with barrier
Iteration    Objective       Primal Inf.    Dual Inf.      Time
   11915    3.0577066e+03   0.000000e+00   2.257791e+04      5s
   17335    3.0577802e+03   0.000000e+00   1.010833e+04     10s
   20394    3.0577929e+03   0.000000e+00   2.826964e+03     15s
   22333    3.0577975e+03   0.000000e+00   2.638162e+03     20s
   24549    3.0578013e+03   0.000000e+00   9.866969e+03     26s
   26488    3.0578030e+03   0.000000e+00   1.058465e+03     31s
   28427    3.0578043e+03   0.000000e+00   2.023375e+02     35s
   30643    3.0578052e+03   0.000000e+00   1.045125e+02     40s
Extra simplex iterations after uncrush: 24920
   32728    3.0575450e+03   0.000000e+00   0.000000e+00     45s

Solved in 32728 iterations and 44.89 seconds (26.89 work units)
Optimal objective  3.057545012e+03
