
Gurobi 11.0.3 (mac64[x86]) logging started Tue Jan 21 16:09:40 2025

Set parameter LogFile to value "Results/result_B30.5.log"
Set parameter TimeLimit to value 36000
Gurobi Optimizer version 11.0.3 build v11.0.3rc0 (mac64[x86] - Darwin 23.4.0 23E214)

CPU model: Intel(R) Core(TM) i7-1060NG7 CPU @ 1.20GHz
Thread count: 4 physical cores, 8 logical processors, using up to 8 threads

Optimize a model with 328020 rows, 407064 columns and 1384872 nonzeros
Model fingerprint: 0x5dc93555
Coefficient statistics:
  Matrix range     [1e+00, 1e+00]
  Objective range  [2e-01, 2e+01]
  Bounds range     [0e+00, 0e+00]
  RHS range        [1e-02, 1e+03]
Presolve removed 299839 rows and 351376 columns
Presolve time: 1.60s
Presolved: 28181 rows, 55688 columns, 145890 nonzeros

Concurrent LP optimizer: dual simplex and barrier
Showing barrier log only...

Ordering time: 0.44s

Barrier statistics:
 Free vars  : 27
 AA' NZ     : 8.762e+04
 Factor NZ  : 8.604e+05 (roughly 33 MB of memory)
 Factor Ops : 1.082e+08 (less than 1 second per iteration)
 Threads    : 3

                  Objective                Residual
Iter       Primal          Dual         Primal    Dual     Compl     Time
   0  -2.60448234e+06  2.24204945e+07  1.99e+04 1.34e+01  1.08e+04     2s
   1  -3.35781123e+06  1.74416272e+07  5.05e+03 2.00e+00  2.48e+03     3s
   2  -2.80070182e+06  9.75200748e+06  7.53e+02 3.33e-01  4.76e+02     3s
   3  -1.22108742e+06  2.11810054e+06  1.05e+02 8.28e-03  7.29e+01     3s
   4  -4.09967592e+05  6.40688938e+05  3.18e+01 1.14e-03  2.06e+01     3s
   5  -1.62201562e+05  3.65422476e+05  1.21e+01 5.86e-04  9.21e+00     3s
   6  -5.06336911e+04  1.56698338e+05  3.80e+00 2.01e-04  3.35e+00     3s
   7  -1.83029726e+04  7.11166997e+04  1.75e+00 7.11e-05  1.42e+00     3s
   8   5.45156867e+02  5.00937872e+04  7.91e-01 4.21e-05  7.63e-01     3s
   9   7.01662276e+03  3.55285061e+04  5.00e-01 2.18e-05  4.40e-01     3s
  10   1.14866618e+04  2.96872838e+04  3.16e-01 1.35e-05  2.80e-01     3s
  11   1.64534560e+04  2.44671255e+04  1.26e-01 6.61e-06  1.22e-01     3s
  12   1.86380499e+04  2.24205699e+04  5.33e-02 5.27e-06  5.73e-02     3s
  13   1.95543355e+04  2.15437909e+04  2.52e-02 3.58e-06  3.00e-02     3s
  14   1.98783068e+04  2.12316144e+04  1.62e-02 2.77e-06  2.03e-02     3s
  15   2.01200233e+04  2.09070826e+04  9.70e-03 1.87e-06  1.19e-02     3s
  16   2.03585766e+04  2.07176621e+04  3.36e-03 1.18e-06  5.34e-03     3s
  17   2.04372589e+04  2.06110715e+04  1.54e-03 7.51e-07  2.58e-03     3s
  18   2.04912806e+04  2.05531587e+04  3.48e-04 1.10e-06  9.03e-04     4s
  19   2.05127538e+04  2.05166410e+04  1.02e-05 8.95e-07  5.57e-05     4s

Barrier performed 19 iterations in 3.62 seconds (1.44 work units)
Barrier solve interrupted - model solved by another algorithm


Solved with dual simplex
Extra simplex iterations after uncrush: 3766
Iteration    Objective       Primal Inf.    Dual Inf.      Time
   28715    2.0513973e+04   0.000000e+00   0.000000e+00      4s

Use crossover to convert LP symmetric solution to basic solution...
Crossover log...

       0 DPushes remaining with DInf 0.0000000e+00                 4s

    1321 PPushes remaining with PInf 0.0000000e+00                 4s
       0 PPushes remaining with PInf 0.0000000e+00                 4s

  Push phase complete: Pinf 0.0000000e+00, Dinf 0.0000000e+00      4s

Iteration    Objective       Primal Inf.    Dual Inf.      Time
   33988    2.0513973e+04   0.000000e+00   1.178592e+05      5s
   41355    2.0514583e+04   0.000000e+00   1.413490e+05     10s
   44837    2.0514699e+04   0.000000e+00   5.077955e+04     15s
   49290    2.0514782e+04   0.000000e+00   7.769118e+04     20s
   52822    2.0514829e+04   0.000000e+00   9.889548e+03     25s
   55862    2.0514850e+04   0.000000e+00   1.711865e+04     30s
   58598    2.0514869e+04   0.000000e+00   3.286199e+04     35s
   60726    2.0514879e+04   0.000000e+00   1.859068e+05     40s
   63462    2.0514890e+04   0.000000e+00   7.031474e+04     46s
   65894    2.0514897e+04   0.000000e+00   3.781117e+04     50s
   68630    2.0514904e+04   0.000000e+00   2.698123e+03     55s
   71974    2.0514911e+04   0.000000e+00   1.797175e+03     60s
   74710    2.0514915e+04   0.000000e+00   1.956719e+03     65s
   77446    2.0514919e+04   0.000000e+00   1.098471e+03     70s
   80182    2.0514922e+04   0.000000e+00   5.191406e+03     75s
   83830    2.0514927e+04   0.000000e+00   9.579766e+02     80s
   88026    2.0514932e+04   0.000000e+00   9.937500e+00     85s
Extra simplex iterations after uncrush: 58154
   88208    2.0513973e+04   0.000000e+00   0.000000e+00     86s

Solved in 88208 iterations and 85.97 seconds (55.35 work units)
Optimal objective  2.051397318e+04
