
Gurobi 11.0.3 (mac64[x86]) logging started Tue Jan 21 15:16:55 2025

Set parameter LogFile to value "Results/result_B0.9500000000000001.log"
Set parameter TimeLimit to value 36000
Gurobi Optimizer version 11.0.3 build v11.0.3rc0 (mac64[x86] - Darwin 23.4.0 23E214)

CPU model: Intel(R) Core(TM) i7-1060NG7 CPU @ 1.20GHz
Thread count: 4 physical cores, 8 logical processors, using up to 8 threads

Optimize a model with 267384 rows, 357816 columns and 1175096 nonzeros
Model fingerprint: 0xc16aebf3
Coefficient statistics:
  Matrix range     [1e+00, 1e+00]
  Objective range  [2e-01, 5e+00]
  Bounds range     [0e+00, 0e+00]
  RHS range        [1e-02, 1e+03]
Presolve removed 241133 rows and 307406 columns
Presolve time: 1.00s
Presolved: 26251 rows, 50410 columns, 129802 nonzeros

Concurrent LP optimizer: dual simplex and barrier
Showing barrier log only...

Ordering time: 0.39s

Barrier statistics:
 Free vars  : 1013
 AA' NZ     : 8.641e+04
 Factor NZ  : 7.745e+05 (roughly 40 MB of memory)
 Factor Ops : 7.419e+07 (less than 1 second per iteration)
 Threads    : 3

                  Objective                Residual
Iter       Primal          Dual         Primal    Dual     Compl     Time
   0  -5.27676734e+06  1.06125712e+07  1.51e+04 2.72e+00  5.74e+03     1s
   1  -5.58333563e+06  8.93694199e+06  3.15e+03 1.74e+00  1.39e+03     2s
   2  -3.42524255e+06  4.87461239e+06  4.50e+02 1.56e-01  2.40e+02     2s
   3  -1.03526132e+06  1.00687461e+06  4.33e+01 1.17e-03  3.69e+01     2s
   4  -3.82737674e+05  3.34235949e+05  1.40e+01 2.17e-04  1.21e+01     2s
   5  -6.80824335e+04  1.96863749e+05  2.11e+00 1.27e-04  3.74e+00     2s
   6  -2.11664577e+04  5.29039995e+04  6.02e-01 3.27e-05  1.02e+00     2s
   7  -7.30646342e+03  2.71775678e+04  2.42e-01 1.88e-05  4.68e-01     2s
   8   7.54454260e+02  1.39172663e+04  7.34e-02 9.89e-06  1.77e-01     2s
   9   4.01588226e+03  9.51513783e+03  2.76e-02 5.02e-06  7.35e-02     2s
  10   4.62550650e+03  8.92685238e+03  2.08e-02 4.24e-06  5.74e-02     2s
  11   5.19246021e+03  8.74747348e+03  1.50e-02 3.98e-06  4.70e-02     2s
  12   5.52176681e+03  8.11439366e+03  1.17e-02 2.95e-06  3.44e-02     2s
  13   6.26295894e+03  7.99934040e+03  4.45e-03 2.74e-06  2.25e-02     2s
  14   6.53047419e+03  7.20034381e+03  1.95e-03 1.18e-06  8.74e-03     2s
  15   6.72194612e+03  7.05353984e+03  5.47e-04 3.62e-06  4.26e-03     2s
  16   6.79502871e+03  6.92306885e+03  9.69e-05 2.65e-06  1.62e-03     2s
  17   6.81410222e+03  6.84926944e+03  8.07e-06 1.06e-06  4.43e-04     2s
  18   6.81719295e+03  6.83373602e+03  2.10e-06 5.30e-07  2.08e-04     2s
  19   6.81816967e+03  6.81828347e+03  7.03e-08 1.50e-08  1.45e-06     2s
  20   6.81821484e+03  6.81821498e+03  9.97e-11 5.82e-10  1.72e-09     2s
  21   6.81821490e+03  6.81821490e+03  1.85e-09 7.47e-13  2.29e-12     2s

Barrier solved model in 21 iterations and 2.35 seconds (1.22 work units)
Optimal objective 6.81821490e+03

Crossover log...

    6921 DPushes remaining with DInf 0.0000000e+00                 2s
       0 DPushes remaining with DInf 0.0000000e+00                 2s

     839 PPushes remaining with PInf 0.0000000e+00                 3s
       0 PPushes remaining with PInf 0.0000000e+00                 3s

  Push phase complete: Pinf 0.0000000e+00, Dinf 0.0000000e+00      3s


Solved with barrier
Iteration    Objective       Primal Inf.    Dual Inf.      Time
   11988    6.8183545e+03   0.000000e+00   1.563446e+05      5s
   18428    6.8184574e+03   0.000000e+00   4.616656e+03     10s
   22307    6.8184721e+03   0.000000e+00   2.567928e+04     15s
   25908    6.8184774e+03   0.000000e+00   2.213438e+02     20s
   29509    6.8184804e+03   0.000000e+00   2.710000e+02     25s
Extra simplex iterations after uncrush: 23985
   31716    6.8182149e+03   0.000000e+00   0.000000e+00     30s

Solved in 31716 iterations and 29.77 seconds (21.90 work units)
Optimal objective  6.818214903e+03
