
Gurobi 11.0.3 (mac64[x86]) logging started Sun Nov 24 13:00:48 2024

Set parameter LogFile to value "Results/result12.log"
Set parameter TimeLimit to value 36000
Gurobi Optimizer version 11.0.3 build v11.0.3rc0 (mac64[x86] - Darwin 23.4.0 23E214)

CPU model: Intel(R) Core(TM) i7-1060NG7 CPU @ 1.20GHz
Thread count: 4 physical cores, 8 logical processors, using up to 8 threads

Optimize a model with 353588 rows, 452592 columns and 1853004 nonzeros
Model fingerprint: 0xa8237008
Coefficient statistics:
  Matrix range     [1e+00, 1e+00]
  Objective range  [3e-03, 2e+01]
  Bounds range     [0e+00, 0e+00]
  RHS range        [1e-02, 3e+02]
Presolve removed 322842 rows and 412009 columns
Presolve time: 1.49s
Presolved: 30746 rows, 40583 columns, 164713 nonzeros

Concurrent LP optimizer: dual simplex and barrier
Showing barrier log only...

Ordering time: 0.47s

Barrier performed 0 iterations in 2.05 seconds (1.16 work units)
Barrier solve interrupted - model solved by another algorithm


Solved with dual simplex
Iteration    Objective       Primal Inf.    Dual Inf.      Time
   37743    8.3948563e+03   0.000000e+00   5.854191e+03      5s
Extra simplex iterations after uncrush: 25946
   44021    8.3944878e+03   0.000000e+00   0.000000e+00      7s

Solved in 44021 iterations and 6.96 seconds (5.61 work units)
Optimal objective  8.394487758e+03
