
Gurobi 11.0.3 (mac64[x86]) logging started Tue Jan 21 16:11:34 2025

Set parameter LogFile to value "Results/result_B30.55.log"
Set parameter TimeLimit to value 36000
Gurobi Optimizer version 11.0.3 build v11.0.3rc0 (mac64[x86] - Darwin 23.4.0 23E214)

CPU model: Intel(R) Core(TM) i7-1060NG7 CPU @ 1.20GHz
Thread count: 4 physical cores, 8 logical processors, using up to 8 threads

Optimize a model with 328020 rows, 407064 columns and 1384872 nonzeros
Model fingerprint: 0xb1f88b88
Coefficient statistics:
  Matrix range     [1e+00, 1e+00]
  Objective range  [2e-01, 2e+01]
  Bounds range     [0e+00, 0e+00]
  RHS range        [1e-02, 1e+03]
Presolve removed 299839 rows and 351376 columns
Presolve time: 1.60s
Presolved: 28181 rows, 55688 columns, 145890 nonzeros

Concurrent LP optimizer: dual simplex and barrier
Showing barrier log only...

Ordering time: 0.50s

Barrier statistics:
 Free vars  : 27
 AA' NZ     : 8.761e+04
 Factor NZ  : 8.656e+05 (roughly 34 MB of memory)
 Factor Ops : 1.109e+08 (less than 1 second per iteration)
 Threads    : 3

                  Objective                Residual
Iter       Primal          Dual         Primal    Dual     Compl     Time
   0  -2.60449507e+06  2.24226695e+07  1.99e+04 1.34e+01  1.08e+04     3s
   1  -3.35760072e+06  1.74438072e+07  5.05e+03 2.00e+00  2.48e+03     3s
   2  -2.80088368e+06  9.75643132e+06  7.53e+02 3.33e-01  4.77e+02     3s
   3  -1.22140906e+06  2.11969160e+06  1.05e+02 8.29e-03  7.29e+01     3s
   4  -4.09355883e+05  6.41524604e+05  3.18e+01 1.14e-03  2.06e+01     3s
   5  -1.61784969e+05  3.65939837e+05  1.20e+01 5.88e-04  9.21e+00     3s
   6  -5.05854492e+04  1.56276034e+05  3.79e+00 2.01e-04  3.34e+00     3s
   7  -1.72130615e+04  7.11114886e+04  1.69e+00 7.12e-05  1.39e+00     3s
   8   1.06246868e+03  5.00987423e+04  7.62e-01 4.22e-05  7.53e-01     3s
   9   7.33344609e+03  3.56195744e+04  4.82e-01 2.20e-05  4.36e-01     3s
  10   1.16824762e+04  2.97768448e+04  3.05e-01 1.37e-05  2.78e-01     3s
  11   1.51344196e+04  2.45816919e+04  1.76e-01 6.00e-06  1.46e-01     3s
  12   1.76435035e+04  2.20652117e+04  9.05e-02 5.35e-06  6.91e-02     3s
  13   1.88719845e+04  2.14647255e+04  5.08e-02 3.89e-06  4.03e-02     3s
  14   1.94387109e+04  2.12243382e+04  3.27e-02 3.17e-06  2.76e-02     4s
  15   1.98988288e+04  2.08957630e+04  1.83e-02 1.97e-06  1.54e-02     4s
  16   2.01299806e+04  2.06873271e+04  1.12e-02 1.38e-06  8.72e-03     4s

Barrier performed 16 iterations in 3.68 seconds (1.37 work units)
Barrier solve interrupted - model solved by another algorithm


Solved with dual simplex
Extra simplex iterations after uncrush: 4255
Iteration    Objective       Primal Inf.    Dual Inf.      Time
   28370    2.0525316e+04   0.000000e+00   0.000000e+00      4s

Use crossover to convert LP symmetric solution to basic solution...
Crossover log...

       0 DPushes remaining with DInf 0.0000000e+00                 4s

    1173 PPushes remaining with PInf 0.0000000e+00                 4s
       0 PPushes remaining with PInf 0.0000000e+00                 4s

  Push phase complete: Pinf 0.0000000e+00, Dinf 0.0000000e+00      4s

Iteration    Objective       Primal Inf.    Dual Inf.      Time
   33959    2.0525316e+04   0.000000e+00   7.440850e+04      5s
   39586    2.0525900e+04   0.000000e+00   1.001246e+05     10s
   43190    2.0526018e+04   0.000000e+00   2.868083e+04     16s
   46008    2.0526070e+04   0.000000e+00   3.712272e+04     21s
   47972    2.0526098e+04   0.000000e+00   1.745279e+04     26s
   49210    2.0526114e+04   0.000000e+00   8.083009e+04     30s
   51034    2.0526133e+04   0.000000e+00   2.177278e+04     37s
   51946    2.0526143e+04   0.000000e+00   2.225784e+04     40s
   53770    2.0526161e+04   0.000000e+00   3.842961e+04     45s
   55898    2.0526177e+04   0.000000e+00   2.632850e+04     50s
   58330    2.0526192e+04   0.000000e+00   4.015570e+04     56s
   60458    2.0526202e+04   0.000000e+00   6.408560e+03     60s
   62038    2.0526210e+04   0.000000e+00   7.830847e+03     66s
   63871    2.0526216e+04   0.000000e+00   3.082043e+03     71s
   66303    2.0526224e+04   0.000000e+00   6.842210e+03     76s
   68127    2.0526228e+04   0.000000e+00   7.580326e+03     80s
   69039    2.0526230e+04   0.000000e+00   4.551949e+03     85s
   71167    2.0526235e+04   0.000000e+00   3.199724e+03     90s
   73599    2.0526239e+04   0.000000e+00   3.781875e+03     95s
   76639    2.0526245e+04   0.000000e+00   8.435347e+02    100s
   81037    2.0526252e+04   0.000000e+00   8.330938e+02    105s
Extra simplex iterations after uncrush: 54154
   83709    2.0525316e+04   0.000000e+00   0.000000e+00    109s

Solved in 83709 iterations and 109.00 seconds (49.83 work units)
Optimal objective  2.052531568e+04
