
Gurobi 11.0.3 (mac64[x86]) logging started Tue Jan 21 16:13:43 2025

Set parameter LogFile to value "Results/result_B30.6.log"
Set parameter TimeLimit to value 36000
Gurobi Optimizer version 11.0.3 build v11.0.3rc0 (mac64[x86] - Darwin 23.4.0 23E214)

CPU model: Intel(R) Core(TM) i7-1060NG7 CPU @ 1.20GHz
Thread count: 4 physical cores, 8 logical processors, using up to 8 threads

Optimize a model with 328020 rows, 407064 columns and 1384872 nonzeros
Model fingerprint: 0x8116e755
Coefficient statistics:
  Matrix range     [1e+00, 1e+00]
  Objective range  [2e-01, 2e+01]
  Bounds range     [0e+00, 0e+00]
  RHS range        [1e-02, 1e+03]
Presolve removed 299839 rows and 351376 columns
Presolve time: 1.38s
Presolved: 28181 rows, 55688 columns, 145890 nonzeros

Concurrent LP optimizer: dual simplex and barrier
Showing barrier log only...

Ordering time: 0.46s

Barrier statistics:
 Free vars  : 27
 AA' NZ     : 8.761e+04
 Factor NZ  : 8.656e+05 (roughly 34 MB of memory)
 Factor Ops : 1.109e+08 (less than 1 second per iteration)
 Threads    : 3

                  Objective                Residual
Iter       Primal          Dual         Primal    Dual     Compl     Time
   0  -2.60449338e+06  2.24247152e+07  1.99e+04 1.34e+01  1.08e+04     2s
   1  -3.35762238e+06  1.74459413e+07  5.05e+03 2.00e+00  2.48e+03     2s
   2  -2.80096889e+06  9.75823993e+06  7.53e+02 3.33e-01  4.77e+02     2s
   3  -1.22156922e+06  2.12035008e+06  1.05e+02 8.29e-03  7.29e+01     2s
   4  -4.09197285e+05  6.41691163e+05  3.17e+01 1.14e-03  2.06e+01     2s
   5  -1.61360569e+05  3.65918964e+05  1.20e+01 5.88e-04  9.20e+00     2s
   6  -5.05314442e+04  1.56930748e+05  3.79e+00 2.02e-04  3.35e+00     3s
   7  -1.71011122e+04  7.11439583e+04  1.68e+00 7.14e-05  1.39e+00     3s
   8   3.22990334e+03  4.72741385e+04  6.42e-01 3.72e-05  6.73e-01     3s
   9   8.90481484e+03  3.54868406e+04  3.97e-01 2.06e-05  4.06e-01     3s
  10   1.23832748e+04  3.00850658e+04  2.62e-01 1.34e-05  2.70e-01     3s
  11   1.65969929e+04  2.48949703e+04  1.10e-01 6.35e-06  1.25e-01     3s
  12   1.83166303e+04  2.23469319e+04  5.85e-02 5.31e-06  6.13e-02     3s
  13   1.91825004e+04  2.15460325e+04  3.48e-02 3.95e-06  3.60e-02     3s
  14   1.95610683e+04  2.13876778e+04  2.48e-02 3.53e-06  2.77e-02     3s
  15   1.99475084e+04  2.09629260e+04  1.46e-02 2.24e-06  1.55e-02     3s
  16   2.02118647e+04  2.07357214e+04  7.79e-03 1.71e-06  8.01e-03     3s
  17   2.03983713e+04  2.06021724e+04  2.96e-03 8.05e-07  3.12e-03     3s

Barrier performed 17 iterations in 3.16 seconds (1.41 work units)
Barrier solve interrupted - model solved by another algorithm


Solved with dual simplex
Extra simplex iterations after uncrush: 4785
Iteration    Objective       Primal Inf.    Dual Inf.      Time
   29559    2.0536658e+04   0.000000e+00   0.000000e+00      4s

Use crossover to convert LP symmetric solution to basic solution...
Crossover log...

       0 DPushes remaining with DInf 0.0000000e+00                 4s

    1357 PPushes remaining with PInf 0.0000000e+00                 4s
       0 PPushes remaining with PInf 0.0000000e+00                 4s

  Push phase complete: Pinf 0.0000000e+00, Dinf 0.0000000e+00      4s

Iteration    Objective       Primal Inf.    Dual Inf.      Time
   37170    2.0537037e+04   0.000000e+00   1.155097e+05      5s
   40797    2.0537230e+04   0.000000e+00   3.551159e+04     10s
   43591    2.0537319e+04   0.000000e+00   6.800615e+04     15s
   46821    2.0537388e+04   0.000000e+00   3.480824e+04     21s
   50207    2.0537433e+04   0.000000e+00   7.021137e+04     25s
   52639    2.0537454e+04   0.000000e+00   5.382101e+04     30s
   54767    2.0537467e+04   0.000000e+00   1.205885e+04     35s
   56895    2.0537479e+04   0.000000e+00   1.300768e+04     40s
   59023    2.0537487e+04   0.000000e+00   1.829325e+05     46s
   60847    2.0537497e+04   0.000000e+00   6.795815e+03     50s
   62671    2.0537503e+04   0.000000e+00   1.224511e+04     55s
   64799    2.0537510e+04   0.000000e+00   5.627706e+03     60s
   67231    2.0537518e+04   0.000000e+00   2.410226e+04     65s
   69359    2.0537522e+04   0.000000e+00   1.722645e+04     71s
   71183    2.0537526e+04   0.000000e+00   1.592341e+04     75s
   73311    2.0537529e+04   0.000000e+00   5.341674e+03     80s
   75439    2.0537532e+04   0.000000e+00   3.257479e+04     85s
   77871    2.0537535e+04   0.000000e+00   1.094044e+03     90s
   80303    2.0537537e+04   0.000000e+00   1.430193e+03     95s
   83746    2.0537541e+04   0.000000e+00   7.098750e+02    100s
Extra simplex iterations after uncrush: 55093
   86021    2.0536658e+04   0.000000e+00   0.000000e+00    102s

Solved in 86021 iterations and 102.37 seconds (63.21 work units)
Optimal objective  2.053665818e+04
