
Gurobi 11.0.3 (mac64[x86]) logging started Wed Jan 22 11:26:17 2025

Set parameter LogFile to value "Results/result_B40.7000000000000001.log"
Set parameter TimeLimit to value 36000
Gurobi Optimizer version 11.0.3 build v11.0.3rc0 (mac64[x86] - Darwin 23.4.0 23E214)

CPU model: Intel(R) Core(TM) i7-1060NG7 CPU @ 1.20GHz
Thread count: 4 physical cores, 8 logical processors, using up to 8 threads

Optimize a model with 267384 rows, 357816 columns and 1175096 nonzeros
Model fingerprint: 0x336bd870
Coefficient statistics:
  Matrix range     [1e+00, 1e+00]
  Objective range  [2e-01, 5e+00]
  Bounds range     [0e+00, 0e+00]
  RHS range        [1e-02, 7e+02]
Presolve removed 241069 rows and 307406 columns
Presolve time: 1.04s
Presolved: 26315 rows, 50410 columns, 130122 nonzeros

Concurrent LP optimizer: dual simplex and barrier
Showing barrier log only...

Ordering time: 0.40s

Barrier statistics:
 Free vars  : 1013
 AA' NZ     : 8.721e+04
 Factor NZ  : 7.856e+05 (roughly 40 MB of memory)
 Factor Ops : 7.984e+07 (less than 1 second per iteration)
 Threads    : 3

                  Objective                Residual
Iter       Primal          Dual         Primal    Dual     Compl     Time
   0  -4.15591725e+06  9.63399806e+06  1.18e+04 2.72e+00  4.52e+03     2s
   1  -4.33250669e+06  8.00697155e+06  2.47e+03 1.76e+00  1.10e+03     2s
   2  -2.72418296e+06  3.80557144e+06  3.96e+02 1.65e-01  1.93e+02     2s
   3  -7.67657774e+05  7.45068126e+05  3.23e+01 7.61e-04  2.63e+01     2s
   4  -2.82257367e+05  2.41869354e+05  9.39e+00 1.49e-04  8.58e+00     2s
   5  -5.41392164e+04  1.25517536e+05  1.57e+00 7.71e-05  2.55e+00     2s
   6  -1.78225892e+04  2.52857734e+04  4.50e-01 2.42e-05  6.09e-01     2s
   7  -9.03737130e+03  1.58172872e+04  2.46e-01 1.65e-05  3.51e-01     2s
   8  -5.04438784e+02  1.01890656e+04  8.56e-02 1.06e-05  1.48e-01     2s
   9   3.44983820e+03  6.69440619e+03  1.99e-02 4.24e-06  4.40e-02     2s
  10   4.26219111e+03  6.44207068e+03  1.00e-02 3.63e-06  2.90e-02     2s
  11   4.59880722e+03  6.07533760e+03  6.22e-03 2.68e-06  1.95e-02     2s
  12   4.86782659e+03  5.59844622e+03  3.50e-03 1.22e-06  9.78e-03     2s
  13   5.16302626e+03  5.44050060e+03  7.89e-04 3.95e-06  3.62e-03     2s
  14   5.25981653e+03  5.29638908e+03  1.69e-05 1.22e-06  4.62e-04     2s
  15   5.26716520e+03  5.27628006e+03  9.27e-07 3.75e-07  1.14e-04     2s
  16   5.26773096e+03  5.26792493e+03  7.53e-08 4.54e-08  2.45e-06     2s
  17   5.26778862e+03  5.26779077e+03  2.65e-09 3.23e-09  2.77e-08     2s
  18   5.26779076e+03  5.26779076e+03  2.45e-11 1.14e-10  6.43e-14     2s

Barrier solved model in 18 iterations and 2.30 seconds (1.16 work units)
Optimal objective 5.26779076e+03

Crossover log...

    7046 DPushes remaining with DInf 0.0000000e+00                 2s
       0 DPushes remaining with DInf 0.0000000e+00                 2s

     809 PPushes remaining with PInf 0.0000000e+00                 2s
       0 PPushes remaining with PInf 0.0000000e+00                 2s

  Push phase complete: Pinf 0.0000000e+00, Dinf 6.5503158e-14      2s


Solved with barrier
Iteration    Objective       Primal Inf.    Dual Inf.      Time
   12090    5.2679538e+03   0.000000e+00   8.552068e+04      5s
   16623    5.2680105e+03   0.000000e+00   1.399580e+04     10s
   20501    5.2680238e+03   0.000000e+00   2.256812e+03     15s
   23825    5.2680288e+03   0.000000e+00   3.818594e+03     20s
   26595    5.2680313e+03   0.000000e+00   1.033486e+03     26s
   28811    5.2680321e+03   0.000000e+00   1.147760e+02     30s
Extra simplex iterations after uncrush: 23030
   30858    5.2677908e+03   0.000000e+00   0.000000e+00     34s

Solved in 30858 iterations and 34.28 seconds (25.05 work units)
Optimal objective  5.267790755e+03
