
Gurobi 11.0.3 (mac64[x86]) logging started Tue Feb  4 14:10:22 2025

Set parameter LogFile to value "Results/result_F0.log"
Set parameter TimeLimit to value 36000
Gurobi Optimizer version 11.0.3 build v11.0.3rc0 (mac64[x86] - Darwin 23.4.0 23E214)

CPU model: Intel(R) Core(TM) i7-1060NG7 CPU @ 1.20GHz
Thread count: 4 physical cores, 8 logical processors, using up to 8 threads

Optimize a model with 267384 rows, 357816 columns and 1175096 nonzeros
Model fingerprint: 0x2821b8b9
Coefficient statistics:
  Matrix range     [1e+00, 1e+00]
  Objective range  [6e-02, 5e+00]
  Bounds range     [0e+00, 0e+00]
  RHS range        [1e-02, 1e+02]
Presolve removed 259198 rows and 343762 columns
Presolve time: 0.90s
Presolved: 8186 rows, 14054 columns, 36133 nonzeros

Concurrent LP optimizer: dual simplex and barrier
Showing barrier log only...

Ordering time: 0.00s

Barrier performed 0 iterations in 0.93 seconds (0.56 work units)
Barrier solve interrupted - model solved by another algorithm


Solved with dual simplex
Extra simplex iterations after uncrush: 1
Iteration    Objective       Primal Inf.    Dual Inf.      Time
     371   -0.0000000e+00   0.000000e+00   0.000000e+00      1s

Use crossover to convert LP symmetric solution to basic solution...
Crossover log...

       0 DPushes remaining with DInf 0.0000000e+00                 1s

       8 PPushes remaining with PInf 0.0000000e+00                 1s
       0 PPushes remaining with PInf 0.0000000e+00                 1s

  Push phase complete: Pinf 0.0000000e+00, Dinf 3.6748382e-14      1s

Extra simplex iterations after uncrush: 606
Iteration    Objective       Primal Inf.    Dual Inf.      Time
     990   -0.0000000e+00   0.000000e+00   0.000000e+00      1s

Solved in 990 iterations and 1.26 seconds (0.78 work units)
Optimal objective -0.000000000e+00
