
Gurobi 11.0.3 (mac64[x86]) logging started Wed Jan 22 11:23:36 2025

Set parameter LogFile to value "Results/result_B40.55.log"
Set parameter TimeLimit to value 36000
Gurobi Optimizer version 11.0.3 build v11.0.3rc0 (mac64[x86] - Darwin 23.4.0 23E214)

CPU model: Intel(R) Core(TM) i7-1060NG7 CPU @ 1.20GHz
Thread count: 4 physical cores, 8 logical processors, using up to 8 threads

Optimize a model with 267384 rows, 357816 columns and 1175096 nonzeros
Model fingerprint: 0xbe421fa3
Coefficient statistics:
  Matrix range     [1e+00, 1e+00]
  Objective range  [2e-01, 5e+00]
  Bounds range     [0e+00, 0e+00]
  RHS range        [1e-02, 6e+02]
Presolve removed 241069 rows and 307406 columns
Presolve time: 1.19s
Presolved: 26315 rows, 50410 columns, 130122 nonzeros

Concurrent LP optimizer: dual simplex and barrier
Showing barrier log only...

Ordering time: 0.42s

Barrier statistics:
 Free vars  : 1013
 AA' NZ     : 8.721e+04
 Factor NZ  : 7.856e+05 (roughly 40 MB of memory)
 Factor Ops : 7.984e+07 (less than 1 second per iteration)
 Threads    : 3

                  Objective                Residual
Iter       Primal          Dual         Primal    Dual     Compl     Time
   0  -3.31379979e+06  9.07845217e+06  9.40e+03 2.72e+00  3.61e+03     2s
   1  -3.45643437e+06  7.32133922e+06  1.96e+03 1.79e+00  8.88e+02     2s
   2  -2.25454505e+06  3.12282014e+06  3.30e+02 1.83e-01  1.60e+02     2s
   3  -6.24005438e+05  6.21765076e+05  2.33e+01 2.38e-03  2.09e+01     2s
   4  -2.49935720e+05  1.99217077e+05  6.83e+00 4.56e-04  7.10e+00     2s
   5  -4.21485029e+04  9.71599198e+04  9.01e-01 2.01e-04  1.92e+00     2s
   6  -9.80009491e+03  2.29659650e+04  1.78e-01 3.96e-05  4.40e-01     2s
   7  -5.01835587e+03  1.32921893e+04  1.09e-01 2.03e-05  2.48e-01     2s
   8   5.44496396e+02  7.45810813e+03  3.79e-02 1.06e-05  9.31e-02     2s
   9   2.73049731e+03  6.57272413e+03  1.37e-02 7.76e-06  5.05e-02     2s
  10   3.70641500e+03  5.34306085e+03  4.17e-03 3.49e-06  2.13e-02     2s
  11   4.00302033e+03  4.88746278e+03  1.93e-03 2.02e-06  1.15e-02     2s
  12   4.17715562e+03  4.56022070e+03  7.92e-04 2.49e-06  4.97e-03     2s
  13   4.29690545e+03  4.40767508e+03  1.08e-04 4.37e-06  1.41e-03     2s
  14   4.31980802e+03  4.35409233e+03  1.03e-05 2.35e-06  4.33e-04     2s
  15   4.32418574e+03  4.32668088e+03  4.62e-07 2.70e-07  3.15e-05     2s
  16   4.32462390e+03  4.32468122e+03  2.87e-08 3.11e-08  7.32e-07     2s
  17   4.32465542e+03  4.32465546e+03  3.24e-11 1.84e-09  5.57e-10     2s
  18   4.32465545e+03  4.32465545e+03  3.87e-12 1.29e-12  5.51e-15     3s

Barrier solved model in 18 iterations and 2.51 seconds (1.16 work units)
Optimal objective 4.32465545e+03

Crossover log...

    6877 DPushes remaining with DInf 0.0000000e+00                 3s
       0 DPushes remaining with DInf 0.0000000e+00                 3s

     836 PPushes remaining with PInf 0.0000000e+00                 3s
       0 PPushes remaining with PInf 0.0000000e+00                 3s

  Push phase complete: Pinf 0.0000000e+00, Dinf 4.2410520e-14      3s


Solved with barrier
Iteration    Objective       Primal Inf.    Dual Inf.      Time
   12632    4.3248259e+03   0.000000e+00   3.871773e+04      5s
   18807    4.3248861e+03   0.000000e+00   1.936375e+03     10s
   22131    4.3248930e+03   0.000000e+00   1.809178e+03     15s
   24624    4.3248957e+03   0.000000e+00   2.019312e+03     20s
   26840    4.3248972e+03   0.000000e+00   2.868601e+02     25s
   29056    4.3248980e+03   0.000000e+00   2.642361e+01     30s
Extra simplex iterations after uncrush: 23332
   31016    4.3246555e+03   0.000000e+00   0.000000e+00     35s

Solved in 31016 iterations and 35.37 seconds (24.09 work units)
Optimal objective  4.324655451e+03
