
Gurobi 11.0.3 (mac64[x86]) logging started Tue Jan 21 16:57:00 2025

Set parameter LogFile to value "Results/result_B40.96.log"
Set parameter TimeLimit to value 36000
Gurobi Optimizer version 11.0.3 build v11.0.3rc0 (mac64[x86] - Darwin 23.4.0 23E214)

CPU model: Intel(R) Core(TM) i7-1060NG7 CPU @ 1.20GHz
Thread count: 4 physical cores, 8 logical processors, using up to 8 threads

Optimize a model with 267384 rows, 357816 columns and 1175096 nonzeros
Model fingerprint: 0xa825f111
Coefficient statistics:
  Matrix range     [1e+00, 1e+00]
  Objective range  [2e-01, 5e+00]
  Bounds range     [0e+00, 0e+00]
  RHS range        [1e-02, 1e+03]
Presolve removed 241133 rows and 307406 columns
Presolve time: 1.10s
Presolved: 26251 rows, 50410 columns, 129802 nonzeros

Concurrent LP optimizer: dual simplex and barrier
Showing barrier log only...

Ordering time: 0.42s

Barrier statistics:
 Free vars  : 1013
 AA' NZ     : 8.641e+04
 Factor NZ  : 7.745e+05 (roughly 40 MB of memory)
 Factor Ops : 7.419e+07 (less than 1 second per iteration)
 Threads    : 3

                  Objective                Residual
Iter       Primal          Dual         Primal    Dual     Compl     Time
   0  -5.33052316e+06  1.06459849e+07  1.52e+04 2.72e+00  5.79e+03     2s
   1  -5.64032007e+06  8.97228479e+06  3.18e+03 1.73e+00  1.40e+03     2s
   2  -3.45646603e+06  4.90812882e+06  4.52e+02 1.56e-01  2.42e+02     2s
   3  -1.04892203e+06  1.01711698e+06  4.47e+01 1.18e-03  3.73e+01     2s
   4  -3.73633594e+05  3.32823052e+05  1.36e+01 2.42e-04  1.20e+01     2s
   5  -7.20734297e+04  1.30065719e+05  2.35e+00 8.94e-05  2.97e+00     2s
   6  -2.18686772e+04  4.62917422e+04  6.78e-01 3.20e-05  9.58e-01     2s
   7  -5.76229547e+03  2.98000066e+04  2.34e-01 2.19e-05  4.82e-01     2s
   8   1.62071400e+03  1.39438185e+04  6.51e-02 9.07e-06  1.65e-01     2s
   9   4.53898102e+03  1.00822214e+04  2.27e-02 5.35e-06  7.34e-02     2s
  10   5.04413235e+03  9.08411998e+03  1.69e-02 4.13e-06  5.36e-02     2s
  11   5.27518926e+03  8.98113278e+03  1.45e-02 3.97e-06  4.90e-02     2s
  12   5.71072462e+03  8.45236728e+03  1.02e-02 3.16e-06  3.62e-02     2s
  13   5.88775565e+03  8.08258772e+03  8.53e-03 2.60e-06  2.90e-02     2s
  14   6.30758632e+03  7.37656871e+03  4.73e-03 1.34e-06  1.43e-02     2s
  15   6.60261321e+03  7.14539559e+03  2.16e-03 5.21e-06  7.22e-03     2s
  16   6.80141842e+03  7.02071862e+03  5.39e-04 3.90e-06  2.86e-03     2s
  17   6.87082743e+03  6.91658870e+03  3.20e-05 1.59e-06  5.81e-04     2s
  18   6.87443151e+03  6.90557388e+03  1.80e-05 1.12e-06  3.95e-04     2s
  19   6.87877343e+03  6.88051984e+03  8.47e-07 8.79e-08  2.21e-05     2s
  20   6.87913602e+03  6.87914749e+03  2.01e-08 3.34e-09  1.49e-07     2s
  21   6.87914589e+03  6.87914591e+03  1.76e-08 8.91e-11  1.74e-10     3s

Barrier solved model in 21 iterations and 2.51 seconds (1.23 work units)
Optimal objective 6.87914589e+03

Crossover log...

    6956 DPushes remaining with DInf 0.0000000e+00                 3s
       0 DPushes remaining with DInf 0.0000000e+00                 3s

     837 PPushes remaining with PInf 0.0000000e+00                 3s

Solved with dual simplex
Iteration    Objective       Primal Inf.    Dual Inf.      Time
   34408    6.8792978e+03   0.000000e+00   4.379958e+03      5s
   40989    6.8793603e+03   0.000000e+00   1.522528e+03     10s
   45478    6.8793676e+03   0.000000e+00   4.438094e+02     15s
   49356    6.8793707e+03   0.000000e+00   1.355597e+02     20s
   52957    6.8793724e+03   0.000000e+00   4.041875e+02     25s
   56558    6.8793739e+03   0.000000e+00   5.525000e+01     30s
Extra simplex iterations after uncrush: 30759
   59397    6.8791459e+03   0.000000e+00   0.000000e+00     35s

Solved in 59397 iterations and 35.04 seconds (27.48 work units)
Optimal objective  6.879145903e+03
