
Gurobi 11.0.3 (mac64[x86]) logging started Wed Jan 22 13:13:25 2025

Set parameter LogFile to value "Results/result_C3.log"
Set parameter TimeLimit to value 36000
Gurobi Optimizer version 11.0.3 build v11.0.3rc0 (mac64[x86] - Darwin 23.4.0 23E214)

CPU model: Intel(R) Core(TM) i7-1060NG7 CPU @ 1.20GHz
Thread count: 4 physical cores, 8 logical processors, using up to 8 threads

Optimize a model with 267384 rows, 357816 columns and 1175096 nonzeros
Model fingerprint: 0xf5e39b5b
Coefficient statistics:
  Matrix range     [1e+00, 1e+00]
  Objective range  [2e-01, 5e+00]
  Bounds range     [0e+00, 0e+00]
  RHS range        [1e-02, 1e+03]
Presolve removed 241140 rows and 307406 columns
Presolve time: 1.30s
Presolved: 26244 rows, 50410 columns, 129852 nonzeros

Concurrent LP optimizer: dual simplex and barrier
Showing barrier log only...

Ordering time: 0.42s

Barrier statistics:
 Free vars  : 1020
 AA' NZ     : 8.655e+04
 Factor NZ  : 7.924e+05 (roughly 40 MB of memory)
 Factor Ops : 8.075e+07 (less than 1 second per iteration)
 Threads    : 3

                  Objective                Residual
Iter       Primal          Dual         Primal    Dual     Compl     Time
   0  -5.57549868e+06  1.08335876e+07  1.43e+04 2.72e+00  6.04e+03     2s
   1  -5.87098160e+06  9.08705180e+06  3.00e+03 1.57e+00  1.40e+03     2s
   2  -3.53523222e+06  4.99825014e+06  4.98e+02 1.25e-01  2.51e+02     2s
   3  -9.98853352e+05  1.07737903e+06  4.86e+01 1.09e-03  3.79e+01     2s
   4  -3.58432701e+05  3.71220283e+05  1.41e+01 2.43e-04  1.24e+01     2s
   5  -6.60718500e+04  1.83524752e+05  2.27e+00 1.17e-04  3.58e+00     2s
   6  -1.18766340e+04  4.32661690e+04  3.44e-01 2.96e-05  7.45e-01     2s
   7  -4.45061585e+03  2.87663310e+04  1.63e-01 1.98e-05  4.43e-01     2s
   8   1.89690401e+03  1.28946472e+04  4.53e-02 7.51e-06  1.46e-01     2s
   9   4.18724948e+03  8.63736644e+03  1.81e-02 3.98e-06  5.91e-02     2s
  10   5.16251727e+03  8.05496929e+03  8.42e-03 3.27e-06  3.78e-02     2s
  11   5.51609891e+03  7.71921892e+03  5.20e-03 2.75e-06  2.86e-02     2s
  12   5.85894804e+03  7.28673887e+03  2.48e-03 2.03e-06  1.84e-02     2s
  13   6.00308938e+03  6.65559598e+03  1.38e-03 1.83e-06  8.47e-03     2s
  14   6.15233573e+03  6.44635952e+03  3.93e-04 4.34e-06  3.77e-03     2s
  15   6.20545415e+03  6.34510152e+03  8.96e-05 2.78e-06  1.77e-03     2s
  16   6.21871073e+03  6.26407418e+03  2.38e-05 1.07e-06  5.76e-04     3s
  17   6.22500679e+03  6.24785276e+03  5.33e-06 6.24e-07  2.88e-04     3s
  18   6.22678260e+03  6.22935194e+03  5.24e-07 1.03e-07  3.24e-05     3s
  19   6.22713467e+03  6.22715193e+03  1.21e-08 6.90e-09  2.22e-07     3s
  20   6.22714575e+03  6.22714577e+03  2.03e-10 1.65e-10  2.30e-10     3s

Barrier solved model in 20 iterations and 2.68 seconds (1.20 work units)
Optimal objective 6.22714575e+03

Crossover log...

    6370 DPushes remaining with DInf 0.0000000e+00                 3s
       0 DPushes remaining with DInf 0.0000000e+00                 3s

    1359 PPushes remaining with PInf 2.7172204e-05                 3s
       0 PPushes remaining with PInf 0.0000000e+00                 3s

  Push phase complete: Pinf 0.0000000e+00, Dinf 0.0000000e+00      3s


Solved with barrier
Iteration    Objective       Primal Inf.    Dual Inf.      Time
   13364    6.2272984e+03   0.000000e+00   9.786062e+03      5s
   20015    6.2273678e+03   0.000000e+00   5.503125e+02     10s
Extra simplex iterations after uncrush: 15294
   22995    6.2271458e+03   0.000000e+00   0.000000e+00     14s

Solved in 22995 iterations and 14.36 seconds (9.68 work units)
Optimal objective  6.227145766e+03
