
Gurobi 11.0.3 (mac64[x86]) logging started Tue Jan 21 16:31:42 2025

Set parameter LogFile to value "Results/result_B31.0.log"
Set parameter TimeLimit to value 36000
Gurobi Optimizer version 11.0.3 build v11.0.3rc0 (mac64[x86] - Darwin 23.4.0 23E214)

CPU model: Intel(R) Core(TM) i7-1060NG7 CPU @ 1.20GHz
Thread count: 4 physical cores, 8 logical processors, using up to 8 threads

Optimize a model with 328020 rows, 407064 columns and 1384872 nonzeros
Model fingerprint: 0xa205d35b
Coefficient statistics:
  Matrix range     [1e+00, 1e+00]
  Objective range  [2e-01, 2e+01]
  Bounds range     [0e+00, 0e+00]
  RHS range        [1e-02, 1e+03]
Presolve removed 299841 rows and 351376 columns
Presolve time: 1.18s
Presolved: 28179 rows, 55688 columns, 145886 nonzeros

Concurrent LP optimizer: dual simplex and barrier
Showing barrier log only...

Ordering time: 0.40s

Barrier statistics:
 Free vars  : 27
 AA' NZ     : 8.758e+04
 Factor NZ  : 8.657e+05 (roughly 34 MB of memory)
 Factor Ops : 1.121e+08 (less than 1 second per iteration)
 Threads    : 3

                  Objective                Residual
Iter       Primal          Dual         Primal    Dual     Compl     Time
   0  -2.60425761e+06  2.24496304e+07  1.99e+04 1.34e+01  1.08e+04     2s
   1  -3.35991545e+06  1.74679064e+07  5.01e+03 2.00e+00  2.47e+03     2s
   2  -2.79978391e+06  9.74263776e+06  7.43e+02 3.31e-01  4.73e+02     2s
   3  -1.21851640e+06  2.10468775e+06  1.04e+02 8.19e-03  7.24e+01     2s
   4  -4.12653525e+05  6.30449375e+05  3.18e+01 1.10e-03  2.04e+01     2s
   5  -1.59862707e+05  3.53134533e+05  1.18e+01 5.51e-04  8.96e+00     2s
   6  -4.98940715e+04  1.56640987e+05  3.75e+00 1.98e-04  3.33e+00     2s
   7  -1.12981994e+04  6.69597270e+04  1.32e+00 6.18e-05  1.22e+00     2s
   8   3.69305186e+03  4.28682545e+04  5.97e-01 2.91e-05  6.00e-01     2s
   9   1.05469746e+04  3.31665185e+04  3.17e-01 1.63e-05  3.44e-01     2s
  10   1.38535401e+04  2.82912773e+04  1.99e-01 1.02e-05  2.19e-01     2s
  11   1.75606055e+04  2.37921556e+04  7.73e-02 6.87e-06  9.38e-02     2s
  12   1.86938326e+04  2.25020300e+04  4.67e-02 5.31e-06  5.73e-02     2s
  13   1.95475685e+04  2.16973950e+04  2.46e-02 3.78e-06  3.22e-02     2s
  14   1.98977336e+04  2.14255373e+04  1.60e-02 3.11e-06  2.28e-02     2s
  15   2.02310742e+04  2.10562003e+04  8.38e-03 2.13e-06  1.23e-02     3s

Barrier performed 15 iterations in 2.55 seconds (1.36 work units)
Barrier solve interrupted - model solved by another algorithm


Solved with dual simplex
Extra simplex iterations after uncrush: 4407
Iteration    Objective       Primal Inf.    Dual Inf.      Time
   28554    2.0627398e+04   0.000000e+00   0.000000e+00      3s

Use crossover to convert LP symmetric solution to basic solution...
Crossover log...

       0 DPushes remaining with DInf 0.0000000e+00                 3s

    1310 PPushes remaining with PInf 0.0000000e+00                 3s
       0 PPushes remaining with PInf 0.0000000e+00                 3s

  Push phase complete: Pinf 0.0000000e+00, Dinf 0.0000000e+00      3s

Iteration    Objective       Primal Inf.    Dual Inf.      Time
   37789    2.0627835e+04   0.000000e+00   9.921998e+04      5s
   42932    2.0628069e+04   0.000000e+00   6.913555e+04     10s
   47204    2.0628173e+04   0.000000e+00   6.791148e+04     15s
   50244    2.0628217e+04   0.000000e+00   2.589106e+04     20s
   53284    2.0628249e+04   0.000000e+00   1.143528e+04     25s
   56020    2.0628270e+04   0.000000e+00   7.646500e+04     30s
   58756    2.0628286e+04   0.000000e+00   1.626432e+04     36s
   61188    2.0628299e+04   0.000000e+00   7.503171e+03     41s
   63316    2.0628307e+04   0.000000e+00   1.902278e+04     45s
   66356    2.0628319e+04   0.000000e+00   1.012255e+04     50s
   69396    2.0628332e+04   0.000000e+00   3.195272e+04     55s
   73044    2.0628342e+04   0.000000e+00   1.043880e+04     60s
   76388    2.0628348e+04   0.000000e+00   1.515453e+03     65s
   80036    2.0628353e+04   0.000000e+00   1.060389e+03     70s
Extra simplex iterations after uncrush: 54034
   83916    2.0627398e+04   0.000000e+00   0.000000e+00     75s

Solved in 83916 iterations and 74.52 seconds (52.39 work units)
Optimal objective  2.062739818e+04
