
Gurobi 11.0.3 (mac64[x86]) logging started Wed Jan 22 11:29:42 2025

Set parameter LogFile to value "Results/result_B40.9.log"
Set parameter TimeLimit to value 36000
Gurobi Optimizer version 11.0.3 build v11.0.3rc0 (mac64[x86] - Darwin 23.4.0 23E214)

CPU model: Intel(R) Core(TM) i7-1060NG7 CPU @ 1.20GHz
Thread count: 4 physical cores, 8 logical processors, using up to 8 threads

Optimize a model with 267384 rows, 357816 columns and 1175096 nonzeros
Model fingerprint: 0xc62abff7
Coefficient statistics:
  Matrix range     [1e+00, 1e+00]
  Objective range  [2e-01, 5e+00]
  Bounds range     [0e+00, 0e+00]
  RHS range        [1e-02, 9e+02]
Presolve removed 241117 rows and 307406 columns
Presolve time: 1.02s
Presolved: 26267 rows, 50410 columns, 129930 nonzeros

Concurrent LP optimizer: dual simplex and barrier
Showing barrier log only...

Ordering time: 0.46s

Barrier statistics:
 Free vars  : 1013
 AA' NZ     : 8.666e+04
 Factor NZ  : 7.754e+05 (roughly 40 MB of memory)
 Factor Ops : 7.293e+07 (less than 1 second per iteration)
 Threads    : 3

                  Objective                Residual
Iter       Primal          Dual         Primal    Dual     Compl     Time
   0  -5.01243949e+06  1.04427130e+07  1.43e+04 2.72e+00  5.45e+03     2s
   1  -5.30083116e+06  8.76226923e+06  3.02e+03 1.74e+00  1.33e+03     2s
   2  -3.26143996e+06  4.70396551e+06  4.28e+02 1.56e-01  2.28e+02     2s
   3  -9.71679040e+05  9.48413389e+05  3.97e+01 1.09e-03  3.43e+01     2s
   4  -3.65811841e+05  3.08023945e+05  1.31e+01 1.99e-04  1.14e+01     2s
   5  -6.93389551e+04  1.75385376e+05  2.14e+00 1.13e-04  3.49e+00     2s
   6  -2.19501849e+04  4.84538124e+04  6.28e-01 3.15e-05  9.78e-01     2s
   7  -2.55794670e+03  2.57136962e+04  1.17e-01 1.90e-05  3.74e-01     2s
   8   2.02268359e+03  1.39122865e+04  4.49e-02 8.60e-06  1.57e-01     2s
   9   4.52105177e+03  1.00356116e+04  1.47e-02 4.83e-06  7.17e-02     2s
  10   5.07558623e+03  9.10159128e+03  9.97e-03 3.89e-06  5.22e-02     2s
  11   5.51327869e+03  7.98644558e+03  6.39e-03 2.52e-06  3.22e-02     2s
  12   6.03372717e+03  7.61312265e+03  2.57e-03 2.03e-06  2.03e-02     2s
  13   6.40387490e+03  6.85163677e+03  3.36e-04 1.47e-06  5.69e-03     2s
  14   6.48577426e+03  6.64327779e+03  5.66e-05 4.80e-06  1.99e-03     2s
  15   6.50470567e+03  6.56838819e+03  1.13e-05 2.52e-06  8.02e-04     2s
  16   6.51073355e+03  6.54627493e+03  1.19e-06 1.59e-06  4.46e-04     2s
  17   6.51226046e+03  6.51520287e+03  2.79e-07 1.14e-07  3.74e-05     2s
  18   6.51281245e+03  6.51283371e+03  8.77e-09 9.71e-09  2.83e-07     2s
  19   6.51283102e+03  6.51283104e+03  1.61e-09 3.15e-10  2.85e-10     2s

Barrier solved model in 19 iterations and 2.35 seconds (1.18 work units)
Optimal objective 6.51283102e+03

Crossover log...

    6840 DPushes remaining with DInf 0.0000000e+00                 2s
       0 DPushes remaining with DInf 0.0000000e+00                 2s

     883 PPushes remaining with PInf 0.0000000e+00                 2s
       0 PPushes remaining with PInf 0.0000000e+00                 3s

  Push phase complete: Pinf 0.0000000e+00, Dinf 0.0000000e+00      3s


Solved with barrier
Iteration    Objective       Primal Inf.    Dual Inf.      Time
   12761    6.5130029e+03   0.000000e+00   2.152622e+04      5s
   19614    6.5130757e+03   0.000000e+00   2.170650e+03     10s
   23667    6.5130846e+03   0.000000e+00   5.835407e+02     15s
   26714    6.5130878e+03   0.000000e+00   3.202887e+02     20s
   30001    6.5130897e+03   0.000000e+00   3.556250e+01     25s
Extra simplex iterations after uncrush: 22476
   30146    6.5128310e+03   0.000000e+00   0.000000e+00     26s

Solved in 30146 iterations and 25.59 seconds (18.43 work units)
Optimal objective  6.512831035e+03

Gurobi 11.0.3 (mac64[x86]) logging started Thu Jan 23 13:05:59 2025

Set parameter LogFile to value "Results/result_B40.9.log"
Set parameter TimeLimit to value 36000
Gurobi Optimizer version 11.0.3 build v11.0.3rc0 (mac64[x86] - Darwin 23.4.0 23E214)

CPU model: Intel(R) Core(TM) i7-1060NG7 CPU @ 1.20GHz
Thread count: 4 physical cores, 8 logical processors, using up to 8 threads

Optimize a model with 267384 rows, 357816 columns and 1175096 nonzeros
Model fingerprint: 0x48a1ec8c
Coefficient statistics:
  Matrix range     [1e+00, 1e+00]
  Objective range  [2e-01, 5e+00]
  Bounds range     [0e+00, 0e+00]
  RHS range        [1e-02, 9e+02]
Presolve removed 240084 rows and 305140 columns
Presolve time: 1.03s
Presolved: 27300 rows, 52676 columns, 137071 nonzeros

Concurrent LP optimizer: dual simplex and barrier
Showing barrier log only...

Ordering time: 0.33s

Barrier statistics:
 Free vars  : 106
 AA' NZ     : 7.436e+04
 Factor NZ  : 6.900e+05 (roughly 30 MB of memory)
 Factor Ops : 7.169e+07 (less than 1 second per iteration)
 Threads    : 3

                  Objective                Residual
Iter       Primal          Dual         Primal    Dual     Compl     Time
   0  -4.19818020e+06  7.89168014e+06  2.30e+04 3.13e+00  4.36e+03     2s
   1  -2.91657622e+06  6.39635707e+06  5.16e+03 1.39e+00  1.11e+03     2s
   2  -1.93311813e+06  3.29803621e+06  7.88e+02 3.67e-02  1.80e+02     2s
   3  -3.32722465e+05  7.10103108e+05  7.47e+01 1.94e-04  2.40e+01     2s
   4  -1.09062055e+05  2.11483798e+05  2.13e+01 9.01e-05  6.66e+00     2s
   5  -5.88898235e+04  6.98034900e+04  1.05e+01 4.12e-05  2.59e+00     2s
   6  -1.70141192e+04  2.78326596e+04  2.40e+00 2.56e-05  8.02e-01     2s
   7  -1.04354599e+04  1.13175886e+04  1.39e+00 1.43e-05  3.86e-01     2s
   8  -4.10704176e+03  7.76675843e+03  5.06e-01 1.12e-05  2.01e-01     2s
   9  -6.09271825e+02  4.20105265e+03  1.05e-01 6.13e-06  7.82e-02     2s
  10   3.70910327e+02  2.98579981e+03  4.33e-02 3.85e-06  4.21e-02     2s
  11   7.16262418e+02  2.21178113e+03  2.50e-02 2.22e-06  2.41e-02     2s
  12   9.00506729e+02  1.91288160e+03  1.67e-02 1.47e-06  1.63e-02     2s
  13   1.18005625e+03  1.69113125e+03  6.08e-03 1.74e-06  8.19e-03     2s
  14   1.33355059e+03  1.42133371e+03  1.44e-03 1.71e-06  1.42e-03     2s
  15   1.38553745e+03  1.40645069e+03  3.03e-04 7.44e-07  3.38e-04     2s
  16   1.40061439e+03  1.40167309e+03  1.75e-05 1.16e-07  1.72e-05     2s
  17   1.40161775e+03  1.40161784e+03  1.45e-09 6.77e-09  1.42e-09     2s
  18   1.40161784e+03  1.40161784e+03  1.26e-11 5.76e-13  1.51e-12     2s

Barrier solved model in 18 iterations and 2.34 seconds (1.20 work units)
Optimal objective 1.40161784e+03

Crossover log...

   15708 DPushes remaining with DInf 0.0000000e+00                 2s
       0 DPushes remaining with DInf 0.0000000e+00                 2s

     130 PPushes remaining with PInf 0.0000000e+00                 2s
       0 PPushes remaining with PInf 0.0000000e+00                 2s

  Push phase complete: Pinf 0.0000000e+00, Dinf 0.0000000e+00      2s


Solved with barrier
Extra simplex iterations after uncrush: 2601
Iteration    Objective       Primal Inf.    Dual Inf.      Time
   18236    1.4016178e+03   0.000000e+00   0.000000e+00      4s

Use crossover to convert LP symmetric solution to basic solution...
Crossover log...

       0 DPushes remaining with DInf 0.0000000e+00                 4s

     333 PPushes remaining with PInf 0.0000000e+00                 4s
       0 PPushes remaining with PInf 0.0000000e+00                 4s

  Push phase complete: Pinf 0.0000000e+00, Dinf 0.0000000e+00      4s

Iteration    Objective       Primal Inf.    Dual Inf.      Time
   23962    1.4017306e+03   0.000000e+00   6.327807e+04      5s
   29347    1.4018188e+03   0.000000e+00   1.600787e+04     10s
   32685    1.4018324e+03   0.000000e+00   4.954214e+03     15s
   36009    1.4018386e+03   0.000000e+00   1.418628e+04     20s
   38779    1.4018417e+03   0.000000e+00   1.112841e+03     25s
   41272    1.4018438e+03   0.000000e+00   7.324893e+03     30s
   44042    1.4018459e+03   0.000000e+00   5.054386e+02     35s
   46535    1.4018472e+03   0.000000e+00   5.281212e+03     40s
   49028    1.4018481e+03   0.000000e+00   9.278620e+02     46s
   50960    1.4018488e+03   0.000000e+00   4.962062e+02     50s
   53176    1.4018494e+03   0.000000e+00   2.957962e+02     55s
   55669    1.4018499e+03   0.000000e+00   4.126654e+02     60s
   57871    1.4018501e+03   0.000000e+00   5.510197e+01     65s
   60074    1.4016178e+03   0.000000e+00   0.000000e+00     70s
Extra simplex iterations after uncrush: 39634

Solved in 60074 iterations and 70.17 seconds (53.54 work units)
Optimal objective  1.401617836e+03
