
Gurobi 11.0.3 (mac64[x86]) logging started Mon Jan 20 12:48:36 2025

Set parameter LogFile to value "Results/result_A13.log"
Set parameter TimeLimit to value 36000
Gurobi Optimizer version 11.0.3 build v11.0.3rc0 (mac64[x86] - Darwin 23.4.0 23E214)

CPU model: Intel(R) Core(TM) i7-1060NG7 CPU @ 1.20GHz
Thread count: 4 physical cores, 8 logical processors, using up to 8 threads

Optimize a model with 267384 rows, 357816 columns and 1175096 nonzeros
Model fingerprint: 0x3223dd36
Coefficient statistics:
  Matrix range     [1e+00, 1e+00]
  Objective range  [6e-03, 2e+00]
  Bounds range     [0e+00, 0e+00]
  RHS range        [1e-02, 5e+02]
Presolve removed 241217 rows and 310454 columns
Presolve time: 1.10s
Presolved: 26167 rows, 47362 columns, 126658 nonzeros

Concurrent LP optimizer: dual simplex and barrier
Showing barrier log only...

Ordering time: 0.35s

Barrier statistics:
 Free vars  : 1013
 AA' NZ     : 8.655e+04
 Factor NZ  : 8.204e+05 (roughly 36 MB of memory)
 Factor Ops : 1.005e+08 (less than 1 second per iteration)
 Threads    : 3

                  Objective                Residual
Iter       Primal          Dual         Primal    Dual     Compl     Time
   0   1.16705355e+06  2.84895163e+06  8.60e+03 1.26e+00  1.05e+03     2s
   1   4.27192395e+04  2.42732618e+06  1.93e+03 7.97e-01  2.95e+02     2s
   2  -2.25077977e+05  1.06032661e+06  3.07e+02 1.01e-01  5.21e+01     2s
   3  -1.14128447e+05  2.19711848e+05  2.95e+01 4.96e-03  6.83e+00     2s
   4  -3.37529531e+04  8.93722957e+04  6.97e+00 1.10e-03  2.22e+00     2s
   5   6.86376570e+03  5.37816422e+04  1.27e+00 4.40e-04  7.21e-01     2s
   6   1.83570373e+04  2.86993827e+04  1.25e-01 2.96e-05  1.46e-01     2s
   7   2.03152133e+04  2.38230731e+04  3.93e-02 8.95e-06  4.87e-02     2s
   8   2.11712715e+04  2.22009664e+04  6.51e-03 9.92e-06  1.39e-02     2s
   9   2.13276057e+04  2.19808504e+04  3.09e-03 8.39e-06  8.78e-03     2s
  10   2.13822761e+04  2.17690698e+04  2.04e-03 8.35e-06  5.22e-03     2s
  11   2.14701483e+04  2.16399817e+04  4.75e-04 8.44e-06  2.26e-03     2s
  12   2.14950593e+04  2.15654611e+04  1.47e-04 5.04e-06  9.37e-04     2s
  13   2.15070609e+04  2.15213242e+04  1.94e-05 2.22e-06  1.89e-04     2s
  14   2.15096835e+04  2.15101290e+04  2.38e-07 3.21e-07  5.86e-06     2s
  15   2.15099013e+04  2.15099105e+04  8.11e-09 3.05e-08  1.22e-07     2s
  16   2.15099097e+04  2.15099099e+04  3.42e-10 1.20e-09  2.10e-09     2s

Barrier solved model in 16 iterations and 2.16 seconds (1.13 work units)
Optimal objective 2.15099097e+04

Crossover log...

    5980 DPushes remaining with DInf 0.0000000e+00                 2s

Solved with dual simplex
Extra simplex iterations after uncrush: 9579
Iteration    Objective       Primal Inf.    Dual Inf.      Time
   35418    2.1509910e+04   0.000000e+00   0.000000e+00      4s

Solved in 35418 iterations and 4.01 seconds (2.45 work units)
Optimal objective  2.150990989e+04
