
Gurobi 11.0.3 (mac64[x86]) logging started Wed Jan 22 13:11:53 2025

Set parameter LogFile to value "Results/result_C2.log"
Set parameter TimeLimit to value 36000
Gurobi Optimizer version 11.0.3 build v11.0.3rc0 (mac64[x86] - Darwin 23.4.0 23E214)

CPU model: Intel(R) Core(TM) i7-1060NG7 CPU @ 1.20GHz
Thread count: 4 physical cores, 8 logical processors, using up to 8 threads

Optimize a model with 267384 rows, 357816 columns and 1175096 nonzeros
Model fingerprint: 0x262d7899
Coefficient statistics:
  Matrix range     [1e+00, 1e+00]
  Objective range  [2e-01, 5e+00]
  Bounds range     [0e+00, 0e+00]
  RHS range        [1e-02, 1e+03]
Presolve removed 241140 rows and 307406 columns
Presolve time: 1.35s
Presolved: 26244 rows, 50410 columns, 129852 nonzeros

Concurrent LP optimizer: dual simplex and barrier
Showing barrier log only...

Ordering time: 0.38s

Barrier statistics:
 Free vars  : 1020
 AA' NZ     : 8.655e+04
 Factor NZ  : 7.924e+05 (roughly 40 MB of memory)
 Factor Ops : 8.075e+07 (less than 1 second per iteration)
 Threads    : 3

                  Objective                Residual
Iter       Primal          Dual         Primal    Dual     Compl     Time
   0  -5.57602679e+06  1.08548060e+07  1.43e+04 2.72e+00  6.05e+03     2s
   1  -5.87245293e+06  9.11267344e+06  3.01e+03 1.57e+00  1.40e+03     2s
   2  -3.53955055e+06  5.02219774e+06  5.00e+02 1.25e-01  2.53e+02     2s
   3  -1.00018819e+06  1.09387428e+06  4.76e+01 1.12e-03  3.81e+01     2s
   4  -3.61976085e+05  3.69724216e+05  1.43e+01 2.43e-04  1.24e+01     2s
   5  -6.77711109e+04  1.58696249e+05  2.34e+00 1.00e-04  3.29e+00     2s
   6  -1.41102446e+04  3.63547789e+04  4.10e-01 2.89e-05  6.96e-01     2s
   7  -6.41834630e+03  2.26579733e+04  2.28e-01 1.80e-05  3.99e-01     2s
   8   7.51588702e+02  1.34893473e+04  7.62e-02 1.15e-05  1.72e-01     2s
   9   4.48792459e+03  8.96731015e+03  2.17e-02 5.03e-06  5.98e-02     2s
  10   5.40269207e+03  8.45397218e+03  1.09e-02 4.20e-06  4.01e-02     2s
  11   5.71038686e+03  7.75047790e+03  7.62e-03 2.86e-06  2.69e-02     2s
  12   5.95342497e+03  7.56368628e+03  5.19e-03 2.47e-06  2.11e-02     2s
  13   6.00230815e+03  7.32711584e+03  4.76e-03 1.98e-06  1.74e-02     2s
  14   6.28410820e+03  6.86434139e+03  2.10e-03 2.59e-06  7.66e-03     2s
  15   6.48820982e+03  6.74679397e+03  3.48e-04 3.72e-06  3.31e-03     2s
  16   6.52039013e+03  6.63459675e+03  1.29e-04 2.19e-06  1.46e-03     3s
  17   6.53561903e+03  6.60742314e+03  4.17e-05 1.63e-06  9.10e-04     3s
  18   6.54272885e+03  6.57515303e+03  6.33e-06 8.37e-07  4.08e-04     3s
  19   6.54525547e+03  6.54807797e+03  9.72e-07 6.26e-08  3.61e-05     3s
  20   6.54648304e+03  6.54652428e+03  2.81e-08 1.74e-08  5.36e-07     3s
  21   6.54652181e+03  6.54652186e+03  1.69e-08 1.00e-09  5.79e-10     3s

Barrier solved model in 21 iterations and 2.75 seconds (1.23 work units)
Optimal objective 6.54652181e+03

Crossover log...

    6335 DPushes remaining with DInf 0.0000000e+00                 3s
       0 DPushes remaining with DInf 0.0000000e+00                 3s

    1097 PPushes remaining with PInf 2.1508137e-04                 3s
       0 PPushes remaining with PInf 0.0000000e+00                 3s

  Push phase complete: Pinf 0.0000000e+00, Dinf 0.0000000e+00      3s


Solved with barrier
Iteration    Objective       Primal Inf.    Dual Inf.      Time
   15442    6.5467309e+03   0.000000e+00   1.444109e+04      5s
   25459    6.5468238e+03   0.000000e+00   9.304062e+02     10s
Extra simplex iterations after uncrush: 19547
   26955    6.5465219e+03   0.000000e+00   0.000000e+00     11s

Solved in 26955 iterations and 11.48 seconds (7.42 work units)
Optimal objective  6.546521852e+03
