
Gurobi 11.0.3 (mac64[x86]) logging started Tue Jan 21 16:57:52 2025

Set parameter LogFile to value "Results/result_B40.97.log"
Set parameter TimeLimit to value 36000
Gurobi Optimizer version 11.0.3 build v11.0.3rc0 (mac64[x86] - Darwin 23.4.0 23E214)

CPU model: Intel(R) Core(TM) i7-1060NG7 CPU @ 1.20GHz
Thread count: 4 physical cores, 8 logical processors, using up to 8 threads

Optimize a model with 267384 rows, 357816 columns and 1175096 nonzeros
Model fingerprint: 0xb3aeb38b
Coefficient statistics:
  Matrix range     [1e+00, 1e+00]
  Objective range  [2e-01, 5e+00]
  Bounds range     [0e+00, 0e+00]
  RHS range        [1e-02, 1e+03]
Presolve removed 241133 rows and 307406 columns
Presolve time: 1.14s
Presolved: 26251 rows, 50410 columns, 129802 nonzeros

Concurrent LP optimizer: dual simplex and barrier
Showing barrier log only...

Ordering time: 0.45s

Barrier statistics:
 Free vars  : 1013
 AA' NZ     : 8.641e+04
 Factor NZ  : 7.745e+05 (roughly 40 MB of memory)
 Factor Ops : 7.419e+07 (less than 1 second per iteration)
 Threads    : 3

                  Objective                Residual
Iter       Primal          Dual         Primal    Dual     Compl     Time
   0  -5.38427873e+06  1.06793983e+07  1.54e+04 2.72e+00  5.85e+03     2s
   1  -5.69730520e+06  9.00748536e+06  3.21e+03 1.73e+00  1.41e+03     2s
   2  -3.49491567e+06  4.95118685e+06  4.63e+02 1.50e-01  2.46e+02     2s
   3  -1.06617764e+06  1.03353422e+06  4.47e+01 1.22e-03  3.79e+01     2s
   4  -3.78422495e+05  3.35688648e+05  1.37e+01 2.48e-04  1.21e+01     2s
   5  -7.28520343e+04  1.31797890e+05  2.36e+00 9.17e-05  3.00e+00     2s
   6  -2.17865885e+04  4.63400176e+04  6.71e-01 3.21e-05  9.56e-01     2s
   7  -5.58280985e+03  2.95886065e+04  2.29e-01 2.19e-05  4.76e-01     2s
   8   2.05319520e+03  1.35822327e+04  5.74e-02 8.91e-06  1.54e-01     2s
   9   4.03623594e+03  1.04660499e+04  3.06e-02 5.63e-06  8.60e-02     2s
  10   5.06431985e+03  8.95584489e+03  1.82e-02 3.88e-06  5.20e-02     2s
  11   5.74109066e+03  8.33380305e+03  1.09e-02 2.96e-06  3.45e-02     2s
  12   6.21764580e+03  8.18222626e+03  6.22e-03 2.70e-06  2.58e-02     2s
  13   6.64216000e+03  7.32342382e+03  2.16e-03 1.09e-06  8.96e-03     2s
  14   6.78481048e+03  7.19279548e+03  1.03e-03 3.56e-06  5.32e-03     2s
  15   6.90269726e+03  7.04769630e+03  2.07e-04 3.48e-06  1.86e-03     2s
  16   6.93466496e+03  6.97612938e+03  1.98e-05 1.60e-06  5.24e-04     2s
  17   6.93958706e+03  6.94502356e+03  9.39e-07 2.30e-07  6.85e-05     2s
  18   6.94004128e+03  6.94017474e+03  5.53e-08 9.91e-09  1.69e-06     2s
  19   6.94007686e+03  6.94007700e+03  2.30e-11 3.46e-10  1.77e-09     3s
  20   6.94007690e+03  6.94007690e+03  2.69e-09 4.14e-13  1.54e-12     3s

Barrier solved model in 20 iterations and 2.58 seconds (1.20 work units)
Optimal objective 6.94007690e+03

Crossover log...

    6951 DPushes remaining with DInf 0.0000000e+00                 3s

Solved with dual simplex
Iteration    Objective       Primal Inf.    Dual Inf.      Time
   33917    6.9401797e+03   0.000000e+00   5.034157e+04      5s
   41860    6.9402755e+03   0.000000e+00   2.003070e+03     10s
   47073    6.9402860e+03   0.000000e+00   5.228287e+03     15s
   50674    6.9402903e+03   0.000000e+00   5.634688e+02     20s
   54831    6.9402934e+03   0.000000e+00   9.429062e+02     25s
   58155    6.9402948e+03   0.000000e+00   3.064062e+01     30s
   60938    6.9402953e+03   0.000000e+00   2.053125e+01     35s
Extra simplex iterations after uncrush: 33507
   61757    6.9400769e+03   0.000000e+00   0.000000e+00     37s

Solved in 61757 iterations and 36.68 seconds (28.27 work units)
Optimal objective  6.940076903e+03
