
Gurobi 11.0.3 (mac64[x86]) logging started Wed Mar  5 13:53:06 2025

Set parameter LogFile to value "Results/result_v2_A_8.log"
Set parameter TimeLimit to value 36000
Gurobi Optimizer version 11.0.3 build v11.0.3rc0 (mac64[x86] - Darwin 23.4.0 23E214)

CPU model: Intel(R) Core(TM) i7-1060NG7 CPU @ 1.20GHz
Thread count: 4 physical cores, 8 logical processors, using up to 8 threads

Optimize a model with 305184 rows, 357816 columns and 1212896 nonzeros
Model fingerprint: 0x8cb8f190
Coefficient statistics:
  Matrix range     [1e+00, 1e+00]
  Objective range  [6e-02, 5e+00]
  Bounds range     [0e+00, 0e+00]
  RHS range        [1e-02, 1e+03]
Presolve removed 240767 rows and 234211 columns
Presolve time: 1.21s
Presolved: 64417 rows, 123605 columns, 406032 nonzeros

Concurrent LP optimizer: dual simplex and barrier
Showing barrier log only...

Ordering time: 0.47s

Barrier statistics:
 AA' NZ     : 1.296e+05
 Factor NZ  : 2.437e+06 (roughly 50 MB of memory)
 Factor Ops : 1.387e+09 (less than 1 second per iteration)
 Threads    : 3

                  Objective                Residual
Iter       Primal          Dual         Primal    Dual     Compl     Time
   0  -2.27578741e+05  3.66524524e+07  6.01e+03 6.58e+00  1.44e+04     2s
   1  -1.96623614e+06  2.96848482e+07  1.54e+03 1.05e+01  4.60e+03     2s
   2  -2.31539873e+06  1.19740597e+07  2.62e+02 4.91e-01  5.67e+02     2s
   3  -1.22223306e+06  2.49643745e+06  3.54e+01 3.13e-02  8.68e+01     3s
   4  -1.95635365e+05  5.52442462e+05  3.90e+00 1.63e-03  1.32e+01     3s
   5  -1.59818718e+04  7.68431576e+04  1.99e-01 2.36e-05  1.35e+00     3s
   6   1.79579132e+03  1.63496874e+04  1.45e-02 1.78e-13  2.01e-01     3s
   7   5.21379086e+03  9.36303632e+03  1.32e-03 5.86e-14  5.60e-02     3s
   8   5.93773142e+03  7.80682889e+03  3.32e-04 5.86e-14  2.51e-02     3s
   9   6.23188583e+03  7.37149062e+03  7.58e-05 8.12e-14  1.52e-02     3s
  10   6.32280589e+03  6.81258776e+03  3.34e-05 2.50e-13  6.56e-03     3s
  11   6.37328680e+03  6.72357101e+03  2.02e-05 1.96e-13  4.69e-03     4s
  12   6.41328138e+03  6.63143180e+03  1.08e-05 1.99e-13  2.92e-03     4s
  13   6.43183647e+03  6.58679610e+03  7.50e-06 2.91e-13  2.07e-03     4s

Barrier performed 13 iterations in 3.80 seconds (1.99 work units)
Barrier solve interrupted - model solved by another algorithm


Solved with dual simplex
Extra simplex iterations after uncrush: 3449
Iteration    Objective       Primal Inf.    Dual Inf.      Time
   34924    6.4835441e+03   0.000000e+00   0.000000e+00      4s

Use crossover to convert LP symmetric solution to basic solution...
Crossover log...

       0 DPushes remaining with DInf 0.0000000e+00                 4s

     495 PPushes remaining with PInf 0.0000000e+00                 4s
       0 PPushes remaining with PInf 0.0000000e+00                 4s

  Push phase complete: Pinf 0.0000000e+00, Dinf 6.7712502e-13      4s

Iteration    Objective       Primal Inf.    Dual Inf.      Time
   43632    6.4835441e+03   0.000000e+00   1.066535e+04      5s
   57660    6.4837570e+03   0.000000e+00   3.448783e+02     10s
Extra simplex iterations after uncrush: 26894
   63042    6.4835441e+03   0.000000e+00   0.000000e+00     13s

Solved in 63042 iterations and 13.09 seconds (8.89 work units)
Optimal objective  6.483544130e+03

Gurobi 11.0.3 (mac64[x86]) logging started Wed Mar  5 14:02:10 2025

Set parameter LogFile to value "Results/result_v2_A_8.log"
Set parameter TimeLimit to value 36000
Gurobi Optimizer version 11.0.3 build v11.0.3rc0 (mac64[x86] - Darwin 23.4.0 23E214)

CPU model: Intel(R) Core(TM) i7-1060NG7 CPU @ 1.20GHz
Thread count: 4 physical cores, 8 logical processors, using up to 8 threads

Optimize a model with 610368 rows, 715632 columns and 2667456 nonzeros
Model fingerprint: 0x92074348
Coefficient statistics:
  Matrix range     [1e+00, 1e+00]
  Objective range  [6e-02, 5e+00]
  Bounds range     [0e+00, 0e+00]
  RHS range        [1e-02, 1e+03]
Presolve removed 474709 rows and 455313 columns
Presolve time: 2.47s
Presolved: 135659 rows, 260319 columns, 933224 nonzeros

Concurrent LP optimizer: dual simplex and barrier
Showing barrier log only...

Ordering time: 2.11s

Barrier statistics:
 AA' NZ     : 3.198e+05
 Factor NZ  : 8.123e+06 (roughly 120 MB of memory)
 Factor Ops : 9.431e+09 (less than 1 second per iteration)
 Threads    : 3

                  Objective                Residual
Iter       Primal          Dual         Primal    Dual     Compl     Time
   0  -5.26223438e+05  8.09726933e+07  6.11e+03 6.69e+00  1.47e+04     6s
   1  -4.87989473e+06  6.50010638e+07  1.12e+03 5.54e+00  3.11e+03     6s
   2  -4.99636537e+06  1.96753519e+07  1.96e+02 2.48e-01  4.09e+02     7s
   3  -2.10027237e+06  3.70958884e+06  2.78e+01 1.78e-02  6.63e+01     7s
   4  -4.17644211e+05  9.45541915e+05  4.49e+00 1.27e-03  1.24e+01     8s
   5  -5.41706752e+04  4.00171412e+05  4.95e-01 2.93e-04  3.36e+00     8s
   6  -1.81380639e+03  5.21811729e+04  1.86e-02 3.98e-13  3.68e-01     9s
   7   7.79074648e+03  1.94393454e+04  2.14e-03 1.44e-13  7.79e-02    10s
   8   1.00720356e+04  1.40653592e+04  5.79e-04 2.34e-13  2.65e-02    10s
   9   1.11432670e+04  1.21582951e+04  1.03e-04 2.86e-13  6.72e-03    11s
  10   1.14857992e+04  1.17877089e+04  1.93e-05 3.07e-13  1.99e-03    12s
  11   1.15776734e+04  1.16952532e+04  4.96e-06 4.52e-13  7.75e-04    12s
  12   1.16105816e+04  1.16431231e+04  6.83e-07 5.96e-13  2.14e-04    13s
  13   1.16187937e+04  1.16254747e+04  9.48e-08 9.90e-13  4.39e-05    13s
  14   1.16198400e+04  1.16218638e+04  4.20e-08 1.25e-12  1.34e-05    14s
  15   1.16204530e+04  1.16210035e+04  1.09e-08 1.59e-12  3.64e-06    14s
  16   1.16205501e+04  1.16207723e+04  6.38e-09 1.65e-12  1.48e-06    15s
  17   1.16206875e+04  1.16207046e+04  3.06e-10 1.83e-12  1.12e-07    15s

Barrier performed 17 iterations in 15.45 seconds (9.80 work units)
Barrier solve interrupted - model solved by another algorithm


Solved with dual simplex
Extra simplex iterations after uncrush: 12
Iteration    Objective       Primal Inf.    Dual Inf.      Time
   87702    1.1620696e+04   0.000000e+00   0.000000e+00     16s

Use crossover to convert LP symmetric solution to basic solution...
Crossover log...

    4957 DPushes remaining with DInf 0.0000000e+00                16s
       0 DPushes remaining with DInf 0.0000000e+00                16s

    2035 PPushes remaining with PInf 0.0000000e+00                16s
       0 PPushes remaining with PInf 0.0000000e+00                16s

  Push phase complete: Pinf 0.0000000e+00, Dinf 1.2389534e-12     16s

Iteration    Objective       Primal Inf.    Dual Inf.      Time
  110396    1.1620834e+04   0.000000e+00   6.629364e+03     23s
  111507    1.1620847e+04   0.000000e+00   7.570418e+03     27s
  112881    1.1620858e+04   0.000000e+00   4.128364e+04     31s
  115610    1.1620867e+04   0.000000e+00   5.560666e+03     35s
  118982    1.1620878e+04   0.000000e+00   2.350094e+03     41s
  120188    1.1620880e+04   0.000000e+00   4.571265e+03     46s
  121796    1.1620884e+04   0.000000e+00   4.640180e+03     51s
  123404    1.1620886e+04   0.000000e+00   2.145165e+03     55s
  125414    1.1620888e+04   0.000000e+00   1.445762e+03     60s
  127424    1.1620889e+04   0.000000e+00   1.060702e+04     65s
  129434    1.1620891e+04   0.000000e+00   8.855860e+02     71s
  131042    1.1620891e+04   0.000000e+00   1.553791e+03     75s
  132650    1.1620892e+04   0.000000e+00   6.899045e+02     80s
  134258    1.1620893e+04   0.000000e+00   8.632793e+02     86s
  135464    1.1620893e+04   0.000000e+00   2.222562e+02     90s
  137072    1.1620893e+04   0.000000e+00   1.367598e+03     96s
  138278    1.1620893e+04   0.000000e+00   3.102756e+02    100s
  139484    1.1620893e+04   0.000000e+00   3.248359e+03    106s
  140690    1.1620893e+04   0.000000e+00   1.839321e+01    110s
  142700    1.1620894e+04   0.000000e+00   4.795883e+00    115s
  145112    1.1620894e+04   0.000000e+00   5.119097e-02    121s
  146720    1.1620894e+04   0.000000e+00   7.951562e-02    126s
Extra simplex iterations after uncrush: 52659
  147356    1.1620696e+04   0.000000e+00   0.000000e+00    129s

Solved in 147356 iterations and 129.28 seconds (65.74 work units)
Optimal objective  1.162069615e+04
