
Gurobi 11.0.3 (mac64[x86]) logging started Tue Jan 21 17:00:18 2025

Set parameter LogFile to value "Results/result_B41.log"
Set parameter TimeLimit to value 36000
Gurobi Optimizer version 11.0.3 build v11.0.3rc0 (mac64[x86] - Darwin 23.4.0 23E214)

CPU model: Intel(R) Core(TM) i7-1060NG7 CPU @ 1.20GHz
Thread count: 4 physical cores, 8 logical processors, using up to 8 threads

Optimize a model with 267384 rows, 357816 columns and 1175096 nonzeros
Model fingerprint: 0xe094fa60
Coefficient statistics:
  Matrix range     [1e+00, 1e+00]
  Objective range  [2e-01, 5e+00]
  Bounds range     [0e+00, 0e+00]
  RHS range        [1e-02, 1e+03]
Presolve removed 241133 rows and 307406 columns
Presolve time: 1.11s
Presolved: 26251 rows, 50410 columns, 129802 nonzeros

Concurrent LP optimizer: dual simplex and barrier
Showing barrier log only...

Ordering time: 0.42s

Barrier statistics:
 Free vars  : 1013
 AA' NZ     : 8.641e+04
 Factor NZ  : 7.745e+05 (roughly 40 MB of memory)
 Factor Ops : 7.419e+07 (less than 1 second per iteration)
 Threads    : 3

                  Objective                Residual
Iter       Primal          Dual         Primal    Dual     Compl     Time
   0  -5.54554394e+06  1.07796374e+07  1.58e+04 2.72e+00  6.02e+03     2s
   1  -5.86826220e+06  9.11225244e+06  3.29e+03 1.73e+00  1.45e+03     2s
   2  -3.59595815e+06  5.05001162e+06  4.79e+02 1.50e-01  2.54e+02     2s
   3  -1.09762468e+06  1.06918082e+06  4.64e+01 1.26e-03  3.92e+01     2s
   4  -3.92806854e+05  3.51668324e+05  1.43e+01 2.58e-04  1.26e+01     2s
   5  -7.68977940e+04  1.41662058e+05  2.50e+00 9.79e-05  3.21e+00     2s
   6  -2.29554350e+04  4.86848420e+04  7.10e-01 3.32e-05  1.01e+00     2s
   7  -4.92353677e+03  2.95534040e+04  2.12e-01 2.19e-05  4.65e-01     2s
   8   2.05728217e+03  1.32834014e+04  6.00e-02 8.62e-06  1.51e-01     2s
   9   4.11926990e+03  1.01940907e+04  3.30e-02 5.54e-06  8.18e-02     2s
  10   4.88450431e+03  9.25994610e+03  2.37e-02 4.39e-06  5.89e-02     2s
  11   5.30599304e+03  9.10996912e+03  1.89e-02 4.18e-06  5.09e-02     2s
  12   5.86147893e+03  8.43812939e+03  1.27e-02 3.13e-06  3.45e-02     2s
  13   6.40839880e+03  8.18968686e+03  6.96e-03 2.69e-06  2.35e-02     2s
  14   6.70208293e+03  7.58673520e+03  3.87e-03 1.34e-06  1.18e-02     2s
  15   6.98280294e+03  7.34805904e+03  1.04e-03 3.66e-06  4.77e-03     2s
  16   7.08523851e+03  7.24038165e+03  1.81e-04 2.51e-06  1.98e-03     2s
  17   7.11662890e+03  7.15715696e+03  1.90e-05 9.32e-07  5.12e-04     2s
  18   7.12148071e+03  7.13970171e+03  4.13e-06 4.59e-07  2.30e-04     2s
  19   7.12280174e+03  7.12291061e+03  1.53e-07 1.33e-08  1.41e-06     2s
  20   7.12286976e+03  7.12286996e+03  2.00e-10 6.22e-10  2.44e-09     3s
  21   7.12286990e+03  7.12286990e+03  7.34e-09 1.39e-12  1.56e-12     3s

Barrier solved model in 21 iterations and 2.61 seconds (1.22 work units)
Optimal objective 7.12286990e+03

Crossover log...

    6908 DPushes remaining with DInf 0.0000000e+00                 3s

Solved with dual simplex
Iteration    Objective       Primal Inf.    Dual Inf.      Time
   34083    7.1230087e+03   0.000000e+00   8.612719e+03      5s
   42482    7.1231174e+03   0.000000e+00   2.338106e+04     10s
   46089    7.1231261e+03   0.000000e+00   3.466948e+03     15s
   49413    7.1231301e+03   0.000000e+00   1.120634e+03     20s
   52183    7.1231324e+03   0.000000e+00   2.357759e+02     25s
   54953    7.1231341e+03   0.000000e+00   4.794375e+02     30s
   58044    7.1231354e+03   0.000000e+00   5.938750e+02     35s
   61645    7.1231370e+03   0.000000e+00   1.367746e+03     40s
Extra simplex iterations after uncrush: 35358
   63317    7.1228699e+03   0.000000e+00   0.000000e+00     43s

Solved in 63317 iterations and 42.99 seconds (31.41 work units)
Optimal objective  7.122869903e+03

Gurobi 11.0.3 (mac64[x86]) logging started Thu Jan 23 13:09:13 2025

Set parameter LogFile to value "Results/result_B41.log"
Set parameter TimeLimit to value 36000
Gurobi Optimizer version 11.0.3 build v11.0.3rc0 (mac64[x86] - Darwin 23.4.0 23E214)

CPU model: Intel(R) Core(TM) i7-1060NG7 CPU @ 1.20GHz
Thread count: 4 physical cores, 8 logical processors, using up to 8 threads

Optimize a model with 267384 rows, 357816 columns and 1175096 nonzeros
Model fingerprint: 0x60a57e62
Coefficient statistics:
  Matrix range     [1e+00, 1e+00]
  Objective range  [2e-01, 5e+00]
  Bounds range     [0e+00, 0e+00]
  RHS range        [1e-02, 1e+03]
Presolve removed 240100 rows and 305140 columns
Presolve time: 0.98s
Presolved: 27284 rows, 52676 columns, 136943 nonzeros

Concurrent LP optimizer: dual simplex and barrier
Showing barrier log only...

Ordering time: 0.32s

Barrier statistics:
 Free vars  : 106
 AA' NZ     : 7.436e+04
 Factor NZ  : 6.900e+05 (roughly 30 MB of memory)
 Factor Ops : 7.169e+07 (less than 1 second per iteration)
 Threads    : 3

                  Objective                Residual
Iter       Primal          Dual         Primal    Dual     Compl     Time
   0  -4.65009759e+06  8.17324993e+06  2.55e+04 3.13e+00  4.82e+03     2s
   1  -3.22340182e+06  6.67538780e+06  5.63e+03 1.39e+00  1.21e+03     2s
   2  -2.19101191e+06  3.56212076e+06  8.83e+02 4.40e-02  2.05e+02     2s
   3  -4.32605170e+05  8.30702181e+05  8.64e+01 3.15e-04  2.89e+01     2s
   4  -1.41723606e+05  2.37039759e+05  2.51e+01 1.14e-04  7.92e+00     2s
   5  -7.09919706e+04  7.53942823e+04  1.15e+01 4.61e-05  2.94e+00     2s
   6  -2.06291588e+04  3.11085290e+04  2.71e+00 2.86e-05  9.30e-01     2s
   7  -1.12437652e+04  2.08787727e+04  1.38e+00 2.09e-05  5.56e-01     2s
   8  -3.63711300e+03  7.17533085e+03  3.82e-01 1.01e-05  1.81e-01     2s
   9  -5.80791575e+02  3.87869614e+03  9.19e-02 5.23e-06  7.24e-02     2s
  10   5.71464980e+02  2.92752480e+03  3.04e-02 3.28e-06  3.77e-02     2s
  11   8.70169886e+02  2.36801432e+03  1.83e-02 2.12e-06  2.40e-02     2s
  12   1.10770260e+03  2.09815864e+03  1.02e-02 1.44e-06  1.58e-02     2s
  13   1.32829717e+03  1.91148630e+03  4.26e-03 1.26e-06  9.26e-03     2s
  14   1.47307430e+03  1.56116983e+03  1.20e-03 1.83e-06  1.42e-03     2s
  15   1.53919439e+03  1.54263889e+03  3.83e-05 6.11e-07  5.53e-05     2s
  16   1.54221348e+03  1.54221796e+03  5.18e-08 2.40e-08  7.19e-08     2s
  17   1.54221784e+03  1.54221784e+03  2.50e-12 3.40e-11  9.42e-14     2s

Barrier solved model in 17 iterations and 2.13 seconds (1.18 work units)
Optimal objective 1.54221784e+03

Crossover log...

   15768 DPushes remaining with DInf 0.0000000e+00                 2s
       0 DPushes remaining with DInf 0.0000000e+00                 2s

     130 PPushes remaining with PInf 0.0000000e+00                 2s
       0 PPushes remaining with PInf 0.0000000e+00                 2s

  Push phase complete: Pinf 0.0000000e+00, Dinf 0.0000000e+00      2s


Solved with barrier
Extra simplex iterations after uncrush: 3168
Iteration    Objective       Primal Inf.    Dual Inf.      Time
   18859    1.5422178e+03   0.000000e+00   0.000000e+00      4s

Use crossover to convert LP symmetric solution to basic solution...
Crossover log...

       0 DPushes remaining with DInf 0.0000000e+00                 4s

     360 PPushes remaining with PInf 0.0000000e+00                 4s
       0 PPushes remaining with PInf 0.0000000e+00                 4s

  Push phase complete: Pinf 0.0000000e+00, Dinf 0.0000000e+00      4s

Iteration    Objective       Primal Inf.    Dual Inf.      Time
   24411    1.5423417e+03   0.000000e+00   1.407977e+04      5s
   30302    1.5424220e+03   0.000000e+00   8.898372e+03     10s
   33626    1.5424305e+03   0.000000e+00   3.327470e+03     15s
   36950    1.5424347e+03   0.000000e+00   2.120597e+03     20s
   39720    1.5424370e+03   0.000000e+00   1.097540e+03     25s
   42213    1.5424384e+03   0.000000e+00   1.954981e+03     30s
   44983    1.5424397e+03   0.000000e+00   4.605485e+02     35s
   47476    1.5424405e+03   0.000000e+00   7.348906e+02     40s
   49692    1.5424409e+03   0.000000e+00   8.645521e+02     45s
   52185    1.5424412e+03   0.000000e+00   1.220000e+02     50s
Extra simplex iterations after uncrush: 32592
   53678    1.5422178e+03   0.000000e+00   0.000000e+00     53s

Solved in 53678 iterations and 53.29 seconds (43.49 work units)
Optimal objective  1.542217836e+03
