
Gurobi 11.0.3 (mac64[x86]) logging started Thu Feb 27 15:20:12 2025

Set parameter LogFile to value "Results/result_v2_A.log"
Set parameter TimeLimit to value 36000
Gurobi Optimizer version 11.0.3 build v11.0.3rc0 (mac64[x86] - Darwin 23.4.0 23E214)

CPU model: Intel(R) Core(TM) i7-1060NG7 CPU @ 1.20GHz
Thread count: 4 physical cores, 8 logical processors, using up to 8 threads

Optimize a model with 267384 rows, 357816 columns and 1175096 nonzeros
Model fingerprint: 0x5f9c585d
Coefficient statistics:
  Matrix range     [1e+00, 1e+00]
  Objective range  [6e-02, 5e+00]
  Bounds range     [0e+00, 0e+00]
  RHS range        [1e-02, 1e+03]
Presolve removed 169138 rows and 156847 columns
Presolve time: 1.10s
Presolved: 98246 rows, 200969 columns, 661162 nonzeros

Concurrent LP optimizer: dual simplex and barrier
Showing barrier log only...

Ordering time: 0.80s

Barrier statistics:
 AA' NZ     : 8.568e+05
 Factor NZ  : 6.644e+06 (roughly 170 MB of memory)
 Factor Ops : 2.904e+09 (less than 1 second per iteration)
 Threads    : 3

                  Objective                Residual
Iter       Primal          Dual         Primal    Dual     Compl     Time
   0   1.87381980e+05  2.99507883e+06  1.87e+04 5.58e-01  1.90e+03     3s
   1  -1.02026148e+07  2.73347780e+06  4.87e+03 5.11e-01  4.46e+02     3s
   2  -6.45225999e+06  1.55325343e+06  5.82e+02 2.01e-02  4.77e+01     3s
   3  -1.27784634e+06  4.16687510e+05  9.63e+01 1.41e-03  8.08e+00     4s
   4  -3.74368036e+05  1.60193162e+05  1.63e+01 3.86e-04  2.42e+00     4s
   5  -1.44021719e+05  5.20123389e+04  5.04e+00 6.82e-05  8.23e-01     4s
   6  -1.11370331e+05  2.68845427e+04  3.87e+00 8.23e-06  5.79e-01     5s
   7  -1.06893932e+05 -2.69660736e+04  3.71e+00 2.70e-06  5.35e-01     5s
   8  -1.04492764e+05 -2.84678575e+07  3.63e+00 1.75e-10  5.53e-01     5s
   9  -1.04478510e+05 -4.02687038e+11  3.63e+00 2.86e-06  1.91e+02     6s

Barrier performed 9 iterations in 5.54 seconds (2.94 work units)
Barrier solve interrupted - model solved by another algorithm


Solved with dual simplex

Solved in 27638 iterations and 5.58 seconds (2.53 work units)
Infeasible or unbounded model

Gurobi 11.0.3 (mac64[x86]) logging started Thu Feb 27 15:23:01 2025

Set parameter LogFile to value "Results/result_v2_A.log"
Set parameter TimeLimit to value 36000
Gurobi Optimizer version 11.0.3 build v11.0.3rc0 (mac64[x86] - Darwin 23.4.0 23E214)

CPU model: Intel(R) Core(TM) i7-1060NG7 CPU @ 1.20GHz
Thread count: 4 physical cores, 8 logical processors, using up to 8 threads

Optimize a model with 267384 rows, 357816 columns and 1175096 nonzeros
Model fingerprint: 0xc5d941a4
Coefficient statistics:
  Matrix range     [1e+00, 1e+00]
  Objective range  [6e-02, 5e+00]
  Bounds range     [0e+00, 0e+00]
  RHS range        [1e-02, 1e+03]
Presolve removed 169104 rows and 156824 columns
Presolve time: 0.91s
Presolved: 98280 rows, 200992 columns, 661184 nonzeros

Concurrent LP optimizer: dual simplex and barrier
Showing barrier log only...

Ordering time: 0.08s

Barrier statistics:
 AA' NZ     : 2.438e+04
 Factor NZ  : 2.171e+05 (roughly 10 MB of memory)
 Factor Ops : 2.131e+07 (less than 1 second per iteration)
 Threads    : 3

                  Objective                Residual
Iter       Primal          Dual         Primal    Dual     Compl     Time
   0   4.99871645e+04  7.13946578e+06  6.22e+03 6.92e+00  1.11e+04     1s
   1  -1.80900074e+06  5.04210117e+06  1.71e+03 3.82e+00  2.65e+03     1s
   2  -1.35968921e+06  1.99356918e+06  1.89e+02 2.21e-01  3.42e+02     1s
   3  -2.81714771e+05  3.56203359e+05  2.31e+01 5.67e-03  4.52e+01     1s
   4  -6.59391810e+04  1.49670852e+05  4.76e+00 1.22e-03  1.30e+01     1s
   5  -1.86559834e+04  6.81217566e+04  1.39e+00 3.61e-04  4.81e+00     1s
   6  -3.28929037e+03  2.63942553e+04  3.91e-01 1.84e-13  1.56e+00     1s
   7   2.40187419e+03  1.29521984e+04  1.37e-01 5.80e-14  5.43e-01     1s
   8   5.34433614e+03  1.00278721e+04  3.65e-02 2.98e-14  2.34e-01     1s
   9   5.90085311e+03  8.91616666e+03  2.30e-02 1.74e-14  1.51e-01     1s
  10   6.39977510e+03  8.43894903e+03  1.23e-02 1.95e-14  1.01e-01     1s
  11   6.74907170e+03  7.92543545e+03  6.10e-03 2.27e-14  5.81e-02     1s
  12   6.94800260e+03  7.59906926e+03  3.10e-03 2.52e-14  3.21e-02     1s
  13   7.09916970e+03  7.43936945e+03  1.10e-03 3.26e-14  1.67e-02     1s
  14   7.16518596e+03  7.26675112e+03  3.76e-04 2.95e-14  4.99e-03     1s
  15   7.19192320e+03  7.22179509e+03  1.28e-04 5.47e-14  1.47e-03     1s
  16   7.20140461e+03  7.21218966e+03  5.47e-05 5.72e-14  5.35e-04     1s
  17   7.20707670e+03  7.21017853e+03  1.45e-05 4.00e-14  1.54e-04     1s
  18   7.20880538e+03  7.20936100e+03  2.70e-06 3.98e-14  2.76e-05     1s
  19   7.20917742e+03  7.20923983e+03  2.42e-07 4.26e-14  3.08e-06     1s
  20   7.20921385e+03  7.20921745e+03  7.43e-09 5.41e-14  1.76e-07     1s
  21   7.20921645e+03  7.20921656e+03  2.12e-11 6.91e-14  5.39e-09     1s
  22   7.20921645e+03  7.20921645e+03  8.69e-12 5.71e-14  9.39e-15     1s

Barrier solved model in 22 iterations and 1.42 seconds (1.04 work units)
Optimal objective 7.20921645e+03

Crossover log...

    4353 DPushes remaining with DInf 0.0000000e+00                 1s
       0 DPushes remaining with DInf 0.0000000e+00                 1s

     265 PPushes remaining with PInf 0.0000000e+00                 1s
       0 PPushes remaining with PInf 0.0000000e+00                 1s

  Push phase complete: Pinf 0.0000000e+00, Dinf 1.9548339e-13      1s


Solved with barrier
Extra simplex iterations after uncrush: 499
Iteration    Objective       Primal Inf.    Dual Inf.      Time
    4968    7.2092165e+03   0.000000e+00   0.000000e+00      2s

Use crossover to convert LP symmetric solution to basic solution...
Crossover log...

       0 DPushes remaining with DInf 0.0000000e+00                 2s

     413 PPushes remaining with PInf 0.0000000e+00                 2s
       0 PPushes remaining with PInf 0.0000000e+00                 2s

  Push phase complete: Pinf 0.0000000e+00, Dinf 3.1508129e-13      2s

Iteration    Objective       Primal Inf.    Dual Inf.      Time
   20016    7.2093696e+03   0.000000e+00   7.194958e+02      5s
Extra simplex iterations after uncrush: 18155
   26391    7.2092165e+03   0.000000e+00   0.000000e+00      8s

Solved in 26391 iterations and 8.06 seconds (6.81 work units)
Optimal objective  7.209216453e+03

Gurobi 11.0.3 (mac64[x86]) logging started Thu Feb 27 15:24:01 2025

Set parameter LogFile to value "Results/result_v2_A.log"
Set parameter TimeLimit to value 36000
Gurobi Optimizer version 11.0.3 build v11.0.3rc0 (mac64[x86] - Darwin 23.4.0 23E214)

CPU model: Intel(R) Core(TM) i7-1060NG7 CPU @ 1.20GHz
Thread count: 4 physical cores, 8 logical processors, using up to 8 threads

Optimize a model with 267384 rows, 357816 columns and 1175096 nonzeros
Model fingerprint: 0xc14a16de
Coefficient statistics:
  Matrix range     [1e+00, 1e+00]
  Objective range  [6e-02, 5e+00]
  Bounds range     [0e+00, 0e+00]
  RHS range        [1e-02, 1e+03]
Presolve removed 169138 rows and 156840 columns
Presolve time: 0.89s
Presolved: 98246 rows, 200976 columns, 661148 nonzeros

Concurrent LP optimizer: dual simplex and barrier
Showing barrier log only...

Ordering time: 0.80s

Barrier statistics:
 AA' NZ     : 8.567e+05
 Factor NZ  : 6.440e+06 (roughly 170 MB of memory)
 Factor Ops : 2.488e+09 (less than 1 second per iteration)
 Threads    : 3

                  Objective                Residual
Iter       Primal          Dual         Primal    Dual     Compl     Time
   0   1.86444349e+05  2.99660851e+06  1.87e+04 5.58e-01  1.90e+03     2s
   1  -1.02025252e+07  2.74015970e+06  4.87e+03 5.11e-01  4.47e+02     3s
   2  -6.42553438e+06  1.56251181e+06  5.47e+02 1.97e-02  4.69e+01     3s
   3  -1.15512716e+06  4.43993802e+05  8.28e+01 1.69e-03  7.68e+00     3s

Barrier performed 3 iterations in 3.14 seconds (1.66 work units)
Barrier solve interrupted - model solved by another algorithm


Solved with dual simplex

Solved in 22843 iterations and 3.18 seconds (1.83 work units)
Infeasible or unbounded model

Gurobi 11.0.3 (mac64[x86]) logging started Thu Feb 27 15:25:02 2025

Set parameter LogFile to value "Results/result_v2_A.log"
Set parameter TimeLimit to value 36000
Gurobi Optimizer version 11.0.3 build v11.0.3rc0 (mac64[x86] - Darwin 23.4.0 23E214)

CPU model: Intel(R) Core(TM) i7-1060NG7 CPU @ 1.20GHz
Thread count: 4 physical cores, 8 logical processors, using up to 8 threads

Optimize a model with 267384 rows, 357816 columns and 1175096 nonzeros
Model fingerprint: 0x04660e52
Coefficient statistics:
  Matrix range     [1e+00, 1e+00]
  Objective range  [6e-02, 5e+00]
  Bounds range     [0e+00, 0e+00]
  RHS range        [1e-02, 1e+03]
Presolve removed 169138 rows and 156847 columns
Presolve time: 1.07s
Presolved: 98246 rows, 200969 columns, 661162 nonzeros

Concurrent LP optimizer: dual simplex and barrier
Showing barrier log only...

Ordering time: 0.42s

Barrier statistics:
 AA' NZ     : 1.392e+05
 Factor NZ  : 2.379e+06 (roughly 50 MB of memory)
 Factor Ops : 1.233e+09 (less than 1 second per iteration)
 Threads    : 3

                  Objective                Residual
Iter       Primal          Dual         Primal    Dual     Compl     Time
   0   9.64227512e+04  2.79023554e+07  6.00e+03 6.92e+00  1.10e+04     2s
   1  -2.15825284e+06  2.25817531e+07  1.54e+03 7.98e+00  3.53e+03     2s
   2  -2.55856512e+06  9.16692352e+06  2.57e+02 4.15e-01  4.34e+02     2s
   3  -1.19439870e+06  1.82721724e+06  2.92e+01 2.25e-02  6.29e+01     2s
   4  -2.24871818e+05  4.27557906e+05  3.29e+00 1.26e-03  1.05e+01     2s
   5  -2.13157738e+04  8.44447368e+04  2.07e-01 5.40e-05  1.46e+00     2s
   6   5.61713460e+02  2.70302986e+04  2.19e-02 1.07e-13  3.49e-01     3s
   7   4.63690771e+03  1.09642411e+04  2.60e-03 4.98e-14  8.14e-02     3s
   8   5.70967230e+03  8.12304983e+03  6.59e-04 5.53e-14  3.07e-02     3s
   9   6.10755911e+03  7.24776563e+03  2.06e-04 6.95e-14  1.45e-02     3s
  10   6.27451569e+03  6.85125083e+03  9.22e-05 8.83e-14  7.31e-03     3s
  11   6.35129206e+03  6.73406909e+03  5.22e-05 9.38e-14  4.85e-03     3s
  12   6.38431801e+03  6.62724404e+03  3.71e-05 9.16e-14  3.08e-03     3s
  13   6.41418077e+03  6.57462399e+03  2.48e-05 1.13e-13  2.04e-03     3s

Barrier performed 13 iterations in 3.27 seconds (2.07 work units)
Barrier solve interrupted - model solved by another algorithm


Solved with dual simplex
Extra simplex iterations after uncrush: 3677
Iteration    Objective       Primal Inf.    Dual Inf.      Time
   36008    6.4812176e+03   0.000000e+00   0.000000e+00      4s

Use crossover to convert LP symmetric solution to basic solution...
Crossover log...

       0 DPushes remaining with DInf 0.0000000e+00                 4s

     545 PPushes remaining with PInf 0.0000000e+00                 4s
       0 PPushes remaining with PInf 0.0000000e+00                 4s

  Push phase complete: Pinf 0.0000000e+00, Dinf 7.4662498e-13      4s

Iteration    Objective       Primal Inf.    Dual Inf.      Time
   46507    6.4813225e+03   0.000000e+00   1.055588e+04      5s
   60515    6.4813940e+03   0.000000e+00   4.227400e+00     10s
Extra simplex iterations after uncrush: 22074
   61256    6.4812176e+03   0.000000e+00   0.000000e+00     11s

Solved in 61256 iterations and 10.65 seconds (8.40 work units)
Optimal objective  6.481217575e+03

Gurobi 11.0.3 (mac64[x86]) logging started Thu Feb 27 16:06:10 2025

Set parameter LogFile to value "Results/result_v2_A.log"
Set parameter TimeLimit to value 36000
Gurobi Optimizer version 11.0.3 build v11.0.3rc0 (mac64[x86] - Darwin 23.4.0 23E214)

CPU model: Intel(R) Core(TM) i7-1060NG7 CPU @ 1.20GHz
Thread count: 4 physical cores, 8 logical processors, using up to 8 threads

Optimize a model with 267384 rows, 357816 columns and 1175096 nonzeros
Model fingerprint: 0xc5d941a4
Coefficient statistics:
  Matrix range     [1e+00, 1e+00]
  Objective range  [6e-02, 5e+00]
  Bounds range     [0e+00, 0e+00]
  RHS range        [1e-02, 1e+03]
Presolve removed 169104 rows and 156824 columns
Presolve time: 0.82s
Presolved: 98280 rows, 200992 columns, 661184 nonzeros

Concurrent LP optimizer: dual simplex and barrier
Showing barrier log only...

Ordering time: 0.06s

Barrier statistics:
 AA' NZ     : 2.438e+04
 Factor NZ  : 2.171e+05 (roughly 10 MB of memory)
 Factor Ops : 2.131e+07 (less than 1 second per iteration)
 Threads    : 3

                  Objective                Residual
Iter       Primal          Dual         Primal    Dual     Compl     Time
   0   4.99871645e+04  7.13946578e+06  6.22e+03 6.92e+00  1.11e+04     1s
   1  -1.80900074e+06  5.04210117e+06  1.71e+03 3.82e+00  2.65e+03     1s
   2  -1.35968921e+06  1.99356918e+06  1.89e+02 2.21e-01  3.42e+02     1s
   3  -2.81714771e+05  3.56203359e+05  2.31e+01 5.67e-03  4.52e+01     1s
   4  -6.59391810e+04  1.49670852e+05  4.76e+00 1.22e-03  1.30e+01     1s
   5  -1.86559834e+04  6.81217566e+04  1.39e+00 3.61e-04  4.81e+00     1s
   6  -3.28929037e+03  2.63942553e+04  3.91e-01 1.84e-13  1.56e+00     1s
   7   2.40187419e+03  1.29521984e+04  1.37e-01 5.80e-14  5.43e-01     1s
   8   5.34433614e+03  1.00278721e+04  3.65e-02 2.98e-14  2.34e-01     1s
   9   5.90085311e+03  8.91616666e+03  2.30e-02 1.74e-14  1.51e-01     1s
  10   6.39977510e+03  8.43894903e+03  1.23e-02 1.95e-14  1.01e-01     1s
  11   6.74907170e+03  7.92543545e+03  6.10e-03 2.27e-14  5.81e-02     1s
  12   6.94800260e+03  7.59906926e+03  3.10e-03 2.52e-14  3.21e-02     1s
  13   7.09916970e+03  7.43936945e+03  1.10e-03 3.26e-14  1.67e-02     1s
  14   7.16518596e+03  7.26675112e+03  3.76e-04 2.95e-14  4.99e-03     1s
  15   7.19192320e+03  7.22179509e+03  1.28e-04 5.47e-14  1.47e-03     1s
  16   7.20140461e+03  7.21218966e+03  5.47e-05 5.72e-14  5.35e-04     1s
  17   7.20707670e+03  7.21017853e+03  1.45e-05 4.00e-14  1.54e-04     1s
  18   7.20880538e+03  7.20936100e+03  2.70e-06 3.98e-14  2.76e-05     1s
  19   7.20917742e+03  7.20923983e+03  2.42e-07 4.26e-14  3.08e-06     1s
  20   7.20921385e+03  7.20921745e+03  7.43e-09 5.41e-14  1.76e-07     1s
  21   7.20921645e+03  7.20921656e+03  2.12e-11 6.91e-14  5.39e-09     1s
  22   7.20921645e+03  7.20921645e+03  8.69e-12 5.71e-14  9.39e-15     1s

Barrier solved model in 22 iterations and 1.22 seconds (1.04 work units)
Optimal objective 7.20921645e+03

Crossover log...

    4353 DPushes remaining with DInf 0.0000000e+00                 1s
       0 DPushes remaining with DInf 0.0000000e+00                 1s

     265 PPushes remaining with PInf 0.0000000e+00                 1s
       0 PPushes remaining with PInf 0.0000000e+00                 1s

  Push phase complete: Pinf 0.0000000e+00, Dinf 1.9548339e-13      1s


Solved with barrier
Extra simplex iterations after uncrush: 499
Iteration    Objective       Primal Inf.    Dual Inf.      Time
    4968    7.2092165e+03   0.000000e+00   0.000000e+00      1s

Use crossover to convert LP symmetric solution to basic solution...
Crossover log...

       0 DPushes remaining with DInf 0.0000000e+00                 2s

     413 PPushes remaining with PInf 0.0000000e+00                 2s
       0 PPushes remaining with PInf 0.0000000e+00                 2s

  Push phase complete: Pinf 0.0000000e+00, Dinf 3.1508129e-13      2s

Iteration    Objective       Primal Inf.    Dual Inf.      Time
   22043    7.2093720e+03   0.000000e+00   1.671191e+02      5s
Extra simplex iterations after uncrush: 18155
   26391    7.2092165e+03   0.000000e+00   0.000000e+00      7s

Solved in 26391 iterations and 6.96 seconds (6.81 work units)
Optimal objective  7.209216453e+03

Gurobi 11.0.3 (mac64[x86]) logging started Thu Feb 27 16:07:58 2025

Set parameter LogFile to value "Results/result_v2_A.log"
Set parameter TimeLimit to value 36000
Gurobi Optimizer version 11.0.3 build v11.0.3rc0 (mac64[x86] - Darwin 23.4.0 23E214)

CPU model: Intel(R) Core(TM) i7-1060NG7 CPU @ 1.20GHz
Thread count: 4 physical cores, 8 logical processors, using up to 8 threads

Optimize a model with 267384 rows, 357816 columns and 1175096 nonzeros
Model fingerprint: 0x12efe47b
Coefficient statistics:
  Matrix range     [1e+00, 1e+00]
  Objective range  [6e-02, 5e+00]
  Bounds range     [0e+00, 0e+00]
  RHS range        [1e-02, 1e+03]
Presolve removed 240100 rows and 305145 columns
Presolve time: 1.06s
Presolved: 27284 rows, 52671 columns, 136964 nonzeros

Concurrent LP optimizer: dual simplex and barrier
Showing barrier log only...

Ordering time: 0.28s

Barrier statistics:
 Free vars  : 105
 AA' NZ     : 7.437e+04
 Factor NZ  : 6.821e+05 (roughly 30 MB of memory)
 Factor Ops : 6.860e+07 (less than 1 second per iteration)
 Threads    : 3

                  Objective                Residual
Iter       Primal          Dual         Primal    Dual     Compl     Time
   0  -1.55552132e+06  2.81067448e+06  2.55e+04 8.99e-01  1.68e+03     2s
   1  -1.67136254e+06  2.30720520e+06  5.59e+03 4.59e-01  4.25e+02     2s
   2  -1.15602806e+06  1.09516847e+06  7.31e+02 5.24e-03  6.61e+01     2s
   3  -1.52045410e+05  2.51263783e+05  7.34e+01 3.39e-05  9.03e+00     2s
   4  -5.09424879e+04  7.90342451e+04  2.45e+01 3.60e-05  2.74e+00     2s
   5  -2.06882395e+04  3.89326160e+04  1.06e+01 3.70e-05  1.18e+00     2s
   6  -3.93122390e+03  2.31559541e+04  3.58e+00 3.07e-05  4.94e-01     2s
   7  -1.97072868e+03  1.65594205e+04  2.86e+00 1.77e-05  3.38e-01     2s
   8   3.37589143e+03  1.15040083e+04  1.04e+00 1.31e-05  1.42e-01     2s
   9   6.19357350e+03  8.83134588e+03  1.54e-01 7.10e-06  4.32e-02     2s
  10   6.84062343e+03  7.98879623e+03  3.40e-02 4.76e-06  1.84e-02     2s
  11   7.02669003e+03  7.65179885e+03  1.35e-02 3.07e-06  9.95e-03     2s
  12   7.09612373e+03  7.43240517e+03  7.59e-03 1.63e-06  5.37e-03     2s

Barrier performed 12 iterations in 2.00 seconds (1.10 work units)
Barrier solve interrupted - model solved by another algorithm


Solved with dual simplex
Extra simplex iterations after uncrush: 2462
Iteration    Objective       Primal Inf.    Dual Inf.      Time
   20333    7.2115461e+03   0.000000e+00   0.000000e+00      2s

Use crossover to convert LP symmetric solution to basic solution...
Crossover log...

       0 DPushes remaining with DInf 0.0000000e+00                 2s

     885 PPushes remaining with PInf 0.0000000e+00                 2s
       0 PPushes remaining with PInf 0.0000000e+00                 2s

  Push phase complete: Pinf 0.0000000e+00, Dinf 3.1863401e-14      2s

Iteration    Objective       Primal Inf.    Dual Inf.      Time
   36343    7.2116127e+03   0.000000e+00   2.011250e+01      5s
Extra simplex iterations after uncrush: 15801
   37025    7.2115461e+03   0.000000e+00   0.000000e+00      6s

Solved in 37025 iterations and 5.99 seconds (5.16 work units)
Optimal objective  7.211546113e+03

Gurobi 11.0.3 (mac64[x86]) logging started Thu Feb 27 16:13:18 2025

Set parameter LogFile to value "Results/result_v2_A.log"
Set parameter TimeLimit to value 36000
Gurobi Optimizer version 11.0.3 build v11.0.3rc0 (mac64[x86] - Darwin 23.4.0 23E214)

CPU model: Intel(R) Core(TM) i7-1060NG7 CPU @ 1.20GHz
Thread count: 4 physical cores, 8 logical processors, using up to 8 threads

Optimize a model with 267384 rows, 357816 columns and 1175096 nonzeros
Model fingerprint: 0x68aa830a
Coefficient statistics:
  Matrix range     [1e+00, 1e+00]
  Objective range  [6e-02, 5e+00]
  Bounds range     [0e+00, 0e+00]
  RHS range        [1e-02, 1e+03]
Presolve removed 169104 rows and 156824 columns
Presolve time: 1.18s
Presolved: 98280 rows, 200992 columns, 661184 nonzeros

Concurrent LP optimizer: dual simplex and barrier
Showing barrier log only...

Ordering time: 0.09s

Barrier statistics:
 AA' NZ     : 2.438e+04
 Factor NZ  : 2.171e+05 (roughly 10 MB of memory)
 Factor Ops : 2.131e+07 (less than 1 second per iteration)
 Threads    : 3

                  Objective                Residual
Iter       Primal          Dual         Primal    Dual     Compl     Time
   0   5.06918469e+04  7.13941985e+06  6.22e+03 6.92e+00  1.11e+04     1s
   1  -1.80814866e+06  5.04209530e+06  1.71e+03 3.82e+00  2.65e+03     1s
   2  -1.35893577e+06  1.99368416e+06  1.89e+02 2.21e-01  3.42e+02     1s
   3  -2.80988089e+05  3.56317310e+05  2.31e+01 5.72e-03  4.51e+01     1s
   4  -6.52799906e+04  1.49714896e+05  4.76e+00 1.31e-03  1.30e+01     1s
   5  -1.82168719e+04  6.81541444e+04  1.40e+00 4.37e-04  4.81e+00     1s
   6  -3.05842655e+03  2.64010752e+04  3.90e-01 2.55e-05  1.56e+00     1s
   7   2.49165770e+03  1.29547939e+04  1.36e-01 1.01e-13  5.41e-01     1s
   8   5.35651143e+03  1.00534220e+04  3.64e-02 5.20e-14  2.36e-01     2s
   9   5.86416671e+03  8.88643814e+03  2.40e-02 3.30e-14  1.51e-01     2s
  10   6.38219544e+03  8.44832434e+03  1.29e-02 4.01e-14  1.03e-01     2s
  11   6.75634984e+03  7.92239461e+03  6.06e-03 2.87e-14  5.76e-02     2s
  12   6.94607925e+03  7.57328834e+03  3.19e-03 2.97e-14  3.10e-02     2s
  13   7.09704677e+03  7.40229508e+03  1.19e-03 3.36e-14  1.50e-02     2s
  14   7.17315794e+03  7.24531375e+03  3.51e-04 4.52e-14  3.57e-03     2s
  15   7.19610579e+03  7.22514108e+03  1.09e-04 3.44e-14  1.43e-03     2s
  16   7.20640967e+03  7.21617831e+03  3.59e-05 3.92e-14  4.80e-04     2s
  17   7.20971233e+03  7.21265407e+03  1.15e-05 3.89e-14  1.45e-04     2s
  18   7.21097937e+03  7.21172312e+03  3.37e-06 4.57e-14  3.68e-05     2s
  19   7.21146264e+03  7.21159138e+03  4.34e-07 5.48e-14  6.34e-06     2s
  20   7.21152720e+03  7.21155194e+03  9.41e-08 5.85e-14  1.22e-06     2s

Barrier performed 20 iterations in 1.64 seconds (1.04 work units)
Barrier solve interrupted - model solved by another algorithm


Solved with dual simplex
Extra simplex iterations after uncrush: 1069
Iteration    Objective       Primal Inf.    Dual Inf.      Time
    9232    7.2115461e+03   0.000000e+00   0.000000e+00      2s

Use crossover to convert LP symmetric solution to basic solution...
Crossover log...

       0 DPushes remaining with DInf 0.0000000e+00                 2s

     338 PPushes remaining with PInf 0.0000000e+00                 2s
       0 PPushes remaining with PInf 0.0000000e+00                 2s

  Push phase complete: Pinf 0.0000000e+00, Dinf 4.6124216e-13      2s

Iteration    Objective       Primal Inf.    Dual Inf.      Time
   23803    7.2117032e+03   0.000000e+00   7.303308e+01      5s
Extra simplex iterations after uncrush: 15085
   27558    7.2115461e+03   0.000000e+00   0.000000e+00      8s

Solved in 27558 iterations and 8.04 seconds (7.03 work units)
Optimal objective  7.211546113e+03

Gurobi 11.0.3 (mac64[x86]) logging started Thu Feb 27 16:15:02 2025

Set parameter LogFile to value "Results/result_v2_A.log"
Set parameter TimeLimit to value 36000
Gurobi Optimizer version 11.0.3 build v11.0.3rc0 (mac64[x86] - Darwin 23.4.0 23E214)

CPU model: Intel(R) Core(TM) i7-1060NG7 CPU @ 1.20GHz
Thread count: 4 physical cores, 8 logical processors, using up to 8 threads

Optimize a model with 267384 rows, 357816 columns and 1175096 nonzeros
Model fingerprint: 0xd89b0ec1
Coefficient statistics:
  Matrix range     [1e+00, 1e+00]
  Objective range  [6e-02, 5e+00]
  Bounds range     [0e+00, 0e+00]
  RHS range        [1e-02, 1e+03]
Presolve removed 169104 rows and 156824 columns
Presolve time: 0.92s
Presolved: 98280 rows, 200992 columns, 661184 nonzeros

Concurrent LP optimizer: dual simplex and barrier
Showing barrier log only...

Ordering time: 0.09s

Barrier statistics:
 AA' NZ     : 2.438e+04
 Factor NZ  : 2.171e+05 (roughly 10 MB of memory)
 Factor Ops : 2.131e+07 (less than 1 second per iteration)
 Threads    : 3

                  Objective                Residual
Iter       Primal          Dual         Primal    Dual     Compl     Time
   0   5.17038212e+04  7.13949952e+06  6.22e+03 6.92e+00  1.11e+04     1s
   1  -1.80720558e+06  5.04214969e+06  1.71e+03 3.82e+00  2.65e+03     1s
   2  -1.35806598e+06  1.99331857e+06  1.90e+02 2.20e-01  3.42e+02     1s
   3  -2.79581720e+05  3.56393215e+05  2.31e+01 5.71e-03  4.51e+01     1s
   4  -6.43264387e+04  1.49723896e+05  4.76e+00 1.31e-03  1.29e+01     1s
   5  -1.76855241e+04  6.81760418e+04  1.40e+00 4.37e-04  4.80e+00     1s
   6  -2.82781844e+03  2.64001935e+04  3.90e-01 2.53e-05  1.55e+00     1s
   7   2.56030410e+03  1.29526020e+04  1.36e-01 6.04e-14  5.39e-01     1s
   8   5.36077594e+03  1.00518727e+04  3.63e-02 2.94e-14  2.36e-01     1s
   9   5.86374089e+03  8.88504665e+03  2.40e-02 2.49e-14  1.52e-01     1s
  10   6.38003737e+03  8.44686016e+03  1.28e-02 2.96e-14  1.03e-01     1s
  11   6.75532020e+03  7.91777305e+03  6.04e-03 2.58e-14  5.75e-02     1s
  12   6.94599521e+03  7.57178753e+03  3.18e-03 2.11e-14  3.09e-02     1s
  13   7.09731057e+03  7.43750266e+03  1.18e-03 3.74e-14  1.67e-02     1s
  14   7.17106799e+03  7.27700486e+03  3.55e-04 3.26e-14  5.20e-03     1s
  15   7.19554532e+03  7.22956027e+03  1.20e-04 3.56e-14  1.67e-03     1s
  16   7.20694253e+03  7.21669103e+03  3.39e-05 3.13e-14  4.79e-04     1s
  17   7.20979834e+03  7.21280643e+03  1.14e-05 4.86e-14  1.48e-04     1s
  18   7.21112756e+03  7.21174786e+03  2.64e-06 5.37e-14  3.07e-05     1s
  19   7.21146622e+03  7.21158310e+03  4.18e-07 6.85e-14  5.77e-06     1s
  20   7.21151851e+03  7.21155092e+03  1.38e-07 6.83e-14  1.61e-06     1s
  21   7.21154343e+03  7.21154655e+03  1.31e-08 5.18e-14  1.55e-07     1s
  22   7.21154611e+03  7.21154611e+03  6.94e-11 8.53e-14  1.24e-10     1s

Barrier solved model in 22 iterations and 1.41 seconds (1.05 work units)
Optimal objective 7.21154611e+03

Crossover log...

    4359 DPushes remaining with DInf 0.0000000e+00                 1s
       0 DPushes remaining with DInf 0.0000000e+00                 1s

     780 PPushes remaining with PInf 1.1083388e-04                 1s
       0 PPushes remaining with PInf 0.0000000e+00                 1s

  Push phase complete: Pinf 0.0000000e+00, Dinf 7.5000000e-04      1s

Iteration    Objective       Primal Inf.    Dual Inf.      Time
    4745    7.2115461e+03   0.000000e+00   7.500000e-04      1s

Solved with barrier
Extra simplex iterations after uncrush: 459
    5219    7.2115461e+03   0.000000e+00   0.000000e+00      1s

Use crossover to convert LP symmetric solution to basic solution...
Crossover log...

       0 DPushes remaining with DInf 0.0000000e+00                 2s

     443 PPushes remaining with PInf 0.0000000e+00                 2s
       0 PPushes remaining with PInf 0.0000000e+00                 2s

  Push phase complete: Pinf 0.0000000e+00, Dinf 4.3426374e-13      2s

Iteration    Objective       Primal Inf.    Dual Inf.      Time
   22370    7.2117375e+03   0.000000e+00   1.512013e+02      5s
   30445    7.2117408e+03   0.000000e+00   4.812500e-03     10s
Extra simplex iterations after uncrush: 22094
   30649    7.2115461e+03   0.000000e+00   0.000000e+00     11s

Solved in 30649 iterations and 10.82 seconds (9.25 work units)
Optimal objective  7.211546113e+03

Gurobi 11.0.3 (mac64[x86]) logging started Thu Feb 27 16:30:30 2025

Set parameter LogFile to value "Results/result_v2_A.log"
Set parameter TimeLimit to value 36000
Gurobi Optimizer version 11.0.3 build v11.0.3rc0 (mac64[x86] - Darwin 23.4.0 23E214)

CPU model: Intel(R) Core(TM) i7-1060NG7 CPU @ 1.20GHz
Thread count: 4 physical cores, 8 logical processors, using up to 8 threads

Optimize a model with 267384 rows, 357816 columns and 1175096 nonzeros
Model fingerprint: 0x7e48013b
Coefficient statistics:
  Matrix range     [1e+00, 1e+00]
  Objective range  [6e-02, 5e+00]
  Bounds range     [0e+00, 0e+00]
  RHS range        [1e-02, 1e+03]
Presolve removed 169104 rows and 156824 columns
Presolve time: 2.43s
Presolved: 98280 rows, 200992 columns, 661184 nonzeros

Concurrent LP optimizer: dual simplex and barrier
Showing barrier log only...

Ordering time: 0.13s

Barrier statistics:
 AA' NZ     : 2.438e+04
 Factor NZ  : 2.171e+05 (roughly 10 MB of memory)
 Factor Ops : 2.131e+07 (less than 1 second per iteration)
 Threads    : 3

                  Objective                Residual
Iter       Primal          Dual         Primal    Dual     Compl     Time
   0   5.09991387e+04  7.13954544e+06  6.22e+03 6.92e+00  1.11e+04     3s
   1  -1.80805774e+06  5.04215556e+06  1.71e+03 3.82e+00  2.65e+03     3s
   2  -1.35882070e+06  1.99320343e+06  1.90e+02 2.20e-01  3.42e+02     3s
   3  -2.80321743e+05  3.56279940e+05  2.31e+01 5.66e-03  4.51e+01     3s
   4  -6.50945123e+04  1.49680257e+05  4.76e+00 1.22e-03  1.30e+01     3s
   5  -1.82396635e+04  6.81438334e+04  1.40e+00 3.61e-04  4.81e+00     3s
   6  -3.13069725e+03  2.63931486e+04  3.90e-01 1.89e-13  1.56e+00     3s

Barrier performed 6 iterations in 3.23 seconds (0.97 work units)
Barrier solve interrupted - model solved by another algorithm


Solved with dual simplex
Extra simplex iterations after uncrush: 899
Iteration    Objective       Primal Inf.    Dual Inf.      Time
    8954    7.2092165e+03   0.000000e+00   0.000000e+00      3s

Use crossover to convert LP symmetric solution to basic solution...
Crossover log...

       0 DPushes remaining with DInf 0.0000000e+00                 4s

     333 PPushes remaining with PInf 0.0000000e+00                 4s
       0 PPushes remaining with PInf 0.0000000e+00                 4s

  Push phase complete: Pinf 0.0000000e+00, Dinf 5.2552407e-13      4s

Iteration    Objective       Primal Inf.    Dual Inf.      Time
   14039    7.2092165e+03   0.000000e+00   1.914547e+04      5s
   22777    7.2094201e+03   0.000000e+00   1.567213e+03     10s
   28739    7.2094284e+03   0.000000e+00   5.719863e+01     15s
   34344    7.2094289e+03   0.000000e+00   4.000000e-02     20s
Extra simplex iterations after uncrush: 22310
   34450    7.2092165e+03   0.000000e+00   0.000000e+00     21s

Solved in 34450 iterations and 20.56 seconds (12.03 work units)
Optimal objective  7.209216453e+03

Gurobi 11.0.3 (mac64[x86]) logging started Fri Feb 28 09:39:45 2025

Set parameter LogFile to value "Results/result_v2_A.log"
Set parameter TimeLimit to value 36000
Gurobi Optimizer version 11.0.3 build v11.0.3rc0 (mac64[x86] - Darwin 23.4.0 23E214)

CPU model: Intel(R) Core(TM) i7-1060NG7 CPU @ 1.20GHz
Thread count: 4 physical cores, 8 logical processors, using up to 8 threads

Optimize a model with 267384 rows, 357816 columns and 1175096 nonzeros
Model fingerprint: 0x30878dfb
Coefficient statistics:
  Matrix range     [1e+00, 1e+00]
  Objective range  [6e-02, 5e+00]
  Bounds range     [0e+00, 0e+00]
  RHS range        [1e-02, 1e+03]
Presolve removed 240134 rows and 305168 columns
Presolve time: 1.16s
Presolved: 27250 rows, 52648 columns, 136946 nonzeros

Concurrent LP optimizer: dual simplex and barrier
Showing barrier log only...

Ordering time: 0.36s

Barrier statistics:
 Free vars  : 1094
 AA' NZ     : 9.244e+04
 Factor NZ  : 8.727e+05 (roughly 40 MB of memory)
 Factor Ops : 1.032e+08 (less than 1 second per iteration)
 Threads    : 3

                  Objective                Residual
Iter       Primal          Dual         Primal    Dual     Compl     Time
   0  -3.38008718e+06  2.01707918e+06  1.90e+04 7.45e-01  1.17e+03     2s
   1  -3.13445364e+06  1.75045082e+06  3.97e+03 2.54e-01  2.84e+02     2s
   2  -1.61342620e+06  9.24262202e+05  6.38e+02 3.68e-03  5.31e+01     2s
   3  -2.38800275e+05  2.61013811e+05  8.32e+01 3.46e-04  8.49e+00     2s
   4  -9.81903944e+04  1.15060313e+05  2.34e+01 1.32e-04  3.46e+00     2s
   5  -3.41850864e+04  4.83040984e+04  6.55e+00 4.98e-05  1.27e+00     2s
   6  -7.00200670e+03  2.27627238e+04  1.79e+00 3.90e-05  4.22e-01     2s
   7   1.81024260e+03  1.32857347e+04  5.04e-01 2.29e-05  1.54e-01     2s
   8   4.43430933e+03  9.72562507e+03  1.80e-01 1.09e-05  6.88e-02     2s
   9   5.17264441e+03  8.59110878e+03  1.03e-01 7.25e-06  4.40e-02     2s
  10   5.78922288e+03  7.77808302e+03  4.71e-02 4.67e-06  2.51e-02     2s
  11   6.19512921e+03  7.16727180e+03  1.59e-02 2.94e-06  1.20e-02     2s
  12   6.31844572e+03  6.83592602e+03  8.05e-03 1.69e-06  6.39e-03     2s
  13   6.42236663e+03  6.64889312e+03  2.47e-03 1.39e-06  2.76e-03     2s
  14   6.45217261e+03  6.60047177e+03  1.13e-03 1.17e-06  1.79e-03     2s
  15   6.46595246e+03  6.55317595e+03  5.52e-04 7.41e-07  1.05e-03     2s
  16   6.47360054e+03  6.51980070e+03  2.86e-04 7.98e-07  5.58e-04     2s

Barrier performed 16 iterations in 2.33 seconds (1.17 work units)
Barrier solve interrupted - model solved by another algorithm


Solved with dual simplex
Extra simplex iterations after uncrush: 8852
Iteration    Objective       Primal Inf.    Dual Inf.      Time
   31939    6.4835498e+03   0.000000e+00   0.000000e+00      4s

Solved in 31939 iterations and 3.55 seconds (2.22 work units)
Optimal objective  6.483549818e+03

Gurobi 11.0.3 (mac64[x86]) logging started Fri Feb 28 11:06:04 2025

Set parameter LogFile to value "Results/result_v2_A.log"
Set parameter TimeLimit to value 36000
Gurobi Optimizer version 11.0.3 build v11.0.3rc0 (mac64[x86] - Darwin 23.4.0 23E214)

CPU model: Intel(R) Core(TM) i7-1060NG7 CPU @ 1.20GHz
Thread count: 4 physical cores, 8 logical processors, using up to 8 threads

Optimize a model with 267384 rows, 357816 columns and 1175096 nonzeros
Model fingerprint: 0x30878dfb
Coefficient statistics:
  Matrix range     [1e+00, 1e+00]
  Objective range  [6e-02, 5e+00]
  Bounds range     [0e+00, 0e+00]
  RHS range        [1e-02, 1e+03]
Presolve removed 240134 rows and 305168 columns
Presolve time: 1.81s
Presolved: 27250 rows, 52648 columns, 136946 nonzeros

Concurrent LP optimizer: dual simplex and barrier
Showing barrier log only...

Ordering time: 0.54s

Barrier statistics:
 Free vars  : 1094
 AA' NZ     : 9.244e+04
 Factor NZ  : 8.727e+05 (roughly 40 MB of memory)
 Factor Ops : 1.032e+08 (less than 1 second per iteration)
 Threads    : 3

                  Objective                Residual
Iter       Primal          Dual         Primal    Dual     Compl     Time
   0  -3.38008718e+06  2.01707918e+06  1.90e+04 7.45e-01  1.17e+03     3s
   1  -3.13445364e+06  1.75045082e+06  3.97e+03 2.54e-01  2.84e+02     3s
   2  -1.61342620e+06  9.24262202e+05  6.38e+02 3.68e-03  5.31e+01     3s
   3  -2.38800275e+05  2.61013811e+05  8.32e+01 3.46e-04  8.49e+00     3s
   4  -9.81903944e+04  1.15060313e+05  2.34e+01 1.32e-04  3.46e+00     3s
   5  -3.41850864e+04  4.83040984e+04  6.55e+00 4.98e-05  1.27e+00     3s
   6  -7.00200670e+03  2.27627238e+04  1.79e+00 3.90e-05  4.22e-01     3s
   7   1.81024260e+03  1.32857347e+04  5.04e-01 2.29e-05  1.54e-01     3s
   8   4.43430933e+03  9.72562507e+03  1.80e-01 1.09e-05  6.88e-02     3s
   9   5.17264441e+03  8.59110878e+03  1.03e-01 7.25e-06  4.40e-02     3s
  10   5.78922288e+03  7.77808302e+03  4.71e-02 4.67e-06  2.51e-02     3s
  11   6.19512921e+03  7.16727180e+03  1.59e-02 2.94e-06  1.20e-02     4s
  12   6.31844572e+03  6.83592602e+03  8.05e-03 1.69e-06  6.39e-03     4s
  13   6.42236663e+03  6.64889312e+03  2.47e-03 1.39e-06  2.76e-03     4s
  14   6.45217261e+03  6.60047177e+03  1.13e-03 1.17e-06  1.79e-03     4s
  15   6.46595246e+03  6.55317595e+03  5.52e-04 7.41e-07  1.05e-03     4s
  16   6.47360054e+03  6.51980070e+03  2.86e-04 7.98e-07  5.58e-04     4s

Barrier performed 16 iterations in 3.85 seconds (1.17 work units)
Barrier solve interrupted - model solved by another algorithm


Solved with dual simplex
Iteration    Objective       Primal Inf.    Dual Inf.      Time
   31939    6.4835498e+03   0.000000e+00   0.000000e+00      5s
Extra simplex iterations after uncrush: 8852

Solved in 31939 iterations and 5.54 seconds (2.22 work units)
Optimal objective  6.483549818e+03

Gurobi 11.0.3 (mac64[x86]) logging started Fri Feb 28 11:12:48 2025

Set parameter LogFile to value "Results/result_v2_A.log"
Set parameter TimeLimit to value 36000
Gurobi Optimizer version 11.0.3 build v11.0.3rc0 (mac64[x86] - Darwin 23.4.0 23E214)

CPU model: Intel(R) Core(TM) i7-1060NG7 CPU @ 1.20GHz
Thread count: 4 physical cores, 8 logical processors, using up to 8 threads

Optimize a model with 267384 rows, 357816 columns and 1175096 nonzeros
Model fingerprint: 0x30878dfb
Coefficient statistics:
  Matrix range     [1e+00, 1e+00]
  Objective range  [6e-02, 5e+00]
  Bounds range     [0e+00, 0e+00]
  RHS range        [1e-02, 1e+03]
Presolve removed 240134 rows and 305168 columns
Presolve time: 1.18s
Presolved: 27250 rows, 52648 columns, 136946 nonzeros

Concurrent LP optimizer: dual simplex and barrier
Showing barrier log only...

Ordering time: 0.49s

Barrier statistics:
 Free vars  : 1094
 AA' NZ     : 9.244e+04
 Factor NZ  : 8.727e+05 (roughly 40 MB of memory)
 Factor Ops : 1.032e+08 (less than 1 second per iteration)
 Threads    : 3

                  Objective                Residual
Iter       Primal          Dual         Primal    Dual     Compl     Time
   0  -3.38008718e+06  2.01707918e+06  1.90e+04 7.45e-01  1.17e+03     2s
   1  -3.13445364e+06  1.75045082e+06  3.97e+03 2.54e-01  2.84e+02     2s
   2  -1.61342620e+06  9.24262202e+05  6.38e+02 3.68e-03  5.31e+01     2s
   3  -2.38800275e+05  2.61013811e+05  8.32e+01 3.46e-04  8.49e+00     2s
   4  -9.81903944e+04  1.15060313e+05  2.34e+01 1.32e-04  3.46e+00     2s
   5  -3.41850864e+04  4.83040984e+04  6.55e+00 4.98e-05  1.27e+00     2s
   6  -7.00200670e+03  2.27627238e+04  1.79e+00 3.90e-05  4.22e-01     2s
   7   1.81024260e+03  1.32857347e+04  5.04e-01 2.29e-05  1.54e-01     2s
   8   4.43430933e+03  9.72562507e+03  1.80e-01 1.09e-05  6.88e-02     2s
   9   5.17264441e+03  8.59110878e+03  1.03e-01 7.25e-06  4.40e-02     2s
  10   5.78922288e+03  7.77808302e+03  4.71e-02 4.67e-06  2.51e-02     2s
  11   6.19512921e+03  7.16727180e+03  1.59e-02 2.94e-06  1.20e-02     2s
  12   6.31844572e+03  6.83592602e+03  8.05e-03 1.69e-06  6.39e-03     3s
  13   6.42236663e+03  6.64889312e+03  2.47e-03 1.39e-06  2.76e-03     3s
  14   6.45217261e+03  6.60047177e+03  1.13e-03 1.17e-06  1.79e-03     3s
  15   6.46595246e+03  6.55317595e+03  5.52e-04 7.41e-07  1.05e-03     3s
  16   6.47360054e+03  6.51980070e+03  2.86e-04 7.98e-07  5.58e-04     3s
  17   6.47958790e+03  6.50990848e+03  8.28e-05 8.22e-07  3.62e-04     3s
  18   6.48275110e+03  6.48488414e+03  5.88e-06 4.44e-07  2.56e-05     3s

Barrier performed 18 iterations in 2.80 seconds (1.21 work units)
Barrier solve interrupted - model solved by another algorithm


Solved with dual simplex
Extra simplex iterations after uncrush: 8852
Iteration    Objective       Primal Inf.    Dual Inf.      Time
   31939    6.4835498e+03   0.000000e+00   0.000000e+00      4s

Solved in 31939 iterations and 4.35 seconds (2.22 work units)
Optimal objective  6.483549818e+03

Gurobi 11.0.3 (mac64[x86]) logging started Fri Feb 28 11:15:45 2025

Set parameter LogFile to value "Results/result_v2_A.log"
Set parameter TimeLimit to value 36000
Gurobi Optimizer version 11.0.3 build v11.0.3rc0 (mac64[x86] - Darwin 23.4.0 23E214)

CPU model: Intel(R) Core(TM) i7-1060NG7 CPU @ 1.20GHz
Thread count: 4 physical cores, 8 logical processors, using up to 8 threads

Optimize a model with 267384 rows, 357816 columns and 1175096 nonzeros
Model fingerprint: 0x30878dfb
Coefficient statistics:
  Matrix range     [1e+00, 1e+00]
  Objective range  [6e-02, 5e+00]
  Bounds range     [0e+00, 0e+00]
  RHS range        [1e-02, 1e+03]
Presolve removed 240134 rows and 305168 columns
Presolve time: 1.30s
Presolved: 27250 rows, 52648 columns, 136946 nonzeros

Concurrent LP optimizer: dual simplex and barrier
Showing barrier log only...

Ordering time: 0.35s

Barrier statistics:
 Free vars  : 1094
 AA' NZ     : 9.244e+04
 Factor NZ  : 8.727e+05 (roughly 40 MB of memory)
 Factor Ops : 1.032e+08 (less than 1 second per iteration)
 Threads    : 3

                  Objective                Residual
Iter       Primal          Dual         Primal    Dual     Compl     Time
   0  -3.38008718e+06  2.01707918e+06  1.90e+04 7.45e-01  1.17e+03     2s
   1  -3.13445364e+06  1.75045082e+06  3.97e+03 2.54e-01  2.84e+02     2s
   2  -1.61342620e+06  9.24262202e+05  6.38e+02 3.68e-03  5.31e+01     2s
   3  -2.38800275e+05  2.61013811e+05  8.32e+01 3.46e-04  8.49e+00     2s
   4  -9.81903944e+04  1.15060313e+05  2.34e+01 1.32e-04  3.46e+00     2s
   5  -3.41850864e+04  4.83040984e+04  6.55e+00 4.98e-05  1.27e+00     2s
   6  -7.00200670e+03  2.27627238e+04  1.79e+00 3.90e-05  4.22e-01     2s
   7   1.81024260e+03  1.32857347e+04  5.04e-01 2.29e-05  1.54e-01     2s
   8   4.43430933e+03  9.72562507e+03  1.80e-01 1.09e-05  6.88e-02     2s
   9   5.17264441e+03  8.59110878e+03  1.03e-01 7.25e-06  4.40e-02     2s
  10   5.78922288e+03  7.77808302e+03  4.71e-02 4.67e-06  2.51e-02     2s
  11   6.19512921e+03  7.16727180e+03  1.59e-02 2.94e-06  1.20e-02     2s
  12   6.31844572e+03  6.83592602e+03  8.05e-03 1.69e-06  6.39e-03     2s
  13   6.42236663e+03  6.64889312e+03  2.47e-03 1.39e-06  2.76e-03     2s
  14   6.45217261e+03  6.60047177e+03  1.13e-03 1.17e-06  1.79e-03     3s
  15   6.46595246e+03  6.55317595e+03  5.52e-04 7.41e-07  1.05e-03     3s
  16   6.47360054e+03  6.51980070e+03  2.86e-04 7.98e-07  5.58e-04     3s

Barrier performed 16 iterations in 2.63 seconds (1.17 work units)
Barrier solve interrupted - model solved by another algorithm


Solved with dual simplex
Extra simplex iterations after uncrush: 8852
Iteration    Objective       Primal Inf.    Dual Inf.      Time
   31939    6.4835498e+03   0.000000e+00   0.000000e+00      4s

Solved in 31939 iterations and 3.90 seconds (2.22 work units)
Optimal objective  6.483549818e+03

Gurobi 11.0.3 (mac64[x86]) logging started Fri Feb 28 11:25:21 2025

Set parameter LogFile to value "Results/result_v2_A.log"
Set parameter TimeLimit to value 36000
Gurobi Optimizer version 11.0.3 build v11.0.3rc0 (mac64[x86] - Darwin 23.4.0 23E214)

CPU model: Intel(R) Core(TM) i7-1060NG7 CPU @ 1.20GHz
Thread count: 4 physical cores, 8 logical processors, using up to 8 threads

Optimize a model with 267384 rows, 357816 columns and 1175096 nonzeros
Model fingerprint: 0x30878dfb
Coefficient statistics:
  Matrix range     [1e+00, 1e+00]
  Objective range  [6e-02, 5e+00]
  Bounds range     [0e+00, 0e+00]
  RHS range        [1e-02, 1e+03]
Presolve removed 240134 rows and 305168 columns
Presolve time: 1.11s
Presolved: 27250 rows, 52648 columns, 136946 nonzeros

Concurrent LP optimizer: dual simplex and barrier
Showing barrier log only...

Ordering time: 0.42s

Barrier statistics:
 Free vars  : 1094
 AA' NZ     : 9.244e+04
 Factor NZ  : 8.727e+05 (roughly 40 MB of memory)
 Factor Ops : 1.032e+08 (less than 1 second per iteration)
 Threads    : 3

                  Objective                Residual
Iter       Primal          Dual         Primal    Dual     Compl     Time
   0  -3.38008718e+06  2.01707918e+06  1.90e+04 7.45e-01  1.17e+03     2s
   1  -3.13445364e+06  1.75045082e+06  3.97e+03 2.54e-01  2.84e+02     2s
   2  -1.61342620e+06  9.24262202e+05  6.38e+02 3.68e-03  5.31e+01     2s
   3  -2.38800275e+05  2.61013811e+05  8.32e+01 3.46e-04  8.49e+00     2s
   4  -9.81903944e+04  1.15060313e+05  2.34e+01 1.32e-04  3.46e+00     2s
   5  -3.41850864e+04  4.83040984e+04  6.55e+00 4.98e-05  1.27e+00     2s
   6  -7.00200670e+03  2.27627238e+04  1.79e+00 3.90e-05  4.22e-01     2s
   7   1.81024260e+03  1.32857347e+04  5.04e-01 2.29e-05  1.54e-01     2s
   8   4.43430933e+03  9.72562507e+03  1.80e-01 1.09e-05  6.88e-02     2s
   9   5.17264441e+03  8.59110878e+03  1.03e-01 7.25e-06  4.40e-02     2s
  10   5.78922288e+03  7.77808302e+03  4.71e-02 4.67e-06  2.51e-02     2s
  11   6.19512921e+03  7.16727180e+03  1.59e-02 2.94e-06  1.20e-02     2s
  12   6.31844572e+03  6.83592602e+03  8.05e-03 1.69e-06  6.39e-03     2s
  13   6.42236663e+03  6.64889312e+03  2.47e-03 1.39e-06  2.76e-03     2s
  14   6.45217261e+03  6.60047177e+03  1.13e-03 1.17e-06  1.79e-03     2s
  15   6.46595246e+03  6.55317595e+03  5.52e-04 7.41e-07  1.05e-03     2s
  16   6.47360054e+03  6.51980070e+03  2.86e-04 7.98e-07  5.58e-04     2s
  17   6.47958790e+03  6.50990848e+03  8.28e-05 8.22e-07  3.62e-04     2s

Barrier performed 17 iterations in 2.46 seconds (1.18 work units)
Barrier solve interrupted - model solved by another algorithm


Solved with dual simplex
Extra simplex iterations after uncrush: 8852
Iteration    Objective       Primal Inf.    Dual Inf.      Time
   31939    6.4835498e+03   0.000000e+00   0.000000e+00      4s

Solved in 31939 iterations and 3.95 seconds (2.22 work units)
Optimal objective  6.483549818e+03

Gurobi 11.0.3 (mac64[x86]) logging started Fri Feb 28 11:26:30 2025

Set parameter LogFile to value "Results/result_v2_A.log"
Set parameter TimeLimit to value 36000
Gurobi Optimizer version 11.0.3 build v11.0.3rc0 (mac64[x86] - Darwin 23.4.0 23E214)

CPU model: Intel(R) Core(TM) i7-1060NG7 CPU @ 1.20GHz
Thread count: 4 physical cores, 8 logical processors, using up to 8 threads

Optimize a model with 267384 rows, 357816 columns and 1175096 nonzeros
Model fingerprint: 0x30878dfb
Coefficient statistics:
  Matrix range     [1e+00, 1e+00]
  Objective range  [6e-02, 5e+00]
  Bounds range     [0e+00, 0e+00]
  RHS range        [1e-02, 1e+03]
Presolve removed 240134 rows and 305168 columns
Presolve time: 1.14s
Presolved: 27250 rows, 52648 columns, 136946 nonzeros

Concurrent LP optimizer: dual simplex and barrier
Showing barrier log only...

Ordering time: 0.40s

Barrier statistics:
 Free vars  : 1094
 AA' NZ     : 9.244e+04
 Factor NZ  : 8.727e+05 (roughly 40 MB of memory)
 Factor Ops : 1.032e+08 (less than 1 second per iteration)
 Threads    : 3

                  Objective                Residual
Iter       Primal          Dual         Primal    Dual     Compl     Time
   0  -3.38008718e+06  2.01707918e+06  1.90e+04 7.45e-01  1.17e+03     2s
   1  -3.13445364e+06  1.75045082e+06  3.97e+03 2.54e-01  2.84e+02     2s
   2  -1.61342620e+06  9.24262202e+05  6.38e+02 3.68e-03  5.31e+01     2s
   3  -2.38800275e+05  2.61013811e+05  8.32e+01 3.46e-04  8.49e+00     2s
   4  -9.81903944e+04  1.15060313e+05  2.34e+01 1.32e-04  3.46e+00     2s
   5  -3.41850864e+04  4.83040984e+04  6.55e+00 4.98e-05  1.27e+00     2s
   6  -7.00200670e+03  2.27627238e+04  1.79e+00 3.90e-05  4.22e-01     2s
   7   1.81024260e+03  1.32857347e+04  5.04e-01 2.29e-05  1.54e-01     2s
   8   4.43430933e+03  9.72562507e+03  1.80e-01 1.09e-05  6.88e-02     2s
   9   5.17264441e+03  8.59110878e+03  1.03e-01 7.25e-06  4.40e-02     2s
  10   5.78922288e+03  7.77808302e+03  4.71e-02 4.67e-06  2.51e-02     2s
  11   6.19512921e+03  7.16727180e+03  1.59e-02 2.94e-06  1.20e-02     2s
  12   6.31844572e+03  6.83592602e+03  8.05e-03 1.69e-06  6.39e-03     2s
  13   6.42236663e+03  6.64889312e+03  2.47e-03 1.39e-06  2.76e-03     2s
  14   6.45217261e+03  6.60047177e+03  1.13e-03 1.17e-06  1.79e-03     2s
  15   6.46595246e+03  6.55317595e+03  5.52e-04 7.41e-07  1.05e-03     2s
  16   6.47360054e+03  6.51980070e+03  2.86e-04 7.98e-07  5.58e-04     2s
  17   6.47958790e+03  6.50990848e+03  8.28e-05 8.22e-07  3.62e-04     2s

Barrier performed 17 iterations in 2.43 seconds (1.19 work units)
Barrier solve interrupted - model solved by another algorithm


Solved with dual simplex
Extra simplex iterations after uncrush: 8852
Iteration    Objective       Primal Inf.    Dual Inf.      Time
   31939    6.4835498e+03   0.000000e+00   0.000000e+00      4s

Solved in 31939 iterations and 3.86 seconds (2.22 work units)
Optimal objective  6.483549818e+03

Gurobi 11.0.3 (mac64[x86]) logging started Fri Feb 28 11:29:41 2025

Set parameter LogFile to value "Results/result_v2_A.log"
Set parameter TimeLimit to value 36000
Gurobi Optimizer version 11.0.3 build v11.0.3rc0 (mac64[x86] - Darwin 23.4.0 23E214)

CPU model: Intel(R) Core(TM) i7-1060NG7 CPU @ 1.20GHz
Thread count: 4 physical cores, 8 logical processors, using up to 8 threads

Optimize a model with 267384 rows, 357816 columns and 1175096 nonzeros
Model fingerprint: 0x30878dfb
Coefficient statistics:
  Matrix range     [1e+00, 1e+00]
  Objective range  [6e-02, 5e+00]
  Bounds range     [0e+00, 0e+00]
  RHS range        [1e-02, 1e+03]
Presolve removed 240134 rows and 305168 columns
Presolve time: 1.08s
Presolved: 27250 rows, 52648 columns, 136946 nonzeros

Concurrent LP optimizer: dual simplex and barrier
Showing barrier log only...

Ordering time: 0.32s

Barrier statistics:
 Free vars  : 1094
 AA' NZ     : 9.244e+04
 Factor NZ  : 8.727e+05 (roughly 40 MB of memory)
 Factor Ops : 1.032e+08 (less than 1 second per iteration)
 Threads    : 3

                  Objective                Residual
Iter       Primal          Dual         Primal    Dual     Compl     Time
   0  -3.38008718e+06  2.01707918e+06  1.90e+04 7.45e-01  1.17e+03     2s
   1  -3.13445364e+06  1.75045082e+06  3.97e+03 2.54e-01  2.84e+02     2s
   2  -1.61342620e+06  9.24262202e+05  6.38e+02 3.68e-03  5.31e+01     2s
   3  -2.38800275e+05  2.61013811e+05  8.32e+01 3.46e-04  8.49e+00     2s
   4  -9.81903944e+04  1.15060313e+05  2.34e+01 1.32e-04  3.46e+00     2s
   5  -3.41850864e+04  4.83040984e+04  6.55e+00 4.98e-05  1.27e+00     2s
   6  -7.00200670e+03  2.27627238e+04  1.79e+00 3.90e-05  4.22e-01     2s
   7   1.81024260e+03  1.32857347e+04  5.04e-01 2.29e-05  1.54e-01     2s
   8   4.43430933e+03  9.72562507e+03  1.80e-01 1.09e-05  6.88e-02     2s
   9   5.17264441e+03  8.59110878e+03  1.03e-01 7.25e-06  4.40e-02     2s
  10   5.78922288e+03  7.77808302e+03  4.71e-02 4.67e-06  2.51e-02     2s
  11   6.19512921e+03  7.16727180e+03  1.59e-02 2.94e-06  1.20e-02     2s
  12   6.31844572e+03  6.83592602e+03  8.05e-03 1.69e-06  6.39e-03     2s
  13   6.42236663e+03  6.64889312e+03  2.47e-03 1.39e-06  2.76e-03     2s
  14   6.45217261e+03  6.60047177e+03  1.13e-03 1.17e-06  1.79e-03     2s
  15   6.46595246e+03  6.55317595e+03  5.52e-04 7.41e-07  1.05e-03     2s
  16   6.47360054e+03  6.51980070e+03  2.86e-04 7.98e-07  5.58e-04     2s
  17   6.47958790e+03  6.50990848e+03  8.28e-05 8.22e-07  3.62e-04     2s

Barrier performed 17 iterations in 2.15 seconds (1.18 work units)
Barrier solve interrupted - model solved by another algorithm


Solved with dual simplex
Extra simplex iterations after uncrush: 8852
Iteration    Objective       Primal Inf.    Dual Inf.      Time
   31939    6.4835498e+03   0.000000e+00   0.000000e+00      3s

Solved in 31939 iterations and 3.36 seconds (2.22 work units)
Optimal objective  6.483549818e+03

Gurobi 11.0.3 (mac64[x86]) logging started Fri Feb 28 11:32:40 2025

Set parameter LogFile to value "Results/result_v2_A.log"
Set parameter TimeLimit to value 36000
Gurobi Optimizer version 11.0.3 build v11.0.3rc0 (mac64[x86] - Darwin 23.4.0 23E214)

CPU model: Intel(R) Core(TM) i7-1060NG7 CPU @ 1.20GHz
Thread count: 4 physical cores, 8 logical processors, using up to 8 threads

Optimize a model with 267384 rows, 357816 columns and 1175096 nonzeros
Model fingerprint: 0x30878dfb
Coefficient statistics:
  Matrix range     [1e+00, 1e+00]
  Objective range  [6e-02, 5e+00]
  Bounds range     [0e+00, 0e+00]
  RHS range        [1e-02, 1e+03]
Presolve removed 240134 rows and 305168 columns
Presolve time: 1.00s
Presolved: 27250 rows, 52648 columns, 136946 nonzeros

Concurrent LP optimizer: dual simplex and barrier
Showing barrier log only...

Ordering time: 0.31s

Barrier statistics:
 Free vars  : 1094
 AA' NZ     : 9.244e+04
 Factor NZ  : 8.727e+05 (roughly 40 MB of memory)
 Factor Ops : 1.032e+08 (less than 1 second per iteration)
 Threads    : 3

                  Objective                Residual
Iter       Primal          Dual         Primal    Dual     Compl     Time
   0  -3.38008718e+06  2.01707918e+06  1.90e+04 7.45e-01  1.17e+03     1s
   1  -3.13445364e+06  1.75045082e+06  3.97e+03 2.54e-01  2.84e+02     1s
   2  -1.61342620e+06  9.24262202e+05  6.38e+02 3.68e-03  5.31e+01     2s
   3  -2.38800275e+05  2.61013811e+05  8.32e+01 3.46e-04  8.49e+00     2s
   4  -9.81903944e+04  1.15060313e+05  2.34e+01 1.32e-04  3.46e+00     2s
   5  -3.41850864e+04  4.83040984e+04  6.55e+00 4.98e-05  1.27e+00     2s
   6  -7.00200670e+03  2.27627238e+04  1.79e+00 3.90e-05  4.22e-01     2s
   7   1.81024260e+03  1.32857347e+04  5.04e-01 2.29e-05  1.54e-01     2s
   8   4.43430933e+03  9.72562507e+03  1.80e-01 1.09e-05  6.88e-02     2s
   9   5.17264441e+03  8.59110878e+03  1.03e-01 7.25e-06  4.40e-02     2s
  10   5.78922288e+03  7.77808302e+03  4.71e-02 4.67e-06  2.51e-02     2s
  11   6.19512921e+03  7.16727180e+03  1.59e-02 2.94e-06  1.20e-02     2s
  12   6.31844572e+03  6.83592602e+03  8.05e-03 1.69e-06  6.39e-03     2s
  13   6.42236663e+03  6.64889312e+03  2.47e-03 1.39e-06  2.76e-03     2s
  14   6.45217261e+03  6.60047177e+03  1.13e-03 1.17e-06  1.79e-03     2s
  15   6.46595246e+03  6.55317595e+03  5.52e-04 7.41e-07  1.05e-03     2s
  16   6.47360054e+03  6.51980070e+03  2.86e-04 7.98e-07  5.58e-04     2s

Barrier performed 16 iterations in 2.03 seconds (1.17 work units)
Barrier solve interrupted - model solved by another algorithm


Solved with dual simplex
Extra simplex iterations after uncrush: 8852
Iteration    Objective       Primal Inf.    Dual Inf.      Time
   31939    6.4835498e+03   0.000000e+00   0.000000e+00      3s

Solved in 31939 iterations and 3.20 seconds (2.22 work units)
Optimal objective  6.483549818e+03

Gurobi 11.0.3 (mac64[x86]) logging started Fri Feb 28 11:34:41 2025

Set parameter LogFile to value "Results/result_v2_A.log"
Set parameter TimeLimit to value 36000
Gurobi Optimizer version 11.0.3 build v11.0.3rc0 (mac64[x86] - Darwin 23.4.0 23E214)

CPU model: Intel(R) Core(TM) i7-1060NG7 CPU @ 1.20GHz
Thread count: 4 physical cores, 8 logical processors, using up to 8 threads

Optimize a model with 267384 rows, 357816 columns and 1175096 nonzeros
Model fingerprint: 0x30878dfb
Coefficient statistics:
  Matrix range     [1e+00, 1e+00]
  Objective range  [6e-02, 5e+00]
  Bounds range     [0e+00, 0e+00]
  RHS range        [1e-02, 1e+03]
Presolve removed 240134 rows and 305168 columns
Presolve time: 0.90s
Presolved: 27250 rows, 52648 columns, 136946 nonzeros

Concurrent LP optimizer: dual simplex and barrier
Showing barrier log only...

Ordering time: 0.29s

Barrier statistics:
 Free vars  : 1094
 AA' NZ     : 9.244e+04
 Factor NZ  : 8.727e+05 (roughly 40 MB of memory)
 Factor Ops : 1.032e+08 (less than 1 second per iteration)
 Threads    : 3

                  Objective                Residual
Iter       Primal          Dual         Primal    Dual     Compl     Time
   0  -3.38008718e+06  2.01707918e+06  1.90e+04 7.45e-01  1.17e+03     1s
   1  -3.13445364e+06  1.75045082e+06  3.97e+03 2.54e-01  2.84e+02     1s
   2  -1.61342620e+06  9.24262202e+05  6.38e+02 3.68e-03  5.31e+01     1s
   3  -2.38800275e+05  2.61013811e+05  8.32e+01 3.46e-04  8.49e+00     1s
   4  -9.81903944e+04  1.15060313e+05  2.34e+01 1.32e-04  3.46e+00     1s
   5  -3.41850864e+04  4.83040984e+04  6.55e+00 4.98e-05  1.27e+00     1s
   6  -7.00200670e+03  2.27627238e+04  1.79e+00 3.90e-05  4.22e-01     2s
   7   1.81024260e+03  1.32857347e+04  5.04e-01 2.29e-05  1.54e-01     2s
   8   4.43430933e+03  9.72562507e+03  1.80e-01 1.09e-05  6.88e-02     2s
   9   5.17264441e+03  8.59110878e+03  1.03e-01 7.25e-06  4.40e-02     2s
  10   5.78922288e+03  7.77808302e+03  4.71e-02 4.67e-06  2.51e-02     2s
  11   6.19512921e+03  7.16727180e+03  1.59e-02 2.94e-06  1.20e-02     2s
  12   6.31844572e+03  6.83592602e+03  8.05e-03 1.69e-06  6.39e-03     2s
  13   6.42236663e+03  6.64889312e+03  2.47e-03 1.39e-06  2.76e-03     2s
  14   6.45217261e+03  6.60047177e+03  1.13e-03 1.17e-06  1.79e-03     2s
  15   6.46595246e+03  6.55317595e+03  5.52e-04 7.41e-07  1.05e-03     2s
  16   6.47360054e+03  6.51980070e+03  2.86e-04 7.98e-07  5.58e-04     2s
  17   6.47958790e+03  6.50990848e+03  8.28e-05 8.22e-07  3.62e-04     2s

Barrier performed 17 iterations in 1.90 seconds (1.18 work units)
Barrier solve interrupted - model solved by another algorithm


Solved with dual simplex
Extra simplex iterations after uncrush: 8852
Iteration    Objective       Primal Inf.    Dual Inf.      Time
   31939    6.4835498e+03   0.000000e+00   0.000000e+00      3s

Solved in 31939 iterations and 3.01 seconds (2.22 work units)
Optimal objective  6.483549818e+03

Gurobi 11.0.3 (mac64[x86]) logging started Fri Feb 28 11:37:12 2025

Set parameter LogFile to value "Results/result_v2_A.log"
Set parameter TimeLimit to value 36000
Gurobi Optimizer version 11.0.3 build v11.0.3rc0 (mac64[x86] - Darwin 23.4.0 23E214)

CPU model: Intel(R) Core(TM) i7-1060NG7 CPU @ 1.20GHz
Thread count: 4 physical cores, 8 logical processors, using up to 8 threads

Optimize a model with 267384 rows, 357816 columns and 1175096 nonzeros
Model fingerprint: 0x30878dfb
Coefficient statistics:
  Matrix range     [1e+00, 1e+00]
  Objective range  [6e-02, 5e+00]
  Bounds range     [0e+00, 0e+00]
  RHS range        [1e-02, 1e+03]
Presolve removed 240134 rows and 305168 columns
Presolve time: 1.07s
Presolved: 27250 rows, 52648 columns, 136946 nonzeros

Concurrent LP optimizer: dual simplex and barrier
Showing barrier log only...

Ordering time: 0.36s

Barrier statistics:
 Free vars  : 1094
 AA' NZ     : 9.244e+04
 Factor NZ  : 8.727e+05 (roughly 40 MB of memory)
 Factor Ops : 1.032e+08 (less than 1 second per iteration)
 Threads    : 3

                  Objective                Residual
Iter       Primal          Dual         Primal    Dual     Compl     Time
   0  -3.38008718e+06  2.01707918e+06  1.90e+04 7.45e-01  1.17e+03     2s
   1  -3.13445364e+06  1.75045082e+06  3.97e+03 2.54e-01  2.84e+02     2s
   2  -1.61342620e+06  9.24262202e+05  6.38e+02 3.68e-03  5.31e+01     2s
   3  -2.38800275e+05  2.61013811e+05  8.32e+01 3.46e-04  8.49e+00     2s
   4  -9.81903944e+04  1.15060313e+05  2.34e+01 1.32e-04  3.46e+00     2s
   5  -3.41850864e+04  4.83040984e+04  6.55e+00 4.98e-05  1.27e+00     2s
   6  -7.00200670e+03  2.27627238e+04  1.79e+00 3.90e-05  4.22e-01     2s
   7   1.81024260e+03  1.32857347e+04  5.04e-01 2.29e-05  1.54e-01     2s
   8   4.43430933e+03  9.72562507e+03  1.80e-01 1.09e-05  6.88e-02     2s
   9   5.17264441e+03  8.59110878e+03  1.03e-01 7.25e-06  4.40e-02     2s
  10   5.78922288e+03  7.77808302e+03  4.71e-02 4.67e-06  2.51e-02     2s
  11   6.19512921e+03  7.16727180e+03  1.59e-02 2.94e-06  1.20e-02     2s
  12   6.31844572e+03  6.83592602e+03  8.05e-03 1.69e-06  6.39e-03     2s
  13   6.42236663e+03  6.64889312e+03  2.47e-03 1.39e-06  2.76e-03     2s
  14   6.45217261e+03  6.60047177e+03  1.13e-03 1.17e-06  1.79e-03     2s
  15   6.46595246e+03  6.55317595e+03  5.52e-04 7.41e-07  1.05e-03     2s
  16   6.47360054e+03  6.51980070e+03  2.86e-04 7.98e-07  5.58e-04     2s
  17   6.47958790e+03  6.50990848e+03  8.28e-05 8.22e-07  3.62e-04     2s

Barrier performed 17 iterations in 2.24 seconds (1.19 work units)
Barrier solve interrupted - model solved by another algorithm


Solved with dual simplex
Extra simplex iterations after uncrush: 8852
Iteration    Objective       Primal Inf.    Dual Inf.      Time
   31939    6.4835498e+03   0.000000e+00   0.000000e+00      4s

Solved in 31939 iterations and 3.70 seconds (2.22 work units)
Optimal objective  6.483549818e+03

Gurobi 11.0.3 (mac64[x86]) logging started Fri Feb 28 11:58:36 2025

Set parameter LogFile to value "Results/result_v2_A.log"
Set parameter TimeLimit to value 36000
Gurobi Optimizer version 11.0.3 build v11.0.3rc0 (mac64[x86] - Darwin 23.4.0 23E214)

CPU model: Intel(R) Core(TM) i7-1060NG7 CPU @ 1.20GHz
Thread count: 4 physical cores, 8 logical processors, using up to 8 threads

Optimize a model with 267384 rows, 357816 columns and 1175096 nonzeros
Model fingerprint: 0x30878dfb
Coefficient statistics:
  Matrix range     [1e+00, 1e+00]
  Objective range  [6e-02, 5e+00]
  Bounds range     [0e+00, 0e+00]
  RHS range        [1e-02, 1e+03]
Presolve removed 240134 rows and 305168 columns
Presolve time: 1.02s
Presolved: 27250 rows, 52648 columns, 136946 nonzeros

Concurrent LP optimizer: dual simplex and barrier
Showing barrier log only...

Ordering time: 0.36s

Barrier statistics:
 Free vars  : 1094
 AA' NZ     : 9.244e+04
 Factor NZ  : 8.727e+05 (roughly 40 MB of memory)
 Factor Ops : 1.032e+08 (less than 1 second per iteration)
 Threads    : 3

                  Objective                Residual
Iter       Primal          Dual         Primal    Dual     Compl     Time
   0  -3.38008718e+06  2.01707918e+06  1.90e+04 7.45e-01  1.17e+03     2s
   1  -3.13445364e+06  1.75045082e+06  3.97e+03 2.54e-01  2.84e+02     2s
   2  -1.61342620e+06  9.24262202e+05  6.38e+02 3.68e-03  5.31e+01     2s
   3  -2.38800275e+05  2.61013811e+05  8.32e+01 3.46e-04  8.49e+00     2s
   4  -9.81903944e+04  1.15060313e+05  2.34e+01 1.32e-04  3.46e+00     2s
   5  -3.41850864e+04  4.83040984e+04  6.55e+00 4.98e-05  1.27e+00     2s
   6  -7.00200670e+03  2.27627238e+04  1.79e+00 3.90e-05  4.22e-01     2s
   7   1.81024260e+03  1.32857347e+04  5.04e-01 2.29e-05  1.54e-01     2s
   8   4.43430933e+03  9.72562507e+03  1.80e-01 1.09e-05  6.88e-02     2s
   9   5.17264441e+03  8.59110878e+03  1.03e-01 7.25e-06  4.40e-02     2s
  10   5.78922288e+03  7.77808302e+03  4.71e-02 4.67e-06  2.51e-02     2s
  11   6.19512921e+03  7.16727180e+03  1.59e-02 2.94e-06  1.20e-02     2s
  12   6.31844572e+03  6.83592602e+03  8.05e-03 1.69e-06  6.39e-03     2s
  13   6.42236663e+03  6.64889312e+03  2.47e-03 1.39e-06  2.76e-03     2s
  14   6.45217261e+03  6.60047177e+03  1.13e-03 1.17e-06  1.79e-03     2s
  15   6.46595246e+03  6.55317595e+03  5.52e-04 7.41e-07  1.05e-03     2s
  16   6.47360054e+03  6.51980070e+03  2.86e-04 7.98e-07  5.58e-04     2s
  17   6.47958790e+03  6.50990848e+03  8.28e-05 8.22e-07  3.62e-04     2s

Barrier performed 17 iterations in 2.23 seconds (1.19 work units)
Barrier solve interrupted - model solved by another algorithm


Solved with dual simplex
Extra simplex iterations after uncrush: 8852
Iteration    Objective       Primal Inf.    Dual Inf.      Time
   31939    6.4835498e+03   0.000000e+00   0.000000e+00      4s

Solved in 31939 iterations and 3.53 seconds (2.22 work units)
Optimal objective  6.483549818e+03

Gurobi 11.0.3 (mac64[x86]) logging started Fri Feb 28 11:59:44 2025

Set parameter LogFile to value "Results/result_v2_A.log"
Set parameter TimeLimit to value 36000
Gurobi Optimizer version 11.0.3 build v11.0.3rc0 (mac64[x86] - Darwin 23.4.0 23E214)

CPU model: Intel(R) Core(TM) i7-1060NG7 CPU @ 1.20GHz
Thread count: 4 physical cores, 8 logical processors, using up to 8 threads

Optimize a model with 267384 rows, 357816 columns and 1175096 nonzeros
Model fingerprint: 0x30878dfb
Coefficient statistics:
  Matrix range     [1e+00, 1e+00]
  Objective range  [6e-02, 5e+00]
  Bounds range     [0e+00, 0e+00]
  RHS range        [1e-02, 1e+03]
Presolve removed 240134 rows and 305168 columns
Presolve time: 1.19s
Presolved: 27250 rows, 52648 columns, 136946 nonzeros

Concurrent LP optimizer: dual simplex and barrier
Showing barrier log only...

Ordering time: 0.36s

Barrier statistics:
 Free vars  : 1094
 AA' NZ     : 9.244e+04
 Factor NZ  : 8.727e+05 (roughly 40 MB of memory)
 Factor Ops : 1.032e+08 (less than 1 second per iteration)
 Threads    : 3

                  Objective                Residual
Iter       Primal          Dual         Primal    Dual     Compl     Time
   0  -3.38008718e+06  2.01707918e+06  1.90e+04 7.45e-01  1.17e+03     2s
   1  -3.13445364e+06  1.75045082e+06  3.97e+03 2.54e-01  2.84e+02     2s
   2  -1.61342620e+06  9.24262202e+05  6.38e+02 3.68e-03  5.31e+01     2s
   3  -2.38800275e+05  2.61013811e+05  8.32e+01 3.46e-04  8.49e+00     2s
   4  -9.81903944e+04  1.15060313e+05  2.34e+01 1.32e-04  3.46e+00     2s
   5  -3.41850864e+04  4.83040984e+04  6.55e+00 4.98e-05  1.27e+00     2s
   6  -7.00200670e+03  2.27627238e+04  1.79e+00 3.90e-05  4.22e-01     2s
   7   1.81024260e+03  1.32857347e+04  5.04e-01 2.29e-05  1.54e-01     2s
   8   4.43430933e+03  9.72562507e+03  1.80e-01 1.09e-05  6.88e-02     2s
   9   5.17264441e+03  8.59110878e+03  1.03e-01 7.25e-06  4.40e-02     2s
  10   5.78922288e+03  7.77808302e+03  4.71e-02 4.67e-06  2.51e-02     2s
  11   6.19512921e+03  7.16727180e+03  1.59e-02 2.94e-06  1.20e-02     2s
  12   6.31844572e+03  6.83592602e+03  8.05e-03 1.69e-06  6.39e-03     2s
  13   6.42236663e+03  6.64889312e+03  2.47e-03 1.39e-06  2.76e-03     2s
  14   6.45217261e+03  6.60047177e+03  1.13e-03 1.17e-06  1.79e-03     2s
  15   6.46595246e+03  6.55317595e+03  5.52e-04 7.41e-07  1.05e-03     2s
  16   6.47360054e+03  6.51980070e+03  2.86e-04 7.98e-07  5.58e-04     2s

Barrier performed 16 iterations in 2.38 seconds (1.17 work units)
Barrier solve interrupted - model solved by another algorithm


Solved with dual simplex
Extra simplex iterations after uncrush: 8852
Iteration    Objective       Primal Inf.    Dual Inf.      Time
   31939    6.4835498e+03   0.000000e+00   0.000000e+00      4s

Solved in 31939 iterations and 3.72 seconds (2.22 work units)
Optimal objective  6.483549818e+03

Gurobi 11.0.3 (mac64[x86]) logging started Fri Feb 28 12:54:26 2025

Set parameter LogFile to value "Results/result_v2_A.log"
Set parameter TimeLimit to value 36000
Gurobi Optimizer version 11.0.3 build v11.0.3rc0 (mac64[x86] - Darwin 23.4.0 23E214)

CPU model: Intel(R) Core(TM) i7-1060NG7 CPU @ 1.20GHz
Thread count: 4 physical cores, 8 logical processors, using up to 8 threads

Optimize a model with 267384 rows, 357816 columns and 1175096 nonzeros
Model fingerprint: 0x30878dfb
Coefficient statistics:
  Matrix range     [1e+00, 1e+00]
  Objective range  [6e-02, 5e+00]
  Bounds range     [0e+00, 0e+00]
  RHS range        [1e-02, 1e+03]
Presolve removed 240134 rows and 305168 columns
Presolve time: 1.09s
Presolved: 27250 rows, 52648 columns, 136946 nonzeros

Concurrent LP optimizer: dual simplex and barrier
Showing barrier log only...

Ordering time: 0.31s

Barrier statistics:
 Free vars  : 1094
 AA' NZ     : 9.244e+04
 Factor NZ  : 8.727e+05 (roughly 40 MB of memory)
 Factor Ops : 1.032e+08 (less than 1 second per iteration)
 Threads    : 3

                  Objective                Residual
Iter       Primal          Dual         Primal    Dual     Compl     Time
   0  -3.38008718e+06  2.01707918e+06  1.90e+04 7.45e-01  1.17e+03     2s
   1  -3.13445364e+06  1.75045082e+06  3.97e+03 2.54e-01  2.84e+02     2s
   2  -1.61342620e+06  9.24262202e+05  6.38e+02 3.68e-03  5.31e+01     2s
   3  -2.38800275e+05  2.61013811e+05  8.32e+01 3.46e-04  8.49e+00     2s
   4  -9.81903944e+04  1.15060313e+05  2.34e+01 1.32e-04  3.46e+00     2s
   5  -3.41850864e+04  4.83040984e+04  6.55e+00 4.98e-05  1.27e+00     2s
   6  -7.00200670e+03  2.27627238e+04  1.79e+00 3.90e-05  4.22e-01     2s
   7   1.81024260e+03  1.32857347e+04  5.04e-01 2.29e-05  1.54e-01     2s
   8   4.43430933e+03  9.72562507e+03  1.80e-01 1.09e-05  6.88e-02     2s
   9   5.17264441e+03  8.59110878e+03  1.03e-01 7.25e-06  4.40e-02     2s
  10   5.78922288e+03  7.77808302e+03  4.71e-02 4.67e-06  2.51e-02     2s
  11   6.19512921e+03  7.16727180e+03  1.59e-02 2.94e-06  1.20e-02     2s
  12   6.31844572e+03  6.83592602e+03  8.05e-03 1.69e-06  6.39e-03     2s
  13   6.42236663e+03  6.64889312e+03  2.47e-03 1.39e-06  2.76e-03     2s
  14   6.45217261e+03  6.60047177e+03  1.13e-03 1.17e-06  1.79e-03     2s
  15   6.46595246e+03  6.55317595e+03  5.52e-04 7.41e-07  1.05e-03     2s
  16   6.47360054e+03  6.51980070e+03  2.86e-04 7.98e-07  5.58e-04     2s
  17   6.47958790e+03  6.50990848e+03  8.28e-05 8.22e-07  3.62e-04     2s

Barrier performed 17 iterations in 2.13 seconds (1.18 work units)
Barrier solve interrupted - model solved by another algorithm


Solved with dual simplex
Extra simplex iterations after uncrush: 8852
Iteration    Objective       Primal Inf.    Dual Inf.      Time
   31939    6.4835498e+03   0.000000e+00   0.000000e+00      3s

Solved in 31939 iterations and 3.31 seconds (2.22 work units)
Optimal objective  6.483549818e+03

Gurobi 11.0.3 (mac64[x86]) logging started Fri Feb 28 12:56:10 2025

Set parameter LogFile to value "Results/result_v2_A.log"
Set parameter TimeLimit to value 36000
Gurobi Optimizer version 11.0.3 build v11.0.3rc0 (mac64[x86] - Darwin 23.4.0 23E214)

CPU model: Intel(R) Core(TM) i7-1060NG7 CPU @ 1.20GHz
Thread count: 4 physical cores, 8 logical processors, using up to 8 threads

Optimize a model with 267384 rows, 357816 columns and 1175096 nonzeros
Model fingerprint: 0x30878dfb
Coefficient statistics:
  Matrix range     [1e+00, 1e+00]
  Objective range  [6e-02, 5e+00]
  Bounds range     [0e+00, 0e+00]
  RHS range        [1e-02, 1e+03]
Presolve removed 240134 rows and 305168 columns
Presolve time: 1.15s
Presolved: 27250 rows, 52648 columns, 136946 nonzeros

Concurrent LP optimizer: dual simplex and barrier
Showing barrier log only...

Ordering time: 0.33s

Barrier statistics:
 Free vars  : 1094
 AA' NZ     : 9.244e+04
 Factor NZ  : 8.727e+05 (roughly 40 MB of memory)
 Factor Ops : 1.032e+08 (less than 1 second per iteration)
 Threads    : 3

                  Objective                Residual
Iter       Primal          Dual         Primal    Dual     Compl     Time
   0  -3.38008718e+06  2.01707918e+06  1.90e+04 7.45e-01  1.17e+03     2s
   1  -3.13445364e+06  1.75045082e+06  3.97e+03 2.54e-01  2.84e+02     2s
   2  -1.61342620e+06  9.24262202e+05  6.38e+02 3.68e-03  5.31e+01     2s
   3  -2.38800275e+05  2.61013811e+05  8.32e+01 3.46e-04  8.49e+00     2s
   4  -9.81903944e+04  1.15060313e+05  2.34e+01 1.32e-04  3.46e+00     2s
   5  -3.41850864e+04  4.83040984e+04  6.55e+00 4.98e-05  1.27e+00     2s
   6  -7.00200670e+03  2.27627238e+04  1.79e+00 3.90e-05  4.22e-01     2s
   7   1.81024260e+03  1.32857347e+04  5.04e-01 2.29e-05  1.54e-01     2s
   8   4.43430933e+03  9.72562507e+03  1.80e-01 1.09e-05  6.88e-02     2s
   9   5.17264441e+03  8.59110878e+03  1.03e-01 7.25e-06  4.40e-02     2s
  10   5.78922288e+03  7.77808302e+03  4.71e-02 4.67e-06  2.51e-02     2s
  11   6.19512921e+03  7.16727180e+03  1.59e-02 2.94e-06  1.20e-02     2s
  12   6.31844572e+03  6.83592602e+03  8.05e-03 1.69e-06  6.39e-03     2s
  13   6.42236663e+03  6.64889312e+03  2.47e-03 1.39e-06  2.76e-03     2s
  14   6.45217261e+03  6.60047177e+03  1.13e-03 1.17e-06  1.79e-03     2s
  15   6.46595246e+03  6.55317595e+03  5.52e-04 7.41e-07  1.05e-03     2s
  16   6.47360054e+03  6.51980070e+03  2.86e-04 7.98e-07  5.58e-04     2s
  17   6.47958790e+03  6.50990848e+03  8.28e-05 8.22e-07  3.62e-04     2s

Barrier performed 17 iterations in 2.28 seconds (1.18 work units)
Barrier solve interrupted - model solved by another algorithm


Solved with dual simplex
Extra simplex iterations after uncrush: 8852
Iteration    Objective       Primal Inf.    Dual Inf.      Time
   31939    6.4835498e+03   0.000000e+00   0.000000e+00      4s

Solved in 31939 iterations and 3.52 seconds (2.22 work units)
Optimal objective  6.483549818e+03

Gurobi 11.0.3 (mac64[x86]) logging started Fri Feb 28 12:57:14 2025

Set parameter LogFile to value "Results/result_v2_A.log"
Set parameter TimeLimit to value 36000
Gurobi Optimizer version 11.0.3 build v11.0.3rc0 (mac64[x86] - Darwin 23.4.0 23E214)

CPU model: Intel(R) Core(TM) i7-1060NG7 CPU @ 1.20GHz
Thread count: 4 physical cores, 8 logical processors, using up to 8 threads

Optimize a model with 267384 rows, 357816 columns and 1175096 nonzeros
Model fingerprint: 0x30878dfb
Coefficient statistics:
  Matrix range     [1e+00, 1e+00]
  Objective range  [6e-02, 5e+00]
  Bounds range     [0e+00, 0e+00]
  RHS range        [1e-02, 1e+03]
Presolve removed 240134 rows and 305168 columns
Presolve time: 1.08s
Presolved: 27250 rows, 52648 columns, 136946 nonzeros

Concurrent LP optimizer: dual simplex and barrier
Showing barrier log only...

Ordering time: 0.35s

Barrier statistics:
 Free vars  : 1094
 AA' NZ     : 9.244e+04
 Factor NZ  : 8.727e+05 (roughly 40 MB of memory)
 Factor Ops : 1.032e+08 (less than 1 second per iteration)
 Threads    : 3

                  Objective                Residual
Iter       Primal          Dual         Primal    Dual     Compl     Time
   0  -3.38008718e+06  2.01707918e+06  1.90e+04 7.45e-01  1.17e+03     2s
   1  -3.13445364e+06  1.75045082e+06  3.97e+03 2.54e-01  2.84e+02     2s
   2  -1.61342620e+06  9.24262202e+05  6.38e+02 3.68e-03  5.31e+01     2s
   3  -2.38800275e+05  2.61013811e+05  8.32e+01 3.46e-04  8.49e+00     2s
   4  -9.81903944e+04  1.15060313e+05  2.34e+01 1.32e-04  3.46e+00     2s
   5  -3.41850864e+04  4.83040984e+04  6.55e+00 4.98e-05  1.27e+00     2s
   6  -7.00200670e+03  2.27627238e+04  1.79e+00 3.90e-05  4.22e-01     2s
   7   1.81024260e+03  1.32857347e+04  5.04e-01 2.29e-05  1.54e-01     2s
   8   4.43430933e+03  9.72562507e+03  1.80e-01 1.09e-05  6.88e-02     2s
   9   5.17264441e+03  8.59110878e+03  1.03e-01 7.25e-06  4.40e-02     2s
  10   5.78922288e+03  7.77808302e+03  4.71e-02 4.67e-06  2.51e-02     2s
  11   6.19512921e+03  7.16727180e+03  1.59e-02 2.94e-06  1.20e-02     2s
  12   6.31844572e+03  6.83592602e+03  8.05e-03 1.69e-06  6.39e-03     2s
  13   6.42236663e+03  6.64889312e+03  2.47e-03 1.39e-06  2.76e-03     2s
  14   6.45217261e+03  6.60047177e+03  1.13e-03 1.17e-06  1.79e-03     2s
  15   6.46595246e+03  6.55317595e+03  5.52e-04 7.41e-07  1.05e-03     2s
  16   6.47360054e+03  6.51980070e+03  2.86e-04 7.98e-07  5.58e-04     2s

Barrier performed 16 iterations in 2.22 seconds (1.17 work units)
Barrier solve interrupted - model solved by another algorithm


Solved with dual simplex
Extra simplex iterations after uncrush: 8852
Iteration    Objective       Primal Inf.    Dual Inf.      Time
   31939    6.4835498e+03   0.000000e+00   0.000000e+00      4s

Solved in 31939 iterations and 3.51 seconds (2.22 work units)
Optimal objective  6.483549818e+03

Gurobi 11.0.3 (mac64[x86]) logging started Fri Feb 28 13:02:11 2025

Set parameter LogFile to value "Results/result_v2_A.log"
Set parameter TimeLimit to value 36000
Gurobi Optimizer version 11.0.3 build v11.0.3rc0 (mac64[x86] - Darwin 23.4.0 23E214)

CPU model: Intel(R) Core(TM) i7-1060NG7 CPU @ 1.20GHz
Thread count: 4 physical cores, 8 logical processors, using up to 8 threads

Optimize a model with 267384 rows, 357816 columns and 1175096 nonzeros
Model fingerprint: 0x30878dfb
Coefficient statistics:
  Matrix range     [1e+00, 1e+00]
  Objective range  [6e-02, 5e+00]
  Bounds range     [0e+00, 0e+00]
  RHS range        [1e-02, 1e+03]
Presolve removed 240134 rows and 305168 columns
Presolve time: 1.22s
Presolved: 27250 rows, 52648 columns, 136946 nonzeros

Concurrent LP optimizer: dual simplex and barrier
Showing barrier log only...

Ordering time: 0.36s

Barrier statistics:
 Free vars  : 1094
 AA' NZ     : 9.244e+04
 Factor NZ  : 8.727e+05 (roughly 40 MB of memory)
 Factor Ops : 1.032e+08 (less than 1 second per iteration)
 Threads    : 3

                  Objective                Residual
Iter       Primal          Dual         Primal    Dual     Compl     Time
   0  -3.38008718e+06  2.01707918e+06  1.90e+04 7.45e-01  1.17e+03     2s
   1  -3.13445364e+06  1.75045082e+06  3.97e+03 2.54e-01  2.84e+02     2s
   2  -1.61342620e+06  9.24262202e+05  6.38e+02 3.68e-03  5.31e+01     2s
   3  -2.38800275e+05  2.61013811e+05  8.32e+01 3.46e-04  8.49e+00     2s
   4  -9.81903944e+04  1.15060313e+05  2.34e+01 1.32e-04  3.46e+00     2s
   5  -3.41850864e+04  4.83040984e+04  6.55e+00 4.98e-05  1.27e+00     2s
   6  -7.00200670e+03  2.27627238e+04  1.79e+00 3.90e-05  4.22e-01     2s
   7   1.81024260e+03  1.32857347e+04  5.04e-01 2.29e-05  1.54e-01     2s
   8   4.43430933e+03  9.72562507e+03  1.80e-01 1.09e-05  6.88e-02     2s
   9   5.17264441e+03  8.59110878e+03  1.03e-01 7.25e-06  4.40e-02     2s
  10   5.78922288e+03  7.77808302e+03  4.71e-02 4.67e-06  2.51e-02     2s
  11   6.19512921e+03  7.16727180e+03  1.59e-02 2.94e-06  1.20e-02     2s
  12   6.31844572e+03  6.83592602e+03  8.05e-03 1.69e-06  6.39e-03     2s
  13   6.42236663e+03  6.64889312e+03  2.47e-03 1.39e-06  2.76e-03     2s
  14   6.45217261e+03  6.60047177e+03  1.13e-03 1.17e-06  1.79e-03     2s
  15   6.46595246e+03  6.55317595e+03  5.52e-04 7.41e-07  1.05e-03     2s
  16   6.47360054e+03  6.51980070e+03  2.86e-04 7.98e-07  5.58e-04     2s
  17   6.47958790e+03  6.50990848e+03  8.28e-05 8.22e-07  3.62e-04     2s

Barrier performed 17 iterations in 2.38 seconds (1.18 work units)
Barrier solve interrupted - model solved by another algorithm


Solved with dual simplex
Extra simplex iterations after uncrush: 8852
Iteration    Objective       Primal Inf.    Dual Inf.      Time
   31939    6.4835498e+03   0.000000e+00   0.000000e+00      4s

Solved in 31939 iterations and 3.59 seconds (2.22 work units)
Optimal objective  6.483549818e+03

Gurobi 11.0.3 (mac64[x86]) logging started Fri Feb 28 13:02:58 2025

Set parameter LogFile to value "Results/result_v2_A.log"
Set parameter TimeLimit to value 36000
Gurobi Optimizer version 11.0.3 build v11.0.3rc0 (mac64[x86] - Darwin 23.4.0 23E214)

CPU model: Intel(R) Core(TM) i7-1060NG7 CPU @ 1.20GHz
Thread count: 4 physical cores, 8 logical processors, using up to 8 threads

Optimize a model with 267384 rows, 357816 columns and 1175096 nonzeros
Model fingerprint: 0x30878dfb
Coefficient statistics:
  Matrix range     [1e+00, 1e+00]
  Objective range  [6e-02, 5e+00]
  Bounds range     [0e+00, 0e+00]
  RHS range        [1e-02, 1e+03]
Presolve removed 240134 rows and 305168 columns
Presolve time: 1.03s
Presolved: 27250 rows, 52648 columns, 136946 nonzeros

Concurrent LP optimizer: dual simplex and barrier
Showing barrier log only...

Ordering time: 0.40s

Barrier statistics:
 Free vars  : 1094
 AA' NZ     : 9.244e+04
 Factor NZ  : 8.727e+05 (roughly 40 MB of memory)
 Factor Ops : 1.032e+08 (less than 1 second per iteration)
 Threads    : 3

                  Objective                Residual
Iter       Primal          Dual         Primal    Dual     Compl     Time
   0  -3.38008718e+06  2.01707918e+06  1.90e+04 7.45e-01  1.17e+03     2s
   1  -3.13445364e+06  1.75045082e+06  3.97e+03 2.54e-01  2.84e+02     2s
   2  -1.61342620e+06  9.24262202e+05  6.38e+02 3.68e-03  5.31e+01     2s
   3  -2.38800275e+05  2.61013811e+05  8.32e+01 3.46e-04  8.49e+00     2s
   4  -9.81903944e+04  1.15060313e+05  2.34e+01 1.32e-04  3.46e+00     2s
   5  -3.41850864e+04  4.83040984e+04  6.55e+00 4.98e-05  1.27e+00     2s
   6  -7.00200670e+03  2.27627238e+04  1.79e+00 3.90e-05  4.22e-01     2s
   7   1.81024260e+03  1.32857347e+04  5.04e-01 2.29e-05  1.54e-01     2s
   8   4.43430933e+03  9.72562507e+03  1.80e-01 1.09e-05  6.88e-02     2s
   9   5.17264441e+03  8.59110878e+03  1.03e-01 7.25e-06  4.40e-02     2s
  10   5.78922288e+03  7.77808302e+03  4.71e-02 4.67e-06  2.51e-02     2s
  11   6.19512921e+03  7.16727180e+03  1.59e-02 2.94e-06  1.20e-02     2s
  12   6.31844572e+03  6.83592602e+03  8.05e-03 1.69e-06  6.39e-03     2s
  13   6.42236663e+03  6.64889312e+03  2.47e-03 1.39e-06  2.76e-03     2s
  14   6.45217261e+03  6.60047177e+03  1.13e-03 1.17e-06  1.79e-03     2s
  15   6.46595246e+03  6.55317595e+03  5.52e-04 7.41e-07  1.05e-03     2s
  16   6.47360054e+03  6.51980070e+03  2.86e-04 7.98e-07  5.58e-04     2s
  17   6.47958790e+03  6.50990848e+03  8.28e-05 8.22e-07  3.62e-04     2s

Barrier performed 17 iterations in 2.28 seconds (1.19 work units)
Barrier solve interrupted - model solved by another algorithm


Solved with dual simplex
Extra simplex iterations after uncrush: 8852
Iteration    Objective       Primal Inf.    Dual Inf.      Time
   31939    6.4835498e+03   0.000000e+00   0.000000e+00      4s

Solved in 31939 iterations and 3.65 seconds (2.22 work units)
Optimal objective  6.483549818e+03

Gurobi 11.0.3 (mac64[x86]) logging started Fri Feb 28 13:11:54 2025

Set parameter LogFile to value "Results/result_v2_A.log"
Set parameter TimeLimit to value 36000
Gurobi Optimizer version 11.0.3 build v11.0.3rc0 (mac64[x86] - Darwin 23.4.0 23E214)

CPU model: Intel(R) Core(TM) i7-1060NG7 CPU @ 1.20GHz
Thread count: 4 physical cores, 8 logical processors, using up to 8 threads

Optimize a model with 267384 rows, 357816 columns and 1175096 nonzeros
Model fingerprint: 0x30878dfb
Coefficient statistics:
  Matrix range     [1e+00, 1e+00]
  Objective range  [6e-02, 5e+00]
  Bounds range     [0e+00, 0e+00]
  RHS range        [1e-02, 1e+03]
Presolve removed 240134 rows and 305168 columns
Presolve time: 1.07s
Presolved: 27250 rows, 52648 columns, 136946 nonzeros

Concurrent LP optimizer: dual simplex and barrier
Showing barrier log only...

Ordering time: 0.36s

Barrier statistics:
 Free vars  : 1094
 AA' NZ     : 9.244e+04
 Factor NZ  : 8.727e+05 (roughly 40 MB of memory)
 Factor Ops : 1.032e+08 (less than 1 second per iteration)
 Threads    : 3

                  Objective                Residual
Iter       Primal          Dual         Primal    Dual     Compl     Time
   0  -3.38008718e+06  2.01707918e+06  1.90e+04 7.45e-01  1.17e+03     2s
   1  -3.13445364e+06  1.75045082e+06  3.97e+03 2.54e-01  2.84e+02     2s
   2  -1.61342620e+06  9.24262202e+05  6.38e+02 3.68e-03  5.31e+01     2s
   3  -2.38800275e+05  2.61013811e+05  8.32e+01 3.46e-04  8.49e+00     2s
   4  -9.81903944e+04  1.15060313e+05  2.34e+01 1.32e-04  3.46e+00     2s
   5  -3.41850864e+04  4.83040984e+04  6.55e+00 4.98e-05  1.27e+00     2s
   6  -7.00200670e+03  2.27627238e+04  1.79e+00 3.90e-05  4.22e-01     2s
   7   1.81024260e+03  1.32857347e+04  5.04e-01 2.29e-05  1.54e-01     2s
   8   4.43430933e+03  9.72562507e+03  1.80e-01 1.09e-05  6.88e-02     2s
   9   5.17264441e+03  8.59110878e+03  1.03e-01 7.25e-06  4.40e-02     2s
  10   5.78922288e+03  7.77808302e+03  4.71e-02 4.67e-06  2.51e-02     2s
  11   6.19512921e+03  7.16727180e+03  1.59e-02 2.94e-06  1.20e-02     2s
  12   6.31844572e+03  6.83592602e+03  8.05e-03 1.69e-06  6.39e-03     2s
  13   6.42236663e+03  6.64889312e+03  2.47e-03 1.39e-06  2.76e-03     2s
  14   6.45217261e+03  6.60047177e+03  1.13e-03 1.17e-06  1.79e-03     2s
  15   6.46595246e+03  6.55317595e+03  5.52e-04 7.41e-07  1.05e-03     2s
  16   6.47360054e+03  6.51980070e+03  2.86e-04 7.98e-07  5.58e-04     2s
  17   6.47958790e+03  6.50990848e+03  8.28e-05 8.22e-07  3.62e-04     2s

Barrier performed 17 iterations in 2.34 seconds (1.18 work units)
Barrier solve interrupted - model solved by another algorithm


Solved with dual simplex
Extra simplex iterations after uncrush: 8852
Iteration    Objective       Primal Inf.    Dual Inf.      Time
   31939    6.4835498e+03   0.000000e+00   0.000000e+00      4s

Solved in 31939 iterations and 3.70 seconds (2.22 work units)
Optimal objective  6.483549818e+03

Gurobi 11.0.3 (mac64[x86]) logging started Fri Feb 28 13:14:14 2025

Set parameter LogFile to value "Results/result_v2_A.log"
Set parameter TimeLimit to value 36000
Gurobi Optimizer version 11.0.3 build v11.0.3rc0 (mac64[x86] - Darwin 23.4.0 23E214)

CPU model: Intel(R) Core(TM) i7-1060NG7 CPU @ 1.20GHz
Thread count: 4 physical cores, 8 logical processors, using up to 8 threads

Optimize a model with 267384 rows, 357816 columns and 1175096 nonzeros
Model fingerprint: 0x30878dfb
Coefficient statistics:
  Matrix range     [1e+00, 1e+00]
  Objective range  [6e-02, 5e+00]
  Bounds range     [0e+00, 0e+00]
  RHS range        [1e-02, 1e+03]
Presolve removed 240134 rows and 305168 columns
Presolve time: 1.06s
Presolved: 27250 rows, 52648 columns, 136946 nonzeros

Concurrent LP optimizer: dual simplex and barrier
Showing barrier log only...

Ordering time: 0.32s

Barrier statistics:
 Free vars  : 1094
 AA' NZ     : 9.244e+04
 Factor NZ  : 8.727e+05 (roughly 40 MB of memory)
 Factor Ops : 1.032e+08 (less than 1 second per iteration)
 Threads    : 3

                  Objective                Residual
Iter       Primal          Dual         Primal    Dual     Compl     Time
   0  -3.38008718e+06  2.01707918e+06  1.90e+04 7.45e-01  1.17e+03     2s
   1  -3.13445364e+06  1.75045082e+06  3.97e+03 2.54e-01  2.84e+02     2s
   2  -1.61342620e+06  9.24262202e+05  6.38e+02 3.68e-03  5.31e+01     2s
   3  -2.38800275e+05  2.61013811e+05  8.32e+01 3.46e-04  8.49e+00     2s
   4  -9.81903944e+04  1.15060313e+05  2.34e+01 1.32e-04  3.46e+00     2s
   5  -3.41850864e+04  4.83040984e+04  6.55e+00 4.98e-05  1.27e+00     2s
   6  -7.00200670e+03  2.27627238e+04  1.79e+00 3.90e-05  4.22e-01     2s
   7   1.81024260e+03  1.32857347e+04  5.04e-01 2.29e-05  1.54e-01     2s
   8   4.43430933e+03  9.72562507e+03  1.80e-01 1.09e-05  6.88e-02     2s
   9   5.17264441e+03  8.59110878e+03  1.03e-01 7.25e-06  4.40e-02     2s
  10   5.78922288e+03  7.77808302e+03  4.71e-02 4.67e-06  2.51e-02     2s
  11   6.19512921e+03  7.16727180e+03  1.59e-02 2.94e-06  1.20e-02     2s
  12   6.31844572e+03  6.83592602e+03  8.05e-03 1.69e-06  6.39e-03     2s
  13   6.42236663e+03  6.64889312e+03  2.47e-03 1.39e-06  2.76e-03     2s
  14   6.45217261e+03  6.60047177e+03  1.13e-03 1.17e-06  1.79e-03     2s
  15   6.46595246e+03  6.55317595e+03  5.52e-04 7.41e-07  1.05e-03     2s
  16   6.47360054e+03  6.51980070e+03  2.86e-04 7.98e-07  5.58e-04     2s
  17   6.47958790e+03  6.50990848e+03  8.28e-05 8.22e-07  3.62e-04     2s

Barrier performed 17 iterations in 2.17 seconds (1.18 work units)
Barrier solve interrupted - model solved by another algorithm


Solved with dual simplex
Extra simplex iterations after uncrush: 8852
Iteration    Objective       Primal Inf.    Dual Inf.      Time
   31939    6.4835498e+03   0.000000e+00   0.000000e+00      3s

Solved in 31939 iterations and 3.40 seconds (2.22 work units)
Optimal objective  6.483549818e+03

Gurobi 11.0.3 (mac64[x86]) logging started Fri Feb 28 13:18:11 2025

Set parameter LogFile to value "Results/result_v2_A.log"
Set parameter TimeLimit to value 36000
Gurobi Optimizer version 11.0.3 build v11.0.3rc0 (mac64[x86] - Darwin 23.4.0 23E214)

CPU model: Intel(R) Core(TM) i7-1060NG7 CPU @ 1.20GHz
Thread count: 4 physical cores, 8 logical processors, using up to 8 threads

Optimize a model with 267384 rows, 357816 columns and 1175096 nonzeros
Model fingerprint: 0x30878dfb
Coefficient statistics:
  Matrix range     [1e+00, 1e+00]
  Objective range  [6e-02, 5e+00]
  Bounds range     [0e+00, 0e+00]
  RHS range        [1e-02, 1e+03]
Presolve removed 240134 rows and 305168 columns
Presolve time: 1.14s
Presolved: 27250 rows, 52648 columns, 136946 nonzeros

Concurrent LP optimizer: dual simplex and barrier
Showing barrier log only...

Ordering time: 0.34s

Barrier statistics:
 Free vars  : 1094
 AA' NZ     : 9.244e+04
 Factor NZ  : 8.727e+05 (roughly 40 MB of memory)
 Factor Ops : 1.032e+08 (less than 1 second per iteration)
 Threads    : 3

                  Objective                Residual
Iter       Primal          Dual         Primal    Dual     Compl     Time
   0  -3.38008718e+06  2.01707918e+06  1.90e+04 7.45e-01  1.17e+03     2s
   1  -3.13445364e+06  1.75045082e+06  3.97e+03 2.54e-01  2.84e+02     2s
   2  -1.61342620e+06  9.24262202e+05  6.38e+02 3.68e-03  5.31e+01     2s
   3  -2.38800275e+05  2.61013811e+05  8.32e+01 3.46e-04  8.49e+00     2s
   4  -9.81903944e+04  1.15060313e+05  2.34e+01 1.32e-04  3.46e+00     2s
   5  -3.41850864e+04  4.83040984e+04  6.55e+00 4.98e-05  1.27e+00     2s
   6  -7.00200670e+03  2.27627238e+04  1.79e+00 3.90e-05  4.22e-01     2s
   7   1.81024260e+03  1.32857347e+04  5.04e-01 2.29e-05  1.54e-01     2s
   8   4.43430933e+03  9.72562507e+03  1.80e-01 1.09e-05  6.88e-02     2s
   9   5.17264441e+03  8.59110878e+03  1.03e-01 7.25e-06  4.40e-02     2s
  10   5.78922288e+03  7.77808302e+03  4.71e-02 4.67e-06  2.51e-02     2s
  11   6.19512921e+03  7.16727180e+03  1.59e-02 2.94e-06  1.20e-02     2s
  12   6.31844572e+03  6.83592602e+03  8.05e-03 1.69e-06  6.39e-03     2s
  13   6.42236663e+03  6.64889312e+03  2.47e-03 1.39e-06  2.76e-03     2s
  14   6.45217261e+03  6.60047177e+03  1.13e-03 1.17e-06  1.79e-03     2s
  15   6.46595246e+03  6.55317595e+03  5.52e-04 7.41e-07  1.05e-03     2s
  16   6.47360054e+03  6.51980070e+03  2.86e-04 7.98e-07  5.58e-04     2s
  17   6.47958790e+03  6.50990848e+03  8.28e-05 8.22e-07  3.62e-04     2s

Barrier performed 17 iterations in 2.27 seconds (1.18 work units)
Barrier solve interrupted - model solved by another algorithm


Solved with dual simplex
Extra simplex iterations after uncrush: 8852
Iteration    Objective       Primal Inf.    Dual Inf.      Time
   31939    6.4835498e+03   0.000000e+00   0.000000e+00      4s

Solved in 31939 iterations and 3.51 seconds (2.22 work units)
Optimal objective  6.483549818e+03
