
Gurobi 11.0.3 (mac64[x86]) logging started Tue Jan 21 10:48:44 2025

Set parameter LogFile to value "Results/result_B1.log"
Set parameter TimeLimit to value 36000
Gurobi Optimizer version 11.0.3 build v11.0.3rc0 (mac64[x86] - Darwin 23.4.0 23E214)

CPU model: Intel(R) Core(TM) i7-1060NG7 CPU @ 1.20GHz
Thread count: 4 physical cores, 8 logical processors, using up to 8 threads

Optimize a model with 267384 rows, 357816 columns and 1175096 nonzeros
Model fingerprint: 0x77b42580
Coefficient statistics:
  Matrix range     [1e+00, 1e+00]
  Objective range  [6e-02, 2e+00]
  Bounds range     [0e+00, 0e+00]
  RHS range        [1e-02, 5e+02]
Presolve removed 241158 rows and 309958 columns
Presolve time: 1.85s
Presolved: 26226 rows, 47858 columns, 127347 nonzeros

Concurrent LP optimizer: dual simplex and barrier
Showing barrier log only...

Ordering time: 0.58s

Barrier statistics:
 Free vars  : 1013
 AA' NZ     : 8.687e+04
 Factor NZ  : 8.096e+05 (roughly 40 MB of memory)
 Factor Ops : 9.222e+07 (less than 1 second per iteration)
 Threads    : 3

                  Objective                Residual
Iter       Primal          Dual         Primal    Dual     Compl     Time
   0  -2.71283582e+06  7.43104148e+06  8.60e+03 2.17e+00  2.75e+03     3s
   1  -2.75200424e+06  5.98878849e+06  1.92e+03 1.83e+00  7.34e+02     3s
   2  -1.97600616e+06  2.49097838e+06  3.12e+02 2.20e-01  1.38e+02     3s
   3  -5.51445098e+05  4.72668463e+05  2.64e+01 4.57e-03  1.80e+01     3s
   4  -2.09424326e+05  1.79824502e+05  6.95e+00 5.79e-04  6.36e+00     3s
   5  -3.23036984e+04  8.98730921e+04  1.07e+00 2.44e-04  1.77e+00     3s
   6  -3.68072764e+03  3.73191470e+04  2.79e-01 7.27e-05  5.74e-01     3s
   7   5.74372237e+03  2.48044678e+04  1.09e-01 3.52e-05  2.63e-01     3s
   8   1.07501452e+04  1.76558713e+04  3.25e-02 1.59e-05  9.43e-02     3s
   9   1.27731032e+04  1.54930120e+04  8.37e-03 8.36e-06  3.65e-02     3s
  10   1.32863058e+04  1.46745873e+04  3.68e-03 4.68e-06  1.86e-02     3s
  11   1.35913348e+04  1.43403589e+04  1.29e-03 3.33e-06  9.93e-03     3s
  12   1.36943969e+04  1.40559101e+04  6.67e-04 2.57e-06  4.81e-03     3s
  13   1.37780869e+04  1.39759747e+04  2.33e-04 3.22e-06  2.61e-03     3s
  14   1.38283890e+04  1.38389838e+04  1.17e-05 1.01e-06  1.40e-04     3s
  15   1.38349821e+04  1.38352374e+04  3.34e-07 6.11e-08  3.39e-06     4s
  16   1.38352075e+04  1.38352104e+04  1.96e-09 4.99e-09  3.82e-08     4s
  17   1.38352099e+04  1.38352099e+04  6.58e-10 2.77e-12  1.52e-11     4s

Barrier solved model in 17 iterations and 3.67 seconds (1.14 work units)
Optimal objective 1.38352099e+04

Crossover log...

    5636 DPushes remaining with DInf 0.0000000e+00                 4s
       0 DPushes remaining with DInf 0.0000000e+00                 4s

     730 PPushes remaining with PInf 0.0000000e+00                 4s
       0 PPushes remaining with PInf 0.0000000e+00                 4s

  Push phase complete: Pinf 0.0000000e+00, Dinf 0.0000000e+00      4s


Solved with barrier
Iteration    Objective       Primal Inf.    Dual Inf.      Time
    8040    1.3835255e+04   0.000000e+00   3.301862e+04      6s
    9702    1.3835327e+04   0.000000e+00   8.712908e+04     10s
   12195    1.3835387e+04   0.000000e+00   7.114486e+04     15s
   14134    1.3835406e+04   0.000000e+00   1.158760e+05     20s
   16073    1.3835422e+04   0.000000e+00   6.822337e+04     26s
   18012    1.3835434e+04   0.000000e+00   1.681058e+05     30s
   19397    1.3835440e+04   0.000000e+00   1.184234e+05     36s
   20782    1.3835445e+04   0.000000e+00   1.939261e+04     41s
   22167    1.3835449e+04   0.000000e+00   1.087031e+04     46s
   23552    1.3835452e+04   0.000000e+00   3.205392e+04     50s
   24937    1.3835455e+04   0.000000e+00   1.149136e+04     56s
   26322    1.3835458e+04   0.000000e+00   1.633022e+04     60s
   28261    1.3835462e+04   0.000000e+00   1.665220e+04     66s
   29923    1.3835464e+04   0.000000e+00   2.891821e+03     70s
   31862    1.3835467e+04   0.000000e+00   2.512465e+03     75s
   33801    1.3835469e+04   0.000000e+00   5.021272e+03     80s
   35463    1.3835471e+04   0.000000e+00   1.481400e+03     85s
   37402    1.3835472e+04   0.000000e+00   9.946663e+02     91s
   38787    1.3835473e+04   0.000000e+00   1.239922e+03     95s
   40449    1.3835474e+04   0.000000e+00   9.041257e+02    101s
   41834    1.3835475e+04   0.000000e+00   2.852189e+03    105s
   42942    1.3835475e+04   0.000000e+00   2.203492e+03    110s
   44881    1.3835476e+04   0.000000e+00   1.340863e+02    115s
   46536    1.3835477e+04   0.000000e+00   2.257873e+01    120s
   47437    1.3835210e+04   0.000000e+00   0.000000e+00    125s
Extra simplex iterations after uncrush: 41218

Solved in 47437 iterations and 125.08 seconds (65.76 work units)
Optimal objective  1.383520987e+04

Gurobi 11.0.3 (mac64[x86]) logging started Tue Jan 21 10:54:22 2025

Set parameter LogFile to value "Results/result_B1.log"
Set parameter TimeLimit to value 36000
Gurobi Optimizer version 11.0.3 build v11.0.3rc0 (mac64[x86] - Darwin 23.4.0 23E214)

CPU model: Intel(R) Core(TM) i7-1060NG7 CPU @ 1.20GHz
Thread count: 4 physical cores, 8 logical processors, using up to 8 threads

Optimize a model with 267384 rows, 357816 columns and 1175096 nonzeros
Model fingerprint: 0xd658d1d0
Coefficient statistics:
  Matrix range     [1e+00, 1e+00]
  Objective range  [6e-01, 5e+00]
  Bounds range     [0e+00, 0e+00]
  RHS range        [1e-02, 5e+02]
Presolve removed 241154 rows and 310022 columns
Presolve time: 1.06s
Presolved: 26230 rows, 47794 columns, 127169 nonzeros

Concurrent LP optimizer: dual simplex and barrier
Showing barrier log only...

Ordering time: 0.31s

Barrier statistics:
 Free vars  : 1013
 AA' NZ     : 8.685e+04
 Factor NZ  : 7.944e+05 (roughly 36 MB of memory)
 Factor Ops : 8.155e+07 (less than 1 second per iteration)
 Threads    : 3

Barrier performed 0 iterations in 1.46 seconds (0.79 work units)
Barrier solve interrupted - model solved by another algorithm


Solved with dual simplex
Extra simplex iterations after uncrush: 16983
Iteration    Objective       Primal Inf.    Dual Inf.      Time
   31817    3.3600000e+02   0.000000e+00   0.000000e+00      4s

Solved in 31817 iterations and 4.14 seconds (3.75 work units)
Optimal objective  3.360000000e+02

Gurobi 11.0.3 (mac64[x86]) logging started Tue Jan 21 10:56:37 2025

Set parameter LogFile to value "Results/result_B1.log"
Set parameter TimeLimit to value 36000
Gurobi Optimizer version 11.0.3 build v11.0.3rc0 (mac64[x86] - Darwin 23.4.0 23E214)

CPU model: Intel(R) Core(TM) i7-1060NG7 CPU @ 1.20GHz
Thread count: 4 physical cores, 8 logical processors, using up to 8 threads

Optimize a model with 267384 rows, 357816 columns and 1175096 nonzeros
Model fingerprint: 0x2482199f
Coefficient statistics:
  Matrix range     [1e+00, 1e+00]
  Objective range  [2e-01, 5e+00]
  Bounds range     [0e+00, 0e+00]
  RHS range        [1e-02, 5e+02]
Presolve removed 241154 rows and 309974 columns
Presolve time: 1.02s
Presolved: 26230 rows, 47842 columns, 127217 nonzeros

Concurrent LP optimizer: dual simplex and barrier
Showing barrier log only...

Ordering time: 0.31s

Barrier statistics:
 Free vars  : 1013
 AA' NZ     : 8.685e+04
 Factor NZ  : 7.944e+05 (roughly 36 MB of memory)
 Factor Ops : 8.155e+07 (less than 1 second per iteration)
 Threads    : 3

                  Objective                Residual
Iter       Primal          Dual         Primal    Dual     Compl     Time
   0  -6.55402774e+06  1.40116855e+07  8.60e+03 4.21e+00  5.20e+03     1s

Barrier performed 0 iterations in 1.44 seconds (0.80 work units)
Barrier solve interrupted - model solved by another algorithm


Solved with dual simplex
Extra simplex iterations after uncrush: 16028
Iteration    Objective       Primal Inf.    Dual Inf.      Time
   31641    3.4200000e+02   0.000000e+00   0.000000e+00      4s

Solved in 31641 iterations and 4.01 seconds (3.47 work units)
Optimal objective  3.420000000e+02

Gurobi 11.0.3 (mac64[x86]) logging started Tue Jan 21 13:49:56 2025

Set parameter LogFile to value "Results/result_B1.log"
Set parameter TimeLimit to value 36000
Gurobi Optimizer version 11.0.3 build v11.0.3rc0 (mac64[x86] - Darwin 23.4.0 23E214)

CPU model: Intel(R) Core(TM) i7-1060NG7 CPU @ 1.20GHz
Thread count: 4 physical cores, 8 logical processors, using up to 8 threads

Optimize a model with 267384 rows, 357816 columns and 1175096 nonzeros
Model fingerprint: 0xee9dc98a
Coefficient statistics:
  Matrix range     [1e+00, 1e+00]
  Objective range  [2e-01, 5e+00]
  Bounds range     [0e+00, 0e+00]
  RHS range        [1e-02, 5e+02]
Presolve removed 241069 rows and 307406 columns
Presolve time: 1.33s
Presolved: 26315 rows, 50410 columns, 130122 nonzeros

Concurrent LP optimizer: dual simplex and barrier
Showing barrier log only...

Ordering time: 0.43s

Barrier statistics:
 Free vars  : 1013
 AA' NZ     : 8.721e+04
 Factor NZ  : 7.856e+05 (roughly 40 MB of memory)
 Factor Ops : 7.984e+07 (less than 1 second per iteration)
 Threads    : 3

                  Objective                Residual
Iter       Primal          Dual         Primal    Dual     Compl     Time
   0  -3.03286644e+06  8.88681269e+06  8.59e+03 2.72e+00  3.30e+03     2s
   1  -3.16402576e+06  7.06573856e+06  1.80e+03 1.80e+00  8.19e+02     2s
   2  -2.07264441e+06  2.90508403e+06  3.07e+02 1.97e-01  1.49e+02     2s
   3  -5.90669091e+05  5.28351924e+05  2.23e+01 1.83e-03  1.88e+01     2s
   4  -2.28423145e+05  1.66358069e+05  6.13e+00 3.26e-04  6.24e+00     2s
   5  -4.18405553e+04  7.82694536e+04  9.12e-01 1.37e-04  1.68e+00     2s
   6  -8.45191856e+03  2.09004966e+04  1.56e-01 3.00e-05  3.94e-01     2s
   7  -4.06359718e+03  1.14212556e+04  9.20e-02 1.47e-05  2.10e-01     2s
   8   1.44667895e+03  7.32570684e+03  2.10e-02 1.03e-05  7.73e-02     2s
   9   2.86918881e+03  5.42592165e+03  7.87e-03 4.83e-06  3.34e-02     2s
  10   3.50763657e+03  4.87687944e+03  2.85e-03 3.10e-06  1.77e-02     2s
  11   3.65351514e+03  4.56243179e+03  1.93e-03 2.07e-06  1.18e-02     2s
  12   3.83736721e+03  4.22498709e+03  8.40e-04 1.90e-06  5.04e-03     3s
  13   3.97025346e+03  4.16725360e+03  1.44e-04 2.96e-06  2.50e-03     3s
  14   4.00353524e+03  4.04532712e+03  7.75e-06 1.40e-06  5.26e-04     3s
  15   4.00745747e+03  4.01184610e+03  4.20e-07 1.70e-07  5.53e-05     3s
  16   4.00837261e+03  4.00847461e+03  2.37e-08 1.75e-08  1.29e-06     3s
  17   4.00843522e+03  4.00843551e+03  7.08e-11 9.86e-10  3.70e-09     3s
  18   4.00843545e+03  4.00843545e+03  6.15e-11 3.17e-12  7.62e-14     3s

Barrier solved model in 18 iterations and 2.80 seconds (1.16 work units)
Optimal objective 4.00843545e+03

Crossover log...

    6980 DPushes remaining with DInf 0.0000000e+00                 3s
       0 DPushes remaining with DInf 0.0000000e+00                 3s

     843 PPushes remaining with PInf 0.0000000e+00                 3s
       0 PPushes remaining with PInf 0.0000000e+00                 3s

  Push phase complete: Pinf 0.0000000e+00, Dinf 4.6851412e-14      3s


Solved with barrier
Iteration    Objective       Primal Inf.    Dual Inf.      Time
   10538    4.0085517e+03   0.000000e+00   5.955162e+04      5s
   16934    4.0086523e+03   0.000000e+00   3.314027e+03     10s
   20275    4.0086617e+03   0.000000e+00   9.717227e+02     16s
   23641    4.0086670e+03   0.000000e+00   3.615448e+02     21s
   25857    4.0086683e+03   0.000000e+00   1.025312e+02     25s
   28073    4.0086689e+03   0.000000e+00   4.459643e+01     30s
Extra simplex iterations after uncrush: 21277
   29071    4.0084355e+03   0.000000e+00   0.000000e+00     33s

Solved in 29071 iterations and 32.62 seconds (20.95 work units)
Optimal objective  4.008435451e+03

Gurobi 11.0.3 (mac64[x86]) logging started Tue Jan 21 14:38:47 2025

Set parameter LogFile to value "Results/result_B1.log"
Set parameter TimeLimit to value 36000
Gurobi Optimizer version 11.0.3 build v11.0.3rc0 (mac64[x86] - Darwin 23.4.0 23E214)

CPU model: Intel(R) Core(TM) i7-1060NG7 CPU @ 1.20GHz
Thread count: 4 physical cores, 8 logical processors, using up to 8 threads

Optimize a model with 267384 rows, 357816 columns and 1175096 nonzeros
Model fingerprint: 0xe094fa60
Coefficient statistics:
  Matrix range     [1e+00, 1e+00]
  Objective range  [2e-01, 5e+00]
  Bounds range     [0e+00, 0e+00]
  RHS range        [1e-02, 1e+03]
Presolve removed 241133 rows and 307406 columns
Presolve time: 1.03s
Presolved: 26251 rows, 50410 columns, 129802 nonzeros

Concurrent LP optimizer: dual simplex and barrier
Showing barrier log only...

Ordering time: 0.32s

Barrier statistics:
 Free vars  : 1013
 AA' NZ     : 8.641e+04
 Factor NZ  : 7.745e+05 (roughly 40 MB of memory)
 Factor Ops : 7.419e+07 (less than 1 second per iteration)
 Threads    : 3

                  Objective                Residual
Iter       Primal          Dual         Primal    Dual     Compl     Time
   0  -5.54554394e+06  1.07796374e+07  1.58e+04 2.72e+00  6.02e+03     1s
   1  -5.86826220e+06  9.11225244e+06  3.29e+03 1.73e+00  1.45e+03     1s
   2  -3.59595815e+06  5.05001162e+06  4.79e+02 1.50e-01  2.54e+02     2s
   3  -1.09762468e+06  1.06918082e+06  4.64e+01 1.26e-03  3.92e+01     2s
   4  -3.92806854e+05  3.51668324e+05  1.43e+01 2.58e-04  1.26e+01     2s
   5  -7.68977940e+04  1.41662058e+05  2.50e+00 9.79e-05  3.21e+00     2s
   6  -2.29554350e+04  4.86848420e+04  7.10e-01 3.32e-05  1.01e+00     2s
   7  -4.92353677e+03  2.95534040e+04  2.12e-01 2.19e-05  4.65e-01     2s
   8   2.05728217e+03  1.32834014e+04  6.00e-02 8.62e-06  1.51e-01     2s
   9   4.11926990e+03  1.01940907e+04  3.30e-02 5.54e-06  8.18e-02     2s
  10   4.88450431e+03  9.25994610e+03  2.37e-02 4.39e-06  5.89e-02     2s
  11   5.30599304e+03  9.10996912e+03  1.89e-02 4.18e-06  5.09e-02     2s
  12   5.86147893e+03  8.43812939e+03  1.27e-02 3.13e-06  3.45e-02     2s
  13   6.40839880e+03  8.18968686e+03  6.96e-03 2.69e-06  2.35e-02     2s
  14   6.70208293e+03  7.58673520e+03  3.87e-03 1.34e-06  1.18e-02     2s
  15   6.98280294e+03  7.34805904e+03  1.04e-03 3.66e-06  4.77e-03     2s
  16   7.08523851e+03  7.24038165e+03  1.81e-04 2.51e-06  1.98e-03     2s
  17   7.11662890e+03  7.15715696e+03  1.90e-05 9.32e-07  5.12e-04     2s
  18   7.12148071e+03  7.13970171e+03  4.13e-06 4.59e-07  2.30e-04     2s
  19   7.12280174e+03  7.12291061e+03  1.53e-07 1.33e-08  1.41e-06     2s
  20   7.12286976e+03  7.12286996e+03  2.00e-10 6.22e-10  2.44e-09     2s
  21   7.12286990e+03  7.12286990e+03  7.34e-09 1.39e-12  1.56e-12     2s

Barrier solved model in 21 iterations and 2.17 seconds (1.22 work units)
Optimal objective 7.12286990e+03

Crossover log...

    6908 DPushes remaining with DInf 0.0000000e+00                 2s

Solved with dual simplex
Iteration    Objective       Primal Inf.    Dual Inf.      Time
   36213    7.1230536e+03   0.000000e+00   2.141281e+04      5s
   44150    7.1231226e+03   0.000000e+00   3.134446e+03     10s
   47751    7.1231283e+03   0.000000e+00   3.537642e+03     15s
   51075    7.1231315e+03   0.000000e+00   4.988475e+02     20s
   53845    7.1231334e+03   0.000000e+00   4.453229e+02     25s
   56892    7.1231348e+03   0.000000e+00   1.710625e+02     30s
   60814    7.1231367e+03   0.000000e+00   1.143500e+02     35s
Extra simplex iterations after uncrush: 35358
   63317    7.1228699e+03   0.000000e+00   0.000000e+00     39s

Solved in 63317 iterations and 39.11 seconds (31.41 work units)
Optimal objective  7.122869903e+03
