
Gurobi 11.0.3 (mac64[x86]) logging started Thu Jan 23 13:03:26 2025

Set parameter LogFile to value "Results/result_B40.6.log"
Set parameter TimeLimit to value 36000
Gurobi Optimizer version 11.0.3 build v11.0.3rc0 (mac64[x86] - Darwin 23.4.0 23E214)

CPU model: Intel(R) Core(TM) i7-1060NG7 CPU @ 1.20GHz
Thread count: 4 physical cores, 8 logical processors, using up to 8 threads

Optimize a model with 267384 rows, 357816 columns and 1175096 nonzeros
Model fingerprint: 0x63c6c65b
Coefficient statistics:
  Matrix range     [1e+00, 1e+00]
  Objective range  [2e-01, 5e+00]
  Bounds range     [0e+00, 0e+00]
  RHS range        [1e-02, 6e+02]
Presolve removed 240056 rows and 305185 columns
Presolve time: 1.12s
Presolved: 27328 rows, 52631 columns, 137183 nonzeros

Concurrent LP optimizer: dual simplex and barrier
Showing barrier log only...

Ordering time: 0.38s

Barrier statistics:
 Free vars  : 106
 AA' NZ     : 7.479e+04
 Factor NZ  : 6.959e+05 (roughly 30 MB of memory)
 Factor Ops : 7.267e+07 (less than 1 second per iteration)
 Threads    : 3

                  Objective                Residual
Iter       Primal          Dual         Primal    Dual     Compl     Time
   0  -2.84801633e+06  7.00527383e+06  1.21e+04 3.13e+00  2.95e+03     2s
   1  -1.99529375e+06  5.46122757e+06  2.94e+03 1.47e+00  7.97e+02     2s
   2  -1.34228592e+06  2.65767860e+06  4.87e+02 3.01e-02  1.30e+02     2s
   3  -2.15390655e+05  5.08039744e+05  4.85e+01 2.11e-04  1.63e+01     2s
   4  -7.13963990e+04  1.63204944e+05  1.35e+01 6.84e-05  4.69e+00     2s
   5  -5.58549523e+04  6.71789908e+04  1.02e+01 3.77e-05  2.49e+00     2s
   6  -1.90277240e+04  2.93178477e+04  2.79e+00 2.68e-05  8.78e-01     2s
   7  -9.00069388e+03  1.39854158e+04  1.12e+00 1.69e-05  4.00e-01     2s
   8  -3.39311396e+03  4.90224126e+03  3.78e-01 7.74e-06  1.41e-01     2s
   9  -1.21133235e+03  3.02434958e+03  1.54e-01 6.71e-06  7.07e-02     2s
  10  -7.73692906e+01  2.01625475e+03  6.35e-02 3.98e-06  3.45e-02     2s
  11   4.96466531e+02  1.60649725e+03  2.41e-02 2.47e-06  1.80e-02     2s
  12   7.16542002e+02  1.37103334e+03  1.17e-02 1.54e-06  1.06e-02     2s
  13   9.04270094e+02  1.08458676e+03  2.60e-03 1.48e-06  2.90e-03     2s
  14   9.74416882e+02  9.80401341e+02  1.21e-04 5.16e-07  9.75e-05     2s
  15   9.79809780e+02  9.79820048e+02  3.57e-08 3.56e-08  1.62e-07     2s
  16   9.79817836e+02  9.79817836e+02  3.08e-12 4.90e-11  3.14e-13     2s

Barrier solved model in 16 iterations and 2.43 seconds (1.17 work units)
Optimal objective 9.79817836e+02

Crossover log...

   15712 DPushes remaining with DInf 0.0000000e+00                 2s
       0 DPushes remaining with DInf 0.0000000e+00                 3s

     130 PPushes remaining with PInf 0.0000000e+00                 3s
       0 PPushes remaining with PInf 0.0000000e+00                 3s

  Push phase complete: Pinf 0.0000000e+00, Dinf 0.0000000e+00      3s


Solved with barrier
Extra simplex iterations after uncrush: 2928
Iteration    Objective       Primal Inf.    Dual Inf.      Time
   18564    9.7981784e+02   0.000000e+00   0.000000e+00      4s

Use crossover to convert LP symmetric solution to basic solution...
Crossover log...

       0 DPushes remaining with DInf 0.0000000e+00                 4s

     319 PPushes remaining with PInf 0.0000000e+00                 4s
       0 PPushes remaining with PInf 0.0000000e+00                 4s

  Push phase complete: Pinf 0.0000000e+00, Dinf 0.0000000e+00      4s

Iteration    Objective       Primal Inf.    Dual Inf.      Time
   22668    9.7987412e+02   0.000000e+00   4.404091e+04      5s
   28584    9.8001973e+02   0.000000e+00   3.813658e+04     10s
   33021    9.8003941e+02   0.000000e+00   1.149580e+04     15s
   35791    9.8004384e+02   0.000000e+00   4.216231e+04     20s
   38561    9.8004717e+02   0.000000e+00   2.276190e+04     25s
   41054    9.8004962e+02   0.000000e+00   7.840506e+03     30s
   43547    9.8005157e+02   0.000000e+00   1.102270e+03     35s
   45763    9.8005317e+02   0.000000e+00   2.187206e+03     40s
   47979    9.8005426e+02   0.000000e+00   4.996780e+02     45s
   50472    9.8005515e+02   0.000000e+00   4.131797e+02     50s
   53242    9.8005606e+02   0.000000e+00   1.563932e+02     56s
   55458    9.8005661e+02   0.000000e+00   1.566944e+03     60s
   57667    9.8005696e+02   0.000000e+00   5.331250e+01     65s
   59735    9.8005712e+02   0.000000e+00   1.875000e-01     70s
Extra simplex iterations after uncrush: 39020
   59775    9.7981784e+02   0.000000e+00   0.000000e+00     70s

Solved in 59775 iterations and 70.38 seconds (54.47 work units)
Optimal objective  9.798178356e+02
