
Gurobi 11.0.3 (mac64[x86]) logging started Tue Jan 21 14:54:26 2025

Set parameter LogFile to value "Results/result_B0.0.log"
Set parameter TimeLimit to value 36000
Gurobi Optimizer version 11.0.3 build v11.0.3rc0 (mac64[x86] - Darwin 23.4.0 23E214)

CPU model: Intel(R) Core(TM) i7-1060NG7 CPU @ 1.20GHz
Thread count: 4 physical cores, 8 logical processors, using up to 8 threads

Optimize a model with 267384 rows, 357816 columns and 1175096 nonzeros
Model fingerprint: 0xe094fa60
Coefficient statistics:
  Matrix range     [1e+00, 1e+00]
  Objective range  [2e-01, 5e+00]
  Bounds range     [0e+00, 0e+00]
  RHS range        [1e-02, 1e+03]
Presolve removed 214056 rows and 187712 columns
Presolve time: 0.94s

Stopped in 0 iterations and 0.94 seconds (0.39 work units)
Solve interrupted

Gurobi 11.0.3 (mac64[x86]) logging started Tue Jan 21 14:55:26 2025

Set parameter LogFile to value "Results/result_B0.0.log"
Set parameter TimeLimit to value 36000
Gurobi Optimizer version 11.0.3 build v11.0.3rc0 (mac64[x86] - Darwin 23.4.0 23E214)

CPU model: Intel(R) Core(TM) i7-1060NG7 CPU @ 1.20GHz
Thread count: 4 physical cores, 8 logical processors, using up to 8 threads

Optimize a model with 267384 rows, 357816 columns and 1175096 nonzeros
Model fingerprint: 0xa8f2cf62
Coefficient statistics:
  Matrix range     [1e+00, 1e+00]
  Objective range  [2e-01, 5e+00]
  Bounds range     [0e+00, 0e+00]
  RHS range        [1e-02, 1e+02]
Presolve removed 259642 rows and 344616 columns
Presolve time: 2.34s
Presolved: 7742 rows, 13200 columns, 33965 nonzeros

Concurrent LP optimizer: dual simplex and barrier
Showing barrier log only...

Ordering time: 0.00s

Barrier statistics:
 Free vars  : 59
 AA' NZ     : 1.041e+04
 Factor NZ  : 5.220e+04 (roughly 3 MB of memory)
 Factor Ops : 1.392e+06 (less than 1 second per iteration)
 Threads    : 1

                  Objective                Residual
Iter       Primal          Dual         Primal    Dual     Compl     Time
   0  -8.94260001e+04  7.46910217e+05  3.95e+01 1.68e+01  6.96e+02     2s

Barrier performed 0 iterations in 2.42 seconds (0.56 work units)
Barrier solve interrupted - model solved by another algorithm


Solved with dual simplex
Extra simplex iterations after uncrush: 1
Iteration    Objective       Primal Inf.    Dual Inf.      Time
    1447   -0.0000000e+00   0.000000e+00   0.000000e+00      2s

Use crossover to convert LP symmetric solution to basic solution...
Crossover log...

       0 DPushes remaining with DInf 0.0000000e+00                 2s

     453 PPushes remaining with PInf 0.0000000e+00                 2s
       0 PPushes remaining with PInf 0.0000000e+00                 2s

  Push phase complete: Pinf 0.0000000e+00, Dinf 0.0000000e+00      2s

Extra simplex iterations after uncrush: 391
Iteration    Objective       Primal Inf.    Dual Inf.      Time
    2821   -0.0000000e+00   0.000000e+00   0.000000e+00      3s

Solved in 2821 iterations and 3.27 seconds (0.83 work units)
Optimal objective -0.000000000e+00
