
Gurobi 11.0.3 (mac64[x86]) logging started Wed Jan 22 13:32:24 2025

Set parameter LogFile to value "Results/result_C10.log"
Set parameter TimeLimit to value 36000
Gurobi Optimizer version 11.0.3 build v11.0.3rc0 (mac64[x86] - Darwin 23.4.0 23E214)

CPU model: Intel(R) Core(TM) i7-1060NG7 CPU @ 1.20GHz
Thread count: 4 physical cores, 8 logical processors, using up to 8 threads

Optimize a model with 267384 rows, 357816 columns and 1175096 nonzeros
Model fingerprint: 0xe51f2ed4
Coefficient statistics:
  Matrix range     [1e+00, 1e+00]
  Objective range  [2e-01, 5e+00]
  Bounds range     [0e+00, 0e+00]
  RHS range        [1e-02, 1e+03]
Presolve removed 222570 rows and 217455 columns
Presolve time: 0.94s

Solved in 0 iterations and 0.94 seconds (0.53 work units)
Infeasible or unbounded model

Gurobi 11.0.3 (mac64[x86]) logging started Wed Jan 22 13:33:32 2025

Set parameter LogFile to value "Results/result_C10.log"
Set parameter TimeLimit to value 36000
Gurobi Optimizer version 11.0.3 build v11.0.3rc0 (mac64[x86] - Darwin 23.4.0 23E214)

CPU model: Intel(R) Core(TM) i7-1060NG7 CPU @ 1.20GHz
Thread count: 4 physical cores, 8 logical processors, using up to 8 threads

Optimize a model with 267384 rows, 357816 columns and 1175096 nonzeros
Model fingerprint: 0x6d5ad89e
Coefficient statistics:
  Matrix range     [1e+00, 1e+00]
  Objective range  [2e-01, 5e+00]
  Bounds range     [0e+00, 0e+00]
  RHS range        [1e-02, 1e+03]
Presolve removed 240081 rows and 305126 columns
Presolve time: 1.15s
Presolved: 27303 rows, 52690 columns, 137057 nonzeros

Concurrent LP optimizer: dual simplex and barrier
Showing barrier log only...

Ordering time: 0.45s

Barrier statistics:
 Free vars  : 1020
 AA' NZ     : 9.274e+04
 Factor NZ  : 8.830e+05 (roughly 40 MB of memory)
 Factor Ops : 1.044e+08 (less than 1 second per iteration)
 Threads    : 3

                  Objective                Residual
Iter       Primal          Dual         Primal    Dual     Compl     Time
   0  -6.14853602e+06  1.06320653e+07  1.90e+04 2.72e+00  6.04e+03     2s
   1  -6.11593302e+06  9.17021988e+06  3.76e+03 1.62e+00  1.38e+03     2s
   2  -3.72105186e+06  5.01286993e+06  6.63e+02 1.43e-01  2.51e+02     2s
   3  -1.08027952e+06  1.11049579e+06  8.02e+01 2.26e-03  3.93e+01     2s
   4  -3.48743658e+05  4.93579351e+05  2.04e+01 7.76e-04  1.33e+01     2s
   5  -1.07469212e+05  2.21834948e+05  6.27e+00 3.07e-04  4.71e+00     2s
   6  -2.67851901e+04  7.77923882e+04  1.14e+00 9.26e-05  1.37e+00     2s
   7  -6.27900822e+03  2.68691516e+04  1.57e-01 2.79e-05  4.19e-01     2s
   8  -3.39488272e+03  1.98987371e+04  9.43e-02 1.92e-05  2.93e-01     2s
   9  -1.68430329e+03  1.55943499e+04  6.91e-02 1.39e-05  2.17e-01     2s
  10   1.09461064e+03  9.64512981e+03  3.06e-02 6.97e-06  1.07e-01     2s
  11   2.48422200e+03  6.93311598e+03  1.52e-02 4.33e-06  5.55e-02     2s
  12   2.89254258e+03  6.28218405e+03  1.12e-02 3.49e-06  4.23e-02     2s
  13   3.10497617e+03  6.06984227e+03  9.17e-03 3.21e-06  3.69e-02     2s
  14   3.76651134e+03  5.07781601e+03  3.32e-03 1.70e-06  1.62e-02     2s
  15   3.95183259e+03  4.77356952e+03  1.91e-03 1.32e-06  1.02e-02     2s
  16   4.06649610e+03  4.52838765e+03  1.13e-03 1.09e-06  5.73e-03     3s
  17   4.13991458e+03  4.44946268e+03  6.45e-04 7.66e-07  3.83e-03     3s
  18   4.20417902e+03  4.32350630e+03  2.25e-04 1.19e-06  1.47e-03     3s
  19   4.24516306e+03  4.25495499e+03  1.36e-06 9.93e-07  1.18e-04     3s
  20   4.24764508e+03  4.24825712e+03  1.28e-07 8.28e-08  7.39e-06     3s
  21   4.24794575e+03  4.24795355e+03  2.21e-09 6.45e-09  9.44e-08     3s
  22   4.24795161e+03  4.24795161e+03  3.26e-09 1.12e-10  4.56e-11     3s

Barrier solved model in 22 iterations and 2.79 seconds (1.30 work units)
Optimal objective 4.24795161e+03

Crossover log...

    6527 DPushes remaining with DInf 0.0000000e+00                 3s
       0 DPushes remaining with DInf 0.0000000e+00                 3s

    1473 PPushes remaining with PInf 0.0000000e+00                 3s

Solved with dual simplex
Iteration    Objective       Primal Inf.    Dual Inf.      Time
   35803    4.2480518e+03   0.000000e+00   5.649823e+03      5s
Extra simplex iterations after uncrush: 11647
   41180    4.2479516e+03   0.000000e+00   0.000000e+00      9s

Solved in 41180 iterations and 9.34 seconds (5.68 work units)
Optimal objective  4.247951611e+03
