
Gurobi 11.0.3 (mac64[x86]) logging started Mon Mar  3 21:19:14 2025

Set parameter LogFile to value "Results/result_v2_A_conservative.log"
Set parameter TimeLimit to value 36000
Gurobi Optimizer version 11.0.3 build v11.0.3rc0 (mac64[x86] - Darwin 23.4.0 23E214)

CPU model: Intel(R) Core(TM) i7-1060NG7 CPU @ 1.20GHz
Thread count: 4 physical cores, 8 logical processors, using up to 8 threads

Optimize a model with 365820 rows, 407064 columns and 1422672 nonzeros
Model fingerprint: 0x0bf98f4d
Coefficient statistics:
  Matrix range     [1e+00, 1e+00]
  Objective range  [6e-02, 3e+01]
  Bounds range     [0e+00, 0e+00]
  RHS range        [1e-02, 1e+03]
Presolve removed 294789 rows and 272172 columns
Presolve time: 1.30s
Presolved: 71031 rows, 134892 columns, 399196 nonzeros

Concurrent LP optimizer: dual simplex and barrier
Showing barrier log only...

Ordering time: 0.46s

Barrier statistics:
 AA' NZ     : 1.536e+05
 Factor NZ  : 3.929e+06 (roughly 70 MB of memory)
 Factor Ops : 3.333e+09 (less than 1 second per iteration)
 Threads    : 3

                  Objective                Residual
Iter       Primal          Dual         Primal    Dual     Compl     Time
   0  -1.50016737e+06  3.98602224e+07  8.58e+03 9.76e+00  1.67e+04     2s
   1  -4.73513705e+06  3.31720490e+07  2.50e+03 5.65e+00  4.58e+03     2s
   2  -4.83792733e+06  1.60192686e+07  3.63e+02 2.13e-01  6.20e+02     3s
   3  -1.48585991e+06  3.58311960e+06  5.18e+01 1.13e-02  9.90e+01     3s
   4  -2.43807653e+05  7.94456902e+05  7.35e+00 4.05e-04  1.61e+01     3s
   5   2.44234245e+02  2.14728304e+05  5.76e-01 7.70e-06  2.60e+00     3s
   6   3.28943799e+04  6.10508650e+04  3.05e-02 1.63e-13  3.13e-01     3s
   7   3.91391457e+04  4.76069988e+04  7.38e-03 4.00e-14  9.30e-02     4s
   8   4.13901858e+04  4.34149222e+04  1.53e-03 4.61e-14  2.22e-02     4s
   9   4.21234013e+04  4.28443563e+04  2.70e-04 4.63e-14  7.83e-03     4s
  10   4.22901835e+04  4.26249762e+04  8.90e-05 4.93e-14  3.63e-03     4s
  11   4.23704099e+04  4.24887091e+04  2.08e-05 7.14e-14  1.28e-03     4s
  12   4.23971012e+04  4.24281378e+04  4.01e-06 1.03e-13  3.36e-04     5s
  13   4.24034208e+04  4.24133483e+04  1.36e-06 1.59e-13  1.08e-04     5s
  14   4.24059691e+04  4.24102011e+04  4.09e-07 1.74e-13  4.58e-05     5s
  15   4.24062680e+04  4.24082553e+04  3.04e-07 1.65e-13  2.16e-05     5s
  16   4.24067443e+04  4.24079976e+04  1.42e-07 1.98e-13  1.36e-05     5s
  17   4.24068813e+04  4.24075417e+04  9.59e-08 1.75e-13  7.19e-06     5s
  18   4.24070254e+04  4.24074405e+04  4.99e-08 2.03e-13  4.51e-06     6s
  19   4.24071232e+04  4.24072706e+04  1.61e-08 2.35e-13  1.60e-06     6s
  20   4.24071666e+04  4.24071986e+04  4.42e-09 2.65e-13  3.49e-07     6s
  21   4.24071839e+04  4.24071868e+04  3.19e-08 2.49e-13  3.07e-08     6s
  22   4.24071848e+04  4.24071849e+04  5.21e-08 4.55e-13  1.67e-09     6s

Barrier solved model in 22 iterations and 6.26 seconds (4.69 work units)
Optimal objective 4.24071848e+04

Crossover log...

   12000 DPushes remaining with DInf 0.0000000e+00                 6s
       0 DPushes remaining with DInf 0.0000000e+00                 6s

    7306 PPushes remaining with PInf 0.0000000e+00                 6s
       0 PPushes remaining with PInf 0.0000000e+00                 6s

  Push phase complete: Pinf 0.0000000e+00, Dinf 4.9968750e-02      6s

Iteration    Objective       Primal Inf.    Dual Inf.      Time
   19028    4.2407185e+04   0.000000e+00   4.996875e-02      7s

Solved with barrier
Extra simplex iterations after uncrush: 2651
   21921    4.2407185e+04   0.000000e+00   0.000000e+00      7s

Use crossover to convert LP symmetric solution to basic solution...
Crossover log...

     515 DPushes remaining with DInf 0.0000000e+00                 7s
       0 DPushes remaining with DInf 0.0000000e+00                 7s

    1299 PPushes remaining with PInf 0.0000000e+00                 7s
       0 PPushes remaining with PInf 0.0000000e+00                 7s

  Push phase complete: Pinf 0.0000000e+00, Dinf 3.1707970e-13      7s

Iteration    Objective       Primal Inf.    Dual Inf.      Time
   33085    4.2407746e+04   0.000000e+00   3.198117e+04     10s
   40074    4.2407908e+04   0.000000e+00   9.245910e+04     15s
   46686    4.2407975e+04   0.000000e+00   2.157329e+04     20s
   51471    4.2408007e+04   0.000000e+00   2.575960e+04     25s
   57153    4.2408031e+04   0.000000e+00   6.531511e+03     30s
   60662    4.2408037e+04   0.000000e+00   5.283470e+03     35s
   64171    4.2408045e+04   0.000000e+00   1.673665e+03     40s
   67680    4.2408052e+04   0.000000e+00   1.442444e+03     45s
   69594    4.2408054e+04   0.000000e+00   1.495998e+03     51s
   71189    4.2408055e+04   0.000000e+00   1.300001e+03     55s
   73103    4.2408056e+04   0.000000e+00   1.677902e+03     60s
   76293    4.2408058e+04   0.000000e+00   3.160951e+02     65s
   80121    4.2408059e+04   0.000000e+00   2.201296e+03     70s
   83311    4.2408059e+04   0.000000e+00   9.934888e+01     75s
   86820    4.2408059e+04   0.000000e+00   6.706250e-02     80s
Extra simplex iterations after uncrush: 63449
   87187    4.2407185e+04   0.000000e+00   0.000000e+00     81s

Solved in 87187 iterations and 80.74 seconds (62.38 work units)
Optimal objective  4.240718486e+04
