
Gurobi 11.0.3 (mac64[x86]) logging started Wed Jan 22 11:20:45 2025

Set parameter LogFile to value "Results/result_B40.4.log"
Set parameter TimeLimit to value 36000
Gurobi Optimizer version 11.0.3 build v11.0.3rc0 (mac64[x86] - Darwin 23.4.0 23E214)

CPU model: Intel(R) Core(TM) i7-1060NG7 CPU @ 1.20GHz
Thread count: 4 physical cores, 8 logical processors, using up to 8 threads

Optimize a model with 267384 rows, 357816 columns and 1175096 nonzeros
Model fingerprint: 0x39d04f41
Coefficient statistics:
  Matrix range     [1e+00, 1e+00]
  Objective range  [2e-01, 5e+00]
  Bounds range     [0e+00, 0e+00]
  RHS range        [1e-02, 4e+02]
Presolve removed 241040 rows and 307380 columns
Presolve time: 1.28s
Presolved: 26344 rows, 50436 columns, 130225 nonzeros

Concurrent LP optimizer: dual simplex and barrier
Showing barrier log only...

Ordering time: 0.43s

Barrier statistics:
 Free vars  : 1013
 AA' NZ     : 8.737e+04
 Factor NZ  : 8.069e+05 (roughly 40 MB of memory)
 Factor Ops : 8.966e+07 (less than 1 second per iteration)
 Threads    : 3

                  Objective                Residual
Iter       Primal          Dual         Primal    Dual     Compl     Time
   0  -2.47424357e+06  8.52442132e+06  6.98e+03 2.72e+00  2.71e+03     2s
   1  -2.58023979e+06  6.52237330e+06  1.55e+03 1.83e+00  6.96e+02     2s
   2  -1.66451910e+06  2.50435537e+06  2.46e+02 2.24e-01  1.25e+02     2s
   3  -5.16996104e+05  4.29111648e+05  2.14e+01 1.35e-03  1.60e+01     2s
   4  -1.85385339e+05  1.50104459e+05  5.04e+00 2.82e-04  5.25e+00     2s
   5  -3.54689326e+04  6.22818289e+04  7.60e-01 1.04e-04  1.37e+00     2s
   6  -5.54778252e+03  1.64808780e+04  9.91e-02 2.27e-05  2.92e-01     2s
   7  -2.62510091e+03  1.03694099e+04  6.07e-02 1.28e-05  1.73e-01     2s
   8   1.07560020e+03  5.71928572e+03  1.88e-02 8.76e-06  6.14e-02     2s
   9   2.40113282e+03  4.72452564e+03  6.82e-03 5.48e-06  3.03e-02     2s
  10   2.98908880e+03  4.03511853e+03  2.23e-03 2.69e-06  1.35e-02     2s
  11   3.21350560e+03  3.64052930e+03  7.94e-04 2.18e-06  5.51e-03     2s
  12   3.32086820e+03  3.48785585e+03  2.30e-04 2.50e-06  2.14e-03     2s
  13   3.36818924e+03  3.43566311e+03  1.94e-05 2.02e-06  8.49e-04     2s
  14   3.37471370e+03  3.38795003e+03  4.67e-07 5.26e-07  1.66e-04     3s
  15   3.37583543e+03  3.37614480e+03  2.46e-08 1.89e-08  3.90e-06     3s
  16   3.37599515e+03  3.37599548e+03  4.55e-11 1.87e-09  4.26e-09     3s
  17   3.37599545e+03  3.37599545e+03  3.14e-11 3.57e-12  7.91e-14     3s

Barrier solved model in 17 iterations and 2.65 seconds (1.15 work units)
Optimal objective 3.37599545e+03

Crossover log...

    7045 DPushes remaining with DInf 0.0000000e+00                 3s
       0 DPushes remaining with DInf 0.0000000e+00                 3s

     834 PPushes remaining with PInf 0.0000000e+00                 3s
       0 PPushes remaining with PInf 0.0000000e+00                 3s

  Push phase complete: Pinf 0.0000000e+00, Dinf 6.1062266e-14      3s


Solved with barrier
Iteration    Objective       Primal Inf.    Dual Inf.      Time
   10318    3.3761014e+03   0.000000e+00   3.122261e+04      5s
   15388    3.3762019e+03   0.000000e+00   3.306445e+03     10s
   18712    3.3762206e+03   0.000000e+00   2.967616e+03     15s
   21482    3.3762274e+03   0.000000e+00   1.625764e+03     20s
   23698    3.3762311e+03   0.000000e+00   9.624414e+02     25s
   25360    3.3762331e+03   0.000000e+00   9.841240e+02     30s
   27299    3.3762349e+03   0.000000e+00   1.881814e+02     35s
   29515    3.3762363e+03   0.000000e+00   1.272500e+02     41s
   31177    3.3762367e+03   0.000000e+00   3.093750e+01     45s
Extra simplex iterations after uncrush: 24438
   32293    3.3759955e+03   0.000000e+00   0.000000e+00     48s

Solved in 32293 iterations and 48.20 seconds (27.36 work units)
Optimal objective  3.375995451e+03

Gurobi 11.0.3 (mac64[x86]) logging started Thu Jan 23 13:01:46 2025

Set parameter LogFile to value "Results/result_B40.4.log"
Set parameter TimeLimit to value 36000
Gurobi Optimizer version 11.0.3 build v11.0.3rc0 (mac64[x86] - Darwin 23.4.0 23E214)

CPU model: Intel(R) Core(TM) i7-1060NG7 CPU @ 1.20GHz
Thread count: 4 physical cores, 8 logical processors, using up to 8 threads

Optimize a model with 267384 rows, 357816 columns and 1175096 nonzeros
Model fingerprint: 0xb1c40cf2
Coefficient statistics:
  Matrix range     [1e+00, 1e+00]
  Objective range  [2e-01, 5e+00]
  Bounds range     [0e+00, 0e+00]
  RHS range        [1e-02, 4e+02]
Presolve removed 240028 rows and 305161 columns
Presolve time: 1.55s
Presolved: 27356 rows, 52655 columns, 137282 nonzeros

Concurrent LP optimizer: dual simplex and barrier
Showing barrier log only...

Ordering time: 0.40s

Barrier statistics:
 Free vars  : 106
 AA' NZ     : 7.509e+04
 Factor NZ  : 6.922e+05 (roughly 30 MB of memory)
 Factor Ops : 6.958e+07 (less than 1 second per iteration)
 Threads    : 3

                  Objective                Residual
Iter       Primal          Dual         Primal    Dual     Compl     Time
   0  -2.00390726e+06  6.41417446e+06  8.41e+03 3.13e+00  2.08e+03     2s
   1  -1.43951879e+06  4.72094644e+06  2.16e+03 1.50e+00  5.92e+02     2s
   2  -1.01135271e+06  1.99959014e+06  3.82e+02 8.22e-02  1.06e+02     2s
   3  -2.68715006e+05  3.82511598e+05  3.87e+01 6.17e-04  1.43e+01     3s
   4  -9.03738048e+04  1.34336266e+05  1.09e+01 1.67e-04  4.35e+00     3s
   5  -5.32554213e+04  5.59397280e+04  6.09e+00 7.99e-05  2.06e+00     3s
   6  -2.24513532e+04  2.79716886e+04  2.25e+00 4.52e-05  8.93e-01     3s
   7  -1.00608348e+04  1.27243372e+04  8.75e-01 2.61e-05  3.89e-01     3s
   8  -3.66284871e+03  7.26687262e+03  2.40e-01 1.64e-05  1.79e-01     3s
   9  -1.51300735e+03  3.35527910e+03  8.55e-02 7.80e-06  7.87e-02     3s
  10  -3.76961083e+02  2.63675923e+03  3.03e-02 6.02e-06  4.80e-02     3s
  11   1.54064788e+02  1.66418570e+03  1.14e-02 3.26e-06  2.40e-02     3s
  12   3.33960683e+02  1.20487729e+03  6.19e-03 1.80e-06  1.38e-02     3s
  13   5.25862788e+02  1.04303062e+03  2.15e-03 1.25e-06  8.16e-03     3s
  14   5.87072788e+02  9.13285481e+02  1.29e-03 7.75e-07  5.15e-03     3s
  15   6.88830406e+02  7.05619166e+02  3.66e-05 1.05e-06  2.64e-04     3s
  16   6.98452240e+02  6.98643571e+02  4.73e-07 1.03e-07  3.01e-06     3s
  17   6.98617835e+02  6.98617836e+02  1.06e-11 1.44e-09  4.13e-12     3s

Barrier solved model in 17 iterations and 3.33 seconds (1.18 work units)
Optimal objective 6.98617835e+02

Crossover log...

   15732 DPushes remaining with DInf 0.0000000e+00                 3s
       0 DPushes remaining with DInf 0.0000000e+00                 4s

     130 PPushes remaining with PInf 0.0000000e+00                 4s
       0 PPushes remaining with PInf 0.0000000e+00                 4s

  Push phase complete: Pinf 0.0000000e+00, Dinf 7.9936058e-15      4s


Solved with barrier
Extra simplex iterations after uncrush: 2439
Iteration    Objective       Primal Inf.    Dual Inf.      Time
   18106    6.9861784e+02   0.000000e+00   0.000000e+00      5s

Use crossover to convert LP symmetric solution to basic solution...
Crossover log...

    1828 DPushes remaining with DInf 0.0000000e+00                 5s
       0 DPushes remaining with DInf 0.0000000e+00                 5s

     486 PPushes remaining with PInf 0.0000000e+00                 5s
       0 PPushes remaining with PInf 0.0000000e+00                 5s

  Push phase complete: Pinf 0.0000000e+00, Dinf 7.1054274e-15      5s

Iteration    Objective       Primal Inf.    Dual Inf.      Time
   25472    6.9878910e+02   0.000000e+00   2.715810e+04     10s
   28946    6.9882672e+02   0.000000e+00   9.651693e+03     15s
   31993    6.9883986e+02   0.000000e+00   3.324966e+03     20s
   34209    6.9884381e+02   0.000000e+00   1.874077e+03     25s
   36148    6.9884617e+02   0.000000e+00   7.362764e+02     31s
   37533    6.9884738e+02   0.000000e+00   1.422834e+03     35s
   39472    6.9884911e+02   0.000000e+00   2.217449e+03     41s
   40857    6.9885006e+02   0.000000e+00   6.433624e+02     45s
   42519    6.9885130e+02   0.000000e+00   4.904014e+02     50s
   44181    6.9885212e+02   0.000000e+00   2.004107e+03     55s
   46674    6.9885304e+02   0.000000e+00   8.866759e+02     60s
   49167    6.9885398e+02   0.000000e+00   1.284958e+03     65s
   51106    6.9885443e+02   0.000000e+00   3.341562e+02     70s
   53305    6.9885482e+02   0.000000e+00   5.980288e+01     75s
   55798    6.9885512e+02   0.000000e+00   8.100000e+01     81s
Extra simplex iterations after uncrush: 37182
   57577    6.9861784e+02   0.000000e+00   0.000000e+00     85s

Solved in 57577 iterations and 84.59 seconds (51.80 work units)
Optimal objective  6.986178356e+02
