
Gurobi 11.0.3 (mac64[x86]) logging started Tue Feb  4 14:11:43 2025

Set parameter LogFile to value "Results/result_F0.6.log"
Set parameter TimeLimit to value 36000
Gurobi Optimizer version 11.0.3 build v11.0.3rc0 (mac64[x86] - Darwin 23.4.0 23E214)

CPU model: Intel(R) Core(TM) i7-1060NG7 CPU @ 1.20GHz
Thread count: 4 physical cores, 8 logical processors, using up to 8 threads

Optimize a model with 267384 rows, 357816 columns and 1175096 nonzeros
Model fingerprint: 0x489da64f
Coefficient statistics:
  Matrix range     [1e+00, 1e+00]
  Objective range  [6e-02, 5e+00]
  Bounds range     [0e+00, 0e+00]
  RHS range        [1e-02, 6e+02]
Presolve removed 240056 rows and 305190 columns
Presolve time: 0.99s
Presolved: 27328 rows, 52626 columns, 137204 nonzeros

Concurrent LP optimizer: dual simplex and barrier
Showing barrier log only...

Ordering time: 0.36s

Barrier statistics:
 Free vars  : 105
 AA' NZ     : 7.481e+04
 Factor NZ  : 7.018e+05 (roughly 30 MB of memory)
 Factor Ops : 7.906e+07 (less than 1 second per iteration)
 Threads    : 3

                  Objective                Residual
Iter       Primal          Dual         Primal    Dual     Compl     Time
   0  -9.74747926e+05  2.39284580e+06  1.21e+04 9.00e-01  1.02e+03     2s
   1  -1.02750157e+06  1.87568526e+06  2.81e+03 4.83e-01  2.74e+02     2s
   2  -7.74083662e+05  7.70361618e+05  5.32e+02 2.44e-02  5.22e+01     2s
   3  -1.13922753e+05  1.64077764e+05  4.89e+01 2.28e-04  6.18e+00     2s
   4  -3.64270306e+04  5.62644663e+04  1.53e+01 5.58e-05  1.87e+00     2s
   5  -1.15184733e+04  3.07637935e+04  5.40e+00 3.12e-05  7.83e-01     2s
   6  -2.20579137e+03  1.68108163e+04  1.98e+00 1.97e-05  3.33e-01     2s
   7  -7.77496943e+02  1.24059047e+04  1.52e+00 1.26e-05  2.31e-01     2s
   8   2.60486831e+03  8.26061904e+03  5.39e-01 9.76e-06  9.61e-02     2s
   9   4.36146735e+03  6.24670892e+03  1.01e-01 5.64e-06  3.08e-02     2s
  10   4.72840880e+03  5.68790961e+03  4.26e-02 3.47e-06  1.56e-02     2s
  11   4.89311038e+03  5.46600051e+03  2.15e-02 2.77e-06  9.25e-03     2s
  12   4.99509344e+03  5.32457228e+03  9.52e-03 1.81e-06  5.28e-03     2s
  13   5.06925073e+03  5.13717128e+03  2.06e-03 7.41e-07  1.09e-03     2s
  14   5.09660739e+03  5.09843983e+03  3.51e-05 9.33e-08  2.92e-05     2s
  15   5.09763761e+03  5.09765007e+03  2.44e-07 3.10e-09  1.99e-07     2s

Barrier performed 15 iterations in 2.22 seconds (1.16 work units)
Barrier solve interrupted - model solved by another algorithm


Solved with dual simplex
Extra simplex iterations after uncrush: 2190
Iteration    Objective       Primal Inf.    Dual Inf.      Time
   20061    5.0976480e+03   0.000000e+00   0.000000e+00      2s

Use crossover to convert LP symmetric solution to basic solution...
Crossover log...

       0 DPushes remaining with DInf 0.0000000e+00                 2s

    1061 PPushes remaining with PInf 0.0000000e+00                 2s
       0 PPushes remaining with PInf 0.0000000e+00                 2s

  Push phase complete: Pinf 0.0000000e+00, Dinf 9.2259533e-14      2s

Iteration    Objective       Primal Inf.    Dual Inf.      Time
   31441    5.0977669e+03   0.000000e+00   1.259374e+03      5s
Extra simplex iterations after uncrush: 14266
   35392    5.0976480e+03   0.000000e+00   0.000000e+00      8s

Solved in 35392 iterations and 8.49 seconds (6.45 work units)
Optimal objective  5.097647989e+03
