
Gurobi 11.0.3 (mac64[x86]) logging started Tue Jan 21 16:15:43 2025

Set parameter LogFile to value "Results/result_B30.65.log"
Set parameter TimeLimit to value 36000
Gurobi Optimizer version 11.0.3 build v11.0.3rc0 (mac64[x86] - Darwin 23.4.0 23E214)

CPU model: Intel(R) Core(TM) i7-1060NG7 CPU @ 1.20GHz
Thread count: 4 physical cores, 8 logical processors, using up to 8 threads

Optimize a model with 328020 rows, 407064 columns and 1384872 nonzeros
Model fingerprint: 0x3e53c2a0
Coefficient statistics:
  Matrix range     [1e+00, 1e+00]
  Objective range  [2e-01, 2e+01]
  Bounds range     [0e+00, 0e+00]
  RHS range        [1e-02, 1e+03]
Presolve removed 299839 rows and 351376 columns
Presolve time: 1.32s
Presolved: 28181 rows, 55688 columns, 145890 nonzeros

Concurrent LP optimizer: dual simplex and barrier
Showing barrier log only...

Ordering time: 0.40s

Barrier statistics:
 Free vars  : 27
 AA' NZ     : 8.761e+04
 Factor NZ  : 8.656e+05 (roughly 34 MB of memory)
 Factor Ops : 1.109e+08 (less than 1 second per iteration)
 Threads    : 3

                  Objective                Residual
Iter       Primal          Dual         Primal    Dual     Compl     Time
   0  -2.60442937e+06  2.24290432e+07  1.99e+04 1.34e+01  1.08e+04     2s
   1  -3.35758381e+06  1.74491544e+07  5.07e+03 2.00e+00  2.49e+03     2s
   2  -2.80168955e+06  9.78105207e+06  7.58e+02 3.34e-01  4.79e+02     2s
   3  -1.22323080e+06  2.12837800e+06  1.05e+02 8.36e-03  7.32e+01     2s
   4  -4.06674419e+05  6.47493890e+05  3.16e+01 1.17e-03  2.06e+01     2s
   5  -1.60178679e+05  3.71463407e+05  1.19e+01 6.06e-04  9.26e+00     2s
   6  -5.67272946e+04  1.62940935e+05  4.11e+00 2.15e-04  3.56e+00     2s
   7  -1.33209629e+04  7.27365140e+04  1.45e+00 7.50e-05  1.34e+00     2s
   8   1.90016590e+03  5.07164747e+04  6.93e-01 4.42e-05  7.45e-01     2s
   9   7.72531701e+03  3.61318692e+04  4.44e-01 2.33e-05  4.35e-01     3s
  10   1.17134341e+04  3.03877395e+04  2.90e-01 1.50e-05  2.85e-01     3s
  11   1.66378753e+04  2.50501413e+04  1.11e-01 6.93e-06  1.27e-01     3s
  12   1.86267976e+04  2.23590731e+04  5.02e-02 5.25e-06  5.64e-02     3s
  13   1.93619142e+04  2.15262835e+04  2.94e-02 3.52e-06  3.28e-02     3s
  14   1.97351164e+04  2.12813643e+04  1.97e-02 2.88e-06  2.33e-02     3s
  15   2.00649860e+04  2.09432250e+04  1.14e-02 1.91e-06  1.33e-02     3s
  16   2.02870523e+04  2.07390009e+04  5.85e-03 1.41e-06  6.85e-03     3s
  17   2.04454311e+04  2.06088925e+04  2.10e-03 7.80e-07  2.48e-03     3s

Barrier performed 17 iterations in 2.90 seconds (1.40 work units)
Barrier solve interrupted - model solved by another algorithm


Solved with dual simplex
Extra simplex iterations after uncrush: 5109
Iteration    Objective       Primal Inf.    Dual Inf.      Time
   29854    2.0548001e+04   0.000000e+00   0.000000e+00      3s

Use crossover to convert LP symmetric solution to basic solution...
Crossover log...

       0 DPushes remaining with DInf 0.0000000e+00                 3s

    1293 PPushes remaining with PInf 0.0000000e+00                 3s
       0 PPushes remaining with PInf 0.0000000e+00                 3s

  Push phase complete: Pinf 0.0000000e+00, Dinf 0.0000000e+00      3s

Iteration    Objective       Primal Inf.    Dual Inf.      Time
   37417    2.0548273e+04   0.000000e+00   1.033787e+05      5s
   42499    2.0548619e+04   0.000000e+00   5.320397e+04     11s
   44930    2.0548695e+04   0.000000e+00   4.167497e+04     15s
   48559    2.0548772e+04   0.000000e+00   5.575921e+04     20s
   51736    2.0548826e+04   0.000000e+00   4.040840e+05     25s
   54500    2.0548860e+04   0.000000e+00   5.177664e+04     30s
   56628    2.0548884e+04   0.000000e+00   2.252795e+05     35s
   58756    2.0548906e+04   0.000000e+00   3.257343e+04     41s
   60580    2.0548923e+04   0.000000e+00   2.758519e+04     46s
   62100    2.0548933e+04   0.000000e+00   2.275461e+04     50s
   63924    2.0548943e+04   0.000000e+00   4.137483e+04     55s
   65748    2.0548956e+04   0.000000e+00   2.174052e+04     60s
   68180    2.0548970e+04   0.000000e+00   7.265752e+04     65s
   70004    2.0548977e+04   0.000000e+00   1.994248e+04     71s
   71828    2.0548986e+04   0.000000e+00   6.901168e+03     75s
   74260    2.0548994e+04   0.000000e+00   7.170573e+03     80s
   76692    2.0549001e+04   0.000000e+00   7.249571e+03     85s
   79428    2.0549007e+04   0.000000e+00   2.484108e+04     90s
   82468    2.0549013e+04   0.000000e+00   4.918025e+03     96s
   84900    2.0549018e+04   0.000000e+00   9.331348e+03    100s
   88717    2.0549026e+04   0.000000e+00   1.339896e+03    105s
   93612    2.0549040e+04   0.000000e+00   1.257156e+03    110s
Extra simplex iterations after uncrush: 68203
   99362    2.0548001e+04   0.000000e+00   0.000000e+00    114s

Solved in 99362 iterations and 114.34 seconds (72.22 work units)
Optimal objective  2.054800068e+04
