
Gurobi 11.0.3 (mac64[x86]) logging started Thu Nov 21 14:02:03 2024

Set parameter LogFile to value "Results/result10.log"
Set parameter TimeLimit to value 36000
Gurobi Optimizer version 11.0.3 build v11.0.3rc0 (mac64[x86] - Darwin 23.4.0 23E214)

CPU model: Intel(R) Core(TM) i7-1060NG7 CPU @ 1.20GHz
Thread count: 4 physical cores, 8 logical processors, using up to 8 threads

Optimize a model with 353588 rows, 452592 columns and 1853004 nonzeros
Model fingerprint: 0xd769c0b3
Coefficient statistics:
  Matrix range     [1e+00, 1e+00]
  Objective range  [3e-03, 2e+01]
  Bounds range     [0e+00, 0e+00]
  RHS range        [1e-01, 3e+02]
Presolve removed 349290 rows and 447316 columns
Presolve time: 2.33s
Presolved: 4298 rows, 5276 columns, 13702 nonzeros

Concurrent LP optimizer: dual simplex and barrier
Showing barrier log only...

Ordering time: 0.02s

Barrier statistics:
 Free vars  : 34
 AA' NZ     : 1.296e+04
 Factor NZ  : 7.314e+04 (roughly 4 MB of memory)
 Factor Ops : 1.706e+06 (less than 1 second per iteration)
 Threads    : 3

                  Objective                Residual
Iter       Primal          Dual         Primal    Dual     Compl     Time
   0   2.56519702e+05  9.54724522e+05  1.44e+02 5.78e+01  2.65e+03     2s
   1   6.07432483e+04  9.49902443e+05  3.39e+01 2.18e+01  7.66e+02     2s
   2   8.23196673e+03  6.49034418e+05  2.81e+00 2.93e+00  1.21e+02     2s

Barrier performed 2 iterations in 2.42 seconds (0.90 work units)
Barrier solve interrupted - model solved by another algorithm


Solved with dual simplex
Iteration    Objective       Primal Inf.    Dual Inf.      Time
   33397    9.2388669e+03   0.000000e+00   1.763768e+04      5s
   43924    9.2389828e+03   0.000000e+00   1.618145e+03     10s
Extra simplex iterations after uncrush: 40801
   44616    9.2387465e+03   0.000000e+00   0.000000e+00     11s

Solved in 44616 iterations and 11.25 seconds (5.13 work units)
Optimal objective  9.238746508e+03

Gurobi 11.0.3 (mac64[x86]) logging started Thu Nov 21 14:03:49 2024

Set parameter LogFile to value "Results/result10.log"
Set parameter TimeLimit to value 36000
Gurobi Optimizer version 11.0.3 build v11.0.3rc0 (mac64[x86] - Darwin 23.4.0 23E214)

CPU model: Intel(R) Core(TM) i7-1060NG7 CPU @ 1.20GHz
Thread count: 4 physical cores, 8 logical processors, using up to 8 threads

Optimize a model with 353588 rows, 452592 columns and 1853004 nonzeros
Model fingerprint: 0x7ae873d3
Coefficient statistics:
  Matrix range     [1e+00, 1e+00]
  Objective range  [3e-03, 2e+01]
  Bounds range     [0e+00, 0e+00]
  RHS range        [1e-01, 3e+02]
Presolve removed 349302 rows and 447332 columns
Presolve time: 2.12s
Presolved: 4286 rows, 5260 columns, 13512 nonzeros

Concurrent LP optimizer: dual simplex and barrier
Showing barrier log only...

Ordering time: 0.02s

Barrier statistics:
 Free vars  : 17
 AA' NZ     : 1.258e+04
 Factor NZ  : 7.199e+04 (roughly 4 MB of memory)
 Factor Ops : 1.609e+06 (less than 1 second per iteration)
 Threads    : 3

                  Objective                Residual
Iter       Primal          Dual         Primal    Dual     Compl     Time
   0   2.19201586e+05  1.07948665e+06  1.29e+02 6.51e+01  2.70e+03     2s
   1   4.99527339e+04  1.05503070e+06  2.81e+01 2.43e+01  7.44e+02     2s
   2   9.61541997e+03  6.59390288e+05  3.16e+00 3.13e+00  1.25e+02     2s
   3   4.24807836e+03  2.40572346e+05  8.32e-02 5.48e-01  2.73e+01     2s

Barrier performed 3 iterations in 2.22 seconds (0.90 work units)
Barrier solve interrupted - model solved by another algorithm


Solved with dual simplex
Iteration    Objective       Primal Inf.    Dual Inf.      Time
   32068    9.0824362e+03   0.000000e+00   6.281865e+04      6s
   45735    9.0826453e+03   0.000000e+00   3.385255e+03     11s
Extra simplex iterations after uncrush: 43257
   47230    9.0823091e+03   0.000000e+00   0.000000e+00     12s

Solved in 47230 iterations and 12.07 seconds (6.46 work units)
Optimal objective  9.082309059e+03

Gurobi 11.0.3 (mac64[x86]) logging started Thu Nov 21 14:09:09 2024

Set parameter LogFile to value "Results/result10.log"
Set parameter TimeLimit to value 36000
Gurobi Optimizer version 11.0.3 build v11.0.3rc0 (mac64[x86] - Darwin 23.4.0 23E214)

CPU model: Intel(R) Core(TM) i7-1060NG7 CPU @ 1.20GHz
Thread count: 4 physical cores, 8 logical processors, using up to 8 threads

Optimize a model with 353588 rows, 452592 columns and 1853004 nonzeros
Model fingerprint: 0x72482f46
Coefficient statistics:
  Matrix range     [1e+00, 1e+00]
  Objective range  [3e-03, 2e+01]
  Bounds range     [0e+00, 0e+00]
  RHS range        [1e-01, 3e+02]
Presolve removed 349302 rows and 447332 columns
Presolve time: 2.03s
Presolved: 4286 rows, 5260 columns, 13512 nonzeros

Concurrent LP optimizer: dual simplex and barrier
Showing barrier log only...

Ordering time: 0.02s

Barrier statistics:
 Free vars  : 17
 AA' NZ     : 1.258e+04
 Factor NZ  : 7.199e+04 (roughly 4 MB of memory)
 Factor Ops : 1.609e+06 (less than 1 second per iteration)
 Threads    : 3

                  Objective                Residual
Iter       Primal          Dual         Primal    Dual     Compl     Time
   0   2.19244021e+05  1.07617448e+06  1.29e+02 6.51e+01  2.70e+03     2s
   1   5.00075458e+04  1.05164975e+06  2.81e+01 2.43e+01  7.43e+02     2s
   2   9.95126492e+03  6.53938030e+05  3.30e+00 3.04e+00  1.26e+02     2s
   3   4.38684794e+03  2.43659366e+05  9.52e-02 5.20e-01  2.74e+01     2s

Barrier performed 3 iterations in 2.10 seconds (0.90 work units)
Barrier solve interrupted - model solved by another algorithm


Solved with dual simplex
Iteration    Objective       Primal Inf.    Dual Inf.      Time
   35831    9.0462213e+03   0.000000e+00   4.999137e+04      6s
   46062    9.0464028e+03   0.000000e+00   2.112296e+03     10s
Extra simplex iterations after uncrush: 42995
   46970    9.0460145e+03   0.000000e+00   0.000000e+00     11s

Solved in 46970 iterations and 10.86 seconds (5.86 work units)
Optimal objective  9.046014528e+03

Gurobi 11.0.3 (mac64[x86]) logging started Thu Nov 21 14:10:40 2024

Set parameter LogFile to value "Results/result10.log"
Set parameter TimeLimit to value 36000
Gurobi Optimizer version 11.0.3 build v11.0.3rc0 (mac64[x86] - Darwin 23.4.0 23E214)

CPU model: Intel(R) Core(TM) i7-1060NG7 CPU @ 1.20GHz
Thread count: 4 physical cores, 8 logical processors, using up to 8 threads

Optimize a model with 353588 rows, 452592 columns and 1853004 nonzeros
Model fingerprint: 0xea88829a
Coefficient statistics:
  Matrix range     [1e+00, 1e+00]
  Objective range  [3e-03, 2e+01]
  Bounds range     [0e+00, 0e+00]
  RHS range        [1e-01, 3e+02]
Presolve removed 349302 rows and 447332 columns
Presolve time: 2.05s
Presolved: 4286 rows, 5260 columns, 13512 nonzeros

Concurrent LP optimizer: dual simplex and barrier
Showing barrier log only...

Ordering time: 0.02s

Barrier statistics:
 Free vars  : 17
 AA' NZ     : 1.258e+04
 Factor NZ  : 7.199e+04 (roughly 4 MB of memory)
 Factor Ops : 1.609e+06 (less than 1 second per iteration)
 Threads    : 3

                  Objective                Residual
Iter       Primal          Dual         Primal    Dual     Compl     Time
   0   2.83885711e+05  1.10548864e+06  1.69e+02 6.51e+01  3.49e+03     2s
   1   6.49530076e+04  1.10769510e+06  3.82e+01 2.43e+01  9.73e+02     2s
   2   8.57722826e+03  7.73783198e+05  3.23e+00 3.27e+00  1.50e+02     2s

Barrier performed 2 iterations in 2.11 seconds (0.90 work units)
Barrier solve interrupted - model solved by another algorithm


Solved with dual simplex
Iteration    Objective       Primal Inf.    Dual Inf.      Time
   38536    9.2381400e+03   0.000000e+00   2.699281e+04      6s
Extra simplex iterations after uncrush: 41918
   45801    9.2379465e+03   0.000000e+00   0.000000e+00      9s

Solved in 45801 iterations and 8.71 seconds (4.74 work units)
Optimal objective  9.237946508e+03
