
Gurobi 11.0.3 (mac64[x86]) logging started Wed Jan 22 11:28:41 2025

Set parameter LogFile to value "Results/result_B40.8500000000000001.log"
Set parameter TimeLimit to value 36000
Gurobi Optimizer version 11.0.3 build v11.0.3rc0 (mac64[x86] - Darwin 23.4.0 23E214)

CPU model: Intel(R) Core(TM) i7-1060NG7 CPU @ 1.20GHz
Thread count: 4 physical cores, 8 logical processors, using up to 8 threads

Optimize a model with 267384 rows, 357816 columns and 1175096 nonzeros
Model fingerprint: 0x1df13c25
Coefficient statistics:
  Matrix range     [1e+00, 1e+00]
  Objective range  [2e-01, 5e+00]
  Bounds range     [0e+00, 0e+00]
  RHS range        [1e-02, 9e+02]
Presolve removed 241101 rows and 307406 columns
Presolve time: 1.00s
Presolved: 26283 rows, 50410 columns, 130058 nonzeros

Concurrent LP optimizer: dual simplex and barrier
Showing barrier log only...

Ordering time: 0.37s

Barrier statistics:
 Free vars  : 1013
 AA' NZ     : 8.705e+04
 Factor NZ  : 7.977e+05 (roughly 40 MB of memory)
 Factor Ops : 8.056e+07 (less than 1 second per iteration)
 Threads    : 3

                  Objective                Residual
Iter       Primal          Dual         Primal    Dual     Compl     Time
   0  -5.00136616e+06  1.02717974e+07  1.42e+04 2.72e+00  5.43e+03     1s
   1  -5.28675816e+06  8.68821034e+06  3.02e+03 1.74e+00  1.33e+03     2s
   2  -3.25488684e+06  4.65575408e+06  4.32e+02 1.56e-01  2.28e+02     2s
   3  -9.43378091e+05  9.42819094e+05  3.74e+01 1.04e-03  3.32e+01     2s
   4  -3.60450498e+05  2.96183190e+05  1.23e+01 1.81e-04  1.10e+01     2s
   5  -6.63244025e+04  1.66352638e+05  2.02e+00 1.02e-04  3.31e+00     2s
   6  -2.07351538e+04  3.42390153e+04  5.73e-01 2.81e-05  7.74e-01     2s
   7  -1.11356561e+04  2.33566884e+04  3.35e-01 2.02e-05  4.82e-01     2s
   8   9.87753307e+01  1.29917231e+04  7.95e-02 1.15e-05  1.74e-01     2s
   9   3.83858244e+03  9.00607442e+03  2.26e-02 4.77e-06  6.85e-02     2s
  10   4.85808630e+03  8.01439485e+03  1.17e-02 3.53e-06  4.15e-02     2s
  11   5.18283920e+03  7.49275110e+03  8.37e-03 2.75e-06  3.03e-02     2s
  12   5.73196414e+03  7.14863212e+03  3.27e-03 2.15e-06  1.83e-02     2s
  13   6.03627632e+03  6.56844342e+03  8.87e-04 9.73e-07  6.84e-03     2s
  14   6.16354981e+03  6.31041139e+03  1.43e-04 5.99e-06  1.87e-03     2s
  15   6.19834511e+03  6.23716669e+03  6.73e-06 2.63e-06  4.88e-04     2s
  16   6.20149081e+03  6.22215352e+03  1.15e-06 1.52e-06  2.59e-04     2s
  17   6.20221997e+03  6.20254445e+03  7.11e-08 7.36e-08  4.10e-06     2s
  18   6.20229390e+03  6.20229564e+03  1.49e-09 4.34e-09  2.24e-08     2s
  19   6.20229551e+03  6.20229551e+03  2.83e-09 9.05e-11  5.63e-12     2s

Barrier solved model in 19 iterations and 2.21 seconds (1.18 work units)
Optimal objective 6.20229551e+03

Crossover log...

    7001 DPushes remaining with DInf 0.0000000e+00                 2s
       0 DPushes remaining with DInf 0.0000000e+00                 2s

     798 PPushes remaining with PInf 0.0000000e+00                 2s
       0 PPushes remaining with PInf 0.0000000e+00                 2s

  Push phase complete: Pinf 0.0000000e+00, Dinf 0.0000000e+00      2s


Solved with barrier
Iteration    Objective       Primal Inf.    Dual Inf.      Time
   12921    6.2024620e+03   0.000000e+00   4.103814e+04      5s
   20195    6.2025436e+03   0.000000e+00   2.636299e+03     10s
   24372    6.2025538e+03   0.000000e+00   8.641541e+02     15s
   27419    6.2025572e+03   0.000000e+00   4.640632e+03     21s
   28527    6.2025580e+03   0.000000e+00   4.174438e+02     26s
   29358    6.2025584e+03   0.000000e+00   2.088646e+02     31s
   30466    6.2025589e+03   0.000000e+00   9.659698e+01     35s
   32682    6.2025597e+03   0.000000e+00   1.898125e+01     40s
Extra simplex iterations after uncrush: 25835
   33609    6.2022955e+03   0.000000e+00   0.000000e+00     45s

Solved in 33609 iterations and 44.78 seconds (23.31 work units)
Optimal objective  6.202295514e+03
