
Gurobi 11.0.3 (mac64[x86]) logging started Wed Jan 22 11:17:17 2025

Set parameter LogFile to value "Results/result_B40.25.log"
Set parameter TimeLimit to value 36000
Gurobi Optimizer version 11.0.3 build v11.0.3rc0 (mac64[x86] - Darwin 23.4.0 23E214)

CPU model: Intel(R) Core(TM) i7-1060NG7 CPU @ 1.20GHz
Thread count: 4 physical cores, 8 logical processors, using up to 8 threads

Optimize a model with 267384 rows, 357816 columns and 1175096 nonzeros
Model fingerprint: 0xc9a3233d
Coefficient statistics:
  Matrix range     [1e+00, 1e+00]
  Objective range  [2e-01, 5e+00]
  Bounds range     [0e+00, 0e+00]
  RHS range        [1e-02, 2e+02]
Presolve removed 241003 rows and 307356 columns
Presolve time: 2.73s
Presolved: 26381 rows, 50460 columns, 130410 nonzeros

Concurrent LP optimizer: dual simplex and barrier
Showing barrier log only...

Ordering time: 0.51s

Barrier statistics:
 Free vars  : 1013
 AA' NZ     : 8.774e+04
 Factor NZ  : 7.955e+05 (roughly 40 MB of memory)
 Factor Ops : 8.099e+07 (less than 1 second per iteration)
 Threads    : 3

                  Objective                Residual
Iter       Primal          Dual         Primal    Dual     Compl     Time
   0  -1.80096497e+06  7.90177529e+06  5.04e+03 2.72e+00  1.98e+03     3s
   1  -1.87744420e+06  5.63432789e+06  1.25e+03 1.87e+00  5.47e+02     3s
   2  -1.21019950e+06  1.96878409e+06  1.40e+02 2.56e-01  8.68e+01     3s
   3  -3.90549323e+05  2.82941771e+05  1.02e+01 1.19e-03  1.04e+01     3s
   4  -1.13609404e+05  9.58676995e+04  1.73e+00 3.04e-04  3.00e+00     4s
   5  -2.54503383e+04  3.09487464e+04  3.15e-01 9.08e-05  7.67e-01     4s
   6  -4.18396346e+03  1.04221008e+04  5.08e-02 2.42e-05  1.92e-01     4s
   7  -1.71437829e+03  6.39797521e+03  2.87e-02 1.19e-05  1.07e-01     4s
   8  -1.22240512e+02  4.87313164e+03  1.61e-02 8.00e-06  6.54e-02     4s
   9   1.49921091e+03  3.19776739e+03  4.10e-03 3.31e-06  2.21e-02     4s
  10   1.97513032e+03  2.69158049e+03  1.33e-03 1.65e-06  9.25e-03     4s
  11   2.17592016e+03  2.45580685e+03  3.75e-04 1.73e-06  3.59e-03     4s
  12   2.23869260e+03  2.36930259e+03  1.29e-04 1.62e-06  1.67e-03     4s
  13   2.26666373e+03  2.30740391e+03  2.47e-05 9.18e-07  5.17e-04     4s
  14   2.27643059e+03  2.28001445e+03  4.49e-07 2.00e-07  4.50e-05     4s
  15   2.27712174e+03  2.27715047e+03  9.07e-09 4.11e-08  3.63e-07     4s
  16   2.27714534e+03  2.27714535e+03  3.96e-12 8.76e-10  7.54e-11     4s

Barrier solved model in 16 iterations and 4.12 seconds (1.13 work units)
Optimal objective 2.27714534e+03

Crossover log...

    7152 DPushes remaining with DInf 0.0000000e+00                 4s
       0 DPushes remaining with DInf 0.0000000e+00                 4s

     726 PPushes remaining with PInf 0.0000000e+00                 4s
       0 PPushes remaining with PInf 0.0000000e+00                 4s

  Push phase complete: Pinf 0.0000000e+00, Dinf 0.0000000e+00      4s


Solved with barrier
Iteration    Objective       Primal Inf.    Dual Inf.      Time
    9962    2.2771454e+03   0.000000e+00   2.173564e+04      5s
   14893    2.2773454e+03   0.000000e+00   1.864252e+04     10s
   18933    2.2773937e+03   0.000000e+00   3.784338e+04     15s
   22671    2.2774159e+03   0.000000e+00   1.053666e+04     20s
   25995    2.2774264e+03   0.000000e+00   1.688878e+03     25s
   28765    2.2774320e+03   0.000000e+00   9.643369e+03     31s
   30981    2.2774352e+03   0.000000e+00   4.815642e+03     35s
   33474    2.2774381e+03   0.000000e+00   4.493623e+03     40s
   35690    2.2774400e+03   0.000000e+00   8.141454e+03     45s
   38183    2.2774418e+03   0.000000e+00   4.479276e+02     51s
   40122    2.2774427e+03   0.000000e+00   8.490523e+02     55s
   42338    2.2774435e+03   0.000000e+00   1.707646e+02     61s
   44554    2.2774441e+03   0.000000e+00   1.098438e+02     65s
   46770    2.2774444e+03   0.000000e+00   2.286458e+01     70s
Extra simplex iterations after uncrush: 39336
   47191    2.2771453e+03   0.000000e+00   0.000000e+00     71s

Solved in 47191 iterations and 71.19 seconds (43.35 work units)
Optimal objective  2.277145350e+03
