
Gurobi 11.0.3 (mac64[x86]) logging started Tue Jan 21 16:17:55 2025

Set parameter LogFile to value "Results/result_B30.7.log"
Set parameter TimeLimit to value 36000
Gurobi Optimizer version 11.0.3 build v11.0.3rc0 (mac64[x86] - Darwin 23.4.0 23E214)

CPU model: Intel(R) Core(TM) i7-1060NG7 CPU @ 1.20GHz
Thread count: 4 physical cores, 8 logical processors, using up to 8 threads

Optimize a model with 328020 rows, 407064 columns and 1384872 nonzeros
Model fingerprint: 0x9913e2df
Coefficient statistics:
  Matrix range     [1e+00, 1e+00]
  Objective range  [2e-01, 2e+01]
  Bounds range     [0e+00, 0e+00]
  RHS range        [1e-02, 1e+03]
Presolve removed 299839 rows and 351376 columns
Presolve time: 1.25s
Presolved: 28181 rows, 55688 columns, 145890 nonzeros

Concurrent LP optimizer: dual simplex and barrier
Showing barrier log only...

Ordering time: 0.38s

Barrier statistics:
 Free vars  : 27
 AA' NZ     : 8.761e+04
 Factor NZ  : 8.656e+05 (roughly 34 MB of memory)
 Factor Ops : 1.109e+08 (less than 1 second per iteration)
 Threads    : 3

                  Objective                Residual
Iter       Primal          Dual         Primal    Dual     Compl     Time
   0  -2.60442853e+06  2.24308295e+07  1.99e+04 1.34e+01  1.08e+04     2s
   1  -3.35766032e+06  1.74510109e+07  5.07e+03 2.00e+00  2.49e+03     2s
   2  -2.80173299e+06  9.78162516e+06  7.58e+02 3.34e-01  4.79e+02     2s
   3  -1.22328146e+06  2.12855314e+06  1.05e+02 8.36e-03  7.32e+01     2s
   4  -4.06706002e+05  6.47351514e+05  3.16e+01 1.17e-03  2.06e+01     2s
   5  -1.59600200e+05  3.71207427e+05  1.19e+01 6.06e-04  9.24e+00     2s
   6  -5.66392572e+04  1.63926685e+05  4.11e+00 2.17e-04  3.57e+00     2s
   7  -1.31243800e+04  7.27615962e+04  1.43e+00 7.52e-05  1.34e+00     2s
   8   1.91862726e+03  5.08072335e+04  6.91e-01 4.44e-05  7.46e-01     2s
   9   7.73218260e+03  3.61956062e+04  4.42e-01 2.35e-05  4.35e-01     2s
  10   1.17141345e+04  3.04459299e+04  2.89e-01 1.51e-05  2.86e-01     2s
  11   1.66361011e+04  2.51472231e+04  1.11e-01 6.89e-06  1.28e-01     2s
  12   1.86507620e+04  2.23935471e+04  4.94e-02 5.24e-06  5.65e-02     3s
  13   1.93099767e+04  2.15455825e+04  3.09e-02 3.52e-06  3.39e-02     3s
  14   1.97129608e+04  2.13109201e+04  2.05e-02 2.95e-06  2.41e-02     3s
  15   2.00494942e+04  2.09751702e+04  1.20e-02 1.99e-06  1.40e-02     3s
  16   2.02429581e+04  2.07285403e+04  7.23e-03 1.43e-06  7.42e-03     3s
  17   2.04193704e+04  2.06197743e+04  2.99e-03 8.47e-07  3.07e-03     3s

Barrier performed 17 iterations in 2.76 seconds (1.41 work units)
Barrier solve interrupted - model solved by another algorithm


Solved with dual simplex
Extra simplex iterations after uncrush: 4466
Iteration    Objective       Primal Inf.    Dual Inf.      Time
   29026    2.0559343e+04   0.000000e+00   0.000000e+00      3s

Use crossover to convert LP symmetric solution to basic solution...
Crossover log...

       0 DPushes remaining with DInf 0.0000000e+00                 3s

    1296 PPushes remaining with PInf 0.0000000e+00                 3s
       0 PPushes remaining with PInf 0.0000000e+00                 3s

  Push phase complete: Pinf 0.0000000e+00, Dinf 0.0000000e+00      3s

Iteration    Objective       Primal Inf.    Dual Inf.      Time
   37328    2.0559739e+04   0.000000e+00   5.924401e+04      5s
   42771    2.0560001e+04   0.000000e+00   7.207703e+04     10s
   46506    2.0560087e+04   0.000000e+00   1.210611e+05     15s
   51064    2.0560162e+04   0.000000e+00   8.916587e+04     20s
   53875    2.0560189e+04   0.000000e+00   4.803830e+04     25s
   56611    2.0560211e+04   0.000000e+00   6.243967e+04     30s
   59043    2.0560227e+04   0.000000e+00   1.842264e+04     35s
   62083    2.0560244e+04   0.000000e+00   1.223552e+04     40s
   64515    2.0560255e+04   0.000000e+00   7.717511e+03     45s
   67251    2.0560264e+04   0.000000e+00   3.329928e+04     50s
   70291    2.0560273e+04   0.000000e+00   6.607502e+03     55s
   73341    2.0560282e+04   0.000000e+00   1.825346e+03     60s
   76730    2.0560288e+04   0.000000e+00   3.659851e+03     66s
   80199    2.0560292e+04   0.000000e+00   6.267188e+02     70s
   84643    2.0560296e+04   0.000000e+00   4.494375e+02     75s
Extra simplex iterations after uncrush: 55533
   85867    2.0559343e+04   0.000000e+00   0.000000e+00     77s

Solved in 85867 iterations and 76.57 seconds (51.81 work units)
Optimal objective  2.055934318e+04
