
Gurobi 11.0.3 (mac64[x86]) logging started Fri Nov 22 11:38:01 2024

Set parameter LogFile to value "Results/result11.log"
Set parameter TimeLimit to value 36000
Gurobi Optimizer version 11.0.3 build v11.0.3rc0 (mac64[x86] - Darwin 23.4.0 23E214)

CPU model: Intel(R) Core(TM) i7-1060NG7 CPU @ 1.20GHz
Thread count: 4 physical cores, 8 logical processors, using up to 8 threads

Optimize a model with 353588 rows, 452592 columns and 1853004 nonzeros
Model fingerprint: 0xd769c0b3
Coefficient statistics:
  Matrix range     [1e+00, 1e+00]
  Objective range  [3e-03, 2e+01]
  Bounds range     [0e+00, 0e+00]
  RHS range        [1e-01, 3e+02]
Presolve removed 349290 rows and 447316 columns
Presolve time: 1.22s
Presolved: 4298 rows, 5276 columns, 13702 nonzeros

Concurrent LP optimizer: dual simplex and barrier
Showing barrier log only...

Ordering time: 0.01s

Barrier statistics:
 Free vars  : 34
 AA' NZ     : 1.296e+04
 Factor NZ  : 7.314e+04 (roughly 4 MB of memory)
 Factor Ops : 1.706e+06 (less than 1 second per iteration)
 Threads    : 3

Barrier performed 0 iterations in 1.26 seconds (0.90 work units)
Barrier solve interrupted - model solved by another algorithm


Solved with dual simplex
Iteration    Objective       Primal Inf.    Dual Inf.      Time
   43924    9.2389828e+03   0.000000e+00   1.618145e+03      5s
Extra simplex iterations after uncrush: 40801
   44616    9.2387465e+03   0.000000e+00   0.000000e+00      6s

Solved in 44616 iterations and 5.68 seconds (5.13 work units)
Optimal objective  9.238746508e+03

Gurobi 11.0.3 (mac64[x86]) logging started Fri Nov 22 11:40:28 2024

Set parameter LogFile to value "Results/result11.log"
Set parameter TimeLimit to value 36000
Gurobi Optimizer version 11.0.3 build v11.0.3rc0 (mac64[x86] - Darwin 23.4.0 23E214)

CPU model: Intel(R) Core(TM) i7-1060NG7 CPU @ 1.20GHz
Thread count: 4 physical cores, 8 logical processors, using up to 8 threads

Optimize a model with 353588 rows, 452592 columns and 1853004 nonzeros
Model fingerprint: 0x28b82975
Coefficient statistics:
  Matrix range     [1e+00, 1e+00]
  Objective range  [3e-03, 2e+02]
  Bounds range     [0e+00, 0e+00]
  RHS range        [1e-01, 3e+02]
Presolve removed 349288 rows and 447318 columns
Presolve time: 1.25s
Presolved: 4300 rows, 5274 columns, 13706 nonzeros

Concurrent LP optimizer: dual simplex and barrier
Showing barrier log only...

Ordering time: 0.01s

Barrier statistics:
 Free vars  : 34
 AA' NZ     : 1.296e+04
 Factor NZ  : 7.310e+04 (roughly 4 MB of memory)
 Factor Ops : 1.683e+06 (less than 1 second per iteration)
 Threads    : 3

                  Objective                Residual
Iter       Primal          Dual         Primal    Dual     Compl     Time
   0   3.93771031e+06  9.61755806e+06  1.87e+02 5.82e+02  3.44e+04     1s
   1   9.70771053e+05  9.79461876e+06  4.55e+01 2.21e+02  1.00e+04     1s
   2   1.49097057e+05  7.33083575e+06  3.84e+00 3.00e+01  1.52e+03     1s
   3   6.91577021e+04  1.88094064e+06  5.58e-02 1.61e+00  1.89e+02     1s

Barrier performed 3 iterations in 1.30 seconds (0.90 work units)
Barrier solve interrupted - model solved by another algorithm


Solved with dual simplex
Iteration    Objective       Primal Inf.    Dual Inf.      Time
   41619    1.0996165e+05   0.000000e+00   1.292067e+05      5s
Extra simplex iterations after uncrush: 42009
   45846    1.0995971e+05   0.000000e+00   0.000000e+00      7s

Solved in 45846 iterations and 7.15 seconds (6.28 work units)
Optimal objective  1.099597111e+05

Gurobi 11.0.3 (mac64[x86]) logging started Fri Nov 22 12:00:19 2024

Set parameter LogFile to value "Results/result11.log"
Set parameter TimeLimit to value 36000
Gurobi Optimizer version 11.0.3 build v11.0.3rc0 (mac64[x86] - Darwin 23.4.0 23E214)

CPU model: Intel(R) Core(TM) i7-1060NG7 CPU @ 1.20GHz
Thread count: 4 physical cores, 8 logical processors, using up to 8 threads

Optimize a model with 353588 rows, 452592 columns and 1853004 nonzeros
Model fingerprint: 0x50896304
Coefficient statistics:
  Matrix range     [1e+00, 1e+00]
  Objective range  [3e-03, 2e+01]
  Bounds range     [0e+00, 0e+00]
  RHS range        [1e-01, 3e+02]
Presolve removed 324607 rows and 414891 columns
Presolve time: 1.47s
Presolved: 28981 rows, 37701 columns, 150911 nonzeros

Concurrent LP optimizer: dual simplex and barrier
Showing barrier log only...

Ordering time: 0.38s

Barrier performed 0 iterations in 1.93 seconds (1.14 work units)
Barrier solve interrupted - model solved by another algorithm


Solved with dual simplex
Iteration    Objective       Primal Inf.    Dual Inf.      Time
   36897    9.6704180e+03   0.000000e+00   1.734663e+04      5s
Extra simplex iterations after uncrush: 32563
   49044    9.6701023e+03   0.000000e+00   0.000000e+00      8s

Solved in 49044 iterations and 8.04 seconds (6.97 work units)
Optimal objective  9.670102342e+03
