
Gurobi 11.0.3 (mac64[x86]) logging started Mon Jan 20 12:14:56 2025

Set parameter LogFile to value "Results/result_A2.log"
Set parameter TimeLimit to value 36000
Gurobi Optimizer version 11.0.3 build v11.0.3rc0 (mac64[x86] - Darwin 23.4.0 23E214)

CPU model: Intel(R) Core(TM) i7-1060NG7 CPU @ 1.20GHz
Thread count: 4 physical cores, 8 logical processors, using up to 8 threads

Optimize a model with 267384 rows, 357816 columns and 1175096 nonzeros
Model fingerprint: 0x4ace75b8
Coefficient statistics:
  Matrix range     [1e+00, 1e+00]
  Objective range  [6e-03, 2e+00]
  Bounds range     [0e+00, 0e+00]
  RHS range        [1e-02, 9e+02]
Presolve removed 241265 rows and 310454 columns
Presolve time: 1.08s
Presolved: 26119 rows, 47362 columns, 126466 nonzeros

Concurrent LP optimizer: dual simplex and barrier
Showing barrier log only...

Ordering time: 0.32s

Barrier statistics:
 Free vars  : 1013
 AA' NZ     : 8.601e+04
 Factor NZ  : 7.778e+05 (roughly 36 MB of memory)
 Factor Ops : 7.693e+07 (less than 1 second per iteration)
 Threads    : 3

                  Objective                Residual
Iter       Primal          Dual         Primal    Dual     Compl     Time
   0   1.98101494e+06  3.37684504e+06  1.43e+04 1.26e+00  1.73e+03     2s
   1   3.88979778e+04  3.00810262e+06  2.91e+03 7.84e-01  4.59e+02     2s
   2  -3.80352520e+05  1.51287767e+06  4.30e+02 5.94e-02  7.06e+01     2s
   3  -1.88088343e+05  3.49514333e+05  4.43e+01 3.17e-03  1.13e+01     2s
   4  -6.38258156e+04  1.32981492e+05  1.51e+01 5.30e-04  3.84e+00     2s
   5   1.13802495e+04  6.82972996e+04  2.42e+00 7.63e-05  9.15e-01     2s
   6   2.66084122e+04  4.21971827e+04  5.26e-01 1.75e-05  2.35e-01     2s
   7   2.99136800e+04  3.63216808e+04  1.79e-01 8.07e-06  9.40e-02     2s
   8   3.14351682e+04  3.49966886e+04  4.38e-02 1.12e-05  4.92e-02     2s
   9   3.17656889e+04  3.32381016e+04  1.98e-02 1.53e-05  2.06e-02     2s
  10   3.20430563e+04  3.26491985e+04  5.34e-03 1.42e-05  8.32e-03     2s
  11   3.20812353e+04  3.25149748e+04  3.91e-03 1.06e-05  5.97e-03     2s
  12   3.21362367e+04  3.23986030e+04  2.18e-03 7.63e-06  3.60e-03     2s
  13   3.21668286e+04  3.23098205e+04  1.24e-03 6.15e-06  1.97e-03     2s
  14   3.22082882e+04  3.22490778e+04  1.31e-04 3.71e-06  5.45e-04     2s
  15   3.22164580e+04  3.22204420e+04  5.19e-06 7.63e-07  5.26e-05     2s
  16   3.22172972e+04  3.22174540e+04  3.40e-07 9.15e-08  2.09e-06     2s
  17   3.22173641e+04  3.22173686e+04  2.00e-08 7.27e-09  6.04e-08     2s
  18   3.22173684e+04  3.22173684e+04  3.03e-11 4.28e-10  9.46e-12     2s

Barrier solved model in 18 iterations and 2.10 seconds (1.15 work units)
Optimal objective 3.22173684e+04

Crossover log...

    5977 DPushes remaining with DInf 0.0000000e+00                 2s

Solved with dual simplex
Extra simplex iterations after uncrush: 12018
Iteration    Objective       Primal Inf.    Dual Inf.      Time
   37720    3.2217368e+04   0.000000e+00   0.000000e+00      3s

Solved in 37720 iterations and 3.46 seconds (2.22 work units)
Optimal objective  3.221736836e+04
