
Gurobi 11.0.3 (mac64[x86]) logging started Tue Jan 21 14:57:38 2025

Set parameter LogFile to value "Results/result_B0.1.log"
Set parameter TimeLimit to value 36000
Gurobi Optimizer version 11.0.3 build v11.0.3rc0 (mac64[x86] - Darwin 23.4.0 23E214)

CPU model: Intel(R) Core(TM) i7-1060NG7 CPU @ 1.20GHz
Thread count: 4 physical cores, 8 logical processors, using up to 8 threads

Optimize a model with 267384 rows, 357816 columns and 1175096 nonzeros
Model fingerprint: 0x67b79553
Coefficient statistics:
  Matrix range     [1e+00, 1e+00]
  Objective range  [2e-01, 5e+00]
  Bounds range     [0e+00, 0e+00]
  RHS range        [1e-02, 1e+02]
Presolve removed 241003 rows and 307356 columns
Presolve time: 1.18s
Presolved: 26381 rows, 50460 columns, 130410 nonzeros

Concurrent LP optimizer: dual simplex and barrier
Showing barrier log only...

Ordering time: 0.48s

Barrier statistics:
 Free vars  : 1013
 AA' NZ     : 8.774e+04
 Factor NZ  : 7.955e+05 (roughly 40 MB of memory)
 Factor Ops : 8.099e+07 (less than 1 second per iteration)
 Threads    : 3

                  Objective                Residual
Iter       Primal          Dual         Primal    Dual     Compl     Time
   0  -1.94964936e+06  7.11924175e+06  5.49e+03 2.72e+00  2.11e+03     2s
   1  -2.03195147e+06  5.19649590e+06  1.38e+03 1.81e+00  5.81e+02     2s
   2  -1.28750686e+06  1.74537660e+06  1.45e+02 2.94e-01  8.88e+01     2s
   3  -4.29710292e+05  2.55596521e+05  9.73e+00 3.75e-03  1.07e+01     2s
   4  -1.08613439e+05  5.74181136e+04  1.90e+00 2.94e-04  2.37e+00     2s
   5  -1.98955703e+04  1.93744776e+04  1.90e-01 8.94e-05  5.29e-01     2s
   6  -4.41590157e+03  6.79598107e+03  3.87e-02 2.61e-05  1.47e-01     2s
   7  -1.87056612e+03  3.81779165e+03  1.85e-02 1.32e-05  7.43e-02     2s
   8  -3.37973069e+02  2.23038744e+03  7.63e-03 6.59e-06  3.35e-02     2s
   9   7.05577784e+02  1.24362423e+03  1.17e-03 4.32e-06  6.97e-03     2s
  10   8.34631921e+02  1.20882389e+03  6.84e-04 3.67e-06  4.82e-03     2s
  11   9.12834553e+02  1.15998557e+03  3.65e-04 2.74e-06  3.17e-03     2s
  12   9.60336627e+02  1.10385778e+03  1.90e-04 1.67e-06  1.84e-03     2s
  13   1.00827360e+03  1.04507571e+03  3.42e-05 5.12e-07  4.69e-04     2s
  14   1.02235922e+03  1.02681239e+03  1.15e-06 1.64e-07  5.61e-05     3s
  15   1.02343326e+03  1.02364965e+03  4.37e-08 9.87e-09  2.73e-06     3s
  16   1.02352382e+03  1.02352455e+03  2.24e-10 3.84e-10  9.23e-09     3s
  17   1.02352435e+03  1.02352435e+03  4.00e-11 2.12e-12  6.97e-13     3s

Barrier solved model in 17 iterations and 2.69 seconds (1.14 work units)
Optimal objective 1.02352435e+03

Crossover log...

    7029 DPushes remaining with DInf 0.0000000e+00                 3s

Solved with dual simplex
Iteration    Objective       Primal Inf.    Dual Inf.      Time
   31172    1.0236395e+03   0.000000e+00   1.736437e+04      5s
   36288    1.0237192e+03   0.000000e+00   3.457522e+03     10s
   39612    1.0237328e+03   0.000000e+00   7.173474e+03     15s
   42659    1.0237402e+03   0.000000e+00   1.544428e+03     20s
   45429    1.0237445e+03   0.000000e+00   3.017625e+03     25s
   48199    1.0237471e+03   0.000000e+00   9.570677e+02     30s
   50415    1.0237488e+03   0.000000e+00   1.545675e+03     35s
   52631    1.0237502e+03   0.000000e+00   5.359341e+02     40s
   54847    1.0237512e+03   0.000000e+00   3.969197e+02     46s
   56786    1.0237519e+03   0.000000e+00   6.478088e+03     50s
   58725    1.0237526e+03   0.000000e+00   2.386322e+03     55s
   60664    1.0237533e+03   0.000000e+00   2.016987e+03     60s
   62603    1.0237538e+03   0.000000e+00   1.960000e+02     65s
   64542    1.0237543e+03   0.000000e+00   2.634268e+02     70s
   66204    1.0237547e+03   0.000000e+00   1.750892e+02     75s
   68143    1.0237551e+03   0.000000e+00   5.006639e+02     81s
   70082    1.0237556e+03   0.000000e+00   1.755521e+02     86s
   72021    1.0237559e+03   0.000000e+00   1.374927e+02     91s
   73406    1.0237562e+03   0.000000e+00   9.746154e+01     96s
   74237    1.0237563e+03   0.000000e+00   8.102022e+01    101s
   75068    1.0237565e+03   0.000000e+00   5.528125e+01    106s
   75899    1.0237566e+03   0.000000e+00   1.775554e+02    110s
   77811    1.0237568e+03   0.000000e+00   9.573958e+01    116s
Extra simplex iterations after uncrush: 51815
   79271    1.0235244e+03   0.000000e+00   0.000000e+00    120s

Solved in 79271 iterations and 120.00 seconds (71.44 work units)
Optimal objective  1.023524353e+03
