
Gurobi 11.0.3 (mac64[x86]) logging started Mon Jan 20 12:30:46 2025

Set parameter LogFile to value "Results/result_A8.log"
Set parameter TimeLimit to value 36000
Gurobi Optimizer version 11.0.3 build v11.0.3rc0 (mac64[x86] - Darwin 23.4.0 23E214)

CPU model: Intel(R) Core(TM) i7-1060NG7 CPU @ 1.20GHz
Thread count: 4 physical cores, 8 logical processors, using up to 8 threads

Optimize a model with 267384 rows, 357816 columns and 1175096 nonzeros
Model fingerprint: 0xd1aa4455
Coefficient statistics:
  Matrix range     [1e+00, 1e+00]
  Objective range  [6e-03, 2e+00]
  Bounds range     [0e+00, 0e+00]
  RHS range        [1e-02, 8e+02]
Presolve removed 241217 rows and 310454 columns
Presolve time: 1.17s
Presolved: 26167 rows, 47362 columns, 126658 nonzeros

Concurrent LP optimizer: dual simplex and barrier
Showing barrier log only...

Ordering time: 0.34s

Barrier statistics:
 Free vars  : 1013
 AA' NZ     : 8.655e+04
 Factor NZ  : 8.204e+05 (roughly 36 MB of memory)
 Factor Ops : 1.005e+08 (less than 1 second per iteration)
 Threads    : 3

                  Objective                Residual
Iter       Primal          Dual         Primal    Dual     Compl     Time
   0   1.74113165e+06  3.16235349e+06  1.26e+04 1.26e+00  1.53e+03     2s
   1   3.86816546e+04  2.80872083e+06  2.63e+03 7.85e-01  4.11e+02     2s
   2  -3.36174162e+05  1.37965804e+06  3.99e+02 6.68e-02  6.51e+01     2s
   3  -1.57119836e+05  3.11798701e+05  3.67e+01 3.29e-03  9.49e+00     2s
   4  -5.44833702e+04  1.18999849e+05  1.22e+01 5.78e-04  3.29e+00     2s
   5   3.62152973e+03  6.07311664e+04  2.90e+00 9.60e-05  9.47e-01     2s
   6   2.33836859e+04  4.00461923e+04  5.30e-01 2.13e-05  2.49e-01     2s
   7   2.76049949e+04  3.21601491e+04  8.88e-02 1.01e-05  6.53e-02     2s
   8   2.85766406e+04  3.06066423e+04  2.66e-02 1.45e-05  2.83e-02     2s
   9   2.87379809e+04  2.99179618e+04  1.89e-02 1.70e-05  1.67e-02     2s
  10   2.89590598e+04  2.95974418e+04  9.51e-03 1.57e-05  9.01e-03     2s
  11   2.91150215e+04  2.93972682e+04  3.23e-03 1.09e-05  3.92e-03     2s
  12   2.91690052e+04  2.93249787e+04  1.37e-03 9.00e-06  2.14e-03     2s
  13   2.92100633e+04  2.92458867e+04  1.02e-04 4.35e-06  4.77e-04     2s
  14   2.92161877e+04  2.92244353e+04  1.31e-05 1.42e-06  1.09e-04     2s
  15   2.92174529e+04  2.92178580e+04  1.74e-06 1.83e-07  5.47e-06     2s

Barrier performed 15 iterations in 2.19 seconds (1.12 work units)
Barrier solve interrupted - model solved by another algorithm


Solved with dual simplex
Iteration    Objective       Primal Inf.    Dual Inf.      Time
   39069    2.9217722e+04   0.000000e+00   5.281250e-01      5s
Extra simplex iterations after uncrush: 14337
   39132    2.9217684e+04   0.000000e+00   0.000000e+00      5s

Solved in 39132 iterations and 5.39 seconds (4.19 work units)
Optimal objective  2.921768351e+04
