
Gurobi 11.0.3 (mac64[x86]) logging started Wed Jan 22 11:24:31 2025

Set parameter LogFile to value "Results/result_B40.6000000000000001.log"
Set parameter TimeLimit to value 36000
Gurobi Optimizer version 11.0.3 build v11.0.3rc0 (mac64[x86] - Darwin 23.4.0 23E214)

CPU model: Intel(R) Core(TM) i7-1060NG7 CPU @ 1.20GHz
Thread count: 4 physical cores, 8 logical processors, using up to 8 threads

Optimize a model with 267384 rows, 357816 columns and 1175096 nonzeros
Model fingerprint: 0x91405ef3
Coefficient statistics:
  Matrix range     [1e+00, 1e+00]
  Objective range  [2e-01, 5e+00]
  Bounds range     [0e+00, 0e+00]
  RHS range        [1e-02, 6e+02]
Presolve removed 241069 rows and 307406 columns
Presolve time: 1.07s
Presolved: 26315 rows, 50410 columns, 130122 nonzeros

Concurrent LP optimizer: dual simplex and barrier
Showing barrier log only...

Ordering time: 0.42s

Barrier statistics:
 Free vars  : 1013
 AA' NZ     : 8.721e+04
 Factor NZ  : 7.856e+05 (roughly 40 MB of memory)
 Factor Ops : 7.984e+07 (less than 1 second per iteration)
 Threads    : 3

                  Objective                Residual
Iter       Primal          Dual         Primal    Dual     Compl     Time
   0  -3.59457170e+06  9.26318017e+06  1.02e+04 2.72e+00  3.91e+03     2s
   1  -3.74833648e+06  7.55852097e+06  2.12e+03 1.78e+00  9.56e+02     2s
   2  -2.43045627e+06  3.34350022e+06  3.49e+02 1.76e-01  1.70e+02     2s
   3  -6.70421699e+05  6.69135556e+05  2.59e+01 2.49e-03  2.28e+01     2s
   4  -2.65244507e+05  2.13722224e+05  7.62e+00 4.70e-04  7.65e+00     2s
   5  -4.50588537e+04  1.00621709e+05  1.03e+00 1.97e-04  2.03e+00     2s
   6  -1.06748049e+04  2.37967712e+04  2.06e-01 3.67e-05  4.66e-01     2s
   7  -5.37086804e+03  1.46554024e+04  1.25e-01 1.96e-05  2.72e-01     2s
   8   1.64683149e+02  8.35508157e+03  4.84e-02 9.66e-06  1.11e-01     2s
   9   2.49909446e+03  6.77748324e+03  1.98e-02 5.48e-06  5.71e-02     2s
  10   3.87665615e+03  5.86545024e+03  5.74e-03 3.61e-06  2.60e-02     2s
  11   4.20461030e+03  5.60944872e+03  2.96e-03 2.95e-06  1.82e-02     2s
  12   4.30493233e+03  5.11274364e+03  2.19e-03 1.59e-06  1.05e-02     2s
  13   4.52930006e+03  4.80864227e+03  6.03e-04 3.27e-06  3.62e-03     2s
  14   4.62231766e+03  4.67940430e+03  6.53e-05 1.46e-06  7.30e-04     2s
  15   4.63894949e+03  4.65462202e+03  5.76e-07 5.62e-07  1.97e-04     2s
  16   4.63984515e+03  4.64399796e+03  2.43e-07 1.35e-07  5.24e-05     2s
  17   4.64082422e+03  4.64101011e+03  1.08e-08 1.02e-08  2.35e-06     2s
  18   4.64087542e+03  4.64087546e+03  5.06e-12 4.30e-10  4.85e-10     2s

Barrier solved model in 18 iterations and 2.39 seconds (1.16 work units)
Optimal objective 4.64087542e+03

Crossover log...

    6854 DPushes remaining with DInf 0.0000000e+00                 2s
       0 DPushes remaining with DInf 0.0000000e+00                 3s

     963 PPushes remaining with PInf 9.5159146e-06                 3s
       0 PPushes remaining with PInf 0.0000000e+00                 3s

  Push phase complete: Pinf 0.0000000e+00, Dinf 7.8159701e-14      3s


Solved with barrier
Iteration    Objective       Primal Inf.    Dual Inf.      Time
   11467    4.6410113e+03   0.000000e+00   1.284730e+05      5s
   17460    4.6411126e+03   0.000000e+00   8.358674e+04     10s
   22011    4.6411379e+03   0.000000e+00   2.669903e+03     15s
   24781    4.6411430e+03   0.000000e+00   3.116736e+03     20s
   27551    4.6411461e+03   0.000000e+00   6.222812e+02     26s
   30044    4.6411480e+03   0.000000e+00   6.784085e+02     30s
   32537    4.6411490e+03   0.000000e+00   7.479688e+02     35s
   35030    4.6411495e+03   0.000000e+00   1.250000e+00     41s
Extra simplex iterations after uncrush: 27756
   35549    4.6408755e+03   0.000000e+00   0.000000e+00     42s

Solved in 35549 iterations and 42.10 seconds (29.45 work units)
Optimal objective  4.640875451e+03
