
Gurobi 11.0.3 (mac64[x86]) logging started Mon Jan 20 12:15:53 2025

Set parameter LogFile to value "Results/result_A3.log"
Set parameter TimeLimit to value 36000
Gurobi Optimizer version 11.0.3 build v11.0.3rc0 (mac64[x86] - Darwin 23.4.0 23E214)

CPU model: Intel(R) Core(TM) i7-1060NG7 CPU @ 1.20GHz
Thread count: 4 physical cores, 8 logical processors, using up to 8 threads

Optimize a model with 328020 rows, 407064 columns and 1384872 nonzeros
Model fingerprint: 0x6f9fc33f
Coefficient statistics:
  Matrix range     [1e+00, 1e+00]
  Objective range  [6e-03, 2e+01]
  Bounds range     [0e+00, 0e+00]
  RHS range        [1e-02, 1e+03]
Presolve removed 299901 rows and 352938 columns
Presolve time: 1.17s
Presolved: 28119 rows, 54126 columns, 144150 nonzeros

Concurrent LP optimizer: dual simplex and barrier
Showing barrier log only...

Ordering time: 0.33s

Barrier statistics:
 Free vars  : 27
 AA' NZ     : 8.742e+04
 Factor NZ  : 8.524e+05 (roughly 30 MB of memory)
 Factor Ops : 1.075e+08 (less than 1 second per iteration)
 Threads    : 3

                  Objective                Residual
Iter       Primal          Dual         Primal    Dual     Compl     Time
   0   4.27476459e+06  1.75181569e+07  1.99e+04 1.06e+01  8.30e+03     2s
   1   3.19860838e+05  1.50650689e+07  5.16e+03 3.33e+00  2.40e+03     2s
   2  -7.81333824e+05  8.41059692e+06  7.72e+02 4.15e-01  4.16e+02     2s
   3  -6.13093318e+05  1.86751715e+06  9.43e+01 1.43e-02  5.65e+01     2s
   4  -2.17890619e+05  5.41456109e+05  3.34e+01 1.82e-03  1.59e+01     2s
   5  -7.85441170e+04  3.30873590e+05  1.59e+01 9.20e-04  7.83e+00     2s
   6   4.91820579e+04  1.76114614e+05  1.28e+00 3.20e-04  1.96e+00     2s
   7   6.63837514e+04  1.06780449e+05  1.71e-01 9.26e-05  5.97e-01     2s
   8   7.10874302e+04  9.09566486e+04  4.38e-02 4.62e-05  2.90e-01     2s
   9   7.24141266e+04  8.39588028e+04  1.99e-02 2.71e-05  1.68e-01     2s
  10   7.30717712e+04  7.99045291e+04  1.10e-02 2.32e-05  9.96e-02     2s
  11   7.37073675e+04  7.71725610e+04  4.51e-03 2.17e-05  5.05e-02     2s
  12   7.40521065e+04  7.58456677e+04  1.96e-03 1.56e-05  2.61e-02     2s

Barrier performed 12 iterations in 2.25 seconds (1.28 work units)
Barrier solve interrupted - model solved by another algorithm


Solved with dual simplex
Extra simplex iterations after uncrush: 2629
Iteration    Objective       Primal Inf.    Dual Inf.      Time
   24723    7.4463840e+04   0.000000e+00   0.000000e+00      2s

Use crossover to convert LP symmetric solution to basic solution...
Crossover log...

       0 DPushes remaining with DInf 0.0000000e+00                 3s

    1288 PPushes remaining with PInf 0.0000000e+00                 3s
       0 PPushes remaining with PInf 0.0000000e+00                 3s

  Push phase complete: Pinf 0.0000000e+00, Dinf 5.6339308e-13      3s

Iteration    Objective       Primal Inf.    Dual Inf.      Time
   42214    7.4464346e+04   0.000000e+00   3.614468e+04      5s
Extra simplex iterations after uncrush: 27821
   53850    7.4463840e+04   0.000000e+00   0.000000e+00     10s

Solved in 53850 iterations and 9.59 seconds (7.19 work units)
Optimal objective  7.446384039e+04
