
Gurobi 11.0.3 (mac64[x86]) logging started Tue Jan 21 15:14:14 2025

Set parameter LogFile to value "Results/result_B0.8.log"
Set parameter TimeLimit to value 36000
Gurobi Optimizer version 11.0.3 build v11.0.3rc0 (mac64[x86] - Darwin 23.4.0 23E214)

CPU model: Intel(R) Core(TM) i7-1060NG7 CPU @ 1.20GHz
Thread count: 4 physical cores, 8 logical processors, using up to 8 threads

Optimize a model with 267384 rows, 357816 columns and 1175096 nonzeros
Model fingerprint: 0x5811e1b3
Coefficient statistics:
  Matrix range     [1e+00, 1e+00]
  Objective range  [2e-01, 5e+00]
  Bounds range     [0e+00, 0e+00]
  RHS range        [1e-02, 8e+02]
Presolve removed 241101 rows and 307406 columns
Presolve time: 1.31s
Presolved: 26283 rows, 50410 columns, 130058 nonzeros

Concurrent LP optimizer: dual simplex and barrier
Showing barrier log only...

Ordering time: 0.50s

Barrier statistics:
 Free vars  : 1013
 AA' NZ     : 8.705e+04
 Factor NZ  : 7.977e+05 (roughly 40 MB of memory)
 Factor Ops : 8.056e+07 (less than 1 second per iteration)
 Threads    : 3

                  Objective                Residual
Iter       Primal          Dual         Primal    Dual     Compl     Time
   0  -4.72072287e+06  1.00986473e+07  1.34e+04 2.72e+00  5.13e+03     2s
   1  -4.92072102e+06  8.49994646e+06  2.89e+03 1.75e+00  1.26e+03     2s
   2  -3.05387021e+06  4.30816870e+06  4.26e+02 1.65e-01  2.16e+02     2s
   3  -8.78197065e+05  8.56884495e+05  3.55e+01 9.40e-04  3.02e+01     2s
   4  -3.28994059e+05  2.86259823e+05  1.08e+01 1.88e-04  1.01e+01     2s
   5  -5.91639619e+04  1.39145004e+05  1.63e+00 9.00e-05  2.79e+00     2s
   6  -1.46197691e+04  2.92760476e+04  3.59e-01 2.63e-05  6.04e-01     2s
   7  -6.42282939e+03  1.74381952e+04  1.88e-01 1.62e-05  3.28e-01     2s
   8   3.65834105e+02  1.12543575e+04  7.17e-02 9.97e-06  1.48e-01     2s
   9   3.82598092e+03  7.54713445e+03  2.15e-02 4.04e-06  5.01e-02     2s
  10   4.77755793e+03  6.84919529e+03  1.05e-02 2.72e-06  2.77e-02     2s
  11   5.12402653e+03  6.74907044e+03  6.91e-03 2.48e-06  2.15e-02     3s
  12   5.20713784e+03  6.38882839e+03  6.09e-03 1.63e-06  1.58e-02     3s
  13   5.56223532e+03  6.14053909e+03  2.78e-03 1.05e-06  7.72e-03     3s
  14   5.84083081e+03  5.99955435e+03  3.12e-04 4.99e-06  2.04e-03     3s
  15   5.88768268e+03  5.91756713e+03  5.52e-06 1.68e-06  3.76e-04     3s
  16   5.89015153e+03  5.90177583e+03  1.16e-06 6.53e-07  1.46e-04     3s
  17   5.89080495e+03  5.89108122e+03  5.21e-08 1.82e-08  3.48e-06     3s
  18   5.89085574e+03  5.89085594e+03  1.57e-11 5.52e-10  2.53e-09     3s
  19   5.89085576e+03  5.89085576e+03  2.97e-11 4.53e-13  4.20e-12     3s

Barrier solved model in 19 iterations and 3.01 seconds (1.18 work units)
Optimal objective 5.89085576e+03

Crossover log...

    7031 DPushes remaining with DInf 0.0000000e+00                 3s
       0 DPushes remaining with DInf 0.0000000e+00                 3s

     803 PPushes remaining with PInf 0.0000000e+00                 3s
       0 PPushes remaining with PInf 0.0000000e+00                 3s

  Push phase complete: Pinf 0.0000000e+00, Dinf 0.0000000e+00      3s


Solved with barrier
Iteration    Objective       Primal Inf.    Dual Inf.      Time
   11228    5.8909812e+03   0.000000e+00   1.766741e+04      5s
   16354    5.8910748e+03   0.000000e+00   8.675279e+03     10s
   16908    5.8910804e+03   0.000000e+00   6.795006e+03     15s
   18016    5.8910898e+03   0.000000e+00   7.930234e+03     21s
   18970    5.8910948e+03   0.000000e+00   6.572635e+03     26s
   19801    5.8910986e+03   0.000000e+00   3.118247e+03     31s
   22572    5.8911074e+03   0.000000e+00   2.158266e+03     35s
   24234    5.8911101e+03   0.000000e+00   1.111733e+03     40s
   26450    5.8911129e+03   0.000000e+00   4.176333e+02     45s
   28943    5.8911147e+03   0.000000e+00   7.094375e+02     50s
   31436    5.8911159e+03   0.000000e+00   1.217877e+02     55s
   34206    5.8911167e+03   0.000000e+00   2.612500e+01     60s
Extra simplex iterations after uncrush: 26540
   34346    5.8908558e+03   0.000000e+00   0.000000e+00     60s

Solved in 34346 iterations and 60.40 seconds (26.13 work units)
Optimal objective  5.890855755e+03
