
Gurobi 11.0.3 (mac64[x86]) logging started Tue Jan 21 16:59:36 2025

Set parameter LogFile to value "Results/result_B40.99.log"
Set parameter TimeLimit to value 36000
Gurobi Optimizer version 11.0.3 build v11.0.3rc0 (mac64[x86] - Darwin 23.4.0 23E214)

CPU model: Intel(R) Core(TM) i7-1060NG7 CPU @ 1.20GHz
Thread count: 4 physical cores, 8 logical processors, using up to 8 threads

Optimize a model with 267384 rows, 357816 columns and 1175096 nonzeros
Model fingerprint: 0x3a2a72b2
Coefficient statistics:
  Matrix range     [1e+00, 1e+00]
  Objective range  [2e-01, 5e+00]
  Bounds range     [0e+00, 0e+00]
  RHS range        [1e-02, 1e+03]
Presolve removed 241133 rows and 307406 columns
Presolve time: 1.16s
Presolved: 26251 rows, 50410 columns, 129802 nonzeros

Concurrent LP optimizer: dual simplex and barrier
Showing barrier log only...

Ordering time: 0.43s

Barrier statistics:
 Free vars  : 1013
 AA' NZ     : 8.641e+04
 Factor NZ  : 7.745e+05 (roughly 40 MB of memory)
 Factor Ops : 7.419e+07 (less than 1 second per iteration)
 Threads    : 3

                  Objective                Residual
Iter       Primal          Dual         Primal    Dual     Compl     Time
   0  -5.49178911e+06  1.07462246e+07  1.57e+04 2.72e+00  5.97e+03     2s
   1  -5.81127660e+06  9.07746717e+06  3.26e+03 1.73e+00  1.44e+03     2s
   2  -3.56235418e+06  5.01727286e+06  4.74e+02 1.50e-01  2.51e+02     2s
   3  -1.08757530e+06  1.05751997e+06  4.61e+01 1.25e-03  3.88e+01     2s
   4  -3.88840570e+05  3.47387613e+05  1.41e+01 2.56e-04  1.25e+01     2s
   5  -7.57117764e+04  1.38271665e+05  2.46e+00 9.58e-05  3.14e+00     2s
   6  -2.26627671e+04  4.80318845e+04  7.00e-01 3.28e-05  9.93e-01     2s
   7  -5.17741891e+03  2.99037358e+04  2.19e-01 2.20e-05  4.74e-01     2s
   8   2.31141989e+03  1.33846768e+04  5.41e-02 8.73e-06  1.48e-01     2s
   9   3.87593789e+03  1.02356004e+04  3.39e-02 5.53e-06  8.55e-02     2s
  10   4.68532521e+03  9.22682130e+03  2.44e-02 4.26e-06  6.12e-02     2s
  11   5.75430457e+03  8.47197927e+03  1.27e-02 3.09e-06  3.63e-02     2s
  12   6.41644302e+03  8.28040485e+03  5.74e-03 2.76e-06  2.44e-02     2s
  13   6.73116960e+03  7.40607705e+03  2.59e-03 9.78e-07  8.96e-03     2s
  14   6.91613768e+03  7.26810539e+03  9.94e-04 4.37e-06  4.62e-03     2s
  15   7.03103396e+03  7.15748937e+03  1.66e-04 2.55e-06  1.62e-03     2s
  16   7.05694294e+03  7.09706613e+03  1.91e-05 1.10e-06  5.07e-04     2s
  17   7.06145781e+03  7.06398464e+03  9.25e-07 6.25e-08  3.20e-05     2s
  18   7.06190431e+03  7.06197180e+03  5.31e-08 4.56e-09  8.65e-07     2s
  19   7.06193886e+03  7.06193894e+03  1.90e-10 2.22e-10  9.76e-10     3s
  20   7.06193890e+03  7.06193890e+03  1.11e-09 3.35e-13  1.71e-12     3s

Barrier solved model in 20 iterations and 2.59 seconds (1.20 work units)
Optimal objective 7.06193890e+03

Crossover log...

    6875 DPushes remaining with DInf 0.0000000e+00                 3s
       0 DPushes remaining with DInf 0.0000000e+00                 3s

     840 PPushes remaining with PInf 0.0000000e+00                 3s
       0 PPushes remaining with PInf 0.0000000e+00                 3s

  Push phase complete: Pinf 0.0000000e+00, Dinf 0.0000000e+00      3s


Solved with barrier
Iteration    Objective       Primal Inf.    Dual Inf.      Time
   12143    7.0620888e+03   0.000000e+00   2.553231e+04      5s
   20751    7.0622076e+03   0.000000e+00   4.833458e+03     10s
   24940    7.0622193e+03   0.000000e+00   3.498250e+03     15s
   27987    7.0622239e+03   0.000000e+00   1.984234e+03     20s
   31326    7.0622264e+03   0.000000e+00   7.170192e+01     25s
Extra simplex iterations after uncrush: 24996
   32695    7.0619389e+03   0.000000e+00   0.000000e+00     28s

Solved in 32695 iterations and 27.52 seconds (18.89 work units)
Optimal objective  7.061938903e+03
