
Gurobi 11.0.3 (mac64[x86]) logging started Thu Nov 21 13:59:24 2024

Set parameter LogFile to value "Results/result9.log"
Set parameter TimeLimit to value 36000
Gurobi Optimizer version 11.0.3 build v11.0.3rc0 (mac64[x86] - Darwin 23.4.0 23E214)

CPU model: Intel(R) Core(TM) i7-1060NG7 CPU @ 1.20GHz
Thread count: 4 physical cores, 8 logical processors, using up to 8 threads

Optimize a model with 353588 rows, 452592 columns and 1853004 nonzeros
Model fingerprint: 0xd769c0b3
Coefficient statistics:
  Matrix range     [1e+00, 1e+00]
  Objective range  [3e-03, 2e+01]
  Bounds range     [0e+00, 0e+00]
  RHS range        [1e-01, 3e+02]
Presolve removed 349290 rows and 447316 columns
Presolve time: 2.24s
Presolved: 4298 rows, 5276 columns, 13702 nonzeros

Concurrent LP optimizer: dual simplex and barrier
Showing barrier log only...

Ordering time: 0.02s

Barrier statistics:
 Free vars  : 34
 AA' NZ     : 1.296e+04
 Factor NZ  : 7.314e+04 (roughly 4 MB of memory)
 Factor Ops : 1.706e+06 (less than 1 second per iteration)
 Threads    : 3

                  Objective                Residual
Iter       Primal          Dual         Primal    Dual     Compl     Time
   0   2.56519702e+05  9.54724522e+05  1.44e+02 5.78e+01  2.65e+03     2s
   1   6.07432483e+04  9.49902443e+05  3.39e+01 2.18e+01  7.66e+02     2s
   2   8.23196673e+03  6.49034418e+05  2.81e+00 2.93e+00  1.21e+02     2s

Barrier performed 2 iterations in 2.32 seconds (0.90 work units)
Barrier solve interrupted - model solved by another algorithm


Solved with dual simplex
Iteration    Objective       Primal Inf.    Dual Inf.      Time
   33397    9.2388669e+03   0.000000e+00   1.763768e+04      6s
   44616    9.2387465e+03   0.000000e+00   0.000000e+00     10s
Extra simplex iterations after uncrush: 40801

Solved in 44616 iterations and 10.54 seconds (5.13 work units)
Optimal objective  9.238746508e+03
