
Gurobi 11.0.3 (mac64[x86]) logging started Mon Jan 27 21:19:29 2025

Set parameter LogFile to value "Results/result_E_true_no_storage.log"
Set parameter TimeLimit to value 36000
Gurobi Optimizer version 11.0.3 build v11.0.3rc0 (mac64[x86] - Darwin 23.4.0 23E214)

CPU model: Intel(R) Core(TM) i7-1060NG7 CPU @ 1.20GHz
Thread count: 4 physical cores, 8 logical processors, using up to 8 threads

Optimize a model with 328020 rows, 407064 columns and 1384872 nonzeros
Model fingerprint: 0x134a6d79
Coefficient statistics:
  Matrix range     [1e+00, 1e+00]
  Objective range  [2e-01, 3e+01]
  Bounds range     [0e+00, 0e+00]
  RHS range        [1e-02, 1e+03]
Presolve removed 320845 rows and 397233 columns
Presolve time: 0.99s
Presolved: 7175 rows, 9831 columns, 29307 nonzeros

Concurrent LP optimizer: dual simplex and barrier
Showing barrier log only...

Ordering time: 0.01s

Barrier statistics:
 Free vars  : 28
 AA' NZ     : 1.699e+04
 Factor NZ  : 1.014e+05 (roughly 5 MB of memory)
 Factor Ops : 4.809e+06 (less than 1 second per iteration)
 Threads    : 3

Barrier performed 0 iterations in 1.07 seconds (0.75 work units)
Barrier solve interrupted - model solved by another algorithm


Solved with dual simplex
Extra simplex iterations after uncrush: 15
Iteration    Objective       Primal Inf.    Dual Inf.      Time
    3963    2.3479724e+04   0.000000e+00   0.000000e+00      1s

Use crossover to convert LP symmetric solution to basic solution...
Crossover log...

       0 DPushes remaining with DInf 0.0000000e+00                 1s

     459 PPushes remaining with PInf 0.0000000e+00                 1s
       0 PPushes remaining with PInf 0.0000000e+00                 1s

  Push phase complete: Pinf 0.0000000e+00, Dinf 0.0000000e+00      1s

Iteration    Objective       Primal Inf.    Dual Inf.      Time
   19229    2.3480216e+04   0.000000e+00   5.162953e+04      5s
   23480    2.3480270e+04   0.000000e+00   8.990903e+04     10s
   26610    2.3480299e+04   0.000000e+00   6.702385e+04     16s
   28738    2.3480315e+04   0.000000e+00   4.994861e+04     20s
   30866    2.3480325e+04   0.000000e+00   2.734912e+04     25s
   32994    2.3480332e+04   0.000000e+00   3.351401e+04     30s
   34818    2.3480340e+04   0.000000e+00   1.872498e+04     35s
   36642    2.3480345e+04   0.000000e+00   2.723137e+04     40s
   38462    2.3480352e+04   0.000000e+00   1.837217e+04     45s
   39964    2.3480356e+04   0.000000e+00   1.059535e+04     50s
   41438    2.3480359e+04   0.000000e+00   2.541341e+05     55s
   42654    2.3480362e+04   0.000000e+00   1.481321e+04     61s
   43566    2.3480363e+04   0.000000e+00   2.932456e+04     66s
   44782    2.3480366e+04   0.000000e+00   1.501750e+04     71s
   45966    2.3480368e+04   0.000000e+00   1.231925e+04     75s
   47472    2.3480372e+04   0.000000e+00   2.116277e+04     80s
   48688    2.3480374e+04   0.000000e+00   1.060499e+04     85s
   49600    2.3480376e+04   0.000000e+00   2.013487e+04     91s
   50816    2.3480378e+04   0.000000e+00   6.465037e+04     95s
   52004    2.3480380e+04   0.000000e+00   1.548795e+04    101s
   52902    2.3480381e+04   0.000000e+00   2.459109e+04    105s
   54052    2.3480382e+04   0.000000e+00   3.605474e+04    111s
   55102    2.3480384e+04   0.000000e+00   3.077949e+04    116s
   56192    2.3480385e+04   0.000000e+00   1.642852e+04    121s
   57272    2.3480387e+04   0.000000e+00   2.733852e+04    125s
   58412    2.3480388e+04   0.000000e+00   2.822126e+04    130s
   59542    2.3480389e+04   0.000000e+00   1.760264e+04    135s
   60882    2.3480391e+04   0.000000e+00   1.763864e+04    141s
   61892    2.3480392e+04   0.000000e+00   1.187643e+04    146s
   62952    2.3480393e+04   0.000000e+00   7.607149e+03    151s
   63992    2.3480394e+04   0.000000e+00   1.443319e+04    156s
   65032    2.3480396e+04   0.000000e+00   8.675102e+04    160s
   66352    2.3480397e+04   0.000000e+00   2.187028e+04    165s
   67742    2.3480399e+04   0.000000e+00   2.860621e+04    171s
   69062    2.3480400e+04   0.000000e+00   1.941747e+04    176s
   70102    2.3480401e+04   0.000000e+00   1.451965e+04    180s
   71422    2.3480403e+04   0.000000e+00   2.309081e+04    185s
   72742    2.3480404e+04   0.000000e+00   1.214230e+04    191s
   74102    2.3480405e+04   0.000000e+00   2.451727e+04    196s
   75232    2.3480407e+04   0.000000e+00   9.738144e+03    200s
   76512    2.3480408e+04   0.000000e+00   7.683245e+03    205s
   77722    2.3480409e+04   0.000000e+00   4.668174e+03    211s
   79042    2.3480410e+04   0.000000e+00   8.315134e+03    216s
   80072    2.3480411e+04   0.000000e+00   1.972918e+04    220s
   81372    2.3480412e+04   0.000000e+00   7.345247e+03    225s
   82612    2.3480413e+04   0.000000e+00   8.641825e+03    231s
   83902    2.3480414e+04   0.000000e+00   1.164614e+04    236s
   84872    2.3480415e+04   0.000000e+00   1.697800e+04    240s
   86032    2.3480417e+04   0.000000e+00   1.336295e+04    245s
   87182    2.3480418e+04   0.000000e+00   1.012864e+04    251s
   87892    2.3480418e+04   0.000000e+00   6.255708e+04    256s
   88862    2.3480420e+04   0.000000e+00   9.388758e+03    261s
   89612    2.3480421e+04   0.000000e+00   1.128671e+05    266s
   90382    2.3480421e+04   0.000000e+00   3.466186e+04    271s
   91652    2.3480422e+04   0.000000e+00   1.784924e+04    276s
   92602    2.3480423e+04   0.000000e+00   4.957092e+03    280s
   93812    2.3480424e+04   0.000000e+00   1.002353e+04    286s
   94752    2.3480425e+04   0.000000e+00   6.775568e+03    290s
   95962    2.3480425e+04   0.000000e+00   2.125436e+04    296s
   96682    2.3480426e+04   0.000000e+00   8.754804e+03    300s
   97682    2.3480427e+04   0.000000e+00   8.049962e+03    305s
   98942    2.3480428e+04   0.000000e+00   1.039296e+04    311s
  100162    2.3480429e+04   0.000000e+00   1.056570e+04    316s
  101252    2.3480430e+04   0.000000e+00   1.518293e+04    320s
  102622    2.3480430e+04   0.000000e+00   9.539374e+04    325s
  104016    2.3480431e+04   0.000000e+00   6.032167e+03    331s
  105236    2.3480432e+04   0.000000e+00   1.562034e+04    336s
  106246    2.3480433e+04   0.000000e+00   7.644915e+03    340s
  107486    2.3480434e+04   0.000000e+00   6.295195e+03    345s
  108776    2.3480435e+04   0.000000e+00   3.613635e+04    350s
Extra simplex iterations after uncrush: 105031

Stopped in 109480 iterations and 353.40 seconds (234.99 work units)
Solve interrupted
