
Gurobi 11.0.3 (mac64[x86]) logging started Wed Jan 22 13:16:56 2025

Set parameter LogFile to value "Results/result_C0.log"
Set parameter TimeLimit to value 36000
Gurobi Optimizer version 11.0.3 build v11.0.3rc0 (mac64[x86] - Darwin 23.4.0 23E214)

CPU model: Intel(R) Core(TM) i7-1060NG7 CPU @ 1.20GHz
Thread count: 4 physical cores, 8 logical processors, using up to 8 threads

Optimize a model with 267384 rows, 357816 columns and 1175096 nonzeros
Model fingerprint: 0xe094fa60
Coefficient statistics:
  Matrix range     [1e+00, 1e+00]
  Objective range  [2e-01, 5e+00]
  Bounds range     [0e+00, 0e+00]
  RHS range        [1e-02, 1e+03]
Presolve removed 241133 rows and 307406 columns
Presolve time: 1.42s
Presolved: 26251 rows, 50410 columns, 129802 nonzeros

Concurrent LP optimizer: dual simplex and barrier
Showing barrier log only...

Ordering time: 0.50s

Barrier statistics:
 Free vars  : 1013
 AA' NZ     : 8.641e+04
 Factor NZ  : 7.745e+05 (roughly 40 MB of memory)
 Factor Ops : 7.419e+07 (less than 1 second per iteration)
 Threads    : 3

                  Objective                Residual
Iter       Primal          Dual         Primal    Dual     Compl     Time
   0  -5.54554394e+06  1.07796374e+07  1.58e+04 2.72e+00  6.02e+03     2s
   1  -5.86826220e+06  9.11225244e+06  3.29e+03 1.73e+00  1.45e+03     2s
   2  -3.59595815e+06  5.05001162e+06  4.79e+02 1.50e-01  2.54e+02     2s
   3  -1.09762468e+06  1.06918082e+06  4.64e+01 1.26e-03  3.92e+01     2s
   4  -3.92806854e+05  3.51668324e+05  1.43e+01 2.58e-04  1.26e+01     2s
   5  -7.68977940e+04  1.41662058e+05  2.50e+00 9.79e-05  3.21e+00     2s
   6  -2.29554350e+04  4.86848420e+04  7.10e-01 3.32e-05  1.01e+00     2s
   7  -4.92353677e+03  2.95534040e+04  2.12e-01 2.19e-05  4.65e-01     2s
   8   2.05728217e+03  1.32834014e+04  6.00e-02 8.62e-06  1.51e-01     3s
   9   4.11926990e+03  1.01940907e+04  3.30e-02 5.54e-06  8.18e-02     3s
  10   4.88450431e+03  9.25994610e+03  2.37e-02 4.39e-06  5.89e-02     3s
  11   5.30599304e+03  9.10996912e+03  1.89e-02 4.18e-06  5.09e-02     3s
  12   5.86147893e+03  8.43812939e+03  1.27e-02 3.13e-06  3.45e-02     3s
  13   6.40839880e+03  8.18968686e+03  6.96e-03 2.69e-06  2.35e-02     3s
  14   6.70208293e+03  7.58673520e+03  3.87e-03 1.34e-06  1.18e-02     3s
  15   6.98280294e+03  7.34805904e+03  1.04e-03 3.66e-06  4.77e-03     3s
  16   7.08523851e+03  7.24038165e+03  1.81e-04 2.51e-06  1.98e-03     3s
  17   7.11662890e+03  7.15715696e+03  1.90e-05 9.32e-07  5.12e-04     3s
  18   7.12148071e+03  7.13970171e+03  4.13e-06 4.59e-07  2.30e-04     3s
  19   7.12280174e+03  7.12291061e+03  1.53e-07 1.33e-08  1.41e-06     3s
  20   7.12286976e+03  7.12286996e+03  2.00e-10 6.22e-10  2.44e-09     3s
  21   7.12286990e+03  7.12286990e+03  7.34e-09 1.39e-12  1.56e-12     3s

Barrier solved model in 21 iterations and 3.18 seconds (1.22 work units)
Optimal objective 7.12286990e+03

Crossover log...

    6908 DPushes remaining with DInf 0.0000000e+00                 3s

Solved with dual simplex
Iteration    Objective       Primal Inf.    Dual Inf.      Time
   32665    7.1229657e+03   0.000000e+00   4.992427e+04      5s
   38637    7.1230939e+03   0.000000e+00   1.172548e+04     10s
   42151    7.1231160e+03   0.000000e+00   2.146273e+03     15s
   44150    7.1231226e+03   0.000000e+00   3.134446e+03     20s
   45812    7.1231255e+03   0.000000e+00   1.617810e+03     25s
   48028    7.1231287e+03   0.000000e+00   1.343000e+03     30s
   50798    7.1231313e+03   0.000000e+00   6.457542e+02     35s
   53291    7.1231331e+03   0.000000e+00   1.504850e+03     40s
   56061    7.1231345e+03   0.000000e+00   9.084844e+02     45s
   59429    7.1231361e+03   0.000000e+00   2.013482e+02     50s
   62476    7.1231372e+03   0.000000e+00   6.687500e+01     55s
Extra simplex iterations after uncrush: 35358
   63317    7.1228699e+03   0.000000e+00   0.000000e+00     57s

Solved in 63317 iterations and 56.51 seconds (31.41 work units)
Optimal objective  7.122869903e+03

Gurobi 11.0.3 (mac64[x86]) logging started Thu Jan 23 10:14:17 2025

Set parameter LogFile to value "Results/result_C0.log"
Set parameter TimeLimit to value 36000
Gurobi Optimizer version 11.0.3 build v11.0.3rc0 (mac64[x86] - Darwin 23.4.0 23E214)

CPU model: Intel(R) Core(TM) i7-1060NG7 CPU @ 1.20GHz
Thread count: 4 physical cores, 8 logical processors, using up to 8 threads

Optimize a model with 267384 rows, 357816 columns and 1175096 nonzeros
Model fingerprint: 0x4477977e
Coefficient statistics:
  Matrix range     [1e+00, 1e+00]
  Objective range  [2e-01, 1e+01]
  Bounds range     [0e+00, 0e+00]
  RHS range        [1e-02, 1e+03]
Presolve removed 240092 rows and 305128 columns
Presolve time: 1.14s
Presolved: 27292 rows, 52688 columns, 136969 nonzeros

Concurrent LP optimizer: dual simplex and barrier
Showing barrier log only...

Ordering time: 0.35s

Barrier statistics:
 Free vars  : 106
 AA' NZ     : 7.433e+04
 Factor NZ  : 6.815e+05 (roughly 30 MB of memory)
 Factor Ops : 6.904e+07 (less than 1 second per iteration)
 Threads    : 3

                  Objective                Residual
Iter       Primal          Dual         Primal    Dual     Compl     Time
   0  -6.30984001e+06  7.79157933e+06  2.55e+04 2.98e+00  4.61e+03     2s
   1  -4.02667548e+06  6.33844294e+06  5.51e+03 1.19e+00  1.13e+03     2s
   2  -2.28448411e+06  3.06446231e+06  7.83e+02 2.23e-02  1.77e+02     2s
   3  -3.90248248e+05  6.80768661e+05  8.19e+01 2.16e-04  2.47e+01     2s
   4  -1.30489672e+05  1.70031057e+05  2.31e+01 9.47e-05  6.37e+00     2s
   5  -4.38803438e+04  7.29336926e+04  5.44e+00 4.76e-05  2.13e+00     2s
   6  -1.78657413e+04  2.88963764e+04  1.26e+00 2.30e-05  7.82e-01     2s
   7  -1.11510417e+04  1.48202784e+04  6.11e-01 1.41e-05  4.27e-01     2s
   8  -6.67130420e+03  7.32331393e+03  3.04e-01 8.30e-06  2.28e-01     2s
   9  -2.53727133e+03  3.42971901e+03  7.44e-02 4.58e-06  9.55e-02     2s
  10  -1.01338452e+03  1.65933597e+03  2.16e-02 2.36e-06  4.25e-02     2s
  11  -6.47182240e+02  8.33095964e+02  1.24e-02 1.26e-06  2.36e-02     2s
  12  -2.01538139e+02  2.69380118e+02  3.37e-03 8.96e-07  7.48e-03     2s
  13  -2.44368574e+01  1.31329239e+01  3.19e-04 5.02e-07  5.99e-04     2s
  14  -6.93491453e-02  2.13242875e-02  2.42e-07 4.72e-08  1.43e-06     2s
  15  -8.33313518e-05  2.13245949e-05  4.86e-11 8.60e-11  1.64e-09     2s
  16  -9.82583931e-11  2.51181209e-11  5.73e-17 1.03e-13  1.93e-15     2s

Barrier solved model in 16 iterations and 2.43 seconds (1.16 work units)
Optimal objective -9.82583931e-11


Solved with dual simplex
Extra simplex iterations after uncrush: 7460
Iteration    Objective       Primal Inf.    Dual Inf.      Time
   25261   -0.0000000e+00   0.000000e+00   0.000000e+00      3s

Use crossover to convert LP symmetric solution to basic solution...
Crossover log...

       0 DPushes remaining with DInf 0.0000000e+00                 3s

     213 PPushes remaining with PInf 0.0000000e+00                 3s
       0 PPushes remaining with PInf 0.0000000e+00                 3s

  Push phase complete: Pinf 0.0000000e+00, Dinf 0.0000000e+00      3s

Iteration    Objective       Primal Inf.    Dual Inf.      Time
   46943    1.4818158e-01   0.000000e+00   7.731750e+03      5s
   60055    2.0321265e-01   0.000000e+00   5.605812e+03     10s
   67837    2.1526832e-01   0.000000e+00   2.115625e+03     15s
   73100    2.2046172e-01   0.000000e+00   1.183242e+03     20s
   77838    2.2413209e-01   0.000000e+00   2.325664e+03     25s
   82270    2.2683491e-01   0.000000e+00   6.936630e+02     30s
   84763    2.2790771e-01   0.000000e+00   3.320000e+02     36s
   88364    2.2928744e-01   0.000000e+00   2.094663e+02     40s
   91688    2.3012845e-01   0.000000e+00   4.473906e+02     45s
Extra simplex iterations after uncrush: 67539
   94098   -0.0000000e+00   0.000000e+00   0.000000e+00     49s

Solved in 94098 iterations and 48.58 seconds (37.55 work units)
Optimal objective -0.000000000e+00

Gurobi 11.0.3 (mac64[x86]) logging started Thu Jan 23 10:19:04 2025

Set parameter LogFile to value "Results/result_C0.log"
Set parameter TimeLimit to value 36000
Gurobi Optimizer version 11.0.3 build v11.0.3rc0 (mac64[x86] - Darwin 23.4.0 23E214)

CPU model: Intel(R) Core(TM) i7-1060NG7 CPU @ 1.20GHz
Thread count: 4 physical cores, 8 logical processors, using up to 8 threads

Optimize a model with 267384 rows, 357816 columns and 1175096 nonzeros
Model fingerprint: 0x60a57e62
Coefficient statistics:
  Matrix range     [1e+00, 1e+00]
  Objective range  [2e-01, 5e+00]
  Bounds range     [0e+00, 0e+00]
  RHS range        [1e-02, 1e+03]
Presolve removed 240100 rows and 305140 columns
Presolve time: 0.90s
Presolved: 27284 rows, 52676 columns, 136943 nonzeros

Concurrent LP optimizer: dual simplex and barrier
Showing barrier log only...

Ordering time: 0.26s

Barrier statistics:
 Free vars  : 106
 AA' NZ     : 7.436e+04
 Factor NZ  : 6.900e+05 (roughly 30 MB of memory)
 Factor Ops : 7.169e+07 (less than 1 second per iteration)
 Threads    : 3

                  Objective                Residual
Iter       Primal          Dual         Primal    Dual     Compl     Time
   0  -4.65009759e+06  8.17324993e+06  2.55e+04 3.13e+00  4.82e+03     1s
   1  -3.22340182e+06  6.67538780e+06  5.63e+03 1.39e+00  1.21e+03     1s
   2  -2.19101191e+06  3.56212076e+06  8.83e+02 4.40e-02  2.05e+02     1s
   3  -4.32605170e+05  8.30702181e+05  8.64e+01 3.15e-04  2.89e+01     2s
   4  -1.41723606e+05  2.37039759e+05  2.51e+01 1.14e-04  7.92e+00     2s
   5  -7.09919706e+04  7.53942823e+04  1.15e+01 4.61e-05  2.94e+00     2s
   6  -2.06291588e+04  3.11085290e+04  2.71e+00 2.86e-05  9.30e-01     2s
   7  -1.12437652e+04  2.08787727e+04  1.38e+00 2.09e-05  5.56e-01     2s
   8  -3.63711300e+03  7.17533085e+03  3.82e-01 1.01e-05  1.81e-01     2s
   9  -5.80791575e+02  3.87869614e+03  9.19e-02 5.23e-06  7.24e-02     2s
  10   5.71464980e+02  2.92752480e+03  3.04e-02 3.28e-06  3.77e-02     2s
  11   8.70169886e+02  2.36801432e+03  1.83e-02 2.12e-06  2.40e-02     2s
  12   1.10770260e+03  2.09815864e+03  1.02e-02 1.44e-06  1.58e-02     2s
  13   1.32829717e+03  1.91148630e+03  4.26e-03 1.26e-06  9.26e-03     2s
  14   1.47307430e+03  1.56116983e+03  1.20e-03 1.83e-06  1.42e-03     2s
  15   1.53919439e+03  1.54263889e+03  3.83e-05 6.11e-07  5.53e-05     2s
  16   1.54221348e+03  1.54221796e+03  5.18e-08 2.40e-08  7.19e-08     2s
  17   1.54221784e+03  1.54221784e+03  2.50e-12 3.40e-11  9.42e-14     2s

Barrier solved model in 17 iterations and 1.92 seconds (1.18 work units)
Optimal objective 1.54221784e+03

Crossover log...

   15768 DPushes remaining with DInf 0.0000000e+00                 2s
       0 DPushes remaining with DInf 0.0000000e+00                 2s

     130 PPushes remaining with PInf 0.0000000e+00                 2s
       0 PPushes remaining with PInf 0.0000000e+00                 2s

  Push phase complete: Pinf 0.0000000e+00, Dinf 0.0000000e+00      2s


Solved with barrier
Extra simplex iterations after uncrush: 3168
Iteration    Objective       Primal Inf.    Dual Inf.      Time
   18859    1.5422178e+03   0.000000e+00   0.000000e+00      3s

Use crossover to convert LP symmetric solution to basic solution...
Crossover log...

       0 DPushes remaining with DInf 0.0000000e+00                 3s

     360 PPushes remaining with PInf 0.0000000e+00                 3s
       0 PPushes remaining with PInf 0.0000000e+00                 3s

  Push phase complete: Pinf 0.0000000e+00, Dinf 0.0000000e+00      3s

Iteration    Objective       Primal Inf.    Dual Inf.      Time
   25876    1.5423782e+03   0.000000e+00   5.180938e+04      5s
   31410    1.5424256e+03   0.000000e+00   9.787734e+03     10s
   35011    1.5424325e+03   0.000000e+00   2.613648e+03     15s
   38058    1.5424357e+03   0.000000e+00   2.936806e+04     20s
   40828    1.5424377e+03   0.000000e+00   5.713597e+03     25s
   43321    1.5424389e+03   0.000000e+00   6.160786e+02     30s
   46091    1.5424401e+03   0.000000e+00   7.237292e+02     35s
   48584    1.5424407e+03   0.000000e+00   3.557235e+02     40s
   51077    1.5424411e+03   0.000000e+00   8.000184e+01     45s
   53506    1.5424413e+03   0.000000e+00   1.658750e+01     50s
Extra simplex iterations after uncrush: 32592
   53678    1.5422178e+03   0.000000e+00   0.000000e+00     51s

Solved in 53678 iterations and 50.56 seconds (43.49 work units)
Optimal objective  1.542217836e+03
