
Gurobi 11.0.3 (mac64[x86]) logging started Mon Jan 20 12:16:51 2025

Set parameter LogFile to value "Results/result_A4.log"
Set parameter TimeLimit to value 36000
Gurobi Optimizer version 11.0.3 build v11.0.3rc0 (mac64[x86] - Darwin 23.4.0 23E214)

CPU model: Intel(R) Core(TM) i7-1060NG7 CPU @ 1.20GHz
Thread count: 4 physical cores, 8 logical processors, using up to 8 threads

Optimize a model with 328020 rows, 407064 columns and 1384872 nonzeros
Model fingerprint: 0x26fb071d
Coefficient statistics:
  Matrix range     [1e+00, 1e+00]
  Objective range  [6e-03, 2e+01]
  Bounds range     [0e+00, 0e+00]
  RHS range        [1e-02, 9e+02]
Presolve removed 299880 rows and 352938 columns
Presolve time: 1.30s
Presolved: 28140 rows, 54126 columns, 144318 nonzeros

Concurrent LP optimizer: dual simplex and barrier
Showing barrier log only...

Ordering time: 0.34s

Barrier statistics:
 Free vars  : 27
 AA' NZ     : 8.742e+04
 Factor NZ  : 8.524e+05 (roughly 30 MB of memory)
 Factor Ops : 1.075e+08 (less than 1 second per iteration)
 Threads    : 3

                  Objective                Residual
Iter       Primal          Dual         Primal    Dual     Compl     Time
   0   3.84093229e+06  1.68519235e+07  1.80e+04 1.06e+01  7.50e+03     2s
   1   2.98262307e+05  1.44014825e+07  4.71e+03 3.31e+00  2.18e+03     2s
   2  -7.03049088e+05  7.90828603e+06  7.14e+02 4.19e-01  3.85e+02     2s
   3  -5.54258900e+05  1.69492211e+06  9.82e+01 1.36e-02  5.34e+01     2s
   4  -1.79267616e+05  5.52298446e+05  3.25e+01 2.26e-03  1.54e+01     2s
   5  -1.15628408e+04  3.47519759e+05  8.66e+00 1.22e-03  6.26e+00     2s
   6   4.44012886e+04  1.45046993e+05  2.03e+00 2.87e-04  1.62e+00     2s
   7   6.60270073e+04  9.61932440e+04  2.42e-01 8.43e-05  4.53e-01     2s
   8   6.94121954e+04  8.59281707e+04  9.79e-02 4.74e-05  2.45e-01     2s
   9   7.06691079e+04  8.16836889e+04  5.49e-02 3.22e-05  1.63e-01     2s
  10   7.15361237e+04  7.75381240e+04  2.61e-02 2.38e-05  8.85e-02     2s
  11   7.21980567e+04  7.50693512e+04  8.86e-03 2.01e-05  4.21e-02     2s
  12   7.24698570e+04  7.37712341e+04  4.18e-03 1.28e-05  1.91e-02     2s

Barrier performed 12 iterations in 2.42 seconds (1.28 work units)
Barrier solve interrupted - model solved by another algorithm


Solved with dual simplex
Extra simplex iterations after uncrush: 2533
Iteration    Objective       Primal Inf.    Dual Inf.      Time
   24954    7.2814878e+04   0.000000e+00   0.000000e+00      3s

Use crossover to convert LP symmetric solution to basic solution...
Crossover log...

       0 DPushes remaining with DInf 0.0000000e+00                 3s

    1252 PPushes remaining with PInf 0.0000000e+00                 3s
       0 PPushes remaining with PInf 0.0000000e+00                 3s

  Push phase complete: Pinf 0.0000000e+00, Dinf 5.8298852e-13      3s

Iteration    Objective       Primal Inf.    Dual Inf.      Time
   37945    7.2815229e+04   0.000000e+00   6.871317e+04      5s
   46148    7.2815383e+04   0.000000e+00   9.911975e+03     10s
Extra simplex iterations after uncrush: 27619
   53843    7.2814878e+04   0.000000e+00   0.000000e+00     14s

Solved in 53843 iterations and 14.08 seconds (9.78 work units)
Optimal objective  7.281487756e+04
