
Gurobi 11.0.3 (mac64[x86]) logging started Tue Mar 18 12:57:31 2025

Set parameter LogFile to value "Results/temp.log"
Set parameter TimeLimit to value 36000
Gurobi Optimizer version 11.0.3 build v11.0.3rc0 (mac64[x86] - Darwin 23.4.0 23E214)

CPU model: Intel(R) Core(TM) i7-1060NG7 CPU @ 1.20GHz
Thread count: 4 physical cores, 8 logical processors, using up to 8 threads

Optimize a model with 770232 rows, 893424 columns and 3038776 nonzeros
Model fingerprint: 0x3ebde3f5
Coefficient statistics:
  Matrix range     [1e+00, 1e+00]
  Objective range  [6e-02, 5e+00]
  Bounds range     [0e+00, 0e+00]
  RHS range        [1e-02, 1e+03]
Presolve removed 636382 rows and 641669 columns
Presolve time: 3.32s
Presolved: 133850 rows, 251755 columns, 834446 nonzeros

Concurrent LP optimizer: dual simplex and barrier
Showing barrier log only...

Ordering time: 1.26s

Barrier statistics:
 AA' NZ     : 2.742e+05
 Factor NZ  : 7.105e+06 (roughly 100 MB of memory)
 Factor Ops : 8.125e+09 (less than 1 second per iteration)
 Threads    : 3

                  Objective                Residual
Iter       Primal          Dual         Primal    Dual     Compl     Time
   0  -2.11172140e+06  5.13583984e+07  6.24e+03 6.70e+00  9.80e+03     6s
   1  -5.46511366e+06  3.79842405e+07  1.18e+03 2.77e+00  1.86e+03     6s
   2  -4.54352626e+06  1.10865092e+07  2.25e+02 7.61e-02  2.70e+02     7s
   3  -1.21504892e+06  2.26025590e+06  4.10e+01 2.78e-03  4.84e+01     8s
   4  -2.06410166e+05  4.99328330e+05  5.56e+00 7.58e-05  7.64e+00     8s
   5  -3.21079660e+04  1.86787888e+05  6.25e-01 5.10e-13  1.82e+00     8s
   6   2.47895314e+03  3.78003046e+04  1.81e-02 3.55e-13  2.63e-01     9s
   7   8.68795299e+03  1.61189059e+04  3.71e-03 8.64e-14  5.51e-02    10s
   8   1.06838860e+04  1.25241758e+04  7.09e-04 1.21e-13  1.36e-02    10s
   9   1.12132854e+04  1.19005546e+04  2.59e-04 1.46e-13  5.09e-03    11s
  10   1.15185161e+04  1.16900426e+04  5.45e-05 1.73e-13  1.27e-03    11s
  11   1.15956877e+04  1.16511452e+04  1.04e-05 1.57e-13  4.09e-04    12s
  12   1.16153774e+04  1.16291188e+04  1.75e-06 2.72e-13  1.01e-04    12s
  13   1.16187681e+04  1.16219479e+04  5.89e-07 2.74e-13  2.36e-05    13s
  14   1.16202966e+04  1.16211319e+04  9.23e-08 2.93e-13  6.16e-06    13s
  15   1.16206139e+04  1.16207613e+04  1.75e-08 2.83e-13  1.09e-06    14s
  16   1.16206932e+04  1.16206990e+04  7.23e-10 3.09e-13  4.26e-08    14s
  17   1.16206961e+04  1.16206962e+04  3.16e-10 3.38e-13  2.14e-11    15s

Barrier solved model in 17 iterations and 14.78 seconds (8.64 work units)
Optimal objective 1.16206961e+04

Crossover log...

   28302 DPushes remaining with DInf 0.0000000e+00                15s
    1523 DPushes remaining with DInf 0.0000000e+00                15s
       0 DPushes remaining with DInf 0.0000000e+00                15s

    2896 PPushes remaining with PInf 3.6205212e-04                15s
       0 PPushes remaining with PInf 0.0000000e+00                15s

  Push phase complete: Pinf 0.0000000e+00, Dinf 9.2500000e-03     15s

Iteration    Objective       Primal Inf.    Dual Inf.      Time
   30830    1.1620696e+04   0.000000e+00   9.250000e-03     15s

Solved with barrier
Extra simplex iterations after uncrush: 3
   30972    1.1620696e+04   0.000000e+00   0.000000e+00     16s

Use crossover to convert LP symmetric solution to basic solution...
Crossover log...

    6425 DPushes remaining with DInf 0.0000000e+00                16s
       0 DPushes remaining with DInf 0.0000000e+00                16s

    1659 PPushes remaining with PInf 0.0000000e+00                16s
       0 PPushes remaining with PInf 0.0000000e+00                16s

  Push phase complete: Pinf 0.0000000e+00, Dinf 4.5008441e-13     16s

Iteration    Objective       Primal Inf.    Dual Inf.      Time
   53169    1.1620958e+04   0.000000e+00   6.641585e+04     20s
   58035    1.1621119e+04   0.000000e+00   2.853041e+04     25s
   62683    1.1621209e+04   0.000000e+00   2.311588e+04     31s
   67370    1.1621283e+04   0.000000e+00   1.572218e+04     36s
   71007    1.1621321e+04   0.000000e+00   4.942435e+03     40s
   74411    1.1621345e+04   0.000000e+00   3.186754e+03     45s
   78541    1.1621364e+04   0.000000e+00   1.306857e+04     50s
   81952    1.1621375e+04   0.000000e+00   1.398938e+03     55s
   84628    1.1621383e+04   0.000000e+00   1.563786e+04     61s
   86858    1.1621389e+04   0.000000e+00   2.124275e+03     65s
   89578    1.1621394e+04   0.000000e+00   1.041546e+03     70s
   92254    1.1621396e+04   0.000000e+00   6.567203e+02     76s
   94494    1.1621398e+04   0.000000e+00   2.798271e+02     80s
   96278    1.1621399e+04   0.000000e+00   1.672767e+02     85s
   98062    1.1621399e+04   0.000000e+00   3.285621e+02     91s
  100330    1.1621400e+04   0.000000e+00   1.631903e+01     95s
Extra simplex iterations after uncrush: 63609
  102316    1.1620696e+04   0.000000e+00   0.000000e+00     99s

Solved in 102316 iterations and 99.10 seconds (66.43 work units)
Optimal objective  1.162069615e+04

Gurobi 11.0.3 (mac64[x86]) logging started Tue Mar 18 13:19:26 2025

Set parameter LogFile to value "Results/temp.log"
Set parameter TimeLimit to value 36000
Gurobi Optimizer version 11.0.3 build v11.0.3rc0 (mac64[x86] - Darwin 23.4.0 23E214)

CPU model: Intel(R) Core(TM) i7-1060NG7 CPU @ 1.20GHz
Thread count: 4 physical cores, 8 logical processors, using up to 8 threads

Optimize a model with 770232 rows, 893424 columns and 3038776 nonzeros
Model fingerprint: 0x5da3c1ed
Coefficient statistics:
  Matrix range     [1e+00, 1e+00]
  Objective range  [6e-02, 5e+00]
  Bounds range     [0e+00, 0e+00]
  RHS range        [1e-02, 1e+03]
Presolve removed 636328 rows and 641648 columns
Presolve time: 4.83s
Presolved: 133904 rows, 251776 columns, 834496 nonzeros

Concurrent LP optimizer: dual simplex and barrier
Showing barrier log only...

Ordering time: 0.60s

Barrier statistics:
 AA' NZ     : 9.073e+04
 Factor NZ  : 1.312e+06 (roughly 30 MB of memory)
 Factor Ops : 4.247e+08 (less than 1 second per iteration)
 Threads    : 3

                  Objective                Residual
Iter       Primal          Dual         Primal    Dual     Compl     Time
   0  -2.29105626e+06  1.99802182e+07  9.48e+03 6.70e+00  9.83e+03     6s
   1  -4.45311597e+06  1.50611456e+07  2.68e+03 3.68e+00  2.56e+03     6s
   2  -3.51952822e+06  7.02549173e+06  6.47e+02 5.28e-01  6.03e+02     6s
   3  -1.29065932e+06  2.16324566e+06  6.73e+01 4.07e-02  1.03e+02     6s
   4  -3.27072489e+05  5.00926316e+05  1.36e+01 3.24e-03  2.16e+01     6s
   5  -2.70011226e+04  1.07477976e+05  9.73e-01 5.04e-05  2.84e+00     7s
   6  -2.59293952e+03  4.86617480e+04  2.81e-01 1.14e-13  1.03e+00     7s
   7   6.40511539e+03  2.79435668e+04  8.01e-02 5.96e-14  4.22e-01     7s
   8   8.37960273e+03  1.92352935e+04  4.96e-02 5.02e-14  2.14e-01     7s
   9   9.15580440e+03  1.74490317e+04  3.92e-02 5.43e-14  1.63e-01     7s
  10   1.05577746e+04  1.59067134e+04  2.12e-02 4.81e-14  1.04e-01     7s
  11   1.10049104e+04  1.46326307e+04  1.62e-02 5.21e-14  7.12e-02     7s
  12   1.15242500e+04  1.40402224e+04  1.08e-02 6.83e-14  4.93e-02     7s
  13   1.20210978e+04  1.35028357e+04  6.18e-03 6.84e-14  2.90e-02     7s
  14   1.24110603e+04  1.31162234e+04  2.90e-03 1.10e-13  1.38e-02     7s
  15   1.26834650e+04  1.29828337e+04  8.03e-04 1.08e-13  5.78e-03     7s
  16   1.27410031e+04  1.28958824e+04  4.48e-04 8.24e-14  3.00e-03     7s
  17   1.27994439e+04  1.28588675e+04  1.07e-04 7.53e-14  1.14e-03     8s
  18   1.28103493e+04  1.28398129e+04  4.97e-05 7.64e-14  5.63e-04     8s
  19   1.28152283e+04  1.28283527e+04  2.62e-05 1.26e-13  2.52e-04     8s
  20   1.28188550e+04  1.28243541e+04  9.65e-06 9.86e-14  1.05e-04     8s
  21   1.28201585e+04  1.28217673e+04  4.18e-06 1.35e-13  3.13e-05     8s
  22   1.28206978e+04  1.28214072e+04  2.01e-06 1.57e-13  1.39e-05     8s
  23   1.28210234e+04  1.28212368e+04  6.88e-07 1.11e-13  4.21e-06     8s
  24   1.28211937e+04  1.28212158e+04  6.98e-08 1.48e-13  4.36e-07     8s
  25   1.28212118e+04  1.28212147e+04  8.59e-09 1.07e-13  5.81e-08     8s
  26   1.28212146e+04  1.28212146e+04  3.64e-09 1.59e-13  6.54e-11     8s

Barrier solved model in 26 iterations and 8.29 seconds (2.88 work units)
Optimal objective 1.28212146e+04

Crossover log...

   10039 DPushes remaining with DInf 3.8658343e-02                 8s
       0 DPushes remaining with DInf 3.1000000e-02                 8s

     982 PPushes remaining with PInf 2.0587110e-04                 8s
       0 PPushes remaining with PInf 0.0000000e+00                 8s

  Push phase complete: Pinf 0.0000000e+00, Dinf 3.1000000e-02      8s

Iteration    Objective       Primal Inf.    Dual Inf.      Time
   10591    1.2821215e+04   0.000000e+00   3.100000e-02      8s

Solved with barrier
Extra simplex iterations after uncrush: 3
   10628    1.2821215e+04   0.000000e+00   0.000000e+00      9s

Use crossover to convert LP symmetric solution to basic solution...
Crossover log...

    5512 DPushes remaining with DInf 0.0000000e+00                 9s
       0 DPushes remaining with DInf 0.0000000e+00                 9s

    1003 PPushes remaining with PInf 0.0000000e+00                 9s
       0 PPushes remaining with PInf 0.0000000e+00                10s

  Push phase complete: Pinf 0.0000000e+00, Dinf 4.9438231e-13     10s

Iteration    Objective       Primal Inf.    Dual Inf.      Time
   17109    1.2821215e+04   0.000000e+00   7.945858e+03     11s
   24564    1.2821458e+04   0.000000e+00   2.576643e+04     16s
   27480    1.2821498e+04   0.000000e+00   6.194562e+03     20s
   29693    1.2821511e+04   0.000000e+00   7.013916e+03     25s
   32728    1.2821519e+04   0.000000e+00   2.653484e+03     30s
   34984    1.2821526e+04   0.000000e+00   1.896385e+04     36s
   36768    1.2821531e+04   0.000000e+00   3.511908e+03     40s
   38106    1.2821533e+04   0.000000e+00   9.697629e+02     45s
   39890    1.2821536e+04   0.000000e+00   1.133225e+03     50s
   42120    1.2821537e+04   0.000000e+00   4.001342e+02     56s
   43904    1.2821538e+04   0.000000e+00   2.955447e+01     61s
   45242    1.2821538e+04   0.000000e+00   2.266273e+00     65s
Extra simplex iterations after uncrush: 28378
   45487    1.2821215e+04   0.000000e+00   0.000000e+00     67s

Solved in 45487 iterations and 66.62 seconds (32.92 work units)
Optimal objective  1.282121464e+04

Gurobi 11.0.3 (mac64[x86]) logging started Tue Mar 18 14:01:45 2025

Set parameter LogFile to value "Results/temp.log"
Set parameter TimeLimit to value 36000
Gurobi Optimizer version 11.0.3 build v11.0.3rc0 (mac64[x86] - Darwin 23.4.0 23E214)

CPU model: Intel(R) Core(TM) i7-1060NG7 CPU @ 1.20GHz
Thread count: 4 physical cores, 8 logical processors, using up to 8 threads

Optimize a model with 770232 rows, 893424 columns and 3038776 nonzeros
Model fingerprint: 0x77f02640
Coefficient statistics:
  Matrix range     [1e+00, 1e+00]
  Objective range  [6e-02, 5e+00]
  Bounds range     [0e+00, 0e+00]
  RHS range        [1e-02, 1e+03]
Presolve removed 533584 rows and 491896 columns
Presolve time: 0.94s

Solved in 0 iterations and 0.94 seconds (0.60 work units)
Infeasible or unbounded model

Gurobi 11.0.3 (mac64[x86]) logging started Tue Mar 18 14:04:03 2025

Set parameter LogFile to value "Results/temp.log"
Set parameter TimeLimit to value 36000
Gurobi Optimizer version 11.0.3 build v11.0.3rc0 (mac64[x86] - Darwin 23.4.0 23E214)

CPU model: Intel(R) Core(TM) i7-1060NG7 CPU @ 1.20GHz
Thread count: 4 physical cores, 8 logical processors, using up to 8 threads

Optimize a model with 770232 rows, 893424 columns and 3038776 nonzeros
Model fingerprint: 0x11b80ae5
Coefficient statistics:
  Matrix range     [1e+00, 1e+00]
  Objective range  [6e-02, 5e+00]
  Bounds range     [0e+00, 0e+00]
  RHS range        [1e-02, 1e+03]
Presolve removed 533584 rows and 491896 columns
Presolve time: 1.03s

Solved in 0 iterations and 1.03 seconds (0.60 work units)
Infeasible or unbounded model

Gurobi 11.0.3 (mac64[x86]) logging started Tue Mar 18 14:05:55 2025

Set parameter LogFile to value "Results/temp.log"
Set parameter TimeLimit to value 36000
Gurobi Optimizer version 11.0.3 build v11.0.3rc0 (mac64[x86] - Darwin 23.4.0 23E214)

CPU model: Intel(R) Core(TM) i7-1060NG7 CPU @ 1.20GHz
Thread count: 4 physical cores, 8 logical processors, using up to 8 threads

Optimize a model with 770232 rows, 893424 columns and 3038776 nonzeros
Model fingerprint: 0x0ba56ad1
Coefficient statistics:
  Matrix range     [1e+00, 1e+00]
  Objective range  [6e-02, 5e+00]
  Bounds range     [0e+00, 0e+00]
  RHS range        [1e-02, 1e+03]
Presolve removed 533584 rows and 491896 columns
Presolve time: 1.47s

Solved in 0 iterations and 1.47 seconds (0.60 work units)
Infeasible or unbounded model

Gurobi 11.0.3 (mac64[x86]) logging started Tue Mar 18 14:07:25 2025

Set parameter LogFile to value "Results/temp.log"
Set parameter TimeLimit to value 36000
Gurobi Optimizer version 11.0.3 build v11.0.3rc0 (mac64[x86] - Darwin 23.4.0 23E214)

CPU model: Intel(R) Core(TM) i7-1060NG7 CPU @ 1.20GHz
Thread count: 4 physical cores, 8 logical processors, using up to 8 threads

Optimize a model with 770232 rows, 893424 columns and 3038776 nonzeros
Model fingerprint: 0x93a09ac0
Coefficient statistics:
  Matrix range     [1e+00, 1e+00]
  Objective range  [6e-02, 5e+00]
  Bounds range     [0e+00, 0e+00]
  RHS range        [1e-02, 1e+03]
Presolve removed 601854 rows and 575133 columns
Presolve time: 2.17s

Solved in 0 iterations and 2.17 seconds (1.21 work units)
Infeasible or unbounded model

Gurobi 11.0.3 (mac64[x86]) logging started Tue Mar 18 14:08:55 2025

Set parameter LogFile to value "Results/temp.log"
Set parameter TimeLimit to value 36000
Gurobi Optimizer version 11.0.3 build v11.0.3rc0 (mac64[x86] - Darwin 23.4.0 23E214)

CPU model: Intel(R) Core(TM) i7-1060NG7 CPU @ 1.20GHz
Thread count: 4 physical cores, 8 logical processors, using up to 8 threads

Optimize a model with 770232 rows, 893424 columns and 3038776 nonzeros
Model fingerprint: 0x5e842fe8
Coefficient statistics:
  Matrix range     [1e+00, 1e+00]
  Objective range  [6e-02, 5e+00]
  Bounds range     [0e+00, 0e+00]
  RHS range        [1e-02, 1e+03]
Presolve removed 634648 rows and 638845 columns
Presolve time: 2.68s
Presolved: 135584 rows, 254579 columns, 844106 nonzeros

Concurrent LP optimizer: dual simplex and barrier
Showing barrier log only...

Ordering time: 0.81s

Barrier statistics:
 AA' NZ     : 2.352e+05
 Factor NZ  : 5.392e+06 (roughly 90 MB of memory)
 Factor Ops : 4.936e+09 (less than 1 second per iteration)
 Threads    : 3

Barrier performed 0 iterations in 4.35 seconds (2.37 work units)
Barrier solve interrupted - model solved by another algorithm


Solved with dual simplex
Concurrent LP optimizer: dual simplex and barrier
Showing barrier log only...

Ordering time: 2.95s

Barrier performed 0 iterations in 7.54 seconds (2.86 work units)
Barrier solve interrupted - model solved by another algorithm


Solved with dual simplex

Solved in 30768 iterations and 7.58 seconds (3.67 work units)
Infeasible or unbounded model

Gurobi 11.0.3 (mac64[x86]) logging started Tue Mar 18 14:10:24 2025

Set parameter LogFile to value "Results/temp.log"
Set parameter TimeLimit to value 36000
Gurobi Optimizer version 11.0.3 build v11.0.3rc0 (mac64[x86] - Darwin 23.4.0 23E214)

CPU model: Intel(R) Core(TM) i7-1060NG7 CPU @ 1.20GHz
Thread count: 4 physical cores, 8 logical processors, using up to 8 threads

Optimize a model with 770232 rows, 893424 columns and 3038776 nonzeros
Model fingerprint: 0xadd23c7f
Coefficient statistics:
  Matrix range     [1e+00, 1e+00]
  Objective range  [6e-02, 5e+00]
  Bounds range     [0e+00, 0e+00]
  RHS range        [1e-02, 1e+03]
Presolve removed 634648 rows and 638845 columns
Presolve time: 2.56s
Presolved: 135584 rows, 254579 columns, 844106 nonzeros

Concurrent LP optimizer: dual simplex and barrier
Showing barrier log only...

Ordering time: 3.09s

Barrier statistics:
 AA' NZ     : 1.132e+06
 Factor NZ  : 1.565e+07 (roughly 300 MB of memory)
 Factor Ops : 1.783e+10 (less than 1 second per iteration)
 Threads    : 3

                  Objective                Residual
Iter       Primal          Dual         Primal    Dual     Compl     Time
   0  -1.70595647e+07  7.57571825e+06  2.24e+04 4.69e-01  2.05e+03     7s
   1  -1.85707351e+07  6.17460221e+06  2.59e+03 6.16e-02  1.60e+02     8s
   2  -5.58906553e+06  3.10046965e+06  6.27e+02 5.84e-03  3.69e+01     8s
   3  -1.22227408e+06  7.17378189e+05  1.24e+02 3.65e-04  7.23e+00     9s
   4  -3.62797615e+05  1.79946258e+05  3.38e+01 1.65e-05  1.94e+00    10s
   5  -2.11977547e+05  7.57568909e+04  1.97e+01 7.11e-14  1.04e+00    11s

Barrier performed 5 iterations in 11.20 seconds (7.27 work units)
Barrier solve interrupted - model solved by another algorithm


Solved with dual simplex

Solved in 53891 iterations and 11.27 seconds (4.99 work units)
Infeasible or unbounded model

Gurobi 11.0.3 (mac64[x86]) logging started Tue Mar 18 14:12:10 2025

Set parameter LogFile to value "Results/temp.log"
Set parameter TimeLimit to value 36000
Gurobi Optimizer version 11.0.3 build v11.0.3rc0 (mac64[x86] - Darwin 23.4.0 23E214)

CPU model: Intel(R) Core(TM) i7-1060NG7 CPU @ 1.20GHz
Thread count: 4 physical cores, 8 logical processors, using up to 8 threads

Optimize a model with 770232 rows, 893424 columns and 3038776 nonzeros
Model fingerprint: 0xb6614e27
Coefficient statistics:
  Matrix range     [1e+00, 1e+00]
  Objective range  [6e-02, 5e+00]
  Bounds range     [0e+00, 0e+00]
  RHS range        [1e-02, 1e+03]
Presolve removed 533584 rows and 491896 columns
Presolve time: 1.22s

Solved in 0 iterations and 1.22 seconds (0.60 work units)
Infeasible or unbounded model

Gurobi 11.0.3 (mac64[x86]) logging started Tue Mar 18 14:13:24 2025

Set parameter LogFile to value "Results/temp.log"
Set parameter TimeLimit to value 36000
Gurobi Optimizer version 11.0.3 build v11.0.3rc0 (mac64[x86] - Darwin 23.4.0 23E214)

CPU model: Intel(R) Core(TM) i7-1060NG7 CPU @ 1.20GHz
Thread count: 4 physical cores, 8 logical processors, using up to 8 threads

Optimize a model with 770232 rows, 893424 columns and 3038776 nonzeros
Model fingerprint: 0xa3e6088e
Coefficient statistics:
  Matrix range     [1e+00, 1e+00]
  Objective range  [6e-02, 5e+00]
  Bounds range     [0e+00, 0e+00]
  RHS range        [1e-02, 1e+03]
Presolve removed 533584 rows and 491896 columns
Presolve time: 1.13s

Solved in 0 iterations and 1.13 seconds (0.60 work units)
Infeasible or unbounded model

Gurobi 11.0.3 (mac64[x86]) logging started Tue Mar 18 14:16:50 2025

Set parameter LogFile to value "Results/temp.log"
Set parameter TimeLimit to value 36000
Gurobi Optimizer version 11.0.3 build v11.0.3rc0 (mac64[x86] - Darwin 23.4.0 23E214)

CPU model: Intel(R) Core(TM) i7-1060NG7 CPU @ 1.20GHz
Thread count: 4 physical cores, 8 logical processors, using up to 8 threads

Optimize a model with 770232 rows, 893424 columns and 3038776 nonzeros
Model fingerprint: 0x717d84b7
Coefficient statistics:
  Matrix range     [1e+00, 1e+00]
  Objective range  [6e-02, 5e+00]
  Bounds range     [0e+00, 0e+00]
  RHS range        [1e-02, 1e+03]
Presolve removed 634584 rows and 638792 columns
Presolve time: 2.62s
Presolved: 135648 rows, 254632 columns, 844224 nonzeros

Concurrent LP optimizer: dual simplex and barrier
Showing barrier log only...

Ordering time: 0.31s

Barrier statistics:
 AA' NZ     : 9.356e+04
 Factor NZ  : 1.270e+06 (roughly 30 MB of memory)
 Factor Ops : 3.619e+08 (less than 1 second per iteration)
 Threads    : 3

                  Objective                Residual
Iter       Primal          Dual         Primal    Dual     Compl     Time
   0  -2.43516277e+06  2.10457220e+07  9.48e+03 6.70e+00  9.83e+03     3s
   1  -4.63541994e+06  1.56166906e+07  2.68e+03 3.68e+00  2.56e+03     3s
   2  -3.66870147e+06  7.24220727e+06  6.48e+02 5.28e-01  6.02e+02     3s
   3  -1.47789372e+06  2.20163108e+06  1.01e+02 4.07e-02  1.18e+02     3s
   4  -3.21826875e+05  6.82348397e+05  1.60e+01 5.56e-03  2.57e+01     4s
   5  -7.23273099e+04  1.93592546e+05  3.28e+00 4.69e-04  5.98e+00     4s
   6  -2.08495209e+04  8.48864640e+04  1.12e+00 7.97e-05  2.22e+00     4s
   7  -2.27471948e+03  5.22909248e+04  4.17e-01 1.37e-06  1.09e+00     4s
   8   5.33105647e+03  3.23749777e+04  1.59e-01 6.39e-14  5.25e-01     4s
   9   8.04405421e+03  1.97213860e+04  8.78e-02 6.77e-14  2.28e-01     4s
  10   1.10620867e+04  1.51876969e+04  2.11e-02 5.58e-14  7.85e-02     4s
  11   1.17528954e+04  1.43026728e+04  1.12e-02 7.06e-14  4.81e-02     4s
  12   1.22470814e+04  1.35587975e+04  5.23e-03 6.44e-14  2.46e-02     4s
  13   1.24390150e+04  1.32261451e+04  3.29e-03 5.26e-14  1.48e-02     4s
  14   1.25620254e+04  1.30968484e+04  2.17e-03 5.58e-14  1.01e-02     4s
  15   1.27011474e+04  1.30207305e+04  9.27e-04 4.85e-14  5.94e-03     4s
  16   1.27368585e+04  1.29156557e+04  6.57e-04 6.66e-14  3.35e-03     4s
  17   1.28139252e+04  1.28861363e+04  8.37e-05 6.77e-14  1.32e-03     4s
  18   1.28249443e+04  1.28420798e+04  1.94e-05 8.10e-14  3.13e-04     4s
  19   1.28274978e+04  1.28336090e+04  7.69e-06 7.62e-14  1.12e-04     4s
  20   1.28284368e+04  1.28312889e+04  3.70e-06 7.70e-14  5.22e-05     4s
  21   1.28290618e+04  1.28298747e+04  1.35e-06 1.03e-13  1.50e-05     4s
  22   1.28292564e+04  1.28296261e+04  6.75e-07 8.71e-14  6.86e-06     4s
  23   1.28294375e+04  1.28294823e+04  6.14e-08 1.46e-13  8.25e-07     4s
  24   1.28294589e+04  1.28294613e+04  3.80e-09 1.04e-13  4.37e-08     5s
  25   1.28294606e+04  1.28294606e+04  2.09e-09 1.57e-13  1.12e-10     5s

Barrier solved model in 25 iterations and 4.55 seconds (2.81 work units)
Optimal objective 1.28294606e+04

Crossover log...

   10127 DPushes remaining with DInf 1.4048848e-02                 5s
       0 DPushes remaining with DInf 1.6500000e-02                 5s

    2746 PPushes remaining with PInf 1.4803222e-04                 5s
       0 PPushes remaining with PInf 0.0000000e+00                 5s

  Push phase complete: Pinf 0.0000000e+00, Dinf 2.3625000e-02      5s

Iteration    Objective       Primal Inf.    Dual Inf.      Time
   12440    1.2829461e+04   0.000000e+00   2.362500e-02      5s

Solved with barrier
Extra simplex iterations after uncrush: 2
   12467    1.2829461e+04   0.000000e+00   0.000000e+00      5s

Use crossover to convert LP symmetric solution to basic solution...
Crossover log...

       0 DPushes remaining with DInf 0.0000000e+00                 5s

     703 PPushes remaining with PInf 0.0000000e+00                 5s
       0 PPushes remaining with PInf 0.0000000e+00                 5s

  Push phase complete: Pinf 0.0000000e+00, Dinf 3.0669911e-13      5s

Iteration    Objective       Primal Inf.    Dual Inf.      Time
   25006    1.2829769e+04   0.000000e+00   7.222418e+03     10s
   31774    1.2829802e+04   0.000000e+00   2.263307e+03     15s
   34896    1.2829810e+04   0.000000e+00   1.065791e+04     20s
   37197    1.2829812e+04   0.000000e+00   8.126273e+03     25s
   39427    1.2829814e+04   0.000000e+00   1.358819e+03     30s
   41211    1.2829814e+04   0.000000e+00   1.501545e+02     35s
Extra simplex iterations after uncrush: 26826
   42799    1.2829461e+04   0.000000e+00   0.000000e+00     39s

Solved in 42799 iterations and 38.55 seconds (31.53 work units)
Optimal objective  1.282946061e+04

Gurobi 11.0.3 (mac64[x86]) logging started Tue Mar 18 14:22:46 2025

Set parameter LogFile to value "Results/temp.log"
Set parameter TimeLimit to value 36000
Gurobi Optimizer version 11.0.3 build v11.0.3rc0 (mac64[x86] - Darwin 23.4.0 23E214)

CPU model: Intel(R) Core(TM) i7-1060NG7 CPU @ 1.20GHz
Thread count: 4 physical cores, 8 logical processors, using up to 8 threads

Optimize a model with 770232 rows, 893424 columns and 3038776 nonzeros
Model fingerprint: 0xca65f57b
Coefficient statistics:
  Matrix range     [1e+00, 1e+00]
  Objective range  [6e-02, 5e+00]
  Bounds range     [0e+00, 0e+00]
  RHS range        [1e-02, 1e+03]
Presolve removed 634584 rows and 638792 columns
Presolve time: 2.53s
Presolved: 135648 rows, 254632 columns, 844224 nonzeros

Concurrent LP optimizer: dual simplex and barrier
Showing barrier log only...

Ordering time: 0.30s

Barrier statistics:
 AA' NZ     : 9.356e+04
 Factor NZ  : 1.270e+06 (roughly 30 MB of memory)
 Factor Ops : 3.619e+08 (less than 1 second per iteration)
 Threads    : 3

                  Objective                Residual
Iter       Primal          Dual         Primal    Dual     Compl     Time
   0  -2.43506860e+06  2.10410567e+07  9.48e+03 6.70e+00  9.83e+03     3s
   1  -4.63546128e+06  1.56095843e+07  2.68e+03 3.68e+00  2.56e+03     3s
   2  -3.66858103e+06  7.23283120e+06  6.48e+02 5.28e-01  6.02e+02     3s
   3  -1.47735736e+06  2.21455388e+06  1.01e+02 3.97e-02  1.19e+02     3s
   4  -3.26339451e+05  6.36128276e+05  1.61e+01 5.18e-03  2.50e+01     3s
   5  -5.49268018e+04  1.81519663e+05  2.42e+00 4.02e-04  5.18e+00     3s
   6  -1.93299057e+04  8.99357971e+04  1.03e+00 9.31e-05  2.28e+00     3s
   7  -2.78736426e+03  5.64677686e+04  4.16e-01 1.21e-13  1.18e+00     4s
   8   4.58384696e+03  3.38392677e+04  1.73e-01 6.39e-14  5.70e-01     4s
   9   8.90423227e+03  1.85241232e+04  6.10e-02 6.16e-14  1.86e-01     4s
  10   1.12696461e+04  1.54365147e+04  1.59e-02 4.97e-14  7.84e-02     4s
  11   1.20680876e+04  1.43612887e+04  5.64e-03 7.82e-14  4.25e-02     4s
  12   1.22875700e+04  1.35473557e+04  3.56e-03 8.93e-14  2.34e-02     4s
  13   1.24286986e+04  1.32655502e+04  2.39e-03 1.05e-13  1.56e-02     4s
  14   1.25204902e+04  1.31217588e+04  1.72e-03 5.97e-14  1.12e-02     4s
  15   1.26584333e+04  1.30236374e+04  7.85e-04 6.00e-14  6.75e-03     4s
  16   1.27138741e+04  1.28496127e+04  4.49e-04 1.55e-13  2.55e-03     4s
  17   1.27548208e+04  1.28277763e+04  2.18e-04 8.70e-14  1.37e-03     4s
  18   1.27794146e+04  1.28130935e+04  8.50e-05 9.31e-14  6.27e-04     4s
  19   1.27903147e+04  1.28036023e+04  2.90e-05 1.24e-13  2.47e-04     4s
  20   1.27937374e+04  1.28001039e+04  1.24e-05 1.14e-13  1.18e-04     4s
  21   1.27957826e+04  1.27973529e+04  3.20e-06 1.03e-13  2.92e-05     4s
  22   1.27963699e+04  1.27967782e+04  9.64e-07 1.02e-13  7.64e-06     4s
  23   1.27965735e+04  1.27966527e+04  1.94e-07 1.29e-13  1.49e-06     4s
  24   1.27966358e+04  1.27966389e+04  5.82e-09 1.36e-13  5.74e-08     4s
  25   1.27966384e+04  1.27966384e+04  3.63e-10 1.69e-13  2.40e-11     4s

Barrier solved model in 25 iterations and 4.36 seconds (2.81 work units)
Optimal objective 1.27966384e+04

Crossover log...

   12486 DPushes remaining with DInf 0.0000000e+00                 4s
       0 DPushes remaining with DInf 0.0000000e+00                 4s

     604 PPushes remaining with PInf 0.0000000e+00                 4s
       0 PPushes remaining with PInf 0.0000000e+00                 4s

  Push phase complete: Pinf 0.0000000e+00, Dinf 2.1765933e-13      4s


Solved with barrier
Extra simplex iterations after uncrush: 2
Iteration    Objective       Primal Inf.    Dual Inf.      Time
   12512    1.2796638e+04   0.000000e+00   0.000000e+00      5s

Use crossover to convert LP symmetric solution to basic solution...
Crossover log...

       0 DPushes remaining with DInf 0.0000000e+00                 5s

     774 PPushes remaining with PInf 0.0000000e+00                 5s
       0 PPushes remaining with PInf 0.0000000e+00                 5s

  Push phase complete: Pinf 0.0000000e+00, Dinf 2.8566038e-13      5s

Iteration    Objective       Primal Inf.    Dual Inf.      Time
   31051    1.2796934e+04   0.000000e+00   5.707499e+04     10s
   34137    1.2797026e+04   0.000000e+00   3.425961e+04     15s
   38416    1.2797115e+04   0.000000e+00   1.192202e+04     20s
   42543    1.2797171e+04   0.000000e+00   9.204772e+03     25s
   46249    1.2797207e+04   0.000000e+00   7.433186e+03     30s
   49254    1.2797227e+04   0.000000e+00   2.738145e+03     36s
   50991    1.2797236e+04   0.000000e+00   4.352495e+03     40s
   53321    1.2797247e+04   0.000000e+00   5.324157e+03     45s
   56049    1.2797256e+04   0.000000e+00   7.622136e+04     51s
   57833    1.2797260e+04   0.000000e+00   3.030392e+03     55s
   59617    1.2797264e+04   0.000000e+00   2.912581e+03     61s
   61401    1.2797266e+04   0.000000e+00   3.066272e+03     65s
   64083    1.2797269e+04   0.000000e+00   4.459058e+02     71s
   65421    1.2797269e+04   0.000000e+00   2.932089e+03     75s
   67205    1.2797270e+04   0.000000e+00   3.829798e+02     80s
   69881    1.2797270e+04   0.000000e+00   5.922125e+00     86s
   72111    1.2797270e+04   0.000000e+00   1.301042e-01     91s
Extra simplex iterations after uncrush: 56351
   72484    1.2796638e+04   0.000000e+00   0.000000e+00     92s

Solved in 72484 iterations and 92.34 seconds (61.44 work units)
Optimal objective  1.279663839e+04

Gurobi 11.0.3 (mac64[x86]) logging started Tue Mar 18 14:25:33 2025

Set parameter LogFile to value "Results/temp.log"
Set parameter TimeLimit to value 36000
Gurobi Optimizer version 11.0.3 build v11.0.3rc0 (mac64[x86] - Darwin 23.4.0 23E214)

CPU model: Intel(R) Core(TM) i7-1060NG7 CPU @ 1.20GHz
Thread count: 4 physical cores, 8 logical processors, using up to 8 threads

Optimize a model with 770232 rows, 893424 columns and 3038776 nonzeros
Model fingerprint: 0x6f7322b7
Coefficient statistics:
  Matrix range     [1e+00, 1e+00]
  Objective range  [6e-02, 5e+00]
  Bounds range     [0e+00, 0e+00]
  RHS range        [1e-02, 1e+03]
Presolve removed 634584 rows and 638792 columns
Presolve time: 2.53s
Presolved: 135648 rows, 254632 columns, 844224 nonzeros

Concurrent LP optimizer: dual simplex and barrier
Showing barrier log only...

Ordering time: 0.33s

Barrier statistics:
 AA' NZ     : 9.356e+04
 Factor NZ  : 1.270e+06 (roughly 30 MB of memory)
 Factor Ops : 3.619e+08 (less than 1 second per iteration)
 Threads    : 3

                  Objective                Residual
Iter       Primal          Dual         Primal    Dual     Compl     Time
   0  -2.43495535e+06  2.10388249e+07  9.48e+03 6.70e+00  9.83e+03     3s
   1  -4.63499322e+06  1.56057287e+07  2.68e+03 3.68e+00  2.56e+03     3s
   2  -3.66776281e+06  7.22590813e+06  6.47e+02 5.27e-01  6.01e+02     3s
   3  -1.47620635e+06  2.20544725e+06  1.00e+02 3.96e-02  1.18e+02     3s
   4  -3.26235014e+05  6.29607720e+05  1.61e+01 5.16e-03  2.49e+01     3s
   5  -5.37790007e+04  1.79528747e+05  2.37e+00 4.01e-04  5.11e+00     3s
   6  -1.89469438e+04  8.89964853e+04  1.01e+00 9.26e-05  2.25e+00     4s
   7  -2.79022354e+03  5.58932828e+04  4.17e-01 1.14e-13  1.17e+00     4s
   8   4.50646304e+03  3.32011363e+04  1.76e-01 7.24e-14  5.61e-01     4s
   9   8.88859549e+03  1.84208417e+04  6.21e-02 7.84e-14  1.85e-01     4s
  10   1.12416865e+04  1.53152267e+04  1.66e-02 5.82e-14  7.69e-02     4s
  11   1.20453862e+04  1.42443953e+04  6.08e-03 5.37e-14  4.09e-02     4s
  12   1.23779527e+04  1.35722146e+04  2.85e-03 5.61e-14  2.21e-02     4s
  13   1.24735455e+04  1.32528685e+04  2.08e-03 6.44e-14  1.45e-02     4s
  14   1.25618826e+04  1.30864544e+04  1.44e-03 1.49e-13  9.75e-03     4s
  15   1.26618469e+04  1.29478383e+04  7.46e-04 8.37e-14  5.31e-03     4s
  16   1.27113090e+04  1.28804167e+04  4.43e-04 6.47e-14  3.14e-03     4s
  17   1.27386202e+04  1.28344158e+04  2.77e-04 6.26e-14  1.79e-03     4s
  18   1.27783372e+04  1.28110227e+04  5.55e-05 7.51e-14  6.01e-04     4s
  19   1.27860459e+04  1.27969892e+04  1.58e-05 8.52e-14  2.01e-04     4s
  20   1.27879368e+04  1.27925229e+04  6.96e-06 1.42e-13  8.43e-05     4s
  21   1.27892018e+04  1.27905553e+04  1.88e-06 1.09e-13  2.49e-05     4s
  22   1.27895472e+04  1.27898879e+04  5.78e-07 1.14e-13  6.31e-06     4s
  23   1.27897000e+04  1.27897431e+04  8.30e-08 9.78e-14  8.04e-07     4s
  24   1.27897280e+04  1.27897292e+04  1.89e-09 1.05e-13  2.11e-08     4s
  25   1.27897290e+04  1.27897290e+04  1.17e-10 1.14e-13  4.80e-12     5s

Barrier solved model in 25 iterations and 4.53 seconds (2.81 work units)
Optimal objective 1.27897290e+04

Crossover log...

   12404 DPushes remaining with DInf 0.0000000e+00                 5s
       0 DPushes remaining with DInf 0.0000000e+00                 5s

     654 PPushes remaining with PInf 0.0000000e+00                 5s
       0 PPushes remaining with PInf 0.0000000e+00                 5s

  Push phase complete: Pinf 0.0000000e+00, Dinf 2.3255020e-13      5s


Solved with barrier
Extra simplex iterations after uncrush: 2
Iteration    Objective       Primal Inf.    Dual Inf.      Time
   12440    1.2789729e+04   0.000000e+00   0.000000e+00      5s

Use crossover to convert LP symmetric solution to basic solution...
Crossover log...

       0 DPushes remaining with DInf 0.0000000e+00                 5s

     909 PPushes remaining with PInf 0.0000000e+00                 5s
       0 PPushes remaining with PInf 0.0000000e+00                 5s

  Push phase complete: Pinf 0.0000000e+00, Dinf 3.0220271e-13      5s

Iteration    Objective       Primal Inf.    Dual Inf.      Time
   28082    1.2789998e+04   0.000000e+00   7.544367e+04     10s
   32823    1.2790094e+04   0.000000e+00   2.853324e+04     15s
   36005    1.2790138e+04   0.000000e+00   2.831462e+04     20s
   39351    1.2790169e+04   0.000000e+00   1.305895e+04     25s
   42527    1.2790192e+04   0.000000e+00   7.249811e+04     30s
   45513    1.2790221e+04   0.000000e+00   2.229991e+04     35s
   46959    1.2790231e+04   0.000000e+00   1.541016e+04     41s
   49189    1.2790246e+04   0.000000e+00   4.763864e+03     46s
   51419    1.2790259e+04   0.000000e+00   7.928297e+03     51s
   53649    1.2790267e+04   0.000000e+00   3.556251e+03     55s
   55879    1.2790272e+04   0.000000e+00   4.409087e+03     61s
   57217    1.2790276e+04   0.000000e+00   2.909640e+03     66s
Extra simplex iterations after uncrush: 41242

Stopped in 57281 iterations and 66.18 seconds (42.61 work units)
Solve interrupted

Gurobi 11.0.3 (mac64[x86]) logging started Tue Mar 18 14:27:37 2025

Set parameter LogFile to value "Results/temp.log"
Set parameter TimeLimit to value 36000
Gurobi Optimizer version 11.0.3 build v11.0.3rc0 (mac64[x86] - Darwin 23.4.0 23E214)

CPU model: Intel(R) Core(TM) i7-1060NG7 CPU @ 1.20GHz
Thread count: 4 physical cores, 8 logical processors, using up to 8 threads

Optimize a model with 770232 rows, 893424 columns and 3038776 nonzeros
Model fingerprint: 0x35254e05
Coefficient statistics:
  Matrix range     [1e+00, 1e+00]
  Objective range  [6e-02, 5e+00]
  Bounds range     [0e+00, 0e+00]
  RHS range        [1e-02, 1e+03]
Presolve removed 533584 rows and 491896 columns
Presolve time: 1.54s

Solved in 0 iterations and 1.54 seconds (0.60 work units)
Infeasible or unbounded model

Gurobi 11.0.3 (mac64[x86]) logging started Tue Mar 18 14:28:49 2025

Set parameter LogFile to value "Results/temp.log"
Set parameter TimeLimit to value 36000
Gurobi Optimizer version 11.0.3 build v11.0.3rc0 (mac64[x86] - Darwin 23.4.0 23E214)

CPU model: Intel(R) Core(TM) i7-1060NG7 CPU @ 1.20GHz
Thread count: 4 physical cores, 8 logical processors, using up to 8 threads

Optimize a model with 770232 rows, 893424 columns and 3038776 nonzeros
Model fingerprint: 0xcf5a91a1
Coefficient statistics:
  Matrix range     [1e+00, 1e+00]
  Objective range  [6e-02, 5e+00]
  Bounds range     [0e+00, 0e+00]
  RHS range        [1e-02, 1e+03]
Presolve removed 533584 rows and 491896 columns
Presolve time: 1.01s

Solved in 0 iterations and 1.01 seconds (0.60 work units)
Infeasible or unbounded model

Gurobi 11.0.3 (mac64[x86]) logging started Tue Mar 18 14:29:52 2025

Set parameter LogFile to value "Results/temp.log"
Set parameter TimeLimit to value 36000
Gurobi Optimizer version 11.0.3 build v11.0.3rc0 (mac64[x86] - Darwin 23.4.0 23E214)

CPU model: Intel(R) Core(TM) i7-1060NG7 CPU @ 1.20GHz
Thread count: 4 physical cores, 8 logical processors, using up to 8 threads

Optimize a model with 770232 rows, 893424 columns and 3038776 nonzeros
Model fingerprint: 0x5cb80960
Coefficient statistics:
  Matrix range     [1e+00, 1e+00]
  Objective range  [6e-02, 5e+00]
  Bounds range     [0e+00, 0e+00]
  RHS range        [1e-02, 1e+03]
Presolve removed 634584 rows and 638792 columns
Presolve time: 2.57s
Presolved: 135648 rows, 254632 columns, 844240 nonzeros

Concurrent LP optimizer: dual simplex and barrier
Showing barrier log only...

Ordering time: 0.32s

Barrier statistics:
 AA' NZ     : 9.320e+04
 Factor NZ  : 1.307e+06 (roughly 30 MB of memory)
 Factor Ops : 4.099e+08 (less than 1 second per iteration)
 Threads    : 3

                  Objective                Residual
Iter       Primal          Dual         Primal    Dual     Compl     Time
   0  -2.42206742e+06  2.10386153e+07  6.67e+03 6.70e+00  9.83e+03     3s
   1  -4.63140544e+06  1.56028285e+07  1.88e+03 3.68e+00  2.56e+03     3s
   2  -3.66685262e+06  7.22375047e+06  4.49e+02 5.27e-01  6.01e+02     3s
   3  -1.47567800e+06  2.20436229e+06  8.12e+01 3.96e-02  1.18e+02     3s
   4  -3.26987671e+05  6.29368045e+05  1.55e+01 5.16e-03  2.50e+01     3s
   5  -4.48916394e+04  1.42134443e+05  1.80e+00 2.17e-04  4.06e+00     4s
   6  -1.44524672e+04  8.10313230e+04  7.65e-01 3.87e-05  1.96e+00     4s
   7   3.61320711e+03  4.13492906e+04  1.55e-01 1.14e-13  7.24e-01     4s
   8   7.57446483e+03  2.52129247e+04  6.91e-02 6.12e-14  3.35e-01     4s
   9   9.49252072e+03  1.88877209e+04  3.75e-02 5.11e-14  1.78e-01     4s
  10   1.00577857e+04  1.73401110e+04  2.94e-02 6.01e-14  1.38e-01     4s
  11   1.10013305e+04  1.52142468e+04  1.69e-02 6.48e-14  7.96e-02     4s
  12   1.13901060e+04  1.44031973e+04  1.25e-02 5.94e-14  5.70e-02     4s
  13   1.17011098e+04  1.39131984e+04  9.26e-03 5.51e-14  4.18e-02     4s
  14   1.21249445e+04  1.34818028e+04  5.12e-03 6.15e-14  2.55e-02     4s
  15   1.24465406e+04  1.31570458e+04  2.26e-03 7.06e-14  1.33e-02     4s
  16   1.25952664e+04  1.29726156e+04  1.16e-03 6.72e-14  7.06e-03     4s
  17   1.26885011e+04  1.28444967e+04  5.09e-04 8.62e-14  2.93e-03     4s
  18   1.27225510e+04  1.28109643e+04  3.01e-04 8.35e-14  1.67e-03     4s
  19   1.27494073e+04  1.28008915e+04  1.50e-04 9.32e-14  9.64e-04     4s
  20   1.27660666e+04  1.27886405e+04  5.83e-05 8.69e-14  4.21e-04     4s
  21   1.27752107e+04  1.27796404e+04  1.15e-05 1.22e-13  8.30e-05     4s
  22   1.27771428e+04  1.27784571e+04  2.83e-06 1.22e-13  2.45e-05     5s
  23   1.27776394e+04  1.27779449e+04  7.44e-07 1.10e-13  5.73e-06     5s
  24   1.27777740e+04  1.27778620e+04  2.32e-07 1.51e-13  1.66e-06     5s
  25   1.27778218e+04  1.27778500e+04  5.59e-08 1.17e-13  5.27e-07     5s
  26   1.27778398e+04  1.27778402e+04  4.22e-10 1.92e-13  6.41e-09     5s
  27   1.27778400e+04  1.27778400e+04  1.05e-11 1.28e-13  4.23e-12     5s

Barrier solved model in 27 iterations and 4.78 seconds (2.91 work units)
Optimal objective 1.27778400e+04

Crossover log...

   12191 DPushes remaining with DInf 0.0000000e+00                 5s
       0 DPushes remaining with DInf 0.0000000e+00                 5s

     676 PPushes remaining with PInf 0.0000000e+00                 5s
       0 PPushes remaining with PInf 0.0000000e+00                 5s

  Push phase complete: Pinf 0.0000000e+00, Dinf 2.3361879e-13      5s


Solved with barrier
Extra simplex iterations after uncrush: 3
Iteration    Objective       Primal Inf.    Dual Inf.      Time
   12277    1.2777840e+04   0.000000e+00   0.000000e+00      5s

Use crossover to convert LP symmetric solution to basic solution...
Crossover log...

    5494 DPushes remaining with DInf 0.0000000e+00                 5s
       0 DPushes remaining with DInf 0.0000000e+00                 5s

    1138 PPushes remaining with PInf 0.0000000e+00                 5s
       0 PPushes remaining with PInf 0.0000000e+00                 6s

  Push phase complete: Pinf 0.0000000e+00, Dinf 4.8344662e-13      6s

Iteration    Objective       Primal Inf.    Dual Inf.      Time
   30766    1.2778117e+04   0.000000e+00   2.208479e+04     11s
   33981    1.2778175e+04   0.000000e+00   1.689344e+04     15s
   37355    1.2778223e+04   0.000000e+00   1.349628e+04     20s
   40985    1.2778260e+04   0.000000e+00   1.086079e+04     25s
   47403    1.2778294e+04   0.000000e+00   2.420951e+03     30s
   52146    1.2778312e+04   0.000000e+00   1.457161e+03     36s
   54822    1.2778318e+04   0.000000e+00   2.007788e+03     40s
   57498    1.2778322e+04   0.000000e+00   4.227133e+03     45s
   59282    1.2778324e+04   0.000000e+00   5.827948e+02     51s
   59728    1.2778324e+04   0.000000e+00   1.143521e+03     56s
   61958    1.2778326e+04   0.000000e+00   3.914781e+02     61s
Extra simplex iterations after uncrush: 44517

Stopped in 63391 iterations and 64.83 seconds (44.82 work units)
Solve interrupted

Gurobi 11.0.3 (mac64[x86]) logging started Tue Mar 18 14:31:58 2025

Set parameter LogFile to value "Results/temp.log"
Set parameter TimeLimit to value 36000
Gurobi Optimizer version 11.0.3 build v11.0.3rc0 (mac64[x86] - Darwin 23.4.0 23E214)

CPU model: Intel(R) Core(TM) i7-1060NG7 CPU @ 1.20GHz
Thread count: 4 physical cores, 8 logical processors, using up to 8 threads

Optimize a model with 770232 rows, 893424 columns and 3038776 nonzeros
Model fingerprint: 0x078bc118
Coefficient statistics:
  Matrix range     [1e+00, 1e+00]
  Objective range  [6e-02, 5e+00]
  Bounds range     [0e+00, 0e+00]
  RHS range        [1e-02, 1e+03]
Presolve removed 634584 rows and 638792 columns
Presolve time: 2.43s
Presolved: 135648 rows, 254632 columns, 844240 nonzeros

Concurrent LP optimizer: dual simplex and barrier
Showing barrier log only...

Ordering time: 0.32s

Barrier statistics:
 AA' NZ     : 9.320e+04
 Factor NZ  : 1.307e+06 (roughly 30 MB of memory)
 Factor Ops : 4.099e+08 (less than 1 second per iteration)
 Threads    : 3

                  Objective                Residual
Iter       Primal          Dual         Primal    Dual     Compl     Time
   0  -2.42204148e+06  2.10383607e+07  6.67e+03 6.70e+00  9.83e+03     3s
   1  -4.63143828e+06  1.56017546e+07  1.88e+03 3.68e+00  2.56e+03     3s
   2  -3.66682180e+06  7.22157101e+06  4.49e+02 5.27e-01  6.01e+02     3s
   3  -1.47554452e+06  2.20161658e+06  8.12e+01 3.96e-02  1.18e+02     3s
   4  -3.27431410e+05  6.26904130e+05  1.55e+01 5.16e-03  2.50e+01     3s
   5  -4.50035357e+04  1.42435293e+05  1.80e+00 2.35e-04  4.08e+00     3s
   6  -1.46243567e+04  8.17243182e+04  7.71e-01 4.92e-05  1.99e+00     3s
   7   8.92244323e+02  4.07818230e+04  2.52e-01 9.24e-14  7.87e-01     3s
   8   6.61432550e+03  2.42286283e+04  1.08e-01 5.68e-14  3.43e-01     4s
   9   9.08229471e+03  1.85936267e+04  5.72e-02 5.71e-14  1.84e-01     4s
  10   9.89399518e+03  1.75939753e+04  4.20e-02 6.76e-14  1.48e-01     4s
  11   1.08313668e+04  1.53330610e+04  2.57e-02 5.42e-14  8.65e-02     4s
  12   1.15726918e+04  1.49017157e+04  1.41e-02 6.60e-14  6.29e-02     4s
  13   1.21312535e+04  1.39283637e+04  6.35e-03 7.32e-14  3.37e-02     4s
  14   1.24195901e+04  1.33741101e+04  2.97e-03 4.50e-14  1.78e-02     4s
  15   1.25739566e+04  1.30800822e+04  1.49e-03 6.88e-14  9.43e-03     4s
  16   1.26712657e+04  1.28982768e+04  6.55e-04 8.68e-14  4.24e-03     4s
  17   1.27140239e+04  1.28523870e+04  3.61e-04 7.76e-14  2.57e-03     4s
  18   1.27413259e+04  1.28198658e+04  1.85e-04 8.48e-14  1.46e-03     4s
  19   1.27456654e+04  1.28009178e+04  1.60e-04 7.77e-14  1.03e-03     4s
  20   1.27592378e+04  1.27856758e+04  8.24e-05 8.79e-14  4.97e-04     4s
  21   1.27706736e+04  1.27766072e+04  1.90e-05 9.31e-14  1.12e-04     4s
  22   1.27737119e+04  1.27752055e+04  4.80e-06 1.09e-13  2.83e-05     4s
  23   1.27743842e+04  1.27749632e+04  2.02e-06 2.08e-13  1.10e-05     4s
  24   1.27747119e+04  1.27749199e+04  7.01e-07 1.14e-13  3.96e-06     4s
  25   1.27748699e+04  1.27749103e+04  1.21e-07 1.83e-13  7.66e-07     4s
  26   1.27749059e+04  1.27749072e+04  1.24e-09 1.23e-13  2.53e-08     4s
  27   1.27749067e+04  1.27749067e+04  4.64e-10 1.14e-13  2.00e-11     4s

Barrier solved model in 27 iterations and 4.40 seconds (2.91 work units)
Optimal objective 1.27749067e+04

Crossover log...

   12173 DPushes remaining with DInf 0.0000000e+00                 4s
       0 DPushes remaining with DInf 0.0000000e+00                 4s

     679 PPushes remaining with PInf 1.0142393e-06                 4s
       0 PPushes remaining with PInf 0.0000000e+00                 5s

  Push phase complete: Pinf 0.0000000e+00, Dinf 2.2443169e-13      5s


Solved with barrier
Extra simplex iterations after uncrush: 3
Iteration    Objective       Primal Inf.    Dual Inf.      Time
   12257    1.2774907e+04   0.000000e+00   0.000000e+00      5s

Use crossover to convert LP symmetric solution to basic solution...
Crossover log...

      87 DPushes remaining with DInf 0.0000000e+00                 5s
       0 DPushes remaining with DInf 0.0000000e+00                 5s

    1151 PPushes remaining with PInf 0.0000000e+00                 5s
       0 PPushes remaining with PInf 0.0000000e+00                 5s

  Push phase complete: Pinf 0.0000000e+00, Dinf 5.3196336e-13      5s

Iteration    Objective       Primal Inf.    Dual Inf.      Time
   30518    1.2775185e+04   0.000000e+00   3.122109e+04     10s
   34811    1.2775244e+04   0.000000e+00   5.850442e+04     15s
   38688    1.2775278e+04   0.000000e+00   1.674741e+04     23s
   39134    1.2775281e+04   0.000000e+00   9.002115e+04     25s
   42652    1.2775306e+04   0.000000e+00   1.551519e+04     30s
   46048    1.2775331e+04   0.000000e+00   8.712038e+03     35s
   49726    1.2775352e+04   0.000000e+00   5.026763e+03     41s
   51956    1.2775363e+04   0.000000e+00   2.452522e+04     45s
   54665    1.2775373e+04   0.000000e+00   1.117241e+04     50s
   56895    1.2775378e+04   0.000000e+00   6.255466e+03     56s
   58679    1.2775380e+04   0.000000e+00   1.614023e+03     61s
   60463    1.2775381e+04   0.000000e+00   6.532138e+03     66s
   62247    1.2775382e+04   0.000000e+00   7.341425e+02     71s
   63585    1.2775383e+04   0.000000e+00   2.279578e+02     76s
   65369    1.2775383e+04   0.000000e+00   2.543333e+02     81s
Extra simplex iterations after uncrush: 46521

Stopped in 65369 iterations and 80.69 seconds (56.64 work units)
Solve interrupted

Gurobi 11.0.3 (mac64[x86]) logging started Tue Mar 18 14:34:49 2025

Set parameter LogFile to value "Results/temp.log"
Set parameter TimeLimit to value 36000
Gurobi Optimizer version 11.0.3 build v11.0.3rc0 (mac64[x86] - Darwin 23.4.0 23E214)

CPU model: Intel(R) Core(TM) i7-1060NG7 CPU @ 1.20GHz
Thread count: 4 physical cores, 8 logical processors, using up to 8 threads

Optimize a model with 770232 rows, 893424 columns and 3038776 nonzeros
Model fingerprint: 0xf90b04dd
Coefficient statistics:
  Matrix range     [1e+00, 1e+00]
  Objective range  [6e-02, 5e+00]
  Bounds range     [0e+00, 0e+00]
  RHS range        [1e-02, 1e+03]
Presolve removed 533584 rows and 491896 columns
Presolve time: 1.35s

Solved in 0 iterations and 1.35 seconds (0.60 work units)
Infeasible or unbounded model

Gurobi 11.0.3 (mac64[x86]) logging started Tue Mar 18 14:36:26 2025

Set parameter LogFile to value "Results/temp.log"
Set parameter TimeLimit to value 36000
Gurobi Optimizer version 11.0.3 build v11.0.3rc0 (mac64[x86] - Darwin 23.4.0 23E214)

CPU model: Intel(R) Core(TM) i7-1060NG7 CPU @ 1.20GHz
Thread count: 4 physical cores, 8 logical processors, using up to 8 threads

Optimize a model with 770232 rows, 893424 columns and 3038776 nonzeros
Model fingerprint: 0xcc938309
Coefficient statistics:
  Matrix range     [1e+00, 1e+00]
  Objective range  [6e-02, 5e+00]
  Bounds range     [0e+00, 0e+00]
  RHS range        [1e-02, 1e+03]
Presolve removed 634584 rows and 638792 columns
Presolve time: 2.45s
Presolved: 135648 rows, 254632 columns, 844240 nonzeros

Concurrent LP optimizer: dual simplex and barrier
Showing barrier log only...

Ordering time: 0.30s

Barrier statistics:
 AA' NZ     : 9.320e+04
 Factor NZ  : 1.307e+06 (roughly 30 MB of memory)
 Factor Ops : 4.099e+08 (less than 1 second per iteration)
 Threads    : 3

                  Objective                Residual
Iter       Primal          Dual         Primal    Dual     Compl     Time
   0  -2.42202971e+06  2.10343514e+07  6.67e+03 6.70e+00  9.83e+03     3s
   1  -4.63131660e+06  1.55973910e+07  1.88e+03 3.68e+00  2.56e+03     3s
   2  -3.66652171e+06  7.21648385e+06  4.49e+02 5.27e-01  6.01e+02     3s
   3  -1.47526524e+06  2.19666964e+06  8.12e+01 3.95e-02  1.18e+02     3s
   4  -3.28424643e+05  6.24260533e+05  1.56e+01 5.15e-03  2.50e+01     3s
   5  -4.39660623e+04  1.55154553e+05  1.75e+00 3.30e-04  4.30e+00     3s
   6  -1.26882033e+04  8.67393661e+04  6.54e-01 9.31e-05  2.02e+00     3s
   7   1.09775033e+03  3.80703967e+04  2.43e-01 1.35e-13  7.31e-01     3s
   8   6.42330159e+03  2.47865687e+04  1.08e-01 6.04e-14  3.57e-01     4s
   9   8.87336587e+03  1.86566081e+04  5.86e-02 5.84e-14  1.89e-01     4s
  10   9.59649145e+03  1.69194305e+04  4.57e-02 6.87e-14  1.42e-01     4s
  11   1.08663316e+04  1.51495885e+04  2.42e-02 4.71e-14  8.23e-02     4s
  12   1.13390077e+04  1.45658045e+04  1.72e-02 5.42e-14  6.17e-02     4s
  13   1.17865443e+04  1.39948212e+04  1.12e-02 7.07e-14  4.21e-02     4s
  14   1.22511842e+04  1.35172012e+04  5.19e-03 5.63e-14  2.39e-02     4s
  15   1.24823120e+04  1.30848042e+04  2.49e-03 5.82e-14  1.14e-02     4s
  16   1.26149906e+04  1.28817698e+04  1.11e-03 6.90e-14  5.05e-03     4s
  17   1.26703542e+04  1.27995081e+04  6.30e-04 7.85e-14  2.47e-03     4s
  18   1.27063018e+04  1.27733329e+04  3.37e-04 9.37e-14  1.29e-03     4s
  19   1.27331669e+04  1.27679061e+04  1.27e-04 6.93e-14  6.55e-04     4s
  20   1.27442847e+04  1.27547197e+04  4.41e-05 5.64e-14  1.98e-04     4s
  21   1.27496708e+04  1.27520591e+04  8.60e-06 1.10e-13  4.51e-05     4s
  22   1.27506421e+04  1.27513643e+04  2.61e-06 1.05e-13  1.37e-05     4s
  23   1.27510402e+04  1.27511636e+04  3.83e-07 1.12e-13  2.32e-06     4s
  24   1.27511228e+04  1.27511325e+04  1.83e-08 1.40e-13  1.80e-07     4s
  25   1.27511288e+04  1.27511288e+04  1.15e-10 9.31e-14  8.26e-10     4s

Barrier solved model in 25 iterations and 4.31 seconds (2.85 work units)
Optimal objective 1.27511288e+04

Crossover log...

    9628 DPushes remaining with DInf 0.0000000e+00                 4s
       0 DPushes remaining with DInf 0.0000000e+00                 4s

    4478 PPushes remaining with PInf 1.6963797e-05                 4s
       0 PPushes remaining with PInf 0.0000000e+00                 4s

  Push phase complete: Pinf 0.0000000e+00, Dinf 1.0625000e-02      4s

Iteration    Objective       Primal Inf.    Dual Inf.      Time
   13661    1.2751129e+04   0.000000e+00   1.062500e-02      4s

Solved with barrier
Extra simplex iterations after uncrush: 3
   13669    1.2751129e+04   0.000000e+00   0.000000e+00      4s

Use crossover to convert LP symmetric solution to basic solution...
Crossover log...

       0 DPushes remaining with DInf 0.0000000e+00                 5s

     940 PPushes remaining with PInf 0.0000000e+00                 5s
       0 PPushes remaining with PInf 0.0000000e+00                 5s

  Push phase complete: Pinf 0.0000000e+00, Dinf 3.8291592e-13      5s

Iteration    Objective       Primal Inf.    Dual Inf.      Time
   34430    1.2751459e+04   0.000000e+00   1.599974e+04     10s
   39050    1.2751556e+04   0.000000e+00   1.620629e+04     16s
   42305    1.2751613e+04   0.000000e+00   1.989983e+04     20s
   47608    1.2751653e+04   0.000000e+00   6.139394e+03     25s
   51232    1.2751675e+04   0.000000e+00   1.827657e+04     30s
   55795    1.2751696e+04   0.000000e+00   2.138438e+03     35s
   58929    1.2751705e+04   0.000000e+00   1.153223e+04     40s
   62122    1.2751713e+04   0.000000e+00   6.411560e+03     45s
   65244    1.2751716e+04   0.000000e+00   1.753786e+03     51s
   68366    1.2751717e+04   0.000000e+00   1.570595e+02     55s
   71042    1.2751718e+04   0.000000e+00   1.463439e+03     60s
   73272    1.2751718e+04   0.000000e+00   4.920303e-02     66s
Extra simplex iterations after uncrush: 52508
   73588    1.2751129e+04   0.000000e+00   0.000000e+00     67s

Solved in 73588 iterations and 66.98 seconds (54.16 work units)
Optimal objective  1.275112879e+04

Gurobi 11.0.3 (mac64[x86]) logging started Tue Mar 18 14:39:13 2025

Set parameter LogFile to value "Results/temp.log"
Set parameter TimeLimit to value 36000
Gurobi Optimizer version 11.0.3 build v11.0.3rc0 (mac64[x86] - Darwin 23.4.0 23E214)

CPU model: Intel(R) Core(TM) i7-1060NG7 CPU @ 1.20GHz
Thread count: 4 physical cores, 8 logical processors, using up to 8 threads

Optimize a model with 770232 rows, 893424 columns and 3038776 nonzeros
Model fingerprint: 0x60d904fc
Coefficient statistics:
  Matrix range     [1e+00, 1e+00]
  Objective range  [6e-02, 5e+00]
  Bounds range     [0e+00, 0e+00]
  RHS range        [1e-02, 1e+03]
Presolve removed 601838 rows and 575096 columns
Presolve time: 1.90s

Solved in 0 iterations and 1.90 seconds (1.21 work units)
Infeasible or unbounded model

Gurobi 11.0.3 (mac64[x86]) logging started Tue Mar 18 14:41:40 2025

Set parameter LogFile to value "Results/temp.log"
Set parameter TimeLimit to value 36000
Gurobi Optimizer version 11.0.3 build v11.0.3rc0 (mac64[x86] - Darwin 23.4.0 23E214)

CPU model: Intel(R) Core(TM) i7-1060NG7 CPU @ 1.20GHz
Thread count: 4 physical cores, 8 logical processors, using up to 8 threads

Optimize a model with 770232 rows, 893424 columns and 3038776 nonzeros
Model fingerprint: 0x280e2174
Coefficient statistics:
  Matrix range     [1e+00, 1e+00]
  Objective range  [6e-02, 5e+00]
  Bounds range     [0e+00, 0e+00]
  RHS range        [1e-02, 1e+03]
Presolve removed 601838 rows and 575096 columns
Presolve time: 2.10s

Solved in 0 iterations and 2.10 seconds (1.21 work units)
Infeasible or unbounded model

Gurobi 11.0.3 (mac64[x86]) logging started Tue Mar 18 14:42:49 2025

Set parameter LogFile to value "Results/temp.log"
Set parameter TimeLimit to value 36000
Gurobi Optimizer version 11.0.3 build v11.0.3rc0 (mac64[x86] - Darwin 23.4.0 23E214)

CPU model: Intel(R) Core(TM) i7-1060NG7 CPU @ 1.20GHz
Thread count: 4 physical cores, 8 logical processors, using up to 8 threads

Optimize a model with 770232 rows, 893424 columns and 3038776 nonzeros
Model fingerprint: 0x2fcc3e0a
Coefficient statistics:
  Matrix range     [1e+00, 1e+00]
  Objective range  [6e-02, 5e+00]
  Bounds range     [0e+00, 0e+00]
  RHS range        [1e-02, 1e+03]
Presolve removed 634590 rows and 638792 columns
Presolve time: 2.88s
Presolved: 135642 rows, 254632 columns, 844228 nonzeros

Concurrent LP optimizer: dual simplex and barrier
Showing barrier log only...

Ordering time: 0.84s

Barrier statistics:
 AA' NZ     : 2.619e+05
 Factor NZ  : 6.271e+06 (roughly 100 MB of memory)
 Factor Ops : 6.358e+09 (less than 1 second per iteration)
 Threads    : 3

                  Objective                Residual
Iter       Primal          Dual         Primal    Dual     Compl     Time
   0  -2.24601398e+06  5.02729595e+07  6.60e+03 6.70e+00  9.68e+03     5s
   1  -5.01816213e+06  3.94972760e+07  1.86e+03 5.32e+00  2.86e+03     5s
   2  -4.99391881e+06  1.60456177e+07  3.68e+02 1.48e-01  4.32e+02     5s
   3  -2.84460086e+06  4.06671402e+06  1.41e+02 1.18e-02  1.34e+02     6s
   4  -3.80238468e+05  1.19432115e+06  1.56e+01 7.01e-04  1.94e+01     6s
   5  -7.18416443e+04  3.13656266e+05  1.85e+00 3.81e-05  3.61e+00     6s
   6  -6.97863735e+03  6.93464108e+04  2.29e-01 7.39e-13  6.34e-01     7s
   7   4.92252556e+03  2.16004457e+04  5.29e-02 8.53e-14  1.37e-01     7s
   8   1.06399842e+04  1.50311555e+04  7.82e-03 6.58e-14  3.48e-02     7s
   9   1.13530028e+04  1.38362575e+04  4.90e-03 5.45e-14  1.98e-02     8s
  10   1.22911871e+04  1.31289807e+04  1.13e-03 7.84e-14  6.57e-03     8s
  11   1.26056695e+04  1.29410214e+04  2.13e-04 7.02e-14  2.59e-03     9s
  12   1.26694166e+04  1.28431152e+04  9.61e-05 1.36e-13  1.34e-03     9s
  13   1.27099065e+04  1.27820754e+04  3.14e-05 1.03e-13  5.55e-04     9s
  14   1.27215627e+04  1.27692597e+04  1.62e-05 1.05e-13  3.66e-04    10s
  15   1.27315417e+04  1.27437624e+04  4.15e-06 1.10e-13  9.38e-05    10s
  16   1.27345181e+04  1.27370525e+04  1.46e-06 1.19e-13  1.97e-05    10s
  17   1.27361430e+04  1.27365346e+04  1.90e-07 1.59e-13  3.04e-06    11s
  18   1.27363782e+04  1.27364299e+04  1.76e-08 1.62e-13  3.98e-07    11s
  19   1.27364074e+04  1.27364110e+04  1.63e-09 2.05e-13  2.78e-08    11s
  20   1.27364103e+04  1.27364103e+04  1.54e-08 2.19e-13  3.66e-10    12s

Barrier solved model in 20 iterations and 11.74 seconds (8.23 work units)
Optimal objective 1.27364103e+04

Crossover log...

   21541 DPushes remaining with DInf 0.0000000e+00                12s
       0 DPushes remaining with DInf 0.0000000e+00                12s

   10833 PPushes remaining with PInf 0.0000000e+00                12s
       0 PPushes remaining with PInf 0.0000000e+00                12s

  Push phase complete: Pinf 0.0000000e+00, Dinf 4.5000000e-02     12s

Iteration    Objective       Primal Inf.    Dual Inf.      Time
   31880    1.2736410e+04   0.000000e+00   4.500000e-02     12s

Solved with barrier
Extra simplex iterations after uncrush: 3
   32162    1.2736410e+04   0.000000e+00   0.000000e+00     12s

Use crossover to convert LP symmetric solution to basic solution...
Crossover log...

    5856 DPushes remaining with DInf 0.0000000e+00                13s
       0 DPushes remaining with DInf 0.0000000e+00                13s

    1409 PPushes remaining with PInf 0.0000000e+00                13s
       0 PPushes remaining with PInf 0.0000000e+00                13s

  Push phase complete: Pinf 0.0000000e+00, Dinf 4.6179727e-13     13s

Iteration    Objective       Primal Inf.    Dual Inf.      Time
   51882    1.2736570e+04   0.000000e+00   3.512223e+04     15s
   57749    1.2736810e+04   0.000000e+00   1.686426e+04     20s
   61320    1.2736894e+04   0.000000e+00   1.871772e+04     25s
   65266    1.2736958e+04   0.000000e+00   9.256362e+03     30s
   70350    1.2737005e+04   0.000000e+00   7.431064e+03     36s
   74341    1.2737023e+04   0.000000e+00   2.304059e+03     41s
   78901    1.2737037e+04   0.000000e+00   4.460980e+03     45s
   81812    1.2737044e+04   0.000000e+00   1.860838e+03     50s
Extra simplex iterations after uncrush: 44762

Stopped in 83866 iterations and 53.96 seconds (38.26 work units)
Solve interrupted

Gurobi 11.0.3 (mac64[x86]) logging started Tue Mar 18 14:45:41 2025

Set parameter LogFile to value "Results/temp.log"
Set parameter TimeLimit to value 36000
Gurobi Optimizer version 11.0.3 build v11.0.3rc0 (mac64[x86] - Darwin 23.4.0 23E214)

CPU model: Intel(R) Core(TM) i7-1060NG7 CPU @ 1.20GHz
Thread count: 4 physical cores, 8 logical processors, using up to 8 threads

Optimize a model with 770232 rows, 893424 columns and 3038776 nonzeros
Model fingerprint: 0x36230cf7
Coefficient statistics:
  Matrix range     [1e+00, 1e+00]
  Objective range  [6e-02, 5e+00]
  Bounds range     [0e+00, 0e+00]
  RHS range        [1e-02, 1e+03]
Presolve removed 634590 rows and 638792 columns
Presolve time: 2.55s
Presolved: 135642 rows, 254632 columns, 844228 nonzeros

Concurrent LP optimizer: dual simplex and barrier
Showing barrier log only...

Ordering time: 0.82s

Barrier statistics:
 AA' NZ     : 2.619e+05
 Factor NZ  : 6.271e+06 (roughly 100 MB of memory)
 Factor Ops : 6.358e+09 (less than 1 second per iteration)
 Threads    : 3

                  Objective                Residual
Iter       Primal          Dual         Primal    Dual     Compl     Time
   0  -2.24597567e+06  5.02586248e+07  6.60e+03 6.70e+00  9.68e+03     4s
   1  -5.01812240e+06  3.94820308e+07  1.86e+03 5.32e+00  2.86e+03     5s
   2  -4.99376119e+06  1.60288066e+07  3.68e+02 1.48e-01  4.32e+02     5s
   3  -2.92955219e+06  6.19593720e+06  1.50e+02 3.17e-02  1.61e+02     5s
   4  -5.66545115e+05  1.49623595e+06  1.83e+01 7.74e-04  2.48e+01     5s
   5  -1.05969494e+05  3.82312934e+05  2.54e+00 5.90e-05  4.73e+00     6s
   6  -1.30315921e+04  7.19378196e+04  2.90e-01 5.79e-13  7.22e-01     6s
   7   3.68387995e+03  2.64897986e+04  7.04e-02 1.39e-13  1.88e-01     7s
   8   1.09458966e+04  1.47976506e+04  4.02e-03 7.33e-14  3.00e-02     7s
   9   1.17200907e+04  1.37947944e+04  1.96e-03 8.12e-14  1.61e-02     8s
  10   1.23511311e+04  1.31467901e+04  4.79e-04 9.04e-14  6.14e-03     8s
  11   1.25929494e+04  1.28868213e+04  7.96e-05 1.44e-13  2.25e-03     8s
  12   1.26606479e+04  1.27691700e+04  1.95e-05 1.06e-13  8.29e-04     9s
  13   1.26803821e+04  1.27475393e+04  8.14e-06 1.61e-13  5.12e-04     9s
  14   1.26897534e+04  1.27248855e+04  3.45e-06 2.05e-13  2.68e-04    10s
  15   1.26950058e+04  1.27067265e+04  1.34e-06 2.90e-13  8.98e-05    10s

Barrier performed 15 iterations in 10.25 seconds (6.95 work units)
Optimization interrupted



Stopped in 0 iterations and 10.29 seconds (7.51 work units)
Solve interrupted

Gurobi 11.0.3 (mac64[x86]) logging started Tue Mar 18 14:48:48 2025

Set parameter LogFile to value "Results/temp.log"
Set parameter TimeLimit to value 36000
Gurobi Optimizer version 11.0.3 build v11.0.3rc0 (mac64[x86] - Darwin 23.4.0 23E214)

CPU model: Intel(R) Core(TM) i7-1060NG7 CPU @ 1.20GHz
Thread count: 4 physical cores, 8 logical processors, using up to 8 threads

Optimize a model with 770232 rows, 893424 columns and 3038776 nonzeros
Model fingerprint: 0x36230cf7
Coefficient statistics:
  Matrix range     [1e+00, 1e+00]
  Objective range  [6e-02, 5e+00]
  Bounds range     [0e+00, 0e+00]
  RHS range        [1e-02, 1e+03]
Presolve removed 634590 rows and 638792 columns
Presolve time: 2.63s
Presolved: 135642 rows, 254632 columns, 844228 nonzeros

Concurrent LP optimizer: dual simplex and barrier
Showing barrier log only...

Ordering time: 0.87s

Barrier statistics:
 AA' NZ     : 2.619e+05
 Factor NZ  : 6.271e+06 (roughly 100 MB of memory)
 Factor Ops : 6.358e+09 (less than 1 second per iteration)
 Threads    : 3

                  Objective                Residual
Iter       Primal          Dual         Primal    Dual     Compl     Time
   0  -2.24597567e+06  5.02586248e+07  6.60e+03 6.70e+00  9.68e+03     4s
   1  -5.01812240e+06  3.94820308e+07  1.86e+03 5.32e+00  2.86e+03     5s
   2  -4.99376119e+06  1.60288066e+07  3.68e+02 1.48e-01  4.32e+02     5s
   3  -2.92955219e+06  6.19593720e+06  1.50e+02 3.17e-02  1.61e+02     5s
   4  -5.66545115e+05  1.49623595e+06  1.83e+01 7.74e-04  2.48e+01     6s
   5  -1.05969494e+05  3.82312934e+05  2.54e+00 5.90e-05  4.73e+00     6s
   6  -1.30315921e+04  7.19378196e+04  2.90e-01 5.79e-13  7.22e-01     6s
   7   3.68387995e+03  2.64897986e+04  7.04e-02 1.39e-13  1.88e-01     7s
   8   1.09458966e+04  1.47976506e+04  4.02e-03 7.33e-14  3.00e-02     7s
   9   1.17200907e+04  1.37947944e+04  1.96e-03 8.12e-14  1.61e-02     8s
  10   1.23511311e+04  1.31467901e+04  4.79e-04 9.04e-14  6.14e-03     8s
  11   1.25929494e+04  1.28868213e+04  7.96e-05 1.44e-13  2.25e-03     8s
  12   1.26606479e+04  1.27691700e+04  1.95e-05 1.06e-13  8.29e-04     9s
  13   1.26803821e+04  1.27475393e+04  8.14e-06 1.61e-13  5.12e-04     9s
  14   1.26897534e+04  1.27248855e+04  3.45e-06 2.05e-13  2.68e-04     9s
  15   1.26950058e+04  1.27067265e+04  1.34e-06 2.90e-13  8.98e-05    10s
  16   1.26974354e+04  1.27001997e+04  4.59e-07 3.84e-13  2.14e-05    10s
  17   1.26986865e+04  1.26991508e+04  8.44e-08 5.41e-13  3.60e-06    10s
  18   1.26989055e+04  1.26990255e+04  2.01e-08 4.60e-13  9.32e-07    11s
  19   1.26989769e+04  1.26989869e+04  2.36e-09 7.25e-13  7.77e-08    11s
  20   1.26989853e+04  1.26989853e+04  2.35e-09 7.09e-13  2.82e-10    11s

Barrier solved model in 20 iterations and 11.49 seconds (8.21 work units)
Optimal objective 1.26989853e+04

Crossover log...

   21541 DPushes remaining with DInf 0.0000000e+00                12s
       0 DPushes remaining with DInf 0.0000000e+00                12s

   10710 PPushes remaining with PInf 1.2561608e-05                12s
       0 PPushes remaining with PInf 0.0000000e+00                12s

  Push phase complete: Pinf 0.0000000e+00, Dinf 3.0937500e-02     12s

Iteration    Objective       Primal Inf.    Dual Inf.      Time
   31758    1.2698985e+04   0.000000e+00   3.093750e-02     12s

Solved with barrier
Extra simplex iterations after uncrush: 3
   32056    1.2698985e+04   0.000000e+00   0.000000e+00     12s

Use crossover to convert LP symmetric solution to basic solution...
Crossover log...

    5832 DPushes remaining with DInf 0.0000000e+00                13s
       0 DPushes remaining with DInf 0.0000000e+00                13s

    1331 PPushes remaining with PInf 0.0000000e+00                13s
       0 PPushes remaining with PInf 0.0000000e+00                13s

  Push phase complete: Pinf 0.0000000e+00, Dinf 4.5113913e-13     13s

Iteration    Objective       Primal Inf.    Dual Inf.      Time
   52619    1.2699219e+04   0.000000e+00   1.680828e+04     15s
   56083    1.2699323e+04   0.000000e+00   2.527988e+04     20s
   60702    1.2699403e+04   0.000000e+00   1.555141e+04     26s
   63387    1.2699431e+04   0.000000e+00   4.976087e+04     30s
   67189    1.2699463e+04   0.000000e+00   2.429747e+04     36s
   70336    1.2699483e+04   0.000000e+00   2.306158e+04     41s
   73047    1.2699497e+04   0.000000e+00   1.766937e+04     46s
Extra simplex iterations after uncrush: 35060

Stopped in 73939 iterations and 49.02 seconds (34.38 work units)
Solve interrupted

Gurobi 11.0.3 (mac64[x86]) logging started Tue Mar 18 14:51:13 2025

Set parameter LogFile to value "Results/temp.log"
Set parameter TimeLimit to value 36000
Gurobi Optimizer version 11.0.3 build v11.0.3rc0 (mac64[x86] - Darwin 23.4.0 23E214)

CPU model: Intel(R) Core(TM) i7-1060NG7 CPU @ 1.20GHz
Thread count: 4 physical cores, 8 logical processors, using up to 8 threads

Optimize a model with 770232 rows, 893424 columns and 3038776 nonzeros
Model fingerprint: 0x8f34d306
Coefficient statistics:
  Matrix range     [1e+00, 1e+00]
  Objective range  [6e-02, 5e+00]
  Bounds range     [0e+00, 0e+00]
  RHS range        [1e-02, 1e+03]
Presolve removed 634590 rows and 638792 columns
Presolve time: 2.88s
Presolved: 135642 rows, 254632 columns, 844228 nonzeros

Concurrent LP optimizer: dual simplex and barrier
Showing barrier log only...

Ordering time: 0.88s

Barrier statistics:
 AA' NZ     : 2.619e+05
 Factor NZ  : 6.271e+06 (roughly 100 MB of memory)
 Factor Ops : 6.358e+09 (less than 1 second per iteration)
 Threads    : 3

                  Objective                Residual
Iter       Primal          Dual         Primal    Dual     Compl     Time
   0  -2.24560886e+06  5.01645330e+07  6.60e+03 6.70e+00  9.67e+03     5s
   1  -5.01710854e+06  3.93801053e+07  1.86e+03 5.32e+00  2.86e+03     5s
   2  -4.99285978e+06  1.59269788e+07  3.68e+02 1.48e-01  4.32e+02     5s
   3  -2.93009920e+06  6.16687303e+06  1.50e+02 3.23e-02  1.62e+02     6s
   4  -5.72197806e+05  1.43950214e+06  1.85e+01 7.50e-04  2.47e+01     6s
   5  -1.09911656e+05  3.58943428e+05  2.58e+00 5.01e-05  4.65e+00     6s
   6  -8.42766934e+03  6.45514918e+04  1.94e-01 7.25e-13  6.07e-01     7s
   7   2.70578498e+03  3.29655756e+04  7.13e-02 2.77e-13  2.46e-01     7s
   8   1.04543395e+04  1.64353851e+04  4.99e-03 7.93e-14  4.64e-02     8s
   9   1.18822741e+04  1.35649253e+04  9.01e-04 1.12e-13  1.30e-02     8s
  10   1.23715873e+04  1.29538899e+04  1.76e-04 1.07e-13  4.46e-03     8s
  11   1.25154288e+04  1.27717610e+04  4.47e-05 9.93e-14  1.96e-03     9s
  12   1.25687073e+04  1.26798157e+04  1.21e-05 1.62e-13  8.47e-04     9s
  13   1.25856660e+04  1.26430555e+04  5.50e-06 2.12e-13  4.37e-04    10s
  14   1.25950210e+04  1.26250123e+04  2.44e-06 2.54e-13  2.29e-04    10s
  15   1.26007443e+04  1.26134439e+04  8.22e-07 2.89e-13  9.67e-05    10s
  16   1.26026315e+04  1.26078876e+04  3.38e-07 2.73e-13  4.01e-05    11s
  17   1.26034245e+04  1.26060613e+04  1.62e-07 5.06e-13  2.01e-05    11s
  18   1.26038588e+04  1.26050829e+04  7.64e-08 2.42e-13  9.34e-06    11s
  19   1.26040040e+04  1.26046920e+04  4.71e-08 3.99e-13  5.26e-06    11s
  20   1.26041128e+04  1.26044714e+04  2.69e-08 3.89e-13  2.75e-06    12s
  21   1.26042139e+04  1.26043004e+04  9.58e-09 4.75e-13  6.67e-07    12s
  22   1.26042690e+04  1.26042714e+04  2.85e-10 6.87e-13  1.89e-08    12s
  23   1.26042704e+04  1.26042704e+04  9.82e-10 5.56e-13  2.38e-11    13s

Barrier solved model in 23 iterations and 12.83 seconds (8.95 work units)
Optimal objective 1.26042704e+04

Crossover log...

   21334 DPushes remaining with DInf 1.1812500e-02                13s
       0 DPushes remaining with DInf 1.1812500e-02                13s

    2505 PPushes remaining with PInf 1.9094715e-04                13s
       0 PPushes remaining with PInf 0.0000000e+00                13s

  Push phase complete: Pinf 0.0000000e+00, Dinf 5.3031250e-02     13s

Iteration    Objective       Primal Inf.    Dual Inf.      Time
   23342    1.2604270e+04   0.000000e+00   5.303125e-02     13s

Solved with barrier
Extra simplex iterations after uncrush: 3
   23815    1.2604270e+04   0.000000e+00   0.000000e+00     13s

Use crossover to convert LP symmetric solution to basic solution...
Crossover log...

    5850 DPushes remaining with DInf 0.0000000e+00                14s
       0 DPushes remaining with DInf 0.0000000e+00                14s

    1476 PPushes remaining with PInf 0.0000000e+00                14s
       0 PPushes remaining with PInf 0.0000000e+00                14s

  Push phase complete: Pinf 0.0000000e+00, Dinf 4.6007642e-13     14s

Iteration    Objective       Primal Inf.    Dual Inf.      Time
   30805    1.2604270e+04   0.000000e+00   9.388090e+03     15s
   43335    1.2604556e+04   0.000000e+00   3.479633e+04     21s
   44273    1.2604578e+04   0.000000e+00   2.506700e+04     27s
   46848    1.2604616e+04   0.000000e+00   1.403176e+04     30s
   49671    1.2604649e+04   0.000000e+00   6.019146e+04     35s
   53524    1.2604677e+04   0.000000e+00   1.934724e+04     41s
   56328    1.2604693e+04   0.000000e+00   2.410211e+04     45s
   59004    1.2604706e+04   0.000000e+00   1.703766e+03     51s
   60788    1.2604713e+04   0.000000e+00   5.851741e+03     55s
   63464    1.2604721e+04   0.000000e+00   6.855870e+03     61s
   65694    1.2604727e+04   0.000000e+00   3.463256e+03     65s
   68370    1.2604732e+04   0.000000e+00   4.804349e+02     70s
   71492    1.2604736e+04   0.000000e+00   5.551166e+02     76s
   73276    1.2604737e+04   0.000000e+00   4.537201e+02     80s
   76445    1.2604738e+04   0.000000e+00   1.242944e+01     86s
Extra simplex iterations after uncrush: 46927
   77732    1.2604270e+04   0.000000e+00   0.000000e+00     90s

Solved in 77732 iterations and 89.88 seconds (59.77 work units)
Optimal objective  1.260427040e+04

Gurobi 11.0.3 (mac64[x86]) logging started Tue Mar 18 14:55:10 2025

Set parameter LogFile to value "Results/temp.log"
Set parameter TimeLimit to value 36000
Gurobi Optimizer version 11.0.3 build v11.0.3rc0 (mac64[x86] - Darwin 23.4.0 23E214)

CPU model: Intel(R) Core(TM) i7-1060NG7 CPU @ 1.20GHz
Thread count: 4 physical cores, 8 logical processors, using up to 8 threads

Optimize a model with 770232 rows, 893424 columns and 3038776 nonzeros
Model fingerprint: 0xcd1b8217
Coefficient statistics:
  Matrix range     [1e+00, 1e+00]
  Objective range  [6e-02, 5e+00]
  Bounds range     [0e+00, 0e+00]
  RHS range        [1e-02, 1e+03]
Presolve removed 634590 rows and 638792 columns
Presolve time: 3.12s
Presolved: 135642 rows, 254632 columns, 844228 nonzeros

Concurrent LP optimizer: dual simplex and barrier
Showing barrier log only...

Ordering time: 0.88s

Barrier statistics:
 AA' NZ     : 2.619e+05
 Factor NZ  : 6.271e+06 (roughly 100 MB of memory)
 Factor Ops : 6.358e+09 (less than 1 second per iteration)
 Threads    : 3

                  Objective                Residual
Iter       Primal          Dual         Primal    Dual     Compl     Time
   0  -2.24559623e+06  5.01597549e+07  6.60e+03 6.70e+00  9.67e+03     5s
   1  -5.01709184e+06  3.93749570e+07  1.86e+03 5.32e+00  2.86e+03     5s
   2  -4.99280684e+06  1.59209172e+07  3.69e+02 1.48e-01  4.32e+02     6s
   3  -2.93006388e+06  6.19468923e+06  1.50e+02 3.25e-02  1.62e+02     6s
   4  -5.80172774e+05  1.44149163e+06  1.88e+01 7.52e-04  2.49e+01     6s
   5  -1.12467044e+05  3.64000995e+05  2.69e+00 5.48e-05  4.75e+00     7s
   6  -7.93687001e+03  6.40100776e+04  1.51e-01 6.61e-13  5.90e-01     7s
   7   3.33444862e+03  3.10233398e+04  5.04e-02 2.24e-13  2.22e-01     7s
   8   1.04867447e+04  1.57562398e+04  4.08e-03 7.72e-14  4.08e-02     8s
   9   1.18762779e+04  1.35704924e+04  8.11e-04 9.59e-14  1.30e-02     8s
  10   1.23588708e+04  1.29283347e+04  1.61e-04 9.43e-14  4.36e-03     9s
  11   1.24915561e+04  1.27703874e+04  5.34e-05 1.05e-13  2.13e-03     9s
  12   1.25391262e+04  1.26961151e+04  2.30e-05 1.14e-13  1.20e-03     9s
  13   1.25618540e+04  1.26474997e+04  1.15e-05 2.24e-13  6.54e-04    10s
  14   1.25715995e+04  1.26256803e+04  7.36e-06 2.22e-13  4.14e-04    10s
  15   1.25811621e+04  1.26109795e+04  3.59e-06 2.66e-13  2.28e-04    10s
  16   1.25865945e+04  1.25984141e+04  1.68e-06 3.19e-13  9.07e-05    11s
  17   1.25900095e+04  1.25939300e+04  5.45e-07 2.44e-13  3.01e-05    11s
  18   1.25912195e+04  1.25922197e+04  1.64e-07 3.33e-13  7.71e-06    11s
  19   1.25915703e+04  1.25919028e+04  6.06e-08 4.32e-13  2.58e-06    12s
  20   1.25917664e+04  1.25918067e+04  5.02e-09 4.98e-13  3.11e-07    12s
  21   1.25917951e+04  1.25917956e+04  2.44e-10 5.40e-13  3.51e-09    13s
  22   1.25917954e+04  1.25917954e+04  5.80e-10 6.33e-13  1.80e-12    13s

Barrier solved model in 22 iterations and 13.23 seconds (8.73 work units)
Optimal objective 1.25917954e+04

Crossover log...

   21334 DPushes remaining with DInf 1.1812500e-02                13s
       0 DPushes remaining with DInf 1.1812500e-02                14s

    2130 PPushes remaining with PInf 0.0000000e+00                14s
       0 PPushes remaining with PInf 0.0000000e+00                14s

  Push phase complete: Pinf 0.0000000e+00, Dinf 2.0062500e-02     14s

Iteration    Objective       Primal Inf.    Dual Inf.      Time
   22964    1.2591795e+04   0.000000e+00   2.006250e-02     14s

Solved with barrier
Extra simplex iterations after uncrush: 3
   23072    1.2591795e+04   0.000000e+00   0.000000e+00     14s

Use crossover to convert LP symmetric solution to basic solution...
Crossover log...

    5837 DPushes remaining with DInf 0.0000000e+00                15s
       0 DPushes remaining with DInf 0.0000000e+00                15s

    1399 PPushes remaining with PInf 0.0000000e+00                15s
     369 PPushes remaining with PInf 0.0000000e+00                15s
       0 PPushes remaining with PInf 0.0000000e+00                15s

  Push phase complete: Pinf 0.0000000e+00, Dinf 4.7745141e-13     15s

Iteration    Objective       Primal Inf.    Dual Inf.      Time
   46073    1.2592103e+04   0.000000e+00   2.271461e+04     20s
   48703    1.2592156e+04   0.000000e+00   9.398320e+03     27s
   49149    1.2592163e+04   0.000000e+00   7.554552e+03     32s
   52054    1.2592191e+04   0.000000e+00   2.846022e+04     35s
   55122    1.2592226e+04   0.000000e+00   4.640744e+04     40s
   58409    1.2592252e+04   0.000000e+00   2.187661e+04     45s
   61770    1.2592268e+04   0.000000e+00   8.595857e+03     50s
   64446    1.2592281e+04   0.000000e+00   6.270711e+03     56s
   66676    1.2592290e+04   0.000000e+00   2.957426e+04     61s
Extra simplex iterations after uncrush: 37564

Stopped in 67536 iterations and 65.25 seconds (35.50 work units)
Solve interrupted

Gurobi 11.0.3 (mac64[x86]) logging started Tue Mar 18 14:57:15 2025

Set parameter LogFile to value "Results/temp.log"
Set parameter TimeLimit to value 36000
Gurobi Optimizer version 11.0.3 build v11.0.3rc0 (mac64[x86] - Darwin 23.4.0 23E214)

CPU model: Intel(R) Core(TM) i7-1060NG7 CPU @ 1.20GHz
Thread count: 4 physical cores, 8 logical processors, using up to 8 threads

Optimize a model with 770232 rows, 893424 columns and 3038776 nonzeros
Model fingerprint: 0xd5bab1d2
Coefficient statistics:
  Matrix range     [1e+00, 1e+00]
  Objective range  [6e-02, 5e+00]
  Bounds range     [0e+00, 0e+00]
  RHS range        [1e-02, 1e+03]
Presolve removed 634606 rows and 638824 columns
Presolve time: 2.59s
Presolved: 135626 rows, 254600 columns, 844228 nonzeros

Concurrent LP optimizer: dual simplex and barrier
Showing barrier log only...

Ordering time: 0.85s

Barrier statistics:
 AA' NZ     : 2.600e+05
 Factor NZ  : 6.489e+06 (roughly 100 MB of memory)
 Factor Ops : 6.605e+09 (less than 1 second per iteration)
 Threads    : 3

                  Objective                Residual
Iter       Primal          Dual         Primal    Dual     Compl     Time
   0  -2.24479685e+06  5.00959749e+07  6.22e+03 6.70e+00  9.79e+03     4s
   1  -5.08326285e+06  3.92274551e+07  1.78e+03 5.31e+00  2.87e+03     5s
   2  -5.04966161e+06  1.55545872e+07  3.96e+02 1.45e-01  4.44e+02     5s
   3  -2.80908983e+06  3.60715349e+06  1.46e+02 1.09e-02  1.36e+02     5s
   4  -3.37245918e+05  1.00732575e+06  1.46e+01 7.98e-04  1.79e+01     6s
   5  -5.74895652e+04  2.79173348e+05  1.60e+00 2.25e-05  3.24e+00     6s
   6  -6.25356861e+02  5.19865471e+04  9.15e-02 2.77e-13  4.23e-01     6s
   7   7.94478241e+03  1.69739878e+04  1.23e-02 7.35e-14  7.09e-02     7s
   8   1.07264565e+04  1.25721068e+04  1.10e-03 1.08e-13  1.42e-02     7s
   9   1.11675175e+04  1.20776456e+04  3.81e-04 1.07e-13  6.99e-03     8s
  10   1.13297774e+04  1.17029310e+04  1.52e-04 1.23e-13  2.87e-03     8s
  11   1.14143990e+04  1.15913864e+04  6.15e-05 1.52e-13  1.36e-03     9s
  12   1.14431257e+04  1.15387806e+04  3.74e-05 1.25e-13  7.38e-04     9s
  13   1.14722690e+04  1.15011611e+04  1.44e-05 1.25e-13  2.24e-04     9s
  14   1.14866804e+04  1.14923834e+04  3.02e-06 1.41e-13  4.44e-05    10s
  15   1.14894681e+04  1.14911565e+04  9.75e-07 1.43e-13  1.32e-05    10s
  16   1.14903571e+04  1.14909829e+04  3.31e-07 2.01e-13  4.89e-06    10s
  17   1.14906936e+04  1.14909080e+04  9.96e-08 1.68e-13  1.67e-06    11s
  18   1.14908323e+04  1.14908636e+04  1.37e-08 2.82e-13  2.44e-07    11s
  19   1.14908566e+04  1.14908576e+04  3.39e-10 2.65e-13  7.73e-09    11s

Barrier performed 19 iterations in 11.36 seconds (8.29 work units)
Barrier solve interrupted - model solved by another algorithm


Solved with dual simplex
Extra simplex iterations after uncrush: 2
Iteration    Objective       Primal Inf.    Dual Inf.      Time
   72198    1.1490857e+04   0.000000e+00   0.000000e+00     11s

Use crossover to convert LP symmetric solution to basic solution...
Crossover log...

    3529 DPushes remaining with DInf 0.0000000e+00                12s
       0 DPushes remaining with DInf 0.0000000e+00                12s

    2357 PPushes remaining with PInf 0.0000000e+00                12s
       0 PPushes remaining with PInf 0.0000000e+00                12s

  Push phase complete: Pinf 0.0000000e+00, Dinf 6.0756955e-13     12s

Iteration    Objective       Primal Inf.    Dual Inf.      Time
   92726    1.1491128e+04   0.000000e+00   1.408675e+04     15s
  100348    1.1491207e+04   0.000000e+00   4.952316e+03     20s
  104413    1.1491225e+04   0.000000e+00   9.302802e+02     25s
  108998    1.1491238e+04   0.000000e+00   4.482140e+02     30s
Extra simplex iterations after uncrush: 34497
  112427    1.1490857e+04   0.000000e+00   0.000000e+00     35s

Solved in 112427 iterations and 34.57 seconds (25.89 work units)
Optimal objective  1.149085679e+04

Gurobi 11.0.3 (mac64[x86]) logging started Tue Mar 18 18:57:00 2025

Set parameter LogFile to value "Results/temp.log"
Set parameter TimeLimit to value 36000
Gurobi Optimizer version 11.0.3 build v11.0.3rc0 (mac64[x86] - Darwin 23.4.0 23E214)

CPU model: Intel(R) Core(TM) i7-1060NG7 CPU @ 1.20GHz
Thread count: 4 physical cores, 8 logical processors, using up to 8 threads

Optimize a model with 770232 rows, 893424 columns and 3038776 nonzeros
Model fingerprint: 0xd5bab1d2
Coefficient statistics:
  Matrix range     [1e+00, 1e+00]
  Objective range  [6e-02, 5e+00]
  Bounds range     [0e+00, 0e+00]
  RHS range        [1e-02, 1e+03]
Presolve removed 634606 rows and 638824 columns
Presolve time: 3.76s
Presolved: 135626 rows, 254600 columns, 844228 nonzeros

Concurrent LP optimizer: dual simplex and barrier
Showing barrier log only...

Ordering time: 1.04s

Barrier statistics:
 AA' NZ     : 2.600e+05
 Factor NZ  : 6.489e+06 (roughly 100 MB of memory)
 Factor Ops : 6.605e+09 (less than 1 second per iteration)
 Threads    : 3

                  Objective                Residual
Iter       Primal          Dual         Primal    Dual     Compl     Time
   0  -2.24858562e+06  5.00955375e+07  6.23e+03 6.70e+00  9.81e+03     6s
   1  -5.09158766e+06  3.92380182e+07  1.78e+03 5.31e+00  2.88e+03     6s
   2  -5.05694292e+06  1.55678538e+07  3.97e+02 1.44e-01  4.45e+02     7s
   3  -2.81188458e+06  3.61794292e+06  1.46e+02 1.08e-02  1.37e+02     7s
   4  -3.37291554e+05  1.00924734e+06  1.45e+01 8.00e-04  1.79e+01     7s
   5  -5.75993219e+04  2.79345830e+05  1.60e+00 2.20e-05  3.24e+00     8s
   6  -6.41599446e+02  5.19426271e+04  9.19e-02 2.84e-13  4.23e-01     8s
   7   7.94933588e+03  1.69850733e+04  1.23e-02 7.02e-14  7.10e-02     9s
   8   1.07571383e+04  1.26682293e+04  9.60e-04 1.01e-13  1.47e-02     9s
   9   1.10985490e+04  1.20938699e+04  4.37e-04 9.81e-14  7.65e-03    10s
  10   1.12885009e+04  1.18331768e+04  1.86e-04 8.94e-14  4.18e-03    10s
  11   1.13978138e+04  1.16019234e+04  6.80e-05 1.14e-13  1.57e-03    11s
  12   1.14379414e+04  1.15398650e+04  3.87e-05 1.22e-13  7.87e-04    11s
  13   1.14650934e+04  1.15112279e+04  1.92e-05 2.30e-13  3.58e-04    12s
  14   1.14853170e+04  1.14947449e+04  3.46e-06 1.67e-13  7.31e-05    12s
  15   1.14888804e+04  1.14926311e+04  1.15e-06 2.06e-13  2.90e-05    13s
  16   1.14899394e+04  1.14913338e+04  4.98e-07 2.65e-13  1.08e-05    13s
  17   1.14903618e+04  1.14910808e+04  2.60e-07 2.07e-13  5.59e-06    14s
  18   1.14907012e+04  1.14909881e+04  7.77e-08 2.13e-13  2.22e-06    14s
  19   1.14908307e+04  1.14908699e+04  9.48e-09 2.38e-13  3.03e-07    15s

Barrier performed 19 iterations in 14.76 seconds (8.28 work units)
Barrier solve interrupted - model solved by another algorithm


Solved with dual simplex
Extra simplex iterations after uncrush: 2
Iteration    Objective       Primal Inf.    Dual Inf.      Time
   72198    1.1490857e+04   0.000000e+00   0.000000e+00     15s

Use crossover to convert LP symmetric solution to basic solution...
Crossover log...

    3529 DPushes remaining with DInf 0.0000000e+00                15s
       0 DPushes remaining with DInf 0.0000000e+00                15s

    2357 PPushes remaining with PInf 0.0000000e+00                15s
       0 PPushes remaining with PInf 0.0000000e+00                15s

  Push phase complete: Pinf 0.0000000e+00, Dinf 6.0756955e-13     15s

Iteration    Objective       Primal Inf.    Dual Inf.      Time
   93357    1.1491143e+04   0.000000e+00   2.750805e+04     20s
  100348    1.1491207e+04   0.000000e+00   4.952316e+03     25s
  104413    1.1491225e+04   0.000000e+00   9.302802e+02     30s
  108552    1.1491238e+04   0.000000e+00   3.162984e+02     36s
  112256    1.1491239e+04   0.000000e+00   1.487500e-02     40s
Extra simplex iterations after uncrush: 34497
  112427    1.1490857e+04   0.000000e+00   0.000000e+00     41s

Solved in 112427 iterations and 41.11 seconds (25.89 work units)
Optimal objective  1.149085679e+04

Gurobi 11.0.3 (mac64[x86]) logging started Tue Mar 18 20:32:38 2025

Set parameter LogFile to value "Results/temp.log"
Set parameter TimeLimit to value 36000
Gurobi Optimizer version 11.0.3 build v11.0.3rc0 (mac64[x86] - Darwin 23.4.0 23E214)

CPU model: Intel(R) Core(TM) i7-1060NG7 CPU @ 1.20GHz
Thread count: 4 physical cores, 8 logical processors, using up to 8 threads

Optimize a model with 770232 rows, 893424 columns and 3038776 nonzeros
Model fingerprint: 0x6d7702b9
Coefficient statistics:
  Matrix range     [1e+00, 1e+00]
  Objective range  [6e-02, 5e+00]
  Bounds range     [0e+00, 0e+00]
  RHS range        [1e-02, 1e+03]
Presolve removed 533584 rows and 491896 columns
Presolve time: 2.53s

Solved in 0 iterations and 2.53 seconds (0.60 work units)
Infeasible or unbounded model

Gurobi 11.0.3 (mac64[x86]) logging started Tue Mar 18 20:40:13 2025

Set parameter LogFile to value "Results/temp.log"
Set parameter TimeLimit to value 36000
Gurobi Optimizer version 11.0.3 build v11.0.3rc0 (mac64[x86] - Darwin 23.4.0 23E214)

CPU model: Intel(R) Core(TM) i7-1060NG7 CPU @ 1.20GHz
Thread count: 4 physical cores, 8 logical processors, using up to 8 threads

Optimize a model with 770360 rows, 894768 columns and 3041848 nonzeros
Model fingerprint: 0x551b30f0
Coefficient statistics:
  Matrix range     [1e+00, 1e+00]
  Objective range  [6e-02, 5e+00]
  Bounds range     [0e+00, 0e+00]
  RHS range        [1e-02, 1e+03]
Presolve removed 633630 rows and 638294 columns
Presolve time: 3.13s
Presolved: 136730 rows, 256474 columns, 850927 nonzeros

Concurrent LP optimizer: dual simplex and barrier
Showing barrier log only...

Ordering time: 2.30s

Barrier statistics:
 AA' NZ     : 3.208e+05
 Factor NZ  : 8.472e+06 (roughly 130 MB of memory)
 Factor Ops : 1.025e+10 (less than 1 second per iteration)
 Threads    : 3

                  Objective                Residual
Iter       Primal          Dual         Primal    Dual     Compl     Time
   0  -2.98116125e+06  5.74165702e+07  8.65e+03 6.70e+00  1.34e+04     7s
   1  -8.29462222e+06  4.63679619e+07  1.36e+03 2.71e+00  2.32e+03     7s
   2  -6.99917750e+06  1.61082946e+07  2.86e+02 8.49e-02  3.62e+02     7s
   3  -1.79244449e+06  2.97652981e+06  4.42e+01 3.95e-03  5.74e+01     8s
   4  -2.81231104e+05  6.50100813e+05  5.71e+00 7.56e-05  8.81e+00     8s
   5  -4.90000767e+04  2.65827498e+05  7.87e-01 7.43e-13  2.32e+00     9s
   6  -1.47143885e+02  4.48353766e+04  4.33e-02 2.13e-13  2.97e-01    10s
   7   8.75538238e+03  1.73343614e+04  4.59e-03 8.75e-14  5.55e-02    10s
   8   1.10573729e+04  1.29605084e+04  4.43e-04 1.05e-13  1.22e-02    11s
   9   1.13481273e+04  1.24077530e+04  2.31e-04 1.23e-13  6.79e-03    12s
  10   1.15780977e+04  1.20075278e+04  6.67e-05 1.39e-13  2.75e-03    12s
  11   1.16597549e+04  1.18712567e+04  2.63e-05 2.00e-13  1.35e-03    14s
  12   1.16800193e+04  1.18132589e+04  1.91e-05 1.97e-13  8.54e-04    16s
  13   1.17005409e+04  1.17786195e+04  1.24e-05 1.66e-13  5.01e-04    17s
  14   1.17313518e+04  1.17460466e+04  1.48e-06 2.32e-13  9.42e-05    19s
  15   1.17355142e+04  1.17415595e+04  4.84e-07 2.57e-13  3.87e-05    19s
  16   1.17367308e+04  1.17403123e+04  2.19e-07 3.84e-13  2.29e-05    20s
  17   1.17372620e+04  1.17384150e+04  1.09e-07 3.07e-13  7.41e-06    21s
  18   1.17376747e+04  1.17380079e+04  2.70e-08 3.29e-13  2.14e-06    22s

Barrier performed 18 iterations in 22.95 seconds (10.95 work units)
Barrier solve interrupted - model solved by another algorithm


Solved with dual simplex
Extra simplex iterations after uncrush: 2
Iteration    Objective       Primal Inf.    Dual Inf.      Time
   90969    1.1737834e+04   0.000000e+00   0.000000e+00     23s

Use crossover to convert LP symmetric solution to basic solution...
Crossover log...

    3712 DPushes remaining with DInf 0.0000000e+00                24s
       0 DPushes remaining with DInf 0.0000000e+00                24s

    2792 PPushes remaining with PInf 0.0000000e+00                24s
       0 PPushes remaining with PInf 0.0000000e+00                24s

  Push phase complete: Pinf 0.0000000e+00, Dinf 7.8492768e-13     24s

Iteration    Objective       Primal Inf.    Dual Inf.      Time
   97389    1.1737834e+04   0.000000e+00   4.823120e+03     26s
  107294    1.1737990e+04   0.000000e+00   2.273666e+04     30s
  110324    1.1738059e+04   0.000000e+00   2.148225e+04     36s
  112354    1.1738089e+04   0.000000e+00   1.807188e+04     40s
  116205    1.1738118e+04   0.000000e+00   4.561846e+03     45s
  119236    1.1738132e+04   0.000000e+00   2.625876e+03     51s
  121029    1.1738138e+04   0.000000e+00   1.382491e+04     55s
  123838    1.1738145e+04   0.000000e+00   3.612225e+03     60s
  127016    1.1738146e+04   0.000000e+00   1.253684e+01     65s
  129589    1.1737834e+04   0.000000e+00   0.000000e+00     71s
Extra simplex iterations after uncrush: 32200

Solved in 129589 iterations and 71.34 seconds (30.73 work units)
Optimal objective  1.173783381e+04
